srun: job 22309240 queued and waiting for resources
srun: job 22309240 has been allocated resources
ID:     scratch/MC43.env
FQ1:    input/MC43_1.fastq.gz
FQ2:    input/MC43_2.fastq.gz
REF:    scratch/env.hmm
CPU:    4
REGION: pol
STOPC:  
### STAGE 1: PEAR ###
 ____  _____    _    ____ 
|  _ \| ____|  / \  |  _ \
| |_) |  _|   / _ \ | |_) |
|  __/| |___ / ___ \|  _ <
|_|   |_____/_/   \_\_| \_\

PEAR v0.9.11 [Nov 5, 2017]

Citation - PEAR: a fast and accurate Illumina Paired-End reAd mergeR
Zhang et al (2014) Bioinformatics 30(5): 614-620 | doi:10.1093/bioinformatics/btt593

Forward reads file.................: input/MC43_1.fastq.gz
Reverse reads file.................: input/MC43_2.fastq.gz
PHRED..............................: 33
Using empirical frequencies........: YES
Statistical method.................: OES
Maximum assembly length............: 999999
Minimum assembly length............: 50
p-value............................: 0.010000
Quality score threshold (trimming).: 0
Minimum read size after trimming...: 1
Maximal ratio of uncalled bases....: 1.000000
Minimum overlap....................: 10
Scoring method.....................: Scaled score
Threads............................: 4

Allocating memory..................: 3,221,225,472 bytes
Computing empirical frequencies....: DONE
  A: 0.292052
  C: 0.208528
  G: 0.208776
  T: 0.290644
  89637 uncalled bases
Assemblying reads: 0%Assemblying reads: 100%

Assembled reads ...................: 462,584 / 516,577 (89.548%)
Discarded reads ...................: 1,285 / 516,577 (0.249%)
Not assembled reads ...............: 52,708 / 516,577 (10.203%)
Assembled reads file...............: scratch/MC43.env.pear.assembled.fastq
Discarded reads file...............: scratch/MC43.env.pear.discarded.fastq
Unassembled forward reads file.....: scratch/MC43.env.pear.unassembled.forward.fastq
Unassembled reverse reads file.....: scratch/MC43.env.pear.unassembled.reverse.fastq
### STAGE 2: FASTX_COLLAPSER ###
### STAGE 3: TRANSLATE ###
/users/mhowison/anaconda3/envs/hiv-profile-sampling/lib/python3.6/site-packages/Bio/Seq.py:2423: BiopythonWarning: Partial codon, len(sequence) not a multiple of three. Explicitly trim the sequence or add trailing N before translation. This may become an error in future.
  BiopythonWarning)
nreads 434098
nskipped N 2
nskipped * 69097
### STAGE 4: HMMSEARCH, ROUND 1 ###
# hmmbuild :: profile HMM construction from multiple sequence alignments
# HMMER 3.2.1 (June 2018); http://hmmer.org/
# Copyright (C) 2018 Howard Hughes Medical Institute.
# Freely distributed under the BSD open source license.
# - - - - - - - - - - - - - - - - - - - - - - - - - - - - - - - - - - - -
# input alignment file:             scratch/MC43.env.hmmsearch1.sto
# output HMM file:                  scratch/MC43.env.hmmsearch1.hmm
# number of worker threads:         4
# - - - - - - - - - - - - - - - - - - - - - - - - - - - - - - - - - - - -

# idx name                  nseq  alen  mlen eff_nseq re/pos description
#---- -------------------- ----- ----- ----- -------- ------ -----------
1     env                  62532   899   851     9.19  0.590 

# CPU time: 4.89u 0.36s 00:00:05.25 Elapsed: 00:00:05.25
### STAGE 5: HMMSEARCH, ROUND 2 ###
# hmmbuild :: profile HMM construction from multiple sequence alignments
# HMMER 3.2.1 (June 2018); http://hmmer.org/
# Copyright (C) 2018 Howard Hughes Medical Institute.
# Freely distributed under the BSD open source license.
# - - - - - - - - - - - - - - - - - - - - - - - - - - - - - - - - - - - -
# input alignment file:             scratch/MC43.env.hmmsearch2.sto
# output HMM file:                  scratch/MC43.env.hmmsearch2.hmm
# number of worker threads:         4
# - - - - - - - - - - - - - - - - - - - - - - - - - - - - - - - - - - - -

# idx name                  nseq  alen  mlen eff_nseq re/pos description
#---- -------------------- ----- ----- ----- -------- ------ -----------
1     env                  65067   936   852     9.89  0.590 

# CPU time: 5.10u 0.39s 00:00:05.48 Elapsed: 00:00:05.49
### STAGE 6: CODON TABLE ###
/users/mhowison/anaconda3/envs/hiv-profile-sampling/lib/python3.6/site-packages/Bio/SearchIO/__init__.py:211: BiopythonExperimentalWarning: Bio.SearchIO is an experimental submodule which may undergo significant changes prior to its future official release.
  BiopythonExperimentalWarning)
indexed reads
parsed hmmer
hsps: {1: 66027, 2: 9}
constructed codon table
/users/mhowison/anaconda3/envs/hiv-profile-sampling/lib/python3.6/site-packages/Bio/SearchIO/__init__.py:211: BiopythonExperimentalWarning: Bio.SearchIO is an experimental submodule which may undergo significant changes prior to its future official release.
  BiopythonExperimentalWarning)
indexed reads
parsed hmmer
hsps: {1: 302615, 2: 4472}
constructed codon table
### FINISHED ###
