srun: job 22309577 queued and waiting for resources
srun: job 22309577 has been allocated resources
ID:     scratch/MC19.pol
FQ1:    input/MC19_1.fastq.gz
FQ2:    input/MC19_2.fastq.gz
REF:    scratch/pol.hmm
CPU:    4
REGION: pol
STOPC:  
### STAGE 1: PEAR ###
 ____  _____    _    ____ 
|  _ \| ____|  / \  |  _ \
| |_) |  _|   / _ \ | |_) |
|  __/| |___ / ___ \|  _ <
|_|   |_____/_/   \_\_| \_\

PEAR v0.9.11 [Nov 5, 2017]

Citation - PEAR: a fast and accurate Illumina Paired-End reAd mergeR
Zhang et al (2014) Bioinformatics 30(5): 614-620 | doi:10.1093/bioinformatics/btt593

Forward reads file.................: input/MC19_1.fastq.gz
Reverse reads file.................: input/MC19_2.fastq.gz
PHRED..............................: 33
Using empirical frequencies........: YES
Statistical method.................: OES
Maximum assembly length............: 999999
Minimum assembly length............: 50
p-value............................: 0.010000
Quality score threshold (trimming).: 0
Minimum read size after trimming...: 1
Maximal ratio of uncalled bases....: 1.000000
Minimum overlap....................: 10
Scoring method.....................: Scaled score
Threads............................: 4

Allocating memory..................: 3,221,225,472 bytes
Computing empirical frequencies....: DONE
  A: 0.301581
  C: 0.200526
  G: 0.199760
  T: 0.298133
  58905 uncalled bases
Assemblying reads: 0%Assemblying reads: 100%

Assembled reads ...................: 397,337 / 502,747 (79.033%)
Discarded reads ...................: 844 / 502,747 (0.168%)
Not assembled reads ...............: 104,566 / 502,747 (20.799%)
Assembled reads file...............: scratch/MC19.pol.pear.assembled.fastq
Discarded reads file...............: scratch/MC19.pol.pear.discarded.fastq
Unassembled forward reads file.....: scratch/MC19.pol.pear.unassembled.forward.fastq
Unassembled reverse reads file.....: scratch/MC19.pol.pear.unassembled.reverse.fastq
### STAGE 2: FASTX_COLLAPSER ###
### STAGE 3: TRANSLATE ###
/users/mhowison/anaconda3/envs/hiv-profile-sampling/lib/python3.6/site-packages/Bio/Seq.py:2423: BiopythonWarning: Partial codon, len(sequence) not a multiple of three. Explicitly trim the sequence or add trailing N before translation. This may become an error in future.
  BiopythonWarning)
nreads 447460
nskipped N 1
nskipped * 119205
### STAGE 4: HMMSEARCH, ROUND 1 ###
# hmmbuild :: profile HMM construction from multiple sequence alignments
# HMMER 3.2.1 (June 2018); http://hmmer.org/
# Copyright (C) 2018 Howard Hughes Medical Institute.
# Freely distributed under the BSD open source license.
# - - - - - - - - - - - - - - - - - - - - - - - - - - - - - - - - - - - -
# input alignment file:             scratch/MC19.pol.hmmsearch1.sto
# output HMM file:                  scratch/MC19.pol.hmmsearch1.hmm
# number of worker threads:         4
# - - - - - - - - - - - - - - - - - - - - - - - - - - - - - - - - - - - -

# idx name                  nseq  alen  mlen eff_nseq re/pos description
#---- -------------------- ----- ----- ----- -------- ------ -----------
1     pol                  142822  1037   962     8.82  0.590 

# CPU time: 12.33u 1.04s 00:00:13.37 Elapsed: 00:00:13.37
### STAGE 5: HMMSEARCH, ROUND 2 ###
# hmmbuild :: profile HMM construction from multiple sequence alignments
# HMMER 3.2.1 (June 2018); http://hmmer.org/
# Copyright (C) 2018 Howard Hughes Medical Institute.
# Freely distributed under the BSD open source license.
# - - - - - - - - - - - - - - - - - - - - - - - - - - - - - - - - - - - -
# input alignment file:             scratch/MC19.pol.hmmsearch2.sto
# output HMM file:                  scratch/MC19.pol.hmmsearch2.hmm
# number of worker threads:         4
# - - - - - - - - - - - - - - - - - - - - - - - - - - - - - - - - - - - -

# idx name                  nseq  alen  mlen eff_nseq re/pos description
#---- -------------------- ----- ----- ----- -------- ------ -----------
1     pol                  142462  1000   962     9.01  0.590 

# CPU time: 10.82u 0.95s 00:00:11.77 Elapsed: 00:00:11.76
### STAGE 6: CODON TABLE ###
/users/mhowison/anaconda3/envs/hiv-profile-sampling/lib/python3.6/site-packages/Bio/SearchIO/__init__.py:211: BiopythonExperimentalWarning: Bio.SearchIO is an experimental submodule which may undergo significant changes prior to its future official release.
  BiopythonExperimentalWarning)
indexed reads
parsed hmmer
hsps: {1: 146232, 2: 125}
constructed codon table
/gpfs_home/mhowison/code/hivmmer/scripts/hivmmer-codons:142: RuntimeWarning: divide by zero encountered in true_divide
  norm = 1.0 / cov
/users/mhowison/anaconda3/envs/hiv-profile-sampling/lib/python3.6/site-packages/Bio/SearchIO/__init__.py:211: BiopythonExperimentalWarning: Bio.SearchIO is an experimental submodule which may undergo significant changes prior to its future official release.
  BiopythonExperimentalWarning)
indexed reads
parsed hmmer
hsps: {1: 313633, 2: 2613}
constructed codon table
### FINISHED ###
