srun: job 22309481 queued and waiting for resources
srun: job 22309481 has been allocated resources
ID:     scratch/MC46.pol
FQ1:    input/MC46_1.fastq.gz
FQ2:    input/MC46_2.fastq.gz
REF:    scratch/pol.hmm
CPU:    4
REGION: pol
STOPC:  
### STAGE 1: PEAR ###
 ____  _____    _    ____ 
|  _ \| ____|  / \  |  _ \
| |_) |  _|   / _ \ | |_) |
|  __/| |___ / ___ \|  _ <
|_|   |_____/_/   \_\_| \_\

PEAR v0.9.11 [Nov 5, 2017]

Citation - PEAR: a fast and accurate Illumina Paired-End reAd mergeR
Zhang et al (2014) Bioinformatics 30(5): 614-620 | doi:10.1093/bioinformatics/btt593

Forward reads file.................: input/MC46_1.fastq.gz
Reverse reads file.................: input/MC46_2.fastq.gz
PHRED..............................: 33
Using empirical frequencies........: YES
Statistical method.................: OES
Maximum assembly length............: 999999
Minimum assembly length............: 50
p-value............................: 0.010000
Quality score threshold (trimming).: 0
Minimum read size after trimming...: 1
Maximal ratio of uncalled bases....: 1.000000
Minimum overlap....................: 10
Scoring method.....................: Scaled score
Threads............................: 4

Allocating memory..................: 3,221,225,472 bytes
Computing empirical frequencies....: DONE
  A: 0.279556
  C: 0.221102
  G: 0.221207
  T: 0.278135
  47145 uncalled bases
Assemblying reads: 0%Assemblying reads: 100%

Assembled reads ...................: 549,836 / 586,122 (93.809%)
Discarded reads ...................: 677 / 586,122 (0.116%)
Not assembled reads ...............: 35,609 / 586,122 (6.075%)
Assembled reads file...............: scratch/MC46.pol.pear.assembled.fastq
Discarded reads file...............: scratch/MC46.pol.pear.discarded.fastq
Unassembled forward reads file.....: scratch/MC46.pol.pear.unassembled.forward.fastq
Unassembled reverse reads file.....: scratch/MC46.pol.pear.unassembled.reverse.fastq
### STAGE 2: FASTX_COLLAPSER ###
### STAGE 3: TRANSLATE ###
/users/mhowison/anaconda3/envs/hiv-profile-sampling/lib/python3.6/site-packages/Bio/Seq.py:2423: BiopythonWarning: Partial codon, len(sequence) not a multiple of three. Explicitly trim the sequence or add trailing N before translation. This may become an error in future.
  BiopythonWarning)
nreads 488190
nskipped N 1
nskipped * 104327
### STAGE 4: HMMSEARCH, ROUND 1 ###
# hmmbuild :: profile HMM construction from multiple sequence alignments
# HMMER 3.2.1 (June 2018); http://hmmer.org/
# Copyright (C) 2018 Howard Hughes Medical Institute.
# Freely distributed under the BSD open source license.
# - - - - - - - - - - - - - - - - - - - - - - - - - - - - - - - - - - - -
# input alignment file:             scratch/MC46.pol.hmmsearch1.sto
# output HMM file:                  scratch/MC46.pol.hmmsearch1.hmm
# number of worker threads:         4
# - - - - - - - - - - - - - - - - - - - - - - - - - - - - - - - - - - - -

# idx name                  nseq  alen  mlen eff_nseq re/pos description
#---- -------------------- ----- ----- ----- -------- ------ -----------
1     pol                  62006  1010   993    10.06  0.590 

# CPU time: 6.57u 0.40s 00:00:06.97 Elapsed: 00:00:06.97
### STAGE 5: HMMSEARCH, ROUND 2 ###
# hmmbuild :: profile HMM construction from multiple sequence alignments
# HMMER 3.2.1 (June 2018); http://hmmer.org/
# Copyright (C) 2018 Howard Hughes Medical Institute.
# Freely distributed under the BSD open source license.
# - - - - - - - - - - - - - - - - - - - - - - - - - - - - - - - - - - - -
# input alignment file:             scratch/MC46.pol.hmmsearch2.sto
# output HMM file:                  scratch/MC46.pol.hmmsearch2.hmm
# number of worker threads:         4
# - - - - - - - - - - - - - - - - - - - - - - - - - - - - - - - - - - - -

# idx name                  nseq  alen  mlen eff_nseq re/pos description
#---- -------------------- ----- ----- ----- -------- ------ -----------
1     pol                  61849  1000   993    10.32  0.590 

# CPU time: 6.53u 0.38s 00:00:06.91 Elapsed: 00:00:06.91
### STAGE 6: CODON TABLE ###
/users/mhowison/anaconda3/envs/hiv-profile-sampling/lib/python3.6/site-packages/Bio/SearchIO/__init__.py:211: BiopythonExperimentalWarning: Bio.SearchIO is an experimental submodule which may undergo significant changes prior to its future official release.
  BiopythonExperimentalWarning)
indexed reads
parsed hmmer
hsps: {1: 63937, 2: 20}
constructed codon table
/gpfs_home/mhowison/code/hivmmer/scripts/hivmmer-codons:142: RuntimeWarning: divide by zero encountered in true_divide
  norm = 1.0 / cov
/users/mhowison/anaconda3/envs/hiv-profile-sampling/lib/python3.6/site-packages/Bio/SearchIO/__init__.py:211: BiopythonExperimentalWarning: Bio.SearchIO is an experimental submodule which may undergo significant changes prior to its future official release.
  BiopythonExperimentalWarning)
indexed reads
parsed hmmer
hsps: {1: 332174, 2: 1533}
constructed codon table
### FINISHED ###
