srun: job 229904 queued and waiting for resources
srun: job 229904 has been allocated resources
ID:     scratch/hivmmer/gag/MC14
FQ1:    input/MC14_1.fastq.gz
FQ2:    input/MC14_2.fastq.gz
REF:    scratch/reference/gag.hmm
CPU:    4
REGION: pol
STOPC:  
### STAGE 1: PEAR ###
 ____  _____    _    ____ 
|  _ \| ____|  / \  |  _ \
| |_) |  _|   / _ \ | |_) |
|  __/| |___ / ___ \|  _ <
|_|   |_____/_/   \_\_| \_\

PEAR v0.9.11 [Nov 5, 2017]

Citation - PEAR: a fast and accurate Illumina Paired-End reAd mergeR
Zhang et al (2014) Bioinformatics 30(5): 614-620 | doi:10.1093/bioinformatics/btt593

Forward reads file.................: input/MC14_1.fastq.gz
Reverse reads file.................: input/MC14_2.fastq.gz
PHRED..............................: 33
Using empirical frequencies........: YES
Statistical method.................: OES
Maximum assembly length............: 999999
Minimum assembly length............: 50
p-value............................: 0.010000
Quality score threshold (trimming).: 0
Minimum read size after trimming...: 1
Maximal ratio of uncalled bases....: 1.000000
Minimum overlap....................: 10
Scoring method.....................: Scaled score
Threads............................: 4

Allocating memory..................: 3,221,225,472 bytes
Computing empirical frequencies....: DONE
  A: 0.298271
  C: 0.203639
  G: 0.203625
  T: 0.294466
  34300 uncalled bases
Assemblying reads: 0%Assemblying reads: 100%

Assembled reads ...................: 493,857 / 595,269 (82.964%)
Discarded reads ...................: 492 / 595,269 (0.083%)
Not assembled reads ...............: 100,920 / 595,269 (16.954%)
Assembled reads file...............: scratch/hivmmer/gag/MC14.pear.assembled.fastq
Discarded reads file...............: scratch/hivmmer/gag/MC14.pear.discarded.fastq
Unassembled forward reads file.....: scratch/hivmmer/gag/MC14.pear.unassembled.forward.fastq
Unassembled reverse reads file.....: scratch/hivmmer/gag/MC14.pear.unassembled.reverse.fastq
### STAGE 2: FASTX_COLLAPSER ###
### STAGE 3: TRANSLATE ###
/users/mhowison/anaconda3/envs/hiv-profile-sampling/lib/python3.6/site-packages/Bio/Seq.py:2423: BiopythonWarning: Partial codon, len(sequence) not a multiple of three. Explicitly trim the sequence or add trailing N before translation. This may become an error in future.
  BiopythonWarning)
nreads 607454
nskipped N 1
nskipped * 178547
### STAGE 4: HMMSEARCH, ROUND 1 ###
# hmmbuild :: profile HMM construction from multiple sequence alignments
# HMMER 3.2.1 (June 2018); http://hmmer.org/
# Copyright (C) 2018 Howard Hughes Medical Institute.
# Freely distributed under the BSD open source license.
# - - - - - - - - - - - - - - - - - - - - - - - - - - - - - - - - - - - -
# input alignment file:             scratch/hivmmer/gag/MC14.hmmsearch1.sto
# output HMM file:                  scratch/hivmmer/gag/MC14.hmmsearch1.hmm
# number of worker threads:         4
# - - - - - - - - - - - - - - - - - - - - - - - - - - - - - - - - - - - -

# idx name                  nseq  alen  mlen eff_nseq re/pos description
#---- -------------------- ----- ----- ----- -------- ------ -----------
1     gag                  18488   530   503     5.65  0.590 

# CPU time: 1.17u 0.06s 00:00:01.23 Elapsed: 00:00:01.24
### STAGE 5: HMMSEARCH, ROUND 2 ###
# hmmbuild :: profile HMM construction from multiple sequence alignments
# HMMER 3.2.1 (June 2018); http://hmmer.org/
# Copyright (C) 2018 Howard Hughes Medical Institute.
# Freely distributed under the BSD open source license.
# - - - - - - - - - - - - - - - - - - - - - - - - - - - - - - - - - - - -
# input alignment file:             scratch/hivmmer/gag/MC14.hmmsearch2.sto
# output HMM file:                  scratch/hivmmer/gag/MC14.hmmsearch2.hmm
# number of worker threads:         4
# - - - - - - - - - - - - - - - - - - - - - - - - - - - - - - - - - - - -

# idx name                  nseq  alen  mlen eff_nseq re/pos description
#---- -------------------- ----- ----- ----- -------- ------ -----------
1     gag                  18591   510   502     5.78  0.590 

# CPU time: 1.16u 0.06s 00:00:01.22 Elapsed: 00:00:01.23
### STAGE 6: CODON TABLE ###
/users/mhowison/anaconda3/envs/hiv-profile-sampling/lib/python3.6/site-packages/Bio/SearchIO/__init__.py:211: BiopythonExperimentalWarning: Bio.SearchIO is an experimental submodule which may undergo significant changes prior to its future official release.
  BiopythonExperimentalWarning)
indexed reads
parsed hmmer
hsps: {1: 18730, 2: 7}
constructed codon table
/users/mhowison/anaconda3/envs/hiv-profile-sampling/lib/python3.6/site-packages/Bio/SearchIO/__init__.py:211: BiopythonExperimentalWarning: Bio.SearchIO is an experimental submodule which may undergo significant changes prior to its future official release.
  BiopythonExperimentalWarning)
indexed reads
parsed hmmer
hsps: {1: 257732, 2: 11991, 3: 51}
constructed codon table
### FINISHED ###
