srun: job 264538 queued and waiting for resources
srun: job 264538 has been allocated resources
Warning, you specified a working directory via "-w"
Keep in mind that RAxML only accepts absolute path names, not relative ones!

RAxML can't, parse the alignment file as phylip file 
it will now try to parse it as FASTA file



Using BFGS method to optimize GTR rate parameters, to disable this specify "--no-bfgs" 


This is the RAxML Master Pthread

This is RAxML Worker Pthread Number: 2

This is RAxML Worker Pthread Number: 6

This is RAxML Worker Pthread Number: 4

This is RAxML Worker Pthread Number: 5

This is RAxML Worker Pthread Number: 3

This is RAxML Worker Pthread Number: 1

This is RAxML Worker Pthread Number: 7

This is RAxML Worker Pthread Number: 8

This is RAxML Worker Pthread Number: 11

This is RAxML Worker Pthread Number: 9

This is RAxML Worker Pthread Number: 10

This is RAxML Worker Pthread Number: 12

This is RAxML Worker Pthread Number: 13

This is RAxML Worker Pthread Number: 14

This is RAxML Worker Pthread Number: 15

This is RAxML Worker Pthread Number: 16

This is RAxML Worker Pthread Number: 18

This is RAxML Worker Pthread Number: 17

This is RAxML Worker Pthread Number: 19


This is RAxML version 8.2.12 released by Alexandros Stamatakis on May 2018.

With greatly appreciated code contributions by:
Andre Aberer      (HITS)
Simon Berger      (HITS)
Alexey Kozlov     (HITS)
Kassian Kobert    (HITS)
David Dao         (KIT and HITS)
Sarah Lutteropp   (KIT and HITS)
Nick Pattengale   (Sandia)
Wayne Pfeiffer    (SDSC)
Akifumi S. Tanabe (NRIFS)
Charlie Taylor    (UF)


Alignment has 3200 distinct alignment patterns

Proportion of gaps and completely undetermined characters in this alignment: 6.12%

RAxML rapid bootstrapping and subsequent ML search

Using 1 distinct models/data partitions with joint branch length optimization



Executing 100 rapid bootstrap inferences and thereafter a thorough ML search 

All free model parameters will be estimated by RAxML
GAMMA model of rate heterogeneity, ML estimate of alpha-parameter

GAMMA Model parameters will be estimated up to an accuracy of 0.1000000000 Log Likelihood units

Partition: 0
Alignment Patterns: 3200
Name: No Name Provided
DataType: DNA
Substitution Matrix: GTR




RAxML was called as follows:

raxmlHPC-PTHREADS-AVX -T 20 -s scratch/aligned/gag-pol-env/sample.44.fa -p 4243198030 -x 4243198030 -f a -N 100 -m GTRGAMMA -w /gpfs_home/mhowison/code/hiv-profile-sampling/scratch/trees/gag-pol-env -n sample.44 



Time for BS model parameter optimization 0.195021
Bootstrap[0]: Time 1.436086 seconds, bootstrap likelihood -64285.913002, best rearrangement setting 12
Bootstrap[1]: Time 1.250266 seconds, bootstrap likelihood -63462.969141, best rearrangement setting 12
Bootstrap[2]: Time 1.811616 seconds, bootstrap likelihood -65102.420846, best rearrangement setting 8
Bootstrap[3]: Time 1.559674 seconds, bootstrap likelihood -64650.954431, best rearrangement setting 14
Bootstrap[4]: Time 0.931886 seconds, bootstrap likelihood -64421.563154, best rearrangement setting 5
Bootstrap[5]: Time 1.270757 seconds, bootstrap likelihood -64235.650999, best rearrangement setting 7
Bootstrap[6]: Time 1.166689 seconds, bootstrap likelihood -62888.704571, best rearrangement setting 7
Bootstrap[7]: Time 1.165129 seconds, bootstrap likelihood -62959.026120, best rearrangement setting 11
Bootstrap[8]: Time 1.390836 seconds, bootstrap likelihood -65212.166010, best rearrangement setting 15
Bootstrap[9]: Time 1.425227 seconds, bootstrap likelihood -64565.614140, best rearrangement setting 12
Bootstrap[10]: Time 1.243029 seconds, bootstrap likelihood -63562.459056, best rearrangement setting 7
Bootstrap[11]: Time 1.382550 seconds, bootstrap likelihood -65133.280973, best rearrangement setting 11
Bootstrap[12]: Time 1.334839 seconds, bootstrap likelihood -65108.607151, best rearrangement setting 13
Bootstrap[13]: Time 1.178366 seconds, bootstrap likelihood -65536.631129, best rearrangement setting 8
Bootstrap[14]: Time 1.370952 seconds, bootstrap likelihood -64288.775746, best rearrangement setting 9
Bootstrap[15]: Time 3.272758 seconds, bootstrap likelihood -63825.095596, best rearrangement setting 8
Bootstrap[16]: Time 1.282404 seconds, bootstrap likelihood -63679.541277, best rearrangement setting 14
Bootstrap[17]: Time 0.897381 seconds, bootstrap likelihood -64823.149911, best rearrangement setting 5
Bootstrap[18]: Time 1.180749 seconds, bootstrap likelihood -63647.593654, best rearrangement setting 10
Bootstrap[19]: Time 1.224832 seconds, bootstrap likelihood -64302.862142, best rearrangement setting 11
Bootstrap[20]: Time 0.866007 seconds, bootstrap likelihood -64306.651543, best rearrangement setting 5
Bootstrap[21]: Time 1.072971 seconds, bootstrap likelihood -64144.592289, best rearrangement setting 7
Bootstrap[22]: Time 1.229064 seconds, bootstrap likelihood -65320.033553, best rearrangement setting 10
Bootstrap[23]: Time 0.992259 seconds, bootstrap likelihood -63878.596252, best rearrangement setting 6
Bootstrap[24]: Time 1.087522 seconds, bootstrap likelihood -63036.933306, best rearrangement setting 6
Bootstrap[25]: Time 1.167263 seconds, bootstrap likelihood -65732.911414, best rearrangement setting 8
Bootstrap[26]: Time 35.610571 seconds, bootstrap likelihood -63964.809150, best rearrangement setting 8
Bootstrap[27]: Time 0.996572 seconds, bootstrap likelihood -63124.474053, best rearrangement setting 6
Bootstrap[28]: Time 1.243522 seconds, bootstrap likelihood -64860.893213, best rearrangement setting 15
Bootstrap[29]: Time 3.049646 seconds, bootstrap likelihood -64134.059296, best rearrangement setting 11
Bootstrap[30]: Time 10.467409 seconds, bootstrap likelihood -63509.036231, best rearrangement setting 9
Bootstrap[31]: Time 1.085960 seconds, bootstrap likelihood -63260.176447, best rearrangement setting 14
Bootstrap[32]: Time 0.917379 seconds, bootstrap likelihood -64871.614181, best rearrangement setting 5
Bootstrap[33]: Time 1.152906 seconds, bootstrap likelihood -65548.012884, best rearrangement setting 13
Bootstrap[34]: Time 1.278229 seconds, bootstrap likelihood -66045.655547, best rearrangement setting 13
Bootstrap[35]: Time 1.105010 seconds, bootstrap likelihood -63643.944943, best rearrangement setting 6
Bootstrap[36]: Time 1.098304 seconds, bootstrap likelihood -64406.763513, best rearrangement setting 7
Bootstrap[37]: Time 1.228649 seconds, bootstrap likelihood -63855.309004, best rearrangement setting 8
Bootstrap[38]: Time 0.916884 seconds, bootstrap likelihood -64333.853126, best rearrangement setting 5
Bootstrap[39]: Time 12.985109 seconds, bootstrap likelihood -64948.311356, best rearrangement setting 7
Bootstrap[40]: Time 8.635903 seconds, bootstrap likelihood -65298.652842, best rearrangement setting 8
Bootstrap[41]: Time 1.138739 seconds, bootstrap likelihood -63772.365862, best rearrangement setting 10
Bootstrap[42]: Time 1.416586 seconds, bootstrap likelihood -65254.482823, best rearrangement setting 15
Bootstrap[43]: Time 1.090844 seconds, bootstrap likelihood -64809.831719, best rearrangement setting 6
Bootstrap[44]: Time 1.080718 seconds, bootstrap likelihood -64403.755365, best rearrangement setting 15
Bootstrap[45]: Time 1.248862 seconds, bootstrap likelihood -63728.663853, best rearrangement setting 8
Bootstrap[46]: Time 1.223810 seconds, bootstrap likelihood -63715.970685, best rearrangement setting 9
Bootstrap[47]: Time 7.161305 seconds, bootstrap likelihood -63558.363794, best rearrangement setting 9
Bootstrap[48]: Time 1.275790 seconds, bootstrap likelihood -64543.436526, best rearrangement setting 7
Bootstrap[49]: Time 1.736418 seconds, bootstrap likelihood -64056.848122, best rearrangement setting 10
Bootstrap[50]: Time 6.332527 seconds, bootstrap likelihood -63120.333703, best rearrangement setting 15
Bootstrap[51]: Time 1.312126 seconds, bootstrap likelihood -64325.013514, best rearrangement setting 11
Bootstrap[52]: Time 1.298193 seconds, bootstrap likelihood -65421.087459, best rearrangement setting 15
Bootstrap[53]: Time 1.310525 seconds, bootstrap likelihood -64412.021295, best rearrangement setting 13
Bootstrap[54]: Time 1.241712 seconds, bootstrap likelihood -62674.201863, best rearrangement setting 15
Bootstrap[55]: Time 1.101383 seconds, bootstrap likelihood -64298.052955, best rearrangement setting 7
Bootstrap[56]: Time 1.220483 seconds, bootstrap likelihood -64589.525030, best rearrangement setting 7
Bootstrap[57]: Time 1.027210 seconds, bootstrap likelihood -62699.015420, best rearrangement setting 6
Bootstrap[58]: Time 1.108472 seconds, bootstrap likelihood -64027.284541, best rearrangement setting 6
Bootstrap[59]: Time 1.193825 seconds, bootstrap likelihood -64613.626078, best rearrangement setting 7
Bootstrap[60]: Time 1.259506 seconds, bootstrap likelihood -64175.338431, best rearrangement setting 8
Bootstrap[61]: Time 1.218474 seconds, bootstrap likelihood -64468.013865, best rearrangement setting 13
Bootstrap[62]: Time 1.127756 seconds, bootstrap likelihood -64230.784754, best rearrangement setting 6
Bootstrap[63]: Time 1.640139 seconds, bootstrap likelihood -63606.765643, best rearrangement setting 12
Bootstrap[64]: Time 1.139488 seconds, bootstrap likelihood -63836.336268, best rearrangement setting 12
Bootstrap[65]: Time 6.239436 seconds, bootstrap likelihood -64115.235763, best rearrangement setting 9
Bootstrap[66]: Time 1.340256 seconds, bootstrap likelihood -63588.463832, best rearrangement setting 12
Bootstrap[67]: Time 1.262633 seconds, bootstrap likelihood -65149.440165, best rearrangement setting 10
Bootstrap[68]: Time 5.629986 seconds, bootstrap likelihood -63527.361526, best rearrangement setting 11
Bootstrap[69]: Time 82.034986 seconds, bootstrap likelihood -64816.483569, best rearrangement setting 12
Bootstrap[70]: Time 13.985950 seconds, bootstrap likelihood -63909.176357, best rearrangement setting 10
Bootstrap[71]: Time 2.967854 seconds, bootstrap likelihood -63777.883663, best rearrangement setting 5
Bootstrap[72]: Time 1.132670 seconds, bootstrap likelihood -64105.224402, best rearrangement setting 7
Bootstrap[73]: Time 0.849101 seconds, bootstrap likelihood -65527.275903, best rearrangement setting 5
Bootstrap[74]: Time 1.124582 seconds, bootstrap likelihood -65037.401147, best rearrangement setting 8
Bootstrap[75]: Time 1.772474 seconds, bootstrap likelihood -64023.101859, best rearrangement setting 7
Bootstrap[76]: Time 7.579475 seconds, bootstrap likelihood -63840.503592, best rearrangement setting 9
Bootstrap[77]: Time 30.505707 seconds, bootstrap likelihood -65074.015567, best rearrangement setting 13
Bootstrap[78]: Time 5.387607 seconds, bootstrap likelihood -65716.757593, best rearrangement setting 15
Bootstrap[79]: Time 1.681899 seconds, bootstrap likelihood -64103.264400, best rearrangement setting 12
Bootstrap[80]: Time 1.334479 seconds, bootstrap likelihood -62741.927437, best rearrangement setting 13
Bootstrap[81]: Time 1.214320 seconds, bootstrap likelihood -65696.858090, best rearrangement setting 12
Bootstrap[82]: Time 1.375322 seconds, bootstrap likelihood -63924.019229, best rearrangement setting 14
Bootstrap[83]: Time 1.373111 seconds, bootstrap likelihood -63003.368604, best rearrangement setting 14
Bootstrap[84]: Time 1.198020 seconds, bootstrap likelihood -63844.092349, best rearrangement setting 12
Bootstrap[85]: Time 1.365860 seconds, bootstrap likelihood -64176.009838, best rearrangement setting 11
Bootstrap[86]: Time 1.996532 seconds, bootstrap likelihood -64122.326742, best rearrangement setting 14
Bootstrap[87]: Time 1.266115 seconds, bootstrap likelihood -65084.402344, best rearrangement setting 12
Bootstrap[88]: Time 1.128058 seconds, bootstrap likelihood -63832.426423, best rearrangement setting 15
Bootstrap[89]: Time 1.113451 seconds, bootstrap likelihood -64355.040890, best rearrangement setting 7
Bootstrap[90]: Time 9.195350 seconds, bootstrap likelihood -64815.571776, best rearrangement setting 10
Bootstrap[91]: Time 1.452321 seconds, bootstrap likelihood -64412.999774, best rearrangement setting 14
Bootstrap[92]: Time 1.347075 seconds, bootstrap likelihood -64640.070666, best rearrangement setting 10
Bootstrap[93]: Time 1.422022 seconds, bootstrap likelihood -65247.565866, best rearrangement setting 9
Bootstrap[94]: Time 18.277369 seconds, bootstrap likelihood -63245.412632, best rearrangement setting 6
Bootstrap[95]: Time 1.341251 seconds, bootstrap likelihood -65074.812553, best rearrangement setting 7
Bootstrap[96]: Time 1.204781 seconds, bootstrap likelihood -62999.889226, best rearrangement setting 7
Bootstrap[97]: Time 0.944733 seconds, bootstrap likelihood -65873.238365, best rearrangement setting 5
Bootstrap[98]: Time 1.211507 seconds, bootstrap likelihood -62644.063248, best rearrangement setting 11
Bootstrap[99]: Time 1.155406 seconds, bootstrap likelihood -64521.610815, best rearrangement setting 7


Overall Time for 100 Rapid Bootstraps 371.433231 seconds
Average Time per Rapid Bootstrap 3.714332 seconds

Starting ML Search ...

Fast ML optimization finished

Fast ML search Time: 346.899384 seconds

Slow ML Search 0 Likelihood: -64444.136526
Slow ML Search 1 Likelihood: -64444.136526
Slow ML Search 2 Likelihood: -64446.049966
Slow ML Search 3 Likelihood: -64446.828022
Slow ML Search 4 Likelihood: -64447.383097
Slow ML Search 5 Likelihood: -64448.484841
Slow ML Search 6 Likelihood: -64449.666895
Slow ML Search 7 Likelihood: -64450.491568
Slow ML Search 8 Likelihood: -64451.949572
Slow ML Search 9 Likelihood: -64452.282800
Slow ML optimization finished

Slow ML search Time: 45.896238 seconds
Thorough ML search Time: 2.090345 seconds

Final ML Optimization Likelihood: -64444.188442

Model Information:

Model Parameters of Partition 0, Name: No Name Provided, Type of Data: DNA
alpha: 0.329689
Tree-Length: 3.050249
rate A <-> C: 2.294761
rate A <-> G: 5.711832
rate A <-> T: 0.938575
rate C <-> G: 0.955542
rate C <-> T: 6.473919
rate G <-> T: 1.000000

freq pi(A): 0.369955
freq pi(C): 0.174315
freq pi(G): 0.234337
freq pi(T): 0.221393


ML search took 394.893178 secs or 0.109693 hours

Combined Bootstrap and ML search took 766.326541 secs or 0.212868 hours

Drawing Bootstrap Support Values on best-scoring ML tree ...



Found 1 tree in File /gpfs_home/mhowison/code/hiv-profile-sampling/scratch/trees/gag-pol-env/RAxML_bestTree.sample.44



Found 1 tree in File /gpfs_home/mhowison/code/hiv-profile-sampling/scratch/trees/gag-pol-env/RAxML_bestTree.sample.44

Program execution info written to /gpfs_home/mhowison/code/hiv-profile-sampling/scratch/trees/gag-pol-env/RAxML_info.sample.44
All 100 bootstrapped trees written to: /gpfs_home/mhowison/code/hiv-profile-sampling/scratch/trees/gag-pol-env/RAxML_bootstrap.sample.44

Best-scoring ML tree written to: /gpfs_home/mhowison/code/hiv-profile-sampling/scratch/trees/gag-pol-env/RAxML_bestTree.sample.44

Best-scoring ML tree with support values written to: /gpfs_home/mhowison/code/hiv-profile-sampling/scratch/trees/gag-pol-env/RAxML_bipartitions.sample.44

Best-scoring ML tree with support values as branch labels written to: /gpfs_home/mhowison/code/hiv-profile-sampling/scratch/trees/gag-pol-env/RAxML_bipartitionsBranchLabels.sample.44

Overall execution time for full ML analysis: 766.330846 secs or 0.212870 hours or 0.008870 days

