srun: job 264280 queued and waiting for resources
srun: job 264280 has been allocated resources
Warning, you specified a working directory via "-w"
Keep in mind that RAxML only accepts absolute path names, not relative ones!

RAxML can't, parse the alignment file as phylip file 
it will now try to parse it as FASTA file



Using BFGS method to optimize GTR rate parameters, to disable this specify "--no-bfgs" 


This is the RAxML Master Pthread

This is RAxML Worker Pthread Number: 1

This is RAxML Worker Pthread Number: 2

This is RAxML Worker Pthread Number: 3

This is RAxML Worker Pthread Number: 4

This is RAxML Worker Pthread Number: 6

This is RAxML Worker Pthread Number: 8

This is RAxML Worker Pthread Number: 5

This is RAxML Worker Pthread Number: 7

This is RAxML Worker Pthread Number: 10

This is RAxML Worker Pthread Number: 9

This is RAxML Worker Pthread Number: 12

This is RAxML Worker Pthread Number: 11

This is RAxML Worker Pthread Number: 13

This is RAxML Worker Pthread Number: 14

This is RAxML Worker Pthread Number: 15

This is RAxML Worker Pthread Number: 16

This is RAxML Worker Pthread Number: 17

This is RAxML Worker Pthread Number: 18

This is RAxML Worker Pthread Number: 19


This is RAxML version 8.2.12 released by Alexandros Stamatakis on May 2018.

With greatly appreciated code contributions by:
Andre Aberer      (HITS)
Simon Berger      (HITS)
Alexey Kozlov     (HITS)
Kassian Kobert    (HITS)
David Dao         (KIT and HITS)
Sarah Lutteropp   (KIT and HITS)
Nick Pattengale   (Sandia)
Wayne Pfeiffer    (SDSC)
Akifumi S. Tanabe (NRIFS)
Charlie Taylor    (UF)


Alignment has 3183 distinct alignment patterns

Proportion of gaps and completely undetermined characters in this alignment: 6.11%

RAxML rapid bootstrapping and subsequent ML search

Using 1 distinct models/data partitions with joint branch length optimization



Executing 100 rapid bootstrap inferences and thereafter a thorough ML search 

All free model parameters will be estimated by RAxML
GAMMA model of rate heterogeneity, ML estimate of alpha-parameter

GAMMA Model parameters will be estimated up to an accuracy of 0.1000000000 Log Likelihood units

Partition: 0
Alignment Patterns: 3183
Name: No Name Provided
DataType: DNA
Substitution Matrix: GTR




RAxML was called as follows:

raxmlHPC-PTHREADS-AVX -T 20 -s scratch/aligned/gag-pol-env/sample.246.fa -p 9862904293 -x 9862904293 -f a -N 100 -m GTRGAMMA -w /gpfs_home/mhowison/code/hiv-profile-sampling/scratch/trees/gag-pol-env -n sample.246 



Time for BS model parameter optimization 0.177213
Bootstrap[0]: Time 1.448182 seconds, bootstrap likelihood -64499.078904, best rearrangement setting 10
Bootstrap[1]: Time 1.288217 seconds, bootstrap likelihood -64380.654574, best rearrangement setting 14
Bootstrap[2]: Time 1.501146 seconds, bootstrap likelihood -64466.962444, best rearrangement setting 12
Bootstrap[3]: Time 1.308593 seconds, bootstrap likelihood -63962.055412, best rearrangement setting 7
Bootstrap[4]: Time 1.222851 seconds, bootstrap likelihood -64475.946570, best rearrangement setting 14
Bootstrap[5]: Time 1.336144 seconds, bootstrap likelihood -66089.563311, best rearrangement setting 15
Bootstrap[6]: Time 1.071761 seconds, bootstrap likelihood -61905.575066, best rearrangement setting 6
Bootstrap[7]: Time 1.273089 seconds, bootstrap likelihood -63867.941097, best rearrangement setting 14
Bootstrap[8]: Time 1.280974 seconds, bootstrap likelihood -64851.026368, best rearrangement setting 8
Bootstrap[9]: Time 1.363077 seconds, bootstrap likelihood -64317.493546, best rearrangement setting 12
Bootstrap[10]: Time 1.241628 seconds, bootstrap likelihood -63624.208061, best rearrangement setting 15
Bootstrap[11]: Time 1.305850 seconds, bootstrap likelihood -63311.605714, best rearrangement setting 15
Bootstrap[12]: Time 1.115897 seconds, bootstrap likelihood -64814.891770, best rearrangement setting 13
Bootstrap[13]: Time 1.313180 seconds, bootstrap likelihood -65701.104448, best rearrangement setting 10
Bootstrap[14]: Time 7.284703 seconds, bootstrap likelihood -65220.371552, best rearrangement setting 14
Bootstrap[15]: Time 1.270366 seconds, bootstrap likelihood -63919.605945, best rearrangement setting 7
Bootstrap[16]: Time 1.327001 seconds, bootstrap likelihood -64535.078834, best rearrangement setting 13
Bootstrap[17]: Time 0.963740 seconds, bootstrap likelihood -63992.387212, best rearrangement setting 5
Bootstrap[18]: Time 1.290865 seconds, bootstrap likelihood -62976.128861, best rearrangement setting 5
Bootstrap[19]: Time 0.940767 seconds, bootstrap likelihood -63657.216191, best rearrangement setting 5
Bootstrap[20]: Time 1.244185 seconds, bootstrap likelihood -66364.799159, best rearrangement setting 15
Bootstrap[21]: Time 2.617351 seconds, bootstrap likelihood -64657.704355, best rearrangement setting 11
Bootstrap[22]: Time 1.253986 seconds, bootstrap likelihood -64252.609835, best rearrangement setting 11
Bootstrap[23]: Time 1.031204 seconds, bootstrap likelihood -65467.646179, best rearrangement setting 6
Bootstrap[24]: Time 0.912276 seconds, bootstrap likelihood -64734.558698, best rearrangement setting 5
Bootstrap[25]: Time 0.911904 seconds, bootstrap likelihood -65204.741387, best rearrangement setting 6
Bootstrap[26]: Time 1.084063 seconds, bootstrap likelihood -64696.195951, best rearrangement setting 6
Bootstrap[27]: Time 1.130366 seconds, bootstrap likelihood -64745.812506, best rearrangement setting 9
Bootstrap[28]: Time 1.092581 seconds, bootstrap likelihood -63859.553329, best rearrangement setting 9
Bootstrap[29]: Time 0.889863 seconds, bootstrap likelihood -63925.040930, best rearrangement setting 5
Bootstrap[30]: Time 1.220136 seconds, bootstrap likelihood -62655.808010, best rearrangement setting 12
Bootstrap[31]: Time 1.260927 seconds, bootstrap likelihood -65262.258599, best rearrangement setting 13
Bootstrap[32]: Time 1.116266 seconds, bootstrap likelihood -63038.392778, best rearrangement setting 11
Bootstrap[33]: Time 1.039331 seconds, bootstrap likelihood -64250.629091, best rearrangement setting 7
Bootstrap[34]: Time 1.557350 seconds, bootstrap likelihood -63978.133926, best rearrangement setting 10
Bootstrap[35]: Time 1.280937 seconds, bootstrap likelihood -63567.179759, best rearrangement setting 13
Bootstrap[36]: Time 1.304253 seconds, bootstrap likelihood -65034.800035, best rearrangement setting 15
Bootstrap[37]: Time 1.202698 seconds, bootstrap likelihood -63927.981236, best rearrangement setting 7
Bootstrap[38]: Time 1.219367 seconds, bootstrap likelihood -64902.665541, best rearrangement setting 7
Bootstrap[39]: Time 1.217633 seconds, bootstrap likelihood -63347.825984, best rearrangement setting 12
Bootstrap[40]: Time 1.153870 seconds, bootstrap likelihood -65286.528169, best rearrangement setting 12
Bootstrap[41]: Time 1.120943 seconds, bootstrap likelihood -64077.729074, best rearrangement setting 9
Bootstrap[42]: Time 1.021159 seconds, bootstrap likelihood -64242.042522, best rearrangement setting 6
Bootstrap[43]: Time 1.442622 seconds, bootstrap likelihood -63790.124540, best rearrangement setting 8
Bootstrap[44]: Time 1.127523 seconds, bootstrap likelihood -62637.765270, best rearrangement setting 14
Bootstrap[45]: Time 0.931543 seconds, bootstrap likelihood -63506.341381, best rearrangement setting 5
Bootstrap[46]: Time 1.673341 seconds, bootstrap likelihood -64970.402273, best rearrangement setting 15
Bootstrap[47]: Time 1.043528 seconds, bootstrap likelihood -64159.861754, best rearrangement setting 5
Bootstrap[48]: Time 1.154570 seconds, bootstrap likelihood -63510.862735, best rearrangement setting 14
Bootstrap[49]: Time 1.216906 seconds, bootstrap likelihood -64557.469018, best rearrangement setting 13
Bootstrap[50]: Time 1.194609 seconds, bootstrap likelihood -63454.072405, best rearrangement setting 14
Bootstrap[51]: Time 0.953729 seconds, bootstrap likelihood -64664.993848, best rearrangement setting 6
Bootstrap[52]: Time 1.232022 seconds, bootstrap likelihood -64200.648570, best rearrangement setting 10
Bootstrap[53]: Time 0.969803 seconds, bootstrap likelihood -65563.268908, best rearrangement setting 5
Bootstrap[54]: Time 1.330593 seconds, bootstrap likelihood -63516.169025, best rearrangement setting 13
Bootstrap[55]: Time 1.106400 seconds, bootstrap likelihood -63736.838614, best rearrangement setting 11
Bootstrap[56]: Time 1.021651 seconds, bootstrap likelihood -63937.885725, best rearrangement setting 6
Bootstrap[57]: Time 1.348784 seconds, bootstrap likelihood -65325.167066, best rearrangement setting 13
Bootstrap[58]: Time 1.029263 seconds, bootstrap likelihood -63076.841295, best rearrangement setting 6
Bootstrap[59]: Time 1.545275 seconds, bootstrap likelihood -65022.249528, best rearrangement setting 14
Bootstrap[60]: Time 1.027095 seconds, bootstrap likelihood -64153.448264, best rearrangement setting 6
Bootstrap[61]: Time 1.070702 seconds, bootstrap likelihood -64521.582165, best rearrangement setting 6
Bootstrap[62]: Time 1.365760 seconds, bootstrap likelihood -63608.030756, best rearrangement setting 9
Bootstrap[63]: Time 1.178185 seconds, bootstrap likelihood -65266.116838, best rearrangement setting 9
Bootstrap[64]: Time 0.978386 seconds, bootstrap likelihood -64725.219431, best rearrangement setting 6
Bootstrap[65]: Time 1.317766 seconds, bootstrap likelihood -65616.476202, best rearrangement setting 11
Bootstrap[66]: Time 1.384864 seconds, bootstrap likelihood -63423.626326, best rearrangement setting 10
Bootstrap[67]: Time 1.424354 seconds, bootstrap likelihood -64198.059498, best rearrangement setting 10
Bootstrap[68]: Time 1.573673 seconds, bootstrap likelihood -63738.904365, best rearrangement setting 15
Bootstrap[69]: Time 1.175431 seconds, bootstrap likelihood -64511.223729, best rearrangement setting 15
Bootstrap[70]: Time 1.227406 seconds, bootstrap likelihood -64411.552316, best rearrangement setting 11
Bootstrap[71]: Time 2.124192 seconds, bootstrap likelihood -66019.908917, best rearrangement setting 11
Bootstrap[72]: Time 0.936650 seconds, bootstrap likelihood -65084.237629, best rearrangement setting 5
Bootstrap[73]: Time 1.193787 seconds, bootstrap likelihood -63811.645759, best rearrangement setting 9
Bootstrap[74]: Time 0.958382 seconds, bootstrap likelihood -63193.614564, best rearrangement setting 5
Bootstrap[75]: Time 1.131366 seconds, bootstrap likelihood -65344.630751, best rearrangement setting 9
Bootstrap[76]: Time 1.203996 seconds, bootstrap likelihood -63709.483091, best rearrangement setting 13
Bootstrap[77]: Time 1.238872 seconds, bootstrap likelihood -65014.813781, best rearrangement setting 9
Bootstrap[78]: Time 1.179681 seconds, bootstrap likelihood -63266.187446, best rearrangement setting 12
Bootstrap[79]: Time 1.174644 seconds, bootstrap likelihood -64663.005499, best rearrangement setting 10
Bootstrap[80]: Time 1.260754 seconds, bootstrap likelihood -64475.800560, best rearrangement setting 9
Bootstrap[81]: Time 1.212618 seconds, bootstrap likelihood -64440.060347, best rearrangement setting 7
Bootstrap[82]: Time 1.307873 seconds, bootstrap likelihood -64171.021674, best rearrangement setting 10
Bootstrap[83]: Time 1.395711 seconds, bootstrap likelihood -64949.981701, best rearrangement setting 14
Bootstrap[84]: Time 1.013091 seconds, bootstrap likelihood -64616.700455, best rearrangement setting 8
Bootstrap[85]: Time 0.908314 seconds, bootstrap likelihood -63969.951955, best rearrangement setting 5
Bootstrap[86]: Time 1.059716 seconds, bootstrap likelihood -64190.221876, best rearrangement setting 14
Bootstrap[87]: Time 1.114075 seconds, bootstrap likelihood -64231.795785, best rearrangement setting 12
Bootstrap[88]: Time 1.235142 seconds, bootstrap likelihood -64002.547361, best rearrangement setting 11
Bootstrap[89]: Time 0.831763 seconds, bootstrap likelihood -65284.438318, best rearrangement setting 5
Bootstrap[90]: Time 1.329701 seconds, bootstrap likelihood -64735.134716, best rearrangement setting 14
Bootstrap[91]: Time 1.198622 seconds, bootstrap likelihood -64619.655122, best rearrangement setting 8
Bootstrap[92]: Time 1.359526 seconds, bootstrap likelihood -64775.204806, best rearrangement setting 8
Bootstrap[93]: Time 1.581742 seconds, bootstrap likelihood -63821.671240, best rearrangement setting 10
Bootstrap[94]: Time 1.029094 seconds, bootstrap likelihood -64915.124690, best rearrangement setting 6
Bootstrap[95]: Time 1.544875 seconds, bootstrap likelihood -63740.312326, best rearrangement setting 13
Bootstrap[96]: Time 1.161225 seconds, bootstrap likelihood -64773.287487, best rearrangement setting 15
Bootstrap[97]: Time 0.968656 seconds, bootstrap likelihood -64464.261750, best rearrangement setting 5
Bootstrap[98]: Time 1.101627 seconds, bootstrap likelihood -64599.831325, best rearrangement setting 6
Bootstrap[99]: Time 1.157931 seconds, bootstrap likelihood -64256.967445, best rearrangement setting 8


Overall Time for 100 Rapid Bootstraps 128.053176 seconds
Average Time per Rapid Bootstrap 1.280532 seconds

Starting ML Search ...

Fast ML optimization finished

Fast ML search Time: 122.422964 seconds

Slow ML Search 0 Likelihood: -64447.286742
Slow ML Search 1 Likelihood: -64447.244839
Slow ML Search 2 Likelihood: -64447.801053
Slow ML Search 3 Likelihood: -64449.209269
Slow ML Search 4 Likelihood: -64449.958926
Slow ML Search 5 Likelihood: -64450.199882
Slow ML Search 6 Likelihood: -64450.469041
Slow ML Search 7 Likelihood: -64450.866665
Slow ML Search 8 Likelihood: -64451.382825
Slow ML Search 9 Likelihood: -64451.924161
Slow ML optimization finished

Slow ML search Time: 19.216479 seconds
Thorough ML search Time: 2.303134 seconds

Final ML Optimization Likelihood: -64447.235087

Model Information:

Model Parameters of Partition 0, Name: No Name Provided, Type of Data: DNA
alpha: 0.325876
Tree-Length: 3.129109
rate A <-> C: 2.253249
rate A <-> G: 5.603415
rate A <-> T: 0.894480
rate C <-> G: 1.005483
rate C <-> T: 6.425130
rate G <-> T: 1.000000

freq pi(A): 0.369921
freq pi(C): 0.174248
freq pi(G): 0.234247
freq pi(T): 0.221585


ML search took 143.948326 secs or 0.039986 hours

Combined Bootstrap and ML search took 272.001686 secs or 0.075556 hours

Drawing Bootstrap Support Values on best-scoring ML tree ...



Found 1 tree in File /gpfs_home/mhowison/code/hiv-profile-sampling/scratch/trees/gag-pol-env/RAxML_bestTree.sample.246



Found 1 tree in File /gpfs_home/mhowison/code/hiv-profile-sampling/scratch/trees/gag-pol-env/RAxML_bestTree.sample.246

Program execution info written to /gpfs_home/mhowison/code/hiv-profile-sampling/scratch/trees/gag-pol-env/RAxML_info.sample.246
All 100 bootstrapped trees written to: /gpfs_home/mhowison/code/hiv-profile-sampling/scratch/trees/gag-pol-env/RAxML_bootstrap.sample.246

Best-scoring ML tree written to: /gpfs_home/mhowison/code/hiv-profile-sampling/scratch/trees/gag-pol-env/RAxML_bestTree.sample.246

Best-scoring ML tree with support values written to: /gpfs_home/mhowison/code/hiv-profile-sampling/scratch/trees/gag-pol-env/RAxML_bipartitions.sample.246

Best-scoring ML tree with support values as branch labels written to: /gpfs_home/mhowison/code/hiv-profile-sampling/scratch/trees/gag-pol-env/RAxML_bipartitionsBranchLabels.sample.246

Overall execution time for full ML analysis: 272.006023 secs or 0.075557 hours or 0.003148 days

