srun: job 264322 queued and waiting for resources
srun: job 264322 has been allocated resources
Warning, you specified a working directory via "-w"
Keep in mind that RAxML only accepts absolute path names, not relative ones!

RAxML can't, parse the alignment file as phylip file 
it will now try to parse it as FASTA file



Using BFGS method to optimize GTR rate parameters, to disable this specify "--no-bfgs" 


This is the RAxML Master Pthread

This is RAxML Worker Pthread Number: 2

This is RAxML Worker Pthread Number: 1

This is RAxML Worker Pthread Number: 5

This is RAxML Worker Pthread Number: 4

This is RAxML Worker Pthread Number: 3

This is RAxML Worker Pthread Number: 6

This is RAxML Worker Pthread Number: 8

This is RAxML Worker Pthread Number: 7

This is RAxML Worker Pthread Number: 9

This is RAxML Worker Pthread Number: 11

This is RAxML Worker Pthread Number: 10

This is RAxML Worker Pthread Number: 12

This is RAxML Worker Pthread Number: 13

This is RAxML Worker Pthread Number: 15

This is RAxML Worker Pthread Number: 14

This is RAxML Worker Pthread Number: 16

This is RAxML Worker Pthread Number: 17

This is RAxML Worker Pthread Number: 18

This is RAxML Worker Pthread Number: 19


This is RAxML version 8.2.12 released by Alexandros Stamatakis on May 2018.

With greatly appreciated code contributions by:
Andre Aberer      (HITS)
Simon Berger      (HITS)
Alexey Kozlov     (HITS)
Kassian Kobert    (HITS)
David Dao         (KIT and HITS)
Sarah Lutteropp   (KIT and HITS)
Nick Pattengale   (Sandia)
Wayne Pfeiffer    (SDSC)
Akifumi S. Tanabe (NRIFS)
Charlie Taylor    (UF)


Alignment has 3187 distinct alignment patterns

Proportion of gaps and completely undetermined characters in this alignment: 6.11%

RAxML rapid bootstrapping and subsequent ML search

Using 1 distinct models/data partitions with joint branch length optimization



Executing 100 rapid bootstrap inferences and thereafter a thorough ML search 

All free model parameters will be estimated by RAxML
GAMMA model of rate heterogeneity, ML estimate of alpha-parameter

GAMMA Model parameters will be estimated up to an accuracy of 0.1000000000 Log Likelihood units

Partition: 0
Alignment Patterns: 3187
Name: No Name Provided
DataType: DNA
Substitution Matrix: GTR




RAxML was called as follows:

raxmlHPC-PTHREADS-AVX -T 20 -s scratch/aligned/gag-pol-env/sample.28.fa -p 1847033143 -x 1847033143 -f a -N 100 -m GTRGAMMA -w /gpfs_home/mhowison/code/hiv-profile-sampling/scratch/trees/gag-pol-env -n sample.28 



Time for BS model parameter optimization 0.179150
Bootstrap[0]: Time 1.622951 seconds, bootstrap likelihood -65139.783833, best rearrangement setting 6
Bootstrap[1]: Time 1.401226 seconds, bootstrap likelihood -64834.895437, best rearrangement setting 9
Bootstrap[2]: Time 1.446641 seconds, bootstrap likelihood -63615.612829, best rearrangement setting 8
Bootstrap[3]: Time 1.370337 seconds, bootstrap likelihood -65443.737875, best rearrangement setting 12
Bootstrap[4]: Time 1.478286 seconds, bootstrap likelihood -64622.686882, best rearrangement setting 13
Bootstrap[5]: Time 1.377609 seconds, bootstrap likelihood -64667.004230, best rearrangement setting 14
Bootstrap[6]: Time 3.437631 seconds, bootstrap likelihood -64854.762941, best rearrangement setting 10
Bootstrap[7]: Time 1.579019 seconds, bootstrap likelihood -63438.630831, best rearrangement setting 10
Bootstrap[8]: Time 1.528501 seconds, bootstrap likelihood -64498.472928, best rearrangement setting 13
Bootstrap[9]: Time 1.401025 seconds, bootstrap likelihood -65330.947366, best rearrangement setting 11
Bootstrap[10]: Time 1.637288 seconds, bootstrap likelihood -64758.234490, best rearrangement setting 8
Bootstrap[11]: Time 1.623404 seconds, bootstrap likelihood -65160.433194, best rearrangement setting 7
Bootstrap[12]: Time 1.380628 seconds, bootstrap likelihood -64751.358717, best rearrangement setting 8
Bootstrap[13]: Time 1.197249 seconds, bootstrap likelihood -63940.270371, best rearrangement setting 6
Bootstrap[14]: Time 1.415416 seconds, bootstrap likelihood -64680.390547, best rearrangement setting 8
Bootstrap[15]: Time 1.539972 seconds, bootstrap likelihood -64721.238029, best rearrangement setting 15
Bootstrap[16]: Time 1.088581 seconds, bootstrap likelihood -63331.983784, best rearrangement setting 5
Bootstrap[17]: Time 1.552387 seconds, bootstrap likelihood -63870.682506, best rearrangement setting 7
Bootstrap[18]: Time 1.495123 seconds, bootstrap likelihood -64182.861041, best rearrangement setting 15
Bootstrap[19]: Time 1.706676 seconds, bootstrap likelihood -64569.296189, best rearrangement setting 15
Bootstrap[20]: Time 1.160820 seconds, bootstrap likelihood -65180.571913, best rearrangement setting 5
Bootstrap[21]: Time 1.243385 seconds, bootstrap likelihood -64377.345810, best rearrangement setting 6
Bootstrap[22]: Time 1.446792 seconds, bootstrap likelihood -65048.730193, best rearrangement setting 12
Bootstrap[23]: Time 1.369068 seconds, bootstrap likelihood -64144.114463, best rearrangement setting 15
Bootstrap[24]: Time 1.399437 seconds, bootstrap likelihood -63419.553878, best rearrangement setting 14
Bootstrap[25]: Time 5.836866 seconds, bootstrap likelihood -64801.630190, best rearrangement setting 8
Bootstrap[26]: Time 1.082003 seconds, bootstrap likelihood -64949.836893, best rearrangement setting 5
Bootstrap[27]: Time 1.038326 seconds, bootstrap likelihood -64440.434858, best rearrangement setting 5
Bootstrap[28]: Time 1.314454 seconds, bootstrap likelihood -63949.553877, best rearrangement setting 7
Bootstrap[29]: Time 1.132473 seconds, bootstrap likelihood -64029.556228, best rearrangement setting 12
Bootstrap[30]: Time 1.457707 seconds, bootstrap likelihood -64660.317458, best rearrangement setting 14
Bootstrap[31]: Time 1.186543 seconds, bootstrap likelihood -63149.304102, best rearrangement setting 5
Bootstrap[32]: Time 1.683512 seconds, bootstrap likelihood -63878.077857, best rearrangement setting 8
Bootstrap[33]: Time 1.326203 seconds, bootstrap likelihood -64535.316332, best rearrangement setting 14
Bootstrap[34]: Time 1.316633 seconds, bootstrap likelihood -65336.199457, best rearrangement setting 13
Bootstrap[35]: Time 1.354650 seconds, bootstrap likelihood -62915.034671, best rearrangement setting 10
Bootstrap[36]: Time 1.731635 seconds, bootstrap likelihood -65223.675977, best rearrangement setting 9
Bootstrap[37]: Time 1.369430 seconds, bootstrap likelihood -64453.926194, best rearrangement setting 10
Bootstrap[38]: Time 1.263419 seconds, bootstrap likelihood -65441.765500, best rearrangement setting 6
Bootstrap[39]: Time 1.284465 seconds, bootstrap likelihood -64193.787978, best rearrangement setting 9
Bootstrap[40]: Time 1.503892 seconds, bootstrap likelihood -64351.626567, best rearrangement setting 10
Bootstrap[41]: Time 1.108853 seconds, bootstrap likelihood -65045.590950, best rearrangement setting 5
Bootstrap[42]: Time 1.416359 seconds, bootstrap likelihood -63689.979134, best rearrangement setting 13
Bootstrap[43]: Time 1.295119 seconds, bootstrap likelihood -64252.656825, best rearrangement setting 10
Bootstrap[44]: Time 1.512077 seconds, bootstrap likelihood -64007.199203, best rearrangement setting 9
Bootstrap[45]: Time 1.328468 seconds, bootstrap likelihood -65081.723642, best rearrangement setting 6
Bootstrap[46]: Time 1.596740 seconds, bootstrap likelihood -63975.940466, best rearrangement setting 14
Bootstrap[47]: Time 1.954545 seconds, bootstrap likelihood -64078.595370, best rearrangement setting 10
Bootstrap[48]: Time 1.372499 seconds, bootstrap likelihood -65323.677720, best rearrangement setting 14
Bootstrap[49]: Time 1.129173 seconds, bootstrap likelihood -65290.875472, best rearrangement setting 6
Bootstrap[50]: Time 1.178169 seconds, bootstrap likelihood -64919.379851, best rearrangement setting 5
Bootstrap[51]: Time 1.479120 seconds, bootstrap likelihood -64723.488735, best rearrangement setting 10
Bootstrap[52]: Time 1.162926 seconds, bootstrap likelihood -65911.252771, best rearrangement setting 6
Bootstrap[53]: Time 1.188991 seconds, bootstrap likelihood -65777.238323, best rearrangement setting 6
Bootstrap[54]: Time 1.390892 seconds, bootstrap likelihood -64515.038058, best rearrangement setting 15
Bootstrap[55]: Time 1.076800 seconds, bootstrap likelihood -65675.496267, best rearrangement setting 5
Bootstrap[56]: Time 1.378211 seconds, bootstrap likelihood -64894.594306, best rearrangement setting 15
Bootstrap[57]: Time 1.109516 seconds, bootstrap likelihood -65632.901254, best rearrangement setting 5
Bootstrap[58]: Time 1.526850 seconds, bootstrap likelihood -65389.434663, best rearrangement setting 7
Bootstrap[59]: Time 1.286761 seconds, bootstrap likelihood -65486.453161, best rearrangement setting 13
Bootstrap[60]: Time 1.512476 seconds, bootstrap likelihood -64000.653821, best rearrangement setting 13
Bootstrap[61]: Time 1.513261 seconds, bootstrap likelihood -64450.313734, best rearrangement setting 12
Bootstrap[62]: Time 1.313740 seconds, bootstrap likelihood -66640.425173, best rearrangement setting 11
Bootstrap[63]: Time 1.164551 seconds, bootstrap likelihood -65093.484410, best rearrangement setting 5
Bootstrap[64]: Time 1.336685 seconds, bootstrap likelihood -64684.012491, best rearrangement setting 14
Bootstrap[65]: Time 1.352603 seconds, bootstrap likelihood -63643.849463, best rearrangement setting 14
Bootstrap[66]: Time 1.648899 seconds, bootstrap likelihood -64885.484191, best rearrangement setting 15
Bootstrap[67]: Time 1.353332 seconds, bootstrap likelihood -63772.662638, best rearrangement setting 6
Bootstrap[68]: Time 1.434751 seconds, bootstrap likelihood -65387.058178, best rearrangement setting 7
Bootstrap[69]: Time 2.089654 seconds, bootstrap likelihood -63653.271089, best rearrangement setting 13
Bootstrap[70]: Time 1.345554 seconds, bootstrap likelihood -64004.381960, best rearrangement setting 15
Bootstrap[71]: Time 1.570941 seconds, bootstrap likelihood -65556.474429, best rearrangement setting 13
Bootstrap[72]: Time 1.462785 seconds, bootstrap likelihood -64136.950285, best rearrangement setting 8
Bootstrap[73]: Time 1.538311 seconds, bootstrap likelihood -64375.800389, best rearrangement setting 12
Bootstrap[74]: Time 1.179801 seconds, bootstrap likelihood -64379.694921, best rearrangement setting 5
Bootstrap[75]: Time 1.544919 seconds, bootstrap likelihood -65207.653990, best rearrangement setting 9
Bootstrap[76]: Time 1.453012 seconds, bootstrap likelihood -64810.506814, best rearrangement setting 15
Bootstrap[77]: Time 1.811401 seconds, bootstrap likelihood -64395.148950, best rearrangement setting 9
Bootstrap[78]: Time 1.540961 seconds, bootstrap likelihood -64208.139608, best rearrangement setting 9
Bootstrap[79]: Time 1.315512 seconds, bootstrap likelihood -64500.338008, best rearrangement setting 7
Bootstrap[80]: Time 1.360032 seconds, bootstrap likelihood -63956.493781, best rearrangement setting 6
Bootstrap[81]: Time 1.539923 seconds, bootstrap likelihood -63872.590380, best rearrangement setting 12
Bootstrap[82]: Time 1.193894 seconds, bootstrap likelihood -65352.712526, best rearrangement setting 6
Bootstrap[83]: Time 1.411358 seconds, bootstrap likelihood -64730.821775, best rearrangement setting 8
Bootstrap[84]: Time 1.572489 seconds, bootstrap likelihood -65392.467207, best rearrangement setting 15
Bootstrap[85]: Time 1.339643 seconds, bootstrap likelihood -64462.392682, best rearrangement setting 7
Bootstrap[86]: Time 1.445135 seconds, bootstrap likelihood -65097.000105, best rearrangement setting 15
Bootstrap[87]: Time 1.338661 seconds, bootstrap likelihood -64100.012133, best rearrangement setting 5
Bootstrap[88]: Time 1.364595 seconds, bootstrap likelihood -64995.654832, best rearrangement setting 9
Bootstrap[89]: Time 1.648846 seconds, bootstrap likelihood -64958.070841, best rearrangement setting 13
Bootstrap[90]: Time 1.263915 seconds, bootstrap likelihood -66460.575160, best rearrangement setting 6
Bootstrap[91]: Time 1.472598 seconds, bootstrap likelihood -63504.066341, best rearrangement setting 15
Bootstrap[92]: Time 1.486871 seconds, bootstrap likelihood -65294.509651, best rearrangement setting 13
Bootstrap[93]: Time 1.442389 seconds, bootstrap likelihood -64454.869144, best rearrangement setting 15
Bootstrap[94]: Time 1.502020 seconds, bootstrap likelihood -65326.863973, best rearrangement setting 15
Bootstrap[95]: Time 1.412545 seconds, bootstrap likelihood -64356.393340, best rearrangement setting 15
Bootstrap[96]: Time 1.403799 seconds, bootstrap likelihood -64799.865413, best rearrangement setting 8
Bootstrap[97]: Time 1.512837 seconds, bootstrap likelihood -64187.391884, best rearrangement setting 13
Bootstrap[98]: Time 1.414908 seconds, bootstrap likelihood -64595.704610, best rearrangement setting 10
Bootstrap[99]: Time 1.250456 seconds, bootstrap likelihood -64726.952489, best rearrangement setting 6


Overall Time for 100 Rapid Bootstraps 147.304622 seconds
Average Time per Rapid Bootstrap 1.473046 seconds

Starting ML Search ...

Fast ML optimization finished

Fast ML search Time: 144.105155 seconds

Slow ML Search 0 Likelihood: -64727.202116
Slow ML Search 1 Likelihood: -64727.291482
Slow ML Search 2 Likelihood: -64730.671850
Slow ML Search 3 Likelihood: -64731.278424
Slow ML Search 4 Likelihood: -64731.932182
Slow ML Search 5 Likelihood: -64732.817462
Slow ML Search 6 Likelihood: -64732.609266
Slow ML Search 7 Likelihood: -64736.451606
Slow ML Search 8 Likelihood: -64736.527482
Slow ML Search 9 Likelihood: -64736.500353
Slow ML optimization finished

Slow ML search Time: 23.115457 seconds
Thorough ML search Time: 2.341073 seconds

Final ML Optimization Likelihood: -64727.202115

Model Information:

Model Parameters of Partition 0, Name: No Name Provided, Type of Data: DNA
alpha: 0.330582
Tree-Length: 3.053313
rate A <-> C: 2.148175
rate A <-> G: 5.452151
rate A <-> T: 0.909826
rate C <-> G: 0.933355
rate C <-> T: 6.252269
rate G <-> T: 1.000000

freq pi(A): 0.369862
freq pi(C): 0.174123
freq pi(G): 0.234299
freq pi(T): 0.221715


ML search took 169.567764 secs or 0.047102 hours

Combined Bootstrap and ML search took 316.872522 secs or 0.088020 hours

Drawing Bootstrap Support Values on best-scoring ML tree ...



Found 1 tree in File /gpfs_home/mhowison/code/hiv-profile-sampling/scratch/trees/gag-pol-env/RAxML_bestTree.sample.28



Found 1 tree in File /gpfs_home/mhowison/code/hiv-profile-sampling/scratch/trees/gag-pol-env/RAxML_bestTree.sample.28

Program execution info written to /gpfs_home/mhowison/code/hiv-profile-sampling/scratch/trees/gag-pol-env/RAxML_info.sample.28
All 100 bootstrapped trees written to: /gpfs_home/mhowison/code/hiv-profile-sampling/scratch/trees/gag-pol-env/RAxML_bootstrap.sample.28

Best-scoring ML tree written to: /gpfs_home/mhowison/code/hiv-profile-sampling/scratch/trees/gag-pol-env/RAxML_bestTree.sample.28

Best-scoring ML tree with support values written to: /gpfs_home/mhowison/code/hiv-profile-sampling/scratch/trees/gag-pol-env/RAxML_bipartitions.sample.28

Best-scoring ML tree with support values as branch labels written to: /gpfs_home/mhowison/code/hiv-profile-sampling/scratch/trees/gag-pol-env/RAxML_bipartitionsBranchLabels.sample.28

Overall execution time for full ML analysis: 316.876585 secs or 0.088021 hours or 0.003668 days

