srun: job 264599 queued and waiting for resources
srun: job 264599 has been allocated resources
Warning, you specified a working directory via "-w"
Keep in mind that RAxML only accepts absolute path names, not relative ones!

RAxML can't, parse the alignment file as phylip file 
it will now try to parse it as FASTA file



Using BFGS method to optimize GTR rate parameters, to disable this specify "--no-bfgs" 


This is the RAxML Master Pthread

This is RAxML Worker Pthread Number: 2

This is RAxML Worker Pthread Number: 4

This is RAxML Worker Pthread Number: 1

This is RAxML Worker Pthread Number: 3

This is RAxML Worker Pthread Number: 5

This is RAxML Worker Pthread Number: 6

This is RAxML Worker Pthread Number: 7

This is RAxML Worker Pthread Number: 8

This is RAxML Worker Pthread Number: 9

This is RAxML Worker Pthread Number: 10

This is RAxML Worker Pthread Number: 12

This is RAxML Worker Pthread Number: 11

This is RAxML Worker Pthread Number: 13

This is RAxML Worker Pthread Number: 14

This is RAxML Worker Pthread Number: 15

This is RAxML Worker Pthread Number: 17

This is RAxML Worker Pthread Number: 16

This is RAxML Worker Pthread Number: 18

This is RAxML Worker Pthread Number: 19


This is RAxML version 8.2.12 released by Alexandros Stamatakis on May 2018.

With greatly appreciated code contributions by:
Andre Aberer      (HITS)
Simon Berger      (HITS)
Alexey Kozlov     (HITS)
Kassian Kobert    (HITS)
David Dao         (KIT and HITS)
Sarah Lutteropp   (KIT and HITS)
Nick Pattengale   (Sandia)
Wayne Pfeiffer    (SDSC)
Akifumi S. Tanabe (NRIFS)
Charlie Taylor    (UF)


Alignment has 3175 distinct alignment patterns

Proportion of gaps and completely undetermined characters in this alignment: 6.11%

RAxML rapid bootstrapping and subsequent ML search

Using 1 distinct models/data partitions with joint branch length optimization



Executing 100 rapid bootstrap inferences and thereafter a thorough ML search 

All free model parameters will be estimated by RAxML
GAMMA model of rate heterogeneity, ML estimate of alpha-parameter

GAMMA Model parameters will be estimated up to an accuracy of 0.1000000000 Log Likelihood units

Partition: 0
Alignment Patterns: 3175
Name: No Name Provided
DataType: DNA
Substitution Matrix: GTR




RAxML was called as follows:

raxmlHPC-PTHREADS-AVX -T 20 -s scratch/aligned/gag-pol-env/sample.464.fa -p 7328927254 -x 7328927254 -f a -N 100 -m GTRGAMMA -w /gpfs_home/mhowison/code/hiv-profile-sampling/scratch/trees/gag-pol-env -n sample.464 



Time for BS model parameter optimization 0.184018
Bootstrap[0]: Time 3.097690 seconds, bootstrap likelihood -64691.461185, best rearrangement setting 11
Bootstrap[1]: Time 1.201292 seconds, bootstrap likelihood -65330.783020, best rearrangement setting 10
Bootstrap[2]: Time 0.918868 seconds, bootstrap likelihood -64058.469246, best rearrangement setting 7
Bootstrap[3]: Time 1.175550 seconds, bootstrap likelihood -64553.858195, best rearrangement setting 15
Bootstrap[4]: Time 1.093986 seconds, bootstrap likelihood -64179.704367, best rearrangement setting 9
Bootstrap[5]: Time 1.128888 seconds, bootstrap likelihood -64346.668590, best rearrangement setting 14
Bootstrap[6]: Time 0.984620 seconds, bootstrap likelihood -64598.717687, best rearrangement setting 8
Bootstrap[7]: Time 1.097591 seconds, bootstrap likelihood -63938.588633, best rearrangement setting 10
Bootstrap[8]: Time 1.019840 seconds, bootstrap likelihood -62758.937691, best rearrangement setting 13
Bootstrap[9]: Time 0.820221 seconds, bootstrap likelihood -64809.752347, best rearrangement setting 5
Bootstrap[10]: Time 0.976132 seconds, bootstrap likelihood -64781.613672, best rearrangement setting 15
Bootstrap[11]: Time 1.368137 seconds, bootstrap likelihood -64300.915199, best rearrangement setting 13
Bootstrap[12]: Time 1.413354 seconds, bootstrap likelihood -63616.896784, best rearrangement setting 15
Bootstrap[13]: Time 2.018749 seconds, bootstrap likelihood -63360.828091, best rearrangement setting 9
Bootstrap[14]: Time 1.111151 seconds, bootstrap likelihood -65782.656535, best rearrangement setting 13
Bootstrap[15]: Time 0.830742 seconds, bootstrap likelihood -64252.904572, best rearrangement setting 5
Bootstrap[16]: Time 4.934490 seconds, bootstrap likelihood -63436.051883, best rearrangement setting 10
Bootstrap[17]: Time 1.083293 seconds, bootstrap likelihood -64746.934810, best rearrangement setting 11
Bootstrap[18]: Time 1.056354 seconds, bootstrap likelihood -65226.580102, best rearrangement setting 12
Bootstrap[19]: Time 1.223023 seconds, bootstrap likelihood -64551.073691, best rearrangement setting 15
Bootstrap[20]: Time 1.120644 seconds, bootstrap likelihood -63057.851737, best rearrangement setting 9
Bootstrap[21]: Time 0.963168 seconds, bootstrap likelihood -65697.191426, best rearrangement setting 7
Bootstrap[22]: Time 0.934116 seconds, bootstrap likelihood -64484.301771, best rearrangement setting 6
Bootstrap[23]: Time 4.089282 seconds, bootstrap likelihood -65234.057615, best rearrangement setting 15
Bootstrap[24]: Time 1.096749 seconds, bootstrap likelihood -62901.020621, best rearrangement setting 6
Bootstrap[25]: Time 1.023957 seconds, bootstrap likelihood -64384.357681, best rearrangement setting 10
Bootstrap[26]: Time 1.143132 seconds, bootstrap likelihood -63878.826580, best rearrangement setting 14
Bootstrap[27]: Time 0.955455 seconds, bootstrap likelihood -64110.425903, best rearrangement setting 8
Bootstrap[28]: Time 1.154505 seconds, bootstrap likelihood -64279.838494, best rearrangement setting 10
Bootstrap[29]: Time 1.049084 seconds, bootstrap likelihood -64637.484997, best rearrangement setting 11
Bootstrap[30]: Time 0.983846 seconds, bootstrap likelihood -64942.145483, best rearrangement setting 14
Bootstrap[31]: Time 1.431943 seconds, bootstrap likelihood -62778.893461, best rearrangement setting 11
Bootstrap[32]: Time 0.979363 seconds, bootstrap likelihood -64946.146299, best rearrangement setting 7
Bootstrap[33]: Time 1.073389 seconds, bootstrap likelihood -63028.503170, best rearrangement setting 9
Bootstrap[34]: Time 1.091208 seconds, bootstrap likelihood -62780.802320, best rearrangement setting 8
Bootstrap[35]: Time 1.055281 seconds, bootstrap likelihood -63743.518960, best rearrangement setting 7
Bootstrap[36]: Time 0.838814 seconds, bootstrap likelihood -64794.814243, best rearrangement setting 5
Bootstrap[37]: Time 0.839745 seconds, bootstrap likelihood -64089.630863, best rearrangement setting 5
Bootstrap[38]: Time 1.096349 seconds, bootstrap likelihood -63857.558046, best rearrangement setting 9
Bootstrap[39]: Time 0.943578 seconds, bootstrap likelihood -63929.839940, best rearrangement setting 11
Bootstrap[40]: Time 5.850058 seconds, bootstrap likelihood -64746.155539, best rearrangement setting 15
Bootstrap[41]: Time 1.142524 seconds, bootstrap likelihood -63621.577019, best rearrangement setting 8
Bootstrap[42]: Time 0.959940 seconds, bootstrap likelihood -63193.873168, best rearrangement setting 15
Bootstrap[43]: Time 0.931624 seconds, bootstrap likelihood -63662.168496, best rearrangement setting 6
Bootstrap[44]: Time 3.569836 seconds, bootstrap likelihood -63387.467582, best rearrangement setting 11
Bootstrap[45]: Time 1.194461 seconds, bootstrap likelihood -63736.069719, best rearrangement setting 14
Bootstrap[46]: Time 0.991688 seconds, bootstrap likelihood -65709.988677, best rearrangement setting 6
Bootstrap[47]: Time 0.838641 seconds, bootstrap likelihood -66471.431876, best rearrangement setting 5
Bootstrap[48]: Time 0.934227 seconds, bootstrap likelihood -63855.695188, best rearrangement setting 7
Bootstrap[49]: Time 1.078772 seconds, bootstrap likelihood -63990.033706, best rearrangement setting 7
Bootstrap[50]: Time 1.199627 seconds, bootstrap likelihood -62525.765708, best rearrangement setting 13
Bootstrap[51]: Time 1.048214 seconds, bootstrap likelihood -64624.543605, best rearrangement setting 14
Bootstrap[52]: Time 1.085843 seconds, bootstrap likelihood -64437.975678, best rearrangement setting 14
Bootstrap[53]: Time 1.654237 seconds, bootstrap likelihood -63847.593224, best rearrangement setting 14
Bootstrap[54]: Time 1.013845 seconds, bootstrap likelihood -64266.834063, best rearrangement setting 11
Bootstrap[55]: Time 16.123792 seconds, bootstrap likelihood -65022.750139, best rearrangement setting 6
Bootstrap[56]: Time 1.245302 seconds, bootstrap likelihood -63831.258058, best rearrangement setting 15
Bootstrap[57]: Time 17.859273 seconds, bootstrap likelihood -64101.266710, best rearrangement setting 13
Bootstrap[58]: Time 48.556849 seconds, bootstrap likelihood -65079.426468, best rearrangement setting 12
Bootstrap[59]: Time 0.969317 seconds, bootstrap likelihood -64683.316125, best rearrangement setting 7
Bootstrap[60]: Time 1.064608 seconds, bootstrap likelihood -63671.430924, best rearrangement setting 7
Bootstrap[61]: Time 1.189793 seconds, bootstrap likelihood -65654.932979, best rearrangement setting 9
Bootstrap[62]: Time 0.960206 seconds, bootstrap likelihood -63834.872099, best rearrangement setting 11
Bootstrap[63]: Time 1.810882 seconds, bootstrap likelihood -65531.673671, best rearrangement setting 11
Bootstrap[64]: Time 1.348721 seconds, bootstrap likelihood -64562.349028, best rearrangement setting 10
Bootstrap[65]: Time 1.008798 seconds, bootstrap likelihood -65499.226643, best rearrangement setting 8
Bootstrap[66]: Time 0.891262 seconds, bootstrap likelihood -64883.538415, best rearrangement setting 6
Bootstrap[67]: Time 1.080153 seconds, bootstrap likelihood -65994.260009, best rearrangement setting 13
Bootstrap[68]: Time 2.873349 seconds, bootstrap likelihood -64884.416010, best rearrangement setting 12
Bootstrap[69]: Time 1.162051 seconds, bootstrap likelihood -63731.812882, best rearrangement setting 12
Bootstrap[70]: Time 1.175199 seconds, bootstrap likelihood -64270.377439, best rearrangement setting 9
Bootstrap[71]: Time 1.274273 seconds, bootstrap likelihood -64815.149703, best rearrangement setting 12
Bootstrap[72]: Time 0.955545 seconds, bootstrap likelihood -63912.623808, best rearrangement setting 8
Bootstrap[73]: Time 0.996225 seconds, bootstrap likelihood -64150.603389, best rearrangement setting 11
Bootstrap[74]: Time 1.043459 seconds, bootstrap likelihood -64068.943250, best rearrangement setting 11
Bootstrap[75]: Time 1.065398 seconds, bootstrap likelihood -64282.757495, best rearrangement setting 13
Bootstrap[76]: Time 0.782449 seconds, bootstrap likelihood -63541.498169, best rearrangement setting 5
Bootstrap[77]: Time 3.576561 seconds, bootstrap likelihood -64331.011613, best rearrangement setting 10
Bootstrap[78]: Time 1.110993 seconds, bootstrap likelihood -64932.446496, best rearrangement setting 9
Bootstrap[79]: Time 1.066956 seconds, bootstrap likelihood -65281.552103, best rearrangement setting 8
Bootstrap[80]: Time 1.034074 seconds, bootstrap likelihood -63765.876731, best rearrangement setting 7
Bootstrap[81]: Time 1.167996 seconds, bootstrap likelihood -63878.595271, best rearrangement setting 10
Bootstrap[82]: Time 1.117113 seconds, bootstrap likelihood -64246.766386, best rearrangement setting 8
Bootstrap[83]: Time 0.921051 seconds, bootstrap likelihood -65159.396515, best rearrangement setting 7
Bootstrap[84]: Time 1.054814 seconds, bootstrap likelihood -63171.455990, best rearrangement setting 8
Bootstrap[85]: Time 1.218879 seconds, bootstrap likelihood -64491.551557, best rearrangement setting 9
Bootstrap[86]: Time 1.357915 seconds, bootstrap likelihood -63646.118681, best rearrangement setting 6
Bootstrap[87]: Time 1.008564 seconds, bootstrap likelihood -62627.242677, best rearrangement setting 14
Bootstrap[88]: Time 3.888443 seconds, bootstrap likelihood -64704.123703, best rearrangement setting 6
Bootstrap[89]: Time 4.480009 seconds, bootstrap likelihood -64590.019818, best rearrangement setting 14
Bootstrap[90]: Time 1.136553 seconds, bootstrap likelihood -64492.630549, best rearrangement setting 12
Bootstrap[91]: Time 4.614939 seconds, bootstrap likelihood -63326.155159, best rearrangement setting 14
Bootstrap[92]: Time 5.406998 seconds, bootstrap likelihood -64463.166822, best rearrangement setting 15
Bootstrap[93]: Time 1.630069 seconds, bootstrap likelihood -65072.246069, best rearrangement setting 15
Bootstrap[94]: Time 0.936564 seconds, bootstrap likelihood -64208.599838, best rearrangement setting 6
Bootstrap[95]: Time 0.950457 seconds, bootstrap likelihood -66566.804972, best rearrangement setting 6
Bootstrap[96]: Time 0.931193 seconds, bootstrap likelihood -64111.113251, best rearrangement setting 7
Bootstrap[97]: Time 1.145335 seconds, bootstrap likelihood -63583.466517, best rearrangement setting 10
Bootstrap[98]: Time 3.840458 seconds, bootstrap likelihood -62059.349237, best rearrangement setting 9
Bootstrap[99]: Time 1.139130 seconds, bootstrap likelihood -66324.323873, best rearrangement setting 10


Overall Time for 100 Rapid Bootstraps 226.200906 seconds
Average Time per Rapid Bootstrap 2.262009 seconds

Starting ML Search ...

Fast ML optimization finished

Fast ML search Time: 268.795912 seconds

Slow ML Search 0 Likelihood: -64395.599885
Slow ML Search 1 Likelihood: -64397.373207
Slow ML Search 2 Likelihood: -64400.016850
Slow ML Search 3 Likelihood: -64399.966077
Slow ML Search 4 Likelihood: -64404.919295
Slow ML Search 5 Likelihood: -64407.660360
Slow ML Search 6 Likelihood: -64398.104082
Slow ML Search 7 Likelihood: -64408.764290
Slow ML Search 8 Likelihood: -64407.176677
Slow ML Search 9 Likelihood: -64397.373207
Slow ML optimization finished

Slow ML search Time: 24.122432 seconds
Thorough ML search Time: 1.829397 seconds

Final ML Optimization Likelihood: -64395.599885

Model Information:

Model Parameters of Partition 0, Name: No Name Provided, Type of Data: DNA
alpha: 0.324374
Tree-Length: 3.047869
rate A <-> C: 2.259921
rate A <-> G: 5.542739
rate A <-> T: 0.927817
rate C <-> G: 0.938167
rate C <-> T: 6.463478
rate G <-> T: 1.000000

freq pi(A): 0.369998
freq pi(C): 0.174262
freq pi(G): 0.234162
freq pi(T): 0.221578


ML search took 294.777164 secs or 0.081883 hours

Combined Bootstrap and ML search took 520.978248 secs or 0.144716 hours

Drawing Bootstrap Support Values on best-scoring ML tree ...



Found 1 tree in File /gpfs_home/mhowison/code/hiv-profile-sampling/scratch/trees/gag-pol-env/RAxML_bestTree.sample.464



Found 1 tree in File /gpfs_home/mhowison/code/hiv-profile-sampling/scratch/trees/gag-pol-env/RAxML_bestTree.sample.464

Program execution info written to /gpfs_home/mhowison/code/hiv-profile-sampling/scratch/trees/gag-pol-env/RAxML_info.sample.464
All 100 bootstrapped trees written to: /gpfs_home/mhowison/code/hiv-profile-sampling/scratch/trees/gag-pol-env/RAxML_bootstrap.sample.464

Best-scoring ML tree written to: /gpfs_home/mhowison/code/hiv-profile-sampling/scratch/trees/gag-pol-env/RAxML_bestTree.sample.464

Best-scoring ML tree with support values written to: /gpfs_home/mhowison/code/hiv-profile-sampling/scratch/trees/gag-pol-env/RAxML_bipartitions.sample.464

Best-scoring ML tree with support values as branch labels written to: /gpfs_home/mhowison/code/hiv-profile-sampling/scratch/trees/gag-pol-env/RAxML_bipartitionsBranchLabels.sample.464

Overall execution time for full ML analysis: 520.981529 secs or 0.144717 hours or 0.006030 days

