srun: job 264315 queued and waiting for resources
srun: job 264315 has been allocated resources
Warning, you specified a working directory via "-w"
Keep in mind that RAxML only accepts absolute path names, not relative ones!

RAxML can't, parse the alignment file as phylip file 
it will now try to parse it as FASTA file



Using BFGS method to optimize GTR rate parameters, to disable this specify "--no-bfgs" 


This is the RAxML Master Pthread

This is RAxML Worker Pthread Number: 4

This is RAxML Worker Pthread Number: 1

This is RAxML Worker Pthread Number: 2

This is RAxML Worker Pthread Number: 3

This is RAxML Worker Pthread Number: 8

This is RAxML Worker Pthread Number: 6

This is RAxML Worker Pthread Number: 5

This is RAxML Worker Pthread Number: 7

This is RAxML Worker Pthread Number: 9

This is RAxML Worker Pthread Number: 10

This is RAxML Worker Pthread Number: 13

This is RAxML Worker Pthread Number: 11

This is RAxML Worker Pthread Number: 14

This is RAxML Worker Pthread Number: 12

This is RAxML Worker Pthread Number: 16

This is RAxML Worker Pthread Number: 15

This is RAxML Worker Pthread Number: 18

This is RAxML Worker Pthread Number: 17

This is RAxML Worker Pthread Number: 19


This is RAxML version 8.2.12 released by Alexandros Stamatakis on May 2018.

With greatly appreciated code contributions by:
Andre Aberer      (HITS)
Simon Berger      (HITS)
Alexey Kozlov     (HITS)
Kassian Kobert    (HITS)
David Dao         (KIT and HITS)
Sarah Lutteropp   (KIT and HITS)
Nick Pattengale   (Sandia)
Wayne Pfeiffer    (SDSC)
Akifumi S. Tanabe (NRIFS)
Charlie Taylor    (UF)


Alignment has 3198 distinct alignment patterns

Proportion of gaps and completely undetermined characters in this alignment: 6.11%

RAxML rapid bootstrapping and subsequent ML search

Using 1 distinct models/data partitions with joint branch length optimization



Executing 100 rapid bootstrap inferences and thereafter a thorough ML search 

All free model parameters will be estimated by RAxML
GAMMA model of rate heterogeneity, ML estimate of alpha-parameter

GAMMA Model parameters will be estimated up to an accuracy of 0.1000000000 Log Likelihood units

Partition: 0
Alignment Patterns: 3198
Name: No Name Provided
DataType: DNA
Substitution Matrix: GTR




RAxML was called as follows:

raxmlHPC-PTHREADS-AVX -T 20 -s scratch/aligned/gag-pol-env/sample.273.fa -p 4255631835 -x 4255631835 -f a -N 100 -m GTRGAMMA -w /gpfs_home/mhowison/code/hiv-profile-sampling/scratch/trees/gag-pol-env -n sample.273 



Time for BS model parameter optimization 0.179510
Bootstrap[0]: Time 1.377982 seconds, bootstrap likelihood -64962.059227, best rearrangement setting 9
Bootstrap[1]: Time 1.279528 seconds, bootstrap likelihood -64546.934140, best rearrangement setting 11
Bootstrap[2]: Time 1.566427 seconds, bootstrap likelihood -64520.111662, best rearrangement setting 10
Bootstrap[3]: Time 1.292132 seconds, bootstrap likelihood -65161.711419, best rearrangement setting 7
Bootstrap[4]: Time 1.238223 seconds, bootstrap likelihood -66011.495357, best rearrangement setting 10
Bootstrap[5]: Time 1.335738 seconds, bootstrap likelihood -65426.291154, best rearrangement setting 8
Bootstrap[6]: Time 1.158953 seconds, bootstrap likelihood -63770.810689, best rearrangement setting 11
Bootstrap[7]: Time 1.140937 seconds, bootstrap likelihood -65372.936657, best rearrangement setting 14
Bootstrap[8]: Time 1.169888 seconds, bootstrap likelihood -65169.835428, best rearrangement setting 12
Bootstrap[9]: Time 1.000603 seconds, bootstrap likelihood -63368.104963, best rearrangement setting 5
Bootstrap[10]: Time 1.362880 seconds, bootstrap likelihood -65782.380364, best rearrangement setting 10
Bootstrap[11]: Time 1.214746 seconds, bootstrap likelihood -62584.444512, best rearrangement setting 11
Bootstrap[12]: Time 1.159623 seconds, bootstrap likelihood -65357.214129, best rearrangement setting 14
Bootstrap[13]: Time 0.986716 seconds, bootstrap likelihood -67159.985837, best rearrangement setting 5
Bootstrap[14]: Time 1.715784 seconds, bootstrap likelihood -63383.218679, best rearrangement setting 13
Bootstrap[15]: Time 1.316461 seconds, bootstrap likelihood -64321.671632, best rearrangement setting 10
Bootstrap[16]: Time 1.285406 seconds, bootstrap likelihood -64232.253045, best rearrangement setting 10
Bootstrap[17]: Time 1.175425 seconds, bootstrap likelihood -64566.778808, best rearrangement setting 13
Bootstrap[18]: Time 1.154213 seconds, bootstrap likelihood -64038.548791, best rearrangement setting 8
Bootstrap[19]: Time 1.431359 seconds, bootstrap likelihood -63952.252500, best rearrangement setting 7
Bootstrap[20]: Time 1.272328 seconds, bootstrap likelihood -63460.113974, best rearrangement setting 14
Bootstrap[21]: Time 1.239620 seconds, bootstrap likelihood -65570.404590, best rearrangement setting 7
Bootstrap[22]: Time 0.911456 seconds, bootstrap likelihood -65115.171843, best rearrangement setting 5
Bootstrap[23]: Time 0.890527 seconds, bootstrap likelihood -64766.028229, best rearrangement setting 5
Bootstrap[24]: Time 1.170693 seconds, bootstrap likelihood -63850.261482, best rearrangement setting 10
Bootstrap[25]: Time 1.307953 seconds, bootstrap likelihood -64746.646165, best rearrangement setting 7
Bootstrap[26]: Time 1.232066 seconds, bootstrap likelihood -64876.977987, best rearrangement setting 8
Bootstrap[27]: Time 1.647717 seconds, bootstrap likelihood -64273.794708, best rearrangement setting 7
Bootstrap[28]: Time 1.259318 seconds, bootstrap likelihood -64892.307600, best rearrangement setting 12
Bootstrap[29]: Time 0.954521 seconds, bootstrap likelihood -64974.097175, best rearrangement setting 5
Bootstrap[30]: Time 0.946102 seconds, bootstrap likelihood -63911.869541, best rearrangement setting 5
Bootstrap[31]: Time 1.297554 seconds, bootstrap likelihood -65628.866695, best rearrangement setting 9
Bootstrap[32]: Time 1.194566 seconds, bootstrap likelihood -65044.296290, best rearrangement setting 14
Bootstrap[33]: Time 1.256414 seconds, bootstrap likelihood -65241.464759, best rearrangement setting 8
Bootstrap[34]: Time 1.144259 seconds, bootstrap likelihood -63134.165781, best rearrangement setting 8
Bootstrap[35]: Time 1.478893 seconds, bootstrap likelihood -63701.097697, best rearrangement setting 14
Bootstrap[36]: Time 1.176480 seconds, bootstrap likelihood -65333.535143, best rearrangement setting 7
Bootstrap[37]: Time 1.295658 seconds, bootstrap likelihood -63093.980813, best rearrangement setting 11
Bootstrap[38]: Time 1.204916 seconds, bootstrap likelihood -65187.734264, best rearrangement setting 7
Bootstrap[39]: Time 2.467705 seconds, bootstrap likelihood -64440.628725, best rearrangement setting 14
Bootstrap[40]: Time 1.233829 seconds, bootstrap likelihood -64491.724757, best rearrangement setting 14
Bootstrap[41]: Time 1.293866 seconds, bootstrap likelihood -63698.242085, best rearrangement setting 9
Bootstrap[42]: Time 1.686128 seconds, bootstrap likelihood -64637.573626, best rearrangement setting 13
Bootstrap[43]: Time 1.254363 seconds, bootstrap likelihood -63995.008217, best rearrangement setting 10
Bootstrap[44]: Time 1.281324 seconds, bootstrap likelihood -65067.345327, best rearrangement setting 8
Bootstrap[45]: Time 1.173365 seconds, bootstrap likelihood -63409.594415, best rearrangement setting 15
Bootstrap[46]: Time 1.143833 seconds, bootstrap likelihood -64190.021759, best rearrangement setting 14
Bootstrap[47]: Time 1.267633 seconds, bootstrap likelihood -64830.346612, best rearrangement setting 10
Bootstrap[48]: Time 1.096159 seconds, bootstrap likelihood -65207.601477, best rearrangement setting 6
Bootstrap[49]: Time 1.046744 seconds, bootstrap likelihood -65282.679813, best rearrangement setting 6
Bootstrap[50]: Time 1.684425 seconds, bootstrap likelihood -64336.599582, best rearrangement setting 9
Bootstrap[51]: Time 1.271387 seconds, bootstrap likelihood -63315.224376, best rearrangement setting 12
Bootstrap[52]: Time 1.227122 seconds, bootstrap likelihood -64907.303859, best rearrangement setting 12
Bootstrap[53]: Time 1.313821 seconds, bootstrap likelihood -65094.030147, best rearrangement setting 8
Bootstrap[54]: Time 1.267839 seconds, bootstrap likelihood -65244.601689, best rearrangement setting 9
Bootstrap[55]: Time 1.111863 seconds, bootstrap likelihood -64059.377917, best rearrangement setting 6
Bootstrap[56]: Time 1.309749 seconds, bootstrap likelihood -65296.536434, best rearrangement setting 11
Bootstrap[57]: Time 1.315331 seconds, bootstrap likelihood -64683.702142, best rearrangement setting 8
Bootstrap[58]: Time 1.299651 seconds, bootstrap likelihood -63756.529241, best rearrangement setting 11
Bootstrap[59]: Time 1.186719 seconds, bootstrap likelihood -62954.890638, best rearrangement setting 11
Bootstrap[60]: Time 1.265788 seconds, bootstrap likelihood -65265.451852, best rearrangement setting 7
Bootstrap[61]: Time 0.928604 seconds, bootstrap likelihood -64665.062305, best rearrangement setting 5
Bootstrap[62]: Time 1.629008 seconds, bootstrap likelihood -63804.052953, best rearrangement setting 13
Bootstrap[63]: Time 1.331166 seconds, bootstrap likelihood -64721.059321, best rearrangement setting 15
Bootstrap[64]: Time 1.309224 seconds, bootstrap likelihood -65077.911862, best rearrangement setting 10
Bootstrap[65]: Time 1.112427 seconds, bootstrap likelihood -62078.630697, best rearrangement setting 7
Bootstrap[66]: Time 1.452708 seconds, bootstrap likelihood -64413.680981, best rearrangement setting 13
Bootstrap[67]: Time 1.246601 seconds, bootstrap likelihood -65018.062679, best rearrangement setting 8
Bootstrap[68]: Time 1.243664 seconds, bootstrap likelihood -64251.109639, best rearrangement setting 13
Bootstrap[69]: Time 1.276683 seconds, bootstrap likelihood -63740.331784, best rearrangement setting 8
Bootstrap[70]: Time 1.352568 seconds, bootstrap likelihood -65242.623789, best rearrangement setting 13
Bootstrap[71]: Time 1.277517 seconds, bootstrap likelihood -64583.897166, best rearrangement setting 10
Bootstrap[72]: Time 1.144608 seconds, bootstrap likelihood -65404.921794, best rearrangement setting 8
Bootstrap[73]: Time 1.546392 seconds, bootstrap likelihood -63393.990561, best rearrangement setting 12
Bootstrap[74]: Time 1.332662 seconds, bootstrap likelihood -64430.321531, best rearrangement setting 14
Bootstrap[75]: Time 1.299927 seconds, bootstrap likelihood -64683.116743, best rearrangement setting 15
Bootstrap[76]: Time 1.290712 seconds, bootstrap likelihood -64877.625128, best rearrangement setting 15
Bootstrap[77]: Time 1.156857 seconds, bootstrap likelihood -64208.536037, best rearrangement setting 15
Bootstrap[78]: Time 1.255434 seconds, bootstrap likelihood -64998.008382, best rearrangement setting 10
Bootstrap[79]: Time 1.150183 seconds, bootstrap likelihood -64004.112521, best rearrangement setting 10
Bootstrap[80]: Time 0.948294 seconds, bootstrap likelihood -65278.983868, best rearrangement setting 5
Bootstrap[81]: Time 1.377663 seconds, bootstrap likelihood -64875.318273, best rearrangement setting 14
Bootstrap[82]: Time 1.189099 seconds, bootstrap likelihood -64764.684611, best rearrangement setting 10
Bootstrap[83]: Time 1.240986 seconds, bootstrap likelihood -64376.475675, best rearrangement setting 11
Bootstrap[84]: Time 0.885995 seconds, bootstrap likelihood -64827.153951, best rearrangement setting 5
Bootstrap[85]: Time 1.476709 seconds, bootstrap likelihood -64882.567327, best rearrangement setting 8
Bootstrap[86]: Time 1.242846 seconds, bootstrap likelihood -65878.075932, best rearrangement setting 14
Bootstrap[87]: Time 1.021427 seconds, bootstrap likelihood -64061.614175, best rearrangement setting 6
Bootstrap[88]: Time 1.126696 seconds, bootstrap likelihood -63154.666505, best rearrangement setting 9
Bootstrap[89]: Time 1.205879 seconds, bootstrap likelihood -66095.741149, best rearrangement setting 8
Bootstrap[90]: Time 1.469780 seconds, bootstrap likelihood -64855.890521, best rearrangement setting 6
Bootstrap[91]: Time 1.225151 seconds, bootstrap likelihood -65385.785251, best rearrangement setting 14
Bootstrap[92]: Time 1.094865 seconds, bootstrap likelihood -62646.173118, best rearrangement setting 15
Bootstrap[93]: Time 1.175404 seconds, bootstrap likelihood -65637.362843, best rearrangement setting 12
Bootstrap[94]: Time 1.174700 seconds, bootstrap likelihood -63561.020240, best rearrangement setting 8
Bootstrap[95]: Time 1.115702 seconds, bootstrap likelihood -64714.603945, best rearrangement setting 14
Bootstrap[96]: Time 0.903956 seconds, bootstrap likelihood -65381.577868, best rearrangement setting 5
Bootstrap[97]: Time 0.971785 seconds, bootstrap likelihood -64500.667998, best rearrangement setting 5
Bootstrap[98]: Time 2.139937 seconds, bootstrap likelihood -65010.895999, best rearrangement setting 9
Bootstrap[99]: Time 0.974695 seconds, bootstrap likelihood -63678.169990, best rearrangement setting 5


Overall Time for 100 Rapid Bootstraps 125.809028 seconds
Average Time per Rapid Bootstrap 1.258090 seconds

Starting ML Search ...

Fast ML optimization finished

Fast ML search Time: 89.504184 seconds

Slow ML Search 0 Likelihood: -64623.960531
Slow ML Search 1 Likelihood: -64624.732851
Slow ML Search 2 Likelihood: -64624.837012
Slow ML Search 3 Likelihood: -64624.996638
Slow ML Search 4 Likelihood: -64625.641361
Slow ML Search 5 Likelihood: -64624.905304
Slow ML Search 6 Likelihood: -64626.429408
Slow ML Search 7 Likelihood: -64626.959895
Slow ML Search 8 Likelihood: -64627.347052
Slow ML Search 9 Likelihood: -64627.271780
Slow ML optimization finished

Slow ML search Time: 26.021447 seconds
Thorough ML search Time: 2.596786 seconds

Final ML Optimization Likelihood: -64623.960529

Model Information:

Model Parameters of Partition 0, Name: No Name Provided, Type of Data: DNA
alpha: 0.328417
Tree-Length: 3.038554
rate A <-> C: 2.212358
rate A <-> G: 5.544350
rate A <-> T: 0.963512
rate C <-> G: 0.933882
rate C <-> T: 6.360111
rate G <-> T: 1.000000

freq pi(A): 0.369970
freq pi(C): 0.174146
freq pi(G): 0.234239
freq pi(T): 0.221646


ML search took 118.128572 secs or 0.032813 hours

Combined Bootstrap and ML search took 243.937728 secs or 0.067760 hours

Drawing Bootstrap Support Values on best-scoring ML tree ...



Found 1 tree in File /gpfs_home/mhowison/code/hiv-profile-sampling/scratch/trees/gag-pol-env/RAxML_bestTree.sample.273



Found 1 tree in File /gpfs_home/mhowison/code/hiv-profile-sampling/scratch/trees/gag-pol-env/RAxML_bestTree.sample.273

Program execution info written to /gpfs_home/mhowison/code/hiv-profile-sampling/scratch/trees/gag-pol-env/RAxML_info.sample.273
All 100 bootstrapped trees written to: /gpfs_home/mhowison/code/hiv-profile-sampling/scratch/trees/gag-pol-env/RAxML_bootstrap.sample.273

Best-scoring ML tree written to: /gpfs_home/mhowison/code/hiv-profile-sampling/scratch/trees/gag-pol-env/RAxML_bestTree.sample.273

Best-scoring ML tree with support values written to: /gpfs_home/mhowison/code/hiv-profile-sampling/scratch/trees/gag-pol-env/RAxML_bipartitions.sample.273

Best-scoring ML tree with support values as branch labels written to: /gpfs_home/mhowison/code/hiv-profile-sampling/scratch/trees/gag-pol-env/RAxML_bipartitionsBranchLabels.sample.273

Overall execution time for full ML analysis: 243.941841 secs or 0.067762 hours or 0.002823 days

