srun: job 264286 queued and waiting for resources
srun: job 264286 has been allocated resources
Warning, you specified a working directory via "-w"
Keep in mind that RAxML only accepts absolute path names, not relative ones!

RAxML can't, parse the alignment file as phylip file 
it will now try to parse it as FASTA file



Using BFGS method to optimize GTR rate parameters, to disable this specify "--no-bfgs" 


This is the RAxML Master Pthread

This is RAxML Worker Pthread Number: 1

This is RAxML Worker Pthread Number: 6

This is RAxML Worker Pthread Number: 4

This is RAxML Worker Pthread Number: 2

This is RAxML Worker Pthread Number: 5

This is RAxML Worker Pthread Number: 7

This is RAxML Worker Pthread Number: 3

This is RAxML Worker Pthread Number: 8

This is RAxML Worker Pthread Number: 9

This is RAxML Worker Pthread Number: 10

This is RAxML Worker Pthread Number: 11

This is RAxML Worker Pthread Number: 13

This is RAxML Worker Pthread Number: 12

This is RAxML Worker Pthread Number: 15

This is RAxML Worker Pthread Number: 14

This is RAxML Worker Pthread Number: 16

This is RAxML Worker Pthread Number: 17

This is RAxML Worker Pthread Number: 18

This is RAxML Worker Pthread Number: 19


This is RAxML version 8.2.12 released by Alexandros Stamatakis on May 2018.

With greatly appreciated code contributions by:
Andre Aberer      (HITS)
Simon Berger      (HITS)
Alexey Kozlov     (HITS)
Kassian Kobert    (HITS)
David Dao         (KIT and HITS)
Sarah Lutteropp   (KIT and HITS)
Nick Pattengale   (Sandia)
Wayne Pfeiffer    (SDSC)
Akifumi S. Tanabe (NRIFS)
Charlie Taylor    (UF)


Alignment has 3163 distinct alignment patterns

Proportion of gaps and completely undetermined characters in this alignment: 6.11%

RAxML rapid bootstrapping and subsequent ML search

Using 1 distinct models/data partitions with joint branch length optimization



Executing 100 rapid bootstrap inferences and thereafter a thorough ML search 

All free model parameters will be estimated by RAxML
GAMMA model of rate heterogeneity, ML estimate of alpha-parameter

GAMMA Model parameters will be estimated up to an accuracy of 0.1000000000 Log Likelihood units

Partition: 0
Alignment Patterns: 3163
Name: No Name Provided
DataType: DNA
Substitution Matrix: GTR




RAxML was called as follows:

raxmlHPC-PTHREADS-AVX -T 20 -s scratch/aligned/gag-pol-env/sample.250.fa -p 2415748899 -x 2415748899 -f a -N 100 -m GTRGAMMA -w /gpfs_home/mhowison/code/hiv-profile-sampling/scratch/trees/gag-pol-env -n sample.250 



Time for BS model parameter optimization 0.175727
Bootstrap[0]: Time 1.839551 seconds, bootstrap likelihood -63019.952182, best rearrangement setting 8
Bootstrap[1]: Time 1.161168 seconds, bootstrap likelihood -64228.769603, best rearrangement setting 14
Bootstrap[2]: Time 0.899717 seconds, bootstrap likelihood -63848.691871, best rearrangement setting 5
Bootstrap[3]: Time 0.967015 seconds, bootstrap likelihood -63651.947614, best rearrangement setting 7
Bootstrap[4]: Time 1.265062 seconds, bootstrap likelihood -63972.637131, best rearrangement setting 9
Bootstrap[5]: Time 1.785109 seconds, bootstrap likelihood -66054.372365, best rearrangement setting 15
Bootstrap[6]: Time 1.165921 seconds, bootstrap likelihood -64747.562924, best rearrangement setting 6
Bootstrap[7]: Time 1.147230 seconds, bootstrap likelihood -64325.031211, best rearrangement setting 13
Bootstrap[8]: Time 1.038943 seconds, bootstrap likelihood -64923.522989, best rearrangement setting 9
Bootstrap[9]: Time 0.904979 seconds, bootstrap likelihood -64460.554520, best rearrangement setting 5
Bootstrap[10]: Time 1.075066 seconds, bootstrap likelihood -63898.257749, best rearrangement setting 9
Bootstrap[11]: Time 1.003265 seconds, bootstrap likelihood -62970.189330, best rearrangement setting 6
Bootstrap[12]: Time 1.149939 seconds, bootstrap likelihood -65302.506284, best rearrangement setting 12
Bootstrap[13]: Time 1.513435 seconds, bootstrap likelihood -64404.351952, best rearrangement setting 15
Bootstrap[14]: Time 1.156940 seconds, bootstrap likelihood -63499.971497, best rearrangement setting 10
Bootstrap[15]: Time 1.053470 seconds, bootstrap likelihood -63805.556684, best rearrangement setting 14
Bootstrap[16]: Time 1.115994 seconds, bootstrap likelihood -62990.006688, best rearrangement setting 12
Bootstrap[17]: Time 1.275049 seconds, bootstrap likelihood -65970.456292, best rearrangement setting 14
Bootstrap[18]: Time 1.194839 seconds, bootstrap likelihood -65405.364580, best rearrangement setting 8
Bootstrap[19]: Time 0.883577 seconds, bootstrap likelihood -62803.674473, best rearrangement setting 5
Bootstrap[20]: Time 1.037169 seconds, bootstrap likelihood -63704.861607, best rearrangement setting 14
Bootstrap[21]: Time 1.082617 seconds, bootstrap likelihood -64915.763898, best rearrangement setting 13
Bootstrap[22]: Time 1.260593 seconds, bootstrap likelihood -64673.141409, best rearrangement setting 14
Bootstrap[23]: Time 1.106548 seconds, bootstrap likelihood -64132.538399, best rearrangement setting 7
Bootstrap[24]: Time 1.037651 seconds, bootstrap likelihood -63232.123398, best rearrangement setting 11
Bootstrap[25]: Time 1.111350 seconds, bootstrap likelihood -62720.682354, best rearrangement setting 11
Bootstrap[26]: Time 10.567253 seconds, bootstrap likelihood -64585.304067, best rearrangement setting 8
Bootstrap[27]: Time 1.094043 seconds, bootstrap likelihood -65189.671271, best rearrangement setting 10
Bootstrap[28]: Time 1.139212 seconds, bootstrap likelihood -63244.123126, best rearrangement setting 8
Bootstrap[29]: Time 1.174308 seconds, bootstrap likelihood -65540.481703, best rearrangement setting 9
Bootstrap[30]: Time 1.255493 seconds, bootstrap likelihood -63354.415232, best rearrangement setting 12
Bootstrap[31]: Time 1.484941 seconds, bootstrap likelihood -63210.635940, best rearrangement setting 15
Bootstrap[32]: Time 1.181023 seconds, bootstrap likelihood -64364.319609, best rearrangement setting 12
Bootstrap[33]: Time 0.936816 seconds, bootstrap likelihood -61429.826800, best rearrangement setting 5
Bootstrap[34]: Time 1.196250 seconds, bootstrap likelihood -64074.313656, best rearrangement setting 13
Bootstrap[35]: Time 0.856411 seconds, bootstrap likelihood -63775.887841, best rearrangement setting 5
Bootstrap[36]: Time 1.079590 seconds, bootstrap likelihood -63840.220617, best rearrangement setting 6
Bootstrap[37]: Time 1.344225 seconds, bootstrap likelihood -64321.623719, best rearrangement setting 8
Bootstrap[38]: Time 1.245000 seconds, bootstrap likelihood -64670.178328, best rearrangement setting 12
Bootstrap[39]: Time 1.165368 seconds, bootstrap likelihood -64187.136561, best rearrangement setting 11
Bootstrap[40]: Time 1.312670 seconds, bootstrap likelihood -62773.897640, best rearrangement setting 15
Bootstrap[41]: Time 1.275199 seconds, bootstrap likelihood -65478.800176, best rearrangement setting 14
Bootstrap[42]: Time 1.215044 seconds, bootstrap likelihood -65165.876353, best rearrangement setting 12
Bootstrap[43]: Time 4.335989 seconds, bootstrap likelihood -65301.989117, best rearrangement setting 13
Bootstrap[44]: Time 0.875251 seconds, bootstrap likelihood -65409.232180, best rearrangement setting 5
Bootstrap[45]: Time 1.200455 seconds, bootstrap likelihood -64811.123610, best rearrangement setting 13
Bootstrap[46]: Time 1.425484 seconds, bootstrap likelihood -65169.757897, best rearrangement setting 7
Bootstrap[47]: Time 1.146014 seconds, bootstrap likelihood -64091.038905, best rearrangement setting 10
Bootstrap[48]: Time 1.118014 seconds, bootstrap likelihood -64111.627764, best rearrangement setting 15
Bootstrap[49]: Time 1.044362 seconds, bootstrap likelihood -62451.060431, best rearrangement setting 11
Bootstrap[50]: Time 1.182502 seconds, bootstrap likelihood -64711.577550, best rearrangement setting 15
Bootstrap[51]: Time 1.206949 seconds, bootstrap likelihood -64683.996679, best rearrangement setting 14
Bootstrap[52]: Time 1.143017 seconds, bootstrap likelihood -63035.854768, best rearrangement setting 7
Bootstrap[53]: Time 1.173026 seconds, bootstrap likelihood -64229.030057, best rearrangement setting 10
Bootstrap[54]: Time 1.301350 seconds, bootstrap likelihood -64698.630501, best rearrangement setting 6
Bootstrap[55]: Time 1.174158 seconds, bootstrap likelihood -65016.020602, best rearrangement setting 10
Bootstrap[56]: Time 1.079031 seconds, bootstrap likelihood -63175.946586, best rearrangement setting 8
Bootstrap[57]: Time 1.265886 seconds, bootstrap likelihood -63800.175636, best rearrangement setting 8
Bootstrap[58]: Time 0.878871 seconds, bootstrap likelihood -63190.292174, best rearrangement setting 5
Bootstrap[59]: Time 1.276929 seconds, bootstrap likelihood -62556.182774, best rearrangement setting 12
Bootstrap[60]: Time 1.216058 seconds, bootstrap likelihood -62927.341192, best rearrangement setting 10
Bootstrap[61]: Time 1.236667 seconds, bootstrap likelihood -64457.121866, best rearrangement setting 11
Bootstrap[62]: Time 1.203818 seconds, bootstrap likelihood -64264.987268, best rearrangement setting 8
Bootstrap[63]: Time 1.096965 seconds, bootstrap likelihood -64108.252559, best rearrangement setting 12
Bootstrap[64]: Time 1.148110 seconds, bootstrap likelihood -63595.024788, best rearrangement setting 9
Bootstrap[65]: Time 1.144694 seconds, bootstrap likelihood -63583.918612, best rearrangement setting 15
Bootstrap[66]: Time 1.054116 seconds, bootstrap likelihood -63781.290820, best rearrangement setting 8
Bootstrap[67]: Time 1.525498 seconds, bootstrap likelihood -64556.237171, best rearrangement setting 12
Bootstrap[68]: Time 1.167830 seconds, bootstrap likelihood -64355.337895, best rearrangement setting 12
Bootstrap[69]: Time 1.167037 seconds, bootstrap likelihood -63839.958289, best rearrangement setting 8
Bootstrap[70]: Time 1.154028 seconds, bootstrap likelihood -64184.552115, best rearrangement setting 7
Bootstrap[71]: Time 0.953367 seconds, bootstrap likelihood -63946.194804, best rearrangement setting 7
Bootstrap[72]: Time 17.303061 seconds, bootstrap likelihood -65031.336795, best rearrangement setting 9
Bootstrap[73]: Time 1.173971 seconds, bootstrap likelihood -62973.495487, best rearrangement setting 11
Bootstrap[74]: Time 1.168641 seconds, bootstrap likelihood -64256.791799, best rearrangement setting 14
Bootstrap[75]: Time 1.203382 seconds, bootstrap likelihood -64387.672829, best rearrangement setting 15
Bootstrap[76]: Time 1.129297 seconds, bootstrap likelihood -65671.721464, best rearrangement setting 9
Bootstrap[77]: Time 1.066007 seconds, bootstrap likelihood -64531.851504, best rearrangement setting 14
Bootstrap[78]: Time 1.146887 seconds, bootstrap likelihood -65422.089232, best rearrangement setting 13
Bootstrap[79]: Time 1.400368 seconds, bootstrap likelihood -63514.669787, best rearrangement setting 12
Bootstrap[80]: Time 1.096413 seconds, bootstrap likelihood -65312.309903, best rearrangement setting 9
Bootstrap[81]: Time 1.120192 seconds, bootstrap likelihood -63898.626262, best rearrangement setting 12
Bootstrap[82]: Time 1.157627 seconds, bootstrap likelihood -63311.119175, best rearrangement setting 9
Bootstrap[83]: Time 1.460826 seconds, bootstrap likelihood -63948.042386, best rearrangement setting 15
Bootstrap[84]: Time 0.872312 seconds, bootstrap likelihood -64944.347022, best rearrangement setting 5
Bootstrap[85]: Time 1.161819 seconds, bootstrap likelihood -64000.992301, best rearrangement setting 11
Bootstrap[86]: Time 1.212033 seconds, bootstrap likelihood -64880.160175, best rearrangement setting 8
Bootstrap[87]: Time 1.274926 seconds, bootstrap likelihood -64651.355985, best rearrangement setting 13
Bootstrap[88]: Time 1.220308 seconds, bootstrap likelihood -64646.299428, best rearrangement setting 12
Bootstrap[89]: Time 1.244651 seconds, bootstrap likelihood -64081.656157, best rearrangement setting 9
Bootstrap[90]: Time 1.273145 seconds, bootstrap likelihood -63648.018436, best rearrangement setting 9
Bootstrap[91]: Time 1.363695 seconds, bootstrap likelihood -62680.921694, best rearrangement setting 7
Bootstrap[92]: Time 1.176230 seconds, bootstrap likelihood -64931.469967, best rearrangement setting 12
Bootstrap[93]: Time 1.197555 seconds, bootstrap likelihood -63559.589142, best rearrangement setting 15
Bootstrap[94]: Time 1.200951 seconds, bootstrap likelihood -63901.167245, best rearrangement setting 9
Bootstrap[95]: Time 1.166369 seconds, bootstrap likelihood -64255.657406, best rearrangement setting 13
Bootstrap[96]: Time 1.272607 seconds, bootstrap likelihood -63358.378979, best rearrangement setting 8
Bootstrap[97]: Time 1.110862 seconds, bootstrap likelihood -64450.800209, best rearrangement setting 7
Bootstrap[98]: Time 1.077321 seconds, bootstrap likelihood -63682.655627, best rearrangement setting 7
Bootstrap[99]: Time 1.147616 seconds, bootstrap likelihood -64549.098556, best rearrangement setting 9


Overall Time for 100 Rapid Bootstraps 146.135503 seconds
Average Time per Rapid Bootstrap 1.461355 seconds

Starting ML Search ...

Fast ML optimization finished

Fast ML search Time: 142.154330 seconds

Slow ML Search 0 Likelihood: -64334.515014
Slow ML Search 1 Likelihood: -64336.650112
Slow ML Search 2 Likelihood: -64337.051477
Slow ML Search 3 Likelihood: -64337.051476
Slow ML Search 4 Likelihood: -64338.371128
Slow ML Search 5 Likelihood: -64340.388671
Slow ML Search 6 Likelihood: -64340.388672
Slow ML Search 7 Likelihood: -64340.958040
Slow ML Search 8 Likelihood: -64341.077121
Slow ML Search 9 Likelihood: -64341.286389
Slow ML optimization finished

Slow ML search Time: 20.072561 seconds
Thorough ML search Time: 2.067274 seconds

Final ML Optimization Likelihood: -64334.515015

Model Information:

Model Parameters of Partition 0, Name: No Name Provided, Type of Data: DNA
alpha: 0.324409
Tree-Length: 3.027804
rate A <-> C: 2.263518
rate A <-> G: 5.563398
rate A <-> T: 0.919599
rate C <-> G: 0.980287
rate C <-> T: 6.596774
rate G <-> T: 1.000000

freq pi(A): 0.370027
freq pi(C): 0.174209
freq pi(G): 0.234188
freq pi(T): 0.221575


ML search took 164.308041 secs or 0.045641 hours

Combined Bootstrap and ML search took 310.443725 secs or 0.086234 hours

Drawing Bootstrap Support Values on best-scoring ML tree ...



Found 1 tree in File /gpfs_home/mhowison/code/hiv-profile-sampling/scratch/trees/gag-pol-env/RAxML_bestTree.sample.250



Found 1 tree in File /gpfs_home/mhowison/code/hiv-profile-sampling/scratch/trees/gag-pol-env/RAxML_bestTree.sample.250

Program execution info written to /gpfs_home/mhowison/code/hiv-profile-sampling/scratch/trees/gag-pol-env/RAxML_info.sample.250
All 100 bootstrapped trees written to: /gpfs_home/mhowison/code/hiv-profile-sampling/scratch/trees/gag-pol-env/RAxML_bootstrap.sample.250

Best-scoring ML tree written to: /gpfs_home/mhowison/code/hiv-profile-sampling/scratch/trees/gag-pol-env/RAxML_bestTree.sample.250

Best-scoring ML tree with support values written to: /gpfs_home/mhowison/code/hiv-profile-sampling/scratch/trees/gag-pol-env/RAxML_bipartitions.sample.250

Best-scoring ML tree with support values as branch labels written to: /gpfs_home/mhowison/code/hiv-profile-sampling/scratch/trees/gag-pol-env/RAxML_bipartitionsBranchLabels.sample.250

Overall execution time for full ML analysis: 310.463733 secs or 0.086240 hours or 0.003593 days

