srun: job 264493 queued and waiting for resources
srun: job 264493 has been allocated resources
Warning, you specified a working directory via "-w"
Keep in mind that RAxML only accepts absolute path names, not relative ones!

RAxML can't, parse the alignment file as phylip file 
it will now try to parse it as FASTA file



Using BFGS method to optimize GTR rate parameters, to disable this specify "--no-bfgs" 


This is the RAxML Master Pthread

This is RAxML Worker Pthread Number: 1

This is RAxML Worker Pthread Number: 3

This is RAxML Worker Pthread Number: 2

This is RAxML Worker Pthread Number: 4

This is RAxML Worker Pthread Number: 5

This is RAxML Worker Pthread Number: 6

This is RAxML Worker Pthread Number: 7

This is RAxML Worker Pthread Number: 8

This is RAxML Worker Pthread Number: 10

This is RAxML Worker Pthread Number: 11

This is RAxML Worker Pthread Number: 9

This is RAxML Worker Pthread Number: 12

This is RAxML Worker Pthread Number: 13

This is RAxML Worker Pthread Number: 14

This is RAxML Worker Pthread Number: 15

This is RAxML Worker Pthread Number: 17

This is RAxML Worker Pthread Number: 16

This is RAxML Worker Pthread Number: 18

This is RAxML Worker Pthread Number: 19


This is RAxML version 8.2.12 released by Alexandros Stamatakis on May 2018.

With greatly appreciated code contributions by:
Andre Aberer      (HITS)
Simon Berger      (HITS)
Alexey Kozlov     (HITS)
Kassian Kobert    (HITS)
David Dao         (KIT and HITS)
Sarah Lutteropp   (KIT and HITS)
Nick Pattengale   (Sandia)
Wayne Pfeiffer    (SDSC)
Akifumi S. Tanabe (NRIFS)
Charlie Taylor    (UF)


Alignment has 3186 distinct alignment patterns

Proportion of gaps and completely undetermined characters in this alignment: 6.11%

RAxML rapid bootstrapping and subsequent ML search

Using 1 distinct models/data partitions with joint branch length optimization



Executing 100 rapid bootstrap inferences and thereafter a thorough ML search 

All free model parameters will be estimated by RAxML
GAMMA model of rate heterogeneity, ML estimate of alpha-parameter

GAMMA Model parameters will be estimated up to an accuracy of 0.1000000000 Log Likelihood units

Partition: 0
Alignment Patterns: 3186
Name: No Name Provided
DataType: DNA
Substitution Matrix: GTR




RAxML was called as follows:

raxmlHPC-PTHREADS-AVX -T 20 -s scratch/aligned/gag-pol-env/sample.401.fa -p 4116432303 -x 4116432303 -f a -N 100 -m GTRGAMMA -w /gpfs_home/mhowison/code/hiv-profile-sampling/scratch/trees/gag-pol-env -n sample.401 



Time for BS model parameter optimization 0.171340
Bootstrap[0]: Time 7.193116 seconds, bootstrap likelihood -64291.412079, best rearrangement setting 8
Bootstrap[1]: Time 1.204251 seconds, bootstrap likelihood -64418.320884, best rearrangement setting 15
Bootstrap[2]: Time 1.129000 seconds, bootstrap likelihood -62438.692953, best rearrangement setting 9
Bootstrap[3]: Time 1.237446 seconds, bootstrap likelihood -64199.862145, best rearrangement setting 9
Bootstrap[4]: Time 1.170745 seconds, bootstrap likelihood -64259.587888, best rearrangement setting 8
Bootstrap[5]: Time 1.232838 seconds, bootstrap likelihood -64605.357815, best rearrangement setting 11
Bootstrap[6]: Time 1.149031 seconds, bootstrap likelihood -64048.911106, best rearrangement setting 10
Bootstrap[7]: Time 1.085527 seconds, bootstrap likelihood -63170.352489, best rearrangement setting 9
Bootstrap[8]: Time 1.080541 seconds, bootstrap likelihood -63921.329558, best rearrangement setting 7
Bootstrap[9]: Time 1.328034 seconds, bootstrap likelihood -62816.936524, best rearrangement setting 11
Bootstrap[10]: Time 1.125006 seconds, bootstrap likelihood -63535.193263, best rearrangement setting 11
Bootstrap[11]: Time 0.917911 seconds, bootstrap likelihood -65574.385388, best rearrangement setting 5
Bootstrap[12]: Time 1.251084 seconds, bootstrap likelihood -63118.709352, best rearrangement setting 13
Bootstrap[13]: Time 1.187748 seconds, bootstrap likelihood -64864.649058, best rearrangement setting 9
Bootstrap[14]: Time 4.525860 seconds, bootstrap likelihood -64140.045513, best rearrangement setting 14
Bootstrap[15]: Time 1.068713 seconds, bootstrap likelihood -64554.444029, best rearrangement setting 9
Bootstrap[16]: Time 1.097062 seconds, bootstrap likelihood -63258.393133, best rearrangement setting 13
Bootstrap[17]: Time 0.958346 seconds, bootstrap likelihood -63607.418628, best rearrangement setting 10
Bootstrap[18]: Time 1.078185 seconds, bootstrap likelihood -64175.308282, best rearrangement setting 12
Bootstrap[19]: Time 1.122925 seconds, bootstrap likelihood -63890.956608, best rearrangement setting 15
Bootstrap[20]: Time 0.943094 seconds, bootstrap likelihood -65829.169680, best rearrangement setting 5
Bootstrap[21]: Time 1.065828 seconds, bootstrap likelihood -64652.773435, best rearrangement setting 10
Bootstrap[22]: Time 0.854573 seconds, bootstrap likelihood -64770.588544, best rearrangement setting 5
Bootstrap[23]: Time 1.099705 seconds, bootstrap likelihood -63361.632671, best rearrangement setting 13
Bootstrap[24]: Time 1.090788 seconds, bootstrap likelihood -62365.327771, best rearrangement setting 12
Bootstrap[25]: Time 1.241223 seconds, bootstrap likelihood -64529.977969, best rearrangement setting 12
Bootstrap[26]: Time 0.811512 seconds, bootstrap likelihood -65457.754470, best rearrangement setting 5
Bootstrap[27]: Time 1.148087 seconds, bootstrap likelihood -63081.828146, best rearrangement setting 11
Bootstrap[28]: Time 1.168154 seconds, bootstrap likelihood -62789.596851, best rearrangement setting 12
Bootstrap[29]: Time 1.257644 seconds, bootstrap likelihood -64473.399461, best rearrangement setting 15
Bootstrap[30]: Time 1.087467 seconds, bootstrap likelihood -64734.701916, best rearrangement setting 6
Bootstrap[31]: Time 1.344388 seconds, bootstrap likelihood -63672.165072, best rearrangement setting 9
Bootstrap[32]: Time 1.278266 seconds, bootstrap likelihood -63791.323045, best rearrangement setting 13
Bootstrap[33]: Time 1.324001 seconds, bootstrap likelihood -66970.021200, best rearrangement setting 12
Bootstrap[34]: Time 1.172878 seconds, bootstrap likelihood -63549.494341, best rearrangement setting 9
Bootstrap[35]: Time 1.166665 seconds, bootstrap likelihood -63979.911046, best rearrangement setting 9
Bootstrap[36]: Time 1.283157 seconds, bootstrap likelihood -64446.966938, best rearrangement setting 11
Bootstrap[37]: Time 10.497787 seconds, bootstrap likelihood -63086.607698, best rearrangement setting 14
Bootstrap[38]: Time 24.912223 seconds, bootstrap likelihood -66051.925694, best rearrangement setting 7
Bootstrap[39]: Time 1.147827 seconds, bootstrap likelihood -64125.202236, best rearrangement setting 8
Bootstrap[40]: Time 0.963601 seconds, bootstrap likelihood -62828.044070, best rearrangement setting 5
Bootstrap[41]: Time 1.026145 seconds, bootstrap likelihood -63263.798174, best rearrangement setting 7
Bootstrap[42]: Time 6.985233 seconds, bootstrap likelihood -65184.179759, best rearrangement setting 8
Bootstrap[43]: Time 9.800746 seconds, bootstrap likelihood -65318.520119, best rearrangement setting 10
Bootstrap[44]: Time 1.130932 seconds, bootstrap likelihood -64611.971698, best rearrangement setting 8
Bootstrap[45]: Time 1.251556 seconds, bootstrap likelihood -64649.152604, best rearrangement setting 10
Bootstrap[46]: Time 1.224277 seconds, bootstrap likelihood -65111.633175, best rearrangement setting 9
Bootstrap[47]: Time 0.838577 seconds, bootstrap likelihood -63002.653842, best rearrangement setting 5
Bootstrap[48]: Time 1.245824 seconds, bootstrap likelihood -63867.219809, best rearrangement setting 14
Bootstrap[49]: Time 61.512951 seconds, bootstrap likelihood -63528.644975, best rearrangement setting 7
Bootstrap[50]: Time 1.219041 seconds, bootstrap likelihood -64915.062019, best rearrangement setting 15
Bootstrap[51]: Time 0.857860 seconds, bootstrap likelihood -63298.564501, best rearrangement setting 5
Bootstrap[52]: Time 0.903479 seconds, bootstrap likelihood -64925.260327, best rearrangement setting 6
Bootstrap[53]: Time 1.087200 seconds, bootstrap likelihood -63930.050147, best rearrangement setting 13
Bootstrap[54]: Time 1.233284 seconds, bootstrap likelihood -63719.735278, best rearrangement setting 8
Bootstrap[55]: Time 1.027425 seconds, bootstrap likelihood -64366.348849, best rearrangement setting 14
Bootstrap[56]: Time 1.277088 seconds, bootstrap likelihood -64929.737141, best rearrangement setting 10
Bootstrap[57]: Time 1.109396 seconds, bootstrap likelihood -64535.074751, best rearrangement setting 8
Bootstrap[58]: Time 0.984605 seconds, bootstrap likelihood -63803.666306, best rearrangement setting 6
Bootstrap[59]: Time 1.161498 seconds, bootstrap likelihood -64800.941969, best rearrangement setting 7
Bootstrap[60]: Time 1.136952 seconds, bootstrap likelihood -61671.553577, best rearrangement setting 10
Bootstrap[61]: Time 1.036611 seconds, bootstrap likelihood -62064.802958, best rearrangement setting 12
Bootstrap[62]: Time 3.432633 seconds, bootstrap likelihood -63663.643489, best rearrangement setting 5
Bootstrap[63]: Time 1.232757 seconds, bootstrap likelihood -63721.123972, best rearrangement setting 10
Bootstrap[64]: Time 0.895590 seconds, bootstrap likelihood -63690.394125, best rearrangement setting 5
Bootstrap[65]: Time 0.923114 seconds, bootstrap likelihood -61874.466653, best rearrangement setting 5
Bootstrap[66]: Time 1.182817 seconds, bootstrap likelihood -63852.756680, best rearrangement setting 8
Bootstrap[67]: Time 1.231619 seconds, bootstrap likelihood -64228.152341, best rearrangement setting 13
Bootstrap[68]: Time 1.139740 seconds, bootstrap likelihood -63524.487259, best rearrangement setting 9
Bootstrap[69]: Time 6.137847 seconds, bootstrap likelihood -63906.795117, best rearrangement setting 10
Bootstrap[70]: Time 1.144239 seconds, bootstrap likelihood -64281.042943, best rearrangement setting 6
Bootstrap[71]: Time 1.128217 seconds, bootstrap likelihood -64162.930909, best rearrangement setting 7
Bootstrap[72]: Time 1.718595 seconds, bootstrap likelihood -63319.779654, best rearrangement setting 7
Bootstrap[73]: Time 0.934758 seconds, bootstrap likelihood -63209.044993, best rearrangement setting 6
Bootstrap[74]: Time 1.094725 seconds, bootstrap likelihood -63953.186410, best rearrangement setting 8
Bootstrap[75]: Time 1.203588 seconds, bootstrap likelihood -64038.366149, best rearrangement setting 9
Bootstrap[76]: Time 1.206957 seconds, bootstrap likelihood -64354.671172, best rearrangement setting 14
Bootstrap[77]: Time 1.263068 seconds, bootstrap likelihood -63860.396191, best rearrangement setting 14
Bootstrap[78]: Time 1.113741 seconds, bootstrap likelihood -64603.856228, best rearrangement setting 7
Bootstrap[79]: Time 1.105499 seconds, bootstrap likelihood -63582.265512, best rearrangement setting 9
Bootstrap[80]: Time 1.199406 seconds, bootstrap likelihood -64444.160554, best rearrangement setting 15
Bootstrap[81]: Time 21.065267 seconds, bootstrap likelihood -64630.873335, best rearrangement setting 5
Bootstrap[82]: Time 4.838183 seconds, bootstrap likelihood -64379.037943, best rearrangement setting 13
Bootstrap[83]: Time 1.257768 seconds, bootstrap likelihood -64590.714922, best rearrangement setting 9
Bootstrap[84]: Time 3.653855 seconds, bootstrap likelihood -64620.145226, best rearrangement setting 7
Bootstrap[85]: Time 5.447809 seconds, bootstrap likelihood -63258.140127, best rearrangement setting 8
Bootstrap[86]: Time 1.090058 seconds, bootstrap likelihood -63864.267510, best rearrangement setting 6
Bootstrap[87]: Time 1.171648 seconds, bootstrap likelihood -63663.304897, best rearrangement setting 12
Bootstrap[88]: Time 1.178139 seconds, bootstrap likelihood -64896.975574, best rearrangement setting 9
Bootstrap[89]: Time 1.234157 seconds, bootstrap likelihood -63144.278195, best rearrangement setting 14
Bootstrap[90]: Time 1.222678 seconds, bootstrap likelihood -63185.896540, best rearrangement setting 9
Bootstrap[91]: Time 1.181645 seconds, bootstrap likelihood -63822.778179, best rearrangement setting 11
Bootstrap[92]: Time 1.237161 seconds, bootstrap likelihood -64339.223427, best rearrangement setting 9
Bootstrap[93]: Time 1.196397 seconds, bootstrap likelihood -62034.355473, best rearrangement setting 11
Bootstrap[94]: Time 46.398284 seconds, bootstrap likelihood -65356.737035, best rearrangement setting 7
Bootstrap[95]: Time 0.894412 seconds, bootstrap likelihood -63718.206644, best rearrangement setting 7
Bootstrap[96]: Time 1.071734 seconds, bootstrap likelihood -64209.081008, best rearrangement setting 7
Bootstrap[97]: Time 1.017107 seconds, bootstrap likelihood -63223.674880, best rearrangement setting 6
Bootstrap[98]: Time 1.136760 seconds, bootstrap likelihood -64541.795955, best rearrangement setting 14
Bootstrap[99]: Time 5.628473 seconds, bootstrap likelihood -64093.028097, best rearrangement setting 14


Overall Time for 100 Rapid Bootstraps 318.417133 seconds
Average Time per Rapid Bootstrap 3.184171 seconds

Starting ML Search ...

Fast ML optimization finished

Fast ML search Time: 280.883280 seconds

Slow ML Search 0 Likelihood: -64253.700026
Slow ML Search 1 Likelihood: -64255.143932
Slow ML Search 2 Likelihood: -64256.707298
Slow ML Search 3 Likelihood: -64256.707297
Slow ML Search 4 Likelihood: -64258.046865
Slow ML Search 5 Likelihood: -64259.177644
Slow ML Search 6 Likelihood: -64259.816783
Slow ML Search 7 Likelihood: -64258.615603
Slow ML Search 8 Likelihood: -64260.559640
Slow ML Search 9 Likelihood: -64261.961551
Slow ML optimization finished

Slow ML search Time: 200.597983 seconds
Thorough ML search Time: 2.143751 seconds

Final ML Optimization Likelihood: -64253.700025

Model Information:

Model Parameters of Partition 0, Name: No Name Provided, Type of Data: DNA
alpha: 0.327130
Tree-Length: 3.056519
rate A <-> C: 2.205024
rate A <-> G: 5.503208
rate A <-> T: 0.887641
rate C <-> G: 1.034620
rate C <-> T: 6.382718
rate G <-> T: 1.000000

freq pi(A): 0.369603
freq pi(C): 0.174250
freq pi(G): 0.234613
freq pi(T): 0.221534


ML search took 483.632332 secs or 0.134342 hours

Combined Bootstrap and ML search took 802.049595 secs or 0.222792 hours

Drawing Bootstrap Support Values on best-scoring ML tree ...



Found 1 tree in File /gpfs_home/mhowison/code/hiv-profile-sampling/scratch/trees/gag-pol-env/RAxML_bestTree.sample.401



Found 1 tree in File /gpfs_home/mhowison/code/hiv-profile-sampling/scratch/trees/gag-pol-env/RAxML_bestTree.sample.401

Program execution info written to /gpfs_home/mhowison/code/hiv-profile-sampling/scratch/trees/gag-pol-env/RAxML_info.sample.401
All 100 bootstrapped trees written to: /gpfs_home/mhowison/code/hiv-profile-sampling/scratch/trees/gag-pol-env/RAxML_bootstrap.sample.401

Best-scoring ML tree written to: /gpfs_home/mhowison/code/hiv-profile-sampling/scratch/trees/gag-pol-env/RAxML_bestTree.sample.401

Best-scoring ML tree with support values written to: /gpfs_home/mhowison/code/hiv-profile-sampling/scratch/trees/gag-pol-env/RAxML_bipartitions.sample.401

Best-scoring ML tree with support values as branch labels written to: /gpfs_home/mhowison/code/hiv-profile-sampling/scratch/trees/gag-pol-env/RAxML_bipartitionsBranchLabels.sample.401

Overall execution time for full ML analysis: 802.053759 secs or 0.222793 hours or 0.009283 days

