srun: job 264266 queued and waiting for resources
srun: job 264266 has been allocated resources
Warning, you specified a working directory via "-w"
Keep in mind that RAxML only accepts absolute path names, not relative ones!

RAxML can't, parse the alignment file as phylip file 
it will now try to parse it as FASTA file



Using BFGS method to optimize GTR rate parameters, to disable this specify "--no-bfgs" 


This is the RAxML Master Pthread

This is RAxML Worker Pthread Number: 1

This is RAxML Worker Pthread Number: 5

This is RAxML Worker Pthread Number: 2

This is RAxML Worker Pthread Number: 6

This is RAxML Worker Pthread Number: 3

This is RAxML Worker Pthread Number: 4

This is RAxML Worker Pthread Number: 8

This is RAxML Worker Pthread Number: 7

This is RAxML Worker Pthread Number: 10

This is RAxML Worker Pthread Number: 12

This is RAxML Worker Pthread Number: 13

This is RAxML Worker Pthread Number: 9

This is RAxML Worker Pthread Number: 11

This is RAxML Worker Pthread Number: 14

This is RAxML Worker Pthread Number: 16

This is RAxML Worker Pthread Number: 15

This is RAxML Worker Pthread Number: 17

This is RAxML Worker Pthread Number: 18

This is RAxML Worker Pthread Number: 19


This is RAxML version 8.2.12 released by Alexandros Stamatakis on May 2018.

With greatly appreciated code contributions by:
Andre Aberer      (HITS)
Simon Berger      (HITS)
Alexey Kozlov     (HITS)
Kassian Kobert    (HITS)
David Dao         (KIT and HITS)
Sarah Lutteropp   (KIT and HITS)
Nick Pattengale   (Sandia)
Wayne Pfeiffer    (SDSC)
Akifumi S. Tanabe (NRIFS)
Charlie Taylor    (UF)


Alignment has 3181 distinct alignment patterns

Proportion of gaps and completely undetermined characters in this alignment: 6.11%

RAxML rapid bootstrapping and subsequent ML search

Using 1 distinct models/data partitions with joint branch length optimization



Executing 100 rapid bootstrap inferences and thereafter a thorough ML search 

All free model parameters will be estimated by RAxML
GAMMA model of rate heterogeneity, ML estimate of alpha-parameter

GAMMA Model parameters will be estimated up to an accuracy of 0.1000000000 Log Likelihood units

Partition: 0
Alignment Patterns: 3181
Name: No Name Provided
DataType: DNA
Substitution Matrix: GTR




RAxML was called as follows:

raxmlHPC-PTHREADS-AVX -T 20 -s scratch/aligned/gag-pol-env/sample.235.fa -p 5033547473 -x 5033547473 -f a -N 100 -m GTRGAMMA -w /gpfs_home/mhowison/code/hiv-profile-sampling/scratch/trees/gag-pol-env -n sample.235 



Time for BS model parameter optimization 0.177708
Bootstrap[0]: Time 1.534119 seconds, bootstrap likelihood -64614.674779, best rearrangement setting 10
Bootstrap[1]: Time 1.143194 seconds, bootstrap likelihood -65884.210290, best rearrangement setting 15
Bootstrap[2]: Time 1.136397 seconds, bootstrap likelihood -64453.413202, best rearrangement setting 15
Bootstrap[3]: Time 0.950250 seconds, bootstrap likelihood -63870.199841, best rearrangement setting 5
Bootstrap[4]: Time 1.265590 seconds, bootstrap likelihood -63822.679357, best rearrangement setting 11
Bootstrap[5]: Time 1.334855 seconds, bootstrap likelihood -65784.760789, best rearrangement setting 11
Bootstrap[6]: Time 1.220202 seconds, bootstrap likelihood -64750.831222, best rearrangement setting 11
Bootstrap[7]: Time 1.280590 seconds, bootstrap likelihood -64833.990076, best rearrangement setting 12
Bootstrap[8]: Time 1.113276 seconds, bootstrap likelihood -62474.237197, best rearrangement setting 8
Bootstrap[9]: Time 1.198049 seconds, bootstrap likelihood -63301.608252, best rearrangement setting 10
Bootstrap[10]: Time 1.308049 seconds, bootstrap likelihood -65046.847671, best rearrangement setting 12
Bootstrap[11]: Time 1.170199 seconds, bootstrap likelihood -62853.808065, best rearrangement setting 11
Bootstrap[12]: Time 1.278872 seconds, bootstrap likelihood -63152.845572, best rearrangement setting 14
Bootstrap[13]: Time 1.116744 seconds, bootstrap likelihood -65926.513449, best rearrangement setting 7
Bootstrap[14]: Time 2.673530 seconds, bootstrap likelihood -63397.394571, best rearrangement setting 8
Bootstrap[15]: Time 1.088348 seconds, bootstrap likelihood -63215.004162, best rearrangement setting 7
Bootstrap[16]: Time 1.189880 seconds, bootstrap likelihood -63966.285180, best rearrangement setting 7
Bootstrap[17]: Time 1.291887 seconds, bootstrap likelihood -64787.201341, best rearrangement setting 13
Bootstrap[18]: Time 1.212445 seconds, bootstrap likelihood -64427.167395, best rearrangement setting 12
Bootstrap[19]: Time 1.258665 seconds, bootstrap likelihood -64158.817503, best rearrangement setting 15
Bootstrap[20]: Time 1.127635 seconds, bootstrap likelihood -64604.193987, best rearrangement setting 8
Bootstrap[21]: Time 0.972182 seconds, bootstrap likelihood -63375.009059, best rearrangement setting 7
Bootstrap[22]: Time 1.115253 seconds, bootstrap likelihood -63364.645516, best rearrangement setting 8
Bootstrap[23]: Time 1.242482 seconds, bootstrap likelihood -64869.286469, best rearrangement setting 15
Bootstrap[24]: Time 1.201729 seconds, bootstrap likelihood -63516.310125, best rearrangement setting 12
Bootstrap[25]: Time 1.188281 seconds, bootstrap likelihood -64490.592553, best rearrangement setting 12
Bootstrap[26]: Time 1.396117 seconds, bootstrap likelihood -65269.123371, best rearrangement setting 9
Bootstrap[27]: Time 1.251540 seconds, bootstrap likelihood -64039.629216, best rearrangement setting 9
Bootstrap[28]: Time 1.156825 seconds, bootstrap likelihood -63987.186850, best rearrangement setting 9
Bootstrap[29]: Time 0.949225 seconds, bootstrap likelihood -65315.123861, best rearrangement setting 5
Bootstrap[30]: Time 1.271329 seconds, bootstrap likelihood -64553.117894, best rearrangement setting 15
Bootstrap[31]: Time 1.520128 seconds, bootstrap likelihood -65041.419583, best rearrangement setting 8
Bootstrap[32]: Time 1.127293 seconds, bootstrap likelihood -63860.342450, best rearrangement setting 14
Bootstrap[33]: Time 0.912901 seconds, bootstrap likelihood -64278.754225, best rearrangement setting 5
Bootstrap[34]: Time 1.170205 seconds, bootstrap likelihood -63009.365038, best rearrangement setting 14
Bootstrap[35]: Time 0.866318 seconds, bootstrap likelihood -63741.755636, best rearrangement setting 5
Bootstrap[36]: Time 1.266965 seconds, bootstrap likelihood -64157.240010, best rearrangement setting 12
Bootstrap[37]: Time 1.168842 seconds, bootstrap likelihood -64601.474285, best rearrangement setting 10
Bootstrap[38]: Time 1.165663 seconds, bootstrap likelihood -63764.921456, best rearrangement setting 12
Bootstrap[39]: Time 1.570253 seconds, bootstrap likelihood -64944.589886, best rearrangement setting 14
Bootstrap[40]: Time 1.115545 seconds, bootstrap likelihood -64737.496849, best rearrangement setting 7
Bootstrap[41]: Time 1.169173 seconds, bootstrap likelihood -64998.408227, best rearrangement setting 8
Bootstrap[42]: Time 0.843223 seconds, bootstrap likelihood -64707.272927, best rearrangement setting 5
Bootstrap[43]: Time 1.092265 seconds, bootstrap likelihood -65830.738897, best rearrangement setting 7
Bootstrap[44]: Time 1.282054 seconds, bootstrap likelihood -64005.323735, best rearrangement setting 15
Bootstrap[45]: Time 1.048112 seconds, bootstrap likelihood -64136.829233, best rearrangement setting 7
Bootstrap[46]: Time 1.075356 seconds, bootstrap likelihood -64375.087794, best rearrangement setting 15
Bootstrap[47]: Time 1.016912 seconds, bootstrap likelihood -64500.543597, best rearrangement setting 7
Bootstrap[48]: Time 1.066750 seconds, bootstrap likelihood -64452.794568, best rearrangement setting 13
Bootstrap[49]: Time 1.100836 seconds, bootstrap likelihood -63612.890468, best rearrangement setting 12
Bootstrap[50]: Time 1.299486 seconds, bootstrap likelihood -64285.755717, best rearrangement setting 9
Bootstrap[51]: Time 0.996843 seconds, bootstrap likelihood -65253.018679, best rearrangement setting 6
Bootstrap[52]: Time 1.220024 seconds, bootstrap likelihood -64901.892059, best rearrangement setting 13
Bootstrap[53]: Time 1.171137 seconds, bootstrap likelihood -63825.532030, best rearrangement setting 8
Bootstrap[54]: Time 1.327713 seconds, bootstrap likelihood -63154.226405, best rearrangement setting 9
Bootstrap[55]: Time 1.150893 seconds, bootstrap likelihood -63892.933213, best rearrangement setting 15
Bootstrap[56]: Time 1.130504 seconds, bootstrap likelihood -63773.579565, best rearrangement setting 12
Bootstrap[57]: Time 1.059608 seconds, bootstrap likelihood -63101.806923, best rearrangement setting 5
Bootstrap[58]: Time 1.107373 seconds, bootstrap likelihood -64175.260779, best rearrangement setting 8
Bootstrap[59]: Time 1.171970 seconds, bootstrap likelihood -63503.642675, best rearrangement setting 7
Bootstrap[60]: Time 1.199434 seconds, bootstrap likelihood -65361.430847, best rearrangement setting 8
Bootstrap[61]: Time 1.198275 seconds, bootstrap likelihood -64165.955250, best rearrangement setting 9
Bootstrap[62]: Time 1.199370 seconds, bootstrap likelihood -64629.477181, best rearrangement setting 8
Bootstrap[63]: Time 0.887726 seconds, bootstrap likelihood -63662.430742, best rearrangement setting 5
Bootstrap[64]: Time 1.128504 seconds, bootstrap likelihood -63932.352319, best rearrangement setting 13
Bootstrap[65]: Time 1.791599 seconds, bootstrap likelihood -63132.387517, best rearrangement setting 14
Bootstrap[66]: Time 1.371267 seconds, bootstrap likelihood -64424.058474, best rearrangement setting 14
Bootstrap[67]: Time 1.225825 seconds, bootstrap likelihood -64846.208033, best rearrangement setting 11
Bootstrap[68]: Time 1.081022 seconds, bootstrap likelihood -64532.560379, best rearrangement setting 12
Bootstrap[69]: Time 1.136399 seconds, bootstrap likelihood -62393.254470, best rearrangement setting 9
Bootstrap[70]: Time 0.883442 seconds, bootstrap likelihood -64645.285933, best rearrangement setting 5
Bootstrap[71]: Time 1.144209 seconds, bootstrap likelihood -65990.745905, best rearrangement setting 12
Bootstrap[72]: Time 1.033163 seconds, bootstrap likelihood -64884.246282, best rearrangement setting 7
Bootstrap[73]: Time 0.943635 seconds, bootstrap likelihood -64446.921524, best rearrangement setting 5
Bootstrap[74]: Time 1.048664 seconds, bootstrap likelihood -63727.050952, best rearrangement setting 8
Bootstrap[75]: Time 0.934953 seconds, bootstrap likelihood -62969.616675, best rearrangement setting 5
Bootstrap[76]: Time 1.203215 seconds, bootstrap likelihood -62720.337749, best rearrangement setting 15
Bootstrap[77]: Time 1.092504 seconds, bootstrap likelihood -65254.598662, best rearrangement setting 9
Bootstrap[78]: Time 1.280682 seconds, bootstrap likelihood -63630.600640, best rearrangement setting 6
Bootstrap[79]: Time 1.258166 seconds, bootstrap likelihood -64639.787271, best rearrangement setting 15
Bootstrap[80]: Time 1.055201 seconds, bootstrap likelihood -62808.007352, best rearrangement setting 6
Bootstrap[81]: Time 1.034946 seconds, bootstrap likelihood -64414.808418, best rearrangement setting 8
Bootstrap[82]: Time 1.108724 seconds, bootstrap likelihood -63207.290887, best rearrangement setting 9
Bootstrap[83]: Time 1.614215 seconds, bootstrap likelihood -64988.734282, best rearrangement setting 12
Bootstrap[84]: Time 1.144358 seconds, bootstrap likelihood -65090.921401, best rearrangement setting 15
Bootstrap[85]: Time 1.148284 seconds, bootstrap likelihood -64736.526636, best rearrangement setting 8
Bootstrap[86]: Time 1.273157 seconds, bootstrap likelihood -64019.818667, best rearrangement setting 13
Bootstrap[87]: Time 1.047656 seconds, bootstrap likelihood -63650.977616, best rearrangement setting 6
Bootstrap[88]: Time 1.112415 seconds, bootstrap likelihood -63242.881705, best rearrangement setting 12
Bootstrap[89]: Time 1.002949 seconds, bootstrap likelihood -65912.284412, best rearrangement setting 6
Bootstrap[90]: Time 0.977689 seconds, bootstrap likelihood -65285.843207, best rearrangement setting 6
Bootstrap[91]: Time 1.504625 seconds, bootstrap likelihood -63183.106728, best rearrangement setting 11
Bootstrap[92]: Time 1.227367 seconds, bootstrap likelihood -63583.985987, best rearrangement setting 7
Bootstrap[93]: Time 0.853009 seconds, bootstrap likelihood -63647.815889, best rearrangement setting 5
Bootstrap[94]: Time 1.174574 seconds, bootstrap likelihood -63152.279143, best rearrangement setting 9
Bootstrap[95]: Time 1.202538 seconds, bootstrap likelihood -65007.082161, best rearrangement setting 14
Bootstrap[96]: Time 1.180464 seconds, bootstrap likelihood -62909.186940, best rearrangement setting 9
Bootstrap[97]: Time 1.188642 seconds, bootstrap likelihood -64034.125057, best rearrangement setting 8
Bootstrap[98]: Time 1.083214 seconds, bootstrap likelihood -63366.171009, best rearrangement setting 6
Bootstrap[99]: Time 1.030157 seconds, bootstrap likelihood -63366.738077, best rearrangement setting 14


Overall Time for 100 Rapid Bootstraps 117.948227 seconds
Average Time per Rapid Bootstrap 1.179482 seconds

Starting ML Search ...

Fast ML optimization finished

Fast ML search Time: 99.140898 seconds

Slow ML Search 0 Likelihood: -64427.474023
Slow ML Search 1 Likelihood: -64429.577213
Slow ML Search 2 Likelihood: -64431.700072
Slow ML Search 3 Likelihood: -64428.618532
Slow ML Search 4 Likelihood: -64432.724167
Slow ML Search 5 Likelihood: -64434.166305
Slow ML Search 6 Likelihood: -64434.360888
Slow ML Search 7 Likelihood: -64434.693808
Slow ML Search 8 Likelihood: -64435.198121
Slow ML Search 9 Likelihood: -64431.004086
Slow ML optimization finished

Slow ML search Time: 23.258137 seconds
Thorough ML search Time: 2.059828 seconds

Final ML Optimization Likelihood: -64427.474024

Model Information:

Model Parameters of Partition 0, Name: No Name Provided, Type of Data: DNA
alpha: 0.326453
Tree-Length: 3.069488
rate A <-> C: 2.218112
rate A <-> G: 5.410941
rate A <-> T: 0.907189
rate C <-> G: 0.947761
rate C <-> T: 6.366112
rate G <-> T: 1.000000

freq pi(A): 0.370105
freq pi(C): 0.174217
freq pi(G): 0.234164
freq pi(T): 0.221514


ML search took 124.464043 secs or 0.034573 hours

Combined Bootstrap and ML search took 242.412416 secs or 0.067337 hours

Drawing Bootstrap Support Values on best-scoring ML tree ...



Found 1 tree in File /gpfs_home/mhowison/code/hiv-profile-sampling/scratch/trees/gag-pol-env/RAxML_bestTree.sample.235



Found 1 tree in File /gpfs_home/mhowison/code/hiv-profile-sampling/scratch/trees/gag-pol-env/RAxML_bestTree.sample.235

Program execution info written to /gpfs_home/mhowison/code/hiv-profile-sampling/scratch/trees/gag-pol-env/RAxML_info.sample.235
All 100 bootstrapped trees written to: /gpfs_home/mhowison/code/hiv-profile-sampling/scratch/trees/gag-pol-env/RAxML_bootstrap.sample.235

Best-scoring ML tree written to: /gpfs_home/mhowison/code/hiv-profile-sampling/scratch/trees/gag-pol-env/RAxML_bestTree.sample.235

Best-scoring ML tree with support values written to: /gpfs_home/mhowison/code/hiv-profile-sampling/scratch/trees/gag-pol-env/RAxML_bipartitions.sample.235

Best-scoring ML tree with support values as branch labels written to: /gpfs_home/mhowison/code/hiv-profile-sampling/scratch/trees/gag-pol-env/RAxML_bipartitionsBranchLabels.sample.235

Overall execution time for full ML analysis: 242.416429 secs or 0.067338 hours or 0.002806 days

