srun: job 264071 queued and waiting for resources
srun: job 264071 has been allocated resources
Warning, you specified a working directory via "-w"
Keep in mind that RAxML only accepts absolute path names, not relative ones!

RAxML can't, parse the alignment file as phylip file 
it will now try to parse it as FASTA file



Using BFGS method to optimize GTR rate parameters, to disable this specify "--no-bfgs" 


This is the RAxML Master Pthread

This is RAxML Worker Pthread Number: 1

This is RAxML Worker Pthread Number: 4

This is RAxML Worker Pthread Number: 3

This is RAxML Worker Pthread Number: 2

This is RAxML Worker Pthread Number: 5

This is RAxML Worker Pthread Number: 8

This is RAxML Worker Pthread Number: 6

This is RAxML Worker Pthread Number: 7

This is RAxML Worker Pthread Number: 11

This is RAxML Worker Pthread Number: 9

This is RAxML Worker Pthread Number: 12

This is RAxML Worker Pthread Number: 10

This is RAxML Worker Pthread Number: 14

This is RAxML Worker Pthread Number: 13

This is RAxML Worker Pthread Number: 15

This is RAxML Worker Pthread Number: 17

This is RAxML Worker Pthread Number: 16

This is RAxML Worker Pthread Number: 18

This is RAxML Worker Pthread Number: 19


This is RAxML version 8.2.12 released by Alexandros Stamatakis on May 2018.

With greatly appreciated code contributions by:
Andre Aberer      (HITS)
Simon Berger      (HITS)
Alexey Kozlov     (HITS)
Kassian Kobert    (HITS)
David Dao         (KIT and HITS)
Sarah Lutteropp   (KIT and HITS)
Nick Pattengale   (Sandia)
Wayne Pfeiffer    (SDSC)
Akifumi S. Tanabe (NRIFS)
Charlie Taylor    (UF)


Alignment has 3191 distinct alignment patterns

Proportion of gaps and completely undetermined characters in this alignment: 6.12%

RAxML rapid bootstrapping and subsequent ML search

Using 1 distinct models/data partitions with joint branch length optimization



Executing 100 rapid bootstrap inferences and thereafter a thorough ML search 

All free model parameters will be estimated by RAxML
GAMMA model of rate heterogeneity, ML estimate of alpha-parameter

GAMMA Model parameters will be estimated up to an accuracy of 0.1000000000 Log Likelihood units

Partition: 0
Alignment Patterns: 3191
Name: No Name Provided
DataType: DNA
Substitution Matrix: GTR




RAxML was called as follows:

raxmlHPC-PTHREADS-AVX -T 20 -s scratch/aligned/gag-pol-env/sample.189.fa -p 3763678507 -x 3763678507 -f a -N 100 -m GTRGAMMA -w /gpfs_home/mhowison/code/hiv-profile-sampling/scratch/trees/gag-pol-env -n sample.189 



Time for BS model parameter optimization 0.186715
Bootstrap[0]: Time 5.643272 seconds, bootstrap likelihood -63241.447936, best rearrangement setting 13
Bootstrap[1]: Time 1.327950 seconds, bootstrap likelihood -64771.734013, best rearrangement setting 9
Bootstrap[2]: Time 1.091565 seconds, bootstrap likelihood -63683.975364, best rearrangement setting 6
Bootstrap[3]: Time 1.063230 seconds, bootstrap likelihood -65314.347496, best rearrangement setting 13
Bootstrap[4]: Time 0.845893 seconds, bootstrap likelihood -62793.973464, best rearrangement setting 5
Bootstrap[5]: Time 1.111253 seconds, bootstrap likelihood -64570.983861, best rearrangement setting 14
Bootstrap[6]: Time 0.995917 seconds, bootstrap likelihood -62803.217609, best rearrangement setting 6
Bootstrap[7]: Time 1.195862 seconds, bootstrap likelihood -64300.092889, best rearrangement setting 9
Bootstrap[8]: Time 1.223364 seconds, bootstrap likelihood -65246.411726, best rearrangement setting 14
Bootstrap[9]: Time 1.214850 seconds, bootstrap likelihood -64575.298200, best rearrangement setting 9
Bootstrap[10]: Time 1.304543 seconds, bootstrap likelihood -65321.773597, best rearrangement setting 13
Bootstrap[11]: Time 1.233771 seconds, bootstrap likelihood -62756.762316, best rearrangement setting 12
Bootstrap[12]: Time 1.382526 seconds, bootstrap likelihood -66037.324932, best rearrangement setting 15
Bootstrap[13]: Time 1.223728 seconds, bootstrap likelihood -64801.407120, best rearrangement setting 15
Bootstrap[14]: Time 1.286640 seconds, bootstrap likelihood -64513.484802, best rearrangement setting 15
Bootstrap[15]: Time 1.105062 seconds, bootstrap likelihood -63287.061386, best rearrangement setting 13
Bootstrap[16]: Time 0.884100 seconds, bootstrap likelihood -65305.488688, best rearrangement setting 5
Bootstrap[17]: Time 1.188299 seconds, bootstrap likelihood -62985.362154, best rearrangement setting 14
Bootstrap[18]: Time 1.066547 seconds, bootstrap likelihood -64060.470312, best rearrangement setting 6
Bootstrap[19]: Time 1.360376 seconds, bootstrap likelihood -64316.278288, best rearrangement setting 15
Bootstrap[20]: Time 1.826211 seconds, bootstrap likelihood -64438.967561, best rearrangement setting 15
Bootstrap[21]: Time 1.194958 seconds, bootstrap likelihood -64973.942827, best rearrangement setting 12
Bootstrap[22]: Time 1.174913 seconds, bootstrap likelihood -64366.644750, best rearrangement setting 12
Bootstrap[23]: Time 1.143486 seconds, bootstrap likelihood -63814.977192, best rearrangement setting 12
Bootstrap[24]: Time 1.272153 seconds, bootstrap likelihood -64906.148313, best rearrangement setting 14
Bootstrap[25]: Time 1.306888 seconds, bootstrap likelihood -63681.215055, best rearrangement setting 12
Bootstrap[26]: Time 1.263553 seconds, bootstrap likelihood -64374.859478, best rearrangement setting 9
Bootstrap[27]: Time 1.224925 seconds, bootstrap likelihood -63770.075288, best rearrangement setting 14
Bootstrap[28]: Time 1.318620 seconds, bootstrap likelihood -63197.251036, best rearrangement setting 11
Bootstrap[29]: Time 1.250340 seconds, bootstrap likelihood -62937.431847, best rearrangement setting 10
Bootstrap[30]: Time 1.144862 seconds, bootstrap likelihood -65453.307588, best rearrangement setting 14
Bootstrap[31]: Time 1.282778 seconds, bootstrap likelihood -64125.089478, best rearrangement setting 12
Bootstrap[32]: Time 1.230710 seconds, bootstrap likelihood -65656.991541, best rearrangement setting 13
Bootstrap[33]: Time 1.042697 seconds, bootstrap likelihood -63480.309689, best rearrangement setting 6
Bootstrap[34]: Time 1.355526 seconds, bootstrap likelihood -65255.757289, best rearrangement setting 13
Bootstrap[35]: Time 1.236578 seconds, bootstrap likelihood -63563.833780, best rearrangement setting 11
Bootstrap[36]: Time 1.127035 seconds, bootstrap likelihood -64459.496033, best rearrangement setting 13
Bootstrap[37]: Time 1.173561 seconds, bootstrap likelihood -64121.339407, best rearrangement setting 14
Bootstrap[38]: Time 1.315716 seconds, bootstrap likelihood -64906.096617, best rearrangement setting 14
Bootstrap[39]: Time 1.141557 seconds, bootstrap likelihood -65023.922728, best rearrangement setting 10
Bootstrap[40]: Time 1.195905 seconds, bootstrap likelihood -62794.456865, best rearrangement setting 8
Bootstrap[41]: Time 1.274519 seconds, bootstrap likelihood -64342.046359, best rearrangement setting 10
Bootstrap[42]: Time 1.159908 seconds, bootstrap likelihood -63812.782342, best rearrangement setting 9
Bootstrap[43]: Time 1.033351 seconds, bootstrap likelihood -65204.865573, best rearrangement setting 6
Bootstrap[44]: Time 1.157957 seconds, bootstrap likelihood -64317.409667, best rearrangement setting 9
Bootstrap[45]: Time 1.210898 seconds, bootstrap likelihood -64517.982800, best rearrangement setting 10
Bootstrap[46]: Time 1.319633 seconds, bootstrap likelihood -63397.768341, best rearrangement setting 14
Bootstrap[47]: Time 1.068396 seconds, bootstrap likelihood -63927.600173, best rearrangement setting 6
Bootstrap[48]: Time 1.279624 seconds, bootstrap likelihood -65979.957290, best rearrangement setting 7
Bootstrap[49]: Time 1.272650 seconds, bootstrap likelihood -64283.211516, best rearrangement setting 14
Bootstrap[50]: Time 1.368042 seconds, bootstrap likelihood -64122.820419, best rearrangement setting 12
Bootstrap[51]: Time 1.213980 seconds, bootstrap likelihood -63523.274032, best rearrangement setting 15
Bootstrap[52]: Time 1.217160 seconds, bootstrap likelihood -64867.851596, best rearrangement setting 13
Bootstrap[53]: Time 1.087237 seconds, bootstrap likelihood -64078.842057, best rearrangement setting 8
Bootstrap[54]: Time 1.335523 seconds, bootstrap likelihood -64751.438157, best rearrangement setting 10
Bootstrap[55]: Time 1.186465 seconds, bootstrap likelihood -63994.191414, best rearrangement setting 11
Bootstrap[56]: Time 1.162727 seconds, bootstrap likelihood -63588.164831, best rearrangement setting 12
Bootstrap[57]: Time 1.247152 seconds, bootstrap likelihood -64344.341731, best rearrangement setting 15
Bootstrap[58]: Time 1.306799 seconds, bootstrap likelihood -64895.150882, best rearrangement setting 12
Bootstrap[59]: Time 1.008998 seconds, bootstrap likelihood -64755.364706, best rearrangement setting 5
Bootstrap[60]: Time 1.418450 seconds, bootstrap likelihood -63511.993896, best rearrangement setting 8
Bootstrap[61]: Time 0.902561 seconds, bootstrap likelihood -64561.372553, best rearrangement setting 5
Bootstrap[62]: Time 1.086695 seconds, bootstrap likelihood -64635.794402, best rearrangement setting 6
Bootstrap[63]: Time 1.230342 seconds, bootstrap likelihood -63840.444961, best rearrangement setting 11
Bootstrap[64]: Time 1.119586 seconds, bootstrap likelihood -63845.962458, best rearrangement setting 9
Bootstrap[65]: Time 1.268814 seconds, bootstrap likelihood -64365.542994, best rearrangement setting 13
Bootstrap[66]: Time 1.129225 seconds, bootstrap likelihood -64558.098354, best rearrangement setting 6
Bootstrap[67]: Time 1.358739 seconds, bootstrap likelihood -64644.757256, best rearrangement setting 13
Bootstrap[68]: Time 1.258051 seconds, bootstrap likelihood -65077.728854, best rearrangement setting 12
Bootstrap[69]: Time 1.393627 seconds, bootstrap likelihood -63570.570103, best rearrangement setting 12
Bootstrap[70]: Time 1.040133 seconds, bootstrap likelihood -63885.919877, best rearrangement setting 7
Bootstrap[71]: Time 1.190726 seconds, bootstrap likelihood -64445.982440, best rearrangement setting 13
Bootstrap[72]: Time 1.228579 seconds, bootstrap likelihood -65007.745836, best rearrangement setting 10
Bootstrap[73]: Time 0.996721 seconds, bootstrap likelihood -63314.634754, best rearrangement setting 12
Bootstrap[74]: Time 1.172511 seconds, bootstrap likelihood -64390.682839, best rearrangement setting 11
Bootstrap[75]: Time 1.226653 seconds, bootstrap likelihood -64178.868411, best rearrangement setting 13
Bootstrap[76]: Time 1.142817 seconds, bootstrap likelihood -61907.751243, best rearrangement setting 11
Bootstrap[77]: Time 1.307814 seconds, bootstrap likelihood -65094.293923, best rearrangement setting 11
Bootstrap[78]: Time 1.130179 seconds, bootstrap likelihood -63785.162655, best rearrangement setting 6
Bootstrap[79]: Time 1.012374 seconds, bootstrap likelihood -65383.295628, best rearrangement setting 5
Bootstrap[80]: Time 1.237126 seconds, bootstrap likelihood -65142.466650, best rearrangement setting 6
Bootstrap[81]: Time 1.520042 seconds, bootstrap likelihood -63192.727004, best rearrangement setting 11
Bootstrap[82]: Time 0.918272 seconds, bootstrap likelihood -64246.582868, best rearrangement setting 5
Bootstrap[83]: Time 1.276891 seconds, bootstrap likelihood -64490.224663, best rearrangement setting 8
Bootstrap[84]: Time 1.253479 seconds, bootstrap likelihood -64192.967995, best rearrangement setting 7
Bootstrap[85]: Time 1.217551 seconds, bootstrap likelihood -63778.206151, best rearrangement setting 8
Bootstrap[86]: Time 0.959209 seconds, bootstrap likelihood -63884.831857, best rearrangement setting 5
Bootstrap[87]: Time 1.203376 seconds, bootstrap likelihood -64878.106647, best rearrangement setting 15
Bootstrap[88]: Time 1.261314 seconds, bootstrap likelihood -65254.292143, best rearrangement setting 13
Bootstrap[89]: Time 1.286448 seconds, bootstrap likelihood -65327.865372, best rearrangement setting 11
Bootstrap[90]: Time 1.436009 seconds, bootstrap likelihood -63813.623662, best rearrangement setting 15
Bootstrap[91]: Time 1.295180 seconds, bootstrap likelihood -63549.950847, best rearrangement setting 12
Bootstrap[92]: Time 1.172149 seconds, bootstrap likelihood -63103.478845, best rearrangement setting 10
Bootstrap[93]: Time 1.860004 seconds, bootstrap likelihood -64283.583192, best rearrangement setting 9
Bootstrap[94]: Time 1.213873 seconds, bootstrap likelihood -64330.936946, best rearrangement setting 15
Bootstrap[95]: Time 1.218930 seconds, bootstrap likelihood -63705.674243, best rearrangement setting 15
Bootstrap[96]: Time 1.342993 seconds, bootstrap likelihood -64161.129963, best rearrangement setting 11
Bootstrap[97]: Time 1.326642 seconds, bootstrap likelihood -64216.878296, best rearrangement setting 11
Bootstrap[98]: Time 1.284894 seconds, bootstrap likelihood -64437.018195, best rearrangement setting 12
Bootstrap[99]: Time 1.250588 seconds, bootstrap likelihood -63283.931599, best rearrangement setting 12


Overall Time for 100 Rapid Bootstraps 126.178513 seconds
Average Time per Rapid Bootstrap 1.261785 seconds

Starting ML Search ...

Fast ML optimization finished

Fast ML search Time: 118.586919 seconds

Slow ML Search 0 Likelihood: -64479.476205
Slow ML Search 1 Likelihood: -64481.555020
Slow ML Search 2 Likelihood: -64481.542137
Slow ML Search 3 Likelihood: -64482.527859
Slow ML Search 4 Likelihood: -64481.926548
Slow ML Search 5 Likelihood: -64483.015355
Slow ML Search 6 Likelihood: -64485.097071
Slow ML Search 7 Likelihood: -64485.807716
Slow ML Search 8 Likelihood: -64485.932497
Slow ML Search 9 Likelihood: -64486.850613
Slow ML optimization finished

Slow ML search Time: 19.236633 seconds
Thorough ML search Time: 2.140115 seconds

Final ML Optimization Likelihood: -64479.476207

Model Information:

Model Parameters of Partition 0, Name: No Name Provided, Type of Data: DNA
alpha: 0.330981
Tree-Length: 3.019281
rate A <-> C: 2.151873
rate A <-> G: 5.498307
rate A <-> T: 0.871134
rate C <-> G: 0.976991
rate C <-> T: 6.235243
rate G <-> T: 1.000000

freq pi(A): 0.369788
freq pi(C): 0.174099
freq pi(G): 0.234357
freq pi(T): 0.221756


ML search took 139.969654 secs or 0.038880 hours

Combined Bootstrap and ML search took 266.148307 secs or 0.073930 hours

Drawing Bootstrap Support Values on best-scoring ML tree ...



Found 1 tree in File /gpfs_home/mhowison/code/hiv-profile-sampling/scratch/trees/gag-pol-env/RAxML_bestTree.sample.189



Found 1 tree in File /gpfs_home/mhowison/code/hiv-profile-sampling/scratch/trees/gag-pol-env/RAxML_bestTree.sample.189

Program execution info written to /gpfs_home/mhowison/code/hiv-profile-sampling/scratch/trees/gag-pol-env/RAxML_info.sample.189
All 100 bootstrapped trees written to: /gpfs_home/mhowison/code/hiv-profile-sampling/scratch/trees/gag-pol-env/RAxML_bootstrap.sample.189

Best-scoring ML tree written to: /gpfs_home/mhowison/code/hiv-profile-sampling/scratch/trees/gag-pol-env/RAxML_bestTree.sample.189

Best-scoring ML tree with support values written to: /gpfs_home/mhowison/code/hiv-profile-sampling/scratch/trees/gag-pol-env/RAxML_bipartitions.sample.189

Best-scoring ML tree with support values as branch labels written to: /gpfs_home/mhowison/code/hiv-profile-sampling/scratch/trees/gag-pol-env/RAxML_bipartitionsBranchLabels.sample.189

Overall execution time for full ML analysis: 266.152541 secs or 0.073931 hours or 0.003080 days

