srun: job 264605 queued and waiting for resources
srun: job 264605 has been allocated resources
Warning, you specified a working directory via "-w"
Keep in mind that RAxML only accepts absolute path names, not relative ones!

RAxML can't, parse the alignment file as phylip file 
it will now try to parse it as FASTA file



Using BFGS method to optimize GTR rate parameters, to disable this specify "--no-bfgs" 


This is the RAxML Master Pthread

This is RAxML Worker Pthread Number: 1

This is RAxML Worker Pthread Number: 3

This is RAxML Worker Pthread Number: 4

This is RAxML Worker Pthread Number: 2

This is RAxML Worker Pthread Number: 5

This is RAxML Worker Pthread Number: 6

This is RAxML Worker Pthread Number: 7

This is RAxML Worker Pthread Number: 8

This is RAxML Worker Pthread Number: 9

This is RAxML Worker Pthread Number: 10

This is RAxML Worker Pthread Number: 12

This is RAxML Worker Pthread Number: 11

This is RAxML Worker Pthread Number: 13

This is RAxML Worker Pthread Number: 14

This is RAxML Worker Pthread Number: 15

This is RAxML Worker Pthread Number: 16

This is RAxML Worker Pthread Number: 17

This is RAxML Worker Pthread Number: 18

This is RAxML Worker Pthread Number: 19


This is RAxML version 8.2.12 released by Alexandros Stamatakis on May 2018.

With greatly appreciated code contributions by:
Andre Aberer      (HITS)
Simon Berger      (HITS)
Alexey Kozlov     (HITS)
Kassian Kobert    (HITS)
David Dao         (KIT and HITS)
Sarah Lutteropp   (KIT and HITS)
Nick Pattengale   (Sandia)
Wayne Pfeiffer    (SDSC)
Akifumi S. Tanabe (NRIFS)
Charlie Taylor    (UF)


Alignment has 3169 distinct alignment patterns

Proportion of gaps and completely undetermined characters in this alignment: 6.11%

RAxML rapid bootstrapping and subsequent ML search

Using 1 distinct models/data partitions with joint branch length optimization



Executing 100 rapid bootstrap inferences and thereafter a thorough ML search 

All free model parameters will be estimated by RAxML
GAMMA model of rate heterogeneity, ML estimate of alpha-parameter

GAMMA Model parameters will be estimated up to an accuracy of 0.1000000000 Log Likelihood units

Partition: 0
Alignment Patterns: 3169
Name: No Name Provided
DataType: DNA
Substitution Matrix: GTR




RAxML was called as follows:

raxmlHPC-PTHREADS-AVX -T 20 -s scratch/aligned/gag-pol-env/sample.47.fa -p 2749022049 -x 2749022049 -f a -N 100 -m GTRGAMMA -w /gpfs_home/mhowison/code/hiv-profile-sampling/scratch/trees/gag-pol-env -n sample.47 



Time for BS model parameter optimization 0.183752
Bootstrap[0]: Time 1.311582 seconds, bootstrap likelihood -62338.982206, best rearrangement setting 6
Bootstrap[1]: Time 1.372085 seconds, bootstrap likelihood -64923.627490, best rearrangement setting 8
Bootstrap[2]: Time 1.191314 seconds, bootstrap likelihood -64680.846693, best rearrangement setting 13
Bootstrap[3]: Time 1.179158 seconds, bootstrap likelihood -63912.363157, best rearrangement setting 5
Bootstrap[4]: Time 1.258413 seconds, bootstrap likelihood -65185.543339, best rearrangement setting 10
Bootstrap[5]: Time 1.089144 seconds, bootstrap likelihood -65685.056963, best rearrangement setting 14
Bootstrap[6]: Time 1.811349 seconds, bootstrap likelihood -64942.737213, best rearrangement setting 12
Bootstrap[7]: Time 1.246286 seconds, bootstrap likelihood -63712.817023, best rearrangement setting 7
Bootstrap[8]: Time 1.024324 seconds, bootstrap likelihood -63490.907419, best rearrangement setting 9
Bootstrap[9]: Time 1.232570 seconds, bootstrap likelihood -64277.955476, best rearrangement setting 9
Bootstrap[10]: Time 1.276414 seconds, bootstrap likelihood -63465.176170, best rearrangement setting 10
Bootstrap[11]: Time 0.897958 seconds, bootstrap likelihood -64025.393434, best rearrangement setting 5
Bootstrap[12]: Time 1.109475 seconds, bootstrap likelihood -65157.768153, best rearrangement setting 10
Bootstrap[13]: Time 0.992581 seconds, bootstrap likelihood -62996.250014, best rearrangement setting 7
Bootstrap[14]: Time 1.693300 seconds, bootstrap likelihood -64541.447537, best rearrangement setting 6
Bootstrap[15]: Time 1.209213 seconds, bootstrap likelihood -63757.452632, best rearrangement setting 9
Bootstrap[16]: Time 1.316286 seconds, bootstrap likelihood -63806.890536, best rearrangement setting 10
Bootstrap[17]: Time 1.297624 seconds, bootstrap likelihood -64470.438283, best rearrangement setting 11
Bootstrap[18]: Time 1.329136 seconds, bootstrap likelihood -63934.284902, best rearrangement setting 9
Bootstrap[19]: Time 1.332202 seconds, bootstrap likelihood -62904.923233, best rearrangement setting 11
Bootstrap[20]: Time 1.130546 seconds, bootstrap likelihood -63338.415481, best rearrangement setting 6
Bootstrap[21]: Time 1.187633 seconds, bootstrap likelihood -63156.368888, best rearrangement setting 7
Bootstrap[22]: Time 1.162885 seconds, bootstrap likelihood -63787.510091, best rearrangement setting 9
Bootstrap[23]: Time 1.170863 seconds, bootstrap likelihood -63136.587174, best rearrangement setting 11
Bootstrap[24]: Time 1.234564 seconds, bootstrap likelihood -65750.378590, best rearrangement setting 15
Bootstrap[25]: Time 1.271014 seconds, bootstrap likelihood -66015.955522, best rearrangement setting 7
Bootstrap[26]: Time 0.921590 seconds, bootstrap likelihood -65480.892693, best rearrangement setting 5
Bootstrap[27]: Time 2.780720 seconds, bootstrap likelihood -64363.210868, best rearrangement setting 7
Bootstrap[28]: Time 9.732623 seconds, bootstrap likelihood -66535.688172, best rearrangement setting 6
Bootstrap[29]: Time 1.530281 seconds, bootstrap likelihood -63754.781186, best rearrangement setting 9
Bootstrap[30]: Time 1.004500 seconds, bootstrap likelihood -64608.716207, best rearrangement setting 5
Bootstrap[31]: Time 2.750850 seconds, bootstrap likelihood -61197.922798, best rearrangement setting 15
Bootstrap[32]: Time 1.317014 seconds, bootstrap likelihood -64597.427497, best rearrangement setting 10
Bootstrap[33]: Time 1.394144 seconds, bootstrap likelihood -63639.837621, best rearrangement setting 14
Bootstrap[34]: Time 1.331578 seconds, bootstrap likelihood -63706.042392, best rearrangement setting 11
Bootstrap[35]: Time 1.344713 seconds, bootstrap likelihood -64219.249937, best rearrangement setting 9
Bootstrap[36]: Time 1.250385 seconds, bootstrap likelihood -63668.561423, best rearrangement setting 7
Bootstrap[37]: Time 1.232430 seconds, bootstrap likelihood -64661.956031, best rearrangement setting 14
Bootstrap[38]: Time 1.015525 seconds, bootstrap likelihood -65296.003142, best rearrangement setting 6
Bootstrap[39]: Time 1.210529 seconds, bootstrap likelihood -64759.546701, best rearrangement setting 9
Bootstrap[40]: Time 1.190238 seconds, bootstrap likelihood -64435.878937, best rearrangement setting 7
Bootstrap[41]: Time 1.261008 seconds, bootstrap likelihood -63534.787922, best rearrangement setting 10
Bootstrap[42]: Time 2.538684 seconds, bootstrap likelihood -63538.586126, best rearrangement setting 6
Bootstrap[43]: Time 1.051905 seconds, bootstrap likelihood -64160.730183, best rearrangement setting 8
Bootstrap[44]: Time 1.147632 seconds, bootstrap likelihood -63874.184788, best rearrangement setting 10
Bootstrap[45]: Time 0.904506 seconds, bootstrap likelihood -65700.895833, best rearrangement setting 5
Bootstrap[46]: Time 1.187390 seconds, bootstrap likelihood -64406.246843, best rearrangement setting 7
Bootstrap[47]: Time 1.156049 seconds, bootstrap likelihood -65458.007002, best rearrangement setting 14
Bootstrap[48]: Time 1.171030 seconds, bootstrap likelihood -62759.750554, best rearrangement setting 8
Bootstrap[49]: Time 1.176677 seconds, bootstrap likelihood -64423.713187, best rearrangement setting 8
Bootstrap[50]: Time 1.233041 seconds, bootstrap likelihood -64706.642834, best rearrangement setting 11
Bootstrap[51]: Time 2.169251 seconds, bootstrap likelihood -63555.121192, best rearrangement setting 15
Bootstrap[52]: Time 1.199120 seconds, bootstrap likelihood -65368.414409, best rearrangement setting 14
Bootstrap[53]: Time 3.672502 seconds, bootstrap likelihood -65098.352867, best rearrangement setting 13
Bootstrap[54]: Time 1.342333 seconds, bootstrap likelihood -64021.142425, best rearrangement setting 9
Bootstrap[55]: Time 5.495931 seconds, bootstrap likelihood -64490.873494, best rearrangement setting 13
Bootstrap[56]: Time 0.923897 seconds, bootstrap likelihood -64071.495256, best rearrangement setting 5
Bootstrap[57]: Time 4.470348 seconds, bootstrap likelihood -64657.895973, best rearrangement setting 6
Bootstrap[58]: Time 1.310536 seconds, bootstrap likelihood -63867.544903, best rearrangement setting 9
Bootstrap[59]: Time 1.313725 seconds, bootstrap likelihood -64066.025301, best rearrangement setting 8
Bootstrap[60]: Time 1.334028 seconds, bootstrap likelihood -65446.879627, best rearrangement setting 12
Bootstrap[61]: Time 1.284097 seconds, bootstrap likelihood -63882.452152, best rearrangement setting 12
Bootstrap[62]: Time 1.145130 seconds, bootstrap likelihood -62762.220575, best rearrangement setting 7
Bootstrap[63]: Time 1.280001 seconds, bootstrap likelihood -64155.961657, best rearrangement setting 10
Bootstrap[64]: Time 1.317425 seconds, bootstrap likelihood -64802.394549, best rearrangement setting 9
Bootstrap[65]: Time 1.201420 seconds, bootstrap likelihood -64978.403493, best rearrangement setting 8
Bootstrap[66]: Time 1.236416 seconds, bootstrap likelihood -65284.460271, best rearrangement setting 12
Bootstrap[67]: Time 1.529342 seconds, bootstrap likelihood -63636.630380, best rearrangement setting 11
Bootstrap[68]: Time 1.080469 seconds, bootstrap likelihood -64718.946182, best rearrangement setting 8
Bootstrap[69]: Time 4.348004 seconds, bootstrap likelihood -64872.576129, best rearrangement setting 13
Bootstrap[70]: Time 1.293603 seconds, bootstrap likelihood -65137.536914, best rearrangement setting 15
Bootstrap[71]: Time 1.162132 seconds, bootstrap likelihood -65280.136580, best rearrangement setting 9
Bootstrap[72]: Time 0.951137 seconds, bootstrap likelihood -65855.241549, best rearrangement setting 5
Bootstrap[73]: Time 5.132355 seconds, bootstrap likelihood -64668.731568, best rearrangement setting 11
Bootstrap[74]: Time 4.298164 seconds, bootstrap likelihood -64732.564589, best rearrangement setting 13
Bootstrap[75]: Time 1.352431 seconds, bootstrap likelihood -65377.787132, best rearrangement setting 9
Bootstrap[76]: Time 1.141025 seconds, bootstrap likelihood -65149.120024, best rearrangement setting 6
Bootstrap[77]: Time 1.907740 seconds, bootstrap likelihood -64661.883847, best rearrangement setting 9
Bootstrap[78]: Time 3.761996 seconds, bootstrap likelihood -65058.363585, best rearrangement setting 10
Bootstrap[79]: Time 2.590350 seconds, bootstrap likelihood -63445.403757, best rearrangement setting 6
Bootstrap[80]: Time 1.690869 seconds, bootstrap likelihood -65344.257724, best rearrangement setting 8
Bootstrap[81]: Time 2.899188 seconds, bootstrap likelihood -65068.555329, best rearrangement setting 14
Bootstrap[82]: Time 1.264871 seconds, bootstrap likelihood -62933.632469, best rearrangement setting 15
Bootstrap[83]: Time 2.817799 seconds, bootstrap likelihood -63211.660154, best rearrangement setting 9
Bootstrap[84]: Time 1.234719 seconds, bootstrap likelihood -63801.136505, best rearrangement setting 13
Bootstrap[85]: Time 1.305153 seconds, bootstrap likelihood -64666.625787, best rearrangement setting 15
Bootstrap[86]: Time 1.107316 seconds, bootstrap likelihood -64346.026344, best rearrangement setting 10
Bootstrap[87]: Time 1.193694 seconds, bootstrap likelihood -64062.485346, best rearrangement setting 15
Bootstrap[88]: Time 1.199212 seconds, bootstrap likelihood -65173.854825, best rearrangement setting 14
Bootstrap[89]: Time 0.969635 seconds, bootstrap likelihood -64604.950695, best rearrangement setting 5
Bootstrap[90]: Time 1.229020 seconds, bootstrap likelihood -64781.900116, best rearrangement setting 14
Bootstrap[91]: Time 3.341436 seconds, bootstrap likelihood -64844.309149, best rearrangement setting 8
Bootstrap[92]: Time 1.206998 seconds, bootstrap likelihood -64045.527039, best rearrangement setting 10
Bootstrap[93]: Time 0.931909 seconds, bootstrap likelihood -64275.685913, best rearrangement setting 5
Bootstrap[94]: Time 1.051045 seconds, bootstrap likelihood -64235.260839, best rearrangement setting 6
Bootstrap[95]: Time 0.882146 seconds, bootstrap likelihood -64031.355653, best rearrangement setting 5
Bootstrap[96]: Time 1.067144 seconds, bootstrap likelihood -64075.034660, best rearrangement setting 12
Bootstrap[97]: Time 1.362006 seconds, bootstrap likelihood -64263.734441, best rearrangement setting 12
Bootstrap[98]: Time 1.196850 seconds, bootstrap likelihood -64612.361353, best rearrangement setting 10
Bootstrap[99]: Time 1.081327 seconds, bootstrap likelihood -62723.079843, best rearrangement setting 15


Overall Time for 100 Rapid Bootstraps 165.533807 seconds
Average Time per Rapid Bootstrap 1.655338 seconds

Starting ML Search ...

Fast ML optimization finished

Fast ML search Time: 111.198962 seconds

Slow ML Search 0 Likelihood: -64442.059912
Slow ML Search 1 Likelihood: -64443.814851
Slow ML Search 2 Likelihood: -64445.817464
Slow ML Search 3 Likelihood: -64446.469373
Slow ML Search 4 Likelihood: -64447.098309
Slow ML Search 5 Likelihood: -64447.530691
Slow ML Search 6 Likelihood: -64447.530693
Slow ML Search 7 Likelihood: -64447.942526
Slow ML Search 8 Likelihood: -64449.461088
Slow ML Search 9 Likelihood: -64450.370885
Slow ML optimization finished

Slow ML search Time: 18.445865 seconds
Thorough ML search Time: 2.074397 seconds

Final ML Optimization Likelihood: -64442.059911

Model Information:

Model Parameters of Partition 0, Name: No Name Provided, Type of Data: DNA
alpha: 0.329191
Tree-Length: 2.996369
rate A <-> C: 2.189591
rate A <-> G: 5.452296
rate A <-> T: 0.875321
rate C <-> G: 0.927757
rate C <-> T: 6.223869
rate G <-> T: 1.000000

freq pi(A): 0.370101
freq pi(C): 0.174278
freq pi(G): 0.234180
freq pi(T): 0.221441


ML search took 131.726301 secs or 0.036591 hours

Combined Bootstrap and ML search took 297.260236 secs or 0.082572 hours

Drawing Bootstrap Support Values on best-scoring ML tree ...



Found 1 tree in File /gpfs_home/mhowison/code/hiv-profile-sampling/scratch/trees/gag-pol-env/RAxML_bestTree.sample.47



Found 1 tree in File /gpfs_home/mhowison/code/hiv-profile-sampling/scratch/trees/gag-pol-env/RAxML_bestTree.sample.47

Program execution info written to /gpfs_home/mhowison/code/hiv-profile-sampling/scratch/trees/gag-pol-env/RAxML_info.sample.47
All 100 bootstrapped trees written to: /gpfs_home/mhowison/code/hiv-profile-sampling/scratch/trees/gag-pol-env/RAxML_bootstrap.sample.47

Best-scoring ML tree written to: /gpfs_home/mhowison/code/hiv-profile-sampling/scratch/trees/gag-pol-env/RAxML_bestTree.sample.47

Best-scoring ML tree with support values written to: /gpfs_home/mhowison/code/hiv-profile-sampling/scratch/trees/gag-pol-env/RAxML_bipartitions.sample.47

Best-scoring ML tree with support values as branch labels written to: /gpfs_home/mhowison/code/hiv-profile-sampling/scratch/trees/gag-pol-env/RAxML_bipartitionsBranchLabels.sample.47

Overall execution time for full ML analysis: 297.265216 secs or 0.082574 hours or 0.003441 days

