srun: job 264088 queued and waiting for resources
srun: job 264088 has been allocated resources
Warning, you specified a working directory via "-w"
Keep in mind that RAxML only accepts absolute path names, not relative ones!

RAxML can't, parse the alignment file as phylip file 
it will now try to parse it as FASTA file



Using BFGS method to optimize GTR rate parameters, to disable this specify "--no-bfgs" 


This is the RAxML Master Pthread

This is RAxML Worker Pthread Number: 1

This is RAxML Worker Pthread Number: 3

This is RAxML Worker Pthread Number: 2

This is RAxML Worker Pthread Number: 6

This is RAxML Worker Pthread Number: 4

This is RAxML Worker Pthread Number: 5

This is RAxML Worker Pthread Number: 7

This is RAxML Worker Pthread Number: 8

This is RAxML Worker Pthread Number: 10

This is RAxML Worker Pthread Number: 9

This is RAxML Worker Pthread Number: 11

This is RAxML Worker Pthread Number: 12

This is RAxML Worker Pthread Number: 15

This is RAxML Worker Pthread Number: 14

This is RAxML Worker Pthread Number: 13

This is RAxML Worker Pthread Number: 17

This is RAxML Worker Pthread Number: 16

This is RAxML Worker Pthread Number: 18

This is RAxML Worker Pthread Number: 19


This is RAxML version 8.2.12 released by Alexandros Stamatakis on May 2018.

With greatly appreciated code contributions by:
Andre Aberer      (HITS)
Simon Berger      (HITS)
Alexey Kozlov     (HITS)
Kassian Kobert    (HITS)
David Dao         (KIT and HITS)
Sarah Lutteropp   (KIT and HITS)
Nick Pattengale   (Sandia)
Wayne Pfeiffer    (SDSC)
Akifumi S. Tanabe (NRIFS)
Charlie Taylor    (UF)


Alignment has 3171 distinct alignment patterns

Proportion of gaps and completely undetermined characters in this alignment: 6.11%

RAxML rapid bootstrapping and subsequent ML search

Using 1 distinct models/data partitions with joint branch length optimization



Executing 100 rapid bootstrap inferences and thereafter a thorough ML search 

All free model parameters will be estimated by RAxML
GAMMA model of rate heterogeneity, ML estimate of alpha-parameter

GAMMA Model parameters will be estimated up to an accuracy of 0.1000000000 Log Likelihood units

Partition: 0
Alignment Patterns: 3171
Name: No Name Provided
DataType: DNA
Substitution Matrix: GTR




RAxML was called as follows:

raxmlHPC-PTHREADS-AVX -T 20 -s scratch/aligned/gag-pol-env/sample.20.fa -p 6529528560 -x 6529528560 -f a -N 100 -m GTRGAMMA -w /gpfs_home/mhowison/code/hiv-profile-sampling/scratch/trees/gag-pol-env -n sample.20 



Time for BS model parameter optimization 0.178955
Bootstrap[0]: Time 8.536186 seconds, bootstrap likelihood -65520.539239, best rearrangement setting 12
Bootstrap[1]: Time 1.091097 seconds, bootstrap likelihood -63911.314473, best rearrangement setting 6
Bootstrap[2]: Time 1.076711 seconds, bootstrap likelihood -63902.296091, best rearrangement setting 10
Bootstrap[3]: Time 1.175930 seconds, bootstrap likelihood -65152.566659, best rearrangement setting 9
Bootstrap[4]: Time 1.193729 seconds, bootstrap likelihood -63722.247975, best rearrangement setting 9
Bootstrap[5]: Time 1.118884 seconds, bootstrap likelihood -63284.706224, best rearrangement setting 7
Bootstrap[6]: Time 1.142822 seconds, bootstrap likelihood -62863.247763, best rearrangement setting 12
Bootstrap[7]: Time 1.337469 seconds, bootstrap likelihood -63770.425854, best rearrangement setting 8
Bootstrap[8]: Time 1.200046 seconds, bootstrap likelihood -63778.804963, best rearrangement setting 10
Bootstrap[9]: Time 1.162543 seconds, bootstrap likelihood -63954.496913, best rearrangement setting 8
Bootstrap[10]: Time 1.289440 seconds, bootstrap likelihood -64765.567484, best rearrangement setting 8
Bootstrap[11]: Time 1.128552 seconds, bootstrap likelihood -63386.965366, best rearrangement setting 12
Bootstrap[12]: Time 1.197456 seconds, bootstrap likelihood -65648.576756, best rearrangement setting 7
Bootstrap[13]: Time 1.252192 seconds, bootstrap likelihood -64239.554686, best rearrangement setting 15
Bootstrap[14]: Time 1.356152 seconds, bootstrap likelihood -64902.445240, best rearrangement setting 9
Bootstrap[15]: Time 1.299505 seconds, bootstrap likelihood -63281.215737, best rearrangement setting 10
Bootstrap[16]: Time 1.189848 seconds, bootstrap likelihood -64282.686208, best rearrangement setting 7
Bootstrap[17]: Time 1.301431 seconds, bootstrap likelihood -65668.121753, best rearrangement setting 9
Bootstrap[18]: Time 1.229163 seconds, bootstrap likelihood -65081.586055, best rearrangement setting 15
Bootstrap[19]: Time 1.095151 seconds, bootstrap likelihood -65230.257208, best rearrangement setting 7
Bootstrap[20]: Time 1.177748 seconds, bootstrap likelihood -64287.333841, best rearrangement setting 11
Bootstrap[21]: Time 1.335650 seconds, bootstrap likelihood -64596.590923, best rearrangement setting 14
Bootstrap[22]: Time 5.713725 seconds, bootstrap likelihood -64035.332284, best rearrangement setting 10
Bootstrap[23]: Time 1.340190 seconds, bootstrap likelihood -65072.805414, best rearrangement setting 11
Bootstrap[24]: Time 1.222286 seconds, bootstrap likelihood -64567.624016, best rearrangement setting 7
Bootstrap[25]: Time 1.231595 seconds, bootstrap likelihood -64032.024161, best rearrangement setting 12
Bootstrap[26]: Time 1.286518 seconds, bootstrap likelihood -66357.624558, best rearrangement setting 10
Bootstrap[27]: Time 1.174696 seconds, bootstrap likelihood -65296.127363, best rearrangement setting 7
Bootstrap[28]: Time 1.252917 seconds, bootstrap likelihood -65411.003809, best rearrangement setting 13
Bootstrap[29]: Time 1.132439 seconds, bootstrap likelihood -66317.700142, best rearrangement setting 6
Bootstrap[30]: Time 1.195250 seconds, bootstrap likelihood -63690.728382, best rearrangement setting 9
Bootstrap[31]: Time 31.860676 seconds, bootstrap likelihood -65156.065840, best rearrangement setting 10
Bootstrap[32]: Time 1.175372 seconds, bootstrap likelihood -65100.744123, best rearrangement setting 10
Bootstrap[33]: Time 1.091677 seconds, bootstrap likelihood -64585.723150, best rearrangement setting 12
Bootstrap[34]: Time 1.097477 seconds, bootstrap likelihood -64190.864077, best rearrangement setting 7
Bootstrap[35]: Time 3.035408 seconds, bootstrap likelihood -65048.912135, best rearrangement setting 11
Bootstrap[36]: Time 6.419184 seconds, bootstrap likelihood -63284.514009, best rearrangement setting 10
Bootstrap[37]: Time 1.520888 seconds, bootstrap likelihood -64563.196526, best rearrangement setting 12
Bootstrap[38]: Time 2.982600 seconds, bootstrap likelihood -63921.347418, best rearrangement setting 7
Bootstrap[39]: Time 1.230442 seconds, bootstrap likelihood -64446.577309, best rearrangement setting 15
Bootstrap[40]: Time 4.166173 seconds, bootstrap likelihood -64643.872113, best rearrangement setting 15
Bootstrap[41]: Time 5.487276 seconds, bootstrap likelihood -62963.424747, best rearrangement setting 12
Bootstrap[42]: Time 1.597182 seconds, bootstrap likelihood -63972.894347, best rearrangement setting 9
Bootstrap[43]: Time 1.288801 seconds, bootstrap likelihood -64784.132389, best rearrangement setting 12
Bootstrap[44]: Time 1.283089 seconds, bootstrap likelihood -65097.626768, best rearrangement setting 14
Bootstrap[45]: Time 1.304994 seconds, bootstrap likelihood -64189.764945, best rearrangement setting 11
Bootstrap[46]: Time 1.276332 seconds, bootstrap likelihood -63833.328620, best rearrangement setting 15
Bootstrap[47]: Time 1.166305 seconds, bootstrap likelihood -65047.194717, best rearrangement setting 13
Bootstrap[48]: Time 1.187454 seconds, bootstrap likelihood -63891.903505, best rearrangement setting 9
Bootstrap[49]: Time 1.310033 seconds, bootstrap likelihood -63549.299808, best rearrangement setting 15
Bootstrap[50]: Time 1.088387 seconds, bootstrap likelihood -64147.705427, best rearrangement setting 6
Bootstrap[51]: Time 0.897984 seconds, bootstrap likelihood -64159.067320, best rearrangement setting 5
Bootstrap[52]: Time 1.332411 seconds, bootstrap likelihood -65359.985208, best rearrangement setting 10
Bootstrap[53]: Time 1.410390 seconds, bootstrap likelihood -64352.028128, best rearrangement setting 9
Bootstrap[54]: Time 4.443141 seconds, bootstrap likelihood -64040.899321, best rearrangement setting 14
Bootstrap[55]: Time 1.253988 seconds, bootstrap likelihood -63755.646792, best rearrangement setting 11
Bootstrap[56]: Time 0.988612 seconds, bootstrap likelihood -65319.257672, best rearrangement setting 7
Bootstrap[57]: Time 1.091365 seconds, bootstrap likelihood -63938.875104, best rearrangement setting 7
Bootstrap[58]: Time 0.967511 seconds, bootstrap likelihood -63438.059331, best rearrangement setting 6
Bootstrap[59]: Time 1.111196 seconds, bootstrap likelihood -63518.595901, best rearrangement setting 13
Bootstrap[60]: Time 1.103905 seconds, bootstrap likelihood -64759.800497, best rearrangement setting 11
Bootstrap[61]: Time 1.212331 seconds, bootstrap likelihood -64704.691762, best rearrangement setting 7
Bootstrap[62]: Time 1.277345 seconds, bootstrap likelihood -64150.858559, best rearrangement setting 14
Bootstrap[63]: Time 1.286796 seconds, bootstrap likelihood -64014.827604, best rearrangement setting 11
Bootstrap[64]: Time 8.341237 seconds, bootstrap likelihood -64274.813076, best rearrangement setting 12
Bootstrap[65]: Time 1.086111 seconds, bootstrap likelihood -66109.394213, best rearrangement setting 14
Bootstrap[66]: Time 1.161519 seconds, bootstrap likelihood -64027.761160, best rearrangement setting 14
Bootstrap[67]: Time 1.355562 seconds, bootstrap likelihood -63962.913188, best rearrangement setting 13
Bootstrap[68]: Time 1.424258 seconds, bootstrap likelihood -64573.810030, best rearrangement setting 13
Bootstrap[69]: Time 1.347127 seconds, bootstrap likelihood -64574.930571, best rearrangement setting 14
Bootstrap[70]: Time 1.258071 seconds, bootstrap likelihood -64889.357982, best rearrangement setting 15
Bootstrap[71]: Time 116.477518 seconds, bootstrap likelihood -63538.716901, best rearrangement setting 12
Bootstrap[72]: Time 118.232427 seconds, bootstrap likelihood -65774.480589, best rearrangement setting 9
Bootstrap[73]: Time 8.777687 seconds, bootstrap likelihood -63715.561606, best rearrangement setting 11
Bootstrap[74]: Time 1.112313 seconds, bootstrap likelihood -63951.424411, best rearrangement setting 6
Bootstrap[75]: Time 1.251431 seconds, bootstrap likelihood -62995.926709, best rearrangement setting 7
Bootstrap[76]: Time 1.401689 seconds, bootstrap likelihood -66237.347063, best rearrangement setting 10
Bootstrap[77]: Time 1.091753 seconds, bootstrap likelihood -63573.274095, best rearrangement setting 8
Bootstrap[78]: Time 1.313259 seconds, bootstrap likelihood -64983.641600, best rearrangement setting 10
Bootstrap[79]: Time 0.969193 seconds, bootstrap likelihood -64825.209675, best rearrangement setting 5
Bootstrap[80]: Time 1.377812 seconds, bootstrap likelihood -65617.163978, best rearrangement setting 11
Bootstrap[81]: Time 1.133521 seconds, bootstrap likelihood -64897.653425, best rearrangement setting 9
Bootstrap[82]: Time 1.259470 seconds, bootstrap likelihood -65135.918045, best rearrangement setting 9
Bootstrap[83]: Time 1.501759 seconds, bootstrap likelihood -63753.511040, best rearrangement setting 15
Bootstrap[84]: Time 1.207445 seconds, bootstrap likelihood -63159.421683, best rearrangement setting 14
Bootstrap[85]: Time 1.280288 seconds, bootstrap likelihood -63911.572237, best rearrangement setting 12
Bootstrap[86]: Time 1.173515 seconds, bootstrap likelihood -66101.237932, best rearrangement setting 13
Bootstrap[87]: Time 1.305613 seconds, bootstrap likelihood -63765.014569, best rearrangement setting 7
Bootstrap[88]: Time 1.101379 seconds, bootstrap likelihood -65525.217931, best rearrangement setting 9
Bootstrap[89]: Time 1.160868 seconds, bootstrap likelihood -64618.822074, best rearrangement setting 9
Bootstrap[90]: Time 1.359253 seconds, bootstrap likelihood -65031.484949, best rearrangement setting 14
Bootstrap[91]: Time 1.495330 seconds, bootstrap likelihood -65104.411377, best rearrangement setting 13
Bootstrap[92]: Time 1.240344 seconds, bootstrap likelihood -64238.061871, best rearrangement setting 8
Bootstrap[93]: Time 1.184622 seconds, bootstrap likelihood -65246.774839, best rearrangement setting 8
Bootstrap[94]: Time 0.944595 seconds, bootstrap likelihood -63691.600128, best rearrangement setting 5
Bootstrap[95]: Time 1.445149 seconds, bootstrap likelihood -63597.363685, best rearrangement setting 6
Bootstrap[96]: Time 1.284952 seconds, bootstrap likelihood -66114.053133, best rearrangement setting 8
Bootstrap[97]: Time 1.185415 seconds, bootstrap likelihood -62851.850297, best rearrangement setting 14
Bootstrap[98]: Time 1.310971 seconds, bootstrap likelihood -64484.017729, best rearrangement setting 9
Bootstrap[99]: Time 1.242504 seconds, bootstrap likelihood -64377.223157, best rearrangement setting 14


Overall Time for 100 Rapid Bootstraps 431.366734 seconds
Average Time per Rapid Bootstrap 4.313667 seconds

Starting ML Search ...

Fast ML optimization finished

Fast ML search Time: 139.570789 seconds

Slow ML Search 0 Likelihood: -64408.443008
Slow ML Search 1 Likelihood: -64409.585296
Slow ML Search 2 Likelihood: -64410.392664
Slow ML Search 3 Likelihood: -64410.842749
Slow ML Search 4 Likelihood: -64411.496705
Slow ML Search 5 Likelihood: -64412.685084
Slow ML Search 6 Likelihood: -64413.100188
Slow ML Search 7 Likelihood: -64410.026452
Slow ML Search 8 Likelihood: -64418.232801
Slow ML Search 9 Likelihood: -64417.858135
Slow ML optimization finished

Slow ML search Time: 25.550686 seconds
Thorough ML search Time: 2.142166 seconds

Final ML Optimization Likelihood: -64408.443008

Model Information:

Model Parameters of Partition 0, Name: No Name Provided, Type of Data: DNA
alpha: 0.325921
Tree-Length: 3.049072
rate A <-> C: 2.155461
rate A <-> G: 5.424550
rate A <-> T: 0.911552
rate C <-> G: 0.951181
rate C <-> T: 6.239938
rate G <-> T: 1.000000

freq pi(A): 0.369859
freq pi(C): 0.174164
freq pi(G): 0.234236
freq pi(T): 0.221741


ML search took 167.269823 secs or 0.046464 hours

Combined Bootstrap and ML search took 598.636710 secs or 0.166288 hours

Drawing Bootstrap Support Values on best-scoring ML tree ...



Found 1 tree in File /gpfs_home/mhowison/code/hiv-profile-sampling/scratch/trees/gag-pol-env/RAxML_bestTree.sample.20



Found 1 tree in File /gpfs_home/mhowison/code/hiv-profile-sampling/scratch/trees/gag-pol-env/RAxML_bestTree.sample.20

Program execution info written to /gpfs_home/mhowison/code/hiv-profile-sampling/scratch/trees/gag-pol-env/RAxML_info.sample.20
All 100 bootstrapped trees written to: /gpfs_home/mhowison/code/hiv-profile-sampling/scratch/trees/gag-pol-env/RAxML_bootstrap.sample.20

Best-scoring ML tree written to: /gpfs_home/mhowison/code/hiv-profile-sampling/scratch/trees/gag-pol-env/RAxML_bestTree.sample.20

Best-scoring ML tree with support values written to: /gpfs_home/mhowison/code/hiv-profile-sampling/scratch/trees/gag-pol-env/RAxML_bipartitions.sample.20

Best-scoring ML tree with support values as branch labels written to: /gpfs_home/mhowison/code/hiv-profile-sampling/scratch/trees/gag-pol-env/RAxML_bipartitionsBranchLabels.sample.20

Overall execution time for full ML analysis: 598.655226 secs or 0.166293 hours or 0.006929 days

