srun: job 264009 queued and waiting for resources
srun: job 264009 has been allocated resources
Warning, you specified a working directory via "-w"
Keep in mind that RAxML only accepts absolute path names, not relative ones!

RAxML can't, parse the alignment file as phylip file 
it will now try to parse it as FASTA file



Using BFGS method to optimize GTR rate parameters, to disable this specify "--no-bfgs" 


This is the RAxML Master Pthread

This is RAxML Worker Pthread Number: 2

This is RAxML Worker Pthread Number: 1

This is RAxML Worker Pthread Number: 5

This is RAxML Worker Pthread Number: 3

This is RAxML Worker Pthread Number: 4

This is RAxML Worker Pthread Number: 7

This is RAxML Worker Pthread Number: 6

This is RAxML Worker Pthread Number: 8

This is RAxML Worker Pthread Number: 11

This is RAxML Worker Pthread Number: 9

This is RAxML Worker Pthread Number: 10

This is RAxML Worker Pthread Number: 12

This is RAxML Worker Pthread Number: 13

This is RAxML Worker Pthread Number: 16

This is RAxML Worker Pthread Number: 18

This is RAxML Worker Pthread Number: 14

This is RAxML Worker Pthread Number: 15

This is RAxML Worker Pthread Number: 17

This is RAxML Worker Pthread Number: 19


This is RAxML version 8.2.12 released by Alexandros Stamatakis on May 2018.

With greatly appreciated code contributions by:
Andre Aberer      (HITS)
Simon Berger      (HITS)
Alexey Kozlov     (HITS)
Kassian Kobert    (HITS)
David Dao         (KIT and HITS)
Sarah Lutteropp   (KIT and HITS)
Nick Pattengale   (Sandia)
Wayne Pfeiffer    (SDSC)
Akifumi S. Tanabe (NRIFS)
Charlie Taylor    (UF)


Alignment has 3195 distinct alignment patterns

Proportion of gaps and completely undetermined characters in this alignment: 6.11%

RAxML rapid bootstrapping and subsequent ML search

Using 1 distinct models/data partitions with joint branch length optimization



Executing 100 rapid bootstrap inferences and thereafter a thorough ML search 

All free model parameters will be estimated by RAxML
GAMMA model of rate heterogeneity, ML estimate of alpha-parameter

GAMMA Model parameters will be estimated up to an accuracy of 0.1000000000 Log Likelihood units

Partition: 0
Alignment Patterns: 3195
Name: No Name Provided
DataType: DNA
Substitution Matrix: GTR




RAxML was called as follows:

raxmlHPC-PTHREADS-AVX -T 20 -s scratch/aligned/gag-pol-env/sample.145.fa -p 5073820546 -x 5073820546 -f a -N 100 -m GTRGAMMA -w /gpfs_home/mhowison/code/hiv-profile-sampling/scratch/trees/gag-pol-env -n sample.145 



Time for BS model parameter optimization 0.179982
Bootstrap[0]: Time 1.740888 seconds, bootstrap likelihood -64893.454617, best rearrangement setting 10
Bootstrap[1]: Time 1.272413 seconds, bootstrap likelihood -63679.355341, best rearrangement setting 8
Bootstrap[2]: Time 1.166538 seconds, bootstrap likelihood -66719.210427, best rearrangement setting 7
Bootstrap[3]: Time 1.262245 seconds, bootstrap likelihood -65687.805081, best rearrangement setting 14
Bootstrap[4]: Time 1.160620 seconds, bootstrap likelihood -63922.349744, best rearrangement setting 14
Bootstrap[5]: Time 1.174527 seconds, bootstrap likelihood -63859.017251, best rearrangement setting 14
Bootstrap[6]: Time 1.539801 seconds, bootstrap likelihood -65175.586046, best rearrangement setting 10
Bootstrap[7]: Time 1.261532 seconds, bootstrap likelihood -64442.596884, best rearrangement setting 13
Bootstrap[8]: Time 1.365587 seconds, bootstrap likelihood -65196.133952, best rearrangement setting 15
Bootstrap[9]: Time 1.349489 seconds, bootstrap likelihood -64782.978713, best rearrangement setting 14
Bootstrap[10]: Time 3.010649 seconds, bootstrap likelihood -62960.453320, best rearrangement setting 14
Bootstrap[11]: Time 1.123420 seconds, bootstrap likelihood -64476.298801, best rearrangement setting 5
Bootstrap[12]: Time 1.373445 seconds, bootstrap likelihood -65125.739268, best rearrangement setting 14
Bootstrap[13]: Time 1.432036 seconds, bootstrap likelihood -64860.567129, best rearrangement setting 13
Bootstrap[14]: Time 1.352043 seconds, bootstrap likelihood -64362.938344, best rearrangement setting 8
Bootstrap[15]: Time 1.143393 seconds, bootstrap likelihood -63746.133701, best rearrangement setting 7
Bootstrap[16]: Time 1.322845 seconds, bootstrap likelihood -65144.266126, best rearrangement setting 15
Bootstrap[17]: Time 1.123426 seconds, bootstrap likelihood -66091.094443, best rearrangement setting 5
Bootstrap[18]: Time 1.328708 seconds, bootstrap likelihood -64395.402100, best rearrangement setting 10
Bootstrap[19]: Time 1.396448 seconds, bootstrap likelihood -64123.070115, best rearrangement setting 15
Bootstrap[20]: Time 1.362371 seconds, bootstrap likelihood -64826.031249, best rearrangement setting 14
Bootstrap[21]: Time 1.319418 seconds, bootstrap likelihood -63026.796663, best rearrangement setting 5
Bootstrap[22]: Time 1.315312 seconds, bootstrap likelihood -65603.291285, best rearrangement setting 9
Bootstrap[23]: Time 1.408482 seconds, bootstrap likelihood -64078.338386, best rearrangement setting 10
Bootstrap[24]: Time 1.272477 seconds, bootstrap likelihood -65505.350301, best rearrangement setting 12
Bootstrap[25]: Time 1.231333 seconds, bootstrap likelihood -65604.578404, best rearrangement setting 14
Bootstrap[26]: Time 1.322746 seconds, bootstrap likelihood -65928.811410, best rearrangement setting 7
Bootstrap[27]: Time 1.127136 seconds, bootstrap likelihood -63511.462060, best rearrangement setting 5
Bootstrap[28]: Time 1.232764 seconds, bootstrap likelihood -65441.844720, best rearrangement setting 11
Bootstrap[29]: Time 1.310850 seconds, bootstrap likelihood -62806.637338, best rearrangement setting 7
Bootstrap[30]: Time 1.366880 seconds, bootstrap likelihood -64210.734962, best rearrangement setting 7
Bootstrap[31]: Time 1.420689 seconds, bootstrap likelihood -65187.161323, best rearrangement setting 9
Bootstrap[32]: Time 2.006303 seconds, bootstrap likelihood -64435.048808, best rearrangement setting 8
Bootstrap[33]: Time 1.357777 seconds, bootstrap likelihood -63817.940451, best rearrangement setting 11
Bootstrap[34]: Time 1.234248 seconds, bootstrap likelihood -65702.682293, best rearrangement setting 6
Bootstrap[35]: Time 1.344322 seconds, bootstrap likelihood -63691.724054, best rearrangement setting 13
Bootstrap[36]: Time 1.437192 seconds, bootstrap likelihood -64963.378487, best rearrangement setting 11
Bootstrap[37]: Time 1.442574 seconds, bootstrap likelihood -64163.364671, best rearrangement setting 9
Bootstrap[38]: Time 1.347497 seconds, bootstrap likelihood -65035.991882, best rearrangement setting 15
Bootstrap[39]: Time 1.392454 seconds, bootstrap likelihood -64928.985012, best rearrangement setting 9
Bootstrap[40]: Time 1.441473 seconds, bootstrap likelihood -63970.177396, best rearrangement setting 10
Bootstrap[41]: Time 1.070091 seconds, bootstrap likelihood -63239.529996, best rearrangement setting 5
Bootstrap[42]: Time 1.471878 seconds, bootstrap likelihood -63710.004404, best rearrangement setting 10
Bootstrap[43]: Time 1.743432 seconds, bootstrap likelihood -64493.704501, best rearrangement setting 8
Bootstrap[44]: Time 1.411839 seconds, bootstrap likelihood -64510.887130, best rearrangement setting 11
Bootstrap[45]: Time 1.234697 seconds, bootstrap likelihood -64890.856836, best rearrangement setting 10
Bootstrap[46]: Time 1.131023 seconds, bootstrap likelihood -64439.544705, best rearrangement setting 6
Bootstrap[47]: Time 1.237183 seconds, bootstrap likelihood -64415.834341, best rearrangement setting 6
Bootstrap[48]: Time 1.423598 seconds, bootstrap likelihood -64624.277781, best rearrangement setting 14
Bootstrap[49]: Time 1.181360 seconds, bootstrap likelihood -63622.427122, best rearrangement setting 6
Bootstrap[50]: Time 1.274999 seconds, bootstrap likelihood -64389.301007, best rearrangement setting 13
Bootstrap[51]: Time 1.285734 seconds, bootstrap likelihood -63356.438737, best rearrangement setting 12
Bootstrap[52]: Time 1.281148 seconds, bootstrap likelihood -63284.815845, best rearrangement setting 14
Bootstrap[53]: Time 1.514443 seconds, bootstrap likelihood -64719.362951, best rearrangement setting 10
Bootstrap[54]: Time 1.779711 seconds, bootstrap likelihood -64082.374735, best rearrangement setting 13
Bootstrap[55]: Time 1.304652 seconds, bootstrap likelihood -65352.020609, best rearrangement setting 13
Bootstrap[56]: Time 1.296544 seconds, bootstrap likelihood -65295.912858, best rearrangement setting 7
Bootstrap[57]: Time 1.876236 seconds, bootstrap likelihood -63673.923725, best rearrangement setting 14
Bootstrap[58]: Time 1.368753 seconds, bootstrap likelihood -65120.104900, best rearrangement setting 10
Bootstrap[59]: Time 1.368695 seconds, bootstrap likelihood -65012.346165, best rearrangement setting 13
Bootstrap[60]: Time 1.208375 seconds, bootstrap likelihood -63995.753138, best rearrangement setting 6
Bootstrap[61]: Time 1.510967 seconds, bootstrap likelihood -65723.767775, best rearrangement setting 10
Bootstrap[62]: Time 1.401223 seconds, bootstrap likelihood -64885.177015, best rearrangement setting 15
Bootstrap[63]: Time 1.477920 seconds, bootstrap likelihood -63838.261822, best rearrangement setting 14
Bootstrap[64]: Time 1.487010 seconds, bootstrap likelihood -63633.048985, best rearrangement setting 7
Bootstrap[65]: Time 1.411235 seconds, bootstrap likelihood -65274.590063, best rearrangement setting 6
Bootstrap[66]: Time 1.396621 seconds, bootstrap likelihood -63624.342429, best rearrangement setting 15
Bootstrap[67]: Time 1.380092 seconds, bootstrap likelihood -65209.543494, best rearrangement setting 8
Bootstrap[68]: Time 1.240794 seconds, bootstrap likelihood -65551.349052, best rearrangement setting 7
Bootstrap[69]: Time 1.528583 seconds, bootstrap likelihood -65861.051994, best rearrangement setting 10
Bootstrap[70]: Time 1.340208 seconds, bootstrap likelihood -65057.790277, best rearrangement setting 12
Bootstrap[71]: Time 1.101692 seconds, bootstrap likelihood -63677.654649, best rearrangement setting 6
Bootstrap[72]: Time 1.248924 seconds, bootstrap likelihood -64311.951910, best rearrangement setting 14
Bootstrap[73]: Time 1.052094 seconds, bootstrap likelihood -65132.273152, best rearrangement setting 5
Bootstrap[74]: Time 1.325960 seconds, bootstrap likelihood -63399.935053, best rearrangement setting 10
Bootstrap[75]: Time 1.465450 seconds, bootstrap likelihood -63226.272230, best rearrangement setting 12
Bootstrap[76]: Time 1.726845 seconds, bootstrap likelihood -64426.612153, best rearrangement setting 12
Bootstrap[77]: Time 1.408234 seconds, bootstrap likelihood -65139.109423, best rearrangement setting 10
Bootstrap[78]: Time 1.309771 seconds, bootstrap likelihood -64395.327231, best rearrangement setting 13
Bootstrap[79]: Time 1.412832 seconds, bootstrap likelihood -64084.033470, best rearrangement setting 10
Bootstrap[80]: Time 1.479190 seconds, bootstrap likelihood -63449.194515, best rearrangement setting 11
Bootstrap[81]: Time 1.051421 seconds, bootstrap likelihood -63171.530448, best rearrangement setting 5
Bootstrap[82]: Time 1.294829 seconds, bootstrap likelihood -63805.403867, best rearrangement setting 7
Bootstrap[83]: Time 1.380748 seconds, bootstrap likelihood -64730.431354, best rearrangement setting 11
Bootstrap[84]: Time 1.309810 seconds, bootstrap likelihood -63147.861309, best rearrangement setting 10
Bootstrap[85]: Time 1.496913 seconds, bootstrap likelihood -64472.371751, best rearrangement setting 9
Bootstrap[86]: Time 1.439633 seconds, bootstrap likelihood -63681.552834, best rearrangement setting 11
Bootstrap[87]: Time 1.105397 seconds, bootstrap likelihood -63396.592297, best rearrangement setting 5
Bootstrap[88]: Time 1.291243 seconds, bootstrap likelihood -64875.634471, best rearrangement setting 7
Bootstrap[89]: Time 1.158095 seconds, bootstrap likelihood -64452.099060, best rearrangement setting 12
Bootstrap[90]: Time 1.453334 seconds, bootstrap likelihood -64623.075772, best rearrangement setting 11
Bootstrap[91]: Time 1.214015 seconds, bootstrap likelihood -65349.169119, best rearrangement setting 6
Bootstrap[92]: Time 0.976645 seconds, bootstrap likelihood -64914.453798, best rearrangement setting 5
Bootstrap[93]: Time 1.375334 seconds, bootstrap likelihood -63708.854005, best rearrangement setting 8
Bootstrap[94]: Time 0.995324 seconds, bootstrap likelihood -65583.622335, best rearrangement setting 5
Bootstrap[95]: Time 1.421448 seconds, bootstrap likelihood -65027.976493, best rearrangement setting 14
Bootstrap[96]: Time 1.043987 seconds, bootstrap likelihood -64221.362530, best rearrangement setting 5
Bootstrap[97]: Time 1.334107 seconds, bootstrap likelihood -62756.702984, best rearrangement setting 11
Bootstrap[98]: Time 0.947172 seconds, bootstrap likelihood -64429.659448, best rearrangement setting 5
Bootstrap[99]: Time 2.058667 seconds, bootstrap likelihood -65214.786331, best rearrangement setting 14


Overall Time for 100 Rapid Bootstraps 136.178549 seconds
Average Time per Rapid Bootstrap 1.361785 seconds

Starting ML Search ...

Fast ML optimization finished

Fast ML search Time: 109.994340 seconds

Slow ML Search 0 Likelihood: -64540.946917
Slow ML Search 1 Likelihood: -64542.974086
Slow ML Search 2 Likelihood: -64543.204929
Slow ML Search 3 Likelihood: -64545.868917
Slow ML Search 4 Likelihood: -64546.989132
Slow ML Search 5 Likelihood: -64547.413026
Slow ML Search 6 Likelihood: -64548.969625
Slow ML Search 7 Likelihood: -64550.871738
Slow ML Search 8 Likelihood: -64552.174169
Slow ML Search 9 Likelihood: -64552.448110
Slow ML optimization finished

Slow ML search Time: 20.209785 seconds
Thorough ML search Time: 2.266187 seconds

Final ML Optimization Likelihood: -64540.946917

Model Information:

Model Parameters of Partition 0, Name: No Name Provided, Type of Data: DNA
alpha: 0.329071
Tree-Length: 3.034285
rate A <-> C: 2.244557
rate A <-> G: 5.583348
rate A <-> T: 0.874990
rate C <-> G: 0.969967
rate C <-> T: 6.360935
rate G <-> T: 1.000000

freq pi(A): 0.369885
freq pi(C): 0.174305
freq pi(G): 0.234342
freq pi(T): 0.221468


ML search took 132.475284 secs or 0.036799 hours

Combined Bootstrap and ML search took 268.654032 secs or 0.074626 hours

Drawing Bootstrap Support Values on best-scoring ML tree ...



Found 1 tree in File /gpfs_home/mhowison/code/hiv-profile-sampling/scratch/trees/gag-pol-env/RAxML_bestTree.sample.145



Found 1 tree in File /gpfs_home/mhowison/code/hiv-profile-sampling/scratch/trees/gag-pol-env/RAxML_bestTree.sample.145

Program execution info written to /gpfs_home/mhowison/code/hiv-profile-sampling/scratch/trees/gag-pol-env/RAxML_info.sample.145
All 100 bootstrapped trees written to: /gpfs_home/mhowison/code/hiv-profile-sampling/scratch/trees/gag-pol-env/RAxML_bootstrap.sample.145

Best-scoring ML tree written to: /gpfs_home/mhowison/code/hiv-profile-sampling/scratch/trees/gag-pol-env/RAxML_bestTree.sample.145

Best-scoring ML tree with support values written to: /gpfs_home/mhowison/code/hiv-profile-sampling/scratch/trees/gag-pol-env/RAxML_bipartitions.sample.145

Best-scoring ML tree with support values as branch labels written to: /gpfs_home/mhowison/code/hiv-profile-sampling/scratch/trees/gag-pol-env/RAxML_bipartitionsBranchLabels.sample.145

Overall execution time for full ML analysis: 268.658087 secs or 0.074627 hours or 0.003109 days

