srun: job 264477 queued and waiting for resources
srun: job 264477 has been allocated resources
Warning, you specified a working directory via "-w"
Keep in mind that RAxML only accepts absolute path names, not relative ones!

RAxML can't, parse the alignment file as phylip file 
it will now try to parse it as FASTA file



Using BFGS method to optimize GTR rate parameters, to disable this specify "--no-bfgs" 


This is the RAxML Master Pthread

This is RAxML Worker Pthread Number: 1

This is RAxML Worker Pthread Number: 3

This is RAxML Worker Pthread Number: 5

This is RAxML Worker Pthread Number: 4

This is RAxML Worker Pthread Number: 2

This is RAxML Worker Pthread Number: 6

This is RAxML Worker Pthread Number: 7

This is RAxML Worker Pthread Number: 8

This is RAxML Worker Pthread Number: 9

This is RAxML Worker Pthread Number: 11

This is RAxML Worker Pthread Number: 10

This is RAxML Worker Pthread Number: 13

This is RAxML Worker Pthread Number: 15

This is RAxML Worker Pthread Number: 14

This is RAxML Worker Pthread Number: 12

This is RAxML Worker Pthread Number: 16

This is RAxML Worker Pthread Number: 19

This is RAxML Worker Pthread Number: 17

This is RAxML Worker Pthread Number: 18


This is RAxML version 8.2.12 released by Alexandros Stamatakis on May 2018.

With greatly appreciated code contributions by:
Andre Aberer      (HITS)
Simon Berger      (HITS)
Alexey Kozlov     (HITS)
Kassian Kobert    (HITS)
David Dao         (KIT and HITS)
Sarah Lutteropp   (KIT and HITS)
Nick Pattengale   (Sandia)
Wayne Pfeiffer    (SDSC)
Akifumi S. Tanabe (NRIFS)
Charlie Taylor    (UF)


Alignment has 3184 distinct alignment patterns

Proportion of gaps and completely undetermined characters in this alignment: 6.12%

RAxML rapid bootstrapping and subsequent ML search

Using 1 distinct models/data partitions with joint branch length optimization



Executing 100 rapid bootstrap inferences and thereafter a thorough ML search 

All free model parameters will be estimated by RAxML
GAMMA model of rate heterogeneity, ML estimate of alpha-parameter

GAMMA Model parameters will be estimated up to an accuracy of 0.1000000000 Log Likelihood units

Partition: 0
Alignment Patterns: 3184
Name: No Name Provided
DataType: DNA
Substitution Matrix: GTR




RAxML was called as follows:

raxmlHPC-PTHREADS-AVX -T 20 -s scratch/aligned/gag-pol-env/sample.390.fa -p 8043908800 -x 8043908800 -f a -N 100 -m GTRGAMMA -w /gpfs_home/mhowison/code/hiv-profile-sampling/scratch/trees/gag-pol-env -n sample.390 



Time for BS model parameter optimization 0.146415
Bootstrap[0]: Time 1.835435 seconds, bootstrap likelihood -65092.657262, best rearrangement setting 9
Bootstrap[1]: Time 1.185586 seconds, bootstrap likelihood -64787.744884, best rearrangement setting 13
Bootstrap[2]: Time 1.520223 seconds, bootstrap likelihood -63699.017075, best rearrangement setting 8
Bootstrap[3]: Time 1.178241 seconds, bootstrap likelihood -63642.732559, best rearrangement setting 10
Bootstrap[4]: Time 2.044105 seconds, bootstrap likelihood -63959.342642, best rearrangement setting 13
Bootstrap[5]: Time 1.236500 seconds, bootstrap likelihood -66264.930222, best rearrangement setting 11
Bootstrap[6]: Time 4.451584 seconds, bootstrap likelihood -64731.644134, best rearrangement setting 5
Bootstrap[7]: Time 1.107008 seconds, bootstrap likelihood -63403.291953, best rearrangement setting 9
Bootstrap[8]: Time 1.185297 seconds, bootstrap likelihood -64720.619880, best rearrangement setting 9
Bootstrap[9]: Time 1.291392 seconds, bootstrap likelihood -64902.102279, best rearrangement setting 13
Bootstrap[10]: Time 4.525358 seconds, bootstrap likelihood -63170.776719, best rearrangement setting 10
Bootstrap[11]: Time 1.133819 seconds, bootstrap likelihood -65561.847214, best rearrangement setting 12
Bootstrap[12]: Time 1.050262 seconds, bootstrap likelihood -63756.924746, best rearrangement setting 15
Bootstrap[13]: Time 1.862304 seconds, bootstrap likelihood -64828.990482, best rearrangement setting 13
Bootstrap[14]: Time 0.842247 seconds, bootstrap likelihood -64539.184739, best rearrangement setting 5
Bootstrap[15]: Time 0.923683 seconds, bootstrap likelihood -63377.703543, best rearrangement setting 5
Bootstrap[16]: Time 2.754169 seconds, bootstrap likelihood -64856.407278, best rearrangement setting 15
Bootstrap[17]: Time 1.191466 seconds, bootstrap likelihood -64255.007047, best rearrangement setting 14
Bootstrap[18]: Time 1.172851 seconds, bootstrap likelihood -64041.731915, best rearrangement setting 13
Bootstrap[19]: Time 2.266194 seconds, bootstrap likelihood -64694.622680, best rearrangement setting 12
Bootstrap[20]: Time 1.226272 seconds, bootstrap likelihood -64904.461383, best rearrangement setting 15
Bootstrap[21]: Time 1.154469 seconds, bootstrap likelihood -65450.290411, best rearrangement setting 9
Bootstrap[22]: Time 3.171691 seconds, bootstrap likelihood -64982.288821, best rearrangement setting 10
Bootstrap[23]: Time 1.168370 seconds, bootstrap likelihood -64856.532359, best rearrangement setting 13
Bootstrap[24]: Time 1.084782 seconds, bootstrap likelihood -63273.118410, best rearrangement setting 8
Bootstrap[25]: Time 1.179105 seconds, bootstrap likelihood -63393.315873, best rearrangement setting 9
Bootstrap[26]: Time 1.082122 seconds, bootstrap likelihood -64044.551461, best rearrangement setting 12
Bootstrap[27]: Time 1.381585 seconds, bootstrap likelihood -63850.993022, best rearrangement setting 12
Bootstrap[28]: Time 0.884365 seconds, bootstrap likelihood -62637.847779, best rearrangement setting 5
Bootstrap[29]: Time 1.165453 seconds, bootstrap likelihood -66207.350067, best rearrangement setting 13
Bootstrap[30]: Time 3.258194 seconds, bootstrap likelihood -64807.012181, best rearrangement setting 9
Bootstrap[31]: Time 1.094565 seconds, bootstrap likelihood -65304.641857, best rearrangement setting 13
Bootstrap[32]: Time 1.114082 seconds, bootstrap likelihood -65074.099213, best rearrangement setting 13
Bootstrap[33]: Time 2.463312 seconds, bootstrap likelihood -64593.390467, best rearrangement setting 13
Bootstrap[34]: Time 1.020380 seconds, bootstrap likelihood -63775.691347, best rearrangement setting 8
Bootstrap[35]: Time 0.959129 seconds, bootstrap likelihood -64760.592089, best rearrangement setting 5
Bootstrap[36]: Time 1.094839 seconds, bootstrap likelihood -64801.135773, best rearrangement setting 8
Bootstrap[37]: Time 1.072644 seconds, bootstrap likelihood -64442.265750, best rearrangement setting 11
Bootstrap[38]: Time 1.078246 seconds, bootstrap likelihood -64100.587443, best rearrangement setting 13
Bootstrap[39]: Time 1.204896 seconds, bootstrap likelihood -64227.705922, best rearrangement setting 9
Bootstrap[40]: Time 3.284335 seconds, bootstrap likelihood -64216.888208, best rearrangement setting 15
Bootstrap[41]: Time 3.191661 seconds, bootstrap likelihood -64507.186266, best rearrangement setting 10
Bootstrap[42]: Time 1.098039 seconds, bootstrap likelihood -65893.473939, best rearrangement setting 10
Bootstrap[43]: Time 1.143447 seconds, bootstrap likelihood -63726.209359, best rearrangement setting 13
Bootstrap[44]: Time 1.250812 seconds, bootstrap likelihood -65016.219624, best rearrangement setting 15
Bootstrap[45]: Time 1.189708 seconds, bootstrap likelihood -65984.481892, best rearrangement setting 12
Bootstrap[46]: Time 1.172205 seconds, bootstrap likelihood -63825.780712, best rearrangement setting 7
Bootstrap[47]: Time 1.164997 seconds, bootstrap likelihood -63582.987683, best rearrangement setting 8
Bootstrap[48]: Time 4.685415 seconds, bootstrap likelihood -63631.285035, best rearrangement setting 12
Bootstrap[49]: Time 1.551372 seconds, bootstrap likelihood -63570.163240, best rearrangement setting 15
Bootstrap[50]: Time 1.170928 seconds, bootstrap likelihood -65432.241308, best rearrangement setting 11
Bootstrap[51]: Time 0.903878 seconds, bootstrap likelihood -64463.962157, best rearrangement setting 5
Bootstrap[52]: Time 1.965132 seconds, bootstrap likelihood -63552.183854, best rearrangement setting 15
Bootstrap[53]: Time 1.156868 seconds, bootstrap likelihood -64847.905260, best rearrangement setting 9
Bootstrap[54]: Time 1.239553 seconds, bootstrap likelihood -64421.604287, best rearrangement setting 11
Bootstrap[55]: Time 1.039437 seconds, bootstrap likelihood -64715.590656, best rearrangement setting 6
Bootstrap[56]: Time 0.826456 seconds, bootstrap likelihood -65391.327641, best rearrangement setting 5
Bootstrap[57]: Time 1.077185 seconds, bootstrap likelihood -63119.982768, best rearrangement setting 15
Bootstrap[58]: Time 3.360319 seconds, bootstrap likelihood -63948.227180, best rearrangement setting 11
Bootstrap[59]: Time 1.185520 seconds, bootstrap likelihood -64281.380426, best rearrangement setting 12
Bootstrap[60]: Time 1.166048 seconds, bootstrap likelihood -64452.419678, best rearrangement setting 12
Bootstrap[61]: Time 0.886168 seconds, bootstrap likelihood -63220.459255, best rearrangement setting 5
Bootstrap[62]: Time 0.867733 seconds, bootstrap likelihood -64397.670805, best rearrangement setting 5
Bootstrap[63]: Time 1.123796 seconds, bootstrap likelihood -63494.637093, best rearrangement setting 13
Bootstrap[64]: Time 0.974319 seconds, bootstrap likelihood -63983.422631, best rearrangement setting 7
Bootstrap[65]: Time 1.088403 seconds, bootstrap likelihood -64294.789049, best rearrangement setting 13
Bootstrap[66]: Time 0.822009 seconds, bootstrap likelihood -63336.960578, best rearrangement setting 5
Bootstrap[67]: Time 1.097726 seconds, bootstrap likelihood -66039.056023, best rearrangement setting 14
Bootstrap[68]: Time 1.196259 seconds, bootstrap likelihood -64972.611491, best rearrangement setting 15
Bootstrap[69]: Time 1.167549 seconds, bootstrap likelihood -64008.582581, best rearrangement setting 12
Bootstrap[70]: Time 1.019137 seconds, bootstrap likelihood -63344.914456, best rearrangement setting 6
Bootstrap[71]: Time 3.207665 seconds, bootstrap likelihood -64756.126143, best rearrangement setting 8
Bootstrap[72]: Time 1.122219 seconds, bootstrap likelihood -63363.851920, best rearrangement setting 14
Bootstrap[73]: Time 1.001642 seconds, bootstrap likelihood -65564.052668, best rearrangement setting 9
Bootstrap[74]: Time 1.049975 seconds, bootstrap likelihood -65187.348066, best rearrangement setting 7
Bootstrap[75]: Time 1.126083 seconds, bootstrap likelihood -64409.054291, best rearrangement setting 5
Bootstrap[76]: Time 0.957509 seconds, bootstrap likelihood -64517.790045, best rearrangement setting 6
Bootstrap[77]: Time 1.097260 seconds, bootstrap likelihood -64634.419265, best rearrangement setting 7
Bootstrap[78]: Time 1.197755 seconds, bootstrap likelihood -64254.492668, best rearrangement setting 14
Bootstrap[79]: Time 1.142935 seconds, bootstrap likelihood -63267.749332, best rearrangement setting 14
Bootstrap[80]: Time 1.072337 seconds, bootstrap likelihood -63059.649116, best rearrangement setting 12
Bootstrap[81]: Time 1.242495 seconds, bootstrap likelihood -63902.902724, best rearrangement setting 8
Bootstrap[82]: Time 3.706722 seconds, bootstrap likelihood -64921.143862, best rearrangement setting 14
Bootstrap[83]: Time 1.080416 seconds, bootstrap likelihood -64349.364389, best rearrangement setting 9
Bootstrap[84]: Time 0.985155 seconds, bootstrap likelihood -62931.169288, best rearrangement setting 6
Bootstrap[85]: Time 0.882077 seconds, bootstrap likelihood -63943.847116, best rearrangement setting 7
Bootstrap[86]: Time 1.053679 seconds, bootstrap likelihood -65091.682964, best rearrangement setting 10
Bootstrap[87]: Time 0.856556 seconds, bootstrap likelihood -64760.234901, best rearrangement setting 5
Bootstrap[88]: Time 1.157160 seconds, bootstrap likelihood -63084.800576, best rearrangement setting 12
Bootstrap[89]: Time 1.184308 seconds, bootstrap likelihood -65782.422106, best rearrangement setting 8
Bootstrap[90]: Time 1.163438 seconds, bootstrap likelihood -63496.830237, best rearrangement setting 9
Bootstrap[91]: Time 1.025037 seconds, bootstrap likelihood -64565.843486, best rearrangement setting 8
Bootstrap[92]: Time 0.898317 seconds, bootstrap likelihood -62724.646342, best rearrangement setting 5
Bootstrap[93]: Time 1.106607 seconds, bootstrap likelihood -65318.985949, best rearrangement setting 8
Bootstrap[94]: Time 1.169775 seconds, bootstrap likelihood -64394.258691, best rearrangement setting 14
Bootstrap[95]: Time 2.884164 seconds, bootstrap likelihood -65201.924220, best rearrangement setting 7
Bootstrap[96]: Time 1.449653 seconds, bootstrap likelihood -63802.293364, best rearrangement setting 6
Bootstrap[97]: Time 3.460577 seconds, bootstrap likelihood -65436.677865, best rearrangement setting 6
Bootstrap[98]: Time 1.262032 seconds, bootstrap likelihood -63506.011821, best rearrangement setting 14
Bootstrap[99]: Time 1.131144 seconds, bootstrap likelihood -64143.076971, best rearrangement setting 11


Overall Time for 100 Rapid Bootstraps 148.493585 seconds
Average Time per Rapid Bootstrap 1.484936 seconds

Starting ML Search ...

Fast ML optimization finished

Fast ML search Time: 167.467662 seconds

Slow ML Search 0 Likelihood: -64367.284025
Slow ML Search 1 Likelihood: -64367.483573
Slow ML Search 2 Likelihood: -64367.483573
Slow ML Search 3 Likelihood: -64369.206322
Slow ML Search 4 Likelihood: -64369.640030
Slow ML Search 5 Likelihood: -64370.332148
Slow ML Search 6 Likelihood: -64371.565441
Slow ML Search 7 Likelihood: -64367.483573
Slow ML Search 8 Likelihood: -64367.483571
Slow ML Search 9 Likelihood: -64371.716690
Slow ML optimization finished

Slow ML search Time: 49.533557 seconds
Thorough ML search Time: 1.947506 seconds

Final ML Optimization Likelihood: -64367.284023

Model Information:

Model Parameters of Partition 0, Name: No Name Provided, Type of Data: DNA
alpha: 0.328402
Tree-Length: 3.018119
rate A <-> C: 2.238532
rate A <-> G: 5.685564
rate A <-> T: 0.934884
rate C <-> G: 0.959302
rate C <-> T: 6.586063
rate G <-> T: 1.000000

freq pi(A): 0.369837
freq pi(C): 0.174262
freq pi(G): 0.234341
freq pi(T): 0.221560


ML search took 218.955180 secs or 0.060821 hours

Combined Bootstrap and ML search took 367.448875 secs or 0.102069 hours

Drawing Bootstrap Support Values on best-scoring ML tree ...



Found 1 tree in File /gpfs_home/mhowison/code/hiv-profile-sampling/scratch/trees/gag-pol-env/RAxML_bestTree.sample.390



Found 1 tree in File /gpfs_home/mhowison/code/hiv-profile-sampling/scratch/trees/gag-pol-env/RAxML_bestTree.sample.390

Program execution info written to /gpfs_home/mhowison/code/hiv-profile-sampling/scratch/trees/gag-pol-env/RAxML_info.sample.390
All 100 bootstrapped trees written to: /gpfs_home/mhowison/code/hiv-profile-sampling/scratch/trees/gag-pol-env/RAxML_bootstrap.sample.390

Best-scoring ML tree written to: /gpfs_home/mhowison/code/hiv-profile-sampling/scratch/trees/gag-pol-env/RAxML_bestTree.sample.390

Best-scoring ML tree with support values written to: /gpfs_home/mhowison/code/hiv-profile-sampling/scratch/trees/gag-pol-env/RAxML_bipartitions.sample.390

Best-scoring ML tree with support values as branch labels written to: /gpfs_home/mhowison/code/hiv-profile-sampling/scratch/trees/gag-pol-env/RAxML_bipartitionsBranchLabels.sample.390

Overall execution time for full ML analysis: 367.451884 secs or 0.102070 hours or 0.004253 days

