srun: job 264574 queued and waiting for resources
srun: job 264574 has been allocated resources
Warning, you specified a working directory via "-w"
Keep in mind that RAxML only accepts absolute path names, not relative ones!

RAxML can't, parse the alignment file as phylip file 
it will now try to parse it as FASTA file



Using BFGS method to optimize GTR rate parameters, to disable this specify "--no-bfgs" 


This is the RAxML Master Pthread

This is RAxML Worker Pthread Number: 1

This is RAxML Worker Pthread Number: 3

This is RAxML Worker Pthread Number: 4

This is RAxML Worker Pthread Number: 2

This is RAxML Worker Pthread Number: 5

This is RAxML Worker Pthread Number: 7

This is RAxML Worker Pthread Number: 6

This is RAxML Worker Pthread Number: 8

This is RAxML Worker Pthread Number: 10

This is RAxML Worker Pthread Number: 11

This is RAxML Worker Pthread Number: 9

This is RAxML Worker Pthread Number: 13

This is RAxML Worker Pthread Number: 12

This is RAxML Worker Pthread Number: 14

This is RAxML Worker Pthread Number: 15

This is RAxML Worker Pthread Number: 16

This is RAxML Worker Pthread Number: 17

This is RAxML Worker Pthread Number: 18

This is RAxML Worker Pthread Number: 19


This is RAxML version 8.2.12 released by Alexandros Stamatakis on May 2018.

With greatly appreciated code contributions by:
Andre Aberer      (HITS)
Simon Berger      (HITS)
Alexey Kozlov     (HITS)
Kassian Kobert    (HITS)
David Dao         (KIT and HITS)
Sarah Lutteropp   (KIT and HITS)
Nick Pattengale   (Sandia)
Wayne Pfeiffer    (SDSC)
Akifumi S. Tanabe (NRIFS)
Charlie Taylor    (UF)


Alignment has 3192 distinct alignment patterns

Proportion of gaps and completely undetermined characters in this alignment: 6.11%

RAxML rapid bootstrapping and subsequent ML search

Using 1 distinct models/data partitions with joint branch length optimization



Executing 100 rapid bootstrap inferences and thereafter a thorough ML search 

All free model parameters will be estimated by RAxML
GAMMA model of rate heterogeneity, ML estimate of alpha-parameter

GAMMA Model parameters will be estimated up to an accuracy of 0.1000000000 Log Likelihood units

Partition: 0
Alignment Patterns: 3192
Name: No Name Provided
DataType: DNA
Substitution Matrix: GTR




RAxML was called as follows:

raxmlHPC-PTHREADS-AVX -T 20 -s scratch/aligned/gag-pol-env/sample.449.fa -p 9897788095 -x 9897788095 -f a -N 100 -m GTRGAMMA -w /gpfs_home/mhowison/code/hiv-profile-sampling/scratch/trees/gag-pol-env -n sample.449 



Time for BS model parameter optimization 0.201073
Bootstrap[0]: Time 1.553395 seconds, bootstrap likelihood -62920.247013, best rearrangement setting 13
Bootstrap[1]: Time 0.997424 seconds, bootstrap likelihood -65378.089250, best rearrangement setting 5
Bootstrap[2]: Time 1.180161 seconds, bootstrap likelihood -63709.513280, best rearrangement setting 10
Bootstrap[3]: Time 1.249484 seconds, bootstrap likelihood -64319.055132, best rearrangement setting 14
Bootstrap[4]: Time 1.255173 seconds, bootstrap likelihood -65846.722888, best rearrangement setting 14
Bootstrap[5]: Time 1.374760 seconds, bootstrap likelihood -64785.054212, best rearrangement setting 13
Bootstrap[6]: Time 1.224730 seconds, bootstrap likelihood -63855.931423, best rearrangement setting 11
Bootstrap[7]: Time 1.040750 seconds, bootstrap likelihood -62991.958210, best rearrangement setting 8
Bootstrap[8]: Time 1.228558 seconds, bootstrap likelihood -65039.801834, best rearrangement setting 7
Bootstrap[9]: Time 1.251682 seconds, bootstrap likelihood -64105.849067, best rearrangement setting 10
Bootstrap[10]: Time 1.100099 seconds, bootstrap likelihood -63684.890699, best rearrangement setting 11
Bootstrap[11]: Time 0.947503 seconds, bootstrap likelihood -66287.808659, best rearrangement setting 6
Bootstrap[12]: Time 1.431525 seconds, bootstrap likelihood -65206.289375, best rearrangement setting 13
Bootstrap[13]: Time 1.230330 seconds, bootstrap likelihood -65136.211777, best rearrangement setting 15
Bootstrap[14]: Time 1.128191 seconds, bootstrap likelihood -64989.203347, best rearrangement setting 10
Bootstrap[15]: Time 1.543340 seconds, bootstrap likelihood -65049.554652, best rearrangement setting 13
Bootstrap[16]: Time 0.880331 seconds, bootstrap likelihood -63977.391088, best rearrangement setting 5
Bootstrap[17]: Time 1.170991 seconds, bootstrap likelihood -62594.610501, best rearrangement setting 12
Bootstrap[18]: Time 1.301340 seconds, bootstrap likelihood -65320.057454, best rearrangement setting 11
Bootstrap[19]: Time 1.187186 seconds, bootstrap likelihood -63907.249536, best rearrangement setting 8
Bootstrap[20]: Time 1.204369 seconds, bootstrap likelihood -63247.915890, best rearrangement setting 10
Bootstrap[21]: Time 1.252273 seconds, bootstrap likelihood -64063.416361, best rearrangement setting 8
Bootstrap[22]: Time 1.044942 seconds, bootstrap likelihood -64479.273694, best rearrangement setting 6
Bootstrap[23]: Time 1.207684 seconds, bootstrap likelihood -64422.655635, best rearrangement setting 8
Bootstrap[24]: Time 1.871355 seconds, bootstrap likelihood -63982.833458, best rearrangement setting 14
Bootstrap[25]: Time 1.084290 seconds, bootstrap likelihood -63163.179876, best rearrangement setting 11
Bootstrap[26]: Time 1.117582 seconds, bootstrap likelihood -64559.704343, best rearrangement setting 9
Bootstrap[27]: Time 1.216084 seconds, bootstrap likelihood -63675.005742, best rearrangement setting 15
Bootstrap[28]: Time 1.032487 seconds, bootstrap likelihood -65596.835801, best rearrangement setting 7
Bootstrap[29]: Time 1.141254 seconds, bootstrap likelihood -64279.235626, best rearrangement setting 11
Bootstrap[30]: Time 1.069463 seconds, bootstrap likelihood -64276.180436, best rearrangement setting 5
Bootstrap[31]: Time 1.093052 seconds, bootstrap likelihood -64703.856758, best rearrangement setting 13
Bootstrap[32]: Time 1.158179 seconds, bootstrap likelihood -63515.242966, best rearrangement setting 9
Bootstrap[33]: Time 1.211209 seconds, bootstrap likelihood -65186.527888, best rearrangement setting 10
Bootstrap[34]: Time 1.211172 seconds, bootstrap likelihood -63014.475978, best rearrangement setting 12
Bootstrap[35]: Time 1.256546 seconds, bootstrap likelihood -63196.403175, best rearrangement setting 13
Bootstrap[36]: Time 2.625485 seconds, bootstrap likelihood -64054.808845, best rearrangement setting 9
Bootstrap[37]: Time 1.210703 seconds, bootstrap likelihood -64101.002688, best rearrangement setting 12
Bootstrap[38]: Time 1.089664 seconds, bootstrap likelihood -63987.246446, best rearrangement setting 7
Bootstrap[39]: Time 1.188139 seconds, bootstrap likelihood -64211.183693, best rearrangement setting 12
Bootstrap[40]: Time 1.127832 seconds, bootstrap likelihood -64699.913795, best rearrangement setting 9
Bootstrap[41]: Time 1.078816 seconds, bootstrap likelihood -64400.017131, best rearrangement setting 6
Bootstrap[42]: Time 1.251269 seconds, bootstrap likelihood -64346.339495, best rearrangement setting 10
Bootstrap[43]: Time 1.120232 seconds, bootstrap likelihood -64654.213268, best rearrangement setting 10
Bootstrap[44]: Time 1.063714 seconds, bootstrap likelihood -64865.972510, best rearrangement setting 15
Bootstrap[45]: Time 1.162900 seconds, bootstrap likelihood -64208.468422, best rearrangement setting 14
Bootstrap[46]: Time 1.194902 seconds, bootstrap likelihood -64564.969503, best rearrangement setting 13
Bootstrap[47]: Time 1.310948 seconds, bootstrap likelihood -65801.386818, best rearrangement setting 11
Bootstrap[48]: Time 1.374629 seconds, bootstrap likelihood -63702.675672, best rearrangement setting 8
Bootstrap[49]: Time 1.110778 seconds, bootstrap likelihood -64389.493067, best rearrangement setting 12
Bootstrap[50]: Time 1.233260 seconds, bootstrap likelihood -65157.322853, best rearrangement setting 8
Bootstrap[51]: Time 1.105661 seconds, bootstrap likelihood -64790.884370, best rearrangement setting 13
Bootstrap[52]: Time 1.125172 seconds, bootstrap likelihood -64776.786138, best rearrangement setting 10
Bootstrap[53]: Time 1.036721 seconds, bootstrap likelihood -64296.461918, best rearrangement setting 6
Bootstrap[54]: Time 1.216164 seconds, bootstrap likelihood -64762.262495, best rearrangement setting 15
Bootstrap[55]: Time 1.139284 seconds, bootstrap likelihood -63525.316306, best rearrangement setting 14
Bootstrap[56]: Time 1.045645 seconds, bootstrap likelihood -64066.076924, best rearrangement setting 11
Bootstrap[57]: Time 1.090569 seconds, bootstrap likelihood -64011.571502, best rearrangement setting 7
Bootstrap[58]: Time 1.063281 seconds, bootstrap likelihood -63975.587450, best rearrangement setting 11
Bootstrap[59]: Time 1.075781 seconds, bootstrap likelihood -64176.998560, best rearrangement setting 14
Bootstrap[60]: Time 1.335258 seconds, bootstrap likelihood -64049.435440, best rearrangement setting 10
Bootstrap[61]: Time 1.396175 seconds, bootstrap likelihood -66533.304546, best rearrangement setting 7
Bootstrap[62]: Time 1.121138 seconds, bootstrap likelihood -64165.067652, best rearrangement setting 14
Bootstrap[63]: Time 1.242816 seconds, bootstrap likelihood -64542.286976, best rearrangement setting 8
Bootstrap[64]: Time 1.451081 seconds, bootstrap likelihood -65065.350512, best rearrangement setting 13
Bootstrap[65]: Time 1.052647 seconds, bootstrap likelihood -62725.544301, best rearrangement setting 10
Bootstrap[66]: Time 1.079205 seconds, bootstrap likelihood -65683.024741, best rearrangement setting 13
Bootstrap[67]: Time 1.156628 seconds, bootstrap likelihood -63867.703954, best rearrangement setting 12
Bootstrap[68]: Time 1.228068 seconds, bootstrap likelihood -65019.986915, best rearrangement setting 13
Bootstrap[69]: Time 1.250777 seconds, bootstrap likelihood -63001.398949, best rearrangement setting 12
Bootstrap[70]: Time 1.057558 seconds, bootstrap likelihood -62369.939319, best rearrangement setting 8
Bootstrap[71]: Time 1.100774 seconds, bootstrap likelihood -62788.824507, best rearrangement setting 7
Bootstrap[72]: Time 1.183487 seconds, bootstrap likelihood -64156.744369, best rearrangement setting 13
Bootstrap[73]: Time 0.977469 seconds, bootstrap likelihood -66572.907238, best rearrangement setting 11
Bootstrap[74]: Time 1.169891 seconds, bootstrap likelihood -65492.731953, best rearrangement setting 9
Bootstrap[75]: Time 1.136380 seconds, bootstrap likelihood -65170.372126, best rearrangement setting 14
Bootstrap[76]: Time 1.150330 seconds, bootstrap likelihood -65291.168702, best rearrangement setting 12
Bootstrap[77]: Time 2.690374 seconds, bootstrap likelihood -64653.491903, best rearrangement setting 14
Bootstrap[78]: Time 0.968530 seconds, bootstrap likelihood -63002.805718, best rearrangement setting 6
Bootstrap[79]: Time 0.959615 seconds, bootstrap likelihood -63335.065130, best rearrangement setting 5
Bootstrap[80]: Time 0.921728 seconds, bootstrap likelihood -64048.296223, best rearrangement setting 5
Bootstrap[81]: Time 1.227784 seconds, bootstrap likelihood -64130.822413, best rearrangement setting 11
Bootstrap[82]: Time 1.054480 seconds, bootstrap likelihood -63679.163897, best rearrangement setting 7
Bootstrap[83]: Time 1.253003 seconds, bootstrap likelihood -64510.971142, best rearrangement setting 14
Bootstrap[84]: Time 1.046535 seconds, bootstrap likelihood -65709.360047, best rearrangement setting 6
Bootstrap[85]: Time 1.146786 seconds, bootstrap likelihood -64124.284394, best rearrangement setting 14
Bootstrap[86]: Time 1.412733 seconds, bootstrap likelihood -64948.429545, best rearrangement setting 8
Bootstrap[87]: Time 1.485663 seconds, bootstrap likelihood -63179.547281, best rearrangement setting 12
Bootstrap[88]: Time 1.012505 seconds, bootstrap likelihood -62470.840417, best rearrangement setting 6
Bootstrap[89]: Time 1.549209 seconds, bootstrap likelihood -63978.230946, best rearrangement setting 10
Bootstrap[90]: Time 1.214064 seconds, bootstrap likelihood -63487.771582, best rearrangement setting 15
Bootstrap[91]: Time 1.162808 seconds, bootstrap likelihood -64940.331613, best rearrangement setting 15
Bootstrap[92]: Time 1.064323 seconds, bootstrap likelihood -62792.953147, best rearrangement setting 12
Bootstrap[93]: Time 0.916486 seconds, bootstrap likelihood -63333.791368, best rearrangement setting 6
Bootstrap[94]: Time 1.129019 seconds, bootstrap likelihood -63974.226839, best rearrangement setting 9
Bootstrap[95]: Time 1.314247 seconds, bootstrap likelihood -63677.472700, best rearrangement setting 15
Bootstrap[96]: Time 0.900986 seconds, bootstrap likelihood -64714.383309, best rearrangement setting 5
Bootstrap[97]: Time 1.048599 seconds, bootstrap likelihood -65730.122760, best rearrangement setting 6
Bootstrap[98]: Time 1.010395 seconds, bootstrap likelihood -65893.319654, best rearrangement setting 6
Bootstrap[99]: Time 1.234685 seconds, bootstrap likelihood -64185.919150, best rearrangement setting 14


Overall Time for 100 Rapid Bootstraps 120.426548 seconds
Average Time per Rapid Bootstrap 1.204265 seconds

Starting ML Search ...

Fast ML optimization finished

Fast ML search Time: 109.409178 seconds

Slow ML Search 0 Likelihood: -64390.042544
Slow ML Search 1 Likelihood: -64390.042545
Slow ML Search 2 Likelihood: -64390.368965
Slow ML Search 3 Likelihood: -64391.978929
Slow ML Search 4 Likelihood: -64392.425843
Slow ML Search 5 Likelihood: -64393.880367
Slow ML Search 6 Likelihood: -64394.375058
Slow ML Search 7 Likelihood: -64395.074234
Slow ML Search 8 Likelihood: -64395.630712
Slow ML Search 9 Likelihood: -64395.626325
Slow ML optimization finished

Slow ML search Time: 19.568354 seconds
Thorough ML search Time: 2.069957 seconds

Final ML Optimization Likelihood: -64390.042544

Model Information:

Model Parameters of Partition 0, Name: No Name Provided, Type of Data: DNA
alpha: 0.328305
Tree-Length: 3.060054
rate A <-> C: 2.251536
rate A <-> G: 5.494634
rate A <-> T: 0.916910
rate C <-> G: 0.928714
rate C <-> T: 6.436509
rate G <-> T: 1.000000

freq pi(A): 0.369830
freq pi(C): 0.174141
freq pi(G): 0.234367
freq pi(T): 0.221661


ML search took 131.054843 secs or 0.036404 hours

Combined Bootstrap and ML search took 251.481533 secs or 0.069856 hours

Drawing Bootstrap Support Values on best-scoring ML tree ...



Found 1 tree in File /gpfs_home/mhowison/code/hiv-profile-sampling/scratch/trees/gag-pol-env/RAxML_bestTree.sample.449



Found 1 tree in File /gpfs_home/mhowison/code/hiv-profile-sampling/scratch/trees/gag-pol-env/RAxML_bestTree.sample.449

Program execution info written to /gpfs_home/mhowison/code/hiv-profile-sampling/scratch/trees/gag-pol-env/RAxML_info.sample.449
All 100 bootstrapped trees written to: /gpfs_home/mhowison/code/hiv-profile-sampling/scratch/trees/gag-pol-env/RAxML_bootstrap.sample.449

Best-scoring ML tree written to: /gpfs_home/mhowison/code/hiv-profile-sampling/scratch/trees/gag-pol-env/RAxML_bestTree.sample.449

Best-scoring ML tree with support values written to: /gpfs_home/mhowison/code/hiv-profile-sampling/scratch/trees/gag-pol-env/RAxML_bipartitions.sample.449

Best-scoring ML tree with support values as branch labels written to: /gpfs_home/mhowison/code/hiv-profile-sampling/scratch/trees/gag-pol-env/RAxML_bipartitionsBranchLabels.sample.449

Overall execution time for full ML analysis: 251.507307 secs or 0.069863 hours or 0.002911 days

