srun: job 264471 queued and waiting for resources
srun: job 264471 has been allocated resources
Warning, you specified a working directory via "-w"
Keep in mind that RAxML only accepts absolute path names, not relative ones!

RAxML can't, parse the alignment file as phylip file 
it will now try to parse it as FASTA file



Using BFGS method to optimize GTR rate parameters, to disable this specify "--no-bfgs" 


This is the RAxML Master Pthread

This is RAxML Worker Pthread Number: 1

This is RAxML Worker Pthread Number: 2

This is RAxML Worker Pthread Number: 5

This is RAxML Worker Pthread Number: 4

This is RAxML Worker Pthread Number: 3

This is RAxML Worker Pthread Number: 6

This is RAxML Worker Pthread Number: 7

This is RAxML Worker Pthread Number: 8

This is RAxML Worker Pthread Number: 11

This is RAxML Worker Pthread Number: 12

This is RAxML Worker Pthread Number: 10

This is RAxML Worker Pthread Number: 9

This is RAxML Worker Pthread Number: 13

This is RAxML Worker Pthread Number: 15

This is RAxML Worker Pthread Number: 14

This is RAxML Worker Pthread Number: 16

This is RAxML Worker Pthread Number: 17

This is RAxML Worker Pthread Number: 18

This is RAxML Worker Pthread Number: 19


This is RAxML version 8.2.12 released by Alexandros Stamatakis on May 2018.

With greatly appreciated code contributions by:
Andre Aberer      (HITS)
Simon Berger      (HITS)
Alexey Kozlov     (HITS)
Kassian Kobert    (HITS)
David Dao         (KIT and HITS)
Sarah Lutteropp   (KIT and HITS)
Nick Pattengale   (Sandia)
Wayne Pfeiffer    (SDSC)
Akifumi S. Tanabe (NRIFS)
Charlie Taylor    (UF)


Alignment has 3189 distinct alignment patterns

Proportion of gaps and completely undetermined characters in this alignment: 6.11%

RAxML rapid bootstrapping and subsequent ML search

Using 1 distinct models/data partitions with joint branch length optimization



Executing 100 rapid bootstrap inferences and thereafter a thorough ML search 

All free model parameters will be estimated by RAxML
GAMMA model of rate heterogeneity, ML estimate of alpha-parameter

GAMMA Model parameters will be estimated up to an accuracy of 0.1000000000 Log Likelihood units

Partition: 0
Alignment Patterns: 3189
Name: No Name Provided
DataType: DNA
Substitution Matrix: GTR




RAxML was called as follows:

raxmlHPC-PTHREADS-AVX -T 20 -s scratch/aligned/gag-pol-env/sample.386.fa -p 0258292288 -x 0258292288 -f a -N 100 -m GTRGAMMA -w /gpfs_home/mhowison/code/hiv-profile-sampling/scratch/trees/gag-pol-env -n sample.386 



Time for BS model parameter optimization 0.202103
Bootstrap[0]: Time 2.287648 seconds, bootstrap likelihood -63596.586888, best rearrangement setting 13
Bootstrap[1]: Time 0.846021 seconds, bootstrap likelihood -65275.499548, best rearrangement setting 5
Bootstrap[2]: Time 1.043084 seconds, bootstrap likelihood -63355.703745, best rearrangement setting 8
Bootstrap[3]: Time 1.302968 seconds, bootstrap likelihood -64796.412697, best rearrangement setting 14
Bootstrap[4]: Time 1.007628 seconds, bootstrap likelihood -64078.328196, best rearrangement setting 11
Bootstrap[5]: Time 0.956480 seconds, bootstrap likelihood -64656.194422, best rearrangement setting 11
Bootstrap[6]: Time 1.120710 seconds, bootstrap likelihood -63867.252427, best rearrangement setting 8
Bootstrap[7]: Time 1.184542 seconds, bootstrap likelihood -64198.612854, best rearrangement setting 12
Bootstrap[8]: Time 1.246421 seconds, bootstrap likelihood -65032.891218, best rearrangement setting 13
Bootstrap[9]: Time 1.280002 seconds, bootstrap likelihood -64003.735583, best rearrangement setting 14
Bootstrap[10]: Time 1.206674 seconds, bootstrap likelihood -66078.130510, best rearrangement setting 14
Bootstrap[11]: Time 0.979677 seconds, bootstrap likelihood -64539.972105, best rearrangement setting 6
Bootstrap[12]: Time 0.865802 seconds, bootstrap likelihood -64557.887751, best rearrangement setting 6
Bootstrap[13]: Time 0.988382 seconds, bootstrap likelihood -64332.015787, best rearrangement setting 10
Bootstrap[14]: Time 5.533648 seconds, bootstrap likelihood -66245.121279, best rearrangement setting 9
Bootstrap[15]: Time 1.182778 seconds, bootstrap likelihood -65697.152399, best rearrangement setting 14
Bootstrap[16]: Time 1.076551 seconds, bootstrap likelihood -64411.277652, best rearrangement setting 14
Bootstrap[17]: Time 1.112284 seconds, bootstrap likelihood -64375.223016, best rearrangement setting 7
Bootstrap[18]: Time 1.001071 seconds, bootstrap likelihood -64215.202957, best rearrangement setting 10
Bootstrap[19]: Time 5.507214 seconds, bootstrap likelihood -64111.555311, best rearrangement setting 6
Bootstrap[20]: Time 1.280882 seconds, bootstrap likelihood -63715.966450, best rearrangement setting 9
Bootstrap[21]: Time 0.954194 seconds, bootstrap likelihood -65063.194857, best rearrangement setting 6
Bootstrap[22]: Time 1.189389 seconds, bootstrap likelihood -63556.730577, best rearrangement setting 10
Bootstrap[23]: Time 1.151046 seconds, bootstrap likelihood -64511.190319, best rearrangement setting 9
Bootstrap[24]: Time 3.449499 seconds, bootstrap likelihood -64699.645418, best rearrangement setting 5
Bootstrap[25]: Time 1.179567 seconds, bootstrap likelihood -64266.588965, best rearrangement setting 10
Bootstrap[26]: Time 1.151780 seconds, bootstrap likelihood -62935.523974, best rearrangement setting 15
Bootstrap[27]: Time 1.243617 seconds, bootstrap likelihood -64383.737242, best rearrangement setting 12
Bootstrap[28]: Time 1.247483 seconds, bootstrap likelihood -63875.600162, best rearrangement setting 10
Bootstrap[29]: Time 1.084298 seconds, bootstrap likelihood -63865.834283, best rearrangement setting 7
Bootstrap[30]: Time 1.252841 seconds, bootstrap likelihood -65365.264181, best rearrangement setting 11
Bootstrap[31]: Time 1.226927 seconds, bootstrap likelihood -67298.424970, best rearrangement setting 9
Bootstrap[32]: Time 0.938424 seconds, bootstrap likelihood -64164.232616, best rearrangement setting 6
Bootstrap[33]: Time 0.828153 seconds, bootstrap likelihood -64783.145348, best rearrangement setting 5
Bootstrap[34]: Time 1.070053 seconds, bootstrap likelihood -65370.796537, best rearrangement setting 8
Bootstrap[35]: Time 1.117727 seconds, bootstrap likelihood -63524.124960, best rearrangement setting 10
Bootstrap[36]: Time 4.415995 seconds, bootstrap likelihood -64055.135519, best rearrangement setting 15
Bootstrap[37]: Time 4.599090 seconds, bootstrap likelihood -64589.935764, best rearrangement setting 6
Bootstrap[38]: Time 12.331580 seconds, bootstrap likelihood -65101.643664, best rearrangement setting 11
Bootstrap[39]: Time 1.123561 seconds, bootstrap likelihood -63316.254957, best rearrangement setting 8
Bootstrap[40]: Time 0.885830 seconds, bootstrap likelihood -64885.358274, best rearrangement setting 5
Bootstrap[41]: Time 0.947719 seconds, bootstrap likelihood -64990.433488, best rearrangement setting 6
Bootstrap[42]: Time 1.303198 seconds, bootstrap likelihood -64966.900780, best rearrangement setting 12
Bootstrap[43]: Time 1.125242 seconds, bootstrap likelihood -64302.535146, best rearrangement setting 12
Bootstrap[44]: Time 1.079550 seconds, bootstrap likelihood -62731.229261, best rearrangement setting 11
Bootstrap[45]: Time 0.968261 seconds, bootstrap likelihood -64346.209168, best rearrangement setting 7
Bootstrap[46]: Time 1.241417 seconds, bootstrap likelihood -65557.333865, best rearrangement setting 9
Bootstrap[47]: Time 1.183384 seconds, bootstrap likelihood -65254.910144, best rearrangement setting 7
Bootstrap[48]: Time 1.042714 seconds, bootstrap likelihood -62905.028815, best rearrangement setting 6
Bootstrap[49]: Time 1.133165 seconds, bootstrap likelihood -65151.872402, best rearrangement setting 9
Bootstrap[50]: Time 5.760988 seconds, bootstrap likelihood -64157.849753, best rearrangement setting 13
Bootstrap[51]: Time 5.049408 seconds, bootstrap likelihood -64391.881238, best rearrangement setting 9
Bootstrap[52]: Time 1.935353 seconds, bootstrap likelihood -65294.638079, best rearrangement setting 12
Bootstrap[53]: Time 3.059878 seconds, bootstrap likelihood -65202.386221, best rearrangement setting 8
Bootstrap[54]: Time 1.057865 seconds, bootstrap likelihood -63428.163334, best rearrangement setting 13
Bootstrap[55]: Time 3.573886 seconds, bootstrap likelihood -63228.550873, best rearrangement setting 6
Bootstrap[56]: Time 1.040092 seconds, bootstrap likelihood -64592.580606, best rearrangement setting 8
Bootstrap[57]: Time 0.949948 seconds, bootstrap likelihood -65255.919780, best rearrangement setting 5
Bootstrap[58]: Time 3.460948 seconds, bootstrap likelihood -64307.963047, best rearrangement setting 14
Bootstrap[59]: Time 0.875316 seconds, bootstrap likelihood -66560.063470, best rearrangement setting 5
Bootstrap[60]: Time 1.094411 seconds, bootstrap likelihood -64258.013403, best rearrangement setting 12
Bootstrap[61]: Time 1.021244 seconds, bootstrap likelihood -64418.142384, best rearrangement setting 7
Bootstrap[62]: Time 0.951303 seconds, bootstrap likelihood -63137.709058, best rearrangement setting 12
Bootstrap[63]: Time 0.842796 seconds, bootstrap likelihood -65983.613197, best rearrangement setting 5
Bootstrap[64]: Time 0.875030 seconds, bootstrap likelihood -63616.856306, best rearrangement setting 5
Bootstrap[65]: Time 1.188662 seconds, bootstrap likelihood -63735.383526, best rearrangement setting 11
Bootstrap[66]: Time 1.062168 seconds, bootstrap likelihood -64253.696109, best rearrangement setting 6
Bootstrap[67]: Time 7.586287 seconds, bootstrap likelihood -64926.868797, best rearrangement setting 15
Bootstrap[68]: Time 27.475511 seconds, bootstrap likelihood -64587.056975, best rearrangement setting 10
Bootstrap[69]: Time 6.833368 seconds, bootstrap likelihood -64585.814615, best rearrangement setting 9
Bootstrap[70]: Time 1.205703 seconds, bootstrap likelihood -65432.828820, best rearrangement setting 13
Bootstrap[71]: Time 1.332755 seconds, bootstrap likelihood -64612.267704, best rearrangement setting 14
Bootstrap[72]: Time 1.099790 seconds, bootstrap likelihood -63986.339543, best rearrangement setting 10
Bootstrap[73]: Time 6.772610 seconds, bootstrap likelihood -64267.402757, best rearrangement setting 10
Bootstrap[74]: Time 1.098214 seconds, bootstrap likelihood -63298.772905, best rearrangement setting 9
Bootstrap[75]: Time 1.228342 seconds, bootstrap likelihood -64667.810439, best rearrangement setting 13
Bootstrap[76]: Time 1.006207 seconds, bootstrap likelihood -64271.988441, best rearrangement setting 7
Bootstrap[77]: Time 1.179300 seconds, bootstrap likelihood -63186.934085, best rearrangement setting 7
Bootstrap[78]: Time 10.035829 seconds, bootstrap likelihood -63100.621860, best rearrangement setting 14
Bootstrap[79]: Time 1.058618 seconds, bootstrap likelihood -66656.555122, best rearrangement setting 7
Bootstrap[80]: Time 19.116948 seconds, bootstrap likelihood -64509.423750, best rearrangement setting 6
Bootstrap[81]: Time 20.180861 seconds, bootstrap likelihood -63641.233988, best rearrangement setting 6
Bootstrap[82]: Time 0.928450 seconds, bootstrap likelihood -63022.229156, best rearrangement setting 5
Bootstrap[83]: Time 3.969055 seconds, bootstrap likelihood -63909.879476, best rearrangement setting 6
Bootstrap[84]: Time 11.408975 seconds, bootstrap likelihood -64247.974294, best rearrangement setting 9
Bootstrap[85]: Time 3.153258 seconds, bootstrap likelihood -65044.690599, best rearrangement setting 10
Bootstrap[86]: Time 1.059008 seconds, bootstrap likelihood -63231.573345, best rearrangement setting 9
Bootstrap[87]: Time 1.130080 seconds, bootstrap likelihood -64715.995344, best rearrangement setting 13
Bootstrap[88]: Time 2.912381 seconds, bootstrap likelihood -66001.512038, best rearrangement setting 8
Bootstrap[89]: Time 0.749672 seconds, bootstrap likelihood -64058.389124, best rearrangement setting 5
Bootstrap[90]: Time 1.112704 seconds, bootstrap likelihood -64634.540529, best rearrangement setting 9
Bootstrap[91]: Time 0.872111 seconds, bootstrap likelihood -63953.706324, best rearrangement setting 5
Bootstrap[92]: Time 3.243556 seconds, bootstrap likelihood -65553.024304, best rearrangement setting 14
Bootstrap[93]: Time 5.070165 seconds, bootstrap likelihood -65524.737464, best rearrangement setting 8
Bootstrap[94]: Time 1.082444 seconds, bootstrap likelihood -63349.159603, best rearrangement setting 7
Bootstrap[95]: Time 1.194647 seconds, bootstrap likelihood -64676.724881, best rearrangement setting 14
Bootstrap[96]: Time 2.517400 seconds, bootstrap likelihood -63622.712728, best rearrangement setting 14
Bootstrap[97]: Time 14.855740 seconds, bootstrap likelihood -65779.811533, best rearrangement setting 13
Bootstrap[98]: Time 11.879216 seconds, bootstrap likelihood -64056.448793, best rearrangement setting 7
Bootstrap[99]: Time 12.972233 seconds, bootstrap likelihood -66023.808858, best rearrangement setting 10


Overall Time for 100 Rapid Bootstraps 306.743238 seconds
Average Time per Rapid Bootstrap 3.067432 seconds

Starting ML Search ...

Fast ML optimization finished

Fast ML search Time: 344.453161 seconds

Slow ML Search 0 Likelihood: -64579.282750
Slow ML Search 1 Likelihood: -64580.405523
Slow ML Search 2 Likelihood: -64580.533581
Slow ML Search 3 Likelihood: -64581.080878
Slow ML Search 4 Likelihood: -64581.081847
Slow ML Search 5 Likelihood: -64581.081849
Slow ML Search 6 Likelihood: -64585.265794
Slow ML Search 7 Likelihood: -64585.209558
Slow ML Search 8 Likelihood: -64586.407042
Slow ML Search 9 Likelihood: -64587.440213
Slow ML optimization finished

Slow ML search Time: 137.672456 seconds
Thorough ML search Time: 2.027643 seconds

Final ML Optimization Likelihood: -64579.282748

Model Information:

Model Parameters of Partition 0, Name: No Name Provided, Type of Data: DNA
alpha: 0.331162
Tree-Length: 3.003114
rate A <-> C: 2.165077
rate A <-> G: 5.358911
rate A <-> T: 0.891537
rate C <-> G: 0.926863
rate C <-> T: 6.293090
rate G <-> T: 1.000000

freq pi(A): 0.369794
freq pi(C): 0.174366
freq pi(G): 0.234300
freq pi(T): 0.221540


ML search took 484.181783 secs or 0.134495 hours

Combined Bootstrap and ML search took 790.925207 secs or 0.219701 hours

Drawing Bootstrap Support Values on best-scoring ML tree ...



Found 1 tree in File /gpfs_home/mhowison/code/hiv-profile-sampling/scratch/trees/gag-pol-env/RAxML_bestTree.sample.386



Found 1 tree in File /gpfs_home/mhowison/code/hiv-profile-sampling/scratch/trees/gag-pol-env/RAxML_bestTree.sample.386

Program execution info written to /gpfs_home/mhowison/code/hiv-profile-sampling/scratch/trees/gag-pol-env/RAxML_info.sample.386
All 100 bootstrapped trees written to: /gpfs_home/mhowison/code/hiv-profile-sampling/scratch/trees/gag-pol-env/RAxML_bootstrap.sample.386

Best-scoring ML tree written to: /gpfs_home/mhowison/code/hiv-profile-sampling/scratch/trees/gag-pol-env/RAxML_bestTree.sample.386

Best-scoring ML tree with support values written to: /gpfs_home/mhowison/code/hiv-profile-sampling/scratch/trees/gag-pol-env/RAxML_bipartitions.sample.386

Best-scoring ML tree with support values as branch labels written to: /gpfs_home/mhowison/code/hiv-profile-sampling/scratch/trees/gag-pol-env/RAxML_bipartitionsBranchLabels.sample.386

Overall execution time for full ML analysis: 790.951461 secs or 0.219709 hours or 0.009155 days

