srun: job 264432 queued and waiting for resources
srun: job 264432 has been allocated resources
Warning, you specified a working directory via "-w"
Keep in mind that RAxML only accepts absolute path names, not relative ones!

RAxML can't, parse the alignment file as phylip file 
it will now try to parse it as FASTA file



Using BFGS method to optimize GTR rate parameters, to disable this specify "--no-bfgs" 


This is the RAxML Master Pthread

This is RAxML Worker Pthread Number: 4

This is RAxML Worker Pthread Number: 6

This is RAxML Worker Pthread Number: 1

This is RAxML Worker Pthread Number: 3

This is RAxML Worker Pthread Number: 2

This is RAxML Worker Pthread Number: 5

This is RAxML Worker Pthread Number: 8

This is RAxML Worker Pthread Number: 7

This is RAxML Worker Pthread Number: 9

This is RAxML Worker Pthread Number: 10

This is RAxML Worker Pthread Number: 11

This is RAxML Worker Pthread Number: 12

This is RAxML Worker Pthread Number: 13

This is RAxML Worker Pthread Number: 14

This is RAxML Worker Pthread Number: 15

This is RAxML Worker Pthread Number: 16

This is RAxML Worker Pthread Number: 17

This is RAxML Worker Pthread Number: 18

This is RAxML Worker Pthread Number: 19


This is RAxML version 8.2.12 released by Alexandros Stamatakis on May 2018.

With greatly appreciated code contributions by:
Andre Aberer      (HITS)
Simon Berger      (HITS)
Alexey Kozlov     (HITS)
Kassian Kobert    (HITS)
David Dao         (KIT and HITS)
Sarah Lutteropp   (KIT and HITS)
Nick Pattengale   (Sandia)
Wayne Pfeiffer    (SDSC)
Akifumi S. Tanabe (NRIFS)
Charlie Taylor    (UF)


Alignment has 3179 distinct alignment patterns

Proportion of gaps and completely undetermined characters in this alignment: 6.12%

RAxML rapid bootstrapping and subsequent ML search

Using 1 distinct models/data partitions with joint branch length optimization



Executing 100 rapid bootstrap inferences and thereafter a thorough ML search 

All free model parameters will be estimated by RAxML
GAMMA model of rate heterogeneity, ML estimate of alpha-parameter

GAMMA Model parameters will be estimated up to an accuracy of 0.1000000000 Log Likelihood units

Partition: 0
Alignment Patterns: 3179
Name: No Name Provided
DataType: DNA
Substitution Matrix: GTR




RAxML was called as follows:

raxmlHPC-PTHREADS-AVX -T 20 -s scratch/aligned/gag-pol-env/sample.36.fa -p 4534920299 -x 4534920299 -f a -N 100 -m GTRGAMMA -w /gpfs_home/mhowison/code/hiv-profile-sampling/scratch/trees/gag-pol-env -n sample.36 



Time for BS model parameter optimization 0.184479
Bootstrap[0]: Time 1.565944 seconds, bootstrap likelihood -62424.234513, best rearrangement setting 9
Bootstrap[1]: Time 1.329218 seconds, bootstrap likelihood -64616.976109, best rearrangement setting 14
Bootstrap[2]: Time 0.977980 seconds, bootstrap likelihood -64101.643400, best rearrangement setting 6
Bootstrap[3]: Time 0.921470 seconds, bootstrap likelihood -63217.041223, best rearrangement setting 6
Bootstrap[4]: Time 1.127115 seconds, bootstrap likelihood -63313.968254, best rearrangement setting 15
Bootstrap[5]: Time 1.166947 seconds, bootstrap likelihood -63677.205870, best rearrangement setting 15
Bootstrap[6]: Time 1.257650 seconds, bootstrap likelihood -64383.567706, best rearrangement setting 8
Bootstrap[7]: Time 1.281688 seconds, bootstrap likelihood -64808.215896, best rearrangement setting 9
Bootstrap[8]: Time 1.293042 seconds, bootstrap likelihood -64879.463993, best rearrangement setting 15
Bootstrap[9]: Time 1.051172 seconds, bootstrap likelihood -64788.917577, best rearrangement setting 10
Bootstrap[10]: Time 1.367247 seconds, bootstrap likelihood -65735.891447, best rearrangement setting 14
Bootstrap[11]: Time 1.218753 seconds, bootstrap likelihood -64163.820122, best rearrangement setting 11
Bootstrap[12]: Time 41.504237 seconds, bootstrap likelihood -63459.864030, best rearrangement setting 10
Bootstrap[13]: Time 1.166741 seconds, bootstrap likelihood -65393.121828, best rearrangement setting 14
Bootstrap[14]: Time 1.205909 seconds, bootstrap likelihood -64227.828732, best rearrangement setting 9
Bootstrap[15]: Time 1.180980 seconds, bootstrap likelihood -65142.083532, best rearrangement setting 13
Bootstrap[16]: Time 0.940493 seconds, bootstrap likelihood -63787.924069, best rearrangement setting 6
Bootstrap[17]: Time 1.182129 seconds, bootstrap likelihood -64411.231057, best rearrangement setting 9
Bootstrap[18]: Time 1.866608 seconds, bootstrap likelihood -65227.495652, best rearrangement setting 10
Bootstrap[19]: Time 2.748782 seconds, bootstrap likelihood -64205.359498, best rearrangement setting 12
Bootstrap[20]: Time 1.163251 seconds, bootstrap likelihood -62993.567600, best rearrangement setting 7
Bootstrap[21]: Time 1.267471 seconds, bootstrap likelihood -64565.723835, best rearrangement setting 12
Bootstrap[22]: Time 1.062327 seconds, bootstrap likelihood -63290.136570, best rearrangement setting 6
Bootstrap[23]: Time 1.265578 seconds, bootstrap likelihood -65631.051806, best rearrangement setting 15
Bootstrap[24]: Time 1.219435 seconds, bootstrap likelihood -62468.829510, best rearrangement setting 13
Bootstrap[25]: Time 0.948994 seconds, bootstrap likelihood -64405.078976, best rearrangement setting 5
Bootstrap[26]: Time 1.081297 seconds, bootstrap likelihood -65047.993235, best rearrangement setting 8
Bootstrap[27]: Time 19.447134 seconds, bootstrap likelihood -66797.971916, best rearrangement setting 9
Bootstrap[28]: Time 1.080495 seconds, bootstrap likelihood -63827.445259, best rearrangement setting 14
Bootstrap[29]: Time 1.191370 seconds, bootstrap likelihood -64983.581213, best rearrangement setting 14
Bootstrap[30]: Time 1.189047 seconds, bootstrap likelihood -63825.447428, best rearrangement setting 12
Bootstrap[31]: Time 1.012310 seconds, bootstrap likelihood -63693.112026, best rearrangement setting 6
Bootstrap[32]: Time 0.897333 seconds, bootstrap likelihood -63203.481525, best rearrangement setting 5
Bootstrap[33]: Time 0.880174 seconds, bootstrap likelihood -65847.272724, best rearrangement setting 5
Bootstrap[34]: Time 1.172179 seconds, bootstrap likelihood -65306.826655, best rearrangement setting 11
Bootstrap[35]: Time 1.269092 seconds, bootstrap likelihood -65221.336878, best rearrangement setting 12
Bootstrap[36]: Time 1.128565 seconds, bootstrap likelihood -64527.946804, best rearrangement setting 9
Bootstrap[37]: Time 0.881838 seconds, bootstrap likelihood -65045.307709, best rearrangement setting 5
Bootstrap[38]: Time 4.430260 seconds, bootstrap likelihood -63759.728268, best rearrangement setting 13
Bootstrap[39]: Time 1.169066 seconds, bootstrap likelihood -64748.418231, best rearrangement setting 11
Bootstrap[40]: Time 0.998316 seconds, bootstrap likelihood -64772.563091, best rearrangement setting 6
Bootstrap[41]: Time 0.814773 seconds, bootstrap likelihood -65230.943459, best rearrangement setting 5
Bootstrap[42]: Time 1.109273 seconds, bootstrap likelihood -63565.882869, best rearrangement setting 7
Bootstrap[43]: Time 1.317737 seconds, bootstrap likelihood -66068.197302, best rearrangement setting 12
Bootstrap[44]: Time 1.395379 seconds, bootstrap likelihood -65096.607660, best rearrangement setting 10
Bootstrap[45]: Time 1.033744 seconds, bootstrap likelihood -65589.688959, best rearrangement setting 6
Bootstrap[46]: Time 0.890122 seconds, bootstrap likelihood -61767.455324, best rearrangement setting 5
Bootstrap[47]: Time 0.896502 seconds, bootstrap likelihood -65705.130373, best rearrangement setting 5
Bootstrap[48]: Time 1.124666 seconds, bootstrap likelihood -64836.259538, best rearrangement setting 7
Bootstrap[49]: Time 1.029736 seconds, bootstrap likelihood -63252.343267, best rearrangement setting 6
Bootstrap[50]: Time 1.171371 seconds, bootstrap likelihood -65755.035912, best rearrangement setting 14
Bootstrap[51]: Time 1.122450 seconds, bootstrap likelihood -64829.853463, best rearrangement setting 9
Bootstrap[52]: Time 1.236511 seconds, bootstrap likelihood -63531.293806, best rearrangement setting 11
Bootstrap[53]: Time 1.234171 seconds, bootstrap likelihood -63657.984940, best rearrangement setting 10
Bootstrap[54]: Time 1.180159 seconds, bootstrap likelihood -64530.651007, best rearrangement setting 9
Bootstrap[55]: Time 1.317695 seconds, bootstrap likelihood -64658.323091, best rearrangement setting 12
Bootstrap[56]: Time 1.157047 seconds, bootstrap likelihood -63084.082347, best rearrangement setting 15
Bootstrap[57]: Time 1.164626 seconds, bootstrap likelihood -63087.298491, best rearrangement setting 7
Bootstrap[58]: Time 1.132509 seconds, bootstrap likelihood -65376.475363, best rearrangement setting 8
Bootstrap[59]: Time 1.193555 seconds, bootstrap likelihood -64646.669078, best rearrangement setting 10
Bootstrap[60]: Time 1.158676 seconds, bootstrap likelihood -62314.129347, best rearrangement setting 10
Bootstrap[61]: Time 91.528839 seconds, bootstrap likelihood -66167.773577, best rearrangement setting 7
Bootstrap[62]: Time 1.687618 seconds, bootstrap likelihood -64585.131667, best rearrangement setting 14
Bootstrap[63]: Time 1.250290 seconds, bootstrap likelihood -62562.758519, best rearrangement setting 9
Bootstrap[64]: Time 1.165093 seconds, bootstrap likelihood -64420.763726, best rearrangement setting 13
Bootstrap[65]: Time 1.305813 seconds, bootstrap likelihood -64293.388113, best rearrangement setting 12
Bootstrap[66]: Time 1.164772 seconds, bootstrap likelihood -64748.450225, best rearrangement setting 13
Bootstrap[67]: Time 0.805471 seconds, bootstrap likelihood -63446.043182, best rearrangement setting 5
Bootstrap[68]: Time 0.909750 seconds, bootstrap likelihood -64178.478811, best rearrangement setting 13
Bootstrap[69]: Time 1.148200 seconds, bootstrap likelihood -63939.292681, best rearrangement setting 12
Bootstrap[70]: Time 1.090397 seconds, bootstrap likelihood -63627.921425, best rearrangement setting 8
Bootstrap[71]: Time 1.120133 seconds, bootstrap likelihood -65194.905259, best rearrangement setting 8
Bootstrap[72]: Time 1.020808 seconds, bootstrap likelihood -63200.159062, best rearrangement setting 13
Bootstrap[73]: Time 1.150091 seconds, bootstrap likelihood -64660.702680, best rearrangement setting 14
Bootstrap[74]: Time 0.811615 seconds, bootstrap likelihood -64525.266608, best rearrangement setting 5
Bootstrap[75]: Time 1.077960 seconds, bootstrap likelihood -64557.438608, best rearrangement setting 9
Bootstrap[76]: Time 4.954715 seconds, bootstrap likelihood -64148.178143, best rearrangement setting 9
Bootstrap[77]: Time 1.236546 seconds, bootstrap likelihood -65308.023450, best rearrangement setting 14
Bootstrap[78]: Time 1.256997 seconds, bootstrap likelihood -64998.204773, best rearrangement setting 12
Bootstrap[79]: Time 0.898845 seconds, bootstrap likelihood -65455.037846, best rearrangement setting 5
Bootstrap[80]: Time 0.906456 seconds, bootstrap likelihood -64407.166831, best rearrangement setting 5
Bootstrap[81]: Time 1.139309 seconds, bootstrap likelihood -64694.426156, best rearrangement setting 12
Bootstrap[82]: Time 1.149831 seconds, bootstrap likelihood -65254.777755, best rearrangement setting 10
Bootstrap[83]: Time 1.230047 seconds, bootstrap likelihood -65732.156528, best rearrangement setting 8
Bootstrap[84]: Time 1.166644 seconds, bootstrap likelihood -64404.391020, best rearrangement setting 7
Bootstrap[85]: Time 4.315199 seconds, bootstrap likelihood -64218.830264, best rearrangement setting 15
Bootstrap[86]: Time 5.982995 seconds, bootstrap likelihood -63858.218275, best rearrangement setting 9
Bootstrap[87]: Time 1.095419 seconds, bootstrap likelihood -63096.362354, best rearrangement setting 15
Bootstrap[88]: Time 1.211184 seconds, bootstrap likelihood -62576.599516, best rearrangement setting 8
Bootstrap[89]: Time 2.980798 seconds, bootstrap likelihood -64926.680409, best rearrangement setting 13
Bootstrap[90]: Time 2.790840 seconds, bootstrap likelihood -64511.451301, best rearrangement setting 14
Bootstrap[91]: Time 1.078725 seconds, bootstrap likelihood -65036.788741, best rearrangement setting 11
Bootstrap[92]: Time 0.953108 seconds, bootstrap likelihood -64786.635517, best rearrangement setting 6
Bootstrap[93]: Time 1.108306 seconds, bootstrap likelihood -64476.359428, best rearrangement setting 7
Bootstrap[94]: Time 1.069914 seconds, bootstrap likelihood -64357.678652, best rearrangement setting 7
Bootstrap[95]: Time 1.120773 seconds, bootstrap likelihood -63157.389263, best rearrangement setting 10
Bootstrap[96]: Time 1.137732 seconds, bootstrap likelihood -64872.555264, best rearrangement setting 15
Bootstrap[97]: Time 1.190118 seconds, bootstrap likelihood -64585.222978, best rearrangement setting 14
Bootstrap[98]: Time 1.165754 seconds, bootstrap likelihood -65177.980322, best rearrangement setting 13
Bootstrap[99]: Time 1.283400 seconds, bootstrap likelihood -64175.239322, best rearrangement setting 10


Overall Time for 100 Rapid Bootstraps 283.646725 seconds
Average Time per Rapid Bootstrap 2.836467 seconds

Starting ML Search ...

Fast ML optimization finished

Fast ML search Time: 285.731020 seconds

Slow ML Search 0 Likelihood: -64471.899691
Slow ML Search 1 Likelihood: -64472.457249
Slow ML Search 2 Likelihood: -64471.899691
Slow ML Search 3 Likelihood: -64473.598899
Slow ML Search 4 Likelihood: -64473.598900
Slow ML Search 5 Likelihood: -64475.706258
Slow ML Search 6 Likelihood: -64476.397259
Slow ML Search 7 Likelihood: -64477.009321
Slow ML Search 8 Likelihood: -64482.240449
Slow ML Search 9 Likelihood: -64482.402543
Slow ML optimization finished

Slow ML search Time: 24.584178 seconds
Thorough ML search Time: 2.074014 seconds

Final ML Optimization Likelihood: -64472.055920

Model Information:

Model Parameters of Partition 0, Name: No Name Provided, Type of Data: DNA
alpha: 0.329244
Tree-Length: 3.033214
rate A <-> C: 2.267135
rate A <-> G: 5.719728
rate A <-> T: 0.936264
rate C <-> G: 0.943069
rate C <-> T: 6.450092
rate G <-> T: 1.000000

freq pi(A): 0.370098
freq pi(C): 0.174048
freq pi(G): 0.234266
freq pi(T): 0.221587


ML search took 312.396994 secs or 0.086777 hours

Combined Bootstrap and ML search took 596.043899 secs or 0.165568 hours

Drawing Bootstrap Support Values on best-scoring ML tree ...



Found 1 tree in File /gpfs_home/mhowison/code/hiv-profile-sampling/scratch/trees/gag-pol-env/RAxML_bestTree.sample.36



Found 1 tree in File /gpfs_home/mhowison/code/hiv-profile-sampling/scratch/trees/gag-pol-env/RAxML_bestTree.sample.36

Program execution info written to /gpfs_home/mhowison/code/hiv-profile-sampling/scratch/trees/gag-pol-env/RAxML_info.sample.36
All 100 bootstrapped trees written to: /gpfs_home/mhowison/code/hiv-profile-sampling/scratch/trees/gag-pol-env/RAxML_bootstrap.sample.36

Best-scoring ML tree written to: /gpfs_home/mhowison/code/hiv-profile-sampling/scratch/trees/gag-pol-env/RAxML_bestTree.sample.36

Best-scoring ML tree with support values written to: /gpfs_home/mhowison/code/hiv-profile-sampling/scratch/trees/gag-pol-env/RAxML_bipartitions.sample.36

Best-scoring ML tree with support values as branch labels written to: /gpfs_home/mhowison/code/hiv-profile-sampling/scratch/trees/gag-pol-env/RAxML_bipartitionsBranchLabels.sample.36

Overall execution time for full ML analysis: 596.048363 secs or 0.165569 hours or 0.006899 days

