srun: job 263966 queued and waiting for resources
srun: job 263966 has been allocated resources
Warning, you specified a working directory via "-w"
Keep in mind that RAxML only accepts absolute path names, not relative ones!

RAxML can't, parse the alignment file as phylip file 
it will now try to parse it as FASTA file



Using BFGS method to optimize GTR rate parameters, to disable this specify "--no-bfgs" 


This is the RAxML Master Pthread

This is RAxML Worker Pthread Number: 1

This is RAxML Worker Pthread Number: 4

This is RAxML Worker Pthread Number: 3

This is RAxML Worker Pthread Number: 2

This is RAxML Worker Pthread Number: 5

This is RAxML Worker Pthread Number: 6

This is RAxML Worker Pthread Number: 7

This is RAxML Worker Pthread Number: 8

This is RAxML Worker Pthread Number: 9

This is RAxML Worker Pthread Number: 10

This is RAxML Worker Pthread Number: 11

This is RAxML Worker Pthread Number: 15

This is RAxML Worker Pthread Number: 17

This is RAxML Worker Pthread Number: 14

This is RAxML Worker Pthread Number: 18

This is RAxML Worker Pthread Number: 13

This is RAxML Worker Pthread Number: 16

This is RAxML Worker Pthread Number: 12

This is RAxML Worker Pthread Number: 19


This is RAxML version 8.2.12 released by Alexandros Stamatakis on May 2018.

With greatly appreciated code contributions by:
Andre Aberer      (HITS)
Simon Berger      (HITS)
Alexey Kozlov     (HITS)
Kassian Kobert    (HITS)
David Dao         (KIT and HITS)
Sarah Lutteropp   (KIT and HITS)
Nick Pattengale   (Sandia)
Wayne Pfeiffer    (SDSC)
Akifumi S. Tanabe (NRIFS)
Charlie Taylor    (UF)


Alignment has 3206 distinct alignment patterns

Proportion of gaps and completely undetermined characters in this alignment: 6.11%

RAxML rapid bootstrapping and subsequent ML search

Using 1 distinct models/data partitions with joint branch length optimization



Executing 100 rapid bootstrap inferences and thereafter a thorough ML search 

All free model parameters will be estimated by RAxML
GAMMA model of rate heterogeneity, ML estimate of alpha-parameter

GAMMA Model parameters will be estimated up to an accuracy of 0.1000000000 Log Likelihood units

Partition: 0
Alignment Patterns: 3206
Name: No Name Provided
DataType: DNA
Substitution Matrix: GTR




RAxML was called as follows:

raxmlHPC-PTHREADS-AVX -T 20 -s scratch/aligned/gag-pol-env/sample.112.fa -p 7694658178 -x 7694658178 -f a -N 100 -m GTRGAMMA -w /gpfs_home/mhowison/code/hiv-profile-sampling/scratch/trees/gag-pol-env -n sample.112 



Time for BS model parameter optimization 0.189492
Bootstrap[0]: Time 1.431030 seconds, bootstrap likelihood -64467.919949, best rearrangement setting 9
Bootstrap[1]: Time 1.350117 seconds, bootstrap likelihood -65431.907747, best rearrangement setting 9
Bootstrap[2]: Time 1.255212 seconds, bootstrap likelihood -65496.778368, best rearrangement setting 8
Bootstrap[3]: Time 1.005552 seconds, bootstrap likelihood -64179.830120, best rearrangement setting 12
Bootstrap[4]: Time 1.141237 seconds, bootstrap likelihood -63468.848262, best rearrangement setting 12
Bootstrap[5]: Time 0.987836 seconds, bootstrap likelihood -64899.629959, best rearrangement setting 7
Bootstrap[6]: Time 1.074181 seconds, bootstrap likelihood -65932.703546, best rearrangement setting 9
Bootstrap[7]: Time 1.140235 seconds, bootstrap likelihood -63839.301577, best rearrangement setting 12
Bootstrap[8]: Time 1.083606 seconds, bootstrap likelihood -64377.106829, best rearrangement setting 11
Bootstrap[9]: Time 1.308487 seconds, bootstrap likelihood -64705.743708, best rearrangement setting 12
Bootstrap[10]: Time 1.154422 seconds, bootstrap likelihood -65105.708829, best rearrangement setting 11
Bootstrap[11]: Time 1.224927 seconds, bootstrap likelihood -65385.532993, best rearrangement setting 9
Bootstrap[12]: Time 0.982153 seconds, bootstrap likelihood -65797.812699, best rearrangement setting 5
Bootstrap[13]: Time 0.814337 seconds, bootstrap likelihood -64011.714328, best rearrangement setting 5
Bootstrap[14]: Time 1.099712 seconds, bootstrap likelihood -64938.727036, best rearrangement setting 7
Bootstrap[15]: Time 0.940605 seconds, bootstrap likelihood -63593.111109, best rearrangement setting 5
Bootstrap[16]: Time 0.986835 seconds, bootstrap likelihood -65246.523794, best rearrangement setting 5
Bootstrap[17]: Time 1.114140 seconds, bootstrap likelihood -64449.880680, best rearrangement setting 11
Bootstrap[18]: Time 1.135246 seconds, bootstrap likelihood -64173.917362, best rearrangement setting 12
Bootstrap[19]: Time 1.209210 seconds, bootstrap likelihood -63766.613018, best rearrangement setting 15
Bootstrap[20]: Time 1.153564 seconds, bootstrap likelihood -64827.048083, best rearrangement setting 13
Bootstrap[21]: Time 1.106242 seconds, bootstrap likelihood -65457.528151, best rearrangement setting 15
Bootstrap[22]: Time 1.096296 seconds, bootstrap likelihood -63881.426919, best rearrangement setting 15
Bootstrap[23]: Time 0.994065 seconds, bootstrap likelihood -64191.827102, best rearrangement setting 7
Bootstrap[24]: Time 1.150279 seconds, bootstrap likelihood -65257.725620, best rearrangement setting 7
Bootstrap[25]: Time 1.150674 seconds, bootstrap likelihood -65512.112141, best rearrangement setting 10
Bootstrap[26]: Time 1.082876 seconds, bootstrap likelihood -64584.572354, best rearrangement setting 12
Bootstrap[27]: Time 1.023704 seconds, bootstrap likelihood -65413.891340, best rearrangement setting 13
Bootstrap[28]: Time 0.897743 seconds, bootstrap likelihood -63974.302656, best rearrangement setting 5
Bootstrap[29]: Time 1.662425 seconds, bootstrap likelihood -64632.775363, best rearrangement setting 9
Bootstrap[30]: Time 1.069493 seconds, bootstrap likelihood -63688.949956, best rearrangement setting 9
Bootstrap[31]: Time 1.266725 seconds, bootstrap likelihood -64822.168810, best rearrangement setting 9
Bootstrap[32]: Time 1.239935 seconds, bootstrap likelihood -64712.278128, best rearrangement setting 13
Bootstrap[33]: Time 1.172640 seconds, bootstrap likelihood -65541.346148, best rearrangement setting 9
Bootstrap[34]: Time 1.131853 seconds, bootstrap likelihood -64520.569471, best rearrangement setting 14
Bootstrap[35]: Time 1.059449 seconds, bootstrap likelihood -65286.129971, best rearrangement setting 12
Bootstrap[36]: Time 1.153925 seconds, bootstrap likelihood -65840.491302, best rearrangement setting 7
Bootstrap[37]: Time 1.144210 seconds, bootstrap likelihood -65067.744809, best rearrangement setting 11
Bootstrap[38]: Time 1.260684 seconds, bootstrap likelihood -65526.514616, best rearrangement setting 14
Bootstrap[39]: Time 1.013638 seconds, bootstrap likelihood -63297.775271, best rearrangement setting 8
Bootstrap[40]: Time 0.929370 seconds, bootstrap likelihood -64116.552475, best rearrangement setting 5
Bootstrap[41]: Time 1.033553 seconds, bootstrap likelihood -63825.376536, best rearrangement setting 10
Bootstrap[42]: Time 1.522466 seconds, bootstrap likelihood -65182.850704, best rearrangement setting 14
Bootstrap[43]: Time 1.110595 seconds, bootstrap likelihood -64674.130674, best rearrangement setting 10
Bootstrap[44]: Time 0.860208 seconds, bootstrap likelihood -64875.277040, best rearrangement setting 5
Bootstrap[45]: Time 1.048803 seconds, bootstrap likelihood -65338.819466, best rearrangement setting 7
Bootstrap[46]: Time 1.050622 seconds, bootstrap likelihood -64200.013391, best rearrangement setting 11
Bootstrap[47]: Time 1.257567 seconds, bootstrap likelihood -63885.712723, best rearrangement setting 14
Bootstrap[48]: Time 1.133956 seconds, bootstrap likelihood -64305.028275, best rearrangement setting 10
Bootstrap[49]: Time 0.908110 seconds, bootstrap likelihood -65969.937850, best rearrangement setting 5
Bootstrap[50]: Time 1.301826 seconds, bootstrap likelihood -64841.277372, best rearrangement setting 11
Bootstrap[51]: Time 1.150552 seconds, bootstrap likelihood -64010.029828, best rearrangement setting 9
Bootstrap[52]: Time 1.133490 seconds, bootstrap likelihood -64248.254783, best rearrangement setting 14
Bootstrap[53]: Time 1.089941 seconds, bootstrap likelihood -64175.231866, best rearrangement setting 8
Bootstrap[54]: Time 0.888725 seconds, bootstrap likelihood -66174.055574, best rearrangement setting 5
Bootstrap[55]: Time 1.195322 seconds, bootstrap likelihood -64755.652865, best rearrangement setting 6
Bootstrap[56]: Time 1.188784 seconds, bootstrap likelihood -65148.156244, best rearrangement setting 13
Bootstrap[57]: Time 0.991095 seconds, bootstrap likelihood -66610.054695, best rearrangement setting 9
Bootstrap[58]: Time 0.986525 seconds, bootstrap likelihood -63652.756925, best rearrangement setting 10
Bootstrap[59]: Time 0.837940 seconds, bootstrap likelihood -64595.285155, best rearrangement setting 5
Bootstrap[60]: Time 1.036311 seconds, bootstrap likelihood -66971.237891, best rearrangement setting 15
Bootstrap[61]: Time 1.277941 seconds, bootstrap likelihood -64095.181226, best rearrangement setting 10
Bootstrap[62]: Time 1.191586 seconds, bootstrap likelihood -64352.784839, best rearrangement setting 7
Bootstrap[63]: Time 1.083157 seconds, bootstrap likelihood -66117.726795, best rearrangement setting 6
Bootstrap[64]: Time 1.138020 seconds, bootstrap likelihood -64870.451664, best rearrangement setting 14
Bootstrap[65]: Time 1.094470 seconds, bootstrap likelihood -66818.985493, best rearrangement setting 14
Bootstrap[66]: Time 1.103386 seconds, bootstrap likelihood -63975.844185, best rearrangement setting 12
Bootstrap[67]: Time 1.049909 seconds, bootstrap likelihood -63452.234912, best rearrangement setting 15
Bootstrap[68]: Time 1.203557 seconds, bootstrap likelihood -62765.108757, best rearrangement setting 10
Bootstrap[69]: Time 1.457102 seconds, bootstrap likelihood -64845.484101, best rearrangement setting 14
Bootstrap[70]: Time 1.236479 seconds, bootstrap likelihood -65028.058590, best rearrangement setting 15
Bootstrap[71]: Time 1.062581 seconds, bootstrap likelihood -64627.611569, best rearrangement setting 9
Bootstrap[72]: Time 0.790443 seconds, bootstrap likelihood -64281.109026, best rearrangement setting 5
Bootstrap[73]: Time 1.089849 seconds, bootstrap likelihood -63641.112157, best rearrangement setting 9
Bootstrap[74]: Time 1.182883 seconds, bootstrap likelihood -64782.473821, best rearrangement setting 12
Bootstrap[75]: Time 1.263288 seconds, bootstrap likelihood -65395.458749, best rearrangement setting 9
Bootstrap[76]: Time 1.180805 seconds, bootstrap likelihood -65038.041374, best rearrangement setting 13
Bootstrap[77]: Time 1.161163 seconds, bootstrap likelihood -64592.728832, best rearrangement setting 12
Bootstrap[78]: Time 1.356583 seconds, bootstrap likelihood -65287.706746, best rearrangement setting 11
Bootstrap[79]: Time 1.083940 seconds, bootstrap likelihood -64288.112113, best rearrangement setting 13
Bootstrap[80]: Time 1.229572 seconds, bootstrap likelihood -65881.600594, best rearrangement setting 10
Bootstrap[81]: Time 1.175774 seconds, bootstrap likelihood -64116.119795, best rearrangement setting 15
Bootstrap[82]: Time 1.931127 seconds, bootstrap likelihood -65278.922264, best rearrangement setting 13
Bootstrap[83]: Time 1.251308 seconds, bootstrap likelihood -64810.951720, best rearrangement setting 12
Bootstrap[84]: Time 1.027621 seconds, bootstrap likelihood -63594.798982, best rearrangement setting 13
Bootstrap[85]: Time 1.106139 seconds, bootstrap likelihood -63525.749083, best rearrangement setting 14
Bootstrap[86]: Time 1.287802 seconds, bootstrap likelihood -64367.314813, best rearrangement setting 12
Bootstrap[87]: Time 1.164864 seconds, bootstrap likelihood -63136.045734, best rearrangement setting 9
Bootstrap[88]: Time 1.164525 seconds, bootstrap likelihood -65218.613708, best rearrangement setting 12
Bootstrap[89]: Time 1.201478 seconds, bootstrap likelihood -64554.785039, best rearrangement setting 14
Bootstrap[90]: Time 0.976520 seconds, bootstrap likelihood -63698.303358, best rearrangement setting 6
Bootstrap[91]: Time 1.009604 seconds, bootstrap likelihood -65284.004472, best rearrangement setting 10
Bootstrap[92]: Time 1.178838 seconds, bootstrap likelihood -65115.095647, best rearrangement setting 15
Bootstrap[93]: Time 1.029092 seconds, bootstrap likelihood -64029.743044, best rearrangement setting 12
Bootstrap[94]: Time 1.642423 seconds, bootstrap likelihood -63602.435043, best rearrangement setting 14
Bootstrap[95]: Time 0.940453 seconds, bootstrap likelihood -63001.056888, best rearrangement setting 7
Bootstrap[96]: Time 1.045137 seconds, bootstrap likelihood -64880.422900, best rearrangement setting 15
Bootstrap[97]: Time 0.809631 seconds, bootstrap likelihood -65592.360254, best rearrangement setting 5
Bootstrap[98]: Time 0.971769 seconds, bootstrap likelihood -64321.351351, best rearrangement setting 11
Bootstrap[99]: Time 0.901940 seconds, bootstrap likelihood -64931.557240, best rearrangement setting 5


Overall Time for 100 Rapid Bootstraps 113.170455 seconds
Average Time per Rapid Bootstrap 1.131705 seconds

Starting ML Search ...

Fast ML optimization finished

Fast ML search Time: 83.760376 seconds

Slow ML Search 0 Likelihood: -64804.886826
Slow ML Search 1 Likelihood: -64805.167127
Slow ML Search 2 Likelihood: -64806.546323
Slow ML Search 3 Likelihood: -64806.780171
Slow ML Search 4 Likelihood: -64806.780171
Slow ML Search 5 Likelihood: -64807.508405
Slow ML Search 6 Likelihood: -64808.821545
Slow ML Search 7 Likelihood: -64809.387314
Slow ML Search 8 Likelihood: -64810.089194
Slow ML Search 9 Likelihood: -64812.167154
Slow ML optimization finished

Slow ML search Time: 19.000887 seconds
Thorough ML search Time: 2.058982 seconds

Final ML Optimization Likelihood: -64804.886826

Model Information:

Model Parameters of Partition 0, Name: No Name Provided, Type of Data: DNA
alpha: 0.332711
Tree-Length: 3.034861
rate A <-> C: 2.182855
rate A <-> G: 5.470854
rate A <-> T: 0.908495
rate C <-> G: 0.935728
rate C <-> T: 6.322879
rate G <-> T: 1.000000

freq pi(A): 0.370077
freq pi(C): 0.174203
freq pi(G): 0.234208
freq pi(T): 0.221513


ML search took 104.824931 secs or 0.029118 hours

Combined Bootstrap and ML search took 217.995522 secs or 0.060554 hours

Drawing Bootstrap Support Values on best-scoring ML tree ...



Found 1 tree in File /gpfs_home/mhowison/code/hiv-profile-sampling/scratch/trees/gag-pol-env/RAxML_bestTree.sample.112



Found 1 tree in File /gpfs_home/mhowison/code/hiv-profile-sampling/scratch/trees/gag-pol-env/RAxML_bestTree.sample.112

Program execution info written to /gpfs_home/mhowison/code/hiv-profile-sampling/scratch/trees/gag-pol-env/RAxML_info.sample.112
All 100 bootstrapped trees written to: /gpfs_home/mhowison/code/hiv-profile-sampling/scratch/trees/gag-pol-env/RAxML_bootstrap.sample.112

Best-scoring ML tree written to: /gpfs_home/mhowison/code/hiv-profile-sampling/scratch/trees/gag-pol-env/RAxML_bestTree.sample.112

Best-scoring ML tree with support values written to: /gpfs_home/mhowison/code/hiv-profile-sampling/scratch/trees/gag-pol-env/RAxML_bipartitions.sample.112

Best-scoring ML tree with support values as branch labels written to: /gpfs_home/mhowison/code/hiv-profile-sampling/scratch/trees/gag-pol-env/RAxML_bipartitionsBranchLabels.sample.112

Overall execution time for full ML analysis: 217.999435 secs or 0.060555 hours or 0.002523 days

