srun: job 264330 queued and waiting for resources
srun: job 264330 has been allocated resources
Warning, you specified a working directory via "-w"
Keep in mind that RAxML only accepts absolute path names, not relative ones!

RAxML can't, parse the alignment file as phylip file 
it will now try to parse it as FASTA file



Using BFGS method to optimize GTR rate parameters, to disable this specify "--no-bfgs" 


This is the RAxML Master Pthread

This is RAxML Worker Pthread Number: 2

This is RAxML Worker Pthread Number: 4

This is RAxML Worker Pthread Number: 3

This is RAxML Worker Pthread Number: 1

This is RAxML Worker Pthread Number: 5

This is RAxML Worker Pthread Number: 6

This is RAxML Worker Pthread Number: 7

This is RAxML Worker Pthread Number: 8

This is RAxML Worker Pthread Number: 9

This is RAxML Worker Pthread Number: 10

This is RAxML Worker Pthread Number: 11

This is RAxML Worker Pthread Number: 12

This is RAxML Worker Pthread Number: 15

This is RAxML Worker Pthread Number: 16

This is RAxML Worker Pthread Number: 13

This is RAxML Worker Pthread Number: 14

This is RAxML Worker Pthread Number: 18

This is RAxML Worker Pthread Number: 17

This is RAxML Worker Pthread Number: 19


This is RAxML version 8.2.12 released by Alexandros Stamatakis on May 2018.

With greatly appreciated code contributions by:
Andre Aberer      (HITS)
Simon Berger      (HITS)
Alexey Kozlov     (HITS)
Kassian Kobert    (HITS)
David Dao         (KIT and HITS)
Sarah Lutteropp   (KIT and HITS)
Nick Pattengale   (Sandia)
Wayne Pfeiffer    (SDSC)
Akifumi S. Tanabe (NRIFS)
Charlie Taylor    (UF)


Alignment has 3161 distinct alignment patterns

Proportion of gaps and completely undetermined characters in this alignment: 6.11%

RAxML rapid bootstrapping and subsequent ML search

Using 1 distinct models/data partitions with joint branch length optimization



Executing 100 rapid bootstrap inferences and thereafter a thorough ML search 

All free model parameters will be estimated by RAxML
GAMMA model of rate heterogeneity, ML estimate of alpha-parameter

GAMMA Model parameters will be estimated up to an accuracy of 0.1000000000 Log Likelihood units

Partition: 0
Alignment Patterns: 3161
Name: No Name Provided
DataType: DNA
Substitution Matrix: GTR




RAxML was called as follows:

raxmlHPC-PTHREADS-AVX -T 20 -s scratch/aligned/gag-pol-env/sample.286.fa -p 3136531159 -x 3136531159 -f a -N 100 -m GTRGAMMA -w /gpfs_home/mhowison/code/hiv-profile-sampling/scratch/trees/gag-pol-env -n sample.286 



Time for BS model parameter optimization 0.166135
Bootstrap[0]: Time 1.426675 seconds, bootstrap likelihood -63419.838678, best rearrangement setting 7
Bootstrap[1]: Time 1.149704 seconds, bootstrap likelihood -65161.214923, best rearrangement setting 12
Bootstrap[2]: Time 0.888896 seconds, bootstrap likelihood -64988.569492, best rearrangement setting 5
Bootstrap[3]: Time 0.803398 seconds, bootstrap likelihood -63548.325355, best rearrangement setting 5
Bootstrap[4]: Time 1.008701 seconds, bootstrap likelihood -62961.872967, best rearrangement setting 15
Bootstrap[5]: Time 1.086916 seconds, bootstrap likelihood -64908.027083, best rearrangement setting 10
Bootstrap[6]: Time 1.153348 seconds, bootstrap likelihood -64658.825556, best rearrangement setting 9
Bootstrap[7]: Time 0.851306 seconds, bootstrap likelihood -64888.669423, best rearrangement setting 5
Bootstrap[8]: Time 0.816435 seconds, bootstrap likelihood -64498.947204, best rearrangement setting 5
Bootstrap[9]: Time 0.862045 seconds, bootstrap likelihood -64652.266941, best rearrangement setting 5
Bootstrap[10]: Time 1.100800 seconds, bootstrap likelihood -64802.535201, best rearrangement setting 12
Bootstrap[11]: Time 1.081997 seconds, bootstrap likelihood -63722.022622, best rearrangement setting 10
Bootstrap[12]: Time 1.169871 seconds, bootstrap likelihood -64114.054760, best rearrangement setting 8
Bootstrap[13]: Time 1.014611 seconds, bootstrap likelihood -63179.900204, best rearrangement setting 6
Bootstrap[14]: Time 1.233123 seconds, bootstrap likelihood -63651.457685, best rearrangement setting 10
Bootstrap[15]: Time 2.018479 seconds, bootstrap likelihood -64321.472616, best rearrangement setting 15
Bootstrap[16]: Time 1.137248 seconds, bootstrap likelihood -64187.500687, best rearrangement setting 15
Bootstrap[17]: Time 1.178738 seconds, bootstrap likelihood -63287.404134, best rearrangement setting 13
Bootstrap[18]: Time 1.001706 seconds, bootstrap likelihood -64812.691148, best rearrangement setting 15
Bootstrap[19]: Time 0.902665 seconds, bootstrap likelihood -63863.869801, best rearrangement setting 7
Bootstrap[20]: Time 1.142903 seconds, bootstrap likelihood -63499.354402, best rearrangement setting 9
Bootstrap[21]: Time 0.851465 seconds, bootstrap likelihood -63397.015164, best rearrangement setting 5
Bootstrap[22]: Time 1.178321 seconds, bootstrap likelihood -64006.632738, best rearrangement setting 8
Bootstrap[23]: Time 1.133160 seconds, bootstrap likelihood -65975.971810, best rearrangement setting 15
Bootstrap[24]: Time 1.235773 seconds, bootstrap likelihood -65244.004911, best rearrangement setting 9
Bootstrap[25]: Time 1.241875 seconds, bootstrap likelihood -63736.168671, best rearrangement setting 8
Bootstrap[26]: Time 1.153363 seconds, bootstrap likelihood -63768.001458, best rearrangement setting 11
Bootstrap[27]: Time 1.104846 seconds, bootstrap likelihood -64901.170239, best rearrangement setting 11
Bootstrap[28]: Time 1.780024 seconds, bootstrap likelihood -63410.813884, best rearrangement setting 11
Bootstrap[29]: Time 1.040109 seconds, bootstrap likelihood -63419.949871, best rearrangement setting 6
Bootstrap[30]: Time 1.119908 seconds, bootstrap likelihood -63700.029191, best rearrangement setting 12
Bootstrap[31]: Time 1.146165 seconds, bootstrap likelihood -64980.293523, best rearrangement setting 7
Bootstrap[32]: Time 1.007032 seconds, bootstrap likelihood -63697.221664, best rearrangement setting 6
Bootstrap[33]: Time 1.227875 seconds, bootstrap likelihood -65500.973134, best rearrangement setting 11
Bootstrap[34]: Time 1.145621 seconds, bootstrap likelihood -64844.893308, best rearrangement setting 11
Bootstrap[35]: Time 1.089921 seconds, bootstrap likelihood -63594.423687, best rearrangement setting 7
Bootstrap[36]: Time 0.829080 seconds, bootstrap likelihood -64433.825461, best rearrangement setting 5
Bootstrap[37]: Time 0.978819 seconds, bootstrap likelihood -63796.752866, best rearrangement setting 15
Bootstrap[38]: Time 1.110855 seconds, bootstrap likelihood -64547.619588, best rearrangement setting 15
Bootstrap[39]: Time 1.549529 seconds, bootstrap likelihood -63983.603621, best rearrangement setting 10
Bootstrap[40]: Time 0.873653 seconds, bootstrap likelihood -64742.431064, best rearrangement setting 5
Bootstrap[41]: Time 2.075059 seconds, bootstrap likelihood -61338.773382, best rearrangement setting 9
Bootstrap[42]: Time 1.170711 seconds, bootstrap likelihood -63272.331715, best rearrangement setting 10
Bootstrap[43]: Time 1.048421 seconds, bootstrap likelihood -63883.039499, best rearrangement setting 11
Bootstrap[44]: Time 1.080522 seconds, bootstrap likelihood -63278.265643, best rearrangement setting 10
Bootstrap[45]: Time 1.208650 seconds, bootstrap likelihood -64225.318444, best rearrangement setting 9
Bootstrap[46]: Time 1.004501 seconds, bootstrap likelihood -65508.279404, best rearrangement setting 7
Bootstrap[47]: Time 1.116366 seconds, bootstrap likelihood -65583.668703, best rearrangement setting 15
Bootstrap[48]: Time 1.120762 seconds, bootstrap likelihood -65201.839896, best rearrangement setting 6
Bootstrap[49]: Time 1.118842 seconds, bootstrap likelihood -63416.051506, best rearrangement setting 12
Bootstrap[50]: Time 1.212514 seconds, bootstrap likelihood -63934.538343, best rearrangement setting 10
Bootstrap[51]: Time 1.526509 seconds, bootstrap likelihood -63849.098696, best rearrangement setting 8
Bootstrap[52]: Time 1.115286 seconds, bootstrap likelihood -65033.450520, best rearrangement setting 8
Bootstrap[53]: Time 1.133664 seconds, bootstrap likelihood -63665.956908, best rearrangement setting 8
Bootstrap[54]: Time 1.251656 seconds, bootstrap likelihood -63768.635656, best rearrangement setting 10
Bootstrap[55]: Time 1.067862 seconds, bootstrap likelihood -63958.213733, best rearrangement setting 15
Bootstrap[56]: Time 1.159460 seconds, bootstrap likelihood -61937.440999, best rearrangement setting 9
Bootstrap[57]: Time 1.042723 seconds, bootstrap likelihood -64896.977118, best rearrangement setting 15
Bootstrap[58]: Time 1.102201 seconds, bootstrap likelihood -63381.176943, best rearrangement setting 8
Bootstrap[59]: Time 1.028312 seconds, bootstrap likelihood -64757.814041, best rearrangement setting 9
Bootstrap[60]: Time 1.079611 seconds, bootstrap likelihood -65355.938594, best rearrangement setting 9
Bootstrap[61]: Time 1.232446 seconds, bootstrap likelihood -63780.579754, best rearrangement setting 14
Bootstrap[62]: Time 1.096660 seconds, bootstrap likelihood -63221.952960, best rearrangement setting 13
Bootstrap[63]: Time 1.009429 seconds, bootstrap likelihood -63289.718995, best rearrangement setting 14
Bootstrap[64]: Time 0.830710 seconds, bootstrap likelihood -64124.668675, best rearrangement setting 7
Bootstrap[65]: Time 1.119549 seconds, bootstrap likelihood -63008.137393, best rearrangement setting 10
Bootstrap[66]: Time 1.203905 seconds, bootstrap likelihood -64349.496193, best rearrangement setting 9
Bootstrap[67]: Time 1.527435 seconds, bootstrap likelihood -64882.940428, best rearrangement setting 11
Bootstrap[68]: Time 1.113814 seconds, bootstrap likelihood -63233.667406, best rearrangement setting 8
Bootstrap[69]: Time 1.188647 seconds, bootstrap likelihood -64877.924200, best rearrangement setting 8
Bootstrap[70]: Time 0.963679 seconds, bootstrap likelihood -64661.274068, best rearrangement setting 5
Bootstrap[71]: Time 1.195962 seconds, bootstrap likelihood -65833.099230, best rearrangement setting 8
Bootstrap[72]: Time 1.304215 seconds, bootstrap likelihood -65400.274588, best rearrangement setting 15
Bootstrap[73]: Time 0.998056 seconds, bootstrap likelihood -63903.256602, best rearrangement setting 6
Bootstrap[74]: Time 1.165697 seconds, bootstrap likelihood -63527.830625, best rearrangement setting 9
Bootstrap[75]: Time 1.107291 seconds, bootstrap likelihood -64211.824683, best rearrangement setting 8
Bootstrap[76]: Time 1.240588 seconds, bootstrap likelihood -66007.550378, best rearrangement setting 15
Bootstrap[77]: Time 1.811252 seconds, bootstrap likelihood -63059.220297, best rearrangement setting 13
Bootstrap[78]: Time 1.044546 seconds, bootstrap likelihood -64551.466393, best rearrangement setting 14
Bootstrap[79]: Time 1.048943 seconds, bootstrap likelihood -63956.363905, best rearrangement setting 6
Bootstrap[80]: Time 1.200892 seconds, bootstrap likelihood -65938.500590, best rearrangement setting 13
Bootstrap[81]: Time 1.141127 seconds, bootstrap likelihood -64318.612500, best rearrangement setting 14
Bootstrap[82]: Time 1.084945 seconds, bootstrap likelihood -63473.850202, best rearrangement setting 9
Bootstrap[83]: Time 1.205161 seconds, bootstrap likelihood -64600.024766, best rearrangement setting 15
Bootstrap[84]: Time 1.182491 seconds, bootstrap likelihood -63349.005032, best rearrangement setting 15
Bootstrap[85]: Time 1.215097 seconds, bootstrap likelihood -63828.556178, best rearrangement setting 15
Bootstrap[86]: Time 1.320285 seconds, bootstrap likelihood -63898.757600, best rearrangement setting 13
Bootstrap[87]: Time 1.159674 seconds, bootstrap likelihood -64543.212920, best rearrangement setting 8
Bootstrap[88]: Time 1.103999 seconds, bootstrap likelihood -62925.430295, best rearrangement setting 14
Bootstrap[89]: Time 1.018646 seconds, bootstrap likelihood -63472.068293, best rearrangement setting 8
Bootstrap[90]: Time 1.117176 seconds, bootstrap likelihood -63737.106483, best rearrangement setting 7
Bootstrap[91]: Time 1.030606 seconds, bootstrap likelihood -64524.938961, best rearrangement setting 14
Bootstrap[92]: Time 1.097091 seconds, bootstrap likelihood -63973.459614, best rearrangement setting 14
Bootstrap[93]: Time 1.100956 seconds, bootstrap likelihood -62799.368624, best rearrangement setting 15
Bootstrap[94]: Time 1.202280 seconds, bootstrap likelihood -65552.361018, best rearrangement setting 10
Bootstrap[95]: Time 0.862874 seconds, bootstrap likelihood -64579.788374, best rearrangement setting 5
Bootstrap[96]: Time 1.091072 seconds, bootstrap likelihood -64243.977628, best rearrangement setting 10
Bootstrap[97]: Time 1.105205 seconds, bootstrap likelihood -62871.949076, best rearrangement setting 13
Bootstrap[98]: Time 1.203858 seconds, bootstrap likelihood -64101.063730, best rearrangement setting 7
Bootstrap[99]: Time 1.231410 seconds, bootstrap likelihood -64745.211582, best rearrangement setting 14


Overall Time for 100 Rapid Bootstraps 114.429394 seconds
Average Time per Rapid Bootstrap 1.144294 seconds

Starting ML Search ...

Fast ML optimization finished

Fast ML search Time: 92.596635 seconds

Slow ML Search 0 Likelihood: -64238.677163
Slow ML Search 1 Likelihood: -64238.677163
Slow ML Search 2 Likelihood: -64238.677167
Slow ML Search 3 Likelihood: -64239.306699
Slow ML Search 4 Likelihood: -64242.737171
Slow ML Search 5 Likelihood: -64242.737172
Slow ML Search 6 Likelihood: -64243.316164
Slow ML Search 7 Likelihood: -64243.918830
Slow ML Search 8 Likelihood: -64249.112216
Slow ML Search 9 Likelihood: -64239.306699
Slow ML optimization finished

Slow ML search Time: 20.987450 seconds
Thorough ML search Time: 1.861640 seconds

Final ML Optimization Likelihood: -64238.679755

Model Information:

Model Parameters of Partition 0, Name: No Name Provided, Type of Data: DNA
alpha: 0.326388
Tree-Length: 2.980975
rate A <-> C: 2.150116
rate A <-> G: 5.415440
rate A <-> T: 0.890552
rate C <-> G: 0.928542
rate C <-> T: 6.161763
rate G <-> T: 1.000000

freq pi(A): 0.369939
freq pi(C): 0.174135
freq pi(G): 0.234273
freq pi(T): 0.221653


ML search took 115.475549 secs or 0.032077 hours

Combined Bootstrap and ML search took 229.905055 secs or 0.063863 hours

Drawing Bootstrap Support Values on best-scoring ML tree ...



Found 1 tree in File /gpfs_home/mhowison/code/hiv-profile-sampling/scratch/trees/gag-pol-env/RAxML_bestTree.sample.286



Found 1 tree in File /gpfs_home/mhowison/code/hiv-profile-sampling/scratch/trees/gag-pol-env/RAxML_bestTree.sample.286

Program execution info written to /gpfs_home/mhowison/code/hiv-profile-sampling/scratch/trees/gag-pol-env/RAxML_info.sample.286
All 100 bootstrapped trees written to: /gpfs_home/mhowison/code/hiv-profile-sampling/scratch/trees/gag-pol-env/RAxML_bootstrap.sample.286

Best-scoring ML tree written to: /gpfs_home/mhowison/code/hiv-profile-sampling/scratch/trees/gag-pol-env/RAxML_bestTree.sample.286

Best-scoring ML tree with support values written to: /gpfs_home/mhowison/code/hiv-profile-sampling/scratch/trees/gag-pol-env/RAxML_bipartitions.sample.286

Best-scoring ML tree with support values as branch labels written to: /gpfs_home/mhowison/code/hiv-profile-sampling/scratch/trees/gag-pol-env/RAxML_bipartitionsBranchLabels.sample.286

Overall execution time for full ML analysis: 229.908338 secs or 0.063863 hours or 0.002661 days

