srun: job 264614 queued and waiting for resources
srun: job 264614 has been allocated resources
Warning, you specified a working directory via "-w"
Keep in mind that RAxML only accepts absolute path names, not relative ones!

RAxML can't, parse the alignment file as phylip file 
it will now try to parse it as FASTA file



Using BFGS method to optimize GTR rate parameters, to disable this specify "--no-bfgs" 


This is the RAxML Master Pthread

This is RAxML Worker Pthread Number: 1

This is RAxML Worker Pthread Number: 2

This is RAxML Worker Pthread Number: 5

This is RAxML Worker Pthread Number: 3

This is RAxML Worker Pthread Number: 4

This is RAxML Worker Pthread Number: 6

This is RAxML Worker Pthread Number: 7

This is RAxML Worker Pthread Number: 8

This is RAxML Worker Pthread Number: 9

This is RAxML Worker Pthread Number: 10

This is RAxML Worker Pthread Number: 11

This is RAxML Worker Pthread Number: 12

This is RAxML Worker Pthread Number: 13

This is RAxML Worker Pthread Number: 16

This is RAxML Worker Pthread Number: 17

This is RAxML Worker Pthread Number: 14

This is RAxML Worker Pthread Number: 15

This is RAxML Worker Pthread Number: 19

This is RAxML Worker Pthread Number: 18


This is RAxML version 8.2.12 released by Alexandros Stamatakis on May 2018.

With greatly appreciated code contributions by:
Andre Aberer      (HITS)
Simon Berger      (HITS)
Alexey Kozlov     (HITS)
Kassian Kobert    (HITS)
David Dao         (KIT and HITS)
Sarah Lutteropp   (KIT and HITS)
Nick Pattengale   (Sandia)
Wayne Pfeiffer    (SDSC)
Akifumi S. Tanabe (NRIFS)
Charlie Taylor    (UF)


Alignment has 3177 distinct alignment patterns

Proportion of gaps and completely undetermined characters in this alignment: 6.11%

RAxML rapid bootstrapping and subsequent ML search

Using 1 distinct models/data partitions with joint branch length optimization



Executing 100 rapid bootstrap inferences and thereafter a thorough ML search 

All free model parameters will be estimated by RAxML
GAMMA model of rate heterogeneity, ML estimate of alpha-parameter

GAMMA Model parameters will be estimated up to an accuracy of 0.1000000000 Log Likelihood units

Partition: 0
Alignment Patterns: 3177
Name: No Name Provided
DataType: DNA
Substitution Matrix: GTR




RAxML was called as follows:

raxmlHPC-PTHREADS-AVX -T 20 -s scratch/aligned/gag-pol-env/sample.478.fa -p 7373897403 -x 7373897403 -f a -N 100 -m GTRGAMMA -w /gpfs_home/mhowison/code/hiv-profile-sampling/scratch/trees/gag-pol-env -n sample.478 



Time for BS model parameter optimization 0.182355
Bootstrap[0]: Time 1.649687 seconds, bootstrap likelihood -64497.979264, best rearrangement setting 14
Bootstrap[1]: Time 1.176158 seconds, bootstrap likelihood -64823.334833, best rearrangement setting 9
Bootstrap[2]: Time 1.065761 seconds, bootstrap likelihood -63995.206980, best rearrangement setting 7
Bootstrap[3]: Time 1.167851 seconds, bootstrap likelihood -62371.840629, best rearrangement setting 9
Bootstrap[4]: Time 1.226165 seconds, bootstrap likelihood -63767.454597, best rearrangement setting 8
Bootstrap[5]: Time 0.821136 seconds, bootstrap likelihood -65337.097635, best rearrangement setting 5
Bootstrap[6]: Time 1.173160 seconds, bootstrap likelihood -65418.614923, best rearrangement setting 15
Bootstrap[7]: Time 2.394524 seconds, bootstrap likelihood -62195.823202, best rearrangement setting 12
Bootstrap[8]: Time 1.128728 seconds, bootstrap likelihood -66440.876297, best rearrangement setting 6
Bootstrap[9]: Time 1.345819 seconds, bootstrap likelihood -63686.967514, best rearrangement setting 9
Bootstrap[10]: Time 0.943049 seconds, bootstrap likelihood -66041.653035, best rearrangement setting 5
Bootstrap[11]: Time 1.039881 seconds, bootstrap likelihood -65135.856738, best rearrangement setting 6
Bootstrap[12]: Time 3.423811 seconds, bootstrap likelihood -64665.336341, best rearrangement setting 9
Bootstrap[13]: Time 1.268097 seconds, bootstrap likelihood -63998.163138, best rearrangement setting 12
Bootstrap[14]: Time 1.379518 seconds, bootstrap likelihood -63123.115026, best rearrangement setting 11
Bootstrap[15]: Time 1.394700 seconds, bootstrap likelihood -66884.570415, best rearrangement setting 12
Bootstrap[16]: Time 1.287694 seconds, bootstrap likelihood -64183.686062, best rearrangement setting 7
Bootstrap[17]: Time 1.277474 seconds, bootstrap likelihood -64364.760925, best rearrangement setting 14
Bootstrap[18]: Time 1.444826 seconds, bootstrap likelihood -62741.692818, best rearrangement setting 7
Bootstrap[19]: Time 1.288880 seconds, bootstrap likelihood -64749.934840, best rearrangement setting 9
Bootstrap[20]: Time 0.939891 seconds, bootstrap likelihood -63173.102238, best rearrangement setting 5
Bootstrap[21]: Time 1.356639 seconds, bootstrap likelihood -64079.066222, best rearrangement setting 15
Bootstrap[22]: Time 1.424458 seconds, bootstrap likelihood -64581.889336, best rearrangement setting 7
Bootstrap[23]: Time 0.974986 seconds, bootstrap likelihood -62838.015873, best rearrangement setting 5
Bootstrap[24]: Time 1.034724 seconds, bootstrap likelihood -64448.562040, best rearrangement setting 6
Bootstrap[25]: Time 1.424300 seconds, bootstrap likelihood -65301.588159, best rearrangement setting 14
Bootstrap[26]: Time 1.095730 seconds, bootstrap likelihood -64731.394026, best rearrangement setting 6
Bootstrap[27]: Time 1.370475 seconds, bootstrap likelihood -65692.770518, best rearrangement setting 9
Bootstrap[28]: Time 0.847942 seconds, bootstrap likelihood -64843.919040, best rearrangement setting 5
Bootstrap[29]: Time 1.101126 seconds, bootstrap likelihood -64191.309635, best rearrangement setting 6
Bootstrap[30]: Time 1.333896 seconds, bootstrap likelihood -66034.279455, best rearrangement setting 12
Bootstrap[31]: Time 1.225800 seconds, bootstrap likelihood -63558.442501, best rearrangement setting 5
Bootstrap[32]: Time 1.095533 seconds, bootstrap likelihood -63788.279144, best rearrangement setting 8
Bootstrap[33]: Time 1.088225 seconds, bootstrap likelihood -63412.937419, best rearrangement setting 8
Bootstrap[34]: Time 1.204956 seconds, bootstrap likelihood -63565.057138, best rearrangement setting 8
Bootstrap[35]: Time 1.514340 seconds, bootstrap likelihood -64855.173792, best rearrangement setting 9
Bootstrap[36]: Time 0.971375 seconds, bootstrap likelihood -63382.218839, best rearrangement setting 5
Bootstrap[37]: Time 1.210280 seconds, bootstrap likelihood -64801.262566, best rearrangement setting 15
Bootstrap[38]: Time 1.265629 seconds, bootstrap likelihood -64520.475293, best rearrangement setting 10
Bootstrap[39]: Time 1.062527 seconds, bootstrap likelihood -64994.041941, best rearrangement setting 5
Bootstrap[40]: Time 1.229981 seconds, bootstrap likelihood -64908.044207, best rearrangement setting 15
Bootstrap[41]: Time 1.349026 seconds, bootstrap likelihood -63199.628415, best rearrangement setting 15
Bootstrap[42]: Time 1.284426 seconds, bootstrap likelihood -64886.281182, best rearrangement setting 14
Bootstrap[43]: Time 1.484346 seconds, bootstrap likelihood -65216.534239, best rearrangement setting 14
Bootstrap[44]: Time 1.132502 seconds, bootstrap likelihood -62344.300033, best rearrangement setting 15
Bootstrap[45]: Time 1.153071 seconds, bootstrap likelihood -63978.901170, best rearrangement setting 11
Bootstrap[46]: Time 1.283912 seconds, bootstrap likelihood -65056.315978, best rearrangement setting 10
Bootstrap[47]: Time 1.809543 seconds, bootstrap likelihood -64094.604388, best rearrangement setting 8
Bootstrap[48]: Time 1.103839 seconds, bootstrap likelihood -63131.714950, best rearrangement setting 8
Bootstrap[49]: Time 1.208599 seconds, bootstrap likelihood -64918.782176, best rearrangement setting 12
Bootstrap[50]: Time 1.172343 seconds, bootstrap likelihood -64010.305901, best rearrangement setting 15
Bootstrap[51]: Time 0.931812 seconds, bootstrap likelihood -65108.957728, best rearrangement setting 5
Bootstrap[52]: Time 0.939630 seconds, bootstrap likelihood -63788.690744, best rearrangement setting 5
Bootstrap[53]: Time 1.339657 seconds, bootstrap likelihood -65517.478123, best rearrangement setting 13
Bootstrap[54]: Time 1.209370 seconds, bootstrap likelihood -65798.820968, best rearrangement setting 14
Bootstrap[55]: Time 1.230266 seconds, bootstrap likelihood -64195.291628, best rearrangement setting 11
Bootstrap[56]: Time 1.285406 seconds, bootstrap likelihood -63648.478983, best rearrangement setting 14
Bootstrap[57]: Time 1.149239 seconds, bootstrap likelihood -65247.800388, best rearrangement setting 8
Bootstrap[58]: Time 1.157626 seconds, bootstrap likelihood -63690.661992, best rearrangement setting 8
Bootstrap[59]: Time 1.055794 seconds, bootstrap likelihood -63942.025109, best rearrangement setting 7
Bootstrap[60]: Time 1.867521 seconds, bootstrap likelihood -63949.963956, best rearrangement setting 11
Bootstrap[61]: Time 1.086817 seconds, bootstrap likelihood -64430.342215, best rearrangement setting 8
Bootstrap[62]: Time 1.472792 seconds, bootstrap likelihood -63434.720980, best rearrangement setting 10
Bootstrap[63]: Time 1.160544 seconds, bootstrap likelihood -63387.675613, best rearrangement setting 14
Bootstrap[64]: Time 2.142023 seconds, bootstrap likelihood -63464.104453, best rearrangement setting 12
Bootstrap[65]: Time 1.222123 seconds, bootstrap likelihood -64979.825403, best rearrangement setting 13
Bootstrap[66]: Time 1.721441 seconds, bootstrap likelihood -63194.165967, best rearrangement setting 15
Bootstrap[67]: Time 1.263576 seconds, bootstrap likelihood -65064.594795, best rearrangement setting 12
Bootstrap[68]: Time 1.317732 seconds, bootstrap likelihood -63989.969179, best rearrangement setting 5
Bootstrap[69]: Time 1.217175 seconds, bootstrap likelihood -64999.870059, best rearrangement setting 14
Bootstrap[70]: Time 1.308272 seconds, bootstrap likelihood -64694.286832, best rearrangement setting 13
Bootstrap[71]: Time 1.232354 seconds, bootstrap likelihood -65419.265723, best rearrangement setting 12
Bootstrap[72]: Time 1.163968 seconds, bootstrap likelihood -64897.757174, best rearrangement setting 10
Bootstrap[73]: Time 1.228770 seconds, bootstrap likelihood -64161.295754, best rearrangement setting 10
Bootstrap[74]: Time 1.120665 seconds, bootstrap likelihood -64710.239906, best rearrangement setting 12
Bootstrap[75]: Time 0.898555 seconds, bootstrap likelihood -65274.855171, best rearrangement setting 5
Bootstrap[76]: Time 1.193993 seconds, bootstrap likelihood -64880.538543, best rearrangement setting 14
Bootstrap[77]: Time 1.134944 seconds, bootstrap likelihood -65581.560491, best rearrangement setting 8
Bootstrap[78]: Time 1.223267 seconds, bootstrap likelihood -65027.024594, best rearrangement setting 12
Bootstrap[79]: Time 1.254892 seconds, bootstrap likelihood -63962.944383, best rearrangement setting 14
Bootstrap[80]: Time 0.921504 seconds, bootstrap likelihood -65278.419873, best rearrangement setting 5
Bootstrap[81]: Time 1.218988 seconds, bootstrap likelihood -65380.065978, best rearrangement setting 12
Bootstrap[82]: Time 1.230728 seconds, bootstrap likelihood -65322.631009, best rearrangement setting 12
Bootstrap[83]: Time 1.605269 seconds, bootstrap likelihood -63973.655573, best rearrangement setting 6
Bootstrap[84]: Time 1.202195 seconds, bootstrap likelihood -64339.302148, best rearrangement setting 14
Bootstrap[85]: Time 1.167391 seconds, bootstrap likelihood -65373.495523, best rearrangement setting 10
Bootstrap[86]: Time 1.350699 seconds, bootstrap likelihood -64194.110961, best rearrangement setting 14
Bootstrap[87]: Time 1.397955 seconds, bootstrap likelihood -63874.372428, best rearrangement setting 14
Bootstrap[88]: Time 0.965819 seconds, bootstrap likelihood -65328.580472, best rearrangement setting 5
Bootstrap[89]: Time 1.127537 seconds, bootstrap likelihood -64440.087273, best rearrangement setting 6
Bootstrap[90]: Time 1.114845 seconds, bootstrap likelihood -64513.793159, best rearrangement setting 14
Bootstrap[91]: Time 1.435323 seconds, bootstrap likelihood -64266.295613, best rearrangement setting 15
Bootstrap[92]: Time 1.128729 seconds, bootstrap likelihood -64170.976970, best rearrangement setting 6
Bootstrap[93]: Time 0.950393 seconds, bootstrap likelihood -64728.483322, best rearrangement setting 6
Bootstrap[94]: Time 1.162839 seconds, bootstrap likelihood -64453.690574, best rearrangement setting 15
Bootstrap[95]: Time 1.533551 seconds, bootstrap likelihood -62697.713334, best rearrangement setting 13
Bootstrap[96]: Time 1.285216 seconds, bootstrap likelihood -65161.169301, best rearrangement setting 8
Bootstrap[97]: Time 0.962328 seconds, bootstrap likelihood -64981.855136, best rearrangement setting 5
Bootstrap[98]: Time 1.370915 seconds, bootstrap likelihood -63596.675231, best rearrangement setting 10
Bootstrap[99]: Time 1.222312 seconds, bootstrap likelihood -67052.136593, best rearrangement setting 7


Overall Time for 100 Rapid Bootstraps 126.599783 seconds
Average Time per Rapid Bootstrap 1.265998 seconds

Starting ML Search ...

Fast ML optimization finished

Fast ML search Time: 194.975828 seconds

Slow ML Search 0 Likelihood: -64421.911829
Slow ML Search 1 Likelihood: -64422.524424
Slow ML Search 2 Likelihood: -64422.941422
Slow ML Search 3 Likelihood: -64423.128363
Slow ML Search 4 Likelihood: -64423.247863
Slow ML Search 5 Likelihood: -64423.508588
Slow ML Search 6 Likelihood: -64423.598257
Slow ML Search 7 Likelihood: -64424.368835
Slow ML Search 8 Likelihood: -64424.229159
Slow ML Search 9 Likelihood: -64425.369198
Slow ML optimization finished

Slow ML search Time: 88.343034 seconds
Thorough ML search Time: 2.156257 seconds

Final ML Optimization Likelihood: -64421.911827

Model Information:

Model Parameters of Partition 0, Name: No Name Provided, Type of Data: DNA
alpha: 0.324846
Tree-Length: 3.057333
rate A <-> C: 2.254508
rate A <-> G: 5.671877
rate A <-> T: 0.905011
rate C <-> G: 0.965034
rate C <-> T: 6.403346
rate G <-> T: 1.000000

freq pi(A): 0.369901
freq pi(C): 0.174077
freq pi(G): 0.234350
freq pi(T): 0.221672


ML search took 285.481836 secs or 0.079301 hours

Combined Bootstrap and ML search took 412.081753 secs or 0.114467 hours

Drawing Bootstrap Support Values on best-scoring ML tree ...



Found 1 tree in File /gpfs_home/mhowison/code/hiv-profile-sampling/scratch/trees/gag-pol-env/RAxML_bestTree.sample.478



Found 1 tree in File /gpfs_home/mhowison/code/hiv-profile-sampling/scratch/trees/gag-pol-env/RAxML_bestTree.sample.478

Program execution info written to /gpfs_home/mhowison/code/hiv-profile-sampling/scratch/trees/gag-pol-env/RAxML_info.sample.478
All 100 bootstrapped trees written to: /gpfs_home/mhowison/code/hiv-profile-sampling/scratch/trees/gag-pol-env/RAxML_bootstrap.sample.478

Best-scoring ML tree written to: /gpfs_home/mhowison/code/hiv-profile-sampling/scratch/trees/gag-pol-env/RAxML_bestTree.sample.478

Best-scoring ML tree with support values written to: /gpfs_home/mhowison/code/hiv-profile-sampling/scratch/trees/gag-pol-env/RAxML_bipartitions.sample.478

Best-scoring ML tree with support values as branch labels written to: /gpfs_home/mhowison/code/hiv-profile-sampling/scratch/trees/gag-pol-env/RAxML_bipartitionsBranchLabels.sample.478

Overall execution time for full ML analysis: 412.086242 secs or 0.114468 hours or 0.004770 days

