srun: job 264311 queued and waiting for resources
srun: job 264311 has been allocated resources
Warning, you specified a working directory via "-w"
Keep in mind that RAxML only accepts absolute path names, not relative ones!

RAxML can't, parse the alignment file as phylip file 
it will now try to parse it as FASTA file



Using BFGS method to optimize GTR rate parameters, to disable this specify "--no-bfgs" 


This is the RAxML Master Pthread

This is RAxML Worker Pthread Number: 1

This is RAxML Worker Pthread Number: 3

This is RAxML Worker Pthread Number: 5

This is RAxML Worker Pthread Number: 2

This is RAxML Worker Pthread Number: 4

This is RAxML Worker Pthread Number: 6

This is RAxML Worker Pthread Number: 7

This is RAxML Worker Pthread Number: 8

This is RAxML Worker Pthread Number: 9

This is RAxML Worker Pthread Number: 10

This is RAxML Worker Pthread Number: 14

This is RAxML Worker Pthread Number: 11

This is RAxML Worker Pthread Number: 13

This is RAxML Worker Pthread Number: 12

This is RAxML Worker Pthread Number: 15

This is RAxML Worker Pthread Number: 16

This is RAxML Worker Pthread Number: 17

This is RAxML Worker Pthread Number: 18

This is RAxML Worker Pthread Number: 19


This is RAxML version 8.2.12 released by Alexandros Stamatakis on May 2018.

With greatly appreciated code contributions by:
Andre Aberer      (HITS)
Simon Berger      (HITS)
Alexey Kozlov     (HITS)
Kassian Kobert    (HITS)
David Dao         (KIT and HITS)
Sarah Lutteropp   (KIT and HITS)
Nick Pattengale   (Sandia)
Wayne Pfeiffer    (SDSC)
Akifumi S. Tanabe (NRIFS)
Charlie Taylor    (UF)


Alignment has 3202 distinct alignment patterns

Proportion of gaps and completely undetermined characters in this alignment: 6.11%

RAxML rapid bootstrapping and subsequent ML search

Using 1 distinct models/data partitions with joint branch length optimization



Executing 100 rapid bootstrap inferences and thereafter a thorough ML search 

All free model parameters will be estimated by RAxML
GAMMA model of rate heterogeneity, ML estimate of alpha-parameter

GAMMA Model parameters will be estimated up to an accuracy of 0.1000000000 Log Likelihood units

Partition: 0
Alignment Patterns: 3202
Name: No Name Provided
DataType: DNA
Substitution Matrix: GTR




RAxML was called as follows:

raxmlHPC-PTHREADS-AVX -T 20 -s scratch/aligned/gag-pol-env/sample.271.fa -p 5310914121 -x 5310914121 -f a -N 100 -m GTRGAMMA -w /gpfs_home/mhowison/code/hiv-profile-sampling/scratch/trees/gag-pol-env -n sample.271 



Time for BS model parameter optimization 0.191045
Bootstrap[0]: Time 1.505620 seconds, bootstrap likelihood -65630.431580, best rearrangement setting 12
Bootstrap[1]: Time 1.033237 seconds, bootstrap likelihood -64800.285444, best rearrangement setting 7
Bootstrap[2]: Time 1.051077 seconds, bootstrap likelihood -63735.472616, best rearrangement setting 8
Bootstrap[3]: Time 1.066452 seconds, bootstrap likelihood -64740.439860, best rearrangement setting 9
Bootstrap[4]: Time 1.175729 seconds, bootstrap likelihood -65281.195374, best rearrangement setting 11
Bootstrap[5]: Time 2.524759 seconds, bootstrap likelihood -64285.210294, best rearrangement setting 9
Bootstrap[6]: Time 1.094769 seconds, bootstrap likelihood -63666.175664, best rearrangement setting 9
Bootstrap[7]: Time 1.187626 seconds, bootstrap likelihood -62896.267931, best rearrangement setting 13
Bootstrap[8]: Time 1.329780 seconds, bootstrap likelihood -64109.682626, best rearrangement setting 11
Bootstrap[9]: Time 1.216389 seconds, bootstrap likelihood -62608.461652, best rearrangement setting 11
Bootstrap[10]: Time 1.051120 seconds, bootstrap likelihood -63208.056616, best rearrangement setting 14
Bootstrap[11]: Time 1.257798 seconds, bootstrap likelihood -65442.938695, best rearrangement setting 11
Bootstrap[12]: Time 1.276776 seconds, bootstrap likelihood -65604.221551, best rearrangement setting 15
Bootstrap[13]: Time 1.309922 seconds, bootstrap likelihood -64519.221143, best rearrangement setting 12
Bootstrap[14]: Time 0.983598 seconds, bootstrap likelihood -62980.212155, best rearrangement setting 5
Bootstrap[15]: Time 1.094852 seconds, bootstrap likelihood -63440.656383, best rearrangement setting 7
Bootstrap[16]: Time 1.139100 seconds, bootstrap likelihood -64451.647250, best rearrangement setting 12
Bootstrap[17]: Time 1.465461 seconds, bootstrap likelihood -63975.007939, best rearrangement setting 7
Bootstrap[18]: Time 1.334668 seconds, bootstrap likelihood -64020.483547, best rearrangement setting 15
Bootstrap[19]: Time 1.243381 seconds, bootstrap likelihood -63681.614753, best rearrangement setting 15
Bootstrap[20]: Time 1.275333 seconds, bootstrap likelihood -65212.396750, best rearrangement setting 12
Bootstrap[21]: Time 1.015057 seconds, bootstrap likelihood -63266.369545, best rearrangement setting 6
Bootstrap[22]: Time 1.268152 seconds, bootstrap likelihood -63934.907624, best rearrangement setting 10
Bootstrap[23]: Time 1.332884 seconds, bootstrap likelihood -64289.058527, best rearrangement setting 11
Bootstrap[24]: Time 0.977838 seconds, bootstrap likelihood -64925.965610, best rearrangement setting 5
Bootstrap[25]: Time 1.235866 seconds, bootstrap likelihood -63286.219533, best rearrangement setting 15
Bootstrap[26]: Time 1.104316 seconds, bootstrap likelihood -64849.585927, best rearrangement setting 6
Bootstrap[27]: Time 1.088612 seconds, bootstrap likelihood -65007.897052, best rearrangement setting 6
Bootstrap[28]: Time 1.124729 seconds, bootstrap likelihood -65141.246490, best rearrangement setting 6
Bootstrap[29]: Time 1.549730 seconds, bootstrap likelihood -65257.734339, best rearrangement setting 8
Bootstrap[30]: Time 1.375351 seconds, bootstrap likelihood -65962.515469, best rearrangement setting 8
Bootstrap[31]: Time 1.306391 seconds, bootstrap likelihood -63567.631342, best rearrangement setting 10
Bootstrap[32]: Time 1.228301 seconds, bootstrap likelihood -63497.355618, best rearrangement setting 14
Bootstrap[33]: Time 0.969595 seconds, bootstrap likelihood -65355.065697, best rearrangement setting 5
Bootstrap[34]: Time 1.308571 seconds, bootstrap likelihood -66602.211589, best rearrangement setting 10
Bootstrap[35]: Time 1.011555 seconds, bootstrap likelihood -64094.192530, best rearrangement setting 5
Bootstrap[36]: Time 1.323622 seconds, bootstrap likelihood -64188.680401, best rearrangement setting 8
Bootstrap[37]: Time 1.228450 seconds, bootstrap likelihood -65018.532940, best rearrangement setting 10
Bootstrap[38]: Time 1.215757 seconds, bootstrap likelihood -64167.873755, best rearrangement setting 13
Bootstrap[39]: Time 1.250402 seconds, bootstrap likelihood -64437.797044, best rearrangement setting 7
Bootstrap[40]: Time 1.438945 seconds, bootstrap likelihood -64646.087959, best rearrangement setting 12
Bootstrap[41]: Time 0.947667 seconds, bootstrap likelihood -64126.141442, best rearrangement setting 5
Bootstrap[42]: Time 1.386928 seconds, bootstrap likelihood -64820.018446, best rearrangement setting 14
Bootstrap[43]: Time 1.257016 seconds, bootstrap likelihood -65386.604025, best rearrangement setting 12
Bootstrap[44]: Time 1.362200 seconds, bootstrap likelihood -64960.900144, best rearrangement setting 14
Bootstrap[45]: Time 1.256282 seconds, bootstrap likelihood -65609.612615, best rearrangement setting 8
Bootstrap[46]: Time 1.275020 seconds, bootstrap likelihood -64799.204762, best rearrangement setting 11
Bootstrap[47]: Time 1.024920 seconds, bootstrap likelihood -63592.961387, best rearrangement setting 7
Bootstrap[48]: Time 0.973291 seconds, bootstrap likelihood -61716.518742, best rearrangement setting 5
Bootstrap[49]: Time 0.940628 seconds, bootstrap likelihood -64216.170897, best rearrangement setting 5
Bootstrap[50]: Time 1.358841 seconds, bootstrap likelihood -65093.059270, best rearrangement setting 13
Bootstrap[51]: Time 1.193545 seconds, bootstrap likelihood -65399.887477, best rearrangement setting 7
Bootstrap[52]: Time 1.279699 seconds, bootstrap likelihood -64495.780046, best rearrangement setting 8
Bootstrap[53]: Time 1.639840 seconds, bootstrap likelihood -64735.415715, best rearrangement setting 10
Bootstrap[54]: Time 1.391252 seconds, bootstrap likelihood -64987.351603, best rearrangement setting 11
Bootstrap[55]: Time 1.263479 seconds, bootstrap likelihood -64091.452225, best rearrangement setting 9
Bootstrap[56]: Time 1.293997 seconds, bootstrap likelihood -64230.080918, best rearrangement setting 12
Bootstrap[57]: Time 1.166286 seconds, bootstrap likelihood -64461.955426, best rearrangement setting 12
Bootstrap[58]: Time 1.102951 seconds, bootstrap likelihood -64793.751796, best rearrangement setting 6
Bootstrap[59]: Time 1.006551 seconds, bootstrap likelihood -64097.321050, best rearrangement setting 5
Bootstrap[60]: Time 1.185483 seconds, bootstrap likelihood -65526.109265, best rearrangement setting 10
Bootstrap[61]: Time 1.198153 seconds, bootstrap likelihood -65926.536540, best rearrangement setting 11
Bootstrap[62]: Time 1.247656 seconds, bootstrap likelihood -64218.321474, best rearrangement setting 15
Bootstrap[63]: Time 1.240552 seconds, bootstrap likelihood -64869.147134, best rearrangement setting 8
Bootstrap[64]: Time 0.991555 seconds, bootstrap likelihood -64486.063215, best rearrangement setting 6
Bootstrap[65]: Time 1.138796 seconds, bootstrap likelihood -63835.200591, best rearrangement setting 8
Bootstrap[66]: Time 1.208013 seconds, bootstrap likelihood -63634.929396, best rearrangement setting 6
Bootstrap[67]: Time 1.329656 seconds, bootstrap likelihood -65385.156683, best rearrangement setting 15
Bootstrap[68]: Time 1.178595 seconds, bootstrap likelihood -64610.106952, best rearrangement setting 9
Bootstrap[69]: Time 1.007528 seconds, bootstrap likelihood -63988.824389, best rearrangement setting 14
Bootstrap[70]: Time 1.375611 seconds, bootstrap likelihood -63608.700559, best rearrangement setting 8
Bootstrap[71]: Time 1.344582 seconds, bootstrap likelihood -65124.040903, best rearrangement setting 11
Bootstrap[72]: Time 1.284230 seconds, bootstrap likelihood -65154.958184, best rearrangement setting 13
Bootstrap[73]: Time 1.231877 seconds, bootstrap likelihood -67075.680443, best rearrangement setting 6
Bootstrap[74]: Time 1.341958 seconds, bootstrap likelihood -63663.441371, best rearrangement setting 12
Bootstrap[75]: Time 1.250608 seconds, bootstrap likelihood -65351.179367, best rearrangement setting 9
Bootstrap[76]: Time 1.256947 seconds, bootstrap likelihood -64883.144119, best rearrangement setting 9
Bootstrap[77]: Time 1.133133 seconds, bootstrap likelihood -65617.902469, best rearrangement setting 7
Bootstrap[78]: Time 1.654820 seconds, bootstrap likelihood -65555.771705, best rearrangement setting 12
Bootstrap[79]: Time 1.019533 seconds, bootstrap likelihood -64930.329431, best rearrangement setting 6
Bootstrap[80]: Time 1.234188 seconds, bootstrap likelihood -65542.763716, best rearrangement setting 6
Bootstrap[81]: Time 1.194744 seconds, bootstrap likelihood -64027.035365, best rearrangement setting 7
Bootstrap[82]: Time 1.045568 seconds, bootstrap likelihood -63962.339050, best rearrangement setting 7
Bootstrap[83]: Time 1.050943 seconds, bootstrap likelihood -65169.962338, best rearrangement setting 6
Bootstrap[84]: Time 1.246629 seconds, bootstrap likelihood -63952.132993, best rearrangement setting 7
Bootstrap[85]: Time 0.986905 seconds, bootstrap likelihood -64728.248387, best rearrangement setting 5
Bootstrap[86]: Time 1.360203 seconds, bootstrap likelihood -63486.619756, best rearrangement setting 9
Bootstrap[87]: Time 1.196460 seconds, bootstrap likelihood -64822.447797, best rearrangement setting 15
Bootstrap[88]: Time 1.239223 seconds, bootstrap likelihood -64549.162911, best rearrangement setting 12
Bootstrap[89]: Time 1.005845 seconds, bootstrap likelihood -64144.478162, best rearrangement setting 7
Bootstrap[90]: Time 1.367582 seconds, bootstrap likelihood -64198.308251, best rearrangement setting 12
Bootstrap[91]: Time 1.458501 seconds, bootstrap likelihood -64683.619949, best rearrangement setting 7
Bootstrap[92]: Time 1.370488 seconds, bootstrap likelihood -64451.539315, best rearrangement setting 12
Bootstrap[93]: Time 1.288618 seconds, bootstrap likelihood -63103.666834, best rearrangement setting 10
Bootstrap[94]: Time 1.262523 seconds, bootstrap likelihood -63287.435585, best rearrangement setting 10
Bootstrap[95]: Time 1.152001 seconds, bootstrap likelihood -64950.620519, best rearrangement setting 9
Bootstrap[96]: Time 1.209235 seconds, bootstrap likelihood -64181.755895, best rearrangement setting 10
Bootstrap[97]: Time 1.267720 seconds, bootstrap likelihood -65309.312881, best rearrangement setting 10
Bootstrap[98]: Time 1.261821 seconds, bootstrap likelihood -63616.321045, best rearrangement setting 12
Bootstrap[99]: Time 0.929565 seconds, bootstrap likelihood -65503.932217, best rearrangement setting 5


Overall Time for 100 Rapid Bootstraps 122.910591 seconds
Average Time per Rapid Bootstrap 1.229106 seconds

Starting ML Search ...

Fast ML optimization finished

Fast ML search Time: 112.798623 seconds

Slow ML Search 0 Likelihood: -64691.738597
Slow ML Search 1 Likelihood: -64694.787021
Slow ML Search 2 Likelihood: -64695.014153
Slow ML Search 3 Likelihood: -64697.866881
Slow ML Search 4 Likelihood: -64703.005033
Slow ML Search 5 Likelihood: -64703.895317
Slow ML Search 6 Likelihood: -64703.906909
Slow ML Search 7 Likelihood: -64704.418815
Slow ML Search 8 Likelihood: -64705.788239
Slow ML Search 9 Likelihood: -64709.847485
Slow ML optimization finished

Slow ML search Time: 19.245109 seconds
Thorough ML search Time: 2.204633 seconds

Final ML Optimization Likelihood: -64691.738595

Model Information:

Model Parameters of Partition 0, Name: No Name Provided, Type of Data: DNA
alpha: 0.331667
Tree-Length: 3.050561
rate A <-> C: 2.152460
rate A <-> G: 5.468716
rate A <-> T: 0.897270
rate C <-> G: 0.971124
rate C <-> T: 6.304654
rate G <-> T: 1.000000

freq pi(A): 0.369867
freq pi(C): 0.174137
freq pi(G): 0.234331
freq pi(T): 0.221665


ML search took 134.254256 secs or 0.037293 hours

Combined Bootstrap and ML search took 257.164989 secs or 0.071435 hours

Drawing Bootstrap Support Values on best-scoring ML tree ...



Found 1 tree in File /gpfs_home/mhowison/code/hiv-profile-sampling/scratch/trees/gag-pol-env/RAxML_bestTree.sample.271



Found 1 tree in File /gpfs_home/mhowison/code/hiv-profile-sampling/scratch/trees/gag-pol-env/RAxML_bestTree.sample.271

Program execution info written to /gpfs_home/mhowison/code/hiv-profile-sampling/scratch/trees/gag-pol-env/RAxML_info.sample.271
All 100 bootstrapped trees written to: /gpfs_home/mhowison/code/hiv-profile-sampling/scratch/trees/gag-pol-env/RAxML_bootstrap.sample.271

Best-scoring ML tree written to: /gpfs_home/mhowison/code/hiv-profile-sampling/scratch/trees/gag-pol-env/RAxML_bestTree.sample.271

Best-scoring ML tree with support values written to: /gpfs_home/mhowison/code/hiv-profile-sampling/scratch/trees/gag-pol-env/RAxML_bipartitions.sample.271

Best-scoring ML tree with support values as branch labels written to: /gpfs_home/mhowison/code/hiv-profile-sampling/scratch/trees/gag-pol-env/RAxML_bipartitionsBranchLabels.sample.271

Overall execution time for full ML analysis: 257.169365 secs or 0.071436 hours or 0.002976 days

