srun: job 264298 queued and waiting for resources
srun: job 264298 has been allocated resources
Warning, you specified a working directory via "-w"
Keep in mind that RAxML only accepts absolute path names, not relative ones!

RAxML can't, parse the alignment file as phylip file 
it will now try to parse it as FASTA file



Using BFGS method to optimize GTR rate parameters, to disable this specify "--no-bfgs" 


This is the RAxML Master Pthread

This is RAxML Worker Pthread Number: 3

This is RAxML Worker Pthread Number: 6

This is RAxML Worker Pthread Number: 2

This is RAxML Worker Pthread Number: 1

This is RAxML Worker Pthread Number: 7

This is RAxML Worker Pthread Number: 5

This is RAxML Worker Pthread Number: 4

This is RAxML Worker Pthread Number: 8

This is RAxML Worker Pthread Number: 10

This is RAxML Worker Pthread Number: 9

This is RAxML Worker Pthread Number: 12

This is RAxML Worker Pthread Number: 11

This is RAxML Worker Pthread Number: 14

This is RAxML Worker Pthread Number: 13

This is RAxML Worker Pthread Number: 15

This is RAxML Worker Pthread Number: 17

This is RAxML Worker Pthread Number: 16

This is RAxML Worker Pthread Number: 19

This is RAxML Worker Pthread Number: 18


This is RAxML version 8.2.12 released by Alexandros Stamatakis on May 2018.

With greatly appreciated code contributions by:
Andre Aberer      (HITS)
Simon Berger      (HITS)
Alexey Kozlov     (HITS)
Kassian Kobert    (HITS)
David Dao         (KIT and HITS)
Sarah Lutteropp   (KIT and HITS)
Nick Pattengale   (Sandia)
Wayne Pfeiffer    (SDSC)
Akifumi S. Tanabe (NRIFS)
Charlie Taylor    (UF)


Alignment has 3173 distinct alignment patterns

Proportion of gaps and completely undetermined characters in this alignment: 6.11%

RAxML rapid bootstrapping and subsequent ML search

Using 1 distinct models/data partitions with joint branch length optimization



Executing 100 rapid bootstrap inferences and thereafter a thorough ML search 

All free model parameters will be estimated by RAxML
GAMMA model of rate heterogeneity, ML estimate of alpha-parameter

GAMMA Model parameters will be estimated up to an accuracy of 0.1000000000 Log Likelihood units

Partition: 0
Alignment Patterns: 3173
Name: No Name Provided
DataType: DNA
Substitution Matrix: GTR




RAxML was called as follows:

raxmlHPC-PTHREADS-AVX -T 20 -s scratch/aligned/gag-pol-env/sample.260.fa -p 6832671728 -x 6832671728 -f a -N 100 -m GTRGAMMA -w /gpfs_home/mhowison/code/hiv-profile-sampling/scratch/trees/gag-pol-env -n sample.260 



Time for BS model parameter optimization 0.180426
Bootstrap[0]: Time 1.620841 seconds, bootstrap likelihood -64155.727266, best rearrangement setting 10
Bootstrap[1]: Time 1.365952 seconds, bootstrap likelihood -64135.621081, best rearrangement setting 14
Bootstrap[2]: Time 1.444803 seconds, bootstrap likelihood -63795.222609, best rearrangement setting 8
Bootstrap[3]: Time 1.254816 seconds, bootstrap likelihood -66364.211210, best rearrangement setting 14
Bootstrap[4]: Time 1.204467 seconds, bootstrap likelihood -64057.927287, best rearrangement setting 6
Bootstrap[5]: Time 1.125403 seconds, bootstrap likelihood -63486.818255, best rearrangement setting 7
Bootstrap[6]: Time 1.181918 seconds, bootstrap likelihood -64061.304435, best rearrangement setting 6
Bootstrap[7]: Time 1.766811 seconds, bootstrap likelihood -64732.927161, best rearrangement setting 10
Bootstrap[8]: Time 1.336844 seconds, bootstrap likelihood -65734.108220, best rearrangement setting 12
Bootstrap[9]: Time 1.421248 seconds, bootstrap likelihood -65147.632332, best rearrangement setting 12
Bootstrap[10]: Time 1.331251 seconds, bootstrap likelihood -63263.869735, best rearrangement setting 12
Bootstrap[11]: Time 1.238531 seconds, bootstrap likelihood -65562.894215, best rearrangement setting 8
Bootstrap[12]: Time 1.287489 seconds, bootstrap likelihood -64867.860612, best rearrangement setting 11
Bootstrap[13]: Time 1.196166 seconds, bootstrap likelihood -64322.457905, best rearrangement setting 9
Bootstrap[14]: Time 1.217446 seconds, bootstrap likelihood -65638.931174, best rearrangement setting 8
Bootstrap[15]: Time 1.220731 seconds, bootstrap likelihood -63679.005392, best rearrangement setting 8
Bootstrap[16]: Time 1.209642 seconds, bootstrap likelihood -64334.531352, best rearrangement setting 8
Bootstrap[17]: Time 1.407954 seconds, bootstrap likelihood -64761.692557, best rearrangement setting 15
Bootstrap[18]: Time 1.410436 seconds, bootstrap likelihood -64837.171848, best rearrangement setting 6
Bootstrap[19]: Time 1.237290 seconds, bootstrap likelihood -62277.929720, best rearrangement setting 9
Bootstrap[20]: Time 1.409848 seconds, bootstrap likelihood -65231.204770, best rearrangement setting 9
Bootstrap[21]: Time 1.252275 seconds, bootstrap likelihood -64583.793389, best rearrangement setting 11
Bootstrap[22]: Time 1.034387 seconds, bootstrap likelihood -65430.706349, best rearrangement setting 5
Bootstrap[23]: Time 1.758705 seconds, bootstrap likelihood -64488.701533, best rearrangement setting 9
Bootstrap[24]: Time 1.217709 seconds, bootstrap likelihood -64488.498513, best rearrangement setting 8
Bootstrap[25]: Time 1.122052 seconds, bootstrap likelihood -63822.135570, best rearrangement setting 7
Bootstrap[26]: Time 1.321323 seconds, bootstrap likelihood -63928.779024, best rearrangement setting 10
Bootstrap[27]: Time 1.279733 seconds, bootstrap likelihood -64395.376976, best rearrangement setting 12
Bootstrap[28]: Time 1.238926 seconds, bootstrap likelihood -63701.224639, best rearrangement setting 9
Bootstrap[29]: Time 1.334667 seconds, bootstrap likelihood -63508.188328, best rearrangement setting 12
Bootstrap[30]: Time 1.676510 seconds, bootstrap likelihood -66041.730437, best rearrangement setting 15
Bootstrap[31]: Time 1.269656 seconds, bootstrap likelihood -64169.947967, best rearrangement setting 15
Bootstrap[32]: Time 1.234680 seconds, bootstrap likelihood -63024.156662, best rearrangement setting 9
Bootstrap[33]: Time 1.247060 seconds, bootstrap likelihood -65809.733070, best rearrangement setting 13
Bootstrap[34]: Time 1.134664 seconds, bootstrap likelihood -65179.870747, best rearrangement setting 7
Bootstrap[35]: Time 1.225812 seconds, bootstrap likelihood -64373.649428, best rearrangement setting 14
Bootstrap[36]: Time 1.411319 seconds, bootstrap likelihood -64460.380763, best rearrangement setting 13
Bootstrap[37]: Time 1.319588 seconds, bootstrap likelihood -64234.512286, best rearrangement setting 10
Bootstrap[38]: Time 0.988446 seconds, bootstrap likelihood -64382.981095, best rearrangement setting 5
Bootstrap[39]: Time 1.204435 seconds, bootstrap likelihood -65238.644677, best rearrangement setting 13
Bootstrap[40]: Time 1.206626 seconds, bootstrap likelihood -63418.846678, best rearrangement setting 8
Bootstrap[41]: Time 1.354161 seconds, bootstrap likelihood -64888.176514, best rearrangement setting 9
Bootstrap[42]: Time 1.572682 seconds, bootstrap likelihood -63261.216386, best rearrangement setting 14
Bootstrap[43]: Time 1.306571 seconds, bootstrap likelihood -63807.817070, best rearrangement setting 12
Bootstrap[44]: Time 1.282719 seconds, bootstrap likelihood -65126.233949, best rearrangement setting 9
Bootstrap[45]: Time 1.368500 seconds, bootstrap likelihood -66068.590289, best rearrangement setting 15
Bootstrap[46]: Time 15.769207 seconds, bootstrap likelihood -63741.319672, best rearrangement setting 7
Bootstrap[47]: Time 1.335672 seconds, bootstrap likelihood -64898.392509, best rearrangement setting 15
Bootstrap[48]: Time 1.304801 seconds, bootstrap likelihood -64471.467514, best rearrangement setting 8
Bootstrap[49]: Time 1.121354 seconds, bootstrap likelihood -64916.796167, best rearrangement setting 6
Bootstrap[50]: Time 1.237214 seconds, bootstrap likelihood -62867.991990, best rearrangement setting 7
Bootstrap[51]: Time 0.971218 seconds, bootstrap likelihood -63531.445095, best rearrangement setting 5
Bootstrap[52]: Time 1.416228 seconds, bootstrap likelihood -64399.790551, best rearrangement setting 9
Bootstrap[53]: Time 1.173047 seconds, bootstrap likelihood -65214.048807, best rearrangement setting 10
Bootstrap[54]: Time 1.354896 seconds, bootstrap likelihood -66633.928686, best rearrangement setting 8
Bootstrap[55]: Time 1.138827 seconds, bootstrap likelihood -64327.057048, best rearrangement setting 7
Bootstrap[56]: Time 1.344170 seconds, bootstrap likelihood -62949.009611, best rearrangement setting 10
Bootstrap[57]: Time 1.382161 seconds, bootstrap likelihood -64550.353334, best rearrangement setting 8
Bootstrap[58]: Time 5.588404 seconds, bootstrap likelihood -63202.306235, best rearrangement setting 7
Bootstrap[59]: Time 1.222780 seconds, bootstrap likelihood -65870.882992, best rearrangement setting 7
Bootstrap[60]: Time 1.390300 seconds, bootstrap likelihood -63206.302374, best rearrangement setting 8
Bootstrap[61]: Time 1.370335 seconds, bootstrap likelihood -63353.618222, best rearrangement setting 10
Bootstrap[62]: Time 1.491613 seconds, bootstrap likelihood -65237.484705, best rearrangement setting 13
Bootstrap[63]: Time 1.234195 seconds, bootstrap likelihood -63253.052830, best rearrangement setting 11
Bootstrap[64]: Time 1.226504 seconds, bootstrap likelihood -64305.294466, best rearrangement setting 15
Bootstrap[65]: Time 1.414395 seconds, bootstrap likelihood -64859.889192, best rearrangement setting 9
Bootstrap[66]: Time 1.240245 seconds, bootstrap likelihood -64925.394776, best rearrangement setting 9
Bootstrap[67]: Time 1.308515 seconds, bootstrap likelihood -64933.972343, best rearrangement setting 10
Bootstrap[68]: Time 1.281137 seconds, bootstrap likelihood -63581.781709, best rearrangement setting 13
Bootstrap[69]: Time 1.339067 seconds, bootstrap likelihood -64458.734691, best rearrangement setting 12
Bootstrap[70]: Time 1.325799 seconds, bootstrap likelihood -64167.859717, best rearrangement setting 12
Bootstrap[71]: Time 1.204232 seconds, bootstrap likelihood -63232.738428, best rearrangement setting 14
Bootstrap[72]: Time 1.300370 seconds, bootstrap likelihood -64422.368229, best rearrangement setting 11
Bootstrap[73]: Time 1.659792 seconds, bootstrap likelihood -64258.503461, best rearrangement setting 10
Bootstrap[74]: Time 1.212101 seconds, bootstrap likelihood -64287.326375, best rearrangement setting 10
Bootstrap[75]: Time 1.155112 seconds, bootstrap likelihood -64025.999310, best rearrangement setting 13
Bootstrap[76]: Time 1.190757 seconds, bootstrap likelihood -64375.782452, best rearrangement setting 8
Bootstrap[77]: Time 1.199268 seconds, bootstrap likelihood -63782.897243, best rearrangement setting 7
Bootstrap[78]: Time 1.656928 seconds, bootstrap likelihood -62997.273952, best rearrangement setting 11
Bootstrap[79]: Time 1.063715 seconds, bootstrap likelihood -65292.734095, best rearrangement setting 5
Bootstrap[80]: Time 1.136480 seconds, bootstrap likelihood -63533.485414, best rearrangement setting 6
Bootstrap[81]: Time 1.146112 seconds, bootstrap likelihood -64594.689112, best rearrangement setting 6
Bootstrap[82]: Time 1.291418 seconds, bootstrap likelihood -64420.250824, best rearrangement setting 12
Bootstrap[83]: Time 0.983295 seconds, bootstrap likelihood -65243.851944, best rearrangement setting 5
Bootstrap[84]: Time 1.248658 seconds, bootstrap likelihood -65197.634041, best rearrangement setting 10
Bootstrap[85]: Time 1.730717 seconds, bootstrap likelihood -65349.392232, best rearrangement setting 10
Bootstrap[86]: Time 1.390688 seconds, bootstrap likelihood -65459.832777, best rearrangement setting 10
Bootstrap[87]: Time 1.107431 seconds, bootstrap likelihood -64737.005763, best rearrangement setting 6
Bootstrap[88]: Time 1.354781 seconds, bootstrap likelihood -63700.655757, best rearrangement setting 12
Bootstrap[89]: Time 1.322710 seconds, bootstrap likelihood -63628.093882, best rearrangement setting 14
Bootstrap[90]: Time 1.261451 seconds, bootstrap likelihood -64658.954011, best rearrangement setting 12
Bootstrap[91]: Time 1.289550 seconds, bootstrap likelihood -64015.117248, best rearrangement setting 15
Bootstrap[92]: Time 1.295783 seconds, bootstrap likelihood -64493.998857, best rearrangement setting 10
Bootstrap[93]: Time 1.079839 seconds, bootstrap likelihood -63175.368249, best rearrangement setting 6
Bootstrap[94]: Time 1.336390 seconds, bootstrap likelihood -63133.412024, best rearrangement setting 10
Bootstrap[95]: Time 1.266341 seconds, bootstrap likelihood -64318.408079, best rearrangement setting 12
Bootstrap[96]: Time 0.980761 seconds, bootstrap likelihood -64928.882392, best rearrangement setting 5
Bootstrap[97]: Time 1.691396 seconds, bootstrap likelihood -64203.411690, best rearrangement setting 11
Bootstrap[98]: Time 1.448648 seconds, bootstrap likelihood -64656.298464, best rearrangement setting 11
Bootstrap[99]: Time 1.143854 seconds, bootstrap likelihood -64070.063418, best rearrangement setting 6


Overall Time for 100 Rapid Bootstraps 148.473947 seconds
Average Time per Rapid Bootstrap 1.484739 seconds

Starting ML Search ...

Fast ML optimization finished

Fast ML search Time: 138.463198 seconds

Slow ML Search 0 Likelihood: -64431.472206
Slow ML Search 1 Likelihood: -64431.472207
Slow ML Search 2 Likelihood: -64432.931223
Slow ML Search 3 Likelihood: -64433.885704
Slow ML Search 4 Likelihood: -64433.885705
Slow ML Search 5 Likelihood: -64433.885708
Slow ML Search 6 Likelihood: -64437.873524
Slow ML Search 7 Likelihood: -64432.006761
Slow ML Search 8 Likelihood: -64432.006762
Slow ML Search 9 Likelihood: -64444.417981
Slow ML optimization finished

Slow ML search Time: 33.934675 seconds
Thorough ML search Time: 2.171720 seconds

Final ML Optimization Likelihood: -64431.472205

Model Information:

Model Parameters of Partition 0, Name: No Name Provided, Type of Data: DNA
alpha: 0.330991
Tree-Length: 3.034226
rate A <-> C: 2.194863
rate A <-> G: 5.545858
rate A <-> T: 0.910838
rate C <-> G: 0.941849
rate C <-> T: 6.407849
rate G <-> T: 1.000000

freq pi(A): 0.369848
freq pi(C): 0.174213
freq pi(G): 0.234352
freq pi(T): 0.221587


ML search took 174.575357 secs or 0.048493 hours

Combined Bootstrap and ML search took 323.049435 secs or 0.089736 hours

Drawing Bootstrap Support Values on best-scoring ML tree ...



Found 1 tree in File /gpfs_home/mhowison/code/hiv-profile-sampling/scratch/trees/gag-pol-env/RAxML_bestTree.sample.260



Found 1 tree in File /gpfs_home/mhowison/code/hiv-profile-sampling/scratch/trees/gag-pol-env/RAxML_bestTree.sample.260

Program execution info written to /gpfs_home/mhowison/code/hiv-profile-sampling/scratch/trees/gag-pol-env/RAxML_info.sample.260
All 100 bootstrapped trees written to: /gpfs_home/mhowison/code/hiv-profile-sampling/scratch/trees/gag-pol-env/RAxML_bootstrap.sample.260

Best-scoring ML tree written to: /gpfs_home/mhowison/code/hiv-profile-sampling/scratch/trees/gag-pol-env/RAxML_bestTree.sample.260

Best-scoring ML tree with support values written to: /gpfs_home/mhowison/code/hiv-profile-sampling/scratch/trees/gag-pol-env/RAxML_bipartitions.sample.260

Best-scoring ML tree with support values as branch labels written to: /gpfs_home/mhowison/code/hiv-profile-sampling/scratch/trees/gag-pol-env/RAxML_bipartitionsBranchLabels.sample.260

Overall execution time for full ML analysis: 323.053515 secs or 0.089737 hours or 0.003739 days

