srun: job 264240 queued and waiting for resources
srun: job 264240 has been allocated resources
Warning, you specified a working directory via "-w"
Keep in mind that RAxML only accepts absolute path names, not relative ones!

RAxML can't, parse the alignment file as phylip file 
it will now try to parse it as FASTA file



Using BFGS method to optimize GTR rate parameters, to disable this specify "--no-bfgs" 


This is the RAxML Master Pthread

This is RAxML Worker Pthread Number: 1

This is RAxML Worker Pthread Number: 3

This is RAxML Worker Pthread Number: 2

This is RAxML Worker Pthread Number: 4

This is RAxML Worker Pthread Number: 5

This is RAxML Worker Pthread Number: 6

This is RAxML Worker Pthread Number: 7

This is RAxML Worker Pthread Number: 8

This is RAxML Worker Pthread Number: 9

This is RAxML Worker Pthread Number: 10

This is RAxML Worker Pthread Number: 11

This is RAxML Worker Pthread Number: 13

This is RAxML Worker Pthread Number: 12

This is RAxML Worker Pthread Number: 14

This is RAxML Worker Pthread Number: 16

This is RAxML Worker Pthread Number: 15

This is RAxML Worker Pthread Number: 17

This is RAxML Worker Pthread Number: 19

This is RAxML Worker Pthread Number: 18


This is RAxML version 8.2.12 released by Alexandros Stamatakis on May 2018.

With greatly appreciated code contributions by:
Andre Aberer      (HITS)
Simon Berger      (HITS)
Alexey Kozlov     (HITS)
Kassian Kobert    (HITS)
David Dao         (KIT and HITS)
Sarah Lutteropp   (KIT and HITS)
Nick Pattengale   (Sandia)
Wayne Pfeiffer    (SDSC)
Akifumi S. Tanabe (NRIFS)
Charlie Taylor    (UF)


Alignment has 3203 distinct alignment patterns

Proportion of gaps and completely undetermined characters in this alignment: 6.12%

RAxML rapid bootstrapping and subsequent ML search

Using 1 distinct models/data partitions with joint branch length optimization



Executing 100 rapid bootstrap inferences and thereafter a thorough ML search 

All free model parameters will be estimated by RAxML
GAMMA model of rate heterogeneity, ML estimate of alpha-parameter

GAMMA Model parameters will be estimated up to an accuracy of 0.1000000000 Log Likelihood units

Partition: 0
Alignment Patterns: 3203
Name: No Name Provided
DataType: DNA
Substitution Matrix: GTR




RAxML was called as follows:

raxmlHPC-PTHREADS-AVX -T 20 -s scratch/aligned/gag-pol-env/sample.215.fa -p 2868931211 -x 2868931211 -f a -N 100 -m GTRGAMMA -w /gpfs_home/mhowison/code/hiv-profile-sampling/scratch/trees/gag-pol-env -n sample.215 



Time for BS model parameter optimization 0.186378
Bootstrap[0]: Time 1.319884 seconds, bootstrap likelihood -65004.594204, best rearrangement setting 7
Bootstrap[1]: Time 1.268590 seconds, bootstrap likelihood -63956.579843, best rearrangement setting 14
Bootstrap[2]: Time 1.166066 seconds, bootstrap likelihood -64739.553260, best rearrangement setting 15
Bootstrap[3]: Time 1.130977 seconds, bootstrap likelihood -63487.557330, best rearrangement setting 10
Bootstrap[4]: Time 1.254278 seconds, bootstrap likelihood -64635.238203, best rearrangement setting 15
Bootstrap[5]: Time 1.447236 seconds, bootstrap likelihood -63316.649123, best rearrangement setting 9
Bootstrap[6]: Time 1.392949 seconds, bootstrap likelihood -64322.607851, best rearrangement setting 15
Bootstrap[7]: Time 1.083058 seconds, bootstrap likelihood -65239.586563, best rearrangement setting 6
Bootstrap[8]: Time 0.999645 seconds, bootstrap likelihood -63794.996816, best rearrangement setting 13
Bootstrap[9]: Time 1.076527 seconds, bootstrap likelihood -64275.941229, best rearrangement setting 6
Bootstrap[10]: Time 1.165753 seconds, bootstrap likelihood -65750.824860, best rearrangement setting 13
Bootstrap[11]: Time 1.310617 seconds, bootstrap likelihood -64144.223417, best rearrangement setting 10
Bootstrap[12]: Time 1.246139 seconds, bootstrap likelihood -64328.054790, best rearrangement setting 14
Bootstrap[13]: Time 1.083883 seconds, bootstrap likelihood -64116.254046, best rearrangement setting 13
Bootstrap[14]: Time 1.176724 seconds, bootstrap likelihood -65271.609556, best rearrangement setting 15
Bootstrap[15]: Time 1.126005 seconds, bootstrap likelihood -64844.930901, best rearrangement setting 6
Bootstrap[16]: Time 1.186925 seconds, bootstrap likelihood -65593.932151, best rearrangement setting 12
Bootstrap[17]: Time 4.220612 seconds, bootstrap likelihood -64194.874454, best rearrangement setting 7
Bootstrap[18]: Time 1.092521 seconds, bootstrap likelihood -66508.218446, best rearrangement setting 6
Bootstrap[19]: Time 1.227546 seconds, bootstrap likelihood -63978.300167, best rearrangement setting 11
Bootstrap[20]: Time 1.524141 seconds, bootstrap likelihood -64291.495763, best rearrangement setting 7
Bootstrap[21]: Time 1.264707 seconds, bootstrap likelihood -63971.526182, best rearrangement setting 10
Bootstrap[22]: Time 1.150832 seconds, bootstrap likelihood -63979.442092, best rearrangement setting 13
Bootstrap[23]: Time 1.180339 seconds, bootstrap likelihood -64112.562639, best rearrangement setting 12
Bootstrap[24]: Time 1.266660 seconds, bootstrap likelihood -64112.178571, best rearrangement setting 8
Bootstrap[25]: Time 1.366139 seconds, bootstrap likelihood -64257.805246, best rearrangement setting 9
Bootstrap[26]: Time 1.338755 seconds, bootstrap likelihood -64605.080925, best rearrangement setting 13
Bootstrap[27]: Time 1.399773 seconds, bootstrap likelihood -64983.733837, best rearrangement setting 15
Bootstrap[28]: Time 1.353295 seconds, bootstrap likelihood -62270.943776, best rearrangement setting 10
Bootstrap[29]: Time 1.295891 seconds, bootstrap likelihood -64350.282097, best rearrangement setting 14
Bootstrap[30]: Time 1.205778 seconds, bootstrap likelihood -64240.067000, best rearrangement setting 15
Bootstrap[31]: Time 0.979743 seconds, bootstrap likelihood -64060.674623, best rearrangement setting 6
Bootstrap[32]: Time 1.068656 seconds, bootstrap likelihood -64582.452476, best rearrangement setting 10
Bootstrap[33]: Time 1.273847 seconds, bootstrap likelihood -65075.844100, best rearrangement setting 13
Bootstrap[34]: Time 1.188867 seconds, bootstrap likelihood -64127.479072, best rearrangement setting 9
Bootstrap[35]: Time 1.147772 seconds, bootstrap likelihood -64167.923220, best rearrangement setting 8
Bootstrap[36]: Time 1.156576 seconds, bootstrap likelihood -64980.987650, best rearrangement setting 12
Bootstrap[37]: Time 0.992422 seconds, bootstrap likelihood -65244.413665, best rearrangement setting 6
Bootstrap[38]: Time 0.974825 seconds, bootstrap likelihood -63741.759550, best rearrangement setting 6
Bootstrap[39]: Time 1.681099 seconds, bootstrap likelihood -65955.995038, best rearrangement setting 13
Bootstrap[40]: Time 0.873745 seconds, bootstrap likelihood -64715.253773, best rearrangement setting 5
Bootstrap[41]: Time 1.211891 seconds, bootstrap likelihood -65356.193095, best rearrangement setting 9
Bootstrap[42]: Time 1.248094 seconds, bootstrap likelihood -65533.387678, best rearrangement setting 11
Bootstrap[43]: Time 1.052733 seconds, bootstrap likelihood -63786.303033, best rearrangement setting 6
Bootstrap[44]: Time 1.625427 seconds, bootstrap likelihood -65138.248243, best rearrangement setting 13
Bootstrap[45]: Time 1.109053 seconds, bootstrap likelihood -64915.960576, best rearrangement setting 6
Bootstrap[46]: Time 1.149026 seconds, bootstrap likelihood -65538.426240, best rearrangement setting 12
Bootstrap[47]: Time 1.191016 seconds, bootstrap likelihood -64551.182934, best rearrangement setting 10
Bootstrap[48]: Time 1.244266 seconds, bootstrap likelihood -64426.993257, best rearrangement setting 7
Bootstrap[49]: Time 1.296726 seconds, bootstrap likelihood -65684.341253, best rearrangement setting 14
Bootstrap[50]: Time 1.218797 seconds, bootstrap likelihood -63300.123424, best rearrangement setting 8
Bootstrap[51]: Time 1.187913 seconds, bootstrap likelihood -65191.433148, best rearrangement setting 14
Bootstrap[52]: Time 1.233316 seconds, bootstrap likelihood -64964.269892, best rearrangement setting 6
Bootstrap[53]: Time 1.368269 seconds, bootstrap likelihood -64429.190493, best rearrangement setting 15
Bootstrap[54]: Time 1.172130 seconds, bootstrap likelihood -63854.531499, best rearrangement setting 13
Bootstrap[55]: Time 1.345075 seconds, bootstrap likelihood -65387.270396, best rearrangement setting 8
Bootstrap[56]: Time 1.152260 seconds, bootstrap likelihood -63680.406267, best rearrangement setting 14
Bootstrap[57]: Time 1.041174 seconds, bootstrap likelihood -65066.874111, best rearrangement setting 7
Bootstrap[58]: Time 1.183747 seconds, bootstrap likelihood -63554.134375, best rearrangement setting 8
Bootstrap[59]: Time 1.177912 seconds, bootstrap likelihood -64869.134742, best rearrangement setting 15
Bootstrap[60]: Time 1.221271 seconds, bootstrap likelihood -64472.314837, best rearrangement setting 7
Bootstrap[61]: Time 1.126515 seconds, bootstrap likelihood -63426.229774, best rearrangement setting 11
Bootstrap[62]: Time 1.268096 seconds, bootstrap likelihood -64727.726390, best rearrangement setting 12
Bootstrap[63]: Time 1.311098 seconds, bootstrap likelihood -63341.400859, best rearrangement setting 11
Bootstrap[64]: Time 1.595615 seconds, bootstrap likelihood -64300.127698, best rearrangement setting 7
Bootstrap[65]: Time 1.238634 seconds, bootstrap likelihood -65203.719454, best rearrangement setting 11
Bootstrap[66]: Time 1.154313 seconds, bootstrap likelihood -65005.763781, best rearrangement setting 7
Bootstrap[67]: Time 1.300145 seconds, bootstrap likelihood -64798.863263, best rearrangement setting 12
Bootstrap[68]: Time 1.487268 seconds, bootstrap likelihood -65388.617869, best rearrangement setting 12
Bootstrap[69]: Time 1.205158 seconds, bootstrap likelihood -63589.583133, best rearrangement setting 12
Bootstrap[70]: Time 1.148190 seconds, bootstrap likelihood -64495.763070, best rearrangement setting 8
Bootstrap[71]: Time 1.212385 seconds, bootstrap likelihood -62751.391698, best rearrangement setting 11
Bootstrap[72]: Time 1.195814 seconds, bootstrap likelihood -62677.008887, best rearrangement setting 9
Bootstrap[73]: Time 1.187847 seconds, bootstrap likelihood -63969.970494, best rearrangement setting 15
Bootstrap[74]: Time 1.277951 seconds, bootstrap likelihood -64348.061955, best rearrangement setting 14
Bootstrap[75]: Time 1.141453 seconds, bootstrap likelihood -64482.111345, best rearrangement setting 7
Bootstrap[76]: Time 1.671079 seconds, bootstrap likelihood -64161.754118, best rearrangement setting 10
Bootstrap[77]: Time 1.075092 seconds, bootstrap likelihood -64355.256194, best rearrangement setting 14
Bootstrap[78]: Time 1.180721 seconds, bootstrap likelihood -63932.984839, best rearrangement setting 12
Bootstrap[79]: Time 1.140988 seconds, bootstrap likelihood -64596.786315, best rearrangement setting 12
Bootstrap[80]: Time 1.333134 seconds, bootstrap likelihood -66130.825771, best rearrangement setting 8
Bootstrap[81]: Time 1.069083 seconds, bootstrap likelihood -65162.616032, best rearrangement setting 7
Bootstrap[82]: Time 1.007869 seconds, bootstrap likelihood -62658.873214, best rearrangement setting 12
Bootstrap[83]: Time 1.186726 seconds, bootstrap likelihood -65128.581388, best rearrangement setting 9
Bootstrap[84]: Time 1.177792 seconds, bootstrap likelihood -64868.803493, best rearrangement setting 11
Bootstrap[85]: Time 1.172277 seconds, bootstrap likelihood -64088.245088, best rearrangement setting 15
Bootstrap[86]: Time 1.170557 seconds, bootstrap likelihood -63935.442744, best rearrangement setting 10
Bootstrap[87]: Time 1.122356 seconds, bootstrap likelihood -64463.427640, best rearrangement setting 9
Bootstrap[88]: Time 7.486840 seconds, bootstrap likelihood -64719.248867, best rearrangement setting 15
Bootstrap[89]: Time 1.257401 seconds, bootstrap likelihood -65695.913211, best rearrangement setting 8
Bootstrap[90]: Time 1.173400 seconds, bootstrap likelihood -65308.835727, best rearrangement setting 8
Bootstrap[91]: Time 1.118684 seconds, bootstrap likelihood -65044.675038, best rearrangement setting 7
Bootstrap[92]: Time 1.221953 seconds, bootstrap likelihood -65487.171077, best rearrangement setting 8
Bootstrap[93]: Time 1.244301 seconds, bootstrap likelihood -64638.009690, best rearrangement setting 14
Bootstrap[94]: Time 1.191293 seconds, bootstrap likelihood -64697.589267, best rearrangement setting 15
Bootstrap[95]: Time 1.198416 seconds, bootstrap likelihood -63680.475274, best rearrangement setting 13
Bootstrap[96]: Time 1.406744 seconds, bootstrap likelihood -64316.010219, best rearrangement setting 14
Bootstrap[97]: Time 1.195390 seconds, bootstrap likelihood -64522.212284, best rearrangement setting 15
Bootstrap[98]: Time 1.082776 seconds, bootstrap likelihood -63496.933694, best rearrangement setting 13
Bootstrap[99]: Time 1.199878 seconds, bootstrap likelihood -63926.899061, best rearrangement setting 14


Overall Time for 100 Rapid Bootstraps 131.089430 seconds
Average Time per Rapid Bootstrap 1.310894 seconds

Starting ML Search ...

Fast ML optimization finished

Fast ML search Time: 126.927899 seconds

Slow ML Search 0 Likelihood: -64682.704413
Slow ML Search 1 Likelihood: -64685.218624
Slow ML Search 2 Likelihood: -64687.061539
Slow ML Search 3 Likelihood: -64689.699479
Slow ML Search 4 Likelihood: -64689.858641
Slow ML Search 5 Likelihood: -64690.516047
Slow ML Search 6 Likelihood: -64691.551222
Slow ML Search 7 Likelihood: -64692.921067
Slow ML Search 8 Likelihood: -64693.500346
Slow ML Search 9 Likelihood: -64694.009904
Slow ML optimization finished

Slow ML search Time: 18.226393 seconds
Thorough ML search Time: 2.544479 seconds

Final ML Optimization Likelihood: -64682.704411

Model Information:

Model Parameters of Partition 0, Name: No Name Provided, Type of Data: DNA
alpha: 0.329666
Tree-Length: 3.081847
rate A <-> C: 2.224945
rate A <-> G: 5.478074
rate A <-> T: 0.907397
rate C <-> G: 0.898046
rate C <-> T: 6.251042
rate G <-> T: 1.000000

freq pi(A): 0.370196
freq pi(C): 0.174321
freq pi(G): 0.234164
freq pi(T): 0.221318


ML search took 147.718601 secs or 0.041033 hours

Combined Bootstrap and ML search took 278.808160 secs or 0.077447 hours

Drawing Bootstrap Support Values on best-scoring ML tree ...



Found 1 tree in File /gpfs_home/mhowison/code/hiv-profile-sampling/scratch/trees/gag-pol-env/RAxML_bestTree.sample.215



Found 1 tree in File /gpfs_home/mhowison/code/hiv-profile-sampling/scratch/trees/gag-pol-env/RAxML_bestTree.sample.215

Program execution info written to /gpfs_home/mhowison/code/hiv-profile-sampling/scratch/trees/gag-pol-env/RAxML_info.sample.215
All 100 bootstrapped trees written to: /gpfs_home/mhowison/code/hiv-profile-sampling/scratch/trees/gag-pol-env/RAxML_bootstrap.sample.215

Best-scoring ML tree written to: /gpfs_home/mhowison/code/hiv-profile-sampling/scratch/trees/gag-pol-env/RAxML_bestTree.sample.215

Best-scoring ML tree with support values written to: /gpfs_home/mhowison/code/hiv-profile-sampling/scratch/trees/gag-pol-env/RAxML_bipartitions.sample.215

Best-scoring ML tree with support values as branch labels written to: /gpfs_home/mhowison/code/hiv-profile-sampling/scratch/trees/gag-pol-env/RAxML_bipartitionsBranchLabels.sample.215

Overall execution time for full ML analysis: 278.812560 secs or 0.077448 hours or 0.003227 days

