srun: job 264005 queued and waiting for resources
srun: job 264005 has been allocated resources
Warning, you specified a working directory via "-w"
Keep in mind that RAxML only accepts absolute path names, not relative ones!

RAxML can't, parse the alignment file as phylip file 
it will now try to parse it as FASTA file



Using BFGS method to optimize GTR rate parameters, to disable this specify "--no-bfgs" 


This is the RAxML Master Pthread

This is RAxML Worker Pthread Number: 2

This is RAxML Worker Pthread Number: 1

This is RAxML Worker Pthread Number: 3

This is RAxML Worker Pthread Number: 4

This is RAxML Worker Pthread Number: 5

This is RAxML Worker Pthread Number: 7

This is RAxML Worker Pthread Number: 6

This is RAxML Worker Pthread Number: 8

This is RAxML Worker Pthread Number: 10

This is RAxML Worker Pthread Number: 12

This is RAxML Worker Pthread Number: 11

This is RAxML Worker Pthread Number: 15

This is RAxML Worker Pthread Number: 9

This is RAxML Worker Pthread Number: 13

This is RAxML Worker Pthread Number: 14

This is RAxML Worker Pthread Number: 16

This is RAxML Worker Pthread Number: 19

This is RAxML Worker Pthread Number: 18

This is RAxML Worker Pthread Number: 17


This is RAxML version 8.2.12 released by Alexandros Stamatakis on May 2018.

With greatly appreciated code contributions by:
Andre Aberer      (HITS)
Simon Berger      (HITS)
Alexey Kozlov     (HITS)
Kassian Kobert    (HITS)
David Dao         (KIT and HITS)
Sarah Lutteropp   (KIT and HITS)
Nick Pattengale   (Sandia)
Wayne Pfeiffer    (SDSC)
Akifumi S. Tanabe (NRIFS)
Charlie Taylor    (UF)


Alignment has 3208 distinct alignment patterns

Proportion of gaps and completely undetermined characters in this alignment: 6.11%

RAxML rapid bootstrapping and subsequent ML search

Using 1 distinct models/data partitions with joint branch length optimization



Executing 100 rapid bootstrap inferences and thereafter a thorough ML search 

All free model parameters will be estimated by RAxML
GAMMA model of rate heterogeneity, ML estimate of alpha-parameter

GAMMA Model parameters will be estimated up to an accuracy of 0.1000000000 Log Likelihood units

Partition: 0
Alignment Patterns: 3208
Name: No Name Provided
DataType: DNA
Substitution Matrix: GTR




RAxML was called as follows:

raxmlHPC-PTHREADS-AVX -T 20 -s scratch/aligned/gag-pol-env/sample.141.fa -p 3914722966 -x 3914722966 -f a -N 100 -m GTRGAMMA -w /gpfs_home/mhowison/code/hiv-profile-sampling/scratch/trees/gag-pol-env -n sample.141 



Time for BS model parameter optimization 0.162331
Bootstrap[0]: Time 12.720624 seconds, bootstrap likelihood -62360.895223, best rearrangement setting 9
Bootstrap[1]: Time 5.016904 seconds, bootstrap likelihood -63986.734489, best rearrangement setting 11
Bootstrap[2]: Time 1.256787 seconds, bootstrap likelihood -64720.500164, best rearrangement setting 13
Bootstrap[3]: Time 1.246529 seconds, bootstrap likelihood -64283.619745, best rearrangement setting 13
Bootstrap[4]: Time 1.253142 seconds, bootstrap likelihood -64653.478333, best rearrangement setting 8
Bootstrap[5]: Time 111.537431 seconds, bootstrap likelihood -65075.894933, best rearrangement setting 8
Bootstrap[6]: Time 11.104722 seconds, bootstrap likelihood -63418.207071, best rearrangement setting 10
Bootstrap[7]: Time 1.179182 seconds, bootstrap likelihood -65147.463253, best rearrangement setting 14
Bootstrap[8]: Time 8.058913 seconds, bootstrap likelihood -64622.055953, best rearrangement setting 15
Bootstrap[9]: Time 12.849009 seconds, bootstrap likelihood -63816.459219, best rearrangement setting 5
Bootstrap[10]: Time 1.239561 seconds, bootstrap likelihood -64705.039133, best rearrangement setting 14
Bootstrap[11]: Time 1.215589 seconds, bootstrap likelihood -64757.069048, best rearrangement setting 8
Bootstrap[12]: Time 4.935750 seconds, bootstrap likelihood -64386.829616, best rearrangement setting 6
Bootstrap[13]: Time 1.172534 seconds, bootstrap likelihood -64265.372434, best rearrangement setting 13
Bootstrap[14]: Time 1.347324 seconds, bootstrap likelihood -64481.014790, best rearrangement setting 13
Bootstrap[15]: Time 1.714801 seconds, bootstrap likelihood -63455.526829, best rearrangement setting 13
Bootstrap[16]: Time 1.074864 seconds, bootstrap likelihood -65109.064454, best rearrangement setting 6
Bootstrap[17]: Time 4.804305 seconds, bootstrap likelihood -63745.150437, best rearrangement setting 12
Bootstrap[18]: Time 0.969985 seconds, bootstrap likelihood -64236.116713, best rearrangement setting 5
Bootstrap[19]: Time 1.167072 seconds, bootstrap likelihood -65264.434622, best rearrangement setting 7
Bootstrap[20]: Time 1.365105 seconds, bootstrap likelihood -64600.232215, best rearrangement setting 11
Bootstrap[21]: Time 1.573624 seconds, bootstrap likelihood -66294.576210, best rearrangement setting 14
Bootstrap[22]: Time 0.935263 seconds, bootstrap likelihood -63969.961153, best rearrangement setting 5
Bootstrap[23]: Time 1.096649 seconds, bootstrap likelihood -64777.671738, best rearrangement setting 13
Bootstrap[24]: Time 12.570255 seconds, bootstrap likelihood -63938.793499, best rearrangement setting 6
Bootstrap[25]: Time 1.209561 seconds, bootstrap likelihood -64050.847062, best rearrangement setting 8
Bootstrap[26]: Time 1.033620 seconds, bootstrap likelihood -63133.042291, best rearrangement setting 6
Bootstrap[27]: Time 1.189212 seconds, bootstrap likelihood -64681.125507, best rearrangement setting 5
Bootstrap[28]: Time 1.769098 seconds, bootstrap likelihood -65242.140081, best rearrangement setting 11
Bootstrap[29]: Time 1.264251 seconds, bootstrap likelihood -63758.770753, best rearrangement setting 11
Bootstrap[30]: Time 3.455675 seconds, bootstrap likelihood -63799.484333, best rearrangement setting 10
Bootstrap[31]: Time 19.994578 seconds, bootstrap likelihood -65331.603562, best rearrangement setting 6
Bootstrap[32]: Time 4.915990 seconds, bootstrap likelihood -63034.110790, best rearrangement setting 6
Bootstrap[33]: Time 0.944277 seconds, bootstrap likelihood -63258.264276, best rearrangement setting 6
Bootstrap[34]: Time 6.468740 seconds, bootstrap likelihood -64575.429937, best rearrangement setting 10
Bootstrap[35]: Time 0.981154 seconds, bootstrap likelihood -63339.733005, best rearrangement setting 5
Bootstrap[36]: Time 1.336371 seconds, bootstrap likelihood -64761.097667, best rearrangement setting 13
Bootstrap[37]: Time 1.164677 seconds, bootstrap likelihood -64916.942129, best rearrangement setting 7
Bootstrap[38]: Time 1.347837 seconds, bootstrap likelihood -64321.980959, best rearrangement setting 10
Bootstrap[39]: Time 1.261209 seconds, bootstrap likelihood -63135.222549, best rearrangement setting 5
Bootstrap[40]: Time 1.344636 seconds, bootstrap likelihood -64998.944705, best rearrangement setting 12
Bootstrap[41]: Time 0.840488 seconds, bootstrap likelihood -64435.576374, best rearrangement setting 5
Bootstrap[42]: Time 1.171939 seconds, bootstrap likelihood -64520.272973, best rearrangement setting 12
Bootstrap[43]: Time 1.273136 seconds, bootstrap likelihood -63552.884055, best rearrangement setting 8
Bootstrap[44]: Time 1.806728 seconds, bootstrap likelihood -63982.727852, best rearrangement setting 10
Bootstrap[45]: Time 1.318200 seconds, bootstrap likelihood -63235.056176, best rearrangement setting 10
Bootstrap[46]: Time 1.264346 seconds, bootstrap likelihood -64728.497302, best rearrangement setting 10
Bootstrap[47]: Time 1.217336 seconds, bootstrap likelihood -64029.408686, best rearrangement setting 10
Bootstrap[48]: Time 1.086014 seconds, bootstrap likelihood -64295.459921, best rearrangement setting 8
Bootstrap[49]: Time 6.488172 seconds, bootstrap likelihood -64117.766104, best rearrangement setting 6
Bootstrap[50]: Time 1.346495 seconds, bootstrap likelihood -65223.465099, best rearrangement setting 9
Bootstrap[51]: Time 1.002553 seconds, bootstrap likelihood -64226.250712, best rearrangement setting 6
Bootstrap[52]: Time 1.228510 seconds, bootstrap likelihood -64470.577268, best rearrangement setting 8
Bootstrap[53]: Time 1.205599 seconds, bootstrap likelihood -65614.217923, best rearrangement setting 8
Bootstrap[54]: Time 1.263497 seconds, bootstrap likelihood -64018.324707, best rearrangement setting 9
Bootstrap[55]: Time 1.109473 seconds, bootstrap likelihood -64431.416059, best rearrangement setting 9
Bootstrap[56]: Time 1.053707 seconds, bootstrap likelihood -63940.307330, best rearrangement setting 15
Bootstrap[57]: Time 1.133820 seconds, bootstrap likelihood -65612.291549, best rearrangement setting 13
Bootstrap[58]: Time 1.191395 seconds, bootstrap likelihood -64170.686560, best rearrangement setting 10
Bootstrap[59]: Time 1.260489 seconds, bootstrap likelihood -64268.051790, best rearrangement setting 12
Bootstrap[60]: Time 1.197223 seconds, bootstrap likelihood -63652.330659, best rearrangement setting 6
Bootstrap[61]: Time 0.964514 seconds, bootstrap likelihood -64997.275387, best rearrangement setting 6
Bootstrap[62]: Time 1.190652 seconds, bootstrap likelihood -64663.245444, best rearrangement setting 9
Bootstrap[63]: Time 2.891148 seconds, bootstrap likelihood -64022.012563, best rearrangement setting 8
Bootstrap[64]: Time 1.210108 seconds, bootstrap likelihood -65937.268917, best rearrangement setting 10
Bootstrap[65]: Time 1.148577 seconds, bootstrap likelihood -63062.144795, best rearrangement setting 14
Bootstrap[66]: Time 1.184031 seconds, bootstrap likelihood -65114.498096, best rearrangement setting 13
Bootstrap[67]: Time 1.254487 seconds, bootstrap likelihood -65085.490732, best rearrangement setting 13
Bootstrap[68]: Time 109.254620 seconds, bootstrap likelihood -63668.179927, best rearrangement setting 12
Bootstrap[69]: Time 6.581167 seconds, bootstrap likelihood -63481.207656, best rearrangement setting 15
Bootstrap[70]: Time 8.662431 seconds, bootstrap likelihood -64822.007229, best rearrangement setting 7
Bootstrap[71]: Time 1.201609 seconds, bootstrap likelihood -63508.673570, best rearrangement setting 11
Bootstrap[72]: Time 58.765537 seconds, bootstrap likelihood -63998.523057, best rearrangement setting 8
Bootstrap[73]: Time 12.699193 seconds, bootstrap likelihood -63656.668133, best rearrangement setting 8
Bootstrap[74]: Time 1.044184 seconds, bootstrap likelihood -63939.630184, best rearrangement setting 10
Bootstrap[75]: Time 2.146144 seconds, bootstrap likelihood -65305.927376, best rearrangement setting 12
Bootstrap[76]: Time 4.808904 seconds, bootstrap likelihood -64156.732488, best rearrangement setting 5
Bootstrap[77]: Time 1.129125 seconds, bootstrap likelihood -64941.995121, best rearrangement setting 15
Bootstrap[78]: Time 0.863438 seconds, bootstrap likelihood -64235.863711, best rearrangement setting 5
Bootstrap[79]: Time 1.150444 seconds, bootstrap likelihood -64182.564499, best rearrangement setting 14
Bootstrap[80]: Time 1.099860 seconds, bootstrap likelihood -65245.772579, best rearrangement setting 10
Bootstrap[81]: Time 1.090703 seconds, bootstrap likelihood -65060.673870, best rearrangement setting 7
Bootstrap[82]: Time 10.712305 seconds, bootstrap likelihood -63627.419736, best rearrangement setting 15
Bootstrap[83]: Time 8.960838 seconds, bootstrap likelihood -63761.241396, best rearrangement setting 10
Bootstrap[84]: Time 1.129941 seconds, bootstrap likelihood -65897.406018, best rearrangement setting 13
Bootstrap[85]: Time 1.133327 seconds, bootstrap likelihood -64754.497597, best rearrangement setting 8
Bootstrap[86]: Time 7.900081 seconds, bootstrap likelihood -63951.309790, best rearrangement setting 8
Bootstrap[87]: Time 1.551663 seconds, bootstrap likelihood -63910.323514, best rearrangement setting 11
Bootstrap[88]: Time 4.221374 seconds, bootstrap likelihood -66019.729561, best rearrangement setting 11
Bootstrap[89]: Time 1.171550 seconds, bootstrap likelihood -66004.183647, best rearrangement setting 7
Bootstrap[90]: Time 1.285372 seconds, bootstrap likelihood -64508.491477, best rearrangement setting 11
Bootstrap[91]: Time 1.253453 seconds, bootstrap likelihood -65339.012886, best rearrangement setting 15
Bootstrap[92]: Time 1.236090 seconds, bootstrap likelihood -64742.243645, best rearrangement setting 11
Bootstrap[93]: Time 1.179575 seconds, bootstrap likelihood -64341.903029, best rearrangement setting 9
Bootstrap[94]: Time 7.386990 seconds, bootstrap likelihood -64929.391948, best rearrangement setting 10
Bootstrap[95]: Time 1.048883 seconds, bootstrap likelihood -63178.054690, best rearrangement setting 8
Bootstrap[96]: Time 0.860354 seconds, bootstrap likelihood -64486.995995, best rearrangement setting 5
Bootstrap[97]: Time 0.988648 seconds, bootstrap likelihood -64536.086779, best rearrangement setting 12
Bootstrap[98]: Time 1.065997 seconds, bootstrap likelihood -65785.642973, best rearrangement setting 8
Bootstrap[99]: Time 0.907448 seconds, bootstrap likelihood -64263.078944, best rearrangement setting 5


Overall Time for 100 Rapid Bootstraps 557.038458 seconds
Average Time per Rapid Bootstrap 5.570385 seconds

Starting ML Search ...

Fast ML optimization finished

Fast ML search Time: 367.416480 seconds

Slow ML Search 0 Likelihood: -64483.523249
Slow ML Search 1 Likelihood: -64483.988220
Slow ML Search 2 Likelihood: -64483.988220
Slow ML Search 3 Likelihood: -64483.988220
Slow ML Search 4 Likelihood: -64484.312236
Slow ML Search 5 Likelihood: -64486.773037
Slow ML Search 6 Likelihood: -64489.640752
Slow ML Search 7 Likelihood: -64490.653468
Slow ML Search 8 Likelihood: -64496.077632
Slow ML Search 9 Likelihood: -64496.401450
Slow ML optimization finished

Slow ML search Time: 362.849586 seconds
Thorough ML search Time: 60.161825 seconds

Final ML Optimization Likelihood: -64483.523248

Model Information:

Model Parameters of Partition 0, Name: No Name Provided, Type of Data: DNA
alpha: 0.330094
Tree-Length: 3.018314
rate A <-> C: 2.171785
rate A <-> G: 5.311090
rate A <-> T: 0.874021
rate C <-> G: 0.915670
rate C <-> T: 6.185482
rate G <-> T: 1.000000

freq pi(A): 0.369888
freq pi(C): 0.174048
freq pi(G): 0.234300
freq pi(T): 0.221764


ML search took 790.433799 secs or 0.219565 hours

Combined Bootstrap and ML search took 1347.472401 secs or 0.374298 hours

Drawing Bootstrap Support Values on best-scoring ML tree ...



Found 1 tree in File /gpfs_home/mhowison/code/hiv-profile-sampling/scratch/trees/gag-pol-env/RAxML_bestTree.sample.141



Found 1 tree in File /gpfs_home/mhowison/code/hiv-profile-sampling/scratch/trees/gag-pol-env/RAxML_bestTree.sample.141

Program execution info written to /gpfs_home/mhowison/code/hiv-profile-sampling/scratch/trees/gag-pol-env/RAxML_info.sample.141
All 100 bootstrapped trees written to: /gpfs_home/mhowison/code/hiv-profile-sampling/scratch/trees/gag-pol-env/RAxML_bootstrap.sample.141

Best-scoring ML tree written to: /gpfs_home/mhowison/code/hiv-profile-sampling/scratch/trees/gag-pol-env/RAxML_bestTree.sample.141

Best-scoring ML tree with support values written to: /gpfs_home/mhowison/code/hiv-profile-sampling/scratch/trees/gag-pol-env/RAxML_bipartitions.sample.141

Best-scoring ML tree with support values as branch labels written to: /gpfs_home/mhowison/code/hiv-profile-sampling/scratch/trees/gag-pol-env/RAxML_bipartitionsBranchLabels.sample.141

Overall execution time for full ML analysis: 1347.477392 secs or 0.374299 hours or 0.015596 days

