srun: job 264422 queued and waiting for resources
srun: job 264422 has been allocated resources
Warning, you specified a working directory via "-w"
Keep in mind that RAxML only accepts absolute path names, not relative ones!

RAxML can't, parse the alignment file as phylip file 
it will now try to parse it as FASTA file



Using BFGS method to optimize GTR rate parameters, to disable this specify "--no-bfgs" 


This is the RAxML Master Pthread

This is RAxML Worker Pthread Number: 2

This is RAxML Worker Pthread Number: 6

This is RAxML Worker Pthread Number: 3

This is RAxML Worker Pthread Number: 5

This is RAxML Worker Pthread Number: 1

This is RAxML Worker Pthread Number: 4

This is RAxML Worker Pthread Number: 7

This is RAxML Worker Pthread Number: 8

This is RAxML Worker Pthread Number: 9

This is RAxML Worker Pthread Number: 12

This is RAxML Worker Pthread Number: 11

This is RAxML Worker Pthread Number: 10

This is RAxML Worker Pthread Number: 13

This is RAxML Worker Pthread Number: 14

This is RAxML Worker Pthread Number: 15

This is RAxML Worker Pthread Number: 16

This is RAxML Worker Pthread Number: 17

This is RAxML Worker Pthread Number: 18

This is RAxML Worker Pthread Number: 19


This is RAxML version 8.2.12 released by Alexandros Stamatakis on May 2018.

With greatly appreciated code contributions by:
Andre Aberer      (HITS)
Simon Berger      (HITS)
Alexey Kozlov     (HITS)
Kassian Kobert    (HITS)
David Dao         (KIT and HITS)
Sarah Lutteropp   (KIT and HITS)
Nick Pattengale   (Sandia)
Wayne Pfeiffer    (SDSC)
Akifumi S. Tanabe (NRIFS)
Charlie Taylor    (UF)


Alignment has 3178 distinct alignment patterns

Proportion of gaps and completely undetermined characters in this alignment: 6.10%

RAxML rapid bootstrapping and subsequent ML search

Using 1 distinct models/data partitions with joint branch length optimization



Executing 100 rapid bootstrap inferences and thereafter a thorough ML search 

All free model parameters will be estimated by RAxML
GAMMA model of rate heterogeneity, ML estimate of alpha-parameter

GAMMA Model parameters will be estimated up to an accuracy of 0.1000000000 Log Likelihood units

Partition: 0
Alignment Patterns: 3178
Name: No Name Provided
DataType: DNA
Substitution Matrix: GTR




RAxML was called as follows:

raxmlHPC-PTHREADS-AVX -T 20 -s scratch/aligned/gag-pol-env/sample.355.fa -p 9361190799 -x 9361190799 -f a -N 100 -m GTRGAMMA -w /gpfs_home/mhowison/code/hiv-profile-sampling/scratch/trees/gag-pol-env -n sample.355 



Time for BS model parameter optimization 0.190610
Bootstrap[0]: Time 2.286828 seconds, bootstrap likelihood -63206.960146, best rearrangement setting 7
Bootstrap[1]: Time 1.086732 seconds, bootstrap likelihood -63764.307667, best rearrangement setting 14
Bootstrap[2]: Time 5.494357 seconds, bootstrap likelihood -64160.598330, best rearrangement setting 5
Bootstrap[3]: Time 5.262335 seconds, bootstrap likelihood -63613.533501, best rearrangement setting 15
Bootstrap[4]: Time 4.945760 seconds, bootstrap likelihood -63857.644337, best rearrangement setting 5
Bootstrap[5]: Time 1.280403 seconds, bootstrap likelihood -63984.293847, best rearrangement setting 8
Bootstrap[6]: Time 1.162750 seconds, bootstrap likelihood -63907.551462, best rearrangement setting 11
Bootstrap[7]: Time 1.099777 seconds, bootstrap likelihood -64119.941157, best rearrangement setting 8
Bootstrap[8]: Time 1.125476 seconds, bootstrap likelihood -64440.581157, best rearrangement setting 7
Bootstrap[9]: Time 1.527675 seconds, bootstrap likelihood -64291.699762, best rearrangement setting 7
Bootstrap[10]: Time 1.148917 seconds, bootstrap likelihood -64807.859111, best rearrangement setting 11
Bootstrap[11]: Time 1.236979 seconds, bootstrap likelihood -64275.634426, best rearrangement setting 11
Bootstrap[12]: Time 0.844267 seconds, bootstrap likelihood -63522.280759, best rearrangement setting 5
Bootstrap[13]: Time 1.257781 seconds, bootstrap likelihood -65529.056120, best rearrangement setting 9
Bootstrap[14]: Time 1.174320 seconds, bootstrap likelihood -64736.874883, best rearrangement setting 13
Bootstrap[15]: Time 1.158625 seconds, bootstrap likelihood -65671.987337, best rearrangement setting 13
Bootstrap[16]: Time 6.037704 seconds, bootstrap likelihood -64315.989492, best rearrangement setting 14
Bootstrap[17]: Time 1.993073 seconds, bootstrap likelihood -64272.826448, best rearrangement setting 11
Bootstrap[18]: Time 1.190894 seconds, bootstrap likelihood -65036.292466, best rearrangement setting 9
Bootstrap[19]: Time 1.366256 seconds, bootstrap likelihood -65194.790946, best rearrangement setting 11
Bootstrap[20]: Time 1.194122 seconds, bootstrap likelihood -64740.960861, best rearrangement setting 8
Bootstrap[21]: Time 1.194878 seconds, bootstrap likelihood -63489.415411, best rearrangement setting 6
Bootstrap[22]: Time 2.310956 seconds, bootstrap likelihood -65491.721433, best rearrangement setting 14
Bootstrap[23]: Time 1.213326 seconds, bootstrap likelihood -65258.265592, best rearrangement setting 15
Bootstrap[24]: Time 0.947101 seconds, bootstrap likelihood -64349.621699, best rearrangement setting 6
Bootstrap[25]: Time 0.931696 seconds, bootstrap likelihood -63133.650934, best rearrangement setting 5
Bootstrap[26]: Time 1.191319 seconds, bootstrap likelihood -64742.401358, best rearrangement setting 7
Bootstrap[27]: Time 1.217500 seconds, bootstrap likelihood -63810.920332, best rearrangement setting 14
Bootstrap[28]: Time 5.530469 seconds, bootstrap likelihood -63485.854465, best rearrangement setting 8
Bootstrap[29]: Time 1.150828 seconds, bootstrap likelihood -63637.917220, best rearrangement setting 15
Bootstrap[30]: Time 1.053945 seconds, bootstrap likelihood -65597.708588, best rearrangement setting 6
Bootstrap[31]: Time 1.323959 seconds, bootstrap likelihood -63665.843217, best rearrangement setting 11
Bootstrap[32]: Time 1.185000 seconds, bootstrap likelihood -63384.019546, best rearrangement setting 9
Bootstrap[33]: Time 0.866739 seconds, bootstrap likelihood -64321.664613, best rearrangement setting 5
Bootstrap[34]: Time 1.189728 seconds, bootstrap likelihood -64390.135144, best rearrangement setting 15
Bootstrap[35]: Time 1.142652 seconds, bootstrap likelihood -65113.560018, best rearrangement setting 11
Bootstrap[36]: Time 0.983403 seconds, bootstrap likelihood -62926.320124, best rearrangement setting 6
Bootstrap[37]: Time 1.556823 seconds, bootstrap likelihood -63873.690182, best rearrangement setting 8
Bootstrap[38]: Time 5.234268 seconds, bootstrap likelihood -64293.663649, best rearrangement setting 5
Bootstrap[39]: Time 0.926122 seconds, bootstrap likelihood -64868.402230, best rearrangement setting 5
Bootstrap[40]: Time 1.182483 seconds, bootstrap likelihood -63866.940686, best rearrangement setting 14
Bootstrap[41]: Time 1.076887 seconds, bootstrap likelihood -64201.693768, best rearrangement setting 11
Bootstrap[42]: Time 0.988609 seconds, bootstrap likelihood -63686.489204, best rearrangement setting 7
Bootstrap[43]: Time 1.212665 seconds, bootstrap likelihood -63452.838728, best rearrangement setting 10
Bootstrap[44]: Time 1.191527 seconds, bootstrap likelihood -63318.841194, best rearrangement setting 14
Bootstrap[45]: Time 1.082332 seconds, bootstrap likelihood -63458.184777, best rearrangement setting 14
Bootstrap[46]: Time 1.189930 seconds, bootstrap likelihood -63757.977935, best rearrangement setting 13
Bootstrap[47]: Time 0.947345 seconds, bootstrap likelihood -64135.247498, best rearrangement setting 5
Bootstrap[48]: Time 4.969941 seconds, bootstrap likelihood -63625.610390, best rearrangement setting 13
Bootstrap[49]: Time 1.294069 seconds, bootstrap likelihood -65658.303568, best rearrangement setting 10
Bootstrap[50]: Time 1.239099 seconds, bootstrap likelihood -64621.550844, best rearrangement setting 11
Bootstrap[51]: Time 1.235785 seconds, bootstrap likelihood -62893.069301, best rearrangement setting 14
Bootstrap[52]: Time 1.292671 seconds, bootstrap likelihood -65830.197994, best rearrangement setting 14
Bootstrap[53]: Time 1.182548 seconds, bootstrap likelihood -64131.884982, best rearrangement setting 10
Bootstrap[54]: Time 1.261240 seconds, bootstrap likelihood -63244.686051, best rearrangement setting 8
Bootstrap[55]: Time 1.239395 seconds, bootstrap likelihood -64435.877391, best rearrangement setting 12
Bootstrap[56]: Time 0.964549 seconds, bootstrap likelihood -64590.953895, best rearrangement setting 7
Bootstrap[57]: Time 1.420643 seconds, bootstrap likelihood -65743.657307, best rearrangement setting 5
Bootstrap[58]: Time 1.044638 seconds, bootstrap likelihood -63252.706302, best rearrangement setting 10
Bootstrap[59]: Time 13.050402 seconds, bootstrap likelihood -64490.549673, best rearrangement setting 8
Bootstrap[60]: Time 1.441406 seconds, bootstrap likelihood -63646.782595, best rearrangement setting 13
Bootstrap[61]: Time 1.318375 seconds, bootstrap likelihood -65423.071848, best rearrangement setting 12
Bootstrap[62]: Time 1.124736 seconds, bootstrap likelihood -63051.260493, best rearrangement setting 10
Bootstrap[63]: Time 0.915945 seconds, bootstrap likelihood -65236.546944, best rearrangement setting 5
Bootstrap[64]: Time 6.195747 seconds, bootstrap likelihood -63291.847142, best rearrangement setting 11
Bootstrap[65]: Time 3.875983 seconds, bootstrap likelihood -64755.301410, best rearrangement setting 11
Bootstrap[66]: Time 29.418586 seconds, bootstrap likelihood -62435.843597, best rearrangement setting 5
Bootstrap[67]: Time 1.778378 seconds, bootstrap likelihood -64128.214773, best rearrangement setting 5
Bootstrap[68]: Time 1.320170 seconds, bootstrap likelihood -63254.067967, best rearrangement setting 13
Bootstrap[69]: Time 1.220266 seconds, bootstrap likelihood -63827.770718, best rearrangement setting 10
Bootstrap[70]: Time 1.028295 seconds, bootstrap likelihood -64253.345964, best rearrangement setting 6
Bootstrap[71]: Time 1.243764 seconds, bootstrap likelihood -63777.269553, best rearrangement setting 7
Bootstrap[72]: Time 1.308342 seconds, bootstrap likelihood -64545.312942, best rearrangement setting 7
Bootstrap[73]: Time 1.272994 seconds, bootstrap likelihood -63567.695651, best rearrangement setting 13
Bootstrap[74]: Time 3.208117 seconds, bootstrap likelihood -65030.508793, best rearrangement setting 9
Bootstrap[75]: Time 1.368401 seconds, bootstrap likelihood -64574.537753, best rearrangement setting 13
Bootstrap[76]: Time 4.507315 seconds, bootstrap likelihood -65296.253918, best rearrangement setting 8
Bootstrap[77]: Time 2.492634 seconds, bootstrap likelihood -65586.615819, best rearrangement setting 6
Bootstrap[78]: Time 1.298396 seconds, bootstrap likelihood -64824.724997, best rearrangement setting 14
Bootstrap[79]: Time 1.343284 seconds, bootstrap likelihood -63236.825361, best rearrangement setting 9
Bootstrap[80]: Time 1.432559 seconds, bootstrap likelihood -63762.963832, best rearrangement setting 9
Bootstrap[81]: Time 1.466804 seconds, bootstrap likelihood -63758.630164, best rearrangement setting 13
Bootstrap[82]: Time 1.256981 seconds, bootstrap likelihood -63379.662381, best rearrangement setting 15
Bootstrap[83]: Time 1.107141 seconds, bootstrap likelihood -64025.319090, best rearrangement setting 9
Bootstrap[84]: Time 1.183107 seconds, bootstrap likelihood -64595.036954, best rearrangement setting 9
Bootstrap[85]: Time 3.289920 seconds, bootstrap likelihood -62613.406777, best rearrangement setting 7
Bootstrap[86]: Time 1.305528 seconds, bootstrap likelihood -63244.598501, best rearrangement setting 13
Bootstrap[87]: Time 0.966281 seconds, bootstrap likelihood -64695.109315, best rearrangement setting 5
Bootstrap[88]: Time 0.944923 seconds, bootstrap likelihood -65478.914727, best rearrangement setting 5
Bootstrap[89]: Time 1.421656 seconds, bootstrap likelihood -63824.338815, best rearrangement setting 13
Bootstrap[90]: Time 1.339626 seconds, bootstrap likelihood -64332.519068, best rearrangement setting 10
Bootstrap[91]: Time 1.759400 seconds, bootstrap likelihood -64391.840273, best rearrangement setting 13
Bootstrap[92]: Time 2.434770 seconds, bootstrap likelihood -65177.994383, best rearrangement setting 13
Bootstrap[93]: Time 1.115726 seconds, bootstrap likelihood -64257.465141, best rearrangement setting 8
Bootstrap[94]: Time 1.145880 seconds, bootstrap likelihood -65185.207823, best rearrangement setting 12
Bootstrap[95]: Time 4.330400 seconds, bootstrap likelihood -64963.834914, best rearrangement setting 13
Bootstrap[96]: Time 1.322183 seconds, bootstrap likelihood -65351.913972, best rearrangement setting 10
Bootstrap[97]: Time 1.202696 seconds, bootstrap likelihood -63742.527948, best rearrangement setting 6
Bootstrap[98]: Time 1.409677 seconds, bootstrap likelihood -63082.957712, best rearrangement setting 10
Bootstrap[99]: Time 1.336641 seconds, bootstrap likelihood -63833.883101, best rearrangement setting 9


Overall Time for 100 Rapid Bootstraps 213.726399 seconds
Average Time per Rapid Bootstrap 2.137264 seconds

Starting ML Search ...

Fast ML optimization finished

Fast ML search Time: 322.238822 seconds

Slow ML Search 0 Likelihood: -64357.392805
Slow ML Search 1 Likelihood: -64358.011603
Slow ML Search 2 Likelihood: -64358.658101
Slow ML Search 3 Likelihood: -64361.949759
Slow ML Search 4 Likelihood: -64363.745361
Slow ML Search 5 Likelihood: -64364.443279
Slow ML Search 6 Likelihood: -64367.607952
Slow ML Search 7 Likelihood: -64367.805894
Slow ML Search 8 Likelihood: -64368.159698
Slow ML Search 9 Likelihood: -64368.149266
Slow ML optimization finished

Slow ML search Time: 70.451843 seconds
Thorough ML search Time: 2.217182 seconds

Final ML Optimization Likelihood: -64357.392803

Model Information:

Model Parameters of Partition 0, Name: No Name Provided, Type of Data: DNA
alpha: 0.326805
Tree-Length: 3.022376
rate A <-> C: 2.195597
rate A <-> G: 5.644698
rate A <-> T: 0.935519
rate C <-> G: 0.960758
rate C <-> T: 6.374919
rate G <-> T: 1.000000

freq pi(A): 0.370020
freq pi(C): 0.174013
freq pi(G): 0.234292
freq pi(T): 0.221676


ML search took 394.914889 secs or 0.109699 hours

Combined Bootstrap and ML search took 608.641419 secs or 0.169067 hours

Drawing Bootstrap Support Values on best-scoring ML tree ...



Found 1 tree in File /gpfs_home/mhowison/code/hiv-profile-sampling/scratch/trees/gag-pol-env/RAxML_bestTree.sample.355



Found 1 tree in File /gpfs_home/mhowison/code/hiv-profile-sampling/scratch/trees/gag-pol-env/RAxML_bestTree.sample.355

Program execution info written to /gpfs_home/mhowison/code/hiv-profile-sampling/scratch/trees/gag-pol-env/RAxML_info.sample.355
All 100 bootstrapped trees written to: /gpfs_home/mhowison/code/hiv-profile-sampling/scratch/trees/gag-pol-env/RAxML_bootstrap.sample.355

Best-scoring ML tree written to: /gpfs_home/mhowison/code/hiv-profile-sampling/scratch/trees/gag-pol-env/RAxML_bestTree.sample.355

Best-scoring ML tree with support values written to: /gpfs_home/mhowison/code/hiv-profile-sampling/scratch/trees/gag-pol-env/RAxML_bipartitions.sample.355

Best-scoring ML tree with support values as branch labels written to: /gpfs_home/mhowison/code/hiv-profile-sampling/scratch/trees/gag-pol-env/RAxML_bipartitionsBranchLabels.sample.355

Overall execution time for full ML analysis: 608.645854 secs or 0.169068 hours or 0.007045 days

