srun: job 263992 queued and waiting for resources
srun: job 263992 has been allocated resources
Warning, you specified a working directory via "-w"
Keep in mind that RAxML only accepts absolute path names, not relative ones!

RAxML can't, parse the alignment file as phylip file 
it will now try to parse it as FASTA file



Using BFGS method to optimize GTR rate parameters, to disable this specify "--no-bfgs" 


This is the RAxML Master Pthread

This is RAxML Worker Pthread Number: 1

This is RAxML Worker Pthread Number: 5

This is RAxML Worker Pthread Number: 2

This is RAxML Worker Pthread Number: 3

This is RAxML Worker Pthread Number: 4

This is RAxML Worker Pthread Number: 6

This is RAxML Worker Pthread Number: 7

This is RAxML Worker Pthread Number: 8

This is RAxML Worker Pthread Number: 10

This is RAxML Worker Pthread Number: 11

This is RAxML Worker Pthread Number: 9

This is RAxML Worker Pthread Number: 13

This is RAxML Worker Pthread Number: 12

This is RAxML Worker Pthread Number: 14

This is RAxML Worker Pthread Number: 15

This is RAxML Worker Pthread Number: 16

This is RAxML Worker Pthread Number: 17

This is RAxML Worker Pthread Number: 19

This is RAxML Worker Pthread Number: 18


This is RAxML version 8.2.12 released by Alexandros Stamatakis on May 2018.

With greatly appreciated code contributions by:
Andre Aberer      (HITS)
Simon Berger      (HITS)
Alexey Kozlov     (HITS)
Kassian Kobert    (HITS)
David Dao         (KIT and HITS)
Sarah Lutteropp   (KIT and HITS)
Nick Pattengale   (Sandia)
Wayne Pfeiffer    (SDSC)
Akifumi S. Tanabe (NRIFS)
Charlie Taylor    (UF)


Alignment has 3167 distinct alignment patterns

Proportion of gaps and completely undetermined characters in this alignment: 6.10%

RAxML rapid bootstrapping and subsequent ML search

Using 1 distinct models/data partitions with joint branch length optimization



Executing 100 rapid bootstrap inferences and thereafter a thorough ML search 

All free model parameters will be estimated by RAxML
GAMMA model of rate heterogeneity, ML estimate of alpha-parameter

GAMMA Model parameters will be estimated up to an accuracy of 0.1000000000 Log Likelihood units

Partition: 0
Alignment Patterns: 3167
Name: No Name Provided
DataType: DNA
Substitution Matrix: GTR




RAxML was called as follows:

raxmlHPC-PTHREADS-AVX -T 20 -s scratch/aligned/gag-pol-env/sample.131.fa -p 7158729282 -x 7158729282 -f a -N 100 -m GTRGAMMA -w /gpfs_home/mhowison/code/hiv-profile-sampling/scratch/trees/gag-pol-env -n sample.131 



Time for BS model parameter optimization 0.166815
Bootstrap[0]: Time 1.411687 seconds, bootstrap likelihood -64163.661185, best rearrangement setting 14
Bootstrap[1]: Time 1.234041 seconds, bootstrap likelihood -64586.563070, best rearrangement setting 12
Bootstrap[2]: Time 1.142054 seconds, bootstrap likelihood -63673.145465, best rearrangement setting 14
Bootstrap[3]: Time 1.329225 seconds, bootstrap likelihood -65180.274581, best rearrangement setting 11
Bootstrap[4]: Time 1.369222 seconds, bootstrap likelihood -63428.846413, best rearrangement setting 15
Bootstrap[5]: Time 1.309170 seconds, bootstrap likelihood -65230.636165, best rearrangement setting 12
Bootstrap[6]: Time 1.164651 seconds, bootstrap likelihood -63767.404010, best rearrangement setting 11
Bootstrap[7]: Time 1.114631 seconds, bootstrap likelihood -64183.121673, best rearrangement setting 8
Bootstrap[8]: Time 1.121231 seconds, bootstrap likelihood -64780.908508, best rearrangement setting 13
Bootstrap[9]: Time 1.281806 seconds, bootstrap likelihood -63789.288445, best rearrangement setting 15
Bootstrap[10]: Time 1.227577 seconds, bootstrap likelihood -62950.782026, best rearrangement setting 13
Bootstrap[11]: Time 1.189891 seconds, bootstrap likelihood -63341.270379, best rearrangement setting 8
Bootstrap[12]: Time 1.299485 seconds, bootstrap likelihood -64446.106323, best rearrangement setting 8
Bootstrap[13]: Time 1.298816 seconds, bootstrap likelihood -64712.128364, best rearrangement setting 8
Bootstrap[14]: Time 1.268777 seconds, bootstrap likelihood -65330.901073, best rearrangement setting 15
Bootstrap[15]: Time 0.915284 seconds, bootstrap likelihood -64987.913420, best rearrangement setting 5
Bootstrap[16]: Time 1.045850 seconds, bootstrap likelihood -63926.476873, best rearrangement setting 6
Bootstrap[17]: Time 1.243735 seconds, bootstrap likelihood -64857.667198, best rearrangement setting 9
Bootstrap[18]: Time 1.190605 seconds, bootstrap likelihood -65246.168090, best rearrangement setting 7
Bootstrap[19]: Time 1.237740 seconds, bootstrap likelihood -64119.251793, best rearrangement setting 9
Bootstrap[20]: Time 1.175547 seconds, bootstrap likelihood -66878.436185, best rearrangement setting 6
Bootstrap[21]: Time 1.427242 seconds, bootstrap likelihood -65303.626400, best rearrangement setting 11
Bootstrap[22]: Time 1.144906 seconds, bootstrap likelihood -64832.197042, best rearrangement setting 7
Bootstrap[23]: Time 1.137866 seconds, bootstrap likelihood -63952.392381, best rearrangement setting 11
Bootstrap[24]: Time 1.042071 seconds, bootstrap likelihood -62685.285858, best rearrangement setting 6
Bootstrap[25]: Time 1.389482 seconds, bootstrap likelihood -63501.836722, best rearrangement setting 10
Bootstrap[26]: Time 1.388576 seconds, bootstrap likelihood -64533.444320, best rearrangement setting 12
Bootstrap[27]: Time 1.237738 seconds, bootstrap likelihood -63905.241766, best rearrangement setting 13
Bootstrap[28]: Time 1.182600 seconds, bootstrap likelihood -65694.985631, best rearrangement setting 15
Bootstrap[29]: Time 1.258483 seconds, bootstrap likelihood -65248.316391, best rearrangement setting 7
Bootstrap[30]: Time 1.251156 seconds, bootstrap likelihood -61328.811976, best rearrangement setting 15
Bootstrap[31]: Time 0.984477 seconds, bootstrap likelihood -65280.221771, best rearrangement setting 5
Bootstrap[32]: Time 1.256028 seconds, bootstrap likelihood -65156.220220, best rearrangement setting 14
Bootstrap[33]: Time 2.508881 seconds, bootstrap likelihood -64036.694653, best rearrangement setting 12
Bootstrap[34]: Time 1.157447 seconds, bootstrap likelihood -63907.156606, best rearrangement setting 14
Bootstrap[35]: Time 1.231458 seconds, bootstrap likelihood -64770.774177, best rearrangement setting 14
Bootstrap[36]: Time 1.341538 seconds, bootstrap likelihood -65139.721812, best rearrangement setting 15
Bootstrap[37]: Time 1.168333 seconds, bootstrap likelihood -64350.047696, best rearrangement setting 15
Bootstrap[38]: Time 1.183049 seconds, bootstrap likelihood -65890.302373, best rearrangement setting 10
Bootstrap[39]: Time 1.162088 seconds, bootstrap likelihood -64061.070212, best rearrangement setting 14
Bootstrap[40]: Time 1.279846 seconds, bootstrap likelihood -63883.672096, best rearrangement setting 10
Bootstrap[41]: Time 1.196115 seconds, bootstrap likelihood -63920.026509, best rearrangement setting 10
Bootstrap[42]: Time 1.585096 seconds, bootstrap likelihood -63774.791367, best rearrangement setting 14
Bootstrap[43]: Time 0.968731 seconds, bootstrap likelihood -64687.197915, best rearrangement setting 5
Bootstrap[44]: Time 0.912745 seconds, bootstrap likelihood -64974.895590, best rearrangement setting 5
Bootstrap[45]: Time 1.299000 seconds, bootstrap likelihood -65163.379406, best rearrangement setting 10
Bootstrap[46]: Time 1.322580 seconds, bootstrap likelihood -64388.197368, best rearrangement setting 8
Bootstrap[47]: Time 1.332804 seconds, bootstrap likelihood -64118.590055, best rearrangement setting 12
Bootstrap[48]: Time 1.315838 seconds, bootstrap likelihood -64369.618035, best rearrangement setting 15
Bootstrap[49]: Time 1.320436 seconds, bootstrap likelihood -65419.968201, best rearrangement setting 14
Bootstrap[50]: Time 1.107224 seconds, bootstrap likelihood -63754.355644, best rearrangement setting 12
Bootstrap[51]: Time 1.109532 seconds, bootstrap likelihood -63224.045459, best rearrangement setting 7
Bootstrap[52]: Time 1.035917 seconds, bootstrap likelihood -65625.675347, best rearrangement setting 5
Bootstrap[53]: Time 0.948994 seconds, bootstrap likelihood -64323.291746, best rearrangement setting 5
Bootstrap[54]: Time 1.288953 seconds, bootstrap likelihood -63528.264830, best rearrangement setting 8
Bootstrap[55]: Time 32.804604 seconds, bootstrap likelihood -65168.771828, best rearrangement setting 12
Bootstrap[56]: Time 1.156497 seconds, bootstrap likelihood -64202.264968, best rearrangement setting 14
Bootstrap[57]: Time 1.142699 seconds, bootstrap likelihood -64940.928929, best rearrangement setting 12
Bootstrap[58]: Time 1.083576 seconds, bootstrap likelihood -65908.474491, best rearrangement setting 6
Bootstrap[59]: Time 1.311040 seconds, bootstrap likelihood -64110.146326, best rearrangement setting 8
Bootstrap[60]: Time 1.329222 seconds, bootstrap likelihood -63733.247437, best rearrangement setting 13
Bootstrap[61]: Time 1.272796 seconds, bootstrap likelihood -63111.330435, best rearrangement setting 15
Bootstrap[62]: Time 1.048710 seconds, bootstrap likelihood -63810.022159, best rearrangement setting 6
Bootstrap[63]: Time 1.260804 seconds, bootstrap likelihood -63387.734609, best rearrangement setting 15
Bootstrap[64]: Time 1.440737 seconds, bootstrap likelihood -63818.987732, best rearrangement setting 14
Bootstrap[65]: Time 1.084098 seconds, bootstrap likelihood -64876.300156, best rearrangement setting 6
Bootstrap[66]: Time 1.069576 seconds, bootstrap likelihood -65156.885934, best rearrangement setting 6
Bootstrap[67]: Time 1.270758 seconds, bootstrap likelihood -65009.172372, best rearrangement setting 13
Bootstrap[68]: Time 1.258285 seconds, bootstrap likelihood -64890.538383, best rearrangement setting 10
Bootstrap[69]: Time 1.235463 seconds, bootstrap likelihood -65243.281621, best rearrangement setting 9
Bootstrap[70]: Time 1.304141 seconds, bootstrap likelihood -64440.388295, best rearrangement setting 8
Bootstrap[71]: Time 1.337087 seconds, bootstrap likelihood -64779.237266, best rearrangement setting 11
Bootstrap[72]: Time 1.135864 seconds, bootstrap likelihood -64455.706282, best rearrangement setting 6
Bootstrap[73]: Time 0.985858 seconds, bootstrap likelihood -63938.054523, best rearrangement setting 5
Bootstrap[74]: Time 1.352323 seconds, bootstrap likelihood -66272.213096, best rearrangement setting 11
Bootstrap[75]: Time 1.050997 seconds, bootstrap likelihood -62400.790677, best rearrangement setting 14
Bootstrap[76]: Time 1.262309 seconds, bootstrap likelihood -63173.959855, best rearrangement setting 13
Bootstrap[77]: Time 0.881356 seconds, bootstrap likelihood -65241.151756, best rearrangement setting 5
Bootstrap[78]: Time 1.280730 seconds, bootstrap likelihood -64624.851626, best rearrangement setting 15
Bootstrap[79]: Time 1.622978 seconds, bootstrap likelihood -64885.730189, best rearrangement setting 6
Bootstrap[80]: Time 1.387607 seconds, bootstrap likelihood -64789.192815, best rearrangement setting 11
Bootstrap[81]: Time 1.296842 seconds, bootstrap likelihood -65083.826734, best rearrangement setting 9
Bootstrap[82]: Time 1.281542 seconds, bootstrap likelihood -64785.352300, best rearrangement setting 9
Bootstrap[83]: Time 1.315594 seconds, bootstrap likelihood -64921.714544, best rearrangement setting 15
Bootstrap[84]: Time 1.237069 seconds, bootstrap likelihood -65234.249554, best rearrangement setting 7
Bootstrap[85]: Time 1.319645 seconds, bootstrap likelihood -64939.416209, best rearrangement setting 8
Bootstrap[86]: Time 1.168928 seconds, bootstrap likelihood -65125.632501, best rearrangement setting 15
Bootstrap[87]: Time 1.155494 seconds, bootstrap likelihood -63664.562955, best rearrangement setting 12
Bootstrap[88]: Time 1.306551 seconds, bootstrap likelihood -66373.988148, best rearrangement setting 14
Bootstrap[89]: Time 1.250434 seconds, bootstrap likelihood -64547.326208, best rearrangement setting 10
Bootstrap[90]: Time 1.120110 seconds, bootstrap likelihood -64201.103300, best rearrangement setting 14
Bootstrap[91]: Time 1.357650 seconds, bootstrap likelihood -62995.796796, best rearrangement setting 14
Bootstrap[92]: Time 1.111479 seconds, bootstrap likelihood -64074.041869, best rearrangement setting 6
Bootstrap[93]: Time 1.231143 seconds, bootstrap likelihood -63558.823262, best rearrangement setting 13
Bootstrap[94]: Time 1.199095 seconds, bootstrap likelihood -63996.591524, best rearrangement setting 15
Bootstrap[95]: Time 1.049244 seconds, bootstrap likelihood -64027.058267, best rearrangement setting 6
Bootstrap[96]: Time 0.939840 seconds, bootstrap likelihood -64559.043040, best rearrangement setting 5
Bootstrap[97]: Time 1.330744 seconds, bootstrap likelihood -64467.514308, best rearrangement setting 11
Bootstrap[98]: Time 1.412820 seconds, bootstrap likelihood -62859.500338, best rearrangement setting 9
Bootstrap[99]: Time 1.219381 seconds, bootstrap likelihood -64681.135575, best rearrangement setting 9


Overall Time for 100 Rapid Bootstraps 154.874262 seconds
Average Time per Rapid Bootstrap 1.548743 seconds

Starting ML Search ...

Fast ML optimization finished

Fast ML search Time: 194.565638 seconds

Slow ML Search 0 Likelihood: -64563.635694
Slow ML Search 1 Likelihood: -64563.635695
Slow ML Search 2 Likelihood: -64564.612350
Slow ML Search 3 Likelihood: -64565.036673
Slow ML Search 4 Likelihood: -64565.106514
Slow ML Search 5 Likelihood: -64565.887184
Slow ML Search 6 Likelihood: -64566.459512
Slow ML Search 7 Likelihood: -64566.062363
Slow ML Search 8 Likelihood: -64568.002274
Slow ML Search 9 Likelihood: -64569.908650
Slow ML optimization finished

Slow ML search Time: 18.888070 seconds
Thorough ML search Time: 7.863703 seconds

Final ML Optimization Likelihood: -64563.635694

Model Information:

Model Parameters of Partition 0, Name: No Name Provided, Type of Data: DNA
alpha: 0.328201
Tree-Length: 3.095758
rate A <-> C: 2.266952
rate A <-> G: 5.730497
rate A <-> T: 0.948358
rate C <-> G: 0.972440
rate C <-> T: 6.594145
rate G <-> T: 1.000000

freq pi(A): 0.369807
freq pi(C): 0.174235
freq pi(G): 0.234305
freq pi(T): 0.221653


ML search took 221.323435 secs or 0.061479 hours

Combined Bootstrap and ML search took 376.197834 secs or 0.104499 hours

Drawing Bootstrap Support Values on best-scoring ML tree ...



Found 1 tree in File /gpfs_home/mhowison/code/hiv-profile-sampling/scratch/trees/gag-pol-env/RAxML_bestTree.sample.131



Found 1 tree in File /gpfs_home/mhowison/code/hiv-profile-sampling/scratch/trees/gag-pol-env/RAxML_bestTree.sample.131

Program execution info written to /gpfs_home/mhowison/code/hiv-profile-sampling/scratch/trees/gag-pol-env/RAxML_info.sample.131
All 100 bootstrapped trees written to: /gpfs_home/mhowison/code/hiv-profile-sampling/scratch/trees/gag-pol-env/RAxML_bootstrap.sample.131

Best-scoring ML tree written to: /gpfs_home/mhowison/code/hiv-profile-sampling/scratch/trees/gag-pol-env/RAxML_bestTree.sample.131

Best-scoring ML tree with support values written to: /gpfs_home/mhowison/code/hiv-profile-sampling/scratch/trees/gag-pol-env/RAxML_bipartitions.sample.131

Best-scoring ML tree with support values as branch labels written to: /gpfs_home/mhowison/code/hiv-profile-sampling/scratch/trees/gag-pol-env/RAxML_bipartitionsBranchLabels.sample.131

Overall execution time for full ML analysis: 376.202189 secs or 0.104501 hours or 0.004354 days

