srun: job 264282 queued and waiting for resources
srun: job 264282 has been allocated resources
Warning, you specified a working directory via "-w"
Keep in mind that RAxML only accepts absolute path names, not relative ones!

RAxML can't, parse the alignment file as phylip file 
it will now try to parse it as FASTA file



Using BFGS method to optimize GTR rate parameters, to disable this specify "--no-bfgs" 


This is the RAxML Master Pthread

This is RAxML Worker Pthread Number: 2

This is RAxML Worker Pthread Number: 4

This is RAxML Worker Pthread Number: 3

This is RAxML Worker Pthread Number: 1

This is RAxML Worker Pthread Number: 5

This is RAxML Worker Pthread Number: 6

This is RAxML Worker Pthread Number: 7

This is RAxML Worker Pthread Number: 8

This is RAxML Worker Pthread Number: 9

This is RAxML Worker Pthread Number: 10

This is RAxML Worker Pthread Number: 13

This is RAxML Worker Pthread Number: 14

This is RAxML Worker Pthread Number: 11

This is RAxML Worker Pthread Number: 15

This is RAxML Worker Pthread Number: 12

This is RAxML Worker Pthread Number: 16

This is RAxML Worker Pthread Number: 18

This is RAxML Worker Pthread Number: 17

This is RAxML Worker Pthread Number: 19


This is RAxML version 8.2.12 released by Alexandros Stamatakis on May 2018.

With greatly appreciated code contributions by:
Andre Aberer      (HITS)
Simon Berger      (HITS)
Alexey Kozlov     (HITS)
Kassian Kobert    (HITS)
David Dao         (KIT and HITS)
Sarah Lutteropp   (KIT and HITS)
Nick Pattengale   (Sandia)
Wayne Pfeiffer    (SDSC)
Akifumi S. Tanabe (NRIFS)
Charlie Taylor    (UF)


Alignment has 3201 distinct alignment patterns

Proportion of gaps and completely undetermined characters in this alignment: 6.09%

RAxML rapid bootstrapping and subsequent ML search

Using 1 distinct models/data partitions with joint branch length optimization



Executing 100 rapid bootstrap inferences and thereafter a thorough ML search 

All free model parameters will be estimated by RAxML
GAMMA model of rate heterogeneity, ML estimate of alpha-parameter

GAMMA Model parameters will be estimated up to an accuracy of 0.1000000000 Log Likelihood units

Partition: 0
Alignment Patterns: 3201
Name: No Name Provided
DataType: DNA
Substitution Matrix: GTR




RAxML was called as follows:

raxmlHPC-PTHREADS-AVX -T 20 -s scratch/aligned/gag-pol-env/sample.247.fa -p 8650276698 -x 8650276698 -f a -N 100 -m GTRGAMMA -w /gpfs_home/mhowison/code/hiv-profile-sampling/scratch/trees/gag-pol-env -n sample.247 



Time for BS model parameter optimization 0.169043
Bootstrap[0]: Time 1.470526 seconds, bootstrap likelihood -63551.837208, best rearrangement setting 13
Bootstrap[1]: Time 1.241422 seconds, bootstrap likelihood -64381.696730, best rearrangement setting 7
Bootstrap[2]: Time 1.048557 seconds, bootstrap likelihood -66817.956219, best rearrangement setting 6
Bootstrap[3]: Time 1.297204 seconds, bootstrap likelihood -65666.584045, best rearrangement setting 10
Bootstrap[4]: Time 1.254565 seconds, bootstrap likelihood -65292.020034, best rearrangement setting 11
Bootstrap[5]: Time 1.202751 seconds, bootstrap likelihood -65712.147128, best rearrangement setting 9
Bootstrap[6]: Time 1.133029 seconds, bootstrap likelihood -62776.781122, best rearrangement setting 8
Bootstrap[7]: Time 1.054880 seconds, bootstrap likelihood -63214.779463, best rearrangement setting 6
Bootstrap[8]: Time 1.288043 seconds, bootstrap likelihood -64096.134127, best rearrangement setting 10
Bootstrap[9]: Time 0.898655 seconds, bootstrap likelihood -65335.425314, best rearrangement setting 5
Bootstrap[10]: Time 1.003604 seconds, bootstrap likelihood -64563.436772, best rearrangement setting 6
Bootstrap[11]: Time 1.284889 seconds, bootstrap likelihood -64646.304214, best rearrangement setting 10
Bootstrap[12]: Time 1.089010 seconds, bootstrap likelihood -65945.317632, best rearrangement setting 8
Bootstrap[13]: Time 1.139738 seconds, bootstrap likelihood -66434.987901, best rearrangement setting 14
Bootstrap[14]: Time 1.246227 seconds, bootstrap likelihood -63622.550344, best rearrangement setting 12
Bootstrap[15]: Time 1.206854 seconds, bootstrap likelihood -64181.197109, best rearrangement setting 9
Bootstrap[16]: Time 1.245490 seconds, bootstrap likelihood -64810.195366, best rearrangement setting 12
Bootstrap[17]: Time 1.227628 seconds, bootstrap likelihood -64530.084951, best rearrangement setting 13
Bootstrap[18]: Time 1.128061 seconds, bootstrap likelihood -65991.401364, best rearrangement setting 7
Bootstrap[19]: Time 1.210206 seconds, bootstrap likelihood -64045.646976, best rearrangement setting 12
Bootstrap[20]: Time 0.911648 seconds, bootstrap likelihood -64568.451262, best rearrangement setting 5
Bootstrap[21]: Time 0.984180 seconds, bootstrap likelihood -64457.168296, best rearrangement setting 8
Bootstrap[22]: Time 1.077213 seconds, bootstrap likelihood -63936.405803, best rearrangement setting 6
Bootstrap[23]: Time 1.019310 seconds, bootstrap likelihood -63347.268339, best rearrangement setting 7
Bootstrap[24]: Time 1.037771 seconds, bootstrap likelihood -64005.319868, best rearrangement setting 13
Bootstrap[25]: Time 1.280084 seconds, bootstrap likelihood -65519.556191, best rearrangement setting 9
Bootstrap[26]: Time 0.838716 seconds, bootstrap likelihood -65322.850853, best rearrangement setting 5
Bootstrap[27]: Time 1.309148 seconds, bootstrap likelihood -64798.369762, best rearrangement setting 12
Bootstrap[28]: Time 1.291406 seconds, bootstrap likelihood -63884.178043, best rearrangement setting 10
Bootstrap[29]: Time 0.982778 seconds, bootstrap likelihood -64084.396472, best rearrangement setting 6
Bootstrap[30]: Time 1.141943 seconds, bootstrap likelihood -63078.008377, best rearrangement setting 11
Bootstrap[31]: Time 1.268982 seconds, bootstrap likelihood -64410.910954, best rearrangement setting 14
Bootstrap[32]: Time 1.107634 seconds, bootstrap likelihood -63165.217945, best rearrangement setting 6
Bootstrap[33]: Time 1.072378 seconds, bootstrap likelihood -64668.706462, best rearrangement setting 12
Bootstrap[34]: Time 1.067964 seconds, bootstrap likelihood -63905.811502, best rearrangement setting 13
Bootstrap[35]: Time 1.080174 seconds, bootstrap likelihood -63557.588542, best rearrangement setting 13
Bootstrap[36]: Time 1.138054 seconds, bootstrap likelihood -64614.551189, best rearrangement setting 11
Bootstrap[37]: Time 1.049699 seconds, bootstrap likelihood -63459.117811, best rearrangement setting 7
Bootstrap[38]: Time 1.119245 seconds, bootstrap likelihood -65279.640228, best rearrangement setting 11
Bootstrap[39]: Time 1.123189 seconds, bootstrap likelihood -65492.077771, best rearrangement setting 8
Bootstrap[40]: Time 0.891446 seconds, bootstrap likelihood -65472.256791, best rearrangement setting 5
Bootstrap[41]: Time 1.133690 seconds, bootstrap likelihood -65443.891158, best rearrangement setting 12
Bootstrap[42]: Time 1.110685 seconds, bootstrap likelihood -66004.420681, best rearrangement setting 7
Bootstrap[43]: Time 1.047117 seconds, bootstrap likelihood -64538.283610, best rearrangement setting 12
Bootstrap[44]: Time 1.150051 seconds, bootstrap likelihood -64366.716144, best rearrangement setting 14
Bootstrap[45]: Time 1.120780 seconds, bootstrap likelihood -64572.456748, best rearrangement setting 12
Bootstrap[46]: Time 0.898482 seconds, bootstrap likelihood -65304.172694, best rearrangement setting 5
Bootstrap[47]: Time 1.099313 seconds, bootstrap likelihood -66387.202528, best rearrangement setting 8
Bootstrap[48]: Time 1.102182 seconds, bootstrap likelihood -63693.864214, best rearrangement setting 7
Bootstrap[49]: Time 1.054587 seconds, bootstrap likelihood -62848.273559, best rearrangement setting 9
Bootstrap[50]: Time 1.109484 seconds, bootstrap likelihood -63628.986954, best rearrangement setting 13
Bootstrap[51]: Time 0.883776 seconds, bootstrap likelihood -64127.471034, best rearrangement setting 5
Bootstrap[52]: Time 1.109338 seconds, bootstrap likelihood -64506.466392, best rearrangement setting 12
Bootstrap[53]: Time 1.098962 seconds, bootstrap likelihood -65072.156839, best rearrangement setting 11
Bootstrap[54]: Time 0.933389 seconds, bootstrap likelihood -63824.702261, best rearrangement setting 6
Bootstrap[55]: Time 1.209461 seconds, bootstrap likelihood -66846.965391, best rearrangement setting 9
Bootstrap[56]: Time 1.247614 seconds, bootstrap likelihood -66096.667009, best rearrangement setting 14
Bootstrap[57]: Time 1.182306 seconds, bootstrap likelihood -63314.470979, best rearrangement setting 11
Bootstrap[58]: Time 1.254518 seconds, bootstrap likelihood -65897.945664, best rearrangement setting 10
Bootstrap[59]: Time 1.065116 seconds, bootstrap likelihood -64201.272097, best rearrangement setting 9
Bootstrap[60]: Time 1.164900 seconds, bootstrap likelihood -63642.527385, best rearrangement setting 14
Bootstrap[61]: Time 1.082652 seconds, bootstrap likelihood -63856.788383, best rearrangement setting 14
Bootstrap[62]: Time 0.912313 seconds, bootstrap likelihood -64197.661708, best rearrangement setting 5
Bootstrap[63]: Time 1.127858 seconds, bootstrap likelihood -64646.495836, best rearrangement setting 12
Bootstrap[64]: Time 1.246345 seconds, bootstrap likelihood -64145.797934, best rearrangement setting 15
Bootstrap[65]: Time 1.145911 seconds, bootstrap likelihood -64312.241612, best rearrangement setting 13
Bootstrap[66]: Time 1.087078 seconds, bootstrap likelihood -64734.335798, best rearrangement setting 15
Bootstrap[67]: Time 1.152601 seconds, bootstrap likelihood -65134.066870, best rearrangement setting 9
Bootstrap[68]: Time 1.168342 seconds, bootstrap likelihood -63599.334835, best rearrangement setting 8
Bootstrap[69]: Time 0.937316 seconds, bootstrap likelihood -65759.582044, best rearrangement setting 7
Bootstrap[70]: Time 1.222027 seconds, bootstrap likelihood -65450.758254, best rearrangement setting 10
Bootstrap[71]: Time 1.165274 seconds, bootstrap likelihood -65900.147389, best rearrangement setting 13
Bootstrap[72]: Time 1.152346 seconds, bootstrap likelihood -64369.722751, best rearrangement setting 7
Bootstrap[73]: Time 1.057018 seconds, bootstrap likelihood -64991.649197, best rearrangement setting 8
Bootstrap[74]: Time 1.252562 seconds, bootstrap likelihood -65976.549750, best rearrangement setting 13
Bootstrap[75]: Time 1.128861 seconds, bootstrap likelihood -63780.171935, best rearrangement setting 7
Bootstrap[76]: Time 0.852865 seconds, bootstrap likelihood -64155.718110, best rearrangement setting 5
Bootstrap[77]: Time 1.175167 seconds, bootstrap likelihood -64074.282490, best rearrangement setting 14
Bootstrap[78]: Time 1.157612 seconds, bootstrap likelihood -63892.200914, best rearrangement setting 14
Bootstrap[79]: Time 1.150583 seconds, bootstrap likelihood -65342.564442, best rearrangement setting 15
Bootstrap[80]: Time 0.920802 seconds, bootstrap likelihood -65381.417753, best rearrangement setting 5
Bootstrap[81]: Time 1.236530 seconds, bootstrap likelihood -64690.073106, best rearrangement setting 12
Bootstrap[82]: Time 1.182677 seconds, bootstrap likelihood -64430.315636, best rearrangement setting 11
Bootstrap[83]: Time 1.137366 seconds, bootstrap likelihood -65442.107427, best rearrangement setting 10
Bootstrap[84]: Time 0.995763 seconds, bootstrap likelihood -64695.541147, best rearrangement setting 5
Bootstrap[85]: Time 1.045925 seconds, bootstrap likelihood -64590.521920, best rearrangement setting 8
Bootstrap[86]: Time 1.052413 seconds, bootstrap likelihood -64550.930907, best rearrangement setting 13
Bootstrap[87]: Time 0.916269 seconds, bootstrap likelihood -65918.574001, best rearrangement setting 5
Bootstrap[88]: Time 1.166284 seconds, bootstrap likelihood -64520.773416, best rearrangement setting 12
Bootstrap[89]: Time 1.187908 seconds, bootstrap likelihood -64319.535547, best rearrangement setting 9
Bootstrap[90]: Time 1.170104 seconds, bootstrap likelihood -64363.537578, best rearrangement setting 11
Bootstrap[91]: Time 1.245088 seconds, bootstrap likelihood -64720.612104, best rearrangement setting 14
Bootstrap[92]: Time 1.122628 seconds, bootstrap likelihood -63719.372969, best rearrangement setting 15
Bootstrap[93]: Time 0.968577 seconds, bootstrap likelihood -64615.687679, best rearrangement setting 6
Bootstrap[94]: Time 1.180867 seconds, bootstrap likelihood -64199.655729, best rearrangement setting 12
Bootstrap[95]: Time 1.217471 seconds, bootstrap likelihood -64601.571554, best rearrangement setting 8
Bootstrap[96]: Time 1.173390 seconds, bootstrap likelihood -65401.581715, best rearrangement setting 10
Bootstrap[97]: Time 0.983187 seconds, bootstrap likelihood -63830.083332, best rearrangement setting 6
Bootstrap[98]: Time 1.375134 seconds, bootstrap likelihood -63715.595137, best rearrangement setting 13
Bootstrap[99]: Time 1.138538 seconds, bootstrap likelihood -62172.764819, best rearrangement setting 12


Overall Time for 100 Rapid Bootstraps 112.134022 seconds
Average Time per Rapid Bootstrap 1.121340 seconds

Starting ML Search ...

Fast ML optimization finished

Fast ML search Time: 102.741510 seconds

Slow ML Search 0 Likelihood: -64730.470377
Slow ML Search 1 Likelihood: -64731.050192
Slow ML Search 2 Likelihood: -64733.943790
Slow ML Search 3 Likelihood: -64733.943789
Slow ML Search 4 Likelihood: -64734.639896
Slow ML Search 5 Likelihood: -64734.958722
Slow ML Search 6 Likelihood: -64735.398721
Slow ML Search 7 Likelihood: -64735.531500
Slow ML Search 8 Likelihood: -64735.718380
Slow ML Search 9 Likelihood: -64736.549254
Slow ML optimization finished

Slow ML search Time: 18.010727 seconds
Thorough ML search Time: 2.017688 seconds

Final ML Optimization Likelihood: -64730.470377

Model Information:

Model Parameters of Partition 0, Name: No Name Provided, Type of Data: DNA
alpha: 0.330408
Tree-Length: 2.997347
rate A <-> C: 2.182528
rate A <-> G: 5.432561
rate A <-> T: 0.882817
rate C <-> G: 0.990558
rate C <-> T: 6.287599
rate G <-> T: 1.000000

freq pi(A): 0.370053
freq pi(C): 0.174191
freq pi(G): 0.234257
freq pi(T): 0.221499


ML search took 122.782341 secs or 0.034106 hours

Combined Bootstrap and ML search took 234.916493 secs or 0.065255 hours

Drawing Bootstrap Support Values on best-scoring ML tree ...



Found 1 tree in File /gpfs_home/mhowison/code/hiv-profile-sampling/scratch/trees/gag-pol-env/RAxML_bestTree.sample.247



Found 1 tree in File /gpfs_home/mhowison/code/hiv-profile-sampling/scratch/trees/gag-pol-env/RAxML_bestTree.sample.247

Program execution info written to /gpfs_home/mhowison/code/hiv-profile-sampling/scratch/trees/gag-pol-env/RAxML_info.sample.247
All 100 bootstrapped trees written to: /gpfs_home/mhowison/code/hiv-profile-sampling/scratch/trees/gag-pol-env/RAxML_bootstrap.sample.247

Best-scoring ML tree written to: /gpfs_home/mhowison/code/hiv-profile-sampling/scratch/trees/gag-pol-env/RAxML_bestTree.sample.247

Best-scoring ML tree with support values written to: /gpfs_home/mhowison/code/hiv-profile-sampling/scratch/trees/gag-pol-env/RAxML_bipartitions.sample.247

Best-scoring ML tree with support values as branch labels written to: /gpfs_home/mhowison/code/hiv-profile-sampling/scratch/trees/gag-pol-env/RAxML_bipartitionsBranchLabels.sample.247

Overall execution time for full ML analysis: 234.920747 secs or 0.065256 hours or 0.002719 days

