srun: job 264601 queued and waiting for resources
srun: job 264601 has been allocated resources
Warning, you specified a working directory via "-w"
Keep in mind that RAxML only accepts absolute path names, not relative ones!

RAxML can't, parse the alignment file as phylip file 
it will now try to parse it as FASTA file



Using BFGS method to optimize GTR rate parameters, to disable this specify "--no-bfgs" 


This is the RAxML Master Pthread

This is RAxML Worker Pthread Number: 2

This is RAxML Worker Pthread Number: 1

This is RAxML Worker Pthread Number: 3

This is RAxML Worker Pthread Number: 5

This is RAxML Worker Pthread Number: 6

This is RAxML Worker Pthread Number: 7

This is RAxML Worker Pthread Number: 4

This is RAxML Worker Pthread Number: 8

This is RAxML Worker Pthread Number: 9

This is RAxML Worker Pthread Number: 10

This is RAxML Worker Pthread Number: 12

This is RAxML Worker Pthread Number: 11

This is RAxML Worker Pthread Number: 13

This is RAxML Worker Pthread Number: 15

This is RAxML Worker Pthread Number: 14

This is RAxML Worker Pthread Number: 16

This is RAxML Worker Pthread Number: 18

This is RAxML Worker Pthread Number: 17

This is RAxML Worker Pthread Number: 19


This is RAxML version 8.2.12 released by Alexandros Stamatakis on May 2018.

With greatly appreciated code contributions by:
Andre Aberer      (HITS)
Simon Berger      (HITS)
Alexey Kozlov     (HITS)
Kassian Kobert    (HITS)
David Dao         (KIT and HITS)
Sarah Lutteropp   (KIT and HITS)
Nick Pattengale   (Sandia)
Wayne Pfeiffer    (SDSC)
Akifumi S. Tanabe (NRIFS)
Charlie Taylor    (UF)


Alignment has 3200 distinct alignment patterns

Proportion of gaps and completely undetermined characters in this alignment: 6.12%

RAxML rapid bootstrapping and subsequent ML search

Using 1 distinct models/data partitions with joint branch length optimization



Executing 100 rapid bootstrap inferences and thereafter a thorough ML search 

All free model parameters will be estimated by RAxML
GAMMA model of rate heterogeneity, ML estimate of alpha-parameter

GAMMA Model parameters will be estimated up to an accuracy of 0.1000000000 Log Likelihood units

Partition: 0
Alignment Patterns: 3200
Name: No Name Provided
DataType: DNA
Substitution Matrix: GTR




RAxML was called as follows:

raxmlHPC-PTHREADS-AVX -T 20 -s scratch/aligned/gag-pol-env/sample.466.fa -p 0517818982 -x 0517818982 -f a -N 100 -m GTRGAMMA -w /gpfs_home/mhowison/code/hiv-profile-sampling/scratch/trees/gag-pol-env -n sample.466 



Time for BS model parameter optimization 0.192902
Bootstrap[0]: Time 1.197421 seconds, bootstrap likelihood -64440.440999, best rearrangement setting 5
Bootstrap[1]: Time 1.190939 seconds, bootstrap likelihood -63696.736769, best rearrangement setting 8
Bootstrap[2]: Time 1.311428 seconds, bootstrap likelihood -64212.796162, best rearrangement setting 11
Bootstrap[3]: Time 1.231683 seconds, bootstrap likelihood -63557.986799, best rearrangement setting 15
Bootstrap[4]: Time 1.139538 seconds, bootstrap likelihood -65555.855813, best rearrangement setting 6
Bootstrap[5]: Time 1.020357 seconds, bootstrap likelihood -64909.579418, best rearrangement setting 5
Bootstrap[6]: Time 1.256420 seconds, bootstrap likelihood -65734.294077, best rearrangement setting 7
Bootstrap[7]: Time 0.925226 seconds, bootstrap likelihood -63770.472570, best rearrangement setting 5
Bootstrap[8]: Time 1.346431 seconds, bootstrap likelihood -64358.693794, best rearrangement setting 10
Bootstrap[9]: Time 1.234676 seconds, bootstrap likelihood -64559.676862, best rearrangement setting 9
Bootstrap[10]: Time 1.485864 seconds, bootstrap likelihood -63400.478518, best rearrangement setting 8
Bootstrap[11]: Time 1.256525 seconds, bootstrap likelihood -64196.430049, best rearrangement setting 11
Bootstrap[12]: Time 1.325429 seconds, bootstrap likelihood -64889.991070, best rearrangement setting 12
Bootstrap[13]: Time 1.337477 seconds, bootstrap likelihood -64492.658392, best rearrangement setting 9
Bootstrap[14]: Time 1.258923 seconds, bootstrap likelihood -63573.513742, best rearrangement setting 12
Bootstrap[15]: Time 1.288985 seconds, bootstrap likelihood -65260.983206, best rearrangement setting 10
Bootstrap[16]: Time 1.282036 seconds, bootstrap likelihood -64359.305803, best rearrangement setting 8
Bootstrap[17]: Time 1.627480 seconds, bootstrap likelihood -64663.791631, best rearrangement setting 14
Bootstrap[18]: Time 1.162417 seconds, bootstrap likelihood -63418.108819, best rearrangement setting 6
Bootstrap[19]: Time 1.275873 seconds, bootstrap likelihood -64380.410928, best rearrangement setting 13
Bootstrap[20]: Time 1.306330 seconds, bootstrap likelihood -64856.494201, best rearrangement setting 13
Bootstrap[21]: Time 1.255932 seconds, bootstrap likelihood -63266.368237, best rearrangement setting 10
Bootstrap[22]: Time 1.216497 seconds, bootstrap likelihood -63649.743603, best rearrangement setting 8
Bootstrap[23]: Time 1.273906 seconds, bootstrap likelihood -63736.105908, best rearrangement setting 8
Bootstrap[24]: Time 1.328936 seconds, bootstrap likelihood -64069.048214, best rearrangement setting 10
Bootstrap[25]: Time 1.174837 seconds, bootstrap likelihood -63150.496851, best rearrangement setting 7
Bootstrap[26]: Time 1.545216 seconds, bootstrap likelihood -62101.650916, best rearrangement setting 12
Bootstrap[27]: Time 1.331179 seconds, bootstrap likelihood -64763.777123, best rearrangement setting 10
Bootstrap[28]: Time 1.209044 seconds, bootstrap likelihood -64229.126930, best rearrangement setting 8
Bootstrap[29]: Time 1.268022 seconds, bootstrap likelihood -64343.449410, best rearrangement setting 8
Bootstrap[30]: Time 1.356958 seconds, bootstrap likelihood -62013.421960, best rearrangement setting 14
Bootstrap[31]: Time 1.522924 seconds, bootstrap likelihood -65177.980975, best rearrangement setting 13
Bootstrap[32]: Time 1.363702 seconds, bootstrap likelihood -63755.024682, best rearrangement setting 14
Bootstrap[33]: Time 1.221580 seconds, bootstrap likelihood -63985.216573, best rearrangement setting 11
Bootstrap[34]: Time 1.269461 seconds, bootstrap likelihood -65147.979829, best rearrangement setting 9
Bootstrap[35]: Time 1.246294 seconds, bootstrap likelihood -62694.649485, best rearrangement setting 14
Bootstrap[36]: Time 1.229047 seconds, bootstrap likelihood -65363.245827, best rearrangement setting 15
Bootstrap[37]: Time 1.414436 seconds, bootstrap likelihood -64224.679578, best rearrangement setting 13
Bootstrap[38]: Time 1.235482 seconds, bootstrap likelihood -64190.674907, best rearrangement setting 7
Bootstrap[39]: Time 1.307065 seconds, bootstrap likelihood -65465.533768, best rearrangement setting 10
Bootstrap[40]: Time 1.422845 seconds, bootstrap likelihood -63642.216813, best rearrangement setting 7
Bootstrap[41]: Time 1.451199 seconds, bootstrap likelihood -64105.022834, best rearrangement setting 14
Bootstrap[42]: Time 1.351350 seconds, bootstrap likelihood -65250.074189, best rearrangement setting 15
Bootstrap[43]: Time 1.144822 seconds, bootstrap likelihood -64457.598442, best rearrangement setting 7
Bootstrap[44]: Time 1.368502 seconds, bootstrap likelihood -63714.166132, best rearrangement setting 9
Bootstrap[45]: Time 1.274624 seconds, bootstrap likelihood -64896.706614, best rearrangement setting 7
Bootstrap[46]: Time 1.360606 seconds, bootstrap likelihood -63905.136082, best rearrangement setting 13
Bootstrap[47]: Time 1.099556 seconds, bootstrap likelihood -64853.082301, best rearrangement setting 7
Bootstrap[48]: Time 1.345095 seconds, bootstrap likelihood -64772.735076, best rearrangement setting 11
Bootstrap[49]: Time 1.437073 seconds, bootstrap likelihood -63494.642561, best rearrangement setting 8
Bootstrap[50]: Time 1.477717 seconds, bootstrap likelihood -64461.304733, best rearrangement setting 13
Bootstrap[51]: Time 1.208657 seconds, bootstrap likelihood -64675.240920, best rearrangement setting 8
Bootstrap[52]: Time 1.070214 seconds, bootstrap likelihood -65796.677674, best rearrangement setting 6
Bootstrap[53]: Time 1.361359 seconds, bootstrap likelihood -63931.314468, best rearrangement setting 9
Bootstrap[54]: Time 1.288756 seconds, bootstrap likelihood -63076.735800, best rearrangement setting 9
Bootstrap[55]: Time 1.233717 seconds, bootstrap likelihood -63301.979328, best rearrangement setting 14
Bootstrap[56]: Time 1.335349 seconds, bootstrap likelihood -63561.158321, best rearrangement setting 13
Bootstrap[57]: Time 1.243048 seconds, bootstrap likelihood -63742.563894, best rearrangement setting 15
Bootstrap[58]: Time 1.186592 seconds, bootstrap likelihood -63536.738605, best rearrangement setting 6
Bootstrap[59]: Time 1.108720 seconds, bootstrap likelihood -65550.377401, best rearrangement setting 6
Bootstrap[60]: Time 1.823208 seconds, bootstrap likelihood -65192.656477, best rearrangement setting 8
Bootstrap[61]: Time 1.219192 seconds, bootstrap likelihood -63824.166900, best rearrangement setting 12
Bootstrap[62]: Time 1.472872 seconds, bootstrap likelihood -65457.160826, best rearrangement setting 14
Bootstrap[63]: Time 1.392801 seconds, bootstrap likelihood -64470.191515, best rearrangement setting 8
Bootstrap[64]: Time 1.136903 seconds, bootstrap likelihood -64523.038942, best rearrangement setting 6
Bootstrap[65]: Time 1.191142 seconds, bootstrap likelihood -64091.687764, best rearrangement setting 14
Bootstrap[66]: Time 1.358149 seconds, bootstrap likelihood -64925.320619, best rearrangement setting 8
Bootstrap[67]: Time 1.364506 seconds, bootstrap likelihood -65132.382419, best rearrangement setting 9
Bootstrap[68]: Time 1.275879 seconds, bootstrap likelihood -65126.225802, best rearrangement setting 10
Bootstrap[69]: Time 1.095354 seconds, bootstrap likelihood -62450.673311, best rearrangement setting 6
Bootstrap[70]: Time 1.236040 seconds, bootstrap likelihood -62786.305310, best rearrangement setting 15
Bootstrap[71]: Time 1.174802 seconds, bootstrap likelihood -62537.384398, best rearrangement setting 6
Bootstrap[72]: Time 1.764783 seconds, bootstrap likelihood -64047.165162, best rearrangement setting 8
Bootstrap[73]: Time 1.222102 seconds, bootstrap likelihood -64064.121417, best rearrangement setting 13
Bootstrap[74]: Time 1.149283 seconds, bootstrap likelihood -64575.522805, best rearrangement setting 11
Bootstrap[75]: Time 1.187352 seconds, bootstrap likelihood -65540.143549, best rearrangement setting 14
Bootstrap[76]: Time 1.118702 seconds, bootstrap likelihood -62615.516231, best rearrangement setting 13
Bootstrap[77]: Time 1.256974 seconds, bootstrap likelihood -63391.694064, best rearrangement setting 15
Bootstrap[78]: Time 1.274265 seconds, bootstrap likelihood -62636.740402, best rearrangement setting 14
Bootstrap[79]: Time 1.348541 seconds, bootstrap likelihood -64244.026942, best rearrangement setting 14
Bootstrap[80]: Time 1.303704 seconds, bootstrap likelihood -64518.489509, best rearrangement setting 9
Bootstrap[81]: Time 1.064304 seconds, bootstrap likelihood -62633.296980, best rearrangement setting 7
Bootstrap[82]: Time 1.238798 seconds, bootstrap likelihood -65073.144362, best rearrangement setting 13
Bootstrap[83]: Time 1.226118 seconds, bootstrap likelihood -64946.151996, best rearrangement setting 9
Bootstrap[84]: Time 1.507589 seconds, bootstrap likelihood -63422.155362, best rearrangement setting 7
Bootstrap[85]: Time 1.397657 seconds, bootstrap likelihood -65913.697252, best rearrangement setting 9
Bootstrap[86]: Time 1.107169 seconds, bootstrap likelihood -64600.075196, best rearrangement setting 6
Bootstrap[87]: Time 1.413831 seconds, bootstrap likelihood -63192.825532, best rearrangement setting 11
Bootstrap[88]: Time 1.163042 seconds, bootstrap likelihood -65149.513882, best rearrangement setting 6
Bootstrap[89]: Time 1.240339 seconds, bootstrap likelihood -63854.882679, best rearrangement setting 9
Bootstrap[90]: Time 1.339117 seconds, bootstrap likelihood -64640.534920, best rearrangement setting 14
Bootstrap[91]: Time 1.385481 seconds, bootstrap likelihood -63997.579493, best rearrangement setting 9
Bootstrap[92]: Time 1.096160 seconds, bootstrap likelihood -63491.142685, best rearrangement setting 7
Bootstrap[93]: Time 1.081932 seconds, bootstrap likelihood -64925.935309, best rearrangement setting 5
Bootstrap[94]: Time 1.240344 seconds, bootstrap likelihood -63936.820473, best rearrangement setting 9
Bootstrap[95]: Time 1.234287 seconds, bootstrap likelihood -63545.989727, best rearrangement setting 11
Bootstrap[96]: Time 1.528210 seconds, bootstrap likelihood -63926.822028, best rearrangement setting 14
Bootstrap[97]: Time 1.214562 seconds, bootstrap likelihood -63568.688358, best rearrangement setting 7
Bootstrap[98]: Time 1.365672 seconds, bootstrap likelihood -64196.818722, best rearrangement setting 9
Bootstrap[99]: Time 1.208049 seconds, bootstrap likelihood -62491.408330, best rearrangement setting 10


Overall Time for 100 Rapid Bootstraps 128.482793 seconds
Average Time per Rapid Bootstrap 1.284828 seconds

Starting ML Search ...

Fast ML optimization finished

Fast ML search Time: 125.255959 seconds

Slow ML Search 0 Likelihood: -64385.370874
Slow ML Search 1 Likelihood: -64385.370879
Slow ML Search 2 Likelihood: -64391.995070
Slow ML Search 3 Likelihood: -64385.363871
Slow ML Search 4 Likelihood: -64397.063187
Slow ML Search 5 Likelihood: -64397.655063
Slow ML Search 6 Likelihood: -64398.877430
Slow ML Search 7 Likelihood: -64399.186378
Slow ML Search 8 Likelihood: -64399.214090
Slow ML Search 9 Likelihood: -64399.214089
Slow ML optimization finished

Slow ML search Time: 25.216404 seconds
Thorough ML search Time: 2.131329 seconds

Final ML Optimization Likelihood: -64385.319622

Model Information:

Model Parameters of Partition 0, Name: No Name Provided, Type of Data: DNA
alpha: 0.329960
Tree-Length: 2.949783
rate A <-> C: 2.132256
rate A <-> G: 5.411892
rate A <-> T: 0.905952
rate C <-> G: 0.952396
rate C <-> T: 6.318672
rate G <-> T: 1.000000

freq pi(A): 0.369898
freq pi(C): 0.174283
freq pi(G): 0.234337
freq pi(T): 0.221483


ML search took 152.674356 secs or 0.042410 hours

Combined Bootstrap and ML search took 281.157289 secs or 0.078099 hours

Drawing Bootstrap Support Values on best-scoring ML tree ...



Found 1 tree in File /gpfs_home/mhowison/code/hiv-profile-sampling/scratch/trees/gag-pol-env/RAxML_bestTree.sample.466



Found 1 tree in File /gpfs_home/mhowison/code/hiv-profile-sampling/scratch/trees/gag-pol-env/RAxML_bestTree.sample.466

Program execution info written to /gpfs_home/mhowison/code/hiv-profile-sampling/scratch/trees/gag-pol-env/RAxML_info.sample.466
All 100 bootstrapped trees written to: /gpfs_home/mhowison/code/hiv-profile-sampling/scratch/trees/gag-pol-env/RAxML_bootstrap.sample.466

Best-scoring ML tree written to: /gpfs_home/mhowison/code/hiv-profile-sampling/scratch/trees/gag-pol-env/RAxML_bestTree.sample.466

Best-scoring ML tree with support values written to: /gpfs_home/mhowison/code/hiv-profile-sampling/scratch/trees/gag-pol-env/RAxML_bipartitions.sample.466

Best-scoring ML tree with support values as branch labels written to: /gpfs_home/mhowison/code/hiv-profile-sampling/scratch/trees/gag-pol-env/RAxML_bipartitionsBranchLabels.sample.466

Overall execution time for full ML analysis: 281.220296 secs or 0.078117 hours or 0.003255 days

