srun: job 263950 queued and waiting for resources
srun: job 263950 has been allocated resources
Warning, you specified a working directory via "-w"
Keep in mind that RAxML only accepts absolute path names, not relative ones!

RAxML can't, parse the alignment file as phylip file 
it will now try to parse it as FASTA file



Using BFGS method to optimize GTR rate parameters, to disable this specify "--no-bfgs" 


This is the RAxML Master Pthread

This is RAxML Worker Pthread Number: 2

This is RAxML Worker Pthread Number: 4

This is RAxML Worker Pthread Number: 1

This is RAxML Worker Pthread Number: 3

This is RAxML Worker Pthread Number: 5

This is RAxML Worker Pthread Number: 6

This is RAxML Worker Pthread Number: 7

This is RAxML Worker Pthread Number: 8

This is RAxML Worker Pthread Number: 10

This is RAxML Worker Pthread Number: 9

This is RAxML Worker Pthread Number: 11

This is RAxML Worker Pthread Number: 12

This is RAxML Worker Pthread Number: 13

This is RAxML Worker Pthread Number: 14

This is RAxML Worker Pthread Number: 16

This is RAxML Worker Pthread Number: 19

This is RAxML Worker Pthread Number: 18

This is RAxML Worker Pthread Number: 17

This is RAxML Worker Pthread Number: 15


This is RAxML version 8.2.12 released by Alexandros Stamatakis on May 2018.

With greatly appreciated code contributions by:
Andre Aberer      (HITS)
Simon Berger      (HITS)
Alexey Kozlov     (HITS)
Kassian Kobert    (HITS)
David Dao         (KIT and HITS)
Sarah Lutteropp   (KIT and HITS)
Nick Pattengale   (Sandia)
Wayne Pfeiffer    (SDSC)
Akifumi S. Tanabe (NRIFS)
Charlie Taylor    (UF)


Alignment has 3169 distinct alignment patterns

Proportion of gaps and completely undetermined characters in this alignment: 6.11%

RAxML rapid bootstrapping and subsequent ML search

Using 1 distinct models/data partitions with joint branch length optimization



Executing 100 rapid bootstrap inferences and thereafter a thorough ML search 

All free model parameters will be estimated by RAxML
GAMMA model of rate heterogeneity, ML estimate of alpha-parameter

GAMMA Model parameters will be estimated up to an accuracy of 0.1000000000 Log Likelihood units

Partition: 0
Alignment Patterns: 3169
Name: No Name Provided
DataType: DNA
Substitution Matrix: GTR




RAxML was called as follows:

raxmlHPC-PTHREADS-AVX -T 20 -s scratch/aligned/gag-pol-env/sample.1.fa -p 5266886534 -x 5266886534 -f a -N 100 -m GTRGAMMA -w /gpfs_home/mhowison/code/hiv-profile-sampling/scratch/trees/gag-pol-env -n sample.1 



Time for BS model parameter optimization 0.213068
Bootstrap[0]: Time 1.663567 seconds, bootstrap likelihood -63440.488608, best rearrangement setting 12
Bootstrap[1]: Time 2.197776 seconds, bootstrap likelihood -62553.929815, best rearrangement setting 8
Bootstrap[2]: Time 1.534658 seconds, bootstrap likelihood -63512.307664, best rearrangement setting 8
Bootstrap[3]: Time 1.335101 seconds, bootstrap likelihood -64941.866862, best rearrangement setting 6
Bootstrap[4]: Time 1.189438 seconds, bootstrap likelihood -64804.714805, best rearrangement setting 9
Bootstrap[5]: Time 1.223555 seconds, bootstrap likelihood -64542.945179, best rearrangement setting 7
Bootstrap[6]: Time 1.352319 seconds, bootstrap likelihood -63937.335264, best rearrangement setting 15
Bootstrap[7]: Time 1.284350 seconds, bootstrap likelihood -64654.994027, best rearrangement setting 10
Bootstrap[8]: Time 1.814632 seconds, bootstrap likelihood -63588.752547, best rearrangement setting 14
Bootstrap[9]: Time 1.020815 seconds, bootstrap likelihood -63162.487197, best rearrangement setting 5
Bootstrap[10]: Time 1.292584 seconds, bootstrap likelihood -64407.452503, best rearrangement setting 9
Bootstrap[11]: Time 1.211101 seconds, bootstrap likelihood -64857.740044, best rearrangement setting 7
Bootstrap[12]: Time 1.294575 seconds, bootstrap likelihood -63888.727702, best rearrangement setting 14
Bootstrap[13]: Time 1.405287 seconds, bootstrap likelihood -64097.600710, best rearrangement setting 10
Bootstrap[14]: Time 1.366337 seconds, bootstrap likelihood -63782.672830, best rearrangement setting 8
Bootstrap[15]: Time 1.251416 seconds, bootstrap likelihood -64945.877598, best rearrangement setting 7
Bootstrap[16]: Time 1.425034 seconds, bootstrap likelihood -65778.917085, best rearrangement setting 8
Bootstrap[17]: Time 1.255070 seconds, bootstrap likelihood -64893.700081, best rearrangement setting 7
Bootstrap[18]: Time 1.412523 seconds, bootstrap likelihood -63437.095804, best rearrangement setting 11
Bootstrap[19]: Time 1.347797 seconds, bootstrap likelihood -63842.133058, best rearrangement setting 8
Bootstrap[20]: Time 7.913443 seconds, bootstrap likelihood -64400.052231, best rearrangement setting 8
Bootstrap[21]: Time 1.379787 seconds, bootstrap likelihood -65989.439224, best rearrangement setting 11
Bootstrap[22]: Time 1.255480 seconds, bootstrap likelihood -64372.366596, best rearrangement setting 8
Bootstrap[23]: Time 1.148737 seconds, bootstrap likelihood -63475.742140, best rearrangement setting 15
Bootstrap[24]: Time 1.308492 seconds, bootstrap likelihood -64719.063259, best rearrangement setting 12
Bootstrap[25]: Time 1.462303 seconds, bootstrap likelihood -64720.038938, best rearrangement setting 14
Bootstrap[26]: Time 1.339133 seconds, bootstrap likelihood -64557.098550, best rearrangement setting 12
Bootstrap[27]: Time 16.236850 seconds, bootstrap likelihood -63477.586096, best rearrangement setting 5
Bootstrap[28]: Time 1.372154 seconds, bootstrap likelihood -64286.509772, best rearrangement setting 8
Bootstrap[29]: Time 1.270480 seconds, bootstrap likelihood -64712.445359, best rearrangement setting 13
Bootstrap[30]: Time 1.276810 seconds, bootstrap likelihood -65095.863395, best rearrangement setting 10
Bootstrap[31]: Time 2.927122 seconds, bootstrap likelihood -63562.332673, best rearrangement setting 10
Bootstrap[32]: Time 1.404885 seconds, bootstrap likelihood -63944.995319, best rearrangement setting 10
Bootstrap[33]: Time 3.967481 seconds, bootstrap likelihood -63196.838213, best rearrangement setting 11
Bootstrap[34]: Time 1.002483 seconds, bootstrap likelihood -64391.106483, best rearrangement setting 5
Bootstrap[35]: Time 1.068884 seconds, bootstrap likelihood -63173.088254, best rearrangement setting 6
Bootstrap[36]: Time 37.798701 seconds, bootstrap likelihood -62567.119617, best rearrangement setting 9
Bootstrap[37]: Time 1.353202 seconds, bootstrap likelihood -65109.213255, best rearrangement setting 14
Bootstrap[38]: Time 1.185704 seconds, bootstrap likelihood -64575.809535, best rearrangement setting 10
Bootstrap[39]: Time 1.244103 seconds, bootstrap likelihood -64966.287916, best rearrangement setting 9
Bootstrap[40]: Time 1.465530 seconds, bootstrap likelihood -64934.489597, best rearrangement setting 12
Bootstrap[41]: Time 8.620233 seconds, bootstrap likelihood -64602.822584, best rearrangement setting 8
Bootstrap[42]: Time 1.145027 seconds, bootstrap likelihood -64441.773425, best rearrangement setting 6
Bootstrap[43]: Time 1.174626 seconds, bootstrap likelihood -65645.840453, best rearrangement setting 10
Bootstrap[44]: Time 1.044457 seconds, bootstrap likelihood -64001.339974, best rearrangement setting 15
Bootstrap[45]: Time 1.283568 seconds, bootstrap likelihood -64044.307270, best rearrangement setting 9
Bootstrap[46]: Time 1.337534 seconds, bootstrap likelihood -64658.094358, best rearrangement setting 8
Bootstrap[47]: Time 1.912507 seconds, bootstrap likelihood -63971.944700, best rearrangement setting 5
Bootstrap[48]: Time 77.565163 seconds, bootstrap likelihood -63707.070526, best rearrangement setting 12
Bootstrap[49]: Time 1.358379 seconds, bootstrap likelihood -64402.922547, best rearrangement setting 14
Bootstrap[50]: Time 1.265327 seconds, bootstrap likelihood -64895.079455, best rearrangement setting 8
Bootstrap[51]: Time 1.354701 seconds, bootstrap likelihood -63899.492165, best rearrangement setting 10
Bootstrap[52]: Time 1.655531 seconds, bootstrap likelihood -63153.377283, best rearrangement setting 11
Bootstrap[53]: Time 1.110862 seconds, bootstrap likelihood -64953.381091, best rearrangement setting 6
Bootstrap[54]: Time 1.184865 seconds, bootstrap likelihood -65458.091807, best rearrangement setting 6
Bootstrap[55]: Time 1.061369 seconds, bootstrap likelihood -64368.810754, best rearrangement setting 6
Bootstrap[56]: Time 1.377353 seconds, bootstrap likelihood -64948.113940, best rearrangement setting 9
Bootstrap[57]: Time 1.138000 seconds, bootstrap likelihood -64023.755311, best rearrangement setting 13
Bootstrap[58]: Time 1.307655 seconds, bootstrap likelihood -65042.902518, best rearrangement setting 11
Bootstrap[59]: Time 1.416206 seconds, bootstrap likelihood -63883.723928, best rearrangement setting 12
Bootstrap[60]: Time 1.183003 seconds, bootstrap likelihood -64829.016281, best rearrangement setting 14
Bootstrap[61]: Time 1.267141 seconds, bootstrap likelihood -65079.222228, best rearrangement setting 9
Bootstrap[62]: Time 5.478202 seconds, bootstrap likelihood -63580.924410, best rearrangement setting 7
Bootstrap[63]: Time 1.186270 seconds, bootstrap likelihood -62949.048844, best rearrangement setting 12
Bootstrap[64]: Time 1.402550 seconds, bootstrap likelihood -65739.980745, best rearrangement setting 13
Bootstrap[65]: Time 1.318074 seconds, bootstrap likelihood -64709.505572, best rearrangement setting 11
Bootstrap[66]: Time 1.060236 seconds, bootstrap likelihood -63937.240551, best rearrangement setting 7
Bootstrap[67]: Time 0.942906 seconds, bootstrap likelihood -63164.132593, best rearrangement setting 5
Bootstrap[68]: Time 31.694356 seconds, bootstrap likelihood -65339.650503, best rearrangement setting 5
Bootstrap[69]: Time 1.338494 seconds, bootstrap likelihood -66176.302592, best rearrangement setting 11
Bootstrap[70]: Time 1.118452 seconds, bootstrap likelihood -63878.756721, best rearrangement setting 7
Bootstrap[71]: Time 1.050068 seconds, bootstrap likelihood -64063.752315, best rearrangement setting 5
Bootstrap[72]: Time 1.529215 seconds, bootstrap likelihood -64153.558071, best rearrangement setting 12
Bootstrap[73]: Time 1.178784 seconds, bootstrap likelihood -65195.214417, best rearrangement setting 7
Bootstrap[74]: Time 7.203096 seconds, bootstrap likelihood -64628.069641, best rearrangement setting 15
Bootstrap[75]: Time 3.607417 seconds, bootstrap likelihood -63141.416535, best rearrangement setting 14
Bootstrap[76]: Time 1.259068 seconds, bootstrap likelihood -64194.577116, best rearrangement setting 7
Bootstrap[77]: Time 1.360630 seconds, bootstrap likelihood -64485.760365, best rearrangement setting 12
Bootstrap[78]: Time 1.420937 seconds, bootstrap likelihood -65493.681452, best rearrangement setting 13
Bootstrap[79]: Time 1.029373 seconds, bootstrap likelihood -62811.246655, best rearrangement setting 5
Bootstrap[80]: Time 3.627233 seconds, bootstrap likelihood -65151.859071, best rearrangement setting 6
Bootstrap[81]: Time 2.161445 seconds, bootstrap likelihood -65304.110585, best rearrangement setting 12
Bootstrap[82]: Time 19.615791 seconds, bootstrap likelihood -64924.079034, best rearrangement setting 14
Bootstrap[83]: Time 24.499194 seconds, bootstrap likelihood -65120.078032, best rearrangement setting 15
Bootstrap[84]: Time 1.695265 seconds, bootstrap likelihood -65309.751160, best rearrangement setting 10
Bootstrap[85]: Time 1.275272 seconds, bootstrap likelihood -65720.197808, best rearrangement setting 9
Bootstrap[86]: Time 1.355585 seconds, bootstrap likelihood -64478.053604, best rearrangement setting 12
Bootstrap[87]: Time 1.239671 seconds, bootstrap likelihood -64770.417564, best rearrangement setting 10
Bootstrap[88]: Time 4.430530 seconds, bootstrap likelihood -64668.949654, best rearrangement setting 13
Bootstrap[89]: Time 1.337314 seconds, bootstrap likelihood -64735.517342, best rearrangement setting 13
Bootstrap[90]: Time 1.069935 seconds, bootstrap likelihood -65534.405346, best rearrangement setting 5
Bootstrap[91]: Time 1.273791 seconds, bootstrap likelihood -64302.391573, best rearrangement setting 12
Bootstrap[92]: Time 1.394885 seconds, bootstrap likelihood -63246.644589, best rearrangement setting 9
Bootstrap[93]: Time 38.039770 seconds, bootstrap likelihood -65416.271611, best rearrangement setting 14
Bootstrap[94]: Time 1.000097 seconds, bootstrap likelihood -64878.499674, best rearrangement setting 5
Bootstrap[95]: Time 1.237206 seconds, bootstrap likelihood -65517.075970, best rearrangement setting 10
Bootstrap[96]: Time 1.100671 seconds, bootstrap likelihood -64381.018981, best rearrangement setting 14
Bootstrap[97]: Time 1.195960 seconds, bootstrap likelihood -64331.249144, best rearrangement setting 15
Bootstrap[98]: Time 1.183753 seconds, bootstrap likelihood -64653.892331, best rearrangement setting 11
Bootstrap[99]: Time 0.976824 seconds, bootstrap likelihood -64739.500296, best rearrangement setting 5


Overall Time for 100 Rapid Bootstraps 403.095742 seconds
Average Time per Rapid Bootstrap 4.030957 seconds

Starting ML Search ...

Fast ML optimization finished

Fast ML search Time: 485.416135 seconds

Slow ML Search 0 Likelihood: -64422.397347
Slow ML Search 1 Likelihood: -64422.397344
Slow ML Search 2 Likelihood: -64423.808582
Slow ML Search 3 Likelihood: -64426.002225
Slow ML Search 4 Likelihood: -64426.004215
Slow ML Search 5 Likelihood: -64428.916537
Slow ML Search 6 Likelihood: -64422.397346
Slow ML Search 7 Likelihood: -64429.898879
Slow ML Search 8 Likelihood: -64429.898879
Slow ML Search 9 Likelihood: -64429.898878
Slow ML optimization finished

Slow ML search Time: 111.630064 seconds
Thorough ML search Time: 2.259139 seconds

Final ML Optimization Likelihood: -64422.420592

Model Information:

Model Parameters of Partition 0, Name: No Name Provided, Type of Data: DNA
alpha: 0.328679
Tree-Length: 3.054030
rate A <-> C: 2.149667
rate A <-> G: 5.461374
rate A <-> T: 0.890924
rate C <-> G: 0.994839
rate C <-> T: 6.365450
rate G <-> T: 1.000000

freq pi(A): 0.369774
freq pi(C): 0.174042
freq pi(G): 0.234383
freq pi(T): 0.221802


ML search took 599.309403 secs or 0.166475 hours

Combined Bootstrap and ML search took 1002.405284 secs or 0.278446 hours

Drawing Bootstrap Support Values on best-scoring ML tree ...



Found 1 tree in File /gpfs_home/mhowison/code/hiv-profile-sampling/scratch/trees/gag-pol-env/RAxML_bestTree.sample.1



Found 1 tree in File /gpfs_home/mhowison/code/hiv-profile-sampling/scratch/trees/gag-pol-env/RAxML_bestTree.sample.1

Program execution info written to /gpfs_home/mhowison/code/hiv-profile-sampling/scratch/trees/gag-pol-env/RAxML_info.sample.1
All 100 bootstrapped trees written to: /gpfs_home/mhowison/code/hiv-profile-sampling/scratch/trees/gag-pol-env/RAxML_bootstrap.sample.1

Best-scoring ML tree written to: /gpfs_home/mhowison/code/hiv-profile-sampling/scratch/trees/gag-pol-env/RAxML_bestTree.sample.1

Best-scoring ML tree with support values written to: /gpfs_home/mhowison/code/hiv-profile-sampling/scratch/trees/gag-pol-env/RAxML_bipartitions.sample.1

Best-scoring ML tree with support values as branch labels written to: /gpfs_home/mhowison/code/hiv-profile-sampling/scratch/trees/gag-pol-env/RAxML_bipartitionsBranchLabels.sample.1

Overall execution time for full ML analysis: 1002.410565 secs or 0.278447 hours or 0.011602 days

