srun: job 264085 queued and waiting for resources
srun: job 264085 has been allocated resources
Warning, you specified a working directory via "-w"
Keep in mind that RAxML only accepts absolute path names, not relative ones!

RAxML can't, parse the alignment file as phylip file 
it will now try to parse it as FASTA file



Using BFGS method to optimize GTR rate parameters, to disable this specify "--no-bfgs" 


This is the RAxML Master Pthread

This is RAxML Worker Pthread Number: 2

This is RAxML Worker Pthread Number: 6

This is RAxML Worker Pthread Number: 3

This is RAxML Worker Pthread Number: 4

This is RAxML Worker Pthread Number: 1

This is RAxML Worker Pthread Number: 5

This is RAxML Worker Pthread Number: 7

This is RAxML Worker Pthread Number: 8

This is RAxML Worker Pthread Number: 10

This is RAxML Worker Pthread Number: 9

This is RAxML Worker Pthread Number: 14

This is RAxML Worker Pthread Number: 13

This is RAxML Worker Pthread Number: 11

This is RAxML Worker Pthread Number: 12

This is RAxML Worker Pthread Number: 15

This is RAxML Worker Pthread Number: 16

This is RAxML Worker Pthread Number: 18

This is RAxML Worker Pthread Number: 19

This is RAxML Worker Pthread Number: 17


This is RAxML version 8.2.12 released by Alexandros Stamatakis on May 2018.

With greatly appreciated code contributions by:
Andre Aberer      (HITS)
Simon Berger      (HITS)
Alexey Kozlov     (HITS)
Kassian Kobert    (HITS)
David Dao         (KIT and HITS)
Sarah Lutteropp   (KIT and HITS)
Nick Pattengale   (Sandia)
Wayne Pfeiffer    (SDSC)
Akifumi S. Tanabe (NRIFS)
Charlie Taylor    (UF)


Alignment has 3210 distinct alignment patterns

Proportion of gaps and completely undetermined characters in this alignment: 6.11%

RAxML rapid bootstrapping and subsequent ML search

Using 1 distinct models/data partitions with joint branch length optimization



Executing 100 rapid bootstrap inferences and thereafter a thorough ML search 

All free model parameters will be estimated by RAxML
GAMMA model of rate heterogeneity, ML estimate of alpha-parameter

GAMMA Model parameters will be estimated up to an accuracy of 0.1000000000 Log Likelihood units

Partition: 0
Alignment Patterns: 3210
Name: No Name Provided
DataType: DNA
Substitution Matrix: GTR




RAxML was called as follows:

raxmlHPC-PTHREADS-AVX -T 20 -s scratch/aligned/gag-pol-env/sample.199.fa -p 3069633021 -x 3069633021 -f a -N 100 -m GTRGAMMA -w /gpfs_home/mhowison/code/hiv-profile-sampling/scratch/trees/gag-pol-env -n sample.199 



Time for BS model parameter optimization 0.183415
Bootstrap[0]: Time 2.042096 seconds, bootstrap likelihood -65047.872244, best rearrangement setting 13
Bootstrap[1]: Time 1.159375 seconds, bootstrap likelihood -64991.306535, best rearrangement setting 12
Bootstrap[2]: Time 1.090500 seconds, bootstrap likelihood -63981.761495, best rearrangement setting 10
Bootstrap[3]: Time 1.081536 seconds, bootstrap likelihood -64916.054296, best rearrangement setting 6
Bootstrap[4]: Time 1.203055 seconds, bootstrap likelihood -65043.024034, best rearrangement setting 7
Bootstrap[5]: Time 1.153908 seconds, bootstrap likelihood -64996.488490, best rearrangement setting 13
Bootstrap[6]: Time 1.121836 seconds, bootstrap likelihood -64214.346443, best rearrangement setting 11
Bootstrap[7]: Time 1.154361 seconds, bootstrap likelihood -64559.209684, best rearrangement setting 13
Bootstrap[8]: Time 1.259533 seconds, bootstrap likelihood -63288.809947, best rearrangement setting 13
Bootstrap[9]: Time 45.226507 seconds, bootstrap likelihood -64443.069973, best rearrangement setting 13
Bootstrap[10]: Time 14.317169 seconds, bootstrap likelihood -64268.329346, best rearrangement setting 11
Bootstrap[11]: Time 13.485193 seconds, bootstrap likelihood -64801.972882, best rearrangement setting 10
Bootstrap[12]: Time 1.146486 seconds, bootstrap likelihood -64456.597142, best rearrangement setting 9
Bootstrap[13]: Time 1.300149 seconds, bootstrap likelihood -64178.819458, best rearrangement setting 9
Bootstrap[14]: Time 7.040600 seconds, bootstrap likelihood -64435.072982, best rearrangement setting 13
Bootstrap[15]: Time 7.250621 seconds, bootstrap likelihood -64566.810881, best rearrangement setting 8
Bootstrap[16]: Time 4.018440 seconds, bootstrap likelihood -65787.393718, best rearrangement setting 8
Bootstrap[17]: Time 5.317401 seconds, bootstrap likelihood -63646.038017, best rearrangement setting 7
Bootstrap[18]: Time 0.972830 seconds, bootstrap likelihood -63264.177328, best rearrangement setting 6
Bootstrap[19]: Time 1.161803 seconds, bootstrap likelihood -65377.810563, best rearrangement setting 12
Bootstrap[20]: Time 1.087344 seconds, bootstrap likelihood -62257.385872, best rearrangement setting 15
Bootstrap[21]: Time 1.294578 seconds, bootstrap likelihood -63884.655615, best rearrangement setting 14
Bootstrap[22]: Time 1.278356 seconds, bootstrap likelihood -64621.352265, best rearrangement setting 7
Bootstrap[23]: Time 1.344147 seconds, bootstrap likelihood -64116.419312, best rearrangement setting 10
Bootstrap[24]: Time 1.130970 seconds, bootstrap likelihood -65174.237639, best rearrangement setting 10
Bootstrap[25]: Time 1.117150 seconds, bootstrap likelihood -65093.755156, best rearrangement setting 7
Bootstrap[26]: Time 1.085734 seconds, bootstrap likelihood -63584.931731, best rearrangement setting 11
Bootstrap[27]: Time 1.195036 seconds, bootstrap likelihood -66085.963241, best rearrangement setting 10
Bootstrap[28]: Time 10.802491 seconds, bootstrap likelihood -63134.287962, best rearrangement setting 13
Bootstrap[29]: Time 1.073559 seconds, bootstrap likelihood -63612.384880, best rearrangement setting 10
Bootstrap[30]: Time 1.260009 seconds, bootstrap likelihood -64714.021836, best rearrangement setting 15
Bootstrap[31]: Time 1.138585 seconds, bootstrap likelihood -64208.814408, best rearrangement setting 11
Bootstrap[32]: Time 1.343497 seconds, bootstrap likelihood -64381.867184, best rearrangement setting 14
Bootstrap[33]: Time 3.239949 seconds, bootstrap likelihood -64894.057885, best rearrangement setting 11
Bootstrap[34]: Time 1.342619 seconds, bootstrap likelihood -64760.352588, best rearrangement setting 8
Bootstrap[35]: Time 1.184180 seconds, bootstrap likelihood -63837.775377, best rearrangement setting 6
Bootstrap[36]: Time 1.078089 seconds, bootstrap likelihood -65825.754812, best rearrangement setting 5
Bootstrap[37]: Time 1.095914 seconds, bootstrap likelihood -67526.569273, best rearrangement setting 6
Bootstrap[38]: Time 1.249929 seconds, bootstrap likelihood -63412.483297, best rearrangement setting 9
Bootstrap[39]: Time 3.369885 seconds, bootstrap likelihood -65540.054739, best rearrangement setting 15
Bootstrap[40]: Time 1.200588 seconds, bootstrap likelihood -63835.746977, best rearrangement setting 10
Bootstrap[41]: Time 2.713278 seconds, bootstrap likelihood -64330.348782, best rearrangement setting 5
Bootstrap[42]: Time 1.249257 seconds, bootstrap likelihood -63894.620657, best rearrangement setting 12
Bootstrap[43]: Time 1.390438 seconds, bootstrap likelihood -64883.656831, best rearrangement setting 8
Bootstrap[44]: Time 1.415318 seconds, bootstrap likelihood -64922.630075, best rearrangement setting 12
Bootstrap[45]: Time 1.209251 seconds, bootstrap likelihood -65635.509794, best rearrangement setting 7
Bootstrap[46]: Time 1.144063 seconds, bootstrap likelihood -64089.409185, best rearrangement setting 6
Bootstrap[47]: Time 1.149398 seconds, bootstrap likelihood -66784.761049, best rearrangement setting 9
Bootstrap[48]: Time 1.171860 seconds, bootstrap likelihood -65342.067905, best rearrangement setting 6
Bootstrap[49]: Time 1.336950 seconds, bootstrap likelihood -63945.791668, best rearrangement setting 9
Bootstrap[50]: Time 1.042839 seconds, bootstrap likelihood -65701.530358, best rearrangement setting 5
Bootstrap[51]: Time 1.334313 seconds, bootstrap likelihood -64069.907160, best rearrangement setting 13
Bootstrap[52]: Time 2.112660 seconds, bootstrap likelihood -64434.222049, best rearrangement setting 13
Bootstrap[53]: Time 1.231850 seconds, bootstrap likelihood -64390.551911, best rearrangement setting 13
Bootstrap[54]: Time 1.249307 seconds, bootstrap likelihood -64720.734819, best rearrangement setting 8
Bootstrap[55]: Time 1.295105 seconds, bootstrap likelihood -62706.379225, best rearrangement setting 10
Bootstrap[56]: Time 1.273264 seconds, bootstrap likelihood -64584.426226, best rearrangement setting 9
Bootstrap[57]: Time 1.057584 seconds, bootstrap likelihood -63400.970975, best rearrangement setting 5
Bootstrap[58]: Time 1.106883 seconds, bootstrap likelihood -64459.817986, best rearrangement setting 12
Bootstrap[59]: Time 7.300196 seconds, bootstrap likelihood -64804.524840, best rearrangement setting 12
Bootstrap[60]: Time 1.299347 seconds, bootstrap likelihood -65717.883653, best rearrangement setting 9
Bootstrap[61]: Time 13.089898 seconds, bootstrap likelihood -66010.406580, best rearrangement setting 14
Bootstrap[62]: Time 3.597107 seconds, bootstrap likelihood -65435.138118, best rearrangement setting 9
Bootstrap[63]: Time 1.102861 seconds, bootstrap likelihood -64408.391557, best rearrangement setting 7
Bootstrap[64]: Time 1.188723 seconds, bootstrap likelihood -64954.399196, best rearrangement setting 6
Bootstrap[65]: Time 1.248090 seconds, bootstrap likelihood -64292.581163, best rearrangement setting 14
Bootstrap[66]: Time 0.949395 seconds, bootstrap likelihood -65431.649144, best rearrangement setting 5
Bootstrap[67]: Time 1.391794 seconds, bootstrap likelihood -65080.820259, best rearrangement setting 11
Bootstrap[68]: Time 4.319602 seconds, bootstrap likelihood -65828.129388, best rearrangement setting 11
Bootstrap[69]: Time 1.329422 seconds, bootstrap likelihood -65496.539565, best rearrangement setting 12
Bootstrap[70]: Time 1.039565 seconds, bootstrap likelihood -63626.958868, best rearrangement setting 6
Bootstrap[71]: Time 1.141984 seconds, bootstrap likelihood -65318.633678, best rearrangement setting 7
Bootstrap[72]: Time 0.936080 seconds, bootstrap likelihood -62549.483458, best rearrangement setting 5
Bootstrap[73]: Time 1.313490 seconds, bootstrap likelihood -64500.332864, best rearrangement setting 15
Bootstrap[74]: Time 0.930528 seconds, bootstrap likelihood -64036.717522, best rearrangement setting 5
Bootstrap[75]: Time 1.186274 seconds, bootstrap likelihood -63989.500710, best rearrangement setting 10
Bootstrap[76]: Time 0.994363 seconds, bootstrap likelihood -62920.486448, best rearrangement setting 6
Bootstrap[77]: Time 1.249461 seconds, bootstrap likelihood -64089.383877, best rearrangement setting 11
Bootstrap[78]: Time 32.014361 seconds, bootstrap likelihood -65595.590018, best rearrangement setting 7
Bootstrap[79]: Time 64.828903 seconds, bootstrap likelihood -66483.140242, best rearrangement setting 12
Bootstrap[80]: Time 1.024743 seconds, bootstrap likelihood -66747.048738, best rearrangement setting 5
Bootstrap[81]: Time 1.226445 seconds, bootstrap likelihood -63351.437946, best rearrangement setting 10
Bootstrap[82]: Time 1.292551 seconds, bootstrap likelihood -65040.671417, best rearrangement setting 8
Bootstrap[83]: Time 1.201613 seconds, bootstrap likelihood -63945.317834, best rearrangement setting 8
Bootstrap[84]: Time 1.282564 seconds, bootstrap likelihood -64640.212578, best rearrangement setting 8
Bootstrap[85]: Time 1.472645 seconds, bootstrap likelihood -65456.987815, best rearrangement setting 10
Bootstrap[86]: Time 1.341271 seconds, bootstrap likelihood -64633.334180, best rearrangement setting 8
Bootstrap[87]: Time 1.377572 seconds, bootstrap likelihood -64867.962728, best rearrangement setting 7
Bootstrap[88]: Time 2.957503 seconds, bootstrap likelihood -63592.410859, best rearrangement setting 12
Bootstrap[89]: Time 1.397453 seconds, bootstrap likelihood -63345.376394, best rearrangement setting 12
Bootstrap[90]: Time 1.293328 seconds, bootstrap likelihood -63984.990739, best rearrangement setting 15
Bootstrap[91]: Time 1.101944 seconds, bootstrap likelihood -63798.099943, best rearrangement setting 6
Bootstrap[92]: Time 1.197581 seconds, bootstrap likelihood -65722.508592, best rearrangement setting 12
Bootstrap[93]: Time 1.223495 seconds, bootstrap likelihood -65549.619944, best rearrangement setting 10
Bootstrap[94]: Time 1.162531 seconds, bootstrap likelihood -66692.848482, best rearrangement setting 7
Bootstrap[95]: Time 1.826976 seconds, bootstrap likelihood -64090.284226, best rearrangement setting 7
Bootstrap[96]: Time 1.282705 seconds, bootstrap likelihood -63141.757216, best rearrangement setting 11
Bootstrap[97]: Time 26.497946 seconds, bootstrap likelihood -63340.210676, best rearrangement setting 13
Bootstrap[98]: Time 8.379313 seconds, bootstrap likelihood -64221.739525, best rearrangement setting 9
Bootstrap[99]: Time 23.165994 seconds, bootstrap likelihood -64203.645242, best rearrangement setting 12


Overall Time for 100 Rapid Bootstraps 400.223141 seconds
Average Time per Rapid Bootstrap 4.002231 seconds

Starting ML Search ...

Fast ML optimization finished

Fast ML search Time: 214.425093 seconds

Slow ML Search 0 Likelihood: -64723.147443
Slow ML Search 1 Likelihood: -64725.013885
Slow ML Search 2 Likelihood: -64726.450439
Slow ML Search 3 Likelihood: -64728.100182
Slow ML Search 4 Likelihood: -64729.833716
Slow ML Search 5 Likelihood: -64730.380450
Slow ML Search 6 Likelihood: -64731.022425
Slow ML Search 7 Likelihood: -64730.947078
Slow ML Search 8 Likelihood: -64733.458692
Slow ML Search 9 Likelihood: -64734.597741
Slow ML optimization finished

Slow ML search Time: 25.445366 seconds
Thorough ML search Time: 2.172134 seconds

Final ML Optimization Likelihood: -64723.147441

Model Information:

Model Parameters of Partition 0, Name: No Name Provided, Type of Data: DNA
alpha: 0.328361
Tree-Length: 3.070592
rate A <-> C: 2.358006
rate A <-> G: 5.745854
rate A <-> T: 0.945608
rate C <-> G: 1.000013
rate C <-> T: 6.679514
rate G <-> T: 1.000000

freq pi(A): 0.370192
freq pi(C): 0.174229
freq pi(G): 0.233980
freq pi(T): 0.221600


ML search took 242.048226 secs or 0.067236 hours

Combined Bootstrap and ML search took 642.271495 secs or 0.178409 hours

Drawing Bootstrap Support Values on best-scoring ML tree ...



Found 1 tree in File /gpfs_home/mhowison/code/hiv-profile-sampling/scratch/trees/gag-pol-env/RAxML_bestTree.sample.199



Found 1 tree in File /gpfs_home/mhowison/code/hiv-profile-sampling/scratch/trees/gag-pol-env/RAxML_bestTree.sample.199

Program execution info written to /gpfs_home/mhowison/code/hiv-profile-sampling/scratch/trees/gag-pol-env/RAxML_info.sample.199
All 100 bootstrapped trees written to: /gpfs_home/mhowison/code/hiv-profile-sampling/scratch/trees/gag-pol-env/RAxML_bootstrap.sample.199

Best-scoring ML tree written to: /gpfs_home/mhowison/code/hiv-profile-sampling/scratch/trees/gag-pol-env/RAxML_bestTree.sample.199

Best-scoring ML tree with support values written to: /gpfs_home/mhowison/code/hiv-profile-sampling/scratch/trees/gag-pol-env/RAxML_bipartitions.sample.199

Best-scoring ML tree with support values as branch labels written to: /gpfs_home/mhowison/code/hiv-profile-sampling/scratch/trees/gag-pol-env/RAxML_bipartitionsBranchLabels.sample.199

Overall execution time for full ML analysis: 642.285809 secs or 0.178413 hours or 0.007434 days

