srun: job 264748 queued and waiting for resources
srun: job 264748 has been allocated resources
Warning, you specified a working directory via "-w"
Keep in mind that RAxML only accepts absolute path names, not relative ones!

RAxML can't, parse the alignment file as phylip file 
it will now try to parse it as FASTA file



Using BFGS method to optimize GTR rate parameters, to disable this specify "--no-bfgs" 


This is the RAxML Master Pthread

This is RAxML Worker Pthread Number: 3

This is RAxML Worker Pthread Number: 2

This is RAxML Worker Pthread Number: 1

This is RAxML Worker Pthread Number: 4

This is RAxML Worker Pthread Number: 5

This is RAxML Worker Pthread Number: 7

This is RAxML Worker Pthread Number: 6

This is RAxML Worker Pthread Number: 8

This is RAxML Worker Pthread Number: 10

This is RAxML Worker Pthread Number: 11

This is RAxML Worker Pthread Number: 13

This is RAxML Worker Pthread Number: 9

This is RAxML Worker Pthread Number: 12

This is RAxML Worker Pthread Number: 14

This is RAxML Worker Pthread Number: 16

This is RAxML Worker Pthread Number: 15

This is RAxML Worker Pthread Number: 19

This is RAxML Worker Pthread Number: 18

This is RAxML Worker Pthread Number: 17


This is RAxML version 8.2.12 released by Alexandros Stamatakis on May 2018.

With greatly appreciated code contributions by:
Andre Aberer      (HITS)
Simon Berger      (HITS)
Alexey Kozlov     (HITS)
Kassian Kobert    (HITS)
David Dao         (KIT and HITS)
Sarah Lutteropp   (KIT and HITS)
Nick Pattengale   (Sandia)
Wayne Pfeiffer    (SDSC)
Akifumi S. Tanabe (NRIFS)
Charlie Taylor    (UF)


Alignment has 3183 distinct alignment patterns

Proportion of gaps and completely undetermined characters in this alignment: 6.11%

RAxML rapid bootstrapping and subsequent ML search

Using 1 distinct models/data partitions with joint branch length optimization



Executing 100 rapid bootstrap inferences and thereafter a thorough ML search 

All free model parameters will be estimated by RAxML
GAMMA model of rate heterogeneity, ML estimate of alpha-parameter

GAMMA Model parameters will be estimated up to an accuracy of 0.1000000000 Log Likelihood units

Partition: 0
Alignment Patterns: 3183
Name: No Name Provided
DataType: DNA
Substitution Matrix: GTR




RAxML was called as follows:

raxmlHPC-PTHREADS-AVX -T 20 -s scratch/aligned/gag-pol-env/sample.99.fa -p 6900699071 -x 6900699071 -f a -N 100 -m GTRGAMMA -w /gpfs_home/mhowison/code/hiv-profile-sampling/scratch/trees/gag-pol-env -n sample.99 



Time for BS model parameter optimization 0.179606
Bootstrap[0]: Time 1.399625 seconds, bootstrap likelihood -64798.122258, best rearrangement setting 12
Bootstrap[1]: Time 1.262359 seconds, bootstrap likelihood -65595.527173, best rearrangement setting 15
Bootstrap[2]: Time 1.239635 seconds, bootstrap likelihood -65434.789908, best rearrangement setting 14
Bootstrap[3]: Time 1.509620 seconds, bootstrap likelihood -64534.554255, best rearrangement setting 14
Bootstrap[4]: Time 1.319351 seconds, bootstrap likelihood -63725.545742, best rearrangement setting 14
Bootstrap[5]: Time 1.212831 seconds, bootstrap likelihood -63331.563894, best rearrangement setting 14
Bootstrap[6]: Time 1.079006 seconds, bootstrap likelihood -62953.291681, best rearrangement setting 7
Bootstrap[7]: Time 1.188149 seconds, bootstrap likelihood -64877.053759, best rearrangement setting 8
Bootstrap[8]: Time 1.089597 seconds, bootstrap likelihood -64526.010497, best rearrangement setting 11
Bootstrap[9]: Time 0.935704 seconds, bootstrap likelihood -64061.495753, best rearrangement setting 5
Bootstrap[10]: Time 0.990248 seconds, bootstrap likelihood -65001.924825, best rearrangement setting 5
Bootstrap[11]: Time 1.159797 seconds, bootstrap likelihood -64492.306163, best rearrangement setting 12
Bootstrap[12]: Time 0.890460 seconds, bootstrap likelihood -65126.512803, best rearrangement setting 5
Bootstrap[13]: Time 1.227194 seconds, bootstrap likelihood -64028.973163, best rearrangement setting 8
Bootstrap[14]: Time 1.184781 seconds, bootstrap likelihood -63351.546508, best rearrangement setting 12
Bootstrap[15]: Time 0.925245 seconds, bootstrap likelihood -65157.674947, best rearrangement setting 5
Bootstrap[16]: Time 1.718898 seconds, bootstrap likelihood -65066.627945, best rearrangement setting 9
Bootstrap[17]: Time 1.258986 seconds, bootstrap likelihood -65343.053710, best rearrangement setting 13
Bootstrap[18]: Time 1.460558 seconds, bootstrap likelihood -63502.288032, best rearrangement setting 13
Bootstrap[19]: Time 1.072282 seconds, bootstrap likelihood -65285.783363, best rearrangement setting 6
Bootstrap[20]: Time 1.278529 seconds, bootstrap likelihood -64964.113779, best rearrangement setting 13
Bootstrap[21]: Time 1.084295 seconds, bootstrap likelihood -65238.771404, best rearrangement setting 15
Bootstrap[22]: Time 1.220568 seconds, bootstrap likelihood -64922.066265, best rearrangement setting 8
Bootstrap[23]: Time 1.289244 seconds, bootstrap likelihood -64114.029909, best rearrangement setting 11
Bootstrap[24]: Time 1.077921 seconds, bootstrap likelihood -62962.669867, best rearrangement setting 8
Bootstrap[25]: Time 1.101922 seconds, bootstrap likelihood -64643.391480, best rearrangement setting 10
Bootstrap[26]: Time 1.167043 seconds, bootstrap likelihood -63977.578520, best rearrangement setting 11
Bootstrap[27]: Time 1.235722 seconds, bootstrap likelihood -64145.929313, best rearrangement setting 14
Bootstrap[28]: Time 1.458343 seconds, bootstrap likelihood -64754.000976, best rearrangement setting 8
Bootstrap[29]: Time 1.227658 seconds, bootstrap likelihood -65036.266424, best rearrangement setting 8
Bootstrap[30]: Time 1.371057 seconds, bootstrap likelihood -64635.967963, best rearrangement setting 13
Bootstrap[31]: Time 1.177866 seconds, bootstrap likelihood -63348.706227, best rearrangement setting 11
Bootstrap[32]: Time 1.217903 seconds, bootstrap likelihood -64206.515927, best rearrangement setting 13
Bootstrap[33]: Time 1.262319 seconds, bootstrap likelihood -63690.399532, best rearrangement setting 7
Bootstrap[34]: Time 1.059119 seconds, bootstrap likelihood -63604.536450, best rearrangement setting 7
Bootstrap[35]: Time 1.303294 seconds, bootstrap likelihood -65021.224594, best rearrangement setting 13
Bootstrap[36]: Time 1.148996 seconds, bootstrap likelihood -64672.453826, best rearrangement setting 9
Bootstrap[37]: Time 1.269440 seconds, bootstrap likelihood -64409.109635, best rearrangement setting 9
Bootstrap[38]: Time 1.046658 seconds, bootstrap likelihood -62570.927554, best rearrangement setting 6
Bootstrap[39]: Time 1.069137 seconds, bootstrap likelihood -63196.888554, best rearrangement setting 8
Bootstrap[40]: Time 1.691453 seconds, bootstrap likelihood -65656.355210, best rearrangement setting 7
Bootstrap[41]: Time 1.281995 seconds, bootstrap likelihood -64385.797336, best rearrangement setting 9
Bootstrap[42]: Time 1.132827 seconds, bootstrap likelihood -64485.269217, best rearrangement setting 9
Bootstrap[43]: Time 1.187416 seconds, bootstrap likelihood -65078.620108, best rearrangement setting 7
Bootstrap[44]: Time 1.183529 seconds, bootstrap likelihood -62444.443625, best rearrangement setting 7
Bootstrap[45]: Time 1.287138 seconds, bootstrap likelihood -63917.867842, best rearrangement setting 12
Bootstrap[46]: Time 1.338322 seconds, bootstrap likelihood -65703.854055, best rearrangement setting 13
Bootstrap[47]: Time 1.085509 seconds, bootstrap likelihood -63511.524251, best rearrangement setting 12
Bootstrap[48]: Time 1.144308 seconds, bootstrap likelihood -64709.560236, best rearrangement setting 13
Bootstrap[49]: Time 1.274762 seconds, bootstrap likelihood -65549.495945, best rearrangement setting 11
Bootstrap[50]: Time 1.152493 seconds, bootstrap likelihood -62659.910561, best rearrangement setting 12
Bootstrap[51]: Time 1.184524 seconds, bootstrap likelihood -64118.043646, best rearrangement setting 10
Bootstrap[52]: Time 1.350234 seconds, bootstrap likelihood -64578.199686, best rearrangement setting 9
Bootstrap[53]: Time 1.311358 seconds, bootstrap likelihood -64842.796425, best rearrangement setting 14
Bootstrap[54]: Time 1.085957 seconds, bootstrap likelihood -64525.603015, best rearrangement setting 6
Bootstrap[55]: Time 1.027741 seconds, bootstrap likelihood -64529.237686, best rearrangement setting 8
Bootstrap[56]: Time 1.303187 seconds, bootstrap likelihood -64680.107893, best rearrangement setting 12
Bootstrap[57]: Time 1.268579 seconds, bootstrap likelihood -64225.362240, best rearrangement setting 8
Bootstrap[58]: Time 1.100770 seconds, bootstrap likelihood -63520.428694, best rearrangement setting 11
Bootstrap[59]: Time 1.384828 seconds, bootstrap likelihood -64106.261807, best rearrangement setting 9
Bootstrap[60]: Time 1.115129 seconds, bootstrap likelihood -65562.404547, best rearrangement setting 7
Bootstrap[61]: Time 1.126515 seconds, bootstrap likelihood -65673.398946, best rearrangement setting 11
Bootstrap[62]: Time 1.344256 seconds, bootstrap likelihood -64402.341584, best rearrangement setting 12
Bootstrap[63]: Time 1.336279 seconds, bootstrap likelihood -65451.341124, best rearrangement setting 7
Bootstrap[64]: Time 1.581751 seconds, bootstrap likelihood -65269.564490, best rearrangement setting 11
Bootstrap[65]: Time 1.102691 seconds, bootstrap likelihood -64548.015469, best rearrangement setting 7
Bootstrap[66]: Time 1.320917 seconds, bootstrap likelihood -63477.125207, best rearrangement setting 11
Bootstrap[67]: Time 1.109145 seconds, bootstrap likelihood -63153.298978, best rearrangement setting 6
Bootstrap[68]: Time 1.189459 seconds, bootstrap likelihood -64935.107313, best rearrangement setting 10
Bootstrap[69]: Time 1.181756 seconds, bootstrap likelihood -64712.988378, best rearrangement setting 11
Bootstrap[70]: Time 1.188623 seconds, bootstrap likelihood -63322.591840, best rearrangement setting 9
Bootstrap[71]: Time 1.196586 seconds, bootstrap likelihood -64156.813899, best rearrangement setting 10
Bootstrap[72]: Time 1.101123 seconds, bootstrap likelihood -63521.080578, best rearrangement setting 6
Bootstrap[73]: Time 1.292331 seconds, bootstrap likelihood -66266.750780, best rearrangement setting 12
Bootstrap[74]: Time 1.397207 seconds, bootstrap likelihood -64514.692133, best rearrangement setting 10
Bootstrap[75]: Time 1.215257 seconds, bootstrap likelihood -65785.205608, best rearrangement setting 6
Bootstrap[76]: Time 1.596485 seconds, bootstrap likelihood -65295.492128, best rearrangement setting 10
Bootstrap[77]: Time 1.407914 seconds, bootstrap likelihood -64950.519009, best rearrangement setting 14
Bootstrap[78]: Time 1.364089 seconds, bootstrap likelihood -63753.247332, best rearrangement setting 14
Bootstrap[79]: Time 1.407329 seconds, bootstrap likelihood -66915.548877, best rearrangement setting 8
Bootstrap[80]: Time 1.221148 seconds, bootstrap likelihood -64645.121121, best rearrangement setting 14
Bootstrap[81]: Time 1.149356 seconds, bootstrap likelihood -63961.717615, best rearrangement setting 15
Bootstrap[82]: Time 1.012350 seconds, bootstrap likelihood -64604.939955, best rearrangement setting 6
Bootstrap[83]: Time 1.403723 seconds, bootstrap likelihood -64892.643522, best rearrangement setting 15
Bootstrap[84]: Time 1.156135 seconds, bootstrap likelihood -63913.749752, best rearrangement setting 7
Bootstrap[85]: Time 1.291167 seconds, bootstrap likelihood -63828.908740, best rearrangement setting 10
Bootstrap[86]: Time 1.317298 seconds, bootstrap likelihood -64471.399328, best rearrangement setting 8
Bootstrap[87]: Time 0.892645 seconds, bootstrap likelihood -64440.183626, best rearrangement setting 5
Bootstrap[88]: Time 1.903622 seconds, bootstrap likelihood -63962.216621, best rearrangement setting 9
Bootstrap[89]: Time 0.940971 seconds, bootstrap likelihood -65739.431121, best rearrangement setting 6
Bootstrap[90]: Time 1.296497 seconds, bootstrap likelihood -65161.023746, best rearrangement setting 11
Bootstrap[91]: Time 1.260644 seconds, bootstrap likelihood -64263.933766, best rearrangement setting 10
Bootstrap[92]: Time 1.096684 seconds, bootstrap likelihood -64064.896829, best rearrangement setting 6
Bootstrap[93]: Time 0.925386 seconds, bootstrap likelihood -64394.934132, best rearrangement setting 5
Bootstrap[94]: Time 1.012449 seconds, bootstrap likelihood -62715.492315, best rearrangement setting 6
Bootstrap[95]: Time 0.892556 seconds, bootstrap likelihood -65114.014735, best rearrangement setting 5
Bootstrap[96]: Time 0.937071 seconds, bootstrap likelihood -63896.079528, best rearrangement setting 5
Bootstrap[97]: Time 0.997874 seconds, bootstrap likelihood -64222.783378, best rearrangement setting 5
Bootstrap[98]: Time 1.394510 seconds, bootstrap likelihood -64405.769461, best rearrangement setting 13
Bootstrap[99]: Time 1.197750 seconds, bootstrap likelihood -65148.829088, best rearrangement setting 14


Overall Time for 100 Rapid Bootstraps 121.937723 seconds
Average Time per Rapid Bootstrap 1.219377 seconds

Starting ML Search ...

Fast ML optimization finished

Fast ML search Time: 105.810958 seconds

Slow ML Search 0 Likelihood: -64498.315161
Slow ML Search 1 Likelihood: -64498.583731
Slow ML Search 2 Likelihood: -64499.977086
Slow ML Search 3 Likelihood: -64500.276521
Slow ML Search 4 Likelihood: -64501.665216
Slow ML Search 5 Likelihood: -64503.334513
Slow ML Search 6 Likelihood: -64505.518318
Slow ML Search 7 Likelihood: -64508.361755
Slow ML Search 8 Likelihood: -64508.912792
Slow ML Search 9 Likelihood: -64509.911330
Slow ML optimization finished

Slow ML search Time: 19.646734 seconds
Thorough ML search Time: 2.143558 seconds

Final ML Optimization Likelihood: -64498.315159

Model Information:

Model Parameters of Partition 0, Name: No Name Provided, Type of Data: DNA
alpha: 0.327933
Tree-Length: 3.033490
rate A <-> C: 2.221477
rate A <-> G: 5.512635
rate A <-> T: 0.946245
rate C <-> G: 0.941903
rate C <-> T: 6.385741
rate G <-> T: 1.000000

freq pi(A): 0.370109
freq pi(C): 0.174156
freq pi(G): 0.234246
freq pi(T): 0.221490


ML search took 127.607574 secs or 0.035447 hours

Combined Bootstrap and ML search took 249.545427 secs or 0.069318 hours

Drawing Bootstrap Support Values on best-scoring ML tree ...



Found 1 tree in File /gpfs_home/mhowison/code/hiv-profile-sampling/scratch/trees/gag-pol-env/RAxML_bestTree.sample.99



Found 1 tree in File /gpfs_home/mhowison/code/hiv-profile-sampling/scratch/trees/gag-pol-env/RAxML_bestTree.sample.99

Program execution info written to /gpfs_home/mhowison/code/hiv-profile-sampling/scratch/trees/gag-pol-env/RAxML_info.sample.99
All 100 bootstrapped trees written to: /gpfs_home/mhowison/code/hiv-profile-sampling/scratch/trees/gag-pol-env/RAxML_bootstrap.sample.99

Best-scoring ML tree written to: /gpfs_home/mhowison/code/hiv-profile-sampling/scratch/trees/gag-pol-env/RAxML_bestTree.sample.99

Best-scoring ML tree with support values written to: /gpfs_home/mhowison/code/hiv-profile-sampling/scratch/trees/gag-pol-env/RAxML_bipartitions.sample.99

Best-scoring ML tree with support values as branch labels written to: /gpfs_home/mhowison/code/hiv-profile-sampling/scratch/trees/gag-pol-env/RAxML_bipartitionsBranchLabels.sample.99

Overall execution time for full ML analysis: 249.549429 secs or 0.069319 hours or 0.002888 days

