srun: job 264019 queued and waiting for resources
srun: job 264019 has been allocated resources
Warning, you specified a working directory via "-w"
Keep in mind that RAxML only accepts absolute path names, not relative ones!

RAxML can't, parse the alignment file as phylip file 
it will now try to parse it as FASTA file



Using BFGS method to optimize GTR rate parameters, to disable this specify "--no-bfgs" 


This is the RAxML Master Pthread

This is RAxML Worker Pthread Number: 2

This is RAxML Worker Pthread Number: 1

This is RAxML Worker Pthread Number: 5

This is RAxML Worker Pthread Number: 3

This is RAxML Worker Pthread Number: 4

This is RAxML Worker Pthread Number: 6

This is RAxML Worker Pthread Number: 7

This is RAxML Worker Pthread Number: 8

This is RAxML Worker Pthread Number: 10

This is RAxML Worker Pthread Number: 9

This is RAxML Worker Pthread Number: 12

This is RAxML Worker Pthread Number: 13

This is RAxML Worker Pthread Number: 11

This is RAxML Worker Pthread Number: 14

This is RAxML Worker Pthread Number: 16

This is RAxML Worker Pthread Number: 15

This is RAxML Worker Pthread Number: 17

This is RAxML Worker Pthread Number: 18

This is RAxML Worker Pthread Number: 19


This is RAxML version 8.2.12 released by Alexandros Stamatakis on May 2018.

With greatly appreciated code contributions by:
Andre Aberer      (HITS)
Simon Berger      (HITS)
Alexey Kozlov     (HITS)
Kassian Kobert    (HITS)
David Dao         (KIT and HITS)
Sarah Lutteropp   (KIT and HITS)
Nick Pattengale   (Sandia)
Wayne Pfeiffer    (SDSC)
Akifumi S. Tanabe (NRIFS)
Charlie Taylor    (UF)


Alignment has 3170 distinct alignment patterns

Proportion of gaps and completely undetermined characters in this alignment: 6.11%

RAxML rapid bootstrapping and subsequent ML search

Using 1 distinct models/data partitions with joint branch length optimization



Executing 100 rapid bootstrap inferences and thereafter a thorough ML search 

All free model parameters will be estimated by RAxML
GAMMA model of rate heterogeneity, ML estimate of alpha-parameter

GAMMA Model parameters will be estimated up to an accuracy of 0.1000000000 Log Likelihood units

Partition: 0
Alignment Patterns: 3170
Name: No Name Provided
DataType: DNA
Substitution Matrix: GTR




RAxML was called as follows:

raxmlHPC-PTHREADS-AVX -T 20 -s scratch/aligned/gag-pol-env/sample.154.fa -p 7783083114 -x 7783083114 -f a -N 100 -m GTRGAMMA -w /gpfs_home/mhowison/code/hiv-profile-sampling/scratch/trees/gag-pol-env -n sample.154 



Time for BS model parameter optimization 0.171988
Bootstrap[0]: Time 1.963573 seconds, bootstrap likelihood -63319.556025, best rearrangement setting 13
Bootstrap[1]: Time 1.158951 seconds, bootstrap likelihood -64695.326783, best rearrangement setting 5
Bootstrap[2]: Time 1.306310 seconds, bootstrap likelihood -64218.756448, best rearrangement setting 10
Bootstrap[3]: Time 1.076854 seconds, bootstrap likelihood -63988.495849, best rearrangement setting 10
Bootstrap[4]: Time 1.314031 seconds, bootstrap likelihood -62153.095906, best rearrangement setting 14
Bootstrap[5]: Time 1.208383 seconds, bootstrap likelihood -64603.011225, best rearrangement setting 13
Bootstrap[6]: Time 1.264490 seconds, bootstrap likelihood -65103.105171, best rearrangement setting 9
Bootstrap[7]: Time 1.289964 seconds, bootstrap likelihood -62678.915277, best rearrangement setting 12
Bootstrap[8]: Time 1.200793 seconds, bootstrap likelihood -63683.258736, best rearrangement setting 12
Bootstrap[9]: Time 0.811123 seconds, bootstrap likelihood -65909.479808, best rearrangement setting 5
Bootstrap[10]: Time 0.999020 seconds, bootstrap likelihood -64174.310214, best rearrangement setting 5
Bootstrap[11]: Time 1.400303 seconds, bootstrap likelihood -62742.590599, best rearrangement setting 12
Bootstrap[12]: Time 1.387602 seconds, bootstrap likelihood -64050.645413, best rearrangement setting 10
Bootstrap[13]: Time 1.532539 seconds, bootstrap likelihood -63992.572732, best rearrangement setting 9
Bootstrap[14]: Time 1.220640 seconds, bootstrap likelihood -64340.905907, best rearrangement setting 7
Bootstrap[15]: Time 1.269453 seconds, bootstrap likelihood -65045.439382, best rearrangement setting 9
Bootstrap[16]: Time 1.134710 seconds, bootstrap likelihood -63810.162299, best rearrangement setting 10
Bootstrap[17]: Time 1.102714 seconds, bootstrap likelihood -64659.785138, best rearrangement setting 6
Bootstrap[18]: Time 1.126927 seconds, bootstrap likelihood -62929.860420, best rearrangement setting 11
Bootstrap[19]: Time 0.920100 seconds, bootstrap likelihood -64388.402631, best rearrangement setting 5
Bootstrap[20]: Time 1.040712 seconds, bootstrap likelihood -63638.172988, best rearrangement setting 6
Bootstrap[21]: Time 1.330938 seconds, bootstrap likelihood -63992.557826, best rearrangement setting 14
Bootstrap[22]: Time 1.173158 seconds, bootstrap likelihood -63803.764700, best rearrangement setting 14
Bootstrap[23]: Time 1.339616 seconds, bootstrap likelihood -64496.002637, best rearrangement setting 14
Bootstrap[24]: Time 1.027201 seconds, bootstrap likelihood -64467.008116, best rearrangement setting 6
Bootstrap[25]: Time 1.486123 seconds, bootstrap likelihood -63440.798661, best rearrangement setting 11
Bootstrap[26]: Time 1.275104 seconds, bootstrap likelihood -64241.528849, best rearrangement setting 15
Bootstrap[27]: Time 1.152485 seconds, bootstrap likelihood -62623.292911, best rearrangement setting 8
Bootstrap[28]: Time 1.176778 seconds, bootstrap likelihood -65239.996542, best rearrangement setting 10
Bootstrap[29]: Time 0.906865 seconds, bootstrap likelihood -63067.763759, best rearrangement setting 5
Bootstrap[30]: Time 1.422873 seconds, bootstrap likelihood -65220.569419, best rearrangement setting 11
Bootstrap[31]: Time 1.140690 seconds, bootstrap likelihood -65460.442928, best rearrangement setting 13
Bootstrap[32]: Time 1.239748 seconds, bootstrap likelihood -64984.356308, best rearrangement setting 14
Bootstrap[33]: Time 1.071174 seconds, bootstrap likelihood -64287.626910, best rearrangement setting 7
Bootstrap[34]: Time 1.248026 seconds, bootstrap likelihood -65034.864475, best rearrangement setting 11
Bootstrap[35]: Time 0.924193 seconds, bootstrap likelihood -64923.328802, best rearrangement setting 5
Bootstrap[36]: Time 1.354388 seconds, bootstrap likelihood -65008.038546, best rearrangement setting 10
Bootstrap[37]: Time 1.337315 seconds, bootstrap likelihood -64794.297474, best rearrangement setting 12
Bootstrap[38]: Time 1.397073 seconds, bootstrap likelihood -63749.343750, best rearrangement setting 15
Bootstrap[39]: Time 1.357348 seconds, bootstrap likelihood -64508.998354, best rearrangement setting 9
Bootstrap[40]: Time 1.197273 seconds, bootstrap likelihood -64472.419765, best rearrangement setting 8
Bootstrap[41]: Time 1.294893 seconds, bootstrap likelihood -65284.253524, best rearrangement setting 12
Bootstrap[42]: Time 1.275086 seconds, bootstrap likelihood -63257.890733, best rearrangement setting 8
Bootstrap[43]: Time 1.219448 seconds, bootstrap likelihood -63920.894100, best rearrangement setting 14
Bootstrap[44]: Time 1.060048 seconds, bootstrap likelihood -65271.191672, best rearrangement setting 6
Bootstrap[45]: Time 1.243067 seconds, bootstrap likelihood -64738.136758, best rearrangement setting 10
Bootstrap[46]: Time 1.625895 seconds, bootstrap likelihood -64071.254697, best rearrangement setting 13
Bootstrap[47]: Time 1.142341 seconds, bootstrap likelihood -64691.399982, best rearrangement setting 6
Bootstrap[48]: Time 1.072538 seconds, bootstrap likelihood -63754.156908, best rearrangement setting 15
Bootstrap[49]: Time 1.112729 seconds, bootstrap likelihood -62438.978656, best rearrangement setting 10
Bootstrap[50]: Time 1.984025 seconds, bootstrap likelihood -64514.346750, best rearrangement setting 6
Bootstrap[51]: Time 1.057633 seconds, bootstrap likelihood -64153.680365, best rearrangement setting 14
Bootstrap[52]: Time 0.967009 seconds, bootstrap likelihood -63920.023203, best rearrangement setting 5
Bootstrap[53]: Time 1.085242 seconds, bootstrap likelihood -63804.295207, best rearrangement setting 13
Bootstrap[54]: Time 1.330381 seconds, bootstrap likelihood -63028.510890, best rearrangement setting 15
Bootstrap[55]: Time 1.256616 seconds, bootstrap likelihood -64593.082910, best rearrangement setting 13
Bootstrap[56]: Time 1.291372 seconds, bootstrap likelihood -63605.687894, best rearrangement setting 15
Bootstrap[57]: Time 0.941586 seconds, bootstrap likelihood -66503.726850, best rearrangement setting 5
Bootstrap[58]: Time 1.226743 seconds, bootstrap likelihood -65910.520550, best rearrangement setting 10
Bootstrap[59]: Time 1.268035 seconds, bootstrap likelihood -62626.089362, best rearrangement setting 14
Bootstrap[60]: Time 1.220079 seconds, bootstrap likelihood -63700.443843, best rearrangement setting 12
Bootstrap[61]: Time 1.285492 seconds, bootstrap likelihood -66094.379989, best rearrangement setting 13
Bootstrap[62]: Time 1.521311 seconds, bootstrap likelihood -63435.221070, best rearrangement setting 11
Bootstrap[63]: Time 1.247226 seconds, bootstrap likelihood -64301.462570, best rearrangement setting 11
Bootstrap[64]: Time 1.219961 seconds, bootstrap likelihood -62761.322997, best rearrangement setting 8
Bootstrap[65]: Time 1.136290 seconds, bootstrap likelihood -64272.118658, best rearrangement setting 8
Bootstrap[66]: Time 1.411975 seconds, bootstrap likelihood -65380.640528, best rearrangement setting 8
Bootstrap[67]: Time 1.381068 seconds, bootstrap likelihood -65731.752253, best rearrangement setting 12
Bootstrap[68]: Time 1.202931 seconds, bootstrap likelihood -64123.347694, best rearrangement setting 12
Bootstrap[69]: Time 1.290761 seconds, bootstrap likelihood -63892.886451, best rearrangement setting 9
Bootstrap[70]: Time 1.280992 seconds, bootstrap likelihood -63773.838493, best rearrangement setting 10
Bootstrap[71]: Time 1.271361 seconds, bootstrap likelihood -63427.544225, best rearrangement setting 9
Bootstrap[72]: Time 1.302865 seconds, bootstrap likelihood -64358.833824, best rearrangement setting 13
Bootstrap[73]: Time 2.054273 seconds, bootstrap likelihood -64961.709053, best rearrangement setting 12
Bootstrap[74]: Time 1.273501 seconds, bootstrap likelihood -62989.223577, best rearrangement setting 8
Bootstrap[75]: Time 1.397688 seconds, bootstrap likelihood -63872.507698, best rearrangement setting 9
Bootstrap[76]: Time 1.330216 seconds, bootstrap likelihood -63864.553544, best rearrangement setting 14
Bootstrap[77]: Time 1.221526 seconds, bootstrap likelihood -63846.049655, best rearrangement setting 8
Bootstrap[78]: Time 1.192642 seconds, bootstrap likelihood -63243.813973, best rearrangement setting 9
Bootstrap[79]: Time 1.232441 seconds, bootstrap likelihood -65565.475895, best rearrangement setting 12
Bootstrap[80]: Time 1.013173 seconds, bootstrap likelihood -63351.890036, best rearrangement setting 5
Bootstrap[81]: Time 1.333176 seconds, bootstrap likelihood -64020.962729, best rearrangement setting 9
Bootstrap[82]: Time 1.414468 seconds, bootstrap likelihood -66053.031836, best rearrangement setting 15
Bootstrap[83]: Time 1.215246 seconds, bootstrap likelihood -63579.377720, best rearrangement setting 8
Bootstrap[84]: Time 1.456574 seconds, bootstrap likelihood -65656.668548, best rearrangement setting 15
Bootstrap[85]: Time 1.695613 seconds, bootstrap likelihood -64238.855899, best rearrangement setting 13
Bootstrap[86]: Time 1.399548 seconds, bootstrap likelihood -63096.607354, best rearrangement setting 13
Bootstrap[87]: Time 1.445326 seconds, bootstrap likelihood -64197.323137, best rearrangement setting 11
Bootstrap[88]: Time 1.342655 seconds, bootstrap likelihood -63363.774719, best rearrangement setting 9
Bootstrap[89]: Time 1.330047 seconds, bootstrap likelihood -63960.912832, best rearrangement setting 8
Bootstrap[90]: Time 1.260601 seconds, bootstrap likelihood -63495.919888, best rearrangement setting 11
Bootstrap[91]: Time 1.082848 seconds, bootstrap likelihood -62987.974448, best rearrangement setting 6
Bootstrap[92]: Time 1.133463 seconds, bootstrap likelihood -64792.342150, best rearrangement setting 7
Bootstrap[93]: Time 1.272132 seconds, bootstrap likelihood -64658.500774, best rearrangement setting 10
Bootstrap[94]: Time 1.304781 seconds, bootstrap likelihood -64930.646224, best rearrangement setting 12
Bootstrap[95]: Time 1.493443 seconds, bootstrap likelihood -65349.492919, best rearrangement setting 14
Bootstrap[96]: Time 1.841114 seconds, bootstrap likelihood -63897.923983, best rearrangement setting 7
Bootstrap[97]: Time 1.147273 seconds, bootstrap likelihood -64268.569581, best rearrangement setting 12
Bootstrap[98]: Time 1.348072 seconds, bootstrap likelihood -64826.500492, best rearrangement setting 14
Bootstrap[99]: Time 1.298292 seconds, bootstrap likelihood -64953.496454, best rearrangement setting 10


Overall Time for 100 Rapid Bootstraps 127.200889 seconds
Average Time per Rapid Bootstrap 1.272009 seconds

Starting ML Search ...

Fast ML optimization finished

Fast ML search Time: 111.275026 seconds

Slow ML Search 0 Likelihood: -64453.929980
Slow ML Search 1 Likelihood: -64453.929982
Slow ML Search 2 Likelihood: -64453.929980
Slow ML Search 3 Likelihood: -64454.829340
Slow ML Search 4 Likelihood: -64454.829338
Slow ML Search 5 Likelihood: -64456.735637
Slow ML Search 6 Likelihood: -64456.837330
Slow ML Search 7 Likelihood: -64457.661398
Slow ML Search 8 Likelihood: -64456.735636
Slow ML Search 9 Likelihood: -64459.676312
Slow ML optimization finished

Slow ML search Time: 21.519672 seconds
Thorough ML search Time: 2.151887 seconds

Final ML Optimization Likelihood: -64453.929980

Model Information:

Model Parameters of Partition 0, Name: No Name Provided, Type of Data: DNA
alpha: 0.326602
Tree-Length: 3.101956
rate A <-> C: 2.282681
rate A <-> G: 5.601529
rate A <-> T: 0.929571
rate C <-> G: 0.968782
rate C <-> T: 6.555661
rate G <-> T: 1.000000

freq pi(A): 0.369882
freq pi(C): 0.174200
freq pi(G): 0.234322
freq pi(T): 0.221596


ML search took 134.951748 secs or 0.037487 hours

Combined Bootstrap and ML search took 262.152810 secs or 0.072820 hours

Drawing Bootstrap Support Values on best-scoring ML tree ...



Found 1 tree in File /gpfs_home/mhowison/code/hiv-profile-sampling/scratch/trees/gag-pol-env/RAxML_bestTree.sample.154



Found 1 tree in File /gpfs_home/mhowison/code/hiv-profile-sampling/scratch/trees/gag-pol-env/RAxML_bestTree.sample.154

Program execution info written to /gpfs_home/mhowison/code/hiv-profile-sampling/scratch/trees/gag-pol-env/RAxML_info.sample.154
All 100 bootstrapped trees written to: /gpfs_home/mhowison/code/hiv-profile-sampling/scratch/trees/gag-pol-env/RAxML_bootstrap.sample.154

Best-scoring ML tree written to: /gpfs_home/mhowison/code/hiv-profile-sampling/scratch/trees/gag-pol-env/RAxML_bestTree.sample.154

Best-scoring ML tree with support values written to: /gpfs_home/mhowison/code/hiv-profile-sampling/scratch/trees/gag-pol-env/RAxML_bipartitions.sample.154

Best-scoring ML tree with support values as branch labels written to: /gpfs_home/mhowison/code/hiv-profile-sampling/scratch/trees/gag-pol-env/RAxML_bipartitionsBranchLabels.sample.154

Overall execution time for full ML analysis: 262.157161 secs or 0.072821 hours or 0.003034 days

