srun: job 264008 queued and waiting for resources
srun: job 264008 has been allocated resources
Warning, you specified a working directory via "-w"
Keep in mind that RAxML only accepts absolute path names, not relative ones!

RAxML can't, parse the alignment file as phylip file 
it will now try to parse it as FASTA file



Using BFGS method to optimize GTR rate parameters, to disable this specify "--no-bfgs" 


This is the RAxML Master Pthread

This is RAxML Worker Pthread Number: 1

This is RAxML Worker Pthread Number: 3

This is RAxML Worker Pthread Number: 4

This is RAxML Worker Pthread Number: 2

This is RAxML Worker Pthread Number: 6

This is RAxML Worker Pthread Number: 5

This is RAxML Worker Pthread Number: 8

This is RAxML Worker Pthread Number: 7

This is RAxML Worker Pthread Number: 9

This is RAxML Worker Pthread Number: 12

This is RAxML Worker Pthread Number: 11

This is RAxML Worker Pthread Number: 13

This is RAxML Worker Pthread Number: 10

This is RAxML Worker Pthread Number: 14

This is RAxML Worker Pthread Number: 15

This is RAxML Worker Pthread Number: 16

This is RAxML Worker Pthread Number: 17

This is RAxML Worker Pthread Number: 19

This is RAxML Worker Pthread Number: 18


This is RAxML version 8.2.12 released by Alexandros Stamatakis on May 2018.

With greatly appreciated code contributions by:
Andre Aberer      (HITS)
Simon Berger      (HITS)
Alexey Kozlov     (HITS)
Kassian Kobert    (HITS)
David Dao         (KIT and HITS)
Sarah Lutteropp   (KIT and HITS)
Nick Pattengale   (Sandia)
Wayne Pfeiffer    (SDSC)
Akifumi S. Tanabe (NRIFS)
Charlie Taylor    (UF)


Alignment has 3182 distinct alignment patterns

Proportion of gaps and completely undetermined characters in this alignment: 6.11%

RAxML rapid bootstrapping and subsequent ML search

Using 1 distinct models/data partitions with joint branch length optimization



Executing 100 rapid bootstrap inferences and thereafter a thorough ML search 

All free model parameters will be estimated by RAxML
GAMMA model of rate heterogeneity, ML estimate of alpha-parameter

GAMMA Model parameters will be estimated up to an accuracy of 0.1000000000 Log Likelihood units

Partition: 0
Alignment Patterns: 3182
Name: No Name Provided
DataType: DNA
Substitution Matrix: GTR




RAxML was called as follows:

raxmlHPC-PTHREADS-AVX -T 20 -s scratch/aligned/gag-pol-env/sample.144.fa -p 4706544284 -x 4706544284 -f a -N 100 -m GTRGAMMA -w /gpfs_home/mhowison/code/hiv-profile-sampling/scratch/trees/gag-pol-env -n sample.144 



Time for BS model parameter optimization 0.173670
Bootstrap[0]: Time 1.991428 seconds, bootstrap likelihood -63914.611676, best rearrangement setting 12
Bootstrap[1]: Time 1.206581 seconds, bootstrap likelihood -65767.667699, best rearrangement setting 10
Bootstrap[2]: Time 1.288681 seconds, bootstrap likelihood -63597.960426, best rearrangement setting 9
Bootstrap[3]: Time 1.479434 seconds, bootstrap likelihood -65051.112692, best rearrangement setting 9
Bootstrap[4]: Time 1.215560 seconds, bootstrap likelihood -65052.007313, best rearrangement setting 15
Bootstrap[5]: Time 1.081776 seconds, bootstrap likelihood -64333.467076, best rearrangement setting 11
Bootstrap[6]: Time 1.806253 seconds, bootstrap likelihood -64089.194630, best rearrangement setting 10
Bootstrap[7]: Time 1.330240 seconds, bootstrap likelihood -65163.382475, best rearrangement setting 11
Bootstrap[8]: Time 1.187314 seconds, bootstrap likelihood -64140.899262, best rearrangement setting 8
Bootstrap[9]: Time 3.447993 seconds, bootstrap likelihood -64800.876194, best rearrangement setting 15
Bootstrap[10]: Time 1.194271 seconds, bootstrap likelihood -63793.829296, best rearrangement setting 12
Bootstrap[11]: Time 1.067872 seconds, bootstrap likelihood -62842.042830, best rearrangement setting 6
Bootstrap[12]: Time 1.364659 seconds, bootstrap likelihood -64402.839242, best rearrangement setting 15
Bootstrap[13]: Time 1.257465 seconds, bootstrap likelihood -65149.333041, best rearrangement setting 7
Bootstrap[14]: Time 0.930430 seconds, bootstrap likelihood -64865.715229, best rearrangement setting 5
Bootstrap[15]: Time 1.303652 seconds, bootstrap likelihood -65058.468837, best rearrangement setting 10
Bootstrap[16]: Time 1.224788 seconds, bootstrap likelihood -63996.066377, best rearrangement setting 9
Bootstrap[17]: Time 1.436764 seconds, bootstrap likelihood -63474.141215, best rearrangement setting 9
Bootstrap[18]: Time 1.126127 seconds, bootstrap likelihood -63326.406001, best rearrangement setting 15
Bootstrap[19]: Time 0.931275 seconds, bootstrap likelihood -65726.703622, best rearrangement setting 5
Bootstrap[20]: Time 1.188901 seconds, bootstrap likelihood -63451.302209, best rearrangement setting 10
Bootstrap[21]: Time 1.199915 seconds, bootstrap likelihood -64052.798593, best rearrangement setting 11
Bootstrap[22]: Time 1.280888 seconds, bootstrap likelihood -63312.367150, best rearrangement setting 12
Bootstrap[23]: Time 1.225531 seconds, bootstrap likelihood -64882.373964, best rearrangement setting 14
Bootstrap[24]: Time 1.217877 seconds, bootstrap likelihood -63373.031437, best rearrangement setting 10
Bootstrap[25]: Time 1.161320 seconds, bootstrap likelihood -63461.331818, best rearrangement setting 9
Bootstrap[26]: Time 1.218057 seconds, bootstrap likelihood -63963.738358, best rearrangement setting 11
Bootstrap[27]: Time 1.067930 seconds, bootstrap likelihood -66665.018904, best rearrangement setting 6
Bootstrap[28]: Time 1.353006 seconds, bootstrap likelihood -66005.607127, best rearrangement setting 9
Bootstrap[29]: Time 1.549961 seconds, bootstrap likelihood -65127.340640, best rearrangement setting 9
Bootstrap[30]: Time 5.649212 seconds, bootstrap likelihood -66134.808327, best rearrangement setting 8
Bootstrap[31]: Time 4.212842 seconds, bootstrap likelihood -64788.738375, best rearrangement setting 7
Bootstrap[32]: Time 5.722727 seconds, bootstrap likelihood -63772.150783, best rearrangement setting 9
Bootstrap[33]: Time 8.120493 seconds, bootstrap likelihood -63969.902194, best rearrangement setting 7
Bootstrap[34]: Time 1.336458 seconds, bootstrap likelihood -65403.421784, best rearrangement setting 10
Bootstrap[35]: Time 1.124131 seconds, bootstrap likelihood -66801.541293, best rearrangement setting 7
Bootstrap[36]: Time 4.389372 seconds, bootstrap likelihood -64877.663983, best rearrangement setting 6
Bootstrap[37]: Time 4.972553 seconds, bootstrap likelihood -65047.025457, best rearrangement setting 14
Bootstrap[38]: Time 1.349136 seconds, bootstrap likelihood -63702.958354, best rearrangement setting 10
Bootstrap[39]: Time 1.100313 seconds, bootstrap likelihood -66199.764877, best rearrangement setting 14
Bootstrap[40]: Time 6.803248 seconds, bootstrap likelihood -64483.240055, best rearrangement setting 6
Bootstrap[41]: Time 5.627419 seconds, bootstrap likelihood -62954.819265, best rearrangement setting 10
Bootstrap[42]: Time 2.380588 seconds, bootstrap likelihood -64607.240180, best rearrangement setting 7
Bootstrap[43]: Time 0.917695 seconds, bootstrap likelihood -64295.434235, best rearrangement setting 5
Bootstrap[44]: Time 1.815722 seconds, bootstrap likelihood -65054.306778, best rearrangement setting 15
Bootstrap[45]: Time 1.301622 seconds, bootstrap likelihood -63539.916828, best rearrangement setting 10
Bootstrap[46]: Time 1.342888 seconds, bootstrap likelihood -65148.738380, best rearrangement setting 14
Bootstrap[47]: Time 1.272287 seconds, bootstrap likelihood -65152.722185, best rearrangement setting 10
Bootstrap[48]: Time 1.010956 seconds, bootstrap likelihood -62922.418572, best rearrangement setting 6
Bootstrap[49]: Time 10.180279 seconds, bootstrap likelihood -65902.110829, best rearrangement setting 12
Bootstrap[50]: Time 1.143869 seconds, bootstrap likelihood -65147.594006, best rearrangement setting 6
Bootstrap[51]: Time 4.676922 seconds, bootstrap likelihood -66086.156761, best rearrangement setting 7
Bootstrap[52]: Time 1.301616 seconds, bootstrap likelihood -65440.728651, best rearrangement setting 13
Bootstrap[53]: Time 1.139717 seconds, bootstrap likelihood -64584.871349, best rearrangement setting 7
Bootstrap[54]: Time 1.207106 seconds, bootstrap likelihood -63777.993106, best rearrangement setting 11
Bootstrap[55]: Time 1.063440 seconds, bootstrap likelihood -64423.671294, best rearrangement setting 15
Bootstrap[56]: Time 1.363964 seconds, bootstrap likelihood -64793.013145, best rearrangement setting 12
Bootstrap[57]: Time 1.210836 seconds, bootstrap likelihood -66193.007625, best rearrangement setting 7
Bootstrap[58]: Time 1.332492 seconds, bootstrap likelihood -65227.872807, best rearrangement setting 9
Bootstrap[59]: Time 15.208667 seconds, bootstrap likelihood -65289.564660, best rearrangement setting 15
Bootstrap[60]: Time 0.967438 seconds, bootstrap likelihood -64266.300589, best rearrangement setting 5
Bootstrap[61]: Time 1.291621 seconds, bootstrap likelihood -66415.796627, best rearrangement setting 9
Bootstrap[62]: Time 0.995893 seconds, bootstrap likelihood -64605.409513, best rearrangement setting 5
Bootstrap[63]: Time 1.244697 seconds, bootstrap likelihood -63204.490376, best rearrangement setting 11
Bootstrap[64]: Time 1.388642 seconds, bootstrap likelihood -64089.507780, best rearrangement setting 11
Bootstrap[65]: Time 1.378282 seconds, bootstrap likelihood -65749.376489, best rearrangement setting 10
Bootstrap[66]: Time 0.948270 seconds, bootstrap likelihood -64634.863309, best rearrangement setting 5
Bootstrap[67]: Time 1.323221 seconds, bootstrap likelihood -65174.853060, best rearrangement setting 11
Bootstrap[68]: Time 0.983995 seconds, bootstrap likelihood -64908.882718, best rearrangement setting 6
Bootstrap[69]: Time 1.205835 seconds, bootstrap likelihood -65370.073995, best rearrangement setting 9
Bootstrap[70]: Time 1.171630 seconds, bootstrap likelihood -65053.392745, best rearrangement setting 12
Bootstrap[71]: Time 1.242950 seconds, bootstrap likelihood -64156.733093, best rearrangement setting 11
Bootstrap[72]: Time 1.097309 seconds, bootstrap likelihood -65361.149229, best rearrangement setting 15
Bootstrap[73]: Time 1.343633 seconds, bootstrap likelihood -65610.231150, best rearrangement setting 15
Bootstrap[74]: Time 1.226660 seconds, bootstrap likelihood -65288.898239, best rearrangement setting 7
Bootstrap[75]: Time 1.279792 seconds, bootstrap likelihood -66109.251680, best rearrangement setting 11
Bootstrap[76]: Time 1.049992 seconds, bootstrap likelihood -65705.961246, best rearrangement setting 6
Bootstrap[77]: Time 1.138390 seconds, bootstrap likelihood -65295.830718, best rearrangement setting 7
Bootstrap[78]: Time 1.072620 seconds, bootstrap likelihood -63778.697025, best rearrangement setting 6
Bootstrap[79]: Time 22.729058 seconds, bootstrap likelihood -64283.830562, best rearrangement setting 5
Bootstrap[80]: Time 0.925164 seconds, bootstrap likelihood -63699.334859, best rearrangement setting 5
Bootstrap[81]: Time 1.215941 seconds, bootstrap likelihood -63695.750845, best rearrangement setting 11
Bootstrap[82]: Time 1.219687 seconds, bootstrap likelihood -64591.578629, best rearrangement setting 15
Bootstrap[83]: Time 1.325839 seconds, bootstrap likelihood -66154.076663, best rearrangement setting 7
Bootstrap[84]: Time 1.832823 seconds, bootstrap likelihood -65129.756922, best rearrangement setting 11
Bootstrap[85]: Time 1.293798 seconds, bootstrap likelihood -66321.763759, best rearrangement setting 13
Bootstrap[86]: Time 1.316219 seconds, bootstrap likelihood -63677.959751, best rearrangement setting 8
Bootstrap[87]: Time 1.446480 seconds, bootstrap likelihood -65071.502402, best rearrangement setting 8
Bootstrap[88]: Time 2.457579 seconds, bootstrap likelihood -63803.086029, best rearrangement setting 6
Bootstrap[89]: Time 24.099965 seconds, bootstrap likelihood -64696.320601, best rearrangement setting 11
Bootstrap[90]: Time 1.112103 seconds, bootstrap likelihood -65035.463425, best rearrangement setting 15
Bootstrap[91]: Time 1.186637 seconds, bootstrap likelihood -64944.550252, best rearrangement setting 14
Bootstrap[92]: Time 0.997138 seconds, bootstrap likelihood -63248.256816, best rearrangement setting 6
Bootstrap[93]: Time 1.079692 seconds, bootstrap likelihood -64544.680048, best rearrangement setting 9
Bootstrap[94]: Time 1.267809 seconds, bootstrap likelihood -64041.386962, best rearrangement setting 10
Bootstrap[95]: Time 1.052499 seconds, bootstrap likelihood -63563.500671, best rearrangement setting 6
Bootstrap[96]: Time 1.284436 seconds, bootstrap likelihood -63160.906000, best rearrangement setting 9
Bootstrap[97]: Time 1.259329 seconds, bootstrap likelihood -64861.126070, best rearrangement setting 12
Bootstrap[98]: Time 1.415740 seconds, bootstrap likelihood -65556.969459, best rearrangement setting 11
Bootstrap[99]: Time 1.197388 seconds, bootstrap likelihood -65101.494956, best rearrangement setting 7


Overall Time for 100 Rapid Bootstraps 234.853224 seconds
Average Time per Rapid Bootstrap 2.348532 seconds

Starting ML Search ...

Fast ML optimization finished

Fast ML search Time: 200.168730 seconds

Slow ML Search 0 Likelihood: -64709.543277
Slow ML Search 1 Likelihood: -64712.048779
Slow ML Search 2 Likelihood: -64712.241559
Slow ML Search 3 Likelihood: -64713.818973
Slow ML Search 4 Likelihood: -64713.826411
Slow ML Search 5 Likelihood: -64714.927388
Slow ML Search 6 Likelihood: -64714.903628
Slow ML Search 7 Likelihood: -64714.759411
Slow ML Search 8 Likelihood: -64715.766838
Slow ML Search 9 Likelihood: -64716.292884
Slow ML optimization finished

Slow ML search Time: 28.278460 seconds
Thorough ML search Time: 2.077148 seconds

Final ML Optimization Likelihood: -64709.543276

Model Information:

Model Parameters of Partition 0, Name: No Name Provided, Type of Data: DNA
alpha: 0.328614
Tree-Length: 3.036188
rate A <-> C: 2.140234
rate A <-> G: 5.490458
rate A <-> T: 0.917177
rate C <-> G: 1.007961
rate C <-> T: 6.261180
rate G <-> T: 1.000000

freq pi(A): 0.369809
freq pi(C): 0.174106
freq pi(G): 0.234477
freq pi(T): 0.221608


ML search took 230.530151 secs or 0.064036 hours

Combined Bootstrap and ML search took 465.383563 secs or 0.129273 hours

Drawing Bootstrap Support Values on best-scoring ML tree ...



Found 1 tree in File /gpfs_home/mhowison/code/hiv-profile-sampling/scratch/trees/gag-pol-env/RAxML_bestTree.sample.144



Found 1 tree in File /gpfs_home/mhowison/code/hiv-profile-sampling/scratch/trees/gag-pol-env/RAxML_bestTree.sample.144

Program execution info written to /gpfs_home/mhowison/code/hiv-profile-sampling/scratch/trees/gag-pol-env/RAxML_info.sample.144
All 100 bootstrapped trees written to: /gpfs_home/mhowison/code/hiv-profile-sampling/scratch/trees/gag-pol-env/RAxML_bootstrap.sample.144

Best-scoring ML tree written to: /gpfs_home/mhowison/code/hiv-profile-sampling/scratch/trees/gag-pol-env/RAxML_bestTree.sample.144

Best-scoring ML tree with support values written to: /gpfs_home/mhowison/code/hiv-profile-sampling/scratch/trees/gag-pol-env/RAxML_bipartitions.sample.144

Best-scoring ML tree with support values as branch labels written to: /gpfs_home/mhowison/code/hiv-profile-sampling/scratch/trees/gag-pol-env/RAxML_bipartitionsBranchLabels.sample.144

Overall execution time for full ML analysis: 465.387761 secs or 0.129274 hours or 0.005386 days

