srun: job 264472 queued and waiting for resources
srun: job 264472 has been allocated resources
Warning, you specified a working directory via "-w"
Keep in mind that RAxML only accepts absolute path names, not relative ones!

RAxML can't, parse the alignment file as phylip file 
it will now try to parse it as FASTA file



Using BFGS method to optimize GTR rate parameters, to disable this specify "--no-bfgs" 


This is the RAxML Master Pthread

This is RAxML Worker Pthread Number: 2

This is RAxML Worker Pthread Number: 1

This is RAxML Worker Pthread Number: 4

This is RAxML Worker Pthread Number: 3

This is RAxML Worker Pthread Number: 5

This is RAxML Worker Pthread Number: 6

This is RAxML Worker Pthread Number: 7

This is RAxML Worker Pthread Number: 8

This is RAxML Worker Pthread Number: 9

This is RAxML Worker Pthread Number: 10

This is RAxML Worker Pthread Number: 11

This is RAxML Worker Pthread Number: 12

This is RAxML Worker Pthread Number: 14

This is RAxML Worker Pthread Number: 13

This is RAxML Worker Pthread Number: 15

This is RAxML Worker Pthread Number: 18

This is RAxML Worker Pthread Number: 17

This is RAxML Worker Pthread Number: 16

This is RAxML Worker Pthread Number: 19


This is RAxML version 8.2.12 released by Alexandros Stamatakis on May 2018.

With greatly appreciated code contributions by:
Andre Aberer      (HITS)
Simon Berger      (HITS)
Alexey Kozlov     (HITS)
Kassian Kobert    (HITS)
David Dao         (KIT and HITS)
Sarah Lutteropp   (KIT and HITS)
Nick Pattengale   (Sandia)
Wayne Pfeiffer    (SDSC)
Akifumi S. Tanabe (NRIFS)
Charlie Taylor    (UF)


Alignment has 3194 distinct alignment patterns

Proportion of gaps and completely undetermined characters in this alignment: 6.11%

RAxML rapid bootstrapping and subsequent ML search

Using 1 distinct models/data partitions with joint branch length optimization



Executing 100 rapid bootstrap inferences and thereafter a thorough ML search 

All free model parameters will be estimated by RAxML
GAMMA model of rate heterogeneity, ML estimate of alpha-parameter

GAMMA Model parameters will be estimated up to an accuracy of 0.1000000000 Log Likelihood units

Partition: 0
Alignment Patterns: 3194
Name: No Name Provided
DataType: DNA
Substitution Matrix: GTR




RAxML was called as follows:

raxmlHPC-PTHREADS-AVX -T 20 -s scratch/aligned/gag-pol-env/sample.387.fa -p 7132473711 -x 7132473711 -f a -N 100 -m GTRGAMMA -w /gpfs_home/mhowison/code/hiv-profile-sampling/scratch/trees/gag-pol-env -n sample.387 



Time for BS model parameter optimization 0.135825
Bootstrap[0]: Time 1.194615 seconds, bootstrap likelihood -65033.739523, best rearrangement setting 10
Bootstrap[1]: Time 2.359510 seconds, bootstrap likelihood -64912.059209, best rearrangement setting 10
Bootstrap[2]: Time 0.971486 seconds, bootstrap likelihood -64287.393941, best rearrangement setting 6
Bootstrap[3]: Time 3.193903 seconds, bootstrap likelihood -64152.911575, best rearrangement setting 13
Bootstrap[4]: Time 1.133249 seconds, bootstrap likelihood -65514.685331, best rearrangement setting 13
Bootstrap[5]: Time 1.076580 seconds, bootstrap likelihood -63763.180354, best rearrangement setting 15
Bootstrap[6]: Time 0.920587 seconds, bootstrap likelihood -63209.461884, best rearrangement setting 7
Bootstrap[7]: Time 0.959192 seconds, bootstrap likelihood -63682.747070, best rearrangement setting 7
Bootstrap[8]: Time 1.041016 seconds, bootstrap likelihood -65059.251990, best rearrangement setting 10
Bootstrap[9]: Time 3.390843 seconds, bootstrap likelihood -64904.945979, best rearrangement setting 15
Bootstrap[10]: Time 1.019655 seconds, bootstrap likelihood -64641.384920, best rearrangement setting 14
Bootstrap[11]: Time 1.006575 seconds, bootstrap likelihood -64168.057791, best rearrangement setting 13
Bootstrap[12]: Time 0.996196 seconds, bootstrap likelihood -64280.156914, best rearrangement setting 13
Bootstrap[13]: Time 11.620670 seconds, bootstrap likelihood -65899.454940, best rearrangement setting 6
Bootstrap[14]: Time 7.953071 seconds, bootstrap likelihood -66018.348382, best rearrangement setting 11
Bootstrap[15]: Time 1.016908 seconds, bootstrap likelihood -63782.490880, best rearrangement setting 14
Bootstrap[16]: Time 1.085001 seconds, bootstrap likelihood -63735.802307, best rearrangement setting 14
Bootstrap[17]: Time 1.003773 seconds, bootstrap likelihood -64979.920809, best rearrangement setting 10
Bootstrap[18]: Time 1.028645 seconds, bootstrap likelihood -63538.148210, best rearrangement setting 7
Bootstrap[19]: Time 0.960732 seconds, bootstrap likelihood -66022.825777, best rearrangement setting 5
Bootstrap[20]: Time 3.979731 seconds, bootstrap likelihood -65930.675291, best rearrangement setting 13
Bootstrap[21]: Time 0.719327 seconds, bootstrap likelihood -64226.923131, best rearrangement setting 5
Bootstrap[22]: Time 0.935702 seconds, bootstrap likelihood -64506.707725, best rearrangement setting 7
Bootstrap[23]: Time 1.250958 seconds, bootstrap likelihood -66060.215730, best rearrangement setting 14
Bootstrap[24]: Time 3.074780 seconds, bootstrap likelihood -64332.120094, best rearrangement setting 14
Bootstrap[25]: Time 0.829922 seconds, bootstrap likelihood -63201.866024, best rearrangement setting 6
Bootstrap[26]: Time 0.942697 seconds, bootstrap likelihood -64905.615324, best rearrangement setting 7
Bootstrap[27]: Time 0.925884 seconds, bootstrap likelihood -64497.502363, best rearrangement setting 15
Bootstrap[28]: Time 0.955441 seconds, bootstrap likelihood -65279.381530, best rearrangement setting 6
Bootstrap[29]: Time 0.959612 seconds, bootstrap likelihood -64564.308213, best rearrangement setting 15
Bootstrap[30]: Time 1.228347 seconds, bootstrap likelihood -66067.194878, best rearrangement setting 11
Bootstrap[31]: Time 0.860374 seconds, bootstrap likelihood -64626.470437, best rearrangement setting 6
Bootstrap[32]: Time 1.569511 seconds, bootstrap likelihood -65277.638303, best rearrangement setting 7
Bootstrap[33]: Time 2.040637 seconds, bootstrap likelihood -65434.166618, best rearrangement setting 11
Bootstrap[34]: Time 4.408216 seconds, bootstrap likelihood -62371.989176, best rearrangement setting 6
Bootstrap[35]: Time 1.108546 seconds, bootstrap likelihood -63632.826414, best rearrangement setting 13
Bootstrap[36]: Time 0.942820 seconds, bootstrap likelihood -63804.948018, best rearrangement setting 13
Bootstrap[37]: Time 0.974453 seconds, bootstrap likelihood -63935.677495, best rearrangement setting 10
Bootstrap[38]: Time 1.025904 seconds, bootstrap likelihood -63834.118485, best rearrangement setting 15
Bootstrap[39]: Time 0.803641 seconds, bootstrap likelihood -64493.268317, best rearrangement setting 6
Bootstrap[40]: Time 29.597949 seconds, bootstrap likelihood -63531.276764, best rearrangement setting 5
Bootstrap[41]: Time 20.546619 seconds, bootstrap likelihood -64106.073639, best rearrangement setting 8
Bootstrap[42]: Time 1.149624 seconds, bootstrap likelihood -64684.661514, best rearrangement setting 12
Bootstrap[43]: Time 2.379909 seconds, bootstrap likelihood -64959.146256, best rearrangement setting 11
Bootstrap[44]: Time 0.971769 seconds, bootstrap likelihood -64718.920667, best rearrangement setting 7
Bootstrap[45]: Time 0.965797 seconds, bootstrap likelihood -64491.536020, best rearrangement setting 8
Bootstrap[46]: Time 1.187604 seconds, bootstrap likelihood -64761.601653, best rearrangement setting 11
Bootstrap[47]: Time 0.810171 seconds, bootstrap likelihood -64984.789650, best rearrangement setting 5
Bootstrap[48]: Time 0.839354 seconds, bootstrap likelihood -63650.130251, best rearrangement setting 5
Bootstrap[49]: Time 0.772953 seconds, bootstrap likelihood -62888.511910, best rearrangement setting 6
Bootstrap[50]: Time 1.218014 seconds, bootstrap likelihood -63574.467489, best rearrangement setting 13
Bootstrap[51]: Time 1.888108 seconds, bootstrap likelihood -65713.583466, best rearrangement setting 14
Bootstrap[52]: Time 2.979848 seconds, bootstrap likelihood -65039.644626, best rearrangement setting 11
Bootstrap[53]: Time 1.059950 seconds, bootstrap likelihood -64914.634650, best rearrangement setting 15
Bootstrap[54]: Time 8.601265 seconds, bootstrap likelihood -63857.128922, best rearrangement setting 5
Bootstrap[55]: Time 0.989772 seconds, bootstrap likelihood -64611.057233, best rearrangement setting 13
Bootstrap[56]: Time 1.075026 seconds, bootstrap likelihood -64738.682122, best rearrangement setting 8
Bootstrap[57]: Time 17.977184 seconds, bootstrap likelihood -64777.562282, best rearrangement setting 5
Bootstrap[58]: Time 1.122549 seconds, bootstrap likelihood -65034.096280, best rearrangement setting 12
Bootstrap[59]: Time 3.739529 seconds, bootstrap likelihood -64478.160061, best rearrangement setting 10
Bootstrap[60]: Time 1.080126 seconds, bootstrap likelihood -63306.813610, best rearrangement setting 11
Bootstrap[61]: Time 0.807818 seconds, bootstrap likelihood -63423.041751, best rearrangement setting 5
Bootstrap[62]: Time 2.704514 seconds, bootstrap likelihood -64563.818535, best rearrangement setting 11
Bootstrap[63]: Time 1.134110 seconds, bootstrap likelihood -64274.436012, best rearrangement setting 14
Bootstrap[64]: Time 1.032942 seconds, bootstrap likelihood -64369.689767, best rearrangement setting 14
Bootstrap[65]: Time 1.037517 seconds, bootstrap likelihood -64692.133019, best rearrangement setting 10
Bootstrap[66]: Time 1.057787 seconds, bootstrap likelihood -64031.600458, best rearrangement setting 15
Bootstrap[67]: Time 1.051693 seconds, bootstrap likelihood -64142.244425, best rearrangement setting 14
Bootstrap[68]: Time 1.131230 seconds, bootstrap likelihood -65126.245935, best rearrangement setting 7
Bootstrap[69]: Time 2.551200 seconds, bootstrap likelihood -63507.869720, best rearrangement setting 5
Bootstrap[70]: Time 1.128997 seconds, bootstrap likelihood -64672.073580, best rearrangement setting 12
Bootstrap[71]: Time 2.575919 seconds, bootstrap likelihood -65509.306679, best rearrangement setting 15
Bootstrap[72]: Time 1.113986 seconds, bootstrap likelihood -65480.204903, best rearrangement setting 14
Bootstrap[73]: Time 3.617375 seconds, bootstrap likelihood -64301.672362, best rearrangement setting 6
Bootstrap[74]: Time 1.066203 seconds, bootstrap likelihood -66633.933754, best rearrangement setting 8
Bootstrap[75]: Time 1.101133 seconds, bootstrap likelihood -64370.845417, best rearrangement setting 14
Bootstrap[76]: Time 1.065373 seconds, bootstrap likelihood -64307.916268, best rearrangement setting 12
Bootstrap[77]: Time 0.858087 seconds, bootstrap likelihood -64360.755879, best rearrangement setting 6
Bootstrap[78]: Time 1.213235 seconds, bootstrap likelihood -62344.719427, best rearrangement setting 12
Bootstrap[79]: Time 0.750748 seconds, bootstrap likelihood -64455.267141, best rearrangement setting 5
Bootstrap[80]: Time 0.975177 seconds, bootstrap likelihood -64869.593568, best rearrangement setting 12
Bootstrap[81]: Time 1.095258 seconds, bootstrap likelihood -63354.692641, best rearrangement setting 15
Bootstrap[82]: Time 1.086784 seconds, bootstrap likelihood -63763.397502, best rearrangement setting 15
Bootstrap[83]: Time 0.967493 seconds, bootstrap likelihood -63675.308278, best rearrangement setting 14
Bootstrap[84]: Time 1.106500 seconds, bootstrap likelihood -63748.863155, best rearrangement setting 9
Bootstrap[85]: Time 1.053949 seconds, bootstrap likelihood -65465.647081, best rearrangement setting 7
Bootstrap[86]: Time 0.947094 seconds, bootstrap likelihood -64362.358626, best rearrangement setting 7
Bootstrap[87]: Time 1.033951 seconds, bootstrap likelihood -63904.451526, best rearrangement setting 8
Bootstrap[88]: Time 0.934151 seconds, bootstrap likelihood -64619.775852, best rearrangement setting 10
Bootstrap[89]: Time 2.891253 seconds, bootstrap likelihood -64562.500388, best rearrangement setting 12
Bootstrap[90]: Time 1.091692 seconds, bootstrap likelihood -64618.487608, best rearrangement setting 10
Bootstrap[91]: Time 3.798378 seconds, bootstrap likelihood -67295.373057, best rearrangement setting 9
Bootstrap[92]: Time 0.986710 seconds, bootstrap likelihood -64597.664935, best rearrangement setting 13
Bootstrap[93]: Time 1.065791 seconds, bootstrap likelihood -65111.260121, best rearrangement setting 15
Bootstrap[94]: Time 1.007361 seconds, bootstrap likelihood -64801.188043, best rearrangement setting 9
Bootstrap[95]: Time 1.048918 seconds, bootstrap likelihood -64351.741899, best rearrangement setting 12
Bootstrap[96]: Time 0.714577 seconds, bootstrap likelihood -64597.533892, best rearrangement setting 5
Bootstrap[97]: Time 1.197887 seconds, bootstrap likelihood -64758.293525, best rearrangement setting 6
Bootstrap[98]: Time 1.039283 seconds, bootstrap likelihood -64302.212247, best rearrangement setting 11
Bootstrap[99]: Time 2.767329 seconds, bootstrap likelihood -65215.409983, best rearrangement setting 15


Overall Time for 100 Rapid Bootstraps 228.286179 seconds
Average Time per Rapid Bootstrap 2.282862 seconds

Starting ML Search ...

Fast ML optimization finished

Fast ML search Time: 234.556390 seconds

Slow ML Search 0 Likelihood: -64638.817937
Slow ML Search 1 Likelihood: -64639.788561
Slow ML Search 2 Likelihood: -64640.493323
Slow ML Search 3 Likelihood: -64641.412482
Slow ML Search 4 Likelihood: -64642.038070
Slow ML Search 5 Likelihood: -64642.967630
Slow ML Search 6 Likelihood: -64643.485250
Slow ML Search 7 Likelihood: -64644.163254
Slow ML Search 8 Likelihood: -64638.916564
Slow ML Search 9 Likelihood: -64638.916564
Slow ML optimization finished

Slow ML search Time: 93.391566 seconds
Thorough ML search Time: 1.849280 seconds

Final ML Optimization Likelihood: -64638.817932

Model Information:

Model Parameters of Partition 0, Name: No Name Provided, Type of Data: DNA
alpha: 0.330085
Tree-Length: 3.071562
rate A <-> C: 2.250875
rate A <-> G: 5.591566
rate A <-> T: 0.943482
rate C <-> G: 0.925412
rate C <-> T: 6.477161
rate G <-> T: 1.000000

freq pi(A): 0.370050
freq pi(C): 0.174039
freq pi(G): 0.234146
freq pi(T): 0.221766


ML search took 329.862366 secs or 0.091628 hours

Combined Bootstrap and ML search took 558.148652 secs or 0.155041 hours

Drawing Bootstrap Support Values on best-scoring ML tree ...



Found 1 tree in File /gpfs_home/mhowison/code/hiv-profile-sampling/scratch/trees/gag-pol-env/RAxML_bestTree.sample.387



Found 1 tree in File /gpfs_home/mhowison/code/hiv-profile-sampling/scratch/trees/gag-pol-env/RAxML_bestTree.sample.387

Program execution info written to /gpfs_home/mhowison/code/hiv-profile-sampling/scratch/trees/gag-pol-env/RAxML_info.sample.387
All 100 bootstrapped trees written to: /gpfs_home/mhowison/code/hiv-profile-sampling/scratch/trees/gag-pol-env/RAxML_bootstrap.sample.387

Best-scoring ML tree written to: /gpfs_home/mhowison/code/hiv-profile-sampling/scratch/trees/gag-pol-env/RAxML_bestTree.sample.387

Best-scoring ML tree with support values written to: /gpfs_home/mhowison/code/hiv-profile-sampling/scratch/trees/gag-pol-env/RAxML_bipartitions.sample.387

Best-scoring ML tree with support values as branch labels written to: /gpfs_home/mhowison/code/hiv-profile-sampling/scratch/trees/gag-pol-env/RAxML_bipartitionsBranchLabels.sample.387

Overall execution time for full ML analysis: 558.205643 secs or 0.155057 hours or 0.006461 days

