srun: job 264722 queued and waiting for resources
srun: job 264722 has been allocated resources
Warning, you specified a working directory via "-w"
Keep in mind that RAxML only accepts absolute path names, not relative ones!

RAxML can't, parse the alignment file as phylip file 
it will now try to parse it as FASTA file



Using BFGS method to optimize GTR rate parameters, to disable this specify "--no-bfgs" 


This is the RAxML Master Pthread

This is RAxML Worker Pthread Number: 2

This is RAxML Worker Pthread Number: 5

This is RAxML Worker Pthread Number: 4

This is RAxML Worker Pthread Number: 3

This is RAxML Worker Pthread Number: 1

This is RAxML Worker Pthread Number: 6

This is RAxML Worker Pthread Number: 7

This is RAxML Worker Pthread Number: 8

This is RAxML Worker Pthread Number: 10

This is RAxML Worker Pthread Number: 12

This is RAxML Worker Pthread Number: 9

This is RAxML Worker Pthread Number: 11

This is RAxML Worker Pthread Number: 13

This is RAxML Worker Pthread Number: 15

This is RAxML Worker Pthread Number: 14

This is RAxML Worker Pthread Number: 16

This is RAxML Worker Pthread Number: 17

This is RAxML Worker Pthread Number: 19

This is RAxML Worker Pthread Number: 18


This is RAxML version 8.2.12 released by Alexandros Stamatakis on May 2018.

With greatly appreciated code contributions by:
Andre Aberer      (HITS)
Simon Berger      (HITS)
Alexey Kozlov     (HITS)
Kassian Kobert    (HITS)
David Dao         (KIT and HITS)
Sarah Lutteropp   (KIT and HITS)
Nick Pattengale   (Sandia)
Wayne Pfeiffer    (SDSC)
Akifumi S. Tanabe (NRIFS)
Charlie Taylor    (UF)


Alignment has 3189 distinct alignment patterns

Proportion of gaps and completely undetermined characters in this alignment: 6.11%

RAxML rapid bootstrapping and subsequent ML search

Using 1 distinct models/data partitions with joint branch length optimization



Executing 100 rapid bootstrap inferences and thereafter a thorough ML search 

All free model parameters will be estimated by RAxML
GAMMA model of rate heterogeneity, ML estimate of alpha-parameter

GAMMA Model parameters will be estimated up to an accuracy of 0.1000000000 Log Likelihood units

Partition: 0
Alignment Patterns: 3189
Name: No Name Provided
DataType: DNA
Substitution Matrix: GTR




RAxML was called as follows:

raxmlHPC-PTHREADS-AVX -T 20 -s scratch/aligned/gag-pol-env/sample.76.fa -p 2232237498 -x 2232237498 -f a -N 100 -m GTRGAMMA -w /gpfs_home/mhowison/code/hiv-profile-sampling/scratch/trees/gag-pol-env -n sample.76 



Time for BS model parameter optimization 0.191166
Bootstrap[0]: Time 1.897492 seconds, bootstrap likelihood -66059.902640, best rearrangement setting 5
Bootstrap[1]: Time 1.080681 seconds, bootstrap likelihood -63678.217140, best rearrangement setting 13
Bootstrap[2]: Time 1.208029 seconds, bootstrap likelihood -66008.364420, best rearrangement setting 12
Bootstrap[3]: Time 0.905503 seconds, bootstrap likelihood -65102.962936, best rearrangement setting 5
Bootstrap[4]: Time 3.451115 seconds, bootstrap likelihood -63113.265250, best rearrangement setting 13
Bootstrap[5]: Time 1.034869 seconds, bootstrap likelihood -63083.211069, best rearrangement setting 6
Bootstrap[6]: Time 1.060407 seconds, bootstrap likelihood -63409.444637, best rearrangement setting 10
Bootstrap[7]: Time 1.064655 seconds, bootstrap likelihood -63753.374191, best rearrangement setting 7
Bootstrap[8]: Time 1.143373 seconds, bootstrap likelihood -63898.231669, best rearrangement setting 11
Bootstrap[9]: Time 1.249891 seconds, bootstrap likelihood -65606.450025, best rearrangement setting 10
Bootstrap[10]: Time 0.873787 seconds, bootstrap likelihood -65000.835494, best rearrangement setting 5
Bootstrap[11]: Time 1.089528 seconds, bootstrap likelihood -64398.173742, best rearrangement setting 9
Bootstrap[12]: Time 1.643065 seconds, bootstrap likelihood -65793.966332, best rearrangement setting 8
Bootstrap[13]: Time 1.619670 seconds, bootstrap likelihood -63960.193895, best rearrangement setting 10
Bootstrap[14]: Time 1.208973 seconds, bootstrap likelihood -65003.783358, best rearrangement setting 12
Bootstrap[15]: Time 1.073257 seconds, bootstrap likelihood -63428.691021, best rearrangement setting 7
Bootstrap[16]: Time 1.086771 seconds, bootstrap likelihood -64459.384765, best rearrangement setting 11
Bootstrap[17]: Time 1.169771 seconds, bootstrap likelihood -64643.615669, best rearrangement setting 9
Bootstrap[18]: Time 4.800252 seconds, bootstrap likelihood -64574.987196, best rearrangement setting 5
Bootstrap[19]: Time 1.141872 seconds, bootstrap likelihood -64645.700718, best rearrangement setting 8
Bootstrap[20]: Time 1.162689 seconds, bootstrap likelihood -64199.911269, best rearrangement setting 6
Bootstrap[21]: Time 1.258341 seconds, bootstrap likelihood -63642.501858, best rearrangement setting 8
Bootstrap[22]: Time 1.331578 seconds, bootstrap likelihood -65287.777891, best rearrangement setting 11
Bootstrap[23]: Time 1.185902 seconds, bootstrap likelihood -64346.215786, best rearrangement setting 12
Bootstrap[24]: Time 1.234078 seconds, bootstrap likelihood -63370.770422, best rearrangement setting 8
Bootstrap[25]: Time 1.038483 seconds, bootstrap likelihood -66462.304025, best rearrangement setting 5
Bootstrap[26]: Time 1.274455 seconds, bootstrap likelihood -65492.354471, best rearrangement setting 13
Bootstrap[27]: Time 0.946180 seconds, bootstrap likelihood -63941.909875, best rearrangement setting 5
Bootstrap[28]: Time 1.300617 seconds, bootstrap likelihood -64273.084592, best rearrangement setting 14
Bootstrap[29]: Time 1.095985 seconds, bootstrap likelihood -64523.424100, best rearrangement setting 15
Bootstrap[30]: Time 2.279945 seconds, bootstrap likelihood -64861.487733, best rearrangement setting 13
Bootstrap[31]: Time 1.471328 seconds, bootstrap likelihood -62569.078376, best rearrangement setting 10
Bootstrap[32]: Time 1.204332 seconds, bootstrap likelihood -64176.687666, best rearrangement setting 14
Bootstrap[33]: Time 2.877381 seconds, bootstrap likelihood -63694.930247, best rearrangement setting 10
Bootstrap[34]: Time 0.975423 seconds, bootstrap likelihood -63596.762095, best rearrangement setting 6
Bootstrap[35]: Time 1.254219 seconds, bootstrap likelihood -64221.112970, best rearrangement setting 13
Bootstrap[36]: Time 2.104824 seconds, bootstrap likelihood -64829.356525, best rearrangement setting 5
Bootstrap[37]: Time 1.134168 seconds, bootstrap likelihood -64621.424218, best rearrangement setting 13
Bootstrap[38]: Time 3.653472 seconds, bootstrap likelihood -65510.867879, best rearrangement setting 6
Bootstrap[39]: Time 1.215745 seconds, bootstrap likelihood -65088.627478, best rearrangement setting 15
Bootstrap[40]: Time 1.042889 seconds, bootstrap likelihood -65482.865359, best rearrangement setting 6
Bootstrap[41]: Time 1.234084 seconds, bootstrap likelihood -65965.318455, best rearrangement setting 12
Bootstrap[42]: Time 1.273870 seconds, bootstrap likelihood -65160.742502, best rearrangement setting 13
Bootstrap[43]: Time 0.989573 seconds, bootstrap likelihood -63605.089001, best rearrangement setting 6
Bootstrap[44]: Time 4.557766 seconds, bootstrap likelihood -64333.320972, best rearrangement setting 5
Bootstrap[45]: Time 1.119135 seconds, bootstrap likelihood -64073.213511, best rearrangement setting 13
Bootstrap[46]: Time 8.966233 seconds, bootstrap likelihood -64671.295382, best rearrangement setting 11
Bootstrap[47]: Time 1.125528 seconds, bootstrap likelihood -63253.870975, best rearrangement setting 11
Bootstrap[48]: Time 0.874236 seconds, bootstrap likelihood -65155.931902, best rearrangement setting 6
Bootstrap[49]: Time 1.312332 seconds, bootstrap likelihood -63789.842313, best rearrangement setting 14
Bootstrap[50]: Time 1.173678 seconds, bootstrap likelihood -64198.859607, best rearrangement setting 14
Bootstrap[51]: Time 1.299551 seconds, bootstrap likelihood -63859.421687, best rearrangement setting 9
Bootstrap[52]: Time 1.303331 seconds, bootstrap likelihood -64941.156922, best rearrangement setting 15
Bootstrap[53]: Time 1.282175 seconds, bootstrap likelihood -64876.344171, best rearrangement setting 7
Bootstrap[54]: Time 1.136963 seconds, bootstrap likelihood -64646.089833, best rearrangement setting 7
Bootstrap[55]: Time 1.112730 seconds, bootstrap likelihood -64339.037890, best rearrangement setting 11
Bootstrap[56]: Time 4.475250 seconds, bootstrap likelihood -64326.885140, best rearrangement setting 7
Bootstrap[57]: Time 0.830179 seconds, bootstrap likelihood -65192.081479, best rearrangement setting 5
Bootstrap[58]: Time 1.217977 seconds, bootstrap likelihood -65423.812761, best rearrangement setting 14
Bootstrap[59]: Time 1.190026 seconds, bootstrap likelihood -65151.474930, best rearrangement setting 7
Bootstrap[60]: Time 1.280270 seconds, bootstrap likelihood -65160.457469, best rearrangement setting 8
Bootstrap[61]: Time 1.218967 seconds, bootstrap likelihood -63227.352781, best rearrangement setting 8
Bootstrap[62]: Time 3.699299 seconds, bootstrap likelihood -64073.229465, best rearrangement setting 9
Bootstrap[63]: Time 1.166136 seconds, bootstrap likelihood -64090.974785, best rearrangement setting 15
Bootstrap[64]: Time 4.203256 seconds, bootstrap likelihood -65588.287468, best rearrangement setting 14
Bootstrap[65]: Time 9.691780 seconds, bootstrap likelihood -64197.804593, best rearrangement setting 15
Bootstrap[66]: Time 3.034258 seconds, bootstrap likelihood -65320.695435, best rearrangement setting 7
Bootstrap[67]: Time 1.277403 seconds, bootstrap likelihood -64832.440447, best rearrangement setting 14
Bootstrap[68]: Time 1.265522 seconds, bootstrap likelihood -63903.942396, best rearrangement setting 9
Bootstrap[69]: Time 1.044949 seconds, bootstrap likelihood -65542.164445, best rearrangement setting 9
Bootstrap[70]: Time 1.198640 seconds, bootstrap likelihood -63495.718927, best rearrangement setting 11
Bootstrap[71]: Time 0.963158 seconds, bootstrap likelihood -63804.999263, best rearrangement setting 11
Bootstrap[72]: Time 1.122501 seconds, bootstrap likelihood -65106.976194, best rearrangement setting 7
Bootstrap[73]: Time 5.777572 seconds, bootstrap likelihood -63086.914185, best rearrangement setting 11
Bootstrap[74]: Time 0.795541 seconds, bootstrap likelihood -64527.966968, best rearrangement setting 5
Bootstrap[75]: Time 1.321056 seconds, bootstrap likelihood -65764.951902, best rearrangement setting 15
Bootstrap[76]: Time 2.011972 seconds, bootstrap likelihood -64324.091332, best rearrangement setting 10
Bootstrap[77]: Time 10.060078 seconds, bootstrap likelihood -64007.907213, best rearrangement setting 6
Bootstrap[78]: Time 5.126388 seconds, bootstrap likelihood -64483.080670, best rearrangement setting 12
Bootstrap[79]: Time 1.256508 seconds, bootstrap likelihood -64682.853121, best rearrangement setting 13
Bootstrap[80]: Time 1.300698 seconds, bootstrap likelihood -64693.702015, best rearrangement setting 14
Bootstrap[81]: Time 2.798000 seconds, bootstrap likelihood -66636.194233, best rearrangement setting 10
Bootstrap[82]: Time 1.055733 seconds, bootstrap likelihood -64268.476859, best rearrangement setting 6
Bootstrap[83]: Time 2.950762 seconds, bootstrap likelihood -66639.658462, best rearrangement setting 10
Bootstrap[84]: Time 1.186030 seconds, bootstrap likelihood -65735.985715, best rearrangement setting 10
Bootstrap[85]: Time 1.032256 seconds, bootstrap likelihood -64300.123814, best rearrangement setting 9
Bootstrap[86]: Time 1.134972 seconds, bootstrap likelihood -65272.386342, best rearrangement setting 10
Bootstrap[87]: Time 1.141968 seconds, bootstrap likelihood -64591.218136, best rearrangement setting 15
Bootstrap[88]: Time 6.469884 seconds, bootstrap likelihood -65895.034619, best rearrangement setting 7
Bootstrap[89]: Time 1.267379 seconds, bootstrap likelihood -64331.170930, best rearrangement setting 10
Bootstrap[90]: Time 1.244151 seconds, bootstrap likelihood -65327.129521, best rearrangement setting 11
Bootstrap[91]: Time 1.057879 seconds, bootstrap likelihood -63408.204553, best rearrangement setting 11
Bootstrap[92]: Time 1.013462 seconds, bootstrap likelihood -65497.017438, best rearrangement setting 6
Bootstrap[93]: Time 1.064231 seconds, bootstrap likelihood -64564.148229, best rearrangement setting 10
Bootstrap[94]: Time 1.221711 seconds, bootstrap likelihood -63711.307965, best rearrangement setting 10
Bootstrap[95]: Time 1.145976 seconds, bootstrap likelihood -65103.453535, best rearrangement setting 9
Bootstrap[96]: Time 1.094103 seconds, bootstrap likelihood -64523.779739, best rearrangement setting 12
Bootstrap[97]: Time 0.911824 seconds, bootstrap likelihood -65060.291644, best rearrangement setting 5
Bootstrap[98]: Time 1.184259 seconds, bootstrap likelihood -65032.861778, best rearrangement setting 10
Bootstrap[99]: Time 0.833594 seconds, bootstrap likelihood -65903.742404, best rearrangement setting 5


Overall Time for 100 Rapid Bootstraps 186.101171 seconds
Average Time per Rapid Bootstrap 1.861012 seconds

Starting ML Search ...

Fast ML optimization finished

Fast ML search Time: 207.865333 seconds

Slow ML Search 0 Likelihood: -64584.442121
Slow ML Search 1 Likelihood: -64584.442120
Slow ML Search 2 Likelihood: -64584.749350
Slow ML Search 3 Likelihood: -64586.873211
Slow ML Search 4 Likelihood: -64594.297180
Slow ML Search 5 Likelihood: -64594.866236
Slow ML Search 6 Likelihood: -64595.349840
Slow ML Search 7 Likelihood: -64596.396401
Slow ML Search 8 Likelihood: -64597.618162
Slow ML Search 9 Likelihood: -64598.906865
Slow ML optimization finished

Slow ML search Time: 82.510333 seconds
Thorough ML search Time: 2.088034 seconds

Final ML Optimization Likelihood: -64584.428030

Model Information:

Model Parameters of Partition 0, Name: No Name Provided, Type of Data: DNA
alpha: 0.330858
Tree-Length: 3.048744
rate A <-> C: 2.117029
rate A <-> G: 5.321111
rate A <-> T: 0.881699
rate C <-> G: 0.956815
rate C <-> T: 6.074263
rate G <-> T: 1.000000

freq pi(A): 0.370071
freq pi(C): 0.174192
freq pi(G): 0.234228
freq pi(T): 0.221509


ML search took 292.470994 secs or 0.081242 hours

Combined Bootstrap and ML search took 478.572297 secs or 0.132937 hours

Drawing Bootstrap Support Values on best-scoring ML tree ...



Found 1 tree in File /gpfs_home/mhowison/code/hiv-profile-sampling/scratch/trees/gag-pol-env/RAxML_bestTree.sample.76



Found 1 tree in File /gpfs_home/mhowison/code/hiv-profile-sampling/scratch/trees/gag-pol-env/RAxML_bestTree.sample.76

Program execution info written to /gpfs_home/mhowison/code/hiv-profile-sampling/scratch/trees/gag-pol-env/RAxML_info.sample.76
All 100 bootstrapped trees written to: /gpfs_home/mhowison/code/hiv-profile-sampling/scratch/trees/gag-pol-env/RAxML_bootstrap.sample.76

Best-scoring ML tree written to: /gpfs_home/mhowison/code/hiv-profile-sampling/scratch/trees/gag-pol-env/RAxML_bestTree.sample.76

Best-scoring ML tree with support values written to: /gpfs_home/mhowison/code/hiv-profile-sampling/scratch/trees/gag-pol-env/RAxML_bipartitions.sample.76

Best-scoring ML tree with support values as branch labels written to: /gpfs_home/mhowison/code/hiv-profile-sampling/scratch/trees/gag-pol-env/RAxML_bipartitionsBranchLabels.sample.76

Overall execution time for full ML analysis: 478.576663 secs or 0.132938 hours or 0.005539 days

