srun: job 264631 queued and waiting for resources
srun: job 264631 has been allocated resources
Warning, you specified a working directory via "-w"
Keep in mind that RAxML only accepts absolute path names, not relative ones!

RAxML can't, parse the alignment file as phylip file 
it will now try to parse it as FASTA file



Using BFGS method to optimize GTR rate parameters, to disable this specify "--no-bfgs" 


This is the RAxML Master Pthread

This is RAxML Worker Pthread Number: 2

This is RAxML Worker Pthread Number: 1

This is RAxML Worker Pthread Number: 4

This is RAxML Worker Pthread Number: 3

This is RAxML Worker Pthread Number: 7

This is RAxML Worker Pthread Number: 8

This is RAxML Worker Pthread Number: 5

This is RAxML Worker Pthread Number: 6

This is RAxML Worker Pthread Number: 12

This is RAxML Worker Pthread Number: 13

This is RAxML Worker Pthread Number: 11

This is RAxML Worker Pthread Number: 10

This is RAxML Worker Pthread Number: 9

This is RAxML Worker Pthread Number: 14

This is RAxML Worker Pthread Number: 15

This is RAxML Worker Pthread Number: 17

This is RAxML Worker Pthread Number: 16

This is RAxML Worker Pthread Number: 18

This is RAxML Worker Pthread Number: 19


This is RAxML version 8.2.12 released by Alexandros Stamatakis on May 2018.

With greatly appreciated code contributions by:
Andre Aberer      (HITS)
Simon Berger      (HITS)
Alexey Kozlov     (HITS)
Kassian Kobert    (HITS)
David Dao         (KIT and HITS)
Sarah Lutteropp   (KIT and HITS)
Nick Pattengale   (Sandia)
Wayne Pfeiffer    (SDSC)
Akifumi S. Tanabe (NRIFS)
Charlie Taylor    (UF)


Alignment has 3184 distinct alignment patterns

Proportion of gaps and completely undetermined characters in this alignment: 6.11%

RAxML rapid bootstrapping and subsequent ML search

Using 1 distinct models/data partitions with joint branch length optimization



Executing 100 rapid bootstrap inferences and thereafter a thorough ML search 

All free model parameters will be estimated by RAxML
GAMMA model of rate heterogeneity, ML estimate of alpha-parameter

GAMMA Model parameters will be estimated up to an accuracy of 0.1000000000 Log Likelihood units

Partition: 0
Alignment Patterns: 3184
Name: No Name Provided
DataType: DNA
Substitution Matrix: GTR




RAxML was called as follows:

raxmlHPC-PTHREADS-AVX -T 20 -s scratch/aligned/gag-pol-env/sample.49.fa -p 7410624335 -x 7410624335 -f a -N 100 -m GTRGAMMA -w /gpfs_home/mhowison/code/hiv-profile-sampling/scratch/trees/gag-pol-env -n sample.49 



Time for BS model parameter optimization 0.174783
Bootstrap[0]: Time 1.372003 seconds, bootstrap likelihood -62812.502505, best rearrangement setting 9
Bootstrap[1]: Time 1.171751 seconds, bootstrap likelihood -65611.767222, best rearrangement setting 9
Bootstrap[2]: Time 1.149742 seconds, bootstrap likelihood -64264.694689, best rearrangement setting 9
Bootstrap[3]: Time 1.010192 seconds, bootstrap likelihood -64213.469910, best rearrangement setting 5
Bootstrap[4]: Time 1.437355 seconds, bootstrap likelihood -63276.786877, best rearrangement setting 7
Bootstrap[5]: Time 1.012731 seconds, bootstrap likelihood -64504.116689, best rearrangement setting 6
Bootstrap[6]: Time 1.233000 seconds, bootstrap likelihood -64603.549911, best rearrangement setting 12
Bootstrap[7]: Time 1.185578 seconds, bootstrap likelihood -63840.002887, best rearrangement setting 7
Bootstrap[8]: Time 1.177333 seconds, bootstrap likelihood -64355.011364, best rearrangement setting 7
Bootstrap[9]: Time 1.307980 seconds, bootstrap likelihood -64941.327761, best rearrangement setting 8
Bootstrap[10]: Time 0.925007 seconds, bootstrap likelihood -64689.988882, best rearrangement setting 5
Bootstrap[11]: Time 0.939201 seconds, bootstrap likelihood -64453.518356, best rearrangement setting 5
Bootstrap[12]: Time 1.140035 seconds, bootstrap likelihood -65223.178844, best rearrangement setting 11
Bootstrap[13]: Time 1.323208 seconds, bootstrap likelihood -63753.625454, best rearrangement setting 14
Bootstrap[14]: Time 1.236573 seconds, bootstrap likelihood -65250.634318, best rearrangement setting 15
Bootstrap[15]: Time 1.240703 seconds, bootstrap likelihood -65093.482752, best rearrangement setting 8
Bootstrap[16]: Time 1.134028 seconds, bootstrap likelihood -63697.485944, best rearrangement setting 11
Bootstrap[17]: Time 1.189845 seconds, bootstrap likelihood -63653.551343, best rearrangement setting 12
Bootstrap[18]: Time 1.232650 seconds, bootstrap likelihood -62209.112611, best rearrangement setting 8
Bootstrap[19]: Time 1.148233 seconds, bootstrap likelihood -63505.371230, best rearrangement setting 14
Bootstrap[20]: Time 1.314555 seconds, bootstrap likelihood -64002.256756, best rearrangement setting 13
Bootstrap[21]: Time 1.038140 seconds, bootstrap likelihood -62129.171555, best rearrangement setting 8
Bootstrap[22]: Time 1.254614 seconds, bootstrap likelihood -63348.723687, best rearrangement setting 12
Bootstrap[23]: Time 1.175085 seconds, bootstrap likelihood -63919.886899, best rearrangement setting 15
Bootstrap[24]: Time 1.200427 seconds, bootstrap likelihood -65478.609310, best rearrangement setting 8
Bootstrap[25]: Time 1.092982 seconds, bootstrap likelihood -64738.133461, best rearrangement setting 11
Bootstrap[26]: Time 1.334550 seconds, bootstrap likelihood -63058.399727, best rearrangement setting 15
Bootstrap[27]: Time 1.175540 seconds, bootstrap likelihood -64230.214374, best rearrangement setting 7
Bootstrap[28]: Time 1.163251 seconds, bootstrap likelihood -64483.679138, best rearrangement setting 7
Bootstrap[29]: Time 1.583552 seconds, bootstrap likelihood -63870.374413, best rearrangement setting 7
Bootstrap[30]: Time 0.997062 seconds, bootstrap likelihood -62668.043607, best rearrangement setting 6
Bootstrap[31]: Time 1.188806 seconds, bootstrap likelihood -65019.557374, best rearrangement setting 10
Bootstrap[32]: Time 0.960907 seconds, bootstrap likelihood -62583.906085, best rearrangement setting 5
Bootstrap[33]: Time 1.205362 seconds, bootstrap likelihood -63925.557683, best rearrangement setting 13
Bootstrap[34]: Time 1.349766 seconds, bootstrap likelihood -64526.097825, best rearrangement setting 9
Bootstrap[35]: Time 1.211870 seconds, bootstrap likelihood -64301.987683, best rearrangement setting 14
Bootstrap[36]: Time 1.166838 seconds, bootstrap likelihood -64458.822156, best rearrangement setting 13
Bootstrap[37]: Time 1.254222 seconds, bootstrap likelihood -64745.882124, best rearrangement setting 14
Bootstrap[38]: Time 13.980749 seconds, bootstrap likelihood -64815.228906, best rearrangement setting 13
Bootstrap[39]: Time 1.223326 seconds, bootstrap likelihood -63710.846432, best rearrangement setting 10
Bootstrap[40]: Time 1.348049 seconds, bootstrap likelihood -63082.018890, best rearrangement setting 15
Bootstrap[41]: Time 1.263185 seconds, bootstrap likelihood -63972.426891, best rearrangement setting 8
Bootstrap[42]: Time 1.251694 seconds, bootstrap likelihood -63997.755186, best rearrangement setting 9
Bootstrap[43]: Time 1.338971 seconds, bootstrap likelihood -64632.300380, best rearrangement setting 11
Bootstrap[44]: Time 1.071547 seconds, bootstrap likelihood -65525.920343, best rearrangement setting 9
Bootstrap[45]: Time 1.091911 seconds, bootstrap likelihood -64268.421975, best rearrangement setting 12
Bootstrap[46]: Time 1.163886 seconds, bootstrap likelihood -64310.382035, best rearrangement setting 8
Bootstrap[47]: Time 1.193054 seconds, bootstrap likelihood -64449.978947, best rearrangement setting 12
Bootstrap[48]: Time 1.277308 seconds, bootstrap likelihood -64376.726825, best rearrangement setting 11
Bootstrap[49]: Time 1.325289 seconds, bootstrap likelihood -63332.697982, best rearrangement setting 10
Bootstrap[50]: Time 1.124880 seconds, bootstrap likelihood -64147.657420, best rearrangement setting 11
Bootstrap[51]: Time 0.934460 seconds, bootstrap likelihood -63065.050444, best rearrangement setting 5
Bootstrap[52]: Time 1.242335 seconds, bootstrap likelihood -64628.009710, best rearrangement setting 10
Bootstrap[53]: Time 1.414852 seconds, bootstrap likelihood -64513.233883, best rearrangement setting 15
Bootstrap[54]: Time 1.202176 seconds, bootstrap likelihood -64019.517030, best rearrangement setting 7
Bootstrap[55]: Time 1.261571 seconds, bootstrap likelihood -63497.966790, best rearrangement setting 10
Bootstrap[56]: Time 1.128512 seconds, bootstrap likelihood -64442.463818, best rearrangement setting 8
Bootstrap[57]: Time 0.953048 seconds, bootstrap likelihood -63892.374629, best rearrangement setting 5
Bootstrap[58]: Time 1.202796 seconds, bootstrap likelihood -66598.025553, best rearrangement setting 10
Bootstrap[59]: Time 0.873335 seconds, bootstrap likelihood -64440.300866, best rearrangement setting 5
Bootstrap[60]: Time 1.053382 seconds, bootstrap likelihood -64248.521969, best rearrangement setting 6
Bootstrap[61]: Time 1.147542 seconds, bootstrap likelihood -64812.425688, best rearrangement setting 15
Bootstrap[62]: Time 1.166167 seconds, bootstrap likelihood -64873.709893, best rearrangement setting 15
Bootstrap[63]: Time 1.356548 seconds, bootstrap likelihood -63523.264679, best rearrangement setting 14
Bootstrap[64]: Time 1.304561 seconds, bootstrap likelihood -62594.975342, best rearrangement setting 12
Bootstrap[65]: Time 1.243836 seconds, bootstrap likelihood -63494.289385, best rearrangement setting 13
Bootstrap[66]: Time 1.334454 seconds, bootstrap likelihood -65569.198461, best rearrangement setting 7
Bootstrap[67]: Time 1.300102 seconds, bootstrap likelihood -64060.327742, best rearrangement setting 14
Bootstrap[68]: Time 1.422429 seconds, bootstrap likelihood -64995.824918, best rearrangement setting 8
Bootstrap[69]: Time 27.402352 seconds, bootstrap likelihood -65302.891514, best rearrangement setting 12
Bootstrap[70]: Time 1.137129 seconds, bootstrap likelihood -66699.510100, best rearrangement setting 6
Bootstrap[71]: Time 1.153179 seconds, bootstrap likelihood -64275.755076, best rearrangement setting 11
Bootstrap[72]: Time 1.279088 seconds, bootstrap likelihood -64026.565096, best rearrangement setting 8
Bootstrap[73]: Time 1.008687 seconds, bootstrap likelihood -64699.280898, best rearrangement setting 6
Bootstrap[74]: Time 1.288168 seconds, bootstrap likelihood -65247.410812, best rearrangement setting 12
Bootstrap[75]: Time 1.341638 seconds, bootstrap likelihood -62695.485895, best rearrangement setting 12
Bootstrap[76]: Time 1.204695 seconds, bootstrap likelihood -64433.243690, best rearrangement setting 10
Bootstrap[77]: Time 1.247486 seconds, bootstrap likelihood -63624.372086, best rearrangement setting 13
Bootstrap[78]: Time 1.157475 seconds, bootstrap likelihood -64352.370089, best rearrangement setting 11
Bootstrap[79]: Time 1.100953 seconds, bootstrap likelihood -63860.230500, best rearrangement setting 6
Bootstrap[80]: Time 0.947306 seconds, bootstrap likelihood -62828.624018, best rearrangement setting 6
Bootstrap[81]: Time 1.091432 seconds, bootstrap likelihood -63366.712188, best rearrangement setting 5
Bootstrap[82]: Time 1.129601 seconds, bootstrap likelihood -65908.486894, best rearrangement setting 7
Bootstrap[83]: Time 1.156527 seconds, bootstrap likelihood -63137.829605, best rearrangement setting 9
Bootstrap[84]: Time 1.222978 seconds, bootstrap likelihood -64437.097869, best rearrangement setting 15
Bootstrap[85]: Time 1.227598 seconds, bootstrap likelihood -64293.434717, best rearrangement setting 13
Bootstrap[86]: Time 1.198277 seconds, bootstrap likelihood -64938.259390, best rearrangement setting 10
Bootstrap[87]: Time 1.157927 seconds, bootstrap likelihood -64848.668253, best rearrangement setting 7
Bootstrap[88]: Time 1.138431 seconds, bootstrap likelihood -63696.752768, best rearrangement setting 6
Bootstrap[89]: Time 1.305711 seconds, bootstrap likelihood -63589.967326, best rearrangement setting 13
Bootstrap[90]: Time 1.049049 seconds, bootstrap likelihood -64496.131292, best rearrangement setting 6
Bootstrap[91]: Time 1.106165 seconds, bootstrap likelihood -64503.383667, best rearrangement setting 15
Bootstrap[92]: Time 1.131549 seconds, bootstrap likelihood -64320.073351, best rearrangement setting 6
Bootstrap[93]: Time 1.191735 seconds, bootstrap likelihood -65925.600423, best rearrangement setting 8
Bootstrap[94]: Time 1.437019 seconds, bootstrap likelihood -63119.003152, best rearrangement setting 6
Bootstrap[95]: Time 1.136270 seconds, bootstrap likelihood -64238.823202, best rearrangement setting 6
Bootstrap[96]: Time 1.182929 seconds, bootstrap likelihood -64485.349275, best rearrangement setting 7
Bootstrap[97]: Time 4.278210 seconds, bootstrap likelihood -63028.439498, best rearrangement setting 7
Bootstrap[98]: Time 1.271978 seconds, bootstrap likelihood -62604.517083, best rearrangement setting 13
Bootstrap[99]: Time 1.211016 seconds, bootstrap likelihood -63953.244069, best rearrangement setting 7


Overall Time for 100 Rapid Bootstraps 161.425418 seconds
Average Time per Rapid Bootstrap 1.614254 seconds

Starting ML Search ...

Fast ML optimization finished

Fast ML search Time: 164.090298 seconds

Slow ML Search 0 Likelihood: -64321.022162
Slow ML Search 1 Likelihood: -64321.659451
Slow ML Search 2 Likelihood: -64322.638175
Slow ML Search 3 Likelihood: -64322.573635
Slow ML Search 4 Likelihood: -64325.509993
Slow ML Search 5 Likelihood: -64325.568005
Slow ML Search 6 Likelihood: -64325.770627
Slow ML Search 7 Likelihood: -64326.016188
Slow ML Search 8 Likelihood: -64327.207646
Slow ML Search 9 Likelihood: -64327.672877
Slow ML optimization finished

Slow ML search Time: 19.838656 seconds
Thorough ML search Time: 2.539082 seconds

Final ML Optimization Likelihood: -64321.022163

Model Information:

Model Parameters of Partition 0, Name: No Name Provided, Type of Data: DNA
alpha: 0.328007
Tree-Length: 2.989246
rate A <-> C: 2.141991
rate A <-> G: 5.361823
rate A <-> T: 0.923777
rate C <-> G: 0.950676
rate C <-> T: 6.204615
rate G <-> T: 1.000000

freq pi(A): 0.370075
freq pi(C): 0.174262
freq pi(G): 0.234215
freq pi(T): 0.221447


ML search took 186.475151 secs or 0.051799 hours

Combined Bootstrap and ML search took 347.900713 secs or 0.096639 hours

Drawing Bootstrap Support Values on best-scoring ML tree ...



Found 1 tree in File /gpfs_home/mhowison/code/hiv-profile-sampling/scratch/trees/gag-pol-env/RAxML_bestTree.sample.49



Found 1 tree in File /gpfs_home/mhowison/code/hiv-profile-sampling/scratch/trees/gag-pol-env/RAxML_bestTree.sample.49

Program execution info written to /gpfs_home/mhowison/code/hiv-profile-sampling/scratch/trees/gag-pol-env/RAxML_info.sample.49
All 100 bootstrapped trees written to: /gpfs_home/mhowison/code/hiv-profile-sampling/scratch/trees/gag-pol-env/RAxML_bootstrap.sample.49

Best-scoring ML tree written to: /gpfs_home/mhowison/code/hiv-profile-sampling/scratch/trees/gag-pol-env/RAxML_bestTree.sample.49

Best-scoring ML tree with support values written to: /gpfs_home/mhowison/code/hiv-profile-sampling/scratch/trees/gag-pol-env/RAxML_bipartitions.sample.49

Best-scoring ML tree with support values as branch labels written to: /gpfs_home/mhowison/code/hiv-profile-sampling/scratch/trees/gag-pol-env/RAxML_bipartitionsBranchLabels.sample.49

Overall execution time for full ML analysis: 347.904995 secs or 0.096640 hours or 0.004027 days

