srun: job 264512 queued and waiting for resources
srun: job 264512 has been allocated resources
Warning, you specified a working directory via "-w"
Keep in mind that RAxML only accepts absolute path names, not relative ones!

RAxML can't, parse the alignment file as phylip file 
it will now try to parse it as FASTA file



Using BFGS method to optimize GTR rate parameters, to disable this specify "--no-bfgs" 


This is the RAxML Master Pthread

This is RAxML Worker Pthread Number: 4

This is RAxML Worker Pthread Number: 1

This is RAxML Worker Pthread Number: 3

This is RAxML Worker Pthread Number: 5

This is RAxML Worker Pthread Number: 2

This is RAxML Worker Pthread Number: 6

This is RAxML Worker Pthread Number: 8

This is RAxML Worker Pthread Number: 7

This is RAxML Worker Pthread Number: 9

This is RAxML Worker Pthread Number: 10

This is RAxML Worker Pthread Number: 11

This is RAxML Worker Pthread Number: 12

This is RAxML Worker Pthread Number: 13

This is RAxML Worker Pthread Number: 15

This is RAxML Worker Pthread Number: 14

This is RAxML Worker Pthread Number: 16

This is RAxML Worker Pthread Number: 19

This is RAxML Worker Pthread Number: 17

This is RAxML Worker Pthread Number: 18


This is RAxML version 8.2.12 released by Alexandros Stamatakis on May 2018.

With greatly appreciated code contributions by:
Andre Aberer      (HITS)
Simon Berger      (HITS)
Alexey Kozlov     (HITS)
Kassian Kobert    (HITS)
David Dao         (KIT and HITS)
Sarah Lutteropp   (KIT and HITS)
Nick Pattengale   (Sandia)
Wayne Pfeiffer    (SDSC)
Akifumi S. Tanabe (NRIFS)
Charlie Taylor    (UF)


Alignment has 3184 distinct alignment patterns

Proportion of gaps and completely undetermined characters in this alignment: 6.11%

RAxML rapid bootstrapping and subsequent ML search

Using 1 distinct models/data partitions with joint branch length optimization



Executing 100 rapid bootstrap inferences and thereafter a thorough ML search 

All free model parameters will be estimated by RAxML
GAMMA model of rate heterogeneity, ML estimate of alpha-parameter

GAMMA Model parameters will be estimated up to an accuracy of 0.1000000000 Log Likelihood units

Partition: 0
Alignment Patterns: 3184
Name: No Name Provided
DataType: DNA
Substitution Matrix: GTR




RAxML was called as follows:

raxmlHPC-PTHREADS-AVX -T 20 -s scratch/aligned/gag-pol-env/sample.419.fa -p 5307102955 -x 5307102955 -f a -N 100 -m GTRGAMMA -w /gpfs_home/mhowison/code/hiv-profile-sampling/scratch/trees/gag-pol-env -n sample.419 



Time for BS model parameter optimization 0.207556
Bootstrap[0]: Time 1.544384 seconds, bootstrap likelihood -63959.772140, best rearrangement setting 11
Bootstrap[1]: Time 1.470208 seconds, bootstrap likelihood -63487.778404, best rearrangement setting 6
Bootstrap[2]: Time 1.216889 seconds, bootstrap likelihood -65381.854191, best rearrangement setting 9
Bootstrap[3]: Time 1.299491 seconds, bootstrap likelihood -63620.247377, best rearrangement setting 14
Bootstrap[4]: Time 0.819999 seconds, bootstrap likelihood -63670.225072, best rearrangement setting 5
Bootstrap[5]: Time 1.182831 seconds, bootstrap likelihood -63560.941452, best rearrangement setting 7
Bootstrap[6]: Time 1.189602 seconds, bootstrap likelihood -64837.600839, best rearrangement setting 12
Bootstrap[7]: Time 1.257098 seconds, bootstrap likelihood -64890.387341, best rearrangement setting 12
Bootstrap[8]: Time 1.026296 seconds, bootstrap likelihood -63223.343123, best rearrangement setting 13
Bootstrap[9]: Time 1.075030 seconds, bootstrap likelihood -64714.896938, best rearrangement setting 14
Bootstrap[10]: Time 1.064475 seconds, bootstrap likelihood -63529.981724, best rearrangement setting 6
Bootstrap[11]: Time 1.301321 seconds, bootstrap likelihood -62793.508176, best rearrangement setting 12
Bootstrap[12]: Time 1.292179 seconds, bootstrap likelihood -63244.410702, best rearrangement setting 12
Bootstrap[13]: Time 1.191814 seconds, bootstrap likelihood -64986.896945, best rearrangement setting 13
Bootstrap[14]: Time 1.250076 seconds, bootstrap likelihood -63715.342696, best rearrangement setting 6
Bootstrap[15]: Time 1.184431 seconds, bootstrap likelihood -64605.111881, best rearrangement setting 15
Bootstrap[16]: Time 1.262916 seconds, bootstrap likelihood -64079.733615, best rearrangement setting 11
Bootstrap[17]: Time 1.236839 seconds, bootstrap likelihood -65496.265030, best rearrangement setting 8
Bootstrap[18]: Time 1.336797 seconds, bootstrap likelihood -65114.768550, best rearrangement setting 15
Bootstrap[19]: Time 1.291746 seconds, bootstrap likelihood -64798.173713, best rearrangement setting 9
Bootstrap[20]: Time 1.454112 seconds, bootstrap likelihood -64776.944762, best rearrangement setting 10
Bootstrap[21]: Time 1.038954 seconds, bootstrap likelihood -65171.736276, best rearrangement setting 5
Bootstrap[22]: Time 1.185473 seconds, bootstrap likelihood -63316.086727, best rearrangement setting 9
Bootstrap[23]: Time 0.934432 seconds, bootstrap likelihood -62982.290111, best rearrangement setting 5
Bootstrap[24]: Time 1.347267 seconds, bootstrap likelihood -64997.446295, best rearrangement setting 14
Bootstrap[25]: Time 1.702253 seconds, bootstrap likelihood -63466.165615, best rearrangement setting 10
Bootstrap[26]: Time 1.304130 seconds, bootstrap likelihood -65399.360186, best rearrangement setting 10
Bootstrap[27]: Time 1.156210 seconds, bootstrap likelihood -64971.273892, best rearrangement setting 8
Bootstrap[28]: Time 1.396729 seconds, bootstrap likelihood -63850.640559, best rearrangement setting 13
Bootstrap[29]: Time 1.010324 seconds, bootstrap likelihood -65124.947059, best rearrangement setting 5
Bootstrap[30]: Time 1.305493 seconds, bootstrap likelihood -65118.913995, best rearrangement setting 13
Bootstrap[31]: Time 1.323130 seconds, bootstrap likelihood -65369.126017, best rearrangement setting 11
Bootstrap[32]: Time 1.112629 seconds, bootstrap likelihood -64082.529291, best rearrangement setting 8
Bootstrap[33]: Time 1.164028 seconds, bootstrap likelihood -62895.709578, best rearrangement setting 13
Bootstrap[34]: Time 1.149715 seconds, bootstrap likelihood -65208.358958, best rearrangement setting 8
Bootstrap[35]: Time 1.014965 seconds, bootstrap likelihood -63241.013002, best rearrangement setting 7
Bootstrap[36]: Time 1.206983 seconds, bootstrap likelihood -64269.556141, best rearrangement setting 12
Bootstrap[37]: Time 1.282713 seconds, bootstrap likelihood -63031.757996, best rearrangement setting 12
Bootstrap[38]: Time 1.346471 seconds, bootstrap likelihood -64388.914603, best rearrangement setting 15
Bootstrap[39]: Time 1.188856 seconds, bootstrap likelihood -64094.678745, best rearrangement setting 9
Bootstrap[40]: Time 1.244062 seconds, bootstrap likelihood -64182.819846, best rearrangement setting 7
Bootstrap[41]: Time 1.217718 seconds, bootstrap likelihood -64758.792223, best rearrangement setting 15
Bootstrap[42]: Time 0.947973 seconds, bootstrap likelihood -65711.871712, best rearrangement setting 5
Bootstrap[43]: Time 1.157683 seconds, bootstrap likelihood -64059.244695, best rearrangement setting 13
Bootstrap[44]: Time 1.212361 seconds, bootstrap likelihood -63222.780412, best rearrangement setting 11
Bootstrap[45]: Time 1.155310 seconds, bootstrap likelihood -63406.941613, best rearrangement setting 7
Bootstrap[46]: Time 1.192975 seconds, bootstrap likelihood -63709.244200, best rearrangement setting 7
Bootstrap[47]: Time 1.110149 seconds, bootstrap likelihood -64795.516385, best rearrangement setting 6
Bootstrap[48]: Time 1.098230 seconds, bootstrap likelihood -64344.937969, best rearrangement setting 6
Bootstrap[49]: Time 1.418849 seconds, bootstrap likelihood -63103.273551, best rearrangement setting 10
Bootstrap[50]: Time 1.454788 seconds, bootstrap likelihood -64809.581306, best rearrangement setting 8
Bootstrap[51]: Time 1.179562 seconds, bootstrap likelihood -64741.572239, best rearrangement setting 7
Bootstrap[52]: Time 1.185034 seconds, bootstrap likelihood -65070.666675, best rearrangement setting 6
Bootstrap[53]: Time 0.941120 seconds, bootstrap likelihood -64448.517080, best rearrangement setting 5
Bootstrap[54]: Time 0.968113 seconds, bootstrap likelihood -64374.698559, best rearrangement setting 5
Bootstrap[55]: Time 1.148532 seconds, bootstrap likelihood -62526.784133, best rearrangement setting 12
Bootstrap[56]: Time 0.905493 seconds, bootstrap likelihood -62987.086535, best rearrangement setting 5
Bootstrap[57]: Time 1.237324 seconds, bootstrap likelihood -65192.258121, best rearrangement setting 11
Bootstrap[58]: Time 1.157697 seconds, bootstrap likelihood -63236.515292, best rearrangement setting 7
Bootstrap[59]: Time 1.285039 seconds, bootstrap likelihood -65099.309639, best rearrangement setting 7
Bootstrap[60]: Time 1.301621 seconds, bootstrap likelihood -63452.601664, best rearrangement setting 13
Bootstrap[61]: Time 1.213009 seconds, bootstrap likelihood -65202.277415, best rearrangement setting 8
Bootstrap[62]: Time 1.504083 seconds, bootstrap likelihood -63410.636585, best rearrangement setting 12
Bootstrap[63]: Time 1.298825 seconds, bootstrap likelihood -64741.259446, best rearrangement setting 6
Bootstrap[64]: Time 1.258797 seconds, bootstrap likelihood -64580.635786, best rearrangement setting 14
Bootstrap[65]: Time 1.110756 seconds, bootstrap likelihood -63901.650121, best rearrangement setting 13
Bootstrap[66]: Time 1.225583 seconds, bootstrap likelihood -64587.321242, best rearrangement setting 10
Bootstrap[67]: Time 1.184836 seconds, bootstrap likelihood -63327.299237, best rearrangement setting 6
Bootstrap[68]: Time 1.208862 seconds, bootstrap likelihood -64578.769337, best rearrangement setting 10
Bootstrap[69]: Time 1.438378 seconds, bootstrap likelihood -64988.637298, best rearrangement setting 10
Bootstrap[70]: Time 0.963823 seconds, bootstrap likelihood -64501.834324, best rearrangement setting 5
Bootstrap[71]: Time 1.227642 seconds, bootstrap likelihood -63225.876454, best rearrangement setting 14
Bootstrap[72]: Time 1.015515 seconds, bootstrap likelihood -64342.965761, best rearrangement setting 14
Bootstrap[73]: Time 1.264185 seconds, bootstrap likelihood -65194.587836, best rearrangement setting 7
Bootstrap[74]: Time 1.223739 seconds, bootstrap likelihood -64725.039723, best rearrangement setting 12
Bootstrap[75]: Time 1.640718 seconds, bootstrap likelihood -64322.183582, best rearrangement setting 11
Bootstrap[76]: Time 1.189858 seconds, bootstrap likelihood -65204.885574, best rearrangement setting 15
Bootstrap[77]: Time 1.229755 seconds, bootstrap likelihood -65574.435546, best rearrangement setting 8
Bootstrap[78]: Time 1.265589 seconds, bootstrap likelihood -63277.782258, best rearrangement setting 15
Bootstrap[79]: Time 1.316752 seconds, bootstrap likelihood -64527.194458, best rearrangement setting 12
Bootstrap[80]: Time 1.197569 seconds, bootstrap likelihood -63692.655529, best rearrangement setting 14
Bootstrap[81]: Time 1.278236 seconds, bootstrap likelihood -64684.955613, best rearrangement setting 7
Bootstrap[82]: Time 1.322106 seconds, bootstrap likelihood -64429.991631, best rearrangement setting 8
Bootstrap[83]: Time 1.185545 seconds, bootstrap likelihood -63708.174272, best rearrangement setting 6
Bootstrap[84]: Time 1.054100 seconds, bootstrap likelihood -63054.437165, best rearrangement setting 8
Bootstrap[85]: Time 1.272745 seconds, bootstrap likelihood -65435.228271, best rearrangement setting 13
Bootstrap[86]: Time 1.260897 seconds, bootstrap likelihood -63500.180654, best rearrangement setting 10
Bootstrap[87]: Time 1.337487 seconds, bootstrap likelihood -64461.081763, best rearrangement setting 11
Bootstrap[88]: Time 45.430598 seconds, bootstrap likelihood -64140.731472, best rearrangement setting 13
Bootstrap[89]: Time 1.250541 seconds, bootstrap likelihood -63036.491423, best rearrangement setting 14
Bootstrap[90]: Time 1.335224 seconds, bootstrap likelihood -63729.702913, best rearrangement setting 11
Bootstrap[91]: Time 0.999746 seconds, bootstrap likelihood -63970.791449, best rearrangement setting 6
Bootstrap[92]: Time 1.271810 seconds, bootstrap likelihood -63999.430178, best rearrangement setting 9
Bootstrap[93]: Time 1.276272 seconds, bootstrap likelihood -63323.715252, best rearrangement setting 14
Bootstrap[94]: Time 1.294492 seconds, bootstrap likelihood -66341.818017, best rearrangement setting 13
Bootstrap[95]: Time 1.340812 seconds, bootstrap likelihood -64142.475210, best rearrangement setting 14
Bootstrap[96]: Time 1.159606 seconds, bootstrap likelihood -63687.970587, best rearrangement setting 11
Bootstrap[97]: Time 1.248732 seconds, bootstrap likelihood -64257.828052, best rearrangement setting 15
Bootstrap[98]: Time 1.281589 seconds, bootstrap likelihood -63184.446222, best rearrangement setting 11
Bootstrap[99]: Time 1.020568 seconds, bootstrap likelihood -65330.458835, best rearrangement setting 5


Overall Time for 100 Rapid Bootstraps 166.303195 seconds
Average Time per Rapid Bootstrap 1.663032 seconds

Starting ML Search ...

Fast ML optimization finished

Fast ML search Time: 170.853064 seconds

Slow ML Search 0 Likelihood: -64540.129528
Slow ML Search 1 Likelihood: -64541.160854
Slow ML Search 2 Likelihood: -64541.320409
Slow ML Search 3 Likelihood: -64546.171572
Slow ML Search 4 Likelihood: -64547.813916
Slow ML Search 5 Likelihood: -64547.813917
Slow ML Search 6 Likelihood: -64548.061611
Slow ML Search 7 Likelihood: -64536.701304
Slow ML Search 8 Likelihood: -64548.093594
Slow ML Search 9 Likelihood: -64543.093921
Slow ML optimization finished

Slow ML search Time: 27.772616 seconds
Thorough ML search Time: 2.228545 seconds

Final ML Optimization Likelihood: -64536.557404

Model Information:

Model Parameters of Partition 0, Name: No Name Provided, Type of Data: DNA
alpha: 0.327083
Tree-Length: 3.051335
rate A <-> C: 2.268027
rate A <-> G: 5.658576
rate A <-> T: 0.948069
rate C <-> G: 1.014264
rate C <-> T: 6.625600
rate G <-> T: 1.000000

freq pi(A): 0.369905
freq pi(C): 0.174319
freq pi(G): 0.234360
freq pi(T): 0.221416


ML search took 200.860940 secs or 0.055795 hours

Combined Bootstrap and ML search took 367.164327 secs or 0.101990 hours

Drawing Bootstrap Support Values on best-scoring ML tree ...



Found 1 tree in File /gpfs_home/mhowison/code/hiv-profile-sampling/scratch/trees/gag-pol-env/RAxML_bestTree.sample.419



Found 1 tree in File /gpfs_home/mhowison/code/hiv-profile-sampling/scratch/trees/gag-pol-env/RAxML_bestTree.sample.419

Program execution info written to /gpfs_home/mhowison/code/hiv-profile-sampling/scratch/trees/gag-pol-env/RAxML_info.sample.419
All 100 bootstrapped trees written to: /gpfs_home/mhowison/code/hiv-profile-sampling/scratch/trees/gag-pol-env/RAxML_bootstrap.sample.419

Best-scoring ML tree written to: /gpfs_home/mhowison/code/hiv-profile-sampling/scratch/trees/gag-pol-env/RAxML_bestTree.sample.419

Best-scoring ML tree with support values written to: /gpfs_home/mhowison/code/hiv-profile-sampling/scratch/trees/gag-pol-env/RAxML_bipartitions.sample.419

Best-scoring ML tree with support values as branch labels written to: /gpfs_home/mhowison/code/hiv-profile-sampling/scratch/trees/gag-pol-env/RAxML_bipartitionsBranchLabels.sample.419

Overall execution time for full ML analysis: 367.168763 secs or 0.101991 hours or 0.004250 days

