srun: job 264490 queued and waiting for resources
srun: job 264490 has been allocated resources
Warning, you specified a working directory via "-w"
Keep in mind that RAxML only accepts absolute path names, not relative ones!

RAxML can't, parse the alignment file as phylip file 
it will now try to parse it as FASTA file



Using BFGS method to optimize GTR rate parameters, to disable this specify "--no-bfgs" 


This is the RAxML Master Pthread

This is RAxML Worker Pthread Number: 3

This is RAxML Worker Pthread Number: 6

This is RAxML Worker Pthread Number: 4

This is RAxML Worker Pthread Number: 5

This is RAxML Worker Pthread Number: 1

This is RAxML Worker Pthread Number: 2

This is RAxML Worker Pthread Number: 8

This is RAxML Worker Pthread Number: 7

This is RAxML Worker Pthread Number: 11

This is RAxML Worker Pthread Number: 9

This is RAxML Worker Pthread Number: 13

This is RAxML Worker Pthread Number: 14

This is RAxML Worker Pthread Number: 12

This is RAxML Worker Pthread Number: 10

This is RAxML Worker Pthread Number: 15

This is RAxML Worker Pthread Number: 16

This is RAxML Worker Pthread Number: 18

This is RAxML Worker Pthread Number: 19

This is RAxML Worker Pthread Number: 17


This is RAxML version 8.2.12 released by Alexandros Stamatakis on May 2018.

With greatly appreciated code contributions by:
Andre Aberer      (HITS)
Simon Berger      (HITS)
Alexey Kozlov     (HITS)
Kassian Kobert    (HITS)
David Dao         (KIT and HITS)
Sarah Lutteropp   (KIT and HITS)
Nick Pattengale   (Sandia)
Wayne Pfeiffer    (SDSC)
Akifumi S. Tanabe (NRIFS)
Charlie Taylor    (UF)


Alignment has 3170 distinct alignment patterns

Proportion of gaps and completely undetermined characters in this alignment: 6.12%

RAxML rapid bootstrapping and subsequent ML search

Using 1 distinct models/data partitions with joint branch length optimization



Executing 100 rapid bootstrap inferences and thereafter a thorough ML search 

All free model parameters will be estimated by RAxML
GAMMA model of rate heterogeneity, ML estimate of alpha-parameter

GAMMA Model parameters will be estimated up to an accuracy of 0.1000000000 Log Likelihood units

Partition: 0
Alignment Patterns: 3170
Name: No Name Provided
DataType: DNA
Substitution Matrix: GTR




RAxML was called as follows:

raxmlHPC-PTHREADS-AVX -T 20 -s scratch/aligned/gag-pol-env/sample.4.fa -p 8308903911 -x 8308903911 -f a -N 100 -m GTRGAMMA -w /gpfs_home/mhowison/code/hiv-profile-sampling/scratch/trees/gag-pol-env -n sample.4 



Time for BS model parameter optimization 0.172951
Bootstrap[0]: Time 1.577645 seconds, bootstrap likelihood -63795.492575, best rearrangement setting 14
Bootstrap[1]: Time 1.077499 seconds, bootstrap likelihood -63521.369052, best rearrangement setting 6
Bootstrap[2]: Time 1.414439 seconds, bootstrap likelihood -63804.860300, best rearrangement setting 15
Bootstrap[3]: Time 1.281969 seconds, bootstrap likelihood -63537.504863, best rearrangement setting 10
Bootstrap[4]: Time 1.578221 seconds, bootstrap likelihood -64342.754850, best rearrangement setting 12
Bootstrap[5]: Time 1.422902 seconds, bootstrap likelihood -64332.307311, best rearrangement setting 14
Bootstrap[6]: Time 1.330629 seconds, bootstrap likelihood -66299.277354, best rearrangement setting 8
Bootstrap[7]: Time 1.239035 seconds, bootstrap likelihood -64052.351116, best rearrangement setting 7
Bootstrap[8]: Time 1.184772 seconds, bootstrap likelihood -63336.769852, best rearrangement setting 11
Bootstrap[9]: Time 1.429808 seconds, bootstrap likelihood -65066.314833, best rearrangement setting 13
Bootstrap[10]: Time 0.987924 seconds, bootstrap likelihood -63954.896513, best rearrangement setting 5
Bootstrap[11]: Time 1.614339 seconds, bootstrap likelihood -64146.108435, best rearrangement setting 11
Bootstrap[12]: Time 1.100619 seconds, bootstrap likelihood -64417.064386, best rearrangement setting 6
Bootstrap[13]: Time 1.295820 seconds, bootstrap likelihood -64337.258038, best rearrangement setting 8
Bootstrap[14]: Time 1.304086 seconds, bootstrap likelihood -66101.281661, best rearrangement setting 13
Bootstrap[15]: Time 1.606824 seconds, bootstrap likelihood -64166.956781, best rearrangement setting 12
Bootstrap[16]: Time 1.352234 seconds, bootstrap likelihood -63204.193821, best rearrangement setting 9
Bootstrap[17]: Time 1.235491 seconds, bootstrap likelihood -64134.736774, best rearrangement setting 6
Bootstrap[18]: Time 1.226893 seconds, bootstrap likelihood -64724.095119, best rearrangement setting 8
Bootstrap[19]: Time 1.131171 seconds, bootstrap likelihood -64974.119604, best rearrangement setting 6
Bootstrap[20]: Time 1.061838 seconds, bootstrap likelihood -65232.618602, best rearrangement setting 6
Bootstrap[21]: Time 1.368500 seconds, bootstrap likelihood -65223.381112, best rearrangement setting 11
Bootstrap[22]: Time 1.168145 seconds, bootstrap likelihood -64941.186032, best rearrangement setting 6
Bootstrap[23]: Time 1.406934 seconds, bootstrap likelihood -63461.675241, best rearrangement setting 12
Bootstrap[24]: Time 1.412731 seconds, bootstrap likelihood -64610.980191, best rearrangement setting 10
Bootstrap[25]: Time 1.237919 seconds, bootstrap likelihood -64168.186935, best rearrangement setting 9
Bootstrap[26]: Time 1.488637 seconds, bootstrap likelihood -65951.232302, best rearrangement setting 8
Bootstrap[27]: Time 1.405440 seconds, bootstrap likelihood -63643.016601, best rearrangement setting 10
Bootstrap[28]: Time 1.033474 seconds, bootstrap likelihood -64371.641805, best rearrangement setting 5
Bootstrap[29]: Time 3.852927 seconds, bootstrap likelihood -64315.017445, best rearrangement setting 9
Bootstrap[30]: Time 1.046910 seconds, bootstrap likelihood -64681.251101, best rearrangement setting 5
Bootstrap[31]: Time 1.403028 seconds, bootstrap likelihood -63442.608830, best rearrangement setting 10
Bootstrap[32]: Time 25.695991 seconds, bootstrap likelihood -63388.425163, best rearrangement setting 10
Bootstrap[33]: Time 1.090392 seconds, bootstrap likelihood -64734.909560, best rearrangement setting 5
Bootstrap[34]: Time 1.096894 seconds, bootstrap likelihood -64123.884563, best rearrangement setting 5
Bootstrap[35]: Time 1.094009 seconds, bootstrap likelihood -65937.933628, best rearrangement setting 5
Bootstrap[36]: Time 1.007239 seconds, bootstrap likelihood -64513.380886, best rearrangement setting 5
Bootstrap[37]: Time 1.516005 seconds, bootstrap likelihood -63717.784796, best rearrangement setting 12
Bootstrap[38]: Time 2.102903 seconds, bootstrap likelihood -64617.801270, best rearrangement setting 7
Bootstrap[39]: Time 1.429182 seconds, bootstrap likelihood -64577.500882, best rearrangement setting 9
Bootstrap[40]: Time 1.800451 seconds, bootstrap likelihood -63276.794494, best rearrangement setting 7
Bootstrap[41]: Time 1.394593 seconds, bootstrap likelihood -63557.379471, best rearrangement setting 13
Bootstrap[42]: Time 1.428017 seconds, bootstrap likelihood -63822.836780, best rearrangement setting 13
Bootstrap[43]: Time 1.327694 seconds, bootstrap likelihood -64033.032062, best rearrangement setting 7
Bootstrap[44]: Time 1.132511 seconds, bootstrap likelihood -62404.609710, best rearrangement setting 6
Bootstrap[45]: Time 1.314138 seconds, bootstrap likelihood -63892.391142, best rearrangement setting 12
Bootstrap[46]: Time 1.023094 seconds, bootstrap likelihood -63829.726234, best rearrangement setting 6
Bootstrap[47]: Time 1.321314 seconds, bootstrap likelihood -63959.137475, best rearrangement setting 13
Bootstrap[48]: Time 1.395280 seconds, bootstrap likelihood -64104.013470, best rearrangement setting 12
Bootstrap[49]: Time 0.971504 seconds, bootstrap likelihood -64640.353174, best rearrangement setting 5
Bootstrap[50]: Time 1.273309 seconds, bootstrap likelihood -62770.655455, best rearrangement setting 14
Bootstrap[51]: Time 1.301338 seconds, bootstrap likelihood -64405.550452, best rearrangement setting 12
Bootstrap[52]: Time 1.728965 seconds, bootstrap likelihood -65113.766596, best rearrangement setting 10
Bootstrap[53]: Time 0.941306 seconds, bootstrap likelihood -64476.308803, best rearrangement setting 5
Bootstrap[54]: Time 1.282854 seconds, bootstrap likelihood -64426.514790, best rearrangement setting 13
Bootstrap[55]: Time 1.267251 seconds, bootstrap likelihood -64476.952994, best rearrangement setting 14
Bootstrap[56]: Time 1.204538 seconds, bootstrap likelihood -64807.675396, best rearrangement setting 15
Bootstrap[57]: Time 1.383355 seconds, bootstrap likelihood -63824.524190, best rearrangement setting 15
Bootstrap[58]: Time 1.141439 seconds, bootstrap likelihood -63746.209785, best rearrangement setting 7
Bootstrap[59]: Time 2.497666 seconds, bootstrap likelihood -63077.703056, best rearrangement setting 9
Bootstrap[60]: Time 1.428428 seconds, bootstrap likelihood -64379.136148, best rearrangement setting 8
Bootstrap[61]: Time 1.466815 seconds, bootstrap likelihood -64050.747513, best rearrangement setting 13
Bootstrap[62]: Time 31.885360 seconds, bootstrap likelihood -65699.874948, best rearrangement setting 13
Bootstrap[63]: Time 1.213291 seconds, bootstrap likelihood -65373.085713, best rearrangement setting 10
Bootstrap[64]: Time 1.023800 seconds, bootstrap likelihood -65085.705910, best rearrangement setting 5
Bootstrap[65]: Time 1.124509 seconds, bootstrap likelihood -64535.351241, best rearrangement setting 6
Bootstrap[66]: Time 1.194761 seconds, bootstrap likelihood -65229.366978, best rearrangement setting 6
Bootstrap[67]: Time 1.375598 seconds, bootstrap likelihood -63789.951002, best rearrangement setting 14
Bootstrap[68]: Time 1.386148 seconds, bootstrap likelihood -64070.544699, best rearrangement setting 8
Bootstrap[69]: Time 1.020512 seconds, bootstrap likelihood -63419.796979, best rearrangement setting 5
Bootstrap[70]: Time 1.174705 seconds, bootstrap likelihood -64832.389680, best rearrangement setting 6
Bootstrap[71]: Time 0.906481 seconds, bootstrap likelihood -64252.659699, best rearrangement setting 5
Bootstrap[72]: Time 1.262279 seconds, bootstrap likelihood -63426.443817, best rearrangement setting 9
Bootstrap[73]: Time 1.157305 seconds, bootstrap likelihood -63697.171005, best rearrangement setting 7
Bootstrap[74]: Time 2.378611 seconds, bootstrap likelihood -64213.697398, best rearrangement setting 9
Bootstrap[75]: Time 1.224203 seconds, bootstrap likelihood -65128.443310, best rearrangement setting 12
Bootstrap[76]: Time 1.221046 seconds, bootstrap likelihood -63769.079013, best rearrangement setting 14
Bootstrap[77]: Time 1.697716 seconds, bootstrap likelihood -64246.039041, best rearrangement setting 5
Bootstrap[78]: Time 1.201787 seconds, bootstrap likelihood -64690.356609, best rearrangement setting 13
Bootstrap[79]: Time 1.054930 seconds, bootstrap likelihood -63339.396015, best rearrangement setting 5
Bootstrap[80]: Time 1.250463 seconds, bootstrap likelihood -64332.402975, best rearrangement setting 14
Bootstrap[81]: Time 54.179116 seconds, bootstrap likelihood -65710.115617, best rearrangement setting 14
Bootstrap[82]: Time 1.286740 seconds, bootstrap likelihood -63175.824878, best rearrangement setting 15
Bootstrap[83]: Time 2.161136 seconds, bootstrap likelihood -62196.246941, best rearrangement setting 15
Bootstrap[84]: Time 1.386602 seconds, bootstrap likelihood -64213.762792, best rearrangement setting 11
Bootstrap[85]: Time 1.346788 seconds, bootstrap likelihood -63875.949343, best rearrangement setting 13
Bootstrap[86]: Time 1.557552 seconds, bootstrap likelihood -63866.358374, best rearrangement setting 6
Bootstrap[87]: Time 1.166358 seconds, bootstrap likelihood -62870.298873, best rearrangement setting 8
Bootstrap[88]: Time 0.890168 seconds, bootstrap likelihood -64165.162923, best rearrangement setting 5
Bootstrap[89]: Time 1.399533 seconds, bootstrap likelihood -65207.194854, best rearrangement setting 13
Bootstrap[90]: Time 1.795796 seconds, bootstrap likelihood -63902.845642, best rearrangement setting 6
Bootstrap[91]: Time 1.259613 seconds, bootstrap likelihood -63909.819704, best rearrangement setting 9
Bootstrap[92]: Time 2.243801 seconds, bootstrap likelihood -65041.254195, best rearrangement setting 11
Bootstrap[93]: Time 1.180958 seconds, bootstrap likelihood -63525.014910, best rearrangement setting 6
Bootstrap[94]: Time 1.935554 seconds, bootstrap likelihood -64616.774168, best rearrangement setting 6
Bootstrap[95]: Time 3.419311 seconds, bootstrap likelihood -65525.958319, best rearrangement setting 5
Bootstrap[96]: Time 4.421514 seconds, bootstrap likelihood -66312.153723, best rearrangement setting 9
Bootstrap[97]: Time 4.083328 seconds, bootstrap likelihood -64401.572376, best rearrangement setting 15
Bootstrap[98]: Time 1.166898 seconds, bootstrap likelihood -62920.261312, best rearrangement setting 6
Bootstrap[99]: Time 1.247111 seconds, bootstrap likelihood -63174.557768, best rearrangement setting 9


Overall Time for 100 Rapid Bootstraps 252.295584 seconds
Average Time per Rapid Bootstrap 2.522956 seconds

Starting ML Search ...

Fast ML optimization finished

Fast ML search Time: 191.767065 seconds

Slow ML Search 0 Likelihood: -64373.536026
Slow ML Search 1 Likelihood: -64375.112415
Slow ML Search 2 Likelihood: -64375.112412
Slow ML Search 3 Likelihood: -64375.251126
Slow ML Search 4 Likelihood: -64378.266857
Slow ML Search 5 Likelihood: -64378.085827
Slow ML Search 6 Likelihood: -64379.774511
Slow ML Search 7 Likelihood: -64378.183953
Slow ML Search 8 Likelihood: -64380.675872
Slow ML Search 9 Likelihood: -64381.353942
Slow ML optimization finished

Slow ML search Time: 37.460763 seconds
Thorough ML search Time: 2.222339 seconds

Final ML Optimization Likelihood: -64373.536024

Model Information:

Model Parameters of Partition 0, Name: No Name Provided, Type of Data: DNA
alpha: 0.323925
Tree-Length: 3.029946
rate A <-> C: 2.281384
rate A <-> G: 5.691393
rate A <-> T: 0.955172
rate C <-> G: 0.978324
rate C <-> T: 6.521568
rate G <-> T: 1.000000

freq pi(A): 0.370164
freq pi(C): 0.174234
freq pi(G): 0.234069
freq pi(T): 0.221533


ML search took 231.458484 secs or 0.064294 hours

Combined Bootstrap and ML search took 483.754200 secs or 0.134376 hours

Drawing Bootstrap Support Values on best-scoring ML tree ...



Found 1 tree in File /gpfs_home/mhowison/code/hiv-profile-sampling/scratch/trees/gag-pol-env/RAxML_bestTree.sample.4



Found 1 tree in File /gpfs_home/mhowison/code/hiv-profile-sampling/scratch/trees/gag-pol-env/RAxML_bestTree.sample.4

Program execution info written to /gpfs_home/mhowison/code/hiv-profile-sampling/scratch/trees/gag-pol-env/RAxML_info.sample.4
All 100 bootstrapped trees written to: /gpfs_home/mhowison/code/hiv-profile-sampling/scratch/trees/gag-pol-env/RAxML_bootstrap.sample.4

Best-scoring ML tree written to: /gpfs_home/mhowison/code/hiv-profile-sampling/scratch/trees/gag-pol-env/RAxML_bestTree.sample.4

Best-scoring ML tree with support values written to: /gpfs_home/mhowison/code/hiv-profile-sampling/scratch/trees/gag-pol-env/RAxML_bipartitions.sample.4

Best-scoring ML tree with support values as branch labels written to: /gpfs_home/mhowison/code/hiv-profile-sampling/scratch/trees/gag-pol-env/RAxML_bipartitionsBranchLabels.sample.4

Overall execution time for full ML analysis: 483.758333 secs or 0.134377 hours or 0.005599 days

