srun: job 264026 queued and waiting for resources
srun: job 264026 has been allocated resources
Warning, you specified a working directory via "-w"
Keep in mind that RAxML only accepts absolute path names, not relative ones!

RAxML can't, parse the alignment file as phylip file 
it will now try to parse it as FASTA file



Using BFGS method to optimize GTR rate parameters, to disable this specify "--no-bfgs" 


This is the RAxML Master Pthread

This is RAxML Worker Pthread Number: 1

This is RAxML Worker Pthread Number: 4

This is RAxML Worker Pthread Number: 2

This is RAxML Worker Pthread Number: 3

This is RAxML Worker Pthread Number: 5

This is RAxML Worker Pthread Number: 7

This is RAxML Worker Pthread Number: 9

This is RAxML Worker Pthread Number: 6

This is RAxML Worker Pthread Number: 10

This is RAxML Worker Pthread Number: 11

This is RAxML Worker Pthread Number: 8

This is RAxML Worker Pthread Number: 12

This is RAxML Worker Pthread Number: 13

This is RAxML Worker Pthread Number: 14

This is RAxML Worker Pthread Number: 15

This is RAxML Worker Pthread Number: 16

This is RAxML Worker Pthread Number: 18

This is RAxML Worker Pthread Number: 17

This is RAxML Worker Pthread Number: 19


This is RAxML version 8.2.12 released by Alexandros Stamatakis on May 2018.

With greatly appreciated code contributions by:
Andre Aberer      (HITS)
Simon Berger      (HITS)
Alexey Kozlov     (HITS)
Kassian Kobert    (HITS)
David Dao         (KIT and HITS)
Sarah Lutteropp   (KIT and HITS)
Nick Pattengale   (Sandia)
Wayne Pfeiffer    (SDSC)
Akifumi S. Tanabe (NRIFS)
Charlie Taylor    (UF)


Alignment has 3190 distinct alignment patterns

Proportion of gaps and completely undetermined characters in this alignment: 6.11%

RAxML rapid bootstrapping and subsequent ML search

Using 1 distinct models/data partitions with joint branch length optimization



Executing 100 rapid bootstrap inferences and thereafter a thorough ML search 

All free model parameters will be estimated by RAxML
GAMMA model of rate heterogeneity, ML estimate of alpha-parameter

GAMMA Model parameters will be estimated up to an accuracy of 0.1000000000 Log Likelihood units

Partition: 0
Alignment Patterns: 3190
Name: No Name Provided
DataType: DNA
Substitution Matrix: GTR




RAxML was called as follows:

raxmlHPC-PTHREADS-AVX -T 20 -s scratch/aligned/gag-pol-env/sample.158.fa -p 9326376478 -x 9326376478 -f a -N 100 -m GTRGAMMA -w /gpfs_home/mhowison/code/hiv-profile-sampling/scratch/trees/gag-pol-env -n sample.158 



Time for BS model parameter optimization 0.203731
Bootstrap[0]: Time 1.442960 seconds, bootstrap likelihood -64886.357394, best rearrangement setting 14
Bootstrap[1]: Time 1.349361 seconds, bootstrap likelihood -65081.899105, best rearrangement setting 14
Bootstrap[2]: Time 1.173602 seconds, bootstrap likelihood -64685.702087, best rearrangement setting 9
Bootstrap[3]: Time 1.093992 seconds, bootstrap likelihood -63975.053454, best rearrangement setting 8
Bootstrap[4]: Time 1.170804 seconds, bootstrap likelihood -63998.651962, best rearrangement setting 14
Bootstrap[5]: Time 1.082173 seconds, bootstrap likelihood -63659.706242, best rearrangement setting 6
Bootstrap[6]: Time 1.261162 seconds, bootstrap likelihood -64695.634721, best rearrangement setting 15
Bootstrap[7]: Time 0.927438 seconds, bootstrap likelihood -64492.714468, best rearrangement setting 5
Bootstrap[8]: Time 1.136926 seconds, bootstrap likelihood -63991.434974, best rearrangement setting 8
Bootstrap[9]: Time 1.188310 seconds, bootstrap likelihood -64400.017092, best rearrangement setting 15
Bootstrap[10]: Time 1.133715 seconds, bootstrap likelihood -63173.642304, best rearrangement setting 7
Bootstrap[11]: Time 1.202345 seconds, bootstrap likelihood -63494.355872, best rearrangement setting 14
Bootstrap[12]: Time 1.216077 seconds, bootstrap likelihood -62673.745902, best rearrangement setting 8
Bootstrap[13]: Time 1.064225 seconds, bootstrap likelihood -64010.249227, best rearrangement setting 6
Bootstrap[14]: Time 2.070853 seconds, bootstrap likelihood -64559.663909, best rearrangement setting 9
Bootstrap[15]: Time 0.911783 seconds, bootstrap likelihood -65944.512670, best rearrangement setting 5
Bootstrap[16]: Time 1.241848 seconds, bootstrap likelihood -63671.895753, best rearrangement setting 15
Bootstrap[17]: Time 1.016515 seconds, bootstrap likelihood -65636.621844, best rearrangement setting 6
Bootstrap[18]: Time 1.214465 seconds, bootstrap likelihood -64075.595943, best rearrangement setting 13
Bootstrap[19]: Time 1.186142 seconds, bootstrap likelihood -65582.750066, best rearrangement setting 12
Bootstrap[20]: Time 1.008042 seconds, bootstrap likelihood -64624.374932, best rearrangement setting 7
Bootstrap[21]: Time 1.110786 seconds, bootstrap likelihood -63730.863787, best rearrangement setting 8
Bootstrap[22]: Time 1.208536 seconds, bootstrap likelihood -63709.564396, best rearrangement setting 13
Bootstrap[23]: Time 1.167740 seconds, bootstrap likelihood -65243.018650, best rearrangement setting 8
Bootstrap[24]: Time 1.098713 seconds, bootstrap likelihood -65993.126637, best rearrangement setting 7
Bootstrap[25]: Time 0.926076 seconds, bootstrap likelihood -65244.658052, best rearrangement setting 5
Bootstrap[26]: Time 1.263497 seconds, bootstrap likelihood -64025.811053, best rearrangement setting 14
Bootstrap[27]: Time 1.513803 seconds, bootstrap likelihood -63830.629604, best rearrangement setting 9
Bootstrap[28]: Time 0.989375 seconds, bootstrap likelihood -65348.889773, best rearrangement setting 15
Bootstrap[29]: Time 1.181060 seconds, bootstrap likelihood -65159.685482, best rearrangement setting 14
Bootstrap[30]: Time 0.936371 seconds, bootstrap likelihood -64819.784271, best rearrangement setting 6
Bootstrap[31]: Time 1.174271 seconds, bootstrap likelihood -64029.918866, best rearrangement setting 12
Bootstrap[32]: Time 1.187021 seconds, bootstrap likelihood -64800.504479, best rearrangement setting 11
Bootstrap[33]: Time 1.150241 seconds, bootstrap likelihood -64102.683925, best rearrangement setting 10
Bootstrap[34]: Time 1.146597 seconds, bootstrap likelihood -66266.403724, best rearrangement setting 12
Bootstrap[35]: Time 0.847812 seconds, bootstrap likelihood -63946.666178, best rearrangement setting 5
Bootstrap[36]: Time 1.155352 seconds, bootstrap likelihood -63331.109132, best rearrangement setting 7
Bootstrap[37]: Time 1.182715 seconds, bootstrap likelihood -64989.236531, best rearrangement setting 8
Bootstrap[38]: Time 1.282444 seconds, bootstrap likelihood -63507.389059, best rearrangement setting 15
Bootstrap[39]: Time 1.147872 seconds, bootstrap likelihood -64971.326198, best rearrangement setting 7
Bootstrap[40]: Time 1.630958 seconds, bootstrap likelihood -66154.875885, best rearrangement setting 6
Bootstrap[41]: Time 0.950352 seconds, bootstrap likelihood -64962.680565, best rearrangement setting 5
Bootstrap[42]: Time 1.147097 seconds, bootstrap likelihood -63479.039121, best rearrangement setting 8
Bootstrap[43]: Time 0.991951 seconds, bootstrap likelihood -63102.398855, best rearrangement setting 8
Bootstrap[44]: Time 1.230332 seconds, bootstrap likelihood -64495.382328, best rearrangement setting 10
Bootstrap[45]: Time 1.043536 seconds, bootstrap likelihood -64681.730495, best rearrangement setting 6
Bootstrap[46]: Time 1.097741 seconds, bootstrap likelihood -64035.573424, best rearrangement setting 6
Bootstrap[47]: Time 1.178621 seconds, bootstrap likelihood -65699.755981, best rearrangement setting 12
Bootstrap[48]: Time 1.149795 seconds, bootstrap likelihood -63682.616961, best rearrangement setting 8
Bootstrap[49]: Time 1.099503 seconds, bootstrap likelihood -62018.107836, best rearrangement setting 15
Bootstrap[50]: Time 1.235460 seconds, bootstrap likelihood -64564.230985, best rearrangement setting 12
Bootstrap[51]: Time 1.186074 seconds, bootstrap likelihood -63362.757011, best rearrangement setting 13
Bootstrap[52]: Time 1.253668 seconds, bootstrap likelihood -63233.111062, best rearrangement setting 10
Bootstrap[53]: Time 1.489745 seconds, bootstrap likelihood -64843.340557, best rearrangement setting 8
Bootstrap[54]: Time 1.213703 seconds, bootstrap likelihood -65306.856245, best rearrangement setting 12
Bootstrap[55]: Time 1.186628 seconds, bootstrap likelihood -65175.866633, best rearrangement setting 7
Bootstrap[56]: Time 0.908577 seconds, bootstrap likelihood -64768.506484, best rearrangement setting 14
Bootstrap[57]: Time 0.886600 seconds, bootstrap likelihood -63781.558518, best rearrangement setting 5
Bootstrap[58]: Time 1.219435 seconds, bootstrap likelihood -64903.932391, best rearrangement setting 15
Bootstrap[59]: Time 0.875079 seconds, bootstrap likelihood -63850.912051, best rearrangement setting 5
Bootstrap[60]: Time 1.284188 seconds, bootstrap likelihood -65854.568125, best rearrangement setting 12
Bootstrap[61]: Time 1.085293 seconds, bootstrap likelihood -64490.203237, best rearrangement setting 7
Bootstrap[62]: Time 1.125552 seconds, bootstrap likelihood -65181.842391, best rearrangement setting 11
Bootstrap[63]: Time 1.169292 seconds, bootstrap likelihood -64678.400243, best rearrangement setting 8
Bootstrap[64]: Time 1.253729 seconds, bootstrap likelihood -65279.143368, best rearrangement setting 11
Bootstrap[65]: Time 1.203455 seconds, bootstrap likelihood -64558.579873, best rearrangement setting 10
Bootstrap[66]: Time 1.679868 seconds, bootstrap likelihood -66094.956141, best rearrangement setting 9
Bootstrap[67]: Time 1.285108 seconds, bootstrap likelihood -64483.269987, best rearrangement setting 9
Bootstrap[68]: Time 1.077736 seconds, bootstrap likelihood -63249.555352, best rearrangement setting 15
Bootstrap[69]: Time 1.180286 seconds, bootstrap likelihood -64626.501347, best rearrangement setting 13
Bootstrap[70]: Time 1.072117 seconds, bootstrap likelihood -63793.357408, best rearrangement setting 6
Bootstrap[71]: Time 1.072084 seconds, bootstrap likelihood -65286.904464, best rearrangement setting 6
Bootstrap[72]: Time 1.218931 seconds, bootstrap likelihood -65464.653594, best rearrangement setting 15
Bootstrap[73]: Time 1.113503 seconds, bootstrap likelihood -64561.396983, best rearrangement setting 15
Bootstrap[74]: Time 1.204268 seconds, bootstrap likelihood -65557.417914, best rearrangement setting 13
Bootstrap[75]: Time 1.215578 seconds, bootstrap likelihood -64693.477962, best rearrangement setting 10
Bootstrap[76]: Time 1.044726 seconds, bootstrap likelihood -65232.419272, best rearrangement setting 6
Bootstrap[77]: Time 1.383364 seconds, bootstrap likelihood -65361.015073, best rearrangement setting 11
Bootstrap[78]: Time 1.347177 seconds, bootstrap likelihood -64888.284853, best rearrangement setting 10
Bootstrap[79]: Time 1.481312 seconds, bootstrap likelihood -64818.093894, best rearrangement setting 15
Bootstrap[80]: Time 1.115824 seconds, bootstrap likelihood -65190.688210, best rearrangement setting 9
Bootstrap[81]: Time 0.870779 seconds, bootstrap likelihood -63801.892563, best rearrangement setting 5
Bootstrap[82]: Time 1.084889 seconds, bootstrap likelihood -63291.458123, best rearrangement setting 12
Bootstrap[83]: Time 1.242749 seconds, bootstrap likelihood -61936.366898, best rearrangement setting 15
Bootstrap[84]: Time 1.154242 seconds, bootstrap likelihood -65089.886820, best rearrangement setting 10
Bootstrap[85]: Time 1.225705 seconds, bootstrap likelihood -64715.775902, best rearrangement setting 15
Bootstrap[86]: Time 1.141415 seconds, bootstrap likelihood -64027.754223, best rearrangement setting 12
Bootstrap[87]: Time 1.172145 seconds, bootstrap likelihood -64526.100856, best rearrangement setting 12
Bootstrap[88]: Time 1.198045 seconds, bootstrap likelihood -64508.737292, best rearrangement setting 8
Bootstrap[89]: Time 1.147149 seconds, bootstrap likelihood -63670.251703, best rearrangement setting 9
Bootstrap[90]: Time 1.124317 seconds, bootstrap likelihood -65454.138007, best rearrangement setting 6
Bootstrap[91]: Time 1.771460 seconds, bootstrap likelihood -65897.989963, best rearrangement setting 8
Bootstrap[92]: Time 1.012732 seconds, bootstrap likelihood -63699.268737, best rearrangement setting 8
Bootstrap[93]: Time 1.269244 seconds, bootstrap likelihood -64798.664440, best rearrangement setting 15
Bootstrap[94]: Time 1.230896 seconds, bootstrap likelihood -63723.134542, best rearrangement setting 11
Bootstrap[95]: Time 1.202417 seconds, bootstrap likelihood -63200.103445, best rearrangement setting 9
Bootstrap[96]: Time 1.356546 seconds, bootstrap likelihood -64996.141181, best rearrangement setting 14
Bootstrap[97]: Time 1.105337 seconds, bootstrap likelihood -64862.588152, best rearrangement setting 13
Bootstrap[98]: Time 1.475834 seconds, bootstrap likelihood -62687.034661, best rearrangement setting 9
Bootstrap[99]: Time 1.309618 seconds, bootstrap likelihood -64053.088684, best rearrangement setting 11


Overall Time for 100 Rapid Bootstraps 118.562583 seconds
Average Time per Rapid Bootstrap 1.185626 seconds

Starting ML Search ...

Fast ML optimization finished

Fast ML search Time: 96.662137 seconds

Slow ML Search 0 Likelihood: -64563.847195
Slow ML Search 1 Likelihood: -64563.847195
Slow ML Search 2 Likelihood: -64565.364848
Slow ML Search 3 Likelihood: -64567.683151
Slow ML Search 4 Likelihood: -64568.872672
Slow ML Search 5 Likelihood: -64570.465581
Slow ML Search 6 Likelihood: -64571.265833
Slow ML Search 7 Likelihood: -64572.220329
Slow ML Search 8 Likelihood: -64573.205272
Slow ML Search 9 Likelihood: -64573.717143
Slow ML optimization finished

Slow ML search Time: 18.218969 seconds
Thorough ML search Time: 2.052973 seconds

Final ML Optimization Likelihood: -64563.847196

Model Information:

Model Parameters of Partition 0, Name: No Name Provided, Type of Data: DNA
alpha: 0.330362
Tree-Length: 3.028594
rate A <-> C: 2.197936
rate A <-> G: 5.487770
rate A <-> T: 0.884292
rate C <-> G: 0.924060
rate C <-> T: 6.329462
rate G <-> T: 1.000000

freq pi(A): 0.369929
freq pi(C): 0.174142
freq pi(G): 0.234275
freq pi(T): 0.221654


ML search took 116.938958 secs or 0.032483 hours

Combined Bootstrap and ML search took 235.501671 secs or 0.065417 hours

Drawing Bootstrap Support Values on best-scoring ML tree ...



Found 1 tree in File /gpfs_home/mhowison/code/hiv-profile-sampling/scratch/trees/gag-pol-env/RAxML_bestTree.sample.158



Found 1 tree in File /gpfs_home/mhowison/code/hiv-profile-sampling/scratch/trees/gag-pol-env/RAxML_bestTree.sample.158

Program execution info written to /gpfs_home/mhowison/code/hiv-profile-sampling/scratch/trees/gag-pol-env/RAxML_info.sample.158
All 100 bootstrapped trees written to: /gpfs_home/mhowison/code/hiv-profile-sampling/scratch/trees/gag-pol-env/RAxML_bootstrap.sample.158

Best-scoring ML tree written to: /gpfs_home/mhowison/code/hiv-profile-sampling/scratch/trees/gag-pol-env/RAxML_bestTree.sample.158

Best-scoring ML tree with support values written to: /gpfs_home/mhowison/code/hiv-profile-sampling/scratch/trees/gag-pol-env/RAxML_bipartitions.sample.158

Best-scoring ML tree with support values as branch labels written to: /gpfs_home/mhowison/code/hiv-profile-sampling/scratch/trees/gag-pol-env/RAxML_bipartitionsBranchLabels.sample.158

Overall execution time for full ML analysis: 235.505596 secs or 0.065418 hours or 0.002726 days

