srun: job 264732 queued and waiting for resources
srun: job 264732 has been allocated resources
Warning, you specified a working directory via "-w"
Keep in mind that RAxML only accepts absolute path names, not relative ones!

RAxML can't, parse the alignment file as phylip file 
it will now try to parse it as FASTA file



Using BFGS method to optimize GTR rate parameters, to disable this specify "--no-bfgs" 


This is the RAxML Master Pthread

This is RAxML Worker Pthread Number: 2

This is RAxML Worker Pthread Number: 1

This is RAxML Worker Pthread Number: 3

This is RAxML Worker Pthread Number: 4

This is RAxML Worker Pthread Number: 5

This is RAxML Worker Pthread Number: 7

This is RAxML Worker Pthread Number: 6

This is RAxML Worker Pthread Number: 8

This is RAxML Worker Pthread Number: 10

This is RAxML Worker Pthread Number: 11

This is RAxML Worker Pthread Number: 9

This is RAxML Worker Pthread Number: 14

This is RAxML Worker Pthread Number: 12

This is RAxML Worker Pthread Number: 13

This is RAxML Worker Pthread Number: 15

This is RAxML Worker Pthread Number: 17

This is RAxML Worker Pthread Number: 16

This is RAxML Worker Pthread Number: 19

This is RAxML Worker Pthread Number: 18


This is RAxML version 8.2.12 released by Alexandros Stamatakis on May 2018.

With greatly appreciated code contributions by:
Andre Aberer      (HITS)
Simon Berger      (HITS)
Alexey Kozlov     (HITS)
Kassian Kobert    (HITS)
David Dao         (KIT and HITS)
Sarah Lutteropp   (KIT and HITS)
Nick Pattengale   (Sandia)
Wayne Pfeiffer    (SDSC)
Akifumi S. Tanabe (NRIFS)
Charlie Taylor    (UF)


Alignment has 3173 distinct alignment patterns

Proportion of gaps and completely undetermined characters in this alignment: 6.11%

RAxML rapid bootstrapping and subsequent ML search

Using 1 distinct models/data partitions with joint branch length optimization



Executing 100 rapid bootstrap inferences and thereafter a thorough ML search 

All free model parameters will be estimated by RAxML
GAMMA model of rate heterogeneity, ML estimate of alpha-parameter

GAMMA Model parameters will be estimated up to an accuracy of 0.1000000000 Log Likelihood units

Partition: 0
Alignment Patterns: 3173
Name: No Name Provided
DataType: DNA
Substitution Matrix: GTR




RAxML was called as follows:

raxmlHPC-PTHREADS-AVX -T 20 -s scratch/aligned/gag-pol-env/sample.85.fa -p 7046539264 -x 7046539264 -f a -N 100 -m GTRGAMMA -w /gpfs_home/mhowison/code/hiv-profile-sampling/scratch/trees/gag-pol-env -n sample.85 



Time for BS model parameter optimization 0.208865
Bootstrap[0]: Time 1.386916 seconds, bootstrap likelihood -64254.104873, best rearrangement setting 9
Bootstrap[1]: Time 1.141289 seconds, bootstrap likelihood -64547.642682, best rearrangement setting 11
Bootstrap[2]: Time 1.179844 seconds, bootstrap likelihood -64314.028962, best rearrangement setting 9
Bootstrap[3]: Time 1.243459 seconds, bootstrap likelihood -63557.543445, best rearrangement setting 13
Bootstrap[4]: Time 1.169431 seconds, bootstrap likelihood -64300.086632, best rearrangement setting 10
Bootstrap[5]: Time 0.914306 seconds, bootstrap likelihood -64459.067419, best rearrangement setting 5
Bootstrap[6]: Time 1.153323 seconds, bootstrap likelihood -64485.131049, best rearrangement setting 7
Bootstrap[7]: Time 0.886615 seconds, bootstrap likelihood -65000.146460, best rearrangement setting 5
Bootstrap[8]: Time 1.289544 seconds, bootstrap likelihood -65292.835895, best rearrangement setting 13
Bootstrap[9]: Time 1.267754 seconds, bootstrap likelihood -65277.703120, best rearrangement setting 10
Bootstrap[10]: Time 1.073086 seconds, bootstrap likelihood -63399.239598, best rearrangement setting 6
Bootstrap[11]: Time 1.168937 seconds, bootstrap likelihood -65612.755796, best rearrangement setting 12
Bootstrap[12]: Time 1.189137 seconds, bootstrap likelihood -64305.403830, best rearrangement setting 10
Bootstrap[13]: Time 1.097445 seconds, bootstrap likelihood -65870.197372, best rearrangement setting 6
Bootstrap[14]: Time 1.189899 seconds, bootstrap likelihood -65281.383090, best rearrangement setting 12
Bootstrap[15]: Time 1.260150 seconds, bootstrap likelihood -65189.703670, best rearrangement setting 10
Bootstrap[16]: Time 1.249697 seconds, bootstrap likelihood -61521.341864, best rearrangement setting 8
Bootstrap[17]: Time 1.036740 seconds, bootstrap likelihood -65337.791611, best rearrangement setting 6
Bootstrap[18]: Time 1.241394 seconds, bootstrap likelihood -63043.347225, best rearrangement setting 15
Bootstrap[19]: Time 1.139230 seconds, bootstrap likelihood -64228.667821, best rearrangement setting 11
Bootstrap[20]: Time 1.261470 seconds, bootstrap likelihood -64138.828917, best rearrangement setting 15
Bootstrap[21]: Time 1.324051 seconds, bootstrap likelihood -63859.578489, best rearrangement setting 7
Bootstrap[22]: Time 1.079058 seconds, bootstrap likelihood -64348.585688, best rearrangement setting 9
Bootstrap[23]: Time 1.086314 seconds, bootstrap likelihood -63357.229798, best rearrangement setting 13
Bootstrap[24]: Time 1.390280 seconds, bootstrap likelihood -64237.951116, best rearrangement setting 12
Bootstrap[25]: Time 1.132455 seconds, bootstrap likelihood -64110.079468, best rearrangement setting 12
Bootstrap[26]: Time 1.238759 seconds, bootstrap likelihood -65699.821170, best rearrangement setting 8
Bootstrap[27]: Time 1.269041 seconds, bootstrap likelihood -65343.978769, best rearrangement setting 13
Bootstrap[28]: Time 1.306634 seconds, bootstrap likelihood -63927.660604, best rearrangement setting 13
Bootstrap[29]: Time 1.274667 seconds, bootstrap likelihood -65238.014565, best rearrangement setting 11
Bootstrap[30]: Time 0.893050 seconds, bootstrap likelihood -66110.139899, best rearrangement setting 5
Bootstrap[31]: Time 1.055565 seconds, bootstrap likelihood -64627.653813, best rearrangement setting 7
Bootstrap[32]: Time 1.059652 seconds, bootstrap likelihood -63410.535291, best rearrangement setting 6
Bootstrap[33]: Time 1.436411 seconds, bootstrap likelihood -64097.888185, best rearrangement setting 10
Bootstrap[34]: Time 0.867827 seconds, bootstrap likelihood -65249.636629, best rearrangement setting 5
Bootstrap[35]: Time 1.093164 seconds, bootstrap likelihood -62941.286997, best rearrangement setting 13
Bootstrap[36]: Time 1.098041 seconds, bootstrap likelihood -63604.884249, best rearrangement setting 10
Bootstrap[37]: Time 1.263083 seconds, bootstrap likelihood -64040.913105, best rearrangement setting 14
Bootstrap[38]: Time 1.240326 seconds, bootstrap likelihood -65597.698717, best rearrangement setting 12
Bootstrap[39]: Time 1.201635 seconds, bootstrap likelihood -64049.795911, best rearrangement setting 12
Bootstrap[40]: Time 1.125269 seconds, bootstrap likelihood -64721.770375, best rearrangement setting 10
Bootstrap[41]: Time 1.258505 seconds, bootstrap likelihood -64931.952868, best rearrangement setting 11
Bootstrap[42]: Time 1.183204 seconds, bootstrap likelihood -62921.780565, best rearrangement setting 10
Bootstrap[43]: Time 1.097739 seconds, bootstrap likelihood -65041.572659, best rearrangement setting 11
Bootstrap[44]: Time 1.221014 seconds, bootstrap likelihood -64930.185721, best rearrangement setting 8
Bootstrap[45]: Time 1.212674 seconds, bootstrap likelihood -64532.954119, best rearrangement setting 7
Bootstrap[46]: Time 1.039488 seconds, bootstrap likelihood -65228.131282, best rearrangement setting 5
Bootstrap[47]: Time 1.110656 seconds, bootstrap likelihood -65610.645740, best rearrangement setting 10
Bootstrap[48]: Time 1.106578 seconds, bootstrap likelihood -65021.434638, best rearrangement setting 15
Bootstrap[49]: Time 1.128362 seconds, bootstrap likelihood -64788.947532, best rearrangement setting 8
Bootstrap[50]: Time 1.379742 seconds, bootstrap likelihood -64852.352795, best rearrangement setting 12
Bootstrap[51]: Time 1.202315 seconds, bootstrap likelihood -64579.867221, best rearrangement setting 14
Bootstrap[52]: Time 1.204187 seconds, bootstrap likelihood -64870.870083, best rearrangement setting 10
Bootstrap[53]: Time 1.164305 seconds, bootstrap likelihood -63112.660373, best rearrangement setting 11
Bootstrap[54]: Time 1.062623 seconds, bootstrap likelihood -65000.927359, best rearrangement setting 6
Bootstrap[55]: Time 1.101514 seconds, bootstrap likelihood -65099.109452, best rearrangement setting 10
Bootstrap[56]: Time 1.151653 seconds, bootstrap likelihood -64788.898866, best rearrangement setting 9
Bootstrap[57]: Time 1.170766 seconds, bootstrap likelihood -63316.701377, best rearrangement setting 12
Bootstrap[58]: Time 1.232361 seconds, bootstrap likelihood -65466.305611, best rearrangement setting 14
Bootstrap[59]: Time 3.019607 seconds, bootstrap likelihood -63189.876899, best rearrangement setting 12
Bootstrap[60]: Time 1.106766 seconds, bootstrap likelihood -62929.710351, best rearrangement setting 6
Bootstrap[61]: Time 1.250727 seconds, bootstrap likelihood -65286.986618, best rearrangement setting 14
Bootstrap[62]: Time 1.218911 seconds, bootstrap likelihood -64189.420170, best rearrangement setting 12
Bootstrap[63]: Time 1.291925 seconds, bootstrap likelihood -64630.191690, best rearrangement setting 15
Bootstrap[64]: Time 1.099657 seconds, bootstrap likelihood -63747.680939, best rearrangement setting 15
Bootstrap[65]: Time 1.031355 seconds, bootstrap likelihood -65305.415565, best rearrangement setting 6
Bootstrap[66]: Time 0.887132 seconds, bootstrap likelihood -64104.580703, best rearrangement setting 5
Bootstrap[67]: Time 1.230434 seconds, bootstrap likelihood -65479.842951, best rearrangement setting 10
Bootstrap[68]: Time 1.175691 seconds, bootstrap likelihood -64836.352763, best rearrangement setting 14
Bootstrap[69]: Time 1.203312 seconds, bootstrap likelihood -63227.941874, best rearrangement setting 15
Bootstrap[70]: Time 1.355420 seconds, bootstrap likelihood -62806.618837, best rearrangement setting 13
Bootstrap[71]: Time 1.359481 seconds, bootstrap likelihood -64402.653795, best rearrangement setting 13
Bootstrap[72]: Time 1.242353 seconds, bootstrap likelihood -64197.185344, best rearrangement setting 10
Bootstrap[73]: Time 1.279592 seconds, bootstrap likelihood -63302.903585, best rearrangement setting 12
Bootstrap[74]: Time 1.235797 seconds, bootstrap likelihood -64945.892049, best rearrangement setting 11
Bootstrap[75]: Time 1.028792 seconds, bootstrap likelihood -64360.173336, best rearrangement setting 11
Bootstrap[76]: Time 1.235798 seconds, bootstrap likelihood -63876.213292, best rearrangement setting 11
Bootstrap[77]: Time 0.951330 seconds, bootstrap likelihood -64048.552296, best rearrangement setting 5
Bootstrap[78]: Time 0.988870 seconds, bootstrap likelihood -64207.558021, best rearrangement setting 6
Bootstrap[79]: Time 1.021378 seconds, bootstrap likelihood -63539.401721, best rearrangement setting 7
Bootstrap[80]: Time 1.160935 seconds, bootstrap likelihood -65154.460144, best rearrangement setting 7
Bootstrap[81]: Time 1.325095 seconds, bootstrap likelihood -65193.633062, best rearrangement setting 12
Bootstrap[82]: Time 1.217945 seconds, bootstrap likelihood -64520.525980, best rearrangement setting 8
Bootstrap[83]: Time 1.569598 seconds, bootstrap likelihood -66290.896046, best rearrangement setting 9
Bootstrap[84]: Time 1.269633 seconds, bootstrap likelihood -63414.785213, best rearrangement setting 13
Bootstrap[85]: Time 1.178194 seconds, bootstrap likelihood -65927.868880, best rearrangement setting 13
Bootstrap[86]: Time 1.208330 seconds, bootstrap likelihood -64250.463526, best rearrangement setting 14
Bootstrap[87]: Time 1.158376 seconds, bootstrap likelihood -64676.649839, best rearrangement setting 7
Bootstrap[88]: Time 1.277908 seconds, bootstrap likelihood -65979.184533, best rearrangement setting 15
Bootstrap[89]: Time 1.000269 seconds, bootstrap likelihood -64970.638939, best rearrangement setting 6
Bootstrap[90]: Time 1.184281 seconds, bootstrap likelihood -62430.010655, best rearrangement setting 12
Bootstrap[91]: Time 0.917359 seconds, bootstrap likelihood -64208.634997, best rearrangement setting 5
Bootstrap[92]: Time 1.165736 seconds, bootstrap likelihood -63917.703411, best rearrangement setting 11
Bootstrap[93]: Time 1.173196 seconds, bootstrap likelihood -63364.540993, best rearrangement setting 8
Bootstrap[94]: Time 1.161569 seconds, bootstrap likelihood -65358.232985, best rearrangement setting 11
Bootstrap[95]: Time 1.160068 seconds, bootstrap likelihood -63228.268020, best rearrangement setting 15
Bootstrap[96]: Time 1.274783 seconds, bootstrap likelihood -64353.752400, best rearrangement setting 15
Bootstrap[97]: Time 1.117792 seconds, bootstrap likelihood -63301.598558, best rearrangement setting 10
Bootstrap[98]: Time 1.168658 seconds, bootstrap likelihood -63852.892979, best rearrangement setting 10
Bootstrap[99]: Time 1.295204 seconds, bootstrap likelihood -64611.581743, best rearrangement setting 5


Overall Time for 100 Rapid Bootstraps 119.264296 seconds
Average Time per Rapid Bootstrap 1.192643 seconds

Starting ML Search ...

Fast ML optimization finished

Fast ML search Time: 119.878983 seconds

Slow ML Search 0 Likelihood: -64542.880794
Slow ML Search 1 Likelihood: -64544.690535
Slow ML Search 2 Likelihood: -64545.095867
Slow ML Search 3 Likelihood: -64545.292048
Slow ML Search 4 Likelihood: -64545.516309
Slow ML Search 5 Likelihood: -64546.981554
Slow ML Search 6 Likelihood: -64547.557931
Slow ML Search 7 Likelihood: -64547.804815
Slow ML Search 8 Likelihood: -64548.249856
Slow ML Search 9 Likelihood: -64548.741252
Slow ML optimization finished

Slow ML search Time: 39.426291 seconds
Thorough ML search Time: 17.405862 seconds

Final ML Optimization Likelihood: -64542.880795

Model Information:

Model Parameters of Partition 0, Name: No Name Provided, Type of Data: DNA
alpha: 0.329505
Tree-Length: 3.038546
rate A <-> C: 2.108034
rate A <-> G: 5.339193
rate A <-> T: 0.888274
rate C <-> G: 0.906379
rate C <-> T: 6.069282
rate G <-> T: 1.000000

freq pi(A): 0.370052
freq pi(C): 0.174097
freq pi(G): 0.234407
freq pi(T): 0.221443


ML search took 176.748074 secs or 0.049097 hours

Combined Bootstrap and ML search took 296.012512 secs or 0.082226 hours

Drawing Bootstrap Support Values on best-scoring ML tree ...



Found 1 tree in File /gpfs_home/mhowison/code/hiv-profile-sampling/scratch/trees/gag-pol-env/RAxML_bestTree.sample.85



Found 1 tree in File /gpfs_home/mhowison/code/hiv-profile-sampling/scratch/trees/gag-pol-env/RAxML_bestTree.sample.85

Program execution info written to /gpfs_home/mhowison/code/hiv-profile-sampling/scratch/trees/gag-pol-env/RAxML_info.sample.85
All 100 bootstrapped trees written to: /gpfs_home/mhowison/code/hiv-profile-sampling/scratch/trees/gag-pol-env/RAxML_bootstrap.sample.85

Best-scoring ML tree written to: /gpfs_home/mhowison/code/hiv-profile-sampling/scratch/trees/gag-pol-env/RAxML_bestTree.sample.85

Best-scoring ML tree with support values written to: /gpfs_home/mhowison/code/hiv-profile-sampling/scratch/trees/gag-pol-env/RAxML_bipartitions.sample.85

Best-scoring ML tree with support values as branch labels written to: /gpfs_home/mhowison/code/hiv-profile-sampling/scratch/trees/gag-pol-env/RAxML_bipartitionsBranchLabels.sample.85

Overall execution time for full ML analysis: 296.050644 secs or 0.082236 hours or 0.003427 days

