srun: job 264320 queued and waiting for resources
srun: job 264320 has been allocated resources
Warning, you specified a working directory via "-w"
Keep in mind that RAxML only accepts absolute path names, not relative ones!

RAxML can't, parse the alignment file as phylip file 
it will now try to parse it as FASTA file



Using BFGS method to optimize GTR rate parameters, to disable this specify "--no-bfgs" 


This is the RAxML Master Pthread

This is RAxML Worker Pthread Number: 1

This is RAxML Worker Pthread Number: 2

This is RAxML Worker Pthread Number: 3

This is RAxML Worker Pthread Number: 5

This is RAxML Worker Pthread Number: 4

This is RAxML Worker Pthread Number: 7

This is RAxML Worker Pthread Number: 6

This is RAxML Worker Pthread Number: 8

This is RAxML Worker Pthread Number: 9

This is RAxML Worker Pthread Number: 10

This is RAxML Worker Pthread Number: 11

This is RAxML Worker Pthread Number: 12

This is RAxML Worker Pthread Number: 13

This is RAxML Worker Pthread Number: 14

This is RAxML Worker Pthread Number: 15

This is RAxML Worker Pthread Number: 16

This is RAxML Worker Pthread Number: 17

This is RAxML Worker Pthread Number: 19

This is RAxML Worker Pthread Number: 18


This is RAxML version 8.2.12 released by Alexandros Stamatakis on May 2018.

With greatly appreciated code contributions by:
Andre Aberer      (HITS)
Simon Berger      (HITS)
Alexey Kozlov     (HITS)
Kassian Kobert    (HITS)
David Dao         (KIT and HITS)
Sarah Lutteropp   (KIT and HITS)
Nick Pattengale   (Sandia)
Wayne Pfeiffer    (SDSC)
Akifumi S. Tanabe (NRIFS)
Charlie Taylor    (UF)


Alignment has 3165 distinct alignment patterns

Proportion of gaps and completely undetermined characters in this alignment: 6.11%

RAxML rapid bootstrapping and subsequent ML search

Using 1 distinct models/data partitions with joint branch length optimization



Executing 100 rapid bootstrap inferences and thereafter a thorough ML search 

All free model parameters will be estimated by RAxML
GAMMA model of rate heterogeneity, ML estimate of alpha-parameter

GAMMA Model parameters will be estimated up to an accuracy of 0.1000000000 Log Likelihood units

Partition: 0
Alignment Patterns: 3165
Name: No Name Provided
DataType: DNA
Substitution Matrix: GTR




RAxML was called as follows:

raxmlHPC-PTHREADS-AVX -T 20 -s scratch/aligned/gag-pol-env/sample.278.fa -p 2202828010 -x 2202828010 -f a -N 100 -m GTRGAMMA -w /gpfs_home/mhowison/code/hiv-profile-sampling/scratch/trees/gag-pol-env -n sample.278 



Time for BS model parameter optimization 0.200137
Bootstrap[0]: Time 1.526841 seconds, bootstrap likelihood -65192.049069, best rearrangement setting 8
Bootstrap[1]: Time 1.285562 seconds, bootstrap likelihood -65250.917841, best rearrangement setting 10
Bootstrap[2]: Time 1.354683 seconds, bootstrap likelihood -64696.464865, best rearrangement setting 15
Bootstrap[3]: Time 1.294435 seconds, bootstrap likelihood -64872.690253, best rearrangement setting 12
Bootstrap[4]: Time 1.248431 seconds, bootstrap likelihood -64880.097737, best rearrangement setting 8
Bootstrap[5]: Time 1.205390 seconds, bootstrap likelihood -64167.201277, best rearrangement setting 9
Bootstrap[6]: Time 0.884357 seconds, bootstrap likelihood -63809.181143, best rearrangement setting 5
Bootstrap[7]: Time 1.270878 seconds, bootstrap likelihood -62927.480594, best rearrangement setting 12
Bootstrap[8]: Time 1.475207 seconds, bootstrap likelihood -63066.345048, best rearrangement setting 15
Bootstrap[9]: Time 1.194647 seconds, bootstrap likelihood -63991.516061, best rearrangement setting 12
Bootstrap[10]: Time 0.944568 seconds, bootstrap likelihood -64899.162363, best rearrangement setting 5
Bootstrap[11]: Time 1.015276 seconds, bootstrap likelihood -63455.735847, best rearrangement setting 6
Bootstrap[12]: Time 2.766677 seconds, bootstrap likelihood -63718.237671, best rearrangement setting 10
Bootstrap[13]: Time 1.193697 seconds, bootstrap likelihood -64715.712126, best rearrangement setting 11
Bootstrap[14]: Time 1.195142 seconds, bootstrap likelihood -65078.416557, best rearrangement setting 14
Bootstrap[15]: Time 1.264158 seconds, bootstrap likelihood -62603.632612, best rearrangement setting 8
Bootstrap[16]: Time 1.067153 seconds, bootstrap likelihood -64955.857921, best rearrangement setting 12
Bootstrap[17]: Time 0.869671 seconds, bootstrap likelihood -64580.388815, best rearrangement setting 5
Bootstrap[18]: Time 1.148881 seconds, bootstrap likelihood -63765.690804, best rearrangement setting 7
Bootstrap[19]: Time 1.097420 seconds, bootstrap likelihood -66033.310628, best rearrangement setting 6
Bootstrap[20]: Time 1.630592 seconds, bootstrap likelihood -65043.303546, best rearrangement setting 13
Bootstrap[21]: Time 1.244078 seconds, bootstrap likelihood -63520.476783, best rearrangement setting 9
Bootstrap[22]: Time 1.071511 seconds, bootstrap likelihood -65333.293790, best rearrangement setting 7
Bootstrap[23]: Time 1.338425 seconds, bootstrap likelihood -63611.607322, best rearrangement setting 9
Bootstrap[24]: Time 1.357620 seconds, bootstrap likelihood -64297.185378, best rearrangement setting 10
Bootstrap[25]: Time 1.162602 seconds, bootstrap likelihood -63219.589327, best rearrangement setting 7
Bootstrap[26]: Time 1.216925 seconds, bootstrap likelihood -63918.236310, best rearrangement setting 12
Bootstrap[27]: Time 1.342792 seconds, bootstrap likelihood -63161.484460, best rearrangement setting 13
Bootstrap[28]: Time 1.160301 seconds, bootstrap likelihood -63602.520541, best rearrangement setting 14
Bootstrap[29]: Time 1.275845 seconds, bootstrap likelihood -62608.191088, best rearrangement setting 8
Bootstrap[30]: Time 1.359798 seconds, bootstrap likelihood -65574.778224, best rearrangement setting 15
Bootstrap[31]: Time 1.291620 seconds, bootstrap likelihood -64709.493014, best rearrangement setting 13
Bootstrap[32]: Time 1.540366 seconds, bootstrap likelihood -64474.833178, best rearrangement setting 13
Bootstrap[33]: Time 1.360641 seconds, bootstrap likelihood -64514.700486, best rearrangement setting 15
Bootstrap[34]: Time 1.307560 seconds, bootstrap likelihood -63631.216857, best rearrangement setting 14
Bootstrap[35]: Time 1.361620 seconds, bootstrap likelihood -64800.475096, best rearrangement setting 13
Bootstrap[36]: Time 1.292037 seconds, bootstrap likelihood -63652.254884, best rearrangement setting 10
Bootstrap[37]: Time 1.057813 seconds, bootstrap likelihood -63968.977015, best rearrangement setting 6
Bootstrap[38]: Time 1.095148 seconds, bootstrap likelihood -64646.108561, best rearrangement setting 15
Bootstrap[39]: Time 1.269532 seconds, bootstrap likelihood -64055.966710, best rearrangement setting 13
Bootstrap[40]: Time 0.958818 seconds, bootstrap likelihood -64613.199534, best rearrangement setting 5
Bootstrap[41]: Time 1.280851 seconds, bootstrap likelihood -63724.981163, best rearrangement setting 11
Bootstrap[42]: Time 1.016481 seconds, bootstrap likelihood -64364.902670, best rearrangement setting 6
Bootstrap[43]: Time 0.846785 seconds, bootstrap likelihood -64278.491741, best rearrangement setting 5
Bootstrap[44]: Time 1.165435 seconds, bootstrap likelihood -65998.689532, best rearrangement setting 11
Bootstrap[45]: Time 1.373464 seconds, bootstrap likelihood -63897.163157, best rearrangement setting 12
Bootstrap[46]: Time 1.216422 seconds, bootstrap likelihood -64490.454719, best rearrangement setting 7
Bootstrap[47]: Time 1.137438 seconds, bootstrap likelihood -63076.146582, best rearrangement setting 13
Bootstrap[48]: Time 1.178098 seconds, bootstrap likelihood -64190.935501, best rearrangement setting 14
Bootstrap[49]: Time 1.144420 seconds, bootstrap likelihood -63018.531529, best rearrangement setting 7
Bootstrap[50]: Time 1.352932 seconds, bootstrap likelihood -64143.059635, best rearrangement setting 14
Bootstrap[51]: Time 1.357959 seconds, bootstrap likelihood -63768.706152, best rearrangement setting 13
Bootstrap[52]: Time 1.226265 seconds, bootstrap likelihood -63723.702011, best rearrangement setting 11
Bootstrap[53]: Time 0.932721 seconds, bootstrap likelihood -66710.328751, best rearrangement setting 5
Bootstrap[54]: Time 1.162690 seconds, bootstrap likelihood -65485.503851, best rearrangement setting 10
Bootstrap[55]: Time 1.294579 seconds, bootstrap likelihood -65199.942171, best rearrangement setting 15
Bootstrap[56]: Time 1.484497 seconds, bootstrap likelihood -65339.918449, best rearrangement setting 14
Bootstrap[57]: Time 1.435598 seconds, bootstrap likelihood -64433.634052, best rearrangement setting 12
Bootstrap[58]: Time 1.326388 seconds, bootstrap likelihood -64988.783446, best rearrangement setting 9
Bootstrap[59]: Time 1.101421 seconds, bootstrap likelihood -63889.481259, best rearrangement setting 8
Bootstrap[60]: Time 1.279548 seconds, bootstrap likelihood -66009.990523, best rearrangement setting 8
Bootstrap[61]: Time 1.178159 seconds, bootstrap likelihood -65156.405070, best rearrangement setting 6
Bootstrap[62]: Time 1.311593 seconds, bootstrap likelihood -65402.705738, best rearrangement setting 14
Bootstrap[63]: Time 1.212899 seconds, bootstrap likelihood -65031.563379, best rearrangement setting 11
Bootstrap[64]: Time 1.124798 seconds, bootstrap likelihood -64645.681730, best rearrangement setting 7
Bootstrap[65]: Time 1.250480 seconds, bootstrap likelihood -64106.328213, best rearrangement setting 14
Bootstrap[66]: Time 1.037312 seconds, bootstrap likelihood -65160.479474, best rearrangement setting 7
Bootstrap[67]: Time 1.257302 seconds, bootstrap likelihood -64361.093499, best rearrangement setting 10
Bootstrap[68]: Time 1.059638 seconds, bootstrap likelihood -64212.586029, best rearrangement setting 6
Bootstrap[69]: Time 1.203335 seconds, bootstrap likelihood -64068.113392, best rearrangement setting 6
Bootstrap[70]: Time 1.375096 seconds, bootstrap likelihood -65875.482875, best rearrangement setting 11
Bootstrap[71]: Time 1.290629 seconds, bootstrap likelihood -67712.476280, best rearrangement setting 14
Bootstrap[72]: Time 1.155671 seconds, bootstrap likelihood -63988.801565, best rearrangement setting 14
Bootstrap[73]: Time 1.194634 seconds, bootstrap likelihood -64848.031593, best rearrangement setting 8
Bootstrap[74]: Time 1.123905 seconds, bootstrap likelihood -66675.356611, best rearrangement setting 7
Bootstrap[75]: Time 1.156603 seconds, bootstrap likelihood -63752.229338, best rearrangement setting 8
Bootstrap[76]: Time 1.272357 seconds, bootstrap likelihood -64259.976433, best rearrangement setting 8
Bootstrap[77]: Time 1.291006 seconds, bootstrap likelihood -65600.782654, best rearrangement setting 15
Bootstrap[78]: Time 1.046907 seconds, bootstrap likelihood -64172.086422, best rearrangement setting 14
Bootstrap[79]: Time 1.128171 seconds, bootstrap likelihood -63424.776016, best rearrangement setting 8
Bootstrap[80]: Time 1.286171 seconds, bootstrap likelihood -63082.862486, best rearrangement setting 7
Bootstrap[81]: Time 2.021488 seconds, bootstrap likelihood -62909.661341, best rearrangement setting 10
Bootstrap[82]: Time 1.120035 seconds, bootstrap likelihood -64180.808226, best rearrangement setting 13
Bootstrap[83]: Time 1.349713 seconds, bootstrap likelihood -63493.015027, best rearrangement setting 12
Bootstrap[84]: Time 1.283836 seconds, bootstrap likelihood -64530.152084, best rearrangement setting 13
Bootstrap[85]: Time 1.238262 seconds, bootstrap likelihood -63636.762415, best rearrangement setting 11
Bootstrap[86]: Time 1.386645 seconds, bootstrap likelihood -64924.304790, best rearrangement setting 11
Bootstrap[87]: Time 1.129177 seconds, bootstrap likelihood -64137.512872, best rearrangement setting 11
Bootstrap[88]: Time 1.195934 seconds, bootstrap likelihood -64755.380001, best rearrangement setting 14
Bootstrap[89]: Time 0.944659 seconds, bootstrap likelihood -64520.090553, best rearrangement setting 6
Bootstrap[90]: Time 1.365688 seconds, bootstrap likelihood -62799.343853, best rearrangement setting 14
Bootstrap[91]: Time 1.271018 seconds, bootstrap likelihood -64959.790667, best rearrangement setting 10
Bootstrap[92]: Time 0.996303 seconds, bootstrap likelihood -63568.032533, best rearrangement setting 6
Bootstrap[93]: Time 1.297868 seconds, bootstrap likelihood -64283.858334, best rearrangement setting 13
Bootstrap[94]: Time 1.249615 seconds, bootstrap likelihood -65073.383749, best rearrangement setting 13
Bootstrap[95]: Time 1.297422 seconds, bootstrap likelihood -64721.577621, best rearrangement setting 12
Bootstrap[96]: Time 1.080157 seconds, bootstrap likelihood -64797.864829, best rearrangement setting 11
Bootstrap[97]: Time 1.306230 seconds, bootstrap likelihood -64602.822780, best rearrangement setting 10
Bootstrap[98]: Time 1.359633 seconds, bootstrap likelihood -64622.045001, best rearrangement setting 8
Bootstrap[99]: Time 1.239021 seconds, bootstrap likelihood -64853.576243, best rearrangement setting 7


Overall Time for 100 Rapid Bootstraps 124.540084 seconds
Average Time per Rapid Bootstrap 1.245401 seconds

Starting ML Search ...

Fast ML optimization finished

Fast ML search Time: 162.340070 seconds

Slow ML Search 0 Likelihood: -64492.715236
Slow ML Search 1 Likelihood: -64494.267603
Slow ML Search 2 Likelihood: -64494.597223
Slow ML Search 3 Likelihood: -64494.701979
Slow ML Search 4 Likelihood: -64494.367528
Slow ML Search 5 Likelihood: -64494.924688
Slow ML Search 6 Likelihood: -64495.402929
Slow ML Search 7 Likelihood: -64495.787611
Slow ML Search 8 Likelihood: -64496.354243
Slow ML Search 9 Likelihood: -64496.452894
Slow ML optimization finished

Slow ML search Time: 29.982000 seconds
Thorough ML search Time: 2.126746 seconds

Final ML Optimization Likelihood: -64492.715234

Model Information:

Model Parameters of Partition 0, Name: No Name Provided, Type of Data: DNA
alpha: 0.328726
Tree-Length: 3.077949
rate A <-> C: 2.176536
rate A <-> G: 5.461586
rate A <-> T: 0.892905
rate C <-> G: 0.927487
rate C <-> T: 6.231443
rate G <-> T: 1.000000

freq pi(A): 0.369847
freq pi(C): 0.174186
freq pi(G): 0.234445
freq pi(T): 0.221522


ML search took 194.455127 secs or 0.054015 hours

Combined Bootstrap and ML search took 318.995342 secs or 0.088610 hours

Drawing Bootstrap Support Values on best-scoring ML tree ...



Found 1 tree in File /gpfs_home/mhowison/code/hiv-profile-sampling/scratch/trees/gag-pol-env/RAxML_bestTree.sample.278



Found 1 tree in File /gpfs_home/mhowison/code/hiv-profile-sampling/scratch/trees/gag-pol-env/RAxML_bestTree.sample.278

Program execution info written to /gpfs_home/mhowison/code/hiv-profile-sampling/scratch/trees/gag-pol-env/RAxML_info.sample.278
All 100 bootstrapped trees written to: /gpfs_home/mhowison/code/hiv-profile-sampling/scratch/trees/gag-pol-env/RAxML_bootstrap.sample.278

Best-scoring ML tree written to: /gpfs_home/mhowison/code/hiv-profile-sampling/scratch/trees/gag-pol-env/RAxML_bestTree.sample.278

Best-scoring ML tree with support values written to: /gpfs_home/mhowison/code/hiv-profile-sampling/scratch/trees/gag-pol-env/RAxML_bipartitions.sample.278

Best-scoring ML tree with support values as branch labels written to: /gpfs_home/mhowison/code/hiv-profile-sampling/scratch/trees/gag-pol-env/RAxML_bipartitionsBranchLabels.sample.278

Overall execution time for full ML analysis: 318.999502 secs or 0.088611 hours or 0.003692 days

