srun: job 264430 queued and waiting for resources
srun: job 264430 has been allocated resources
Warning, you specified a working directory via "-w"
Keep in mind that RAxML only accepts absolute path names, not relative ones!

RAxML can't, parse the alignment file as phylip file 
it will now try to parse it as FASTA file



Using BFGS method to optimize GTR rate parameters, to disable this specify "--no-bfgs" 


This is the RAxML Master Pthread

This is RAxML Worker Pthread Number: 2

This is RAxML Worker Pthread Number: 4

This is RAxML Worker Pthread Number: 3

This is RAxML Worker Pthread Number: 1

This is RAxML Worker Pthread Number: 5

This is RAxML Worker Pthread Number: 6

This is RAxML Worker Pthread Number: 8

This is RAxML Worker Pthread Number: 7

This is RAxML Worker Pthread Number: 13

This is RAxML Worker Pthread Number: 9

This is RAxML Worker Pthread Number: 11

This is RAxML Worker Pthread Number: 14

This is RAxML Worker Pthread Number: 12

This is RAxML Worker Pthread Number: 10

This is RAxML Worker Pthread Number: 15

This is RAxML Worker Pthread Number: 16

This is RAxML Worker Pthread Number: 18

This is RAxML Worker Pthread Number: 17

This is RAxML Worker Pthread Number: 19


This is RAxML version 8.2.12 released by Alexandros Stamatakis on May 2018.

With greatly appreciated code contributions by:
Andre Aberer      (HITS)
Simon Berger      (HITS)
Alexey Kozlov     (HITS)
Kassian Kobert    (HITS)
David Dao         (KIT and HITS)
Sarah Lutteropp   (KIT and HITS)
Nick Pattengale   (Sandia)
Wayne Pfeiffer    (SDSC)
Akifumi S. Tanabe (NRIFS)
Charlie Taylor    (UF)


Alignment has 3207 distinct alignment patterns

Proportion of gaps and completely undetermined characters in this alignment: 6.12%

RAxML rapid bootstrapping and subsequent ML search

Using 1 distinct models/data partitions with joint branch length optimization



Executing 100 rapid bootstrap inferences and thereafter a thorough ML search 

All free model parameters will be estimated by RAxML
GAMMA model of rate heterogeneity, ML estimate of alpha-parameter

GAMMA Model parameters will be estimated up to an accuracy of 0.1000000000 Log Likelihood units

Partition: 0
Alignment Patterns: 3207
Name: No Name Provided
DataType: DNA
Substitution Matrix: GTR




RAxML was called as follows:

raxmlHPC-PTHREADS-AVX -T 20 -s scratch/aligned/gag-pol-env/sample.358.fa -p 4540885284 -x 4540885284 -f a -N 100 -m GTRGAMMA -w /gpfs_home/mhowison/code/hiv-profile-sampling/scratch/trees/gag-pol-env -n sample.358 



Time for BS model parameter optimization 0.135983
Bootstrap[0]: Time 1.141135 seconds, bootstrap likelihood -64694.270286, best rearrangement setting 6
Bootstrap[1]: Time 1.131513 seconds, bootstrap likelihood -63891.881903, best rearrangement setting 9
Bootstrap[2]: Time 1.246371 seconds, bootstrap likelihood -64286.088461, best rearrangement setting 12
Bootstrap[3]: Time 0.970579 seconds, bootstrap likelihood -63239.228124, best rearrangement setting 7
Bootstrap[4]: Time 0.955691 seconds, bootstrap likelihood -65250.806481, best rearrangement setting 6
Bootstrap[5]: Time 0.835932 seconds, bootstrap likelihood -63806.787014, best rearrangement setting 5
Bootstrap[6]: Time 1.822292 seconds, bootstrap likelihood -64155.105026, best rearrangement setting 13
Bootstrap[7]: Time 15.303205 seconds, bootstrap likelihood -64072.312935, best rearrangement setting 5
Bootstrap[8]: Time 0.913232 seconds, bootstrap likelihood -64563.807776, best rearrangement setting 5
Bootstrap[9]: Time 9.353230 seconds, bootstrap likelihood -63064.151154, best rearrangement setting 15
Bootstrap[10]: Time 1.250747 seconds, bootstrap likelihood -64424.680707, best rearrangement setting 10
Bootstrap[11]: Time 1.272391 seconds, bootstrap likelihood -66135.249147, best rearrangement setting 15
Bootstrap[12]: Time 1.019560 seconds, bootstrap likelihood -63455.770969, best rearrangement setting 6
Bootstrap[13]: Time 1.474060 seconds, bootstrap likelihood -64671.012955, best rearrangement setting 12
Bootstrap[14]: Time 1.109340 seconds, bootstrap likelihood -63050.971414, best rearrangement setting 11
Bootstrap[15]: Time 2.239456 seconds, bootstrap likelihood -65955.739947, best rearrangement setting 13
Bootstrap[16]: Time 1.266203 seconds, bootstrap likelihood -66077.108265, best rearrangement setting 13
Bootstrap[17]: Time 0.861797 seconds, bootstrap likelihood -64724.613195, best rearrangement setting 5
Bootstrap[18]: Time 3.359351 seconds, bootstrap likelihood -64955.801784, best rearrangement setting 14
Bootstrap[19]: Time 1.101933 seconds, bootstrap likelihood -63844.392428, best rearrangement setting 9
Bootstrap[20]: Time 1.095025 seconds, bootstrap likelihood -64186.410433, best rearrangement setting 13
Bootstrap[21]: Time 0.978346 seconds, bootstrap likelihood -65117.009765, best rearrangement setting 7
Bootstrap[22]: Time 0.872233 seconds, bootstrap likelihood -64489.053301, best rearrangement setting 6
Bootstrap[23]: Time 1.144078 seconds, bootstrap likelihood -64308.687226, best rearrangement setting 11
Bootstrap[24]: Time 1.054479 seconds, bootstrap likelihood -64517.910310, best rearrangement setting 9
Bootstrap[25]: Time 0.959284 seconds, bootstrap likelihood -63721.141799, best rearrangement setting 11
Bootstrap[26]: Time 2.284562 seconds, bootstrap likelihood -64301.058027, best rearrangement setting 14
Bootstrap[27]: Time 1.225342 seconds, bootstrap likelihood -64753.444695, best rearrangement setting 8
Bootstrap[28]: Time 1.310745 seconds, bootstrap likelihood -65392.023163, best rearrangement setting 5
Bootstrap[29]: Time 2.253896 seconds, bootstrap likelihood -64286.523848, best rearrangement setting 14
Bootstrap[30]: Time 1.113390 seconds, bootstrap likelihood -64295.501930, best rearrangement setting 8
Bootstrap[31]: Time 1.033308 seconds, bootstrap likelihood -63897.702220, best rearrangement setting 9
Bootstrap[32]: Time 1.002204 seconds, bootstrap likelihood -65057.472407, best rearrangement setting 7
Bootstrap[33]: Time 1.185801 seconds, bootstrap likelihood -63296.750103, best rearrangement setting 15
Bootstrap[34]: Time 1.082453 seconds, bootstrap likelihood -64943.085123, best rearrangement setting 9
Bootstrap[35]: Time 1.294398 seconds, bootstrap likelihood -66732.357683, best rearrangement setting 15
Bootstrap[36]: Time 3.483483 seconds, bootstrap likelihood -64549.766342, best rearrangement setting 9
Bootstrap[37]: Time 0.879937 seconds, bootstrap likelihood -64366.018888, best rearrangement setting 6
Bootstrap[38]: Time 1.250796 seconds, bootstrap likelihood -64150.208766, best rearrangement setting 9
Bootstrap[39]: Time 3.110215 seconds, bootstrap likelihood -65075.423637, best rearrangement setting 6
Bootstrap[40]: Time 0.897355 seconds, bootstrap likelihood -64672.234303, best rearrangement setting 5
Bootstrap[41]: Time 1.017465 seconds, bootstrap likelihood -65123.716741, best rearrangement setting 11
Bootstrap[42]: Time 1.042558 seconds, bootstrap likelihood -64454.726090, best rearrangement setting 15
Bootstrap[43]: Time 1.107498 seconds, bootstrap likelihood -63847.237656, best rearrangement setting 15
Bootstrap[44]: Time 0.906470 seconds, bootstrap likelihood -62957.893177, best rearrangement setting 6
Bootstrap[45]: Time 1.163565 seconds, bootstrap likelihood -65600.663212, best rearrangement setting 10
Bootstrap[46]: Time 1.209187 seconds, bootstrap likelihood -64411.955170, best rearrangement setting 13
Bootstrap[47]: Time 1.800474 seconds, bootstrap likelihood -64621.546909, best rearrangement setting 12
Bootstrap[48]: Time 1.635693 seconds, bootstrap likelihood -65127.690070, best rearrangement setting 14
Bootstrap[49]: Time 1.078287 seconds, bootstrap likelihood -63916.370859, best rearrangement setting 12
Bootstrap[50]: Time 1.338799 seconds, bootstrap likelihood -65912.221050, best rearrangement setting 8
Bootstrap[51]: Time 1.601129 seconds, bootstrap likelihood -62969.636884, best rearrangement setting 7
Bootstrap[52]: Time 1.069295 seconds, bootstrap likelihood -65024.361115, best rearrangement setting 8
Bootstrap[53]: Time 0.949978 seconds, bootstrap likelihood -64901.700225, best rearrangement setting 6
Bootstrap[54]: Time 1.098069 seconds, bootstrap likelihood -65451.431319, best rearrangement setting 10
Bootstrap[55]: Time 1.186693 seconds, bootstrap likelihood -64958.205406, best rearrangement setting 9
Bootstrap[56]: Time 0.987899 seconds, bootstrap likelihood -64668.823944, best rearrangement setting 11
Bootstrap[57]: Time 1.527378 seconds, bootstrap likelihood -65095.154442, best rearrangement setting 10
Bootstrap[58]: Time 2.706082 seconds, bootstrap likelihood -65224.759686, best rearrangement setting 11
Bootstrap[59]: Time 1.074103 seconds, bootstrap likelihood -63264.747911, best rearrangement setting 9
Bootstrap[60]: Time 1.097356 seconds, bootstrap likelihood -64753.431540, best rearrangement setting 10
Bootstrap[61]: Time 0.989713 seconds, bootstrap likelihood -65027.877001, best rearrangement setting 5
Bootstrap[62]: Time 0.832732 seconds, bootstrap likelihood -64936.951793, best rearrangement setting 5
Bootstrap[63]: Time 1.091530 seconds, bootstrap likelihood -63273.835214, best rearrangement setting 9
Bootstrap[64]: Time 1.645366 seconds, bootstrap likelihood -63720.090069, best rearrangement setting 12
Bootstrap[65]: Time 3.655399 seconds, bootstrap likelihood -64918.773331, best rearrangement setting 14
Bootstrap[66]: Time 1.064969 seconds, bootstrap likelihood -65449.083388, best rearrangement setting 6
Bootstrap[67]: Time 0.814602 seconds, bootstrap likelihood -64433.326460, best rearrangement setting 5
Bootstrap[68]: Time 0.885007 seconds, bootstrap likelihood -63299.855802, best rearrangement setting 5
Bootstrap[69]: Time 1.150835 seconds, bootstrap likelihood -65401.431875, best rearrangement setting 14
Bootstrap[70]: Time 1.122323 seconds, bootstrap likelihood -64291.938315, best rearrangement setting 8
Bootstrap[71]: Time 1.122691 seconds, bootstrap likelihood -64448.198956, best rearrangement setting 12
Bootstrap[72]: Time 1.057395 seconds, bootstrap likelihood -65459.259350, best rearrangement setting 15
Bootstrap[73]: Time 1.200275 seconds, bootstrap likelihood -64390.098269, best rearrangement setting 15
Bootstrap[74]: Time 1.126727 seconds, bootstrap likelihood -65191.139008, best rearrangement setting 12
Bootstrap[75]: Time 1.201163 seconds, bootstrap likelihood -62785.786315, best rearrangement setting 15
Bootstrap[76]: Time 1.344913 seconds, bootstrap likelihood -65590.359102, best rearrangement setting 5
Bootstrap[77]: Time 2.607992 seconds, bootstrap likelihood -64109.318712, best rearrangement setting 8
Bootstrap[78]: Time 1.916613 seconds, bootstrap likelihood -65109.217804, best rearrangement setting 7
Bootstrap[79]: Time 1.124923 seconds, bootstrap likelihood -65786.657749, best rearrangement setting 10
Bootstrap[80]: Time 2.300451 seconds, bootstrap likelihood -64733.150066, best rearrangement setting 13
Bootstrap[81]: Time 1.196306 seconds, bootstrap likelihood -63467.050439, best rearrangement setting 10
Bootstrap[82]: Time 3.377905 seconds, bootstrap likelihood -64503.357280, best rearrangement setting 12
Bootstrap[83]: Time 1.204388 seconds, bootstrap likelihood -63157.665672, best rearrangement setting 10
Bootstrap[84]: Time 1.085648 seconds, bootstrap likelihood -64939.832222, best rearrangement setting 13
Bootstrap[85]: Time 1.141410 seconds, bootstrap likelihood -64362.033429, best rearrangement setting 13
Bootstrap[86]: Time 1.025680 seconds, bootstrap likelihood -63923.168882, best rearrangement setting 6
Bootstrap[87]: Time 1.133475 seconds, bootstrap likelihood -63098.522633, best rearrangement setting 13
Bootstrap[88]: Time 1.601905 seconds, bootstrap likelihood -65002.923907, best rearrangement setting 8
Bootstrap[89]: Time 1.079277 seconds, bootstrap likelihood -63671.396893, best rearrangement setting 13
Bootstrap[90]: Time 3.661635 seconds, bootstrap likelihood -64491.553617, best rearrangement setting 15
Bootstrap[91]: Time 1.347103 seconds, bootstrap likelihood -63591.453525, best rearrangement setting 14
Bootstrap[92]: Time 1.682987 seconds, bootstrap likelihood -64365.994875, best rearrangement setting 14
Bootstrap[93]: Time 1.033363 seconds, bootstrap likelihood -65773.875150, best rearrangement setting 13
Bootstrap[94]: Time 0.852051 seconds, bootstrap likelihood -63784.086995, best rearrangement setting 6
Bootstrap[95]: Time 0.937977 seconds, bootstrap likelihood -65004.585687, best rearrangement setting 6
Bootstrap[96]: Time 1.182953 seconds, bootstrap likelihood -64742.498350, best rearrangement setting 14
Bootstrap[97]: Time 1.152259 seconds, bootstrap likelihood -64466.284312, best rearrangement setting 12
Bootstrap[98]: Time 1.189031 seconds, bootstrap likelihood -65587.252324, best rearrangement setting 12
Bootstrap[99]: Time 0.953728 seconds, bootstrap likelihood -64681.893333, best rearrangement setting 6


Overall Time for 100 Rapid Bootstraps 158.888292 seconds
Average Time per Rapid Bootstrap 1.588883 seconds

Starting ML Search ...

Fast ML optimization finished

Fast ML search Time: 285.207509 seconds

Slow ML Search 0 Likelihood: -64660.487568
Slow ML Search 1 Likelihood: -64660.702653
Slow ML Search 2 Likelihood: -64660.702653
Slow ML Search 3 Likelihood: -64660.702653
Slow ML Search 4 Likelihood: -64660.702653
Slow ML Search 5 Likelihood: -64666.933720
Slow ML Search 6 Likelihood: -64667.008448
Slow ML Search 7 Likelihood: -64667.413948
Slow ML Search 8 Likelihood: -64667.815734
Slow ML Search 9 Likelihood: -64667.815733
Slow ML optimization finished

Slow ML search Time: 33.542055 seconds
Thorough ML search Time: 2.020314 seconds

Final ML Optimization Likelihood: -64660.487567

Model Information:

Model Parameters of Partition 0, Name: No Name Provided, Type of Data: DNA
alpha: 0.331487
Tree-Length: 3.049669
rate A <-> C: 2.108824
rate A <-> G: 5.311362
rate A <-> T: 0.877134
rate C <-> G: 0.957089
rate C <-> T: 6.152846
rate G <-> T: 1.000000

freq pi(A): 0.369639
freq pi(C): 0.174136
freq pi(G): 0.234491
freq pi(T): 0.221734


ML search took 320.776080 secs or 0.089104 hours

Combined Bootstrap and ML search took 479.664479 secs or 0.133240 hours

Drawing Bootstrap Support Values on best-scoring ML tree ...



Found 1 tree in File /gpfs_home/mhowison/code/hiv-profile-sampling/scratch/trees/gag-pol-env/RAxML_bestTree.sample.358



Found 1 tree in File /gpfs_home/mhowison/code/hiv-profile-sampling/scratch/trees/gag-pol-env/RAxML_bestTree.sample.358

Program execution info written to /gpfs_home/mhowison/code/hiv-profile-sampling/scratch/trees/gag-pol-env/RAxML_info.sample.358
All 100 bootstrapped trees written to: /gpfs_home/mhowison/code/hiv-profile-sampling/scratch/trees/gag-pol-env/RAxML_bootstrap.sample.358

Best-scoring ML tree written to: /gpfs_home/mhowison/code/hiv-profile-sampling/scratch/trees/gag-pol-env/RAxML_bestTree.sample.358

Best-scoring ML tree with support values written to: /gpfs_home/mhowison/code/hiv-profile-sampling/scratch/trees/gag-pol-env/RAxML_bipartitions.sample.358

Best-scoring ML tree with support values as branch labels written to: /gpfs_home/mhowison/code/hiv-profile-sampling/scratch/trees/gag-pol-env/RAxML_bipartitionsBranchLabels.sample.358

Overall execution time for full ML analysis: 479.667544 secs or 0.133241 hours or 0.005552 days

