srun: job 264524 queued and waiting for resources
srun: job 264524 has been allocated resources
Warning, you specified a working directory via "-w"
Keep in mind that RAxML only accepts absolute path names, not relative ones!

RAxML can't, parse the alignment file as phylip file 
it will now try to parse it as FASTA file



Using BFGS method to optimize GTR rate parameters, to disable this specify "--no-bfgs" 


This is the RAxML Master Pthread

This is RAxML Worker Pthread Number: 1

This is RAxML Worker Pthread Number: 3

This is RAxML Worker Pthread Number: 5

This is RAxML Worker Pthread Number: 4

This is RAxML Worker Pthread Number: 2

This is RAxML Worker Pthread Number: 6

This is RAxML Worker Pthread Number: 9

This is RAxML Worker Pthread Number: 7

This is RAxML Worker Pthread Number: 8

This is RAxML Worker Pthread Number: 10

This is RAxML Worker Pthread Number: 11

This is RAxML Worker Pthread Number: 12

This is RAxML Worker Pthread Number: 13

This is RAxML Worker Pthread Number: 15

This is RAxML Worker Pthread Number: 16

This is RAxML Worker Pthread Number: 14

This is RAxML Worker Pthread Number: 17

This is RAxML Worker Pthread Number: 18

This is RAxML Worker Pthread Number: 19


This is RAxML version 8.2.12 released by Alexandros Stamatakis on May 2018.

With greatly appreciated code contributions by:
Andre Aberer      (HITS)
Simon Berger      (HITS)
Alexey Kozlov     (HITS)
Kassian Kobert    (HITS)
David Dao         (KIT and HITS)
Sarah Lutteropp   (KIT and HITS)
Nick Pattengale   (Sandia)
Wayne Pfeiffer    (SDSC)
Akifumi S. Tanabe (NRIFS)
Charlie Taylor    (UF)


Alignment has 3185 distinct alignment patterns

Proportion of gaps and completely undetermined characters in this alignment: 6.11%

RAxML rapid bootstrapping and subsequent ML search

Using 1 distinct models/data partitions with joint branch length optimization



Executing 100 rapid bootstrap inferences and thereafter a thorough ML search 

All free model parameters will be estimated by RAxML
GAMMA model of rate heterogeneity, ML estimate of alpha-parameter

GAMMA Model parameters will be estimated up to an accuracy of 0.1000000000 Log Likelihood units

Partition: 0
Alignment Patterns: 3185
Name: No Name Provided
DataType: DNA
Substitution Matrix: GTR




RAxML was called as follows:

raxmlHPC-PTHREADS-AVX -T 20 -s scratch/aligned/gag-pol-env/sample.429.fa -p 6015325990 -x 6015325990 -f a -N 100 -m GTRGAMMA -w /gpfs_home/mhowison/code/hiv-profile-sampling/scratch/trees/gag-pol-env -n sample.429 



Time for BS model parameter optimization 0.184173
Bootstrap[0]: Time 2.073706 seconds, bootstrap likelihood -62659.804436, best rearrangement setting 7
Bootstrap[1]: Time 2.159173 seconds, bootstrap likelihood -64624.620536, best rearrangement setting 15
Bootstrap[2]: Time 1.073654 seconds, bootstrap likelihood -63220.777579, best rearrangement setting 6
Bootstrap[3]: Time 1.254645 seconds, bootstrap likelihood -64373.493070, best rearrangement setting 15
Bootstrap[4]: Time 1.262708 seconds, bootstrap likelihood -65057.685715, best rearrangement setting 13
Bootstrap[5]: Time 1.172899 seconds, bootstrap likelihood -64231.881169, best rearrangement setting 13
Bootstrap[6]: Time 1.272518 seconds, bootstrap likelihood -63687.917890, best rearrangement setting 15
Bootstrap[7]: Time 1.596330 seconds, bootstrap likelihood -64254.004363, best rearrangement setting 14
Bootstrap[8]: Time 1.266521 seconds, bootstrap likelihood -64075.289479, best rearrangement setting 10
Bootstrap[9]: Time 1.297643 seconds, bootstrap likelihood -64016.712515, best rearrangement setting 8
Bootstrap[10]: Time 2.221642 seconds, bootstrap likelihood -65367.424350, best rearrangement setting 14
Bootstrap[11]: Time 1.882720 seconds, bootstrap likelihood -64003.138978, best rearrangement setting 15
Bootstrap[12]: Time 1.607830 seconds, bootstrap likelihood -64371.592517, best rearrangement setting 7
Bootstrap[13]: Time 1.125146 seconds, bootstrap likelihood -62693.297727, best rearrangement setting 7
Bootstrap[14]: Time 1.393281 seconds, bootstrap likelihood -65165.080536, best rearrangement setting 5
Bootstrap[15]: Time 1.184845 seconds, bootstrap likelihood -63855.082060, best rearrangement setting 8
Bootstrap[16]: Time 1.637820 seconds, bootstrap likelihood -64887.926871, best rearrangement setting 11
Bootstrap[17]: Time 1.114816 seconds, bootstrap likelihood -63884.909709, best rearrangement setting 6
Bootstrap[18]: Time 1.150377 seconds, bootstrap likelihood -63674.083248, best rearrangement setting 8
Bootstrap[19]: Time 1.342587 seconds, bootstrap likelihood -66424.912557, best rearrangement setting 14
Bootstrap[20]: Time 2.682883 seconds, bootstrap likelihood -65522.199144, best rearrangement setting 5
Bootstrap[21]: Time 1.117748 seconds, bootstrap likelihood -63836.893779, best rearrangement setting 8
Bootstrap[22]: Time 4.550542 seconds, bootstrap likelihood -64620.139336, best rearrangement setting 13
Bootstrap[23]: Time 3.765667 seconds, bootstrap likelihood -62837.425823, best rearrangement setting 5
Bootstrap[24]: Time 1.196776 seconds, bootstrap likelihood -63864.437456, best rearrangement setting 7
Bootstrap[25]: Time 1.255747 seconds, bootstrap likelihood -64750.499211, best rearrangement setting 8
Bootstrap[26]: Time 1.013322 seconds, bootstrap likelihood -64821.146254, best rearrangement setting 6
Bootstrap[27]: Time 1.081229 seconds, bootstrap likelihood -65040.126001, best rearrangement setting 11
Bootstrap[28]: Time 16.433044 seconds, bootstrap likelihood -62867.676166, best rearrangement setting 12
Bootstrap[29]: Time 0.870145 seconds, bootstrap likelihood -63023.187291, best rearrangement setting 5
Bootstrap[30]: Time 1.227689 seconds, bootstrap likelihood -64516.867557, best rearrangement setting 14
Bootstrap[31]: Time 1.157941 seconds, bootstrap likelihood -63843.060490, best rearrangement setting 15
Bootstrap[32]: Time 1.093109 seconds, bootstrap likelihood -65281.926354, best rearrangement setting 8
Bootstrap[33]: Time 0.941029 seconds, bootstrap likelihood -64038.937807, best rearrangement setting 5
Bootstrap[34]: Time 1.194829 seconds, bootstrap likelihood -64329.146822, best rearrangement setting 14
Bootstrap[35]: Time 1.370420 seconds, bootstrap likelihood -63378.606825, best rearrangement setting 10
Bootstrap[36]: Time 1.354880 seconds, bootstrap likelihood -64972.540295, best rearrangement setting 6
Bootstrap[37]: Time 1.175669 seconds, bootstrap likelihood -65720.608940, best rearrangement setting 12
Bootstrap[38]: Time 1.113112 seconds, bootstrap likelihood -63415.305896, best rearrangement setting 13
Bootstrap[39]: Time 1.175838 seconds, bootstrap likelihood -62594.365125, best rearrangement setting 9
Bootstrap[40]: Time 5.022514 seconds, bootstrap likelihood -63318.024228, best rearrangement setting 10
Bootstrap[41]: Time 1.257823 seconds, bootstrap likelihood -64283.755731, best rearrangement setting 8
Bootstrap[42]: Time 3.949466 seconds, bootstrap likelihood -63876.656207, best rearrangement setting 14
Bootstrap[43]: Time 1.232111 seconds, bootstrap likelihood -64379.921635, best rearrangement setting 9
Bootstrap[44]: Time 1.141574 seconds, bootstrap likelihood -64732.476986, best rearrangement setting 10
Bootstrap[45]: Time 0.900527 seconds, bootstrap likelihood -64356.205943, best rearrangement setting 5
Bootstrap[46]: Time 1.260592 seconds, bootstrap likelihood -64103.561849, best rearrangement setting 8
Bootstrap[47]: Time 2.287335 seconds, bootstrap likelihood -62968.393340, best rearrangement setting 10
Bootstrap[48]: Time 0.894265 seconds, bootstrap likelihood -62917.163679, best rearrangement setting 5
Bootstrap[49]: Time 1.115177 seconds, bootstrap likelihood -63163.262894, best rearrangement setting 7
Bootstrap[50]: Time 2.944648 seconds, bootstrap likelihood -63731.205118, best rearrangement setting 12
Bootstrap[51]: Time 1.029185 seconds, bootstrap likelihood -63914.806184, best rearrangement setting 6
Bootstrap[52]: Time 1.161148 seconds, bootstrap likelihood -65106.114721, best rearrangement setting 8
Bootstrap[53]: Time 2.127793 seconds, bootstrap likelihood -63887.962306, best rearrangement setting 9
Bootstrap[54]: Time 3.104557 seconds, bootstrap likelihood -63874.435577, best rearrangement setting 8
Bootstrap[55]: Time 1.184413 seconds, bootstrap likelihood -64059.452142, best rearrangement setting 7
Bootstrap[56]: Time 3.621949 seconds, bootstrap likelihood -64509.247143, best rearrangement setting 5
Bootstrap[57]: Time 1.219818 seconds, bootstrap likelihood -64443.587362, best rearrangement setting 15
Bootstrap[58]: Time 2.109385 seconds, bootstrap likelihood -63903.044195, best rearrangement setting 8
Bootstrap[59]: Time 1.248702 seconds, bootstrap likelihood -63966.583370, best rearrangement setting 13
Bootstrap[60]: Time 3.056859 seconds, bootstrap likelihood -64505.920811, best rearrangement setting 14
Bootstrap[61]: Time 3.896431 seconds, bootstrap likelihood -62729.235966, best rearrangement setting 5
Bootstrap[62]: Time 1.636451 seconds, bootstrap likelihood -66861.812039, best rearrangement setting 10
Bootstrap[63]: Time 0.978256 seconds, bootstrap likelihood -64743.946881, best rearrangement setting 5
Bootstrap[64]: Time 1.115128 seconds, bootstrap likelihood -62433.274835, best rearrangement setting 7
Bootstrap[65]: Time 1.023185 seconds, bootstrap likelihood -63002.949788, best rearrangement setting 5
Bootstrap[66]: Time 0.969495 seconds, bootstrap likelihood -64561.281177, best rearrangement setting 5
Bootstrap[67]: Time 1.416876 seconds, bootstrap likelihood -64658.948479, best rearrangement setting 11
Bootstrap[68]: Time 1.122471 seconds, bootstrap likelihood -64341.015114, best rearrangement setting 10
Bootstrap[69]: Time 1.283183 seconds, bootstrap likelihood -64984.947449, best rearrangement setting 15
Bootstrap[70]: Time 1.281439 seconds, bootstrap likelihood -64004.731029, best rearrangement setting 5
Bootstrap[71]: Time 1.113147 seconds, bootstrap likelihood -63530.513336, best rearrangement setting 10
Bootstrap[72]: Time 1.231685 seconds, bootstrap likelihood -64387.947665, best rearrangement setting 12
Bootstrap[73]: Time 1.075210 seconds, bootstrap likelihood -63908.449338, best rearrangement setting 7
Bootstrap[74]: Time 1.146621 seconds, bootstrap likelihood -64003.551864, best rearrangement setting 14
Bootstrap[75]: Time 1.138551 seconds, bootstrap likelihood -64514.823881, best rearrangement setting 13
Bootstrap[76]: Time 0.952962 seconds, bootstrap likelihood -64928.510684, best rearrangement setting 5
Bootstrap[77]: Time 2.096895 seconds, bootstrap likelihood -65062.295656, best rearrangement setting 10
Bootstrap[78]: Time 4.487040 seconds, bootstrap likelihood -63847.571638, best rearrangement setting 12
Bootstrap[79]: Time 1.827045 seconds, bootstrap likelihood -65079.788207, best rearrangement setting 11
Bootstrap[80]: Time 1.402262 seconds, bootstrap likelihood -64580.738831, best rearrangement setting 5
Bootstrap[81]: Time 1.706442 seconds, bootstrap likelihood -63938.564072, best rearrangement setting 11
Bootstrap[82]: Time 32.292982 seconds, bootstrap likelihood -64346.488275, best rearrangement setting 12
Bootstrap[83]: Time 1.282539 seconds, bootstrap likelihood -65885.917864, best rearrangement setting 12
Bootstrap[84]: Time 0.957510 seconds, bootstrap likelihood -64376.070266, best rearrangement setting 5
Bootstrap[85]: Time 1.150672 seconds, bootstrap likelihood -64374.016988, best rearrangement setting 6
Bootstrap[86]: Time 1.339156 seconds, bootstrap likelihood -64316.440519, best rearrangement setting 14
Bootstrap[87]: Time 1.172658 seconds, bootstrap likelihood -63087.777892, best rearrangement setting 12
Bootstrap[88]: Time 1.126693 seconds, bootstrap likelihood -64050.569920, best rearrangement setting 13
Bootstrap[89]: Time 0.885768 seconds, bootstrap likelihood -63773.981361, best rearrangement setting 5
Bootstrap[90]: Time 1.184433 seconds, bootstrap likelihood -64299.680645, best rearrangement setting 5
Bootstrap[91]: Time 1.356220 seconds, bootstrap likelihood -64492.220220, best rearrangement setting 14
Bootstrap[92]: Time 1.231756 seconds, bootstrap likelihood -64570.974120, best rearrangement setting 10
Bootstrap[93]: Time 0.932164 seconds, bootstrap likelihood -63792.867813, best rearrangement setting 5
Bootstrap[94]: Time 1.174012 seconds, bootstrap likelihood -64618.528731, best rearrangement setting 15
Bootstrap[95]: Time 1.387469 seconds, bootstrap likelihood -63931.365778, best rearrangement setting 13
Bootstrap[96]: Time 1.103527 seconds, bootstrap likelihood -64933.445657, best rearrangement setting 6
Bootstrap[97]: Time 1.160365 seconds, bootstrap likelihood -65147.180153, best rearrangement setting 13
Bootstrap[98]: Time 1.296978 seconds, bootstrap likelihood -64036.404399, best rearrangement setting 12
Bootstrap[99]: Time 1.268113 seconds, bootstrap likelihood -63477.376797, best rearrangement setting 12


Overall Time for 100 Rapid Bootstraps 202.003117 seconds
Average Time per Rapid Bootstrap 2.020031 seconds

Starting ML Search ...

Fast ML optimization finished

Fast ML search Time: 209.203826 seconds

Slow ML Search 0 Likelihood: -64461.641919
Slow ML Search 1 Likelihood: -64461.641921
Slow ML Search 2 Likelihood: -64464.751647
Slow ML Search 3 Likelihood: -64465.484452
Slow ML Search 4 Likelihood: -64465.962642
Slow ML Search 5 Likelihood: -64466.471337
Slow ML Search 6 Likelihood: -64467.490034
Slow ML Search 7 Likelihood: -64467.135334
Slow ML Search 8 Likelihood: -64470.584627
Slow ML Search 9 Likelihood: -64470.607975
Slow ML optimization finished

Slow ML search Time: 33.890890 seconds
Thorough ML search Time: 2.108426 seconds

Final ML Optimization Likelihood: -64461.641919

Model Information:

Model Parameters of Partition 0, Name: No Name Provided, Type of Data: DNA
alpha: 0.324323
Tree-Length: 3.069151
rate A <-> C: 2.302323
rate A <-> G: 5.568181
rate A <-> T: 0.892780
rate C <-> G: 0.908466
rate C <-> T: 6.484587
rate G <-> T: 1.000000

freq pi(A): 0.369958
freq pi(C): 0.174311
freq pi(G): 0.234307
freq pi(T): 0.221424


ML search took 245.214510 secs or 0.068115 hours

Combined Bootstrap and ML search took 447.217760 secs or 0.124227 hours

Drawing Bootstrap Support Values on best-scoring ML tree ...



Found 1 tree in File /gpfs_home/mhowison/code/hiv-profile-sampling/scratch/trees/gag-pol-env/RAxML_bestTree.sample.429



Found 1 tree in File /gpfs_home/mhowison/code/hiv-profile-sampling/scratch/trees/gag-pol-env/RAxML_bestTree.sample.429

Program execution info written to /gpfs_home/mhowison/code/hiv-profile-sampling/scratch/trees/gag-pol-env/RAxML_info.sample.429
All 100 bootstrapped trees written to: /gpfs_home/mhowison/code/hiv-profile-sampling/scratch/trees/gag-pol-env/RAxML_bootstrap.sample.429

Best-scoring ML tree written to: /gpfs_home/mhowison/code/hiv-profile-sampling/scratch/trees/gag-pol-env/RAxML_bestTree.sample.429

Best-scoring ML tree with support values written to: /gpfs_home/mhowison/code/hiv-profile-sampling/scratch/trees/gag-pol-env/RAxML_bipartitions.sample.429

Best-scoring ML tree with support values as branch labels written to: /gpfs_home/mhowison/code/hiv-profile-sampling/scratch/trees/gag-pol-env/RAxML_bipartitionsBranchLabels.sample.429

Overall execution time for full ML analysis: 447.222126 secs or 0.124228 hours or 0.005176 days

