srun: job 264727 queued and waiting for resources
srun: job 264727 has been allocated resources
Warning, you specified a working directory via "-w"
Keep in mind that RAxML only accepts absolute path names, not relative ones!

RAxML can't, parse the alignment file as phylip file 
it will now try to parse it as FASTA file



Using BFGS method to optimize GTR rate parameters, to disable this specify "--no-bfgs" 


This is the RAxML Master Pthread

This is RAxML Worker Pthread Number: 1

This is RAxML Worker Pthread Number: 2

This is RAxML Worker Pthread Number: 3

This is RAxML Worker Pthread Number: 4

This is RAxML Worker Pthread Number: 6

This is RAxML Worker Pthread Number: 7

This is RAxML Worker Pthread Number: 5

This is RAxML Worker Pthread Number: 8

This is RAxML Worker Pthread Number: 10

This is RAxML Worker Pthread Number: 9

This is RAxML Worker Pthread Number: 11

This is RAxML Worker Pthread Number: 13

This is RAxML Worker Pthread Number: 12

This is RAxML Worker Pthread Number: 14

This is RAxML Worker Pthread Number: 15

This is RAxML Worker Pthread Number: 17

This is RAxML Worker Pthread Number: 16

This is RAxML Worker Pthread Number: 18

This is RAxML Worker Pthread Number: 19


This is RAxML version 8.2.12 released by Alexandros Stamatakis on May 2018.

With greatly appreciated code contributions by:
Andre Aberer      (HITS)
Simon Berger      (HITS)
Alexey Kozlov     (HITS)
Kassian Kobert    (HITS)
David Dao         (KIT and HITS)
Sarah Lutteropp   (KIT and HITS)
Nick Pattengale   (Sandia)
Wayne Pfeiffer    (SDSC)
Akifumi S. Tanabe (NRIFS)
Charlie Taylor    (UF)


Alignment has 3179 distinct alignment patterns

Proportion of gaps and completely undetermined characters in this alignment: 6.11%

RAxML rapid bootstrapping and subsequent ML search

Using 1 distinct models/data partitions with joint branch length optimization



Executing 100 rapid bootstrap inferences and thereafter a thorough ML search 

All free model parameters will be estimated by RAxML
GAMMA model of rate heterogeneity, ML estimate of alpha-parameter

GAMMA Model parameters will be estimated up to an accuracy of 0.1000000000 Log Likelihood units

Partition: 0
Alignment Patterns: 3179
Name: No Name Provided
DataType: DNA
Substitution Matrix: GTR




RAxML was called as follows:

raxmlHPC-PTHREADS-AVX -T 20 -s scratch/aligned/gag-pol-env/sample.80.fa -p 0227929862 -x 0227929862 -f a -N 100 -m GTRGAMMA -w /gpfs_home/mhowison/code/hiv-profile-sampling/scratch/trees/gag-pol-env -n sample.80 



Time for BS model parameter optimization 0.168437
Bootstrap[0]: Time 1.528208 seconds, bootstrap likelihood -66170.172518, best rearrangement setting 13
Bootstrap[1]: Time 1.517512 seconds, bootstrap likelihood -63870.463319, best rearrangement setting 12
Bootstrap[2]: Time 0.855890 seconds, bootstrap likelihood -65007.901307, best rearrangement setting 5
Bootstrap[3]: Time 1.046666 seconds, bootstrap likelihood -63638.546139, best rearrangement setting 6
Bootstrap[4]: Time 1.036647 seconds, bootstrap likelihood -64354.146044, best rearrangement setting 6
Bootstrap[5]: Time 1.160562 seconds, bootstrap likelihood -64347.084659, best rearrangement setting 13
Bootstrap[6]: Time 1.175301 seconds, bootstrap likelihood -64686.902868, best rearrangement setting 8
Bootstrap[7]: Time 1.065338 seconds, bootstrap likelihood -63202.173738, best rearrangement setting 6
Bootstrap[8]: Time 0.935710 seconds, bootstrap likelihood -65771.305025, best rearrangement setting 6
Bootstrap[9]: Time 1.156156 seconds, bootstrap likelihood -63891.575240, best rearrangement setting 7
Bootstrap[10]: Time 1.151634 seconds, bootstrap likelihood -64815.416422, best rearrangement setting 9
Bootstrap[11]: Time 1.483292 seconds, bootstrap likelihood -64912.751958, best rearrangement setting 8
Bootstrap[12]: Time 0.990565 seconds, bootstrap likelihood -63759.343035, best rearrangement setting 6
Bootstrap[13]: Time 1.223759 seconds, bootstrap likelihood -63783.510409, best rearrangement setting 9
Bootstrap[14]: Time 1.076751 seconds, bootstrap likelihood -65928.731693, best rearrangement setting 10
Bootstrap[15]: Time 0.926915 seconds, bootstrap likelihood -64793.259531, best rearrangement setting 6
Bootstrap[16]: Time 1.250990 seconds, bootstrap likelihood -64455.806901, best rearrangement setting 10
Bootstrap[17]: Time 1.276683 seconds, bootstrap likelihood -66069.379648, best rearrangement setting 15
Bootstrap[18]: Time 1.059248 seconds, bootstrap likelihood -64405.834396, best rearrangement setting 9
Bootstrap[19]: Time 1.256145 seconds, bootstrap likelihood -63110.023614, best rearrangement setting 15
Bootstrap[20]: Time 0.981840 seconds, bootstrap likelihood -64224.173261, best rearrangement setting 5
Bootstrap[21]: Time 1.224375 seconds, bootstrap likelihood -65813.610484, best rearrangement setting 7
Bootstrap[22]: Time 0.899065 seconds, bootstrap likelihood -64269.265870, best rearrangement setting 5
Bootstrap[23]: Time 1.193155 seconds, bootstrap likelihood -65725.030672, best rearrangement setting 10
Bootstrap[24]: Time 1.337391 seconds, bootstrap likelihood -64775.867737, best rearrangement setting 9
Bootstrap[25]: Time 0.932342 seconds, bootstrap likelihood -65917.379393, best rearrangement setting 5
Bootstrap[26]: Time 1.140070 seconds, bootstrap likelihood -64148.833980, best rearrangement setting 8
Bootstrap[27]: Time 1.106248 seconds, bootstrap likelihood -64019.938608, best rearrangement setting 8
Bootstrap[28]: Time 1.361099 seconds, bootstrap likelihood -63523.731825, best rearrangement setting 12
Bootstrap[29]: Time 1.210556 seconds, bootstrap likelihood -65817.950087, best rearrangement setting 7
Bootstrap[30]: Time 1.206509 seconds, bootstrap likelihood -64159.036617, best rearrangement setting 14
Bootstrap[31]: Time 1.119453 seconds, bootstrap likelihood -65312.233816, best rearrangement setting 13
Bootstrap[32]: Time 0.926807 seconds, bootstrap likelihood -65021.286498, best rearrangement setting 5
Bootstrap[33]: Time 0.964497 seconds, bootstrap likelihood -64070.143206, best rearrangement setting 5
Bootstrap[34]: Time 1.067439 seconds, bootstrap likelihood -63801.649222, best rearrangement setting 7
Bootstrap[35]: Time 1.231043 seconds, bootstrap likelihood -65722.777849, best rearrangement setting 14
Bootstrap[36]: Time 1.228573 seconds, bootstrap likelihood -63796.503396, best rearrangement setting 10
Bootstrap[37]: Time 1.104722 seconds, bootstrap likelihood -64605.197049, best rearrangement setting 6
Bootstrap[38]: Time 1.440361 seconds, bootstrap likelihood -65408.375394, best rearrangement setting 8
Bootstrap[39]: Time 1.266646 seconds, bootstrap likelihood -65239.900463, best rearrangement setting 7
Bootstrap[40]: Time 1.234088 seconds, bootstrap likelihood -65044.490457, best rearrangement setting 11
Bootstrap[41]: Time 1.295052 seconds, bootstrap likelihood -64496.029383, best rearrangement setting 10
Bootstrap[42]: Time 1.079573 seconds, bootstrap likelihood -64265.125242, best rearrangement setting 12
Bootstrap[43]: Time 0.924936 seconds, bootstrap likelihood -64924.731020, best rearrangement setting 6
Bootstrap[44]: Time 1.148503 seconds, bootstrap likelihood -64764.413889, best rearrangement setting 8
Bootstrap[45]: Time 1.150114 seconds, bootstrap likelihood -63747.831855, best rearrangement setting 10
Bootstrap[46]: Time 1.064605 seconds, bootstrap likelihood -64962.479845, best rearrangement setting 13
Bootstrap[47]: Time 1.227384 seconds, bootstrap likelihood -64583.954669, best rearrangement setting 14
Bootstrap[48]: Time 1.074746 seconds, bootstrap likelihood -63872.837184, best rearrangement setting 9
Bootstrap[49]: Time 1.223877 seconds, bootstrap likelihood -64659.445315, best rearrangement setting 9
Bootstrap[50]: Time 1.402647 seconds, bootstrap likelihood -64473.653881, best rearrangement setting 9
Bootstrap[51]: Time 1.151692 seconds, bootstrap likelihood -64192.386830, best rearrangement setting 14
Bootstrap[52]: Time 1.403311 seconds, bootstrap likelihood -64709.057603, best rearrangement setting 11
Bootstrap[53]: Time 1.300498 seconds, bootstrap likelihood -65008.042987, best rearrangement setting 7
Bootstrap[54]: Time 1.166205 seconds, bootstrap likelihood -64139.475018, best rearrangement setting 13
Bootstrap[55]: Time 1.149303 seconds, bootstrap likelihood -65220.470286, best rearrangement setting 8
Bootstrap[56]: Time 1.258478 seconds, bootstrap likelihood -65531.394567, best rearrangement setting 12
Bootstrap[57]: Time 1.063590 seconds, bootstrap likelihood -65142.605705, best rearrangement setting 9
Bootstrap[58]: Time 1.160532 seconds, bootstrap likelihood -65196.320015, best rearrangement setting 9
Bootstrap[59]: Time 1.261360 seconds, bootstrap likelihood -64388.249159, best rearrangement setting 9
Bootstrap[60]: Time 1.275083 seconds, bootstrap likelihood -64628.733813, best rearrangement setting 12
Bootstrap[61]: Time 1.060049 seconds, bootstrap likelihood -62943.997104, best rearrangement setting 9
Bootstrap[62]: Time 1.563629 seconds, bootstrap likelihood -64106.810388, best rearrangement setting 10
Bootstrap[63]: Time 1.111448 seconds, bootstrap likelihood -65353.301895, best rearrangement setting 6
Bootstrap[64]: Time 1.288392 seconds, bootstrap likelihood -63772.650503, best rearrangement setting 10
Bootstrap[65]: Time 1.242172 seconds, bootstrap likelihood -63295.026003, best rearrangement setting 13
Bootstrap[66]: Time 1.147718 seconds, bootstrap likelihood -63813.943146, best rearrangement setting 15
Bootstrap[67]: Time 1.244172 seconds, bootstrap likelihood -63565.538146, best rearrangement setting 15
Bootstrap[68]: Time 1.193146 seconds, bootstrap likelihood -64295.215875, best rearrangement setting 12
Bootstrap[69]: Time 0.894619 seconds, bootstrap likelihood -64413.227902, best rearrangement setting 5
Bootstrap[70]: Time 1.288157 seconds, bootstrap likelihood -64890.883174, best rearrangement setting 11
Bootstrap[71]: Time 1.074893 seconds, bootstrap likelihood -62530.345968, best rearrangement setting 7
Bootstrap[72]: Time 1.198451 seconds, bootstrap likelihood -62975.918291, best rearrangement setting 8
Bootstrap[73]: Time 1.206352 seconds, bootstrap likelihood -63819.475690, best rearrangement setting 13
Bootstrap[74]: Time 0.996030 seconds, bootstrap likelihood -65272.101481, best rearrangement setting 7
Bootstrap[75]: Time 1.720010 seconds, bootstrap likelihood -65565.943439, best rearrangement setting 12
Bootstrap[76]: Time 1.092256 seconds, bootstrap likelihood -64079.513106, best rearrangement setting 15
Bootstrap[77]: Time 0.874783 seconds, bootstrap likelihood -64491.540300, best rearrangement setting 5
Bootstrap[78]: Time 1.362071 seconds, bootstrap likelihood -63377.474522, best rearrangement setting 9
Bootstrap[79]: Time 0.829964 seconds, bootstrap likelihood -65086.408325, best rearrangement setting 5
Bootstrap[80]: Time 1.200850 seconds, bootstrap likelihood -63846.369550, best rearrangement setting 8
Bootstrap[81]: Time 1.184214 seconds, bootstrap likelihood -65646.134307, best rearrangement setting 13
Bootstrap[82]: Time 1.073655 seconds, bootstrap likelihood -63610.030585, best rearrangement setting 7
Bootstrap[83]: Time 1.360466 seconds, bootstrap likelihood -65297.994772, best rearrangement setting 10
Bootstrap[84]: Time 1.309136 seconds, bootstrap likelihood -64543.414852, best rearrangement setting 12
Bootstrap[85]: Time 1.140245 seconds, bootstrap likelihood -63699.236478, best rearrangement setting 7
Bootstrap[86]: Time 1.161319 seconds, bootstrap likelihood -64817.831215, best rearrangement setting 11
Bootstrap[87]: Time 0.956939 seconds, bootstrap likelihood -64675.462599, best rearrangement setting 5
Bootstrap[88]: Time 1.430091 seconds, bootstrap likelihood -63860.394967, best rearrangement setting 14
Bootstrap[89]: Time 1.231876 seconds, bootstrap likelihood -63776.430416, best rearrangement setting 9
Bootstrap[90]: Time 1.092563 seconds, bootstrap likelihood -63174.370919, best rearrangement setting 6
Bootstrap[91]: Time 1.322404 seconds, bootstrap likelihood -64357.221959, best rearrangement setting 10
Bootstrap[92]: Time 1.308340 seconds, bootstrap likelihood -65141.255042, best rearrangement setting 9
Bootstrap[93]: Time 1.168314 seconds, bootstrap likelihood -62862.737982, best rearrangement setting 8
Bootstrap[94]: Time 1.135261 seconds, bootstrap likelihood -64552.925323, best rearrangement setting 9
Bootstrap[95]: Time 1.150606 seconds, bootstrap likelihood -64676.816326, best rearrangement setting 13
Bootstrap[96]: Time 1.205228 seconds, bootstrap likelihood -65255.890067, best rearrangement setting 13
Bootstrap[97]: Time 1.218767 seconds, bootstrap likelihood -64679.878790, best rearrangement setting 12
Bootstrap[98]: Time 1.285367 seconds, bootstrap likelihood -63004.102778, best rearrangement setting 11
Bootstrap[99]: Time 1.283352 seconds, bootstrap likelihood -65973.753870, best rearrangement setting 12


Overall Time for 100 Rapid Bootstraps 117.800267 seconds
Average Time per Rapid Bootstrap 1.178003 seconds

Starting ML Search ...

Fast ML optimization finished

Fast ML search Time: 117.259444 seconds

Slow ML Search 0 Likelihood: -64526.230753
Slow ML Search 1 Likelihood: -64527.360065
Slow ML Search 2 Likelihood: -64527.651440
Slow ML Search 3 Likelihood: -64527.791281
Slow ML Search 4 Likelihood: -64529.383600
Slow ML Search 5 Likelihood: -64533.756967
Slow ML Search 6 Likelihood: -64533.689445
Slow ML Search 7 Likelihood: -64537.385926
Slow ML Search 8 Likelihood: -64538.237630
Slow ML Search 9 Likelihood: -64530.658718
Slow ML optimization finished

Slow ML search Time: 26.551879 seconds
Thorough ML search Time: 2.065114 seconds

Final ML Optimization Likelihood: -64526.230748

Model Information:

Model Parameters of Partition 0, Name: No Name Provided, Type of Data: DNA
alpha: 0.329218
Tree-Length: 2.989502
rate A <-> C: 2.263304
rate A <-> G: 5.652599
rate A <-> T: 0.941076
rate C <-> G: 1.014947
rate C <-> T: 6.553348
rate G <-> T: 1.000000

freq pi(A): 0.369766
freq pi(C): 0.174307
freq pi(G): 0.234409
freq pi(T): 0.221518


ML search took 145.905940 secs or 0.040529 hours

Combined Bootstrap and ML search took 263.706400 secs or 0.073252 hours

Drawing Bootstrap Support Values on best-scoring ML tree ...



Found 1 tree in File /gpfs_home/mhowison/code/hiv-profile-sampling/scratch/trees/gag-pol-env/RAxML_bestTree.sample.80



Found 1 tree in File /gpfs_home/mhowison/code/hiv-profile-sampling/scratch/trees/gag-pol-env/RAxML_bestTree.sample.80

Program execution info written to /gpfs_home/mhowison/code/hiv-profile-sampling/scratch/trees/gag-pol-env/RAxML_info.sample.80
All 100 bootstrapped trees written to: /gpfs_home/mhowison/code/hiv-profile-sampling/scratch/trees/gag-pol-env/RAxML_bootstrap.sample.80

Best-scoring ML tree written to: /gpfs_home/mhowison/code/hiv-profile-sampling/scratch/trees/gag-pol-env/RAxML_bestTree.sample.80

Best-scoring ML tree with support values written to: /gpfs_home/mhowison/code/hiv-profile-sampling/scratch/trees/gag-pol-env/RAxML_bipartitions.sample.80

Best-scoring ML tree with support values as branch labels written to: /gpfs_home/mhowison/code/hiv-profile-sampling/scratch/trees/gag-pol-env/RAxML_bipartitionsBranchLabels.sample.80

Overall execution time for full ML analysis: 263.770403 secs or 0.073270 hours or 0.003053 days

