srun: job 264370 queued and waiting for resources
srun: job 264370 has been allocated resources
Warning, you specified a working directory via "-w"
Keep in mind that RAxML only accepts absolute path names, not relative ones!

RAxML can't, parse the alignment file as phylip file 
it will now try to parse it as FASTA file



Using BFGS method to optimize GTR rate parameters, to disable this specify "--no-bfgs" 


This is the RAxML Master Pthread

This is RAxML Worker Pthread Number: 2

This is RAxML Worker Pthread Number: 1

This is RAxML Worker Pthread Number: 3

This is RAxML Worker Pthread Number: 4

This is RAxML Worker Pthread Number: 7

This is RAxML Worker Pthread Number: 8

This is RAxML Worker Pthread Number: 5

This is RAxML Worker Pthread Number: 6

This is RAxML Worker Pthread Number: 11

This is RAxML Worker Pthread Number: 10

This is RAxML Worker Pthread Number: 9

This is RAxML Worker Pthread Number: 12

This is RAxML Worker Pthread Number: 13

This is RAxML Worker Pthread Number: 14

This is RAxML Worker Pthread Number: 16

This is RAxML Worker Pthread Number: 15

This is RAxML Worker Pthread Number: 17

This is RAxML Worker Pthread Number: 18

This is RAxML Worker Pthread Number: 19


This is RAxML version 8.2.12 released by Alexandros Stamatakis on May 2018.

With greatly appreciated code contributions by:
Andre Aberer      (HITS)
Simon Berger      (HITS)
Alexey Kozlov     (HITS)
Kassian Kobert    (HITS)
David Dao         (KIT and HITS)
Sarah Lutteropp   (KIT and HITS)
Nick Pattengale   (Sandia)
Wayne Pfeiffer    (SDSC)
Akifumi S. Tanabe (NRIFS)
Charlie Taylor    (UF)


Alignment has 3189 distinct alignment patterns

Proportion of gaps and completely undetermined characters in this alignment: 6.12%

RAxML rapid bootstrapping and subsequent ML search

Using 1 distinct models/data partitions with joint branch length optimization



Executing 100 rapid bootstrap inferences and thereafter a thorough ML search 

All free model parameters will be estimated by RAxML
GAMMA model of rate heterogeneity, ML estimate of alpha-parameter

GAMMA Model parameters will be estimated up to an accuracy of 0.1000000000 Log Likelihood units

Partition: 0
Alignment Patterns: 3189
Name: No Name Provided
DataType: DNA
Substitution Matrix: GTR




RAxML was called as follows:

raxmlHPC-PTHREADS-AVX -T 20 -s scratch/aligned/gag-pol-env/sample.311.fa -p 1170190060 -x 1170190060 -f a -N 100 -m GTRGAMMA -w /gpfs_home/mhowison/code/hiv-profile-sampling/scratch/trees/gag-pol-env -n sample.311 



Time for BS model parameter optimization 0.148418
Bootstrap[0]: Time 1.427297 seconds, bootstrap likelihood -65302.493648, best rearrangement setting 15
Bootstrap[1]: Time 1.059448 seconds, bootstrap likelihood -65350.580541, best rearrangement setting 9
Bootstrap[2]: Time 1.169987 seconds, bootstrap likelihood -64580.219332, best rearrangement setting 8
Bootstrap[3]: Time 1.258052 seconds, bootstrap likelihood -63359.142598, best rearrangement setting 9
Bootstrap[4]: Time 0.997142 seconds, bootstrap likelihood -64107.074181, best rearrangement setting 6
Bootstrap[5]: Time 0.946758 seconds, bootstrap likelihood -63840.748567, best rearrangement setting 9
Bootstrap[6]: Time 1.134989 seconds, bootstrap likelihood -64601.671648, best rearrangement setting 12
Bootstrap[7]: Time 1.158832 seconds, bootstrap likelihood -63830.692442, best rearrangement setting 8
Bootstrap[8]: Time 1.051876 seconds, bootstrap likelihood -64096.423303, best rearrangement setting 10
Bootstrap[9]: Time 0.819140 seconds, bootstrap likelihood -63616.896411, best rearrangement setting 6
Bootstrap[10]: Time 1.235216 seconds, bootstrap likelihood -65143.391271, best rearrangement setting 12
Bootstrap[11]: Time 1.311389 seconds, bootstrap likelihood -63945.602183, best rearrangement setting 5
Bootstrap[12]: Time 0.908482 seconds, bootstrap likelihood -63270.675747, best rearrangement setting 9
Bootstrap[13]: Time 1.267763 seconds, bootstrap likelihood -65932.983126, best rearrangement setting 15
Bootstrap[14]: Time 1.158098 seconds, bootstrap likelihood -64701.578674, best rearrangement setting 12
Bootstrap[15]: Time 1.021180 seconds, bootstrap likelihood -64282.950014, best rearrangement setting 9
Bootstrap[16]: Time 0.894414 seconds, bootstrap likelihood -64735.685891, best rearrangement setting 14
Bootstrap[17]: Time 0.986678 seconds, bootstrap likelihood -64149.336202, best rearrangement setting 10
Bootstrap[18]: Time 1.210892 seconds, bootstrap likelihood -65451.809290, best rearrangement setting 14
Bootstrap[19]: Time 0.975338 seconds, bootstrap likelihood -65052.426612, best rearrangement setting 6
Bootstrap[20]: Time 0.933992 seconds, bootstrap likelihood -64264.248224, best rearrangement setting 14
Bootstrap[21]: Time 1.236444 seconds, bootstrap likelihood -64760.715908, best rearrangement setting 13
Bootstrap[22]: Time 0.980364 seconds, bootstrap likelihood -64839.411240, best rearrangement setting 6
Bootstrap[23]: Time 0.840613 seconds, bootstrap likelihood -64040.131806, best rearrangement setting 5
Bootstrap[24]: Time 0.984496 seconds, bootstrap likelihood -65410.159396, best rearrangement setting 9
Bootstrap[25]: Time 1.106704 seconds, bootstrap likelihood -65993.553412, best rearrangement setting 7
Bootstrap[26]: Time 1.366947 seconds, bootstrap likelihood -65152.895454, best rearrangement setting 13
Bootstrap[27]: Time 0.907797 seconds, bootstrap likelihood -64546.860855, best rearrangement setting 5
Bootstrap[28]: Time 0.984385 seconds, bootstrap likelihood -64301.110585, best rearrangement setting 11
Bootstrap[29]: Time 1.067673 seconds, bootstrap likelihood -64470.974381, best rearrangement setting 14
Bootstrap[30]: Time 1.090282 seconds, bootstrap likelihood -64562.264411, best rearrangement setting 13
Bootstrap[31]: Time 1.064924 seconds, bootstrap likelihood -65022.576358, best rearrangement setting 9
Bootstrap[32]: Time 0.978292 seconds, bootstrap likelihood -63586.289494, best rearrangement setting 14
Bootstrap[33]: Time 1.121755 seconds, bootstrap likelihood -66354.661186, best rearrangement setting 12
Bootstrap[34]: Time 1.204665 seconds, bootstrap likelihood -64875.705612, best rearrangement setting 11
Bootstrap[35]: Time 0.813667 seconds, bootstrap likelihood -64544.544754, best rearrangement setting 5
Bootstrap[36]: Time 1.126400 seconds, bootstrap likelihood -63517.868761, best rearrangement setting 12
Bootstrap[37]: Time 1.214013 seconds, bootstrap likelihood -63834.073797, best rearrangement setting 8
Bootstrap[38]: Time 1.069673 seconds, bootstrap likelihood -65649.802396, best rearrangement setting 10
Bootstrap[39]: Time 1.613677 seconds, bootstrap likelihood -63487.594335, best rearrangement setting 13
Bootstrap[40]: Time 1.038718 seconds, bootstrap likelihood -63075.815000, best rearrangement setting 15
Bootstrap[41]: Time 1.233680 seconds, bootstrap likelihood -64558.162992, best rearrangement setting 7
Bootstrap[42]: Time 1.226294 seconds, bootstrap likelihood -65527.763705, best rearrangement setting 14
Bootstrap[43]: Time 1.167754 seconds, bootstrap likelihood -63710.226893, best rearrangement setting 12
Bootstrap[44]: Time 1.065363 seconds, bootstrap likelihood -65313.469845, best rearrangement setting 8
Bootstrap[45]: Time 1.062174 seconds, bootstrap likelihood -65665.413881, best rearrangement setting 7
Bootstrap[46]: Time 1.137736 seconds, bootstrap likelihood -64324.401780, best rearrangement setting 8
Bootstrap[47]: Time 1.247658 seconds, bootstrap likelihood -63834.968389, best rearrangement setting 13
Bootstrap[48]: Time 1.104576 seconds, bootstrap likelihood -63688.144111, best rearrangement setting 11
Bootstrap[49]: Time 1.068824 seconds, bootstrap likelihood -64487.929612, best rearrangement setting 9
Bootstrap[50]: Time 1.059125 seconds, bootstrap likelihood -64727.800706, best rearrangement setting 14
Bootstrap[51]: Time 1.059555 seconds, bootstrap likelihood -64220.087946, best rearrangement setting 10
Bootstrap[52]: Time 1.184894 seconds, bootstrap likelihood -64939.420365, best rearrangement setting 10
Bootstrap[53]: Time 0.871962 seconds, bootstrap likelihood -64836.708428, best rearrangement setting 5
Bootstrap[54]: Time 1.331592 seconds, bootstrap likelihood -63887.030866, best rearrangement setting 12
Bootstrap[55]: Time 1.185245 seconds, bootstrap likelihood -64701.506026, best rearrangement setting 11
Bootstrap[56]: Time 1.052201 seconds, bootstrap likelihood -64755.495836, best rearrangement setting 8
Bootstrap[57]: Time 1.143762 seconds, bootstrap likelihood -65711.661552, best rearrangement setting 14
Bootstrap[58]: Time 1.111090 seconds, bootstrap likelihood -64903.595226, best rearrangement setting 12
Bootstrap[59]: Time 1.145362 seconds, bootstrap likelihood -65109.373293, best rearrangement setting 10
Bootstrap[60]: Time 0.861496 seconds, bootstrap likelihood -64353.280661, best rearrangement setting 5
Bootstrap[61]: Time 1.154170 seconds, bootstrap likelihood -64300.275133, best rearrangement setting 9
Bootstrap[62]: Time 1.218416 seconds, bootstrap likelihood -63727.605116, best rearrangement setting 10
Bootstrap[63]: Time 1.017531 seconds, bootstrap likelihood -64284.728633, best rearrangement setting 13
Bootstrap[64]: Time 0.980010 seconds, bootstrap likelihood -64947.843058, best rearrangement setting 8
Bootstrap[65]: Time 1.110979 seconds, bootstrap likelihood -64713.098057, best rearrangement setting 7
Bootstrap[66]: Time 1.560026 seconds, bootstrap likelihood -64591.981768, best rearrangement setting 10
Bootstrap[67]: Time 1.237339 seconds, bootstrap likelihood -64232.202729, best rearrangement setting 12
Bootstrap[68]: Time 1.206526 seconds, bootstrap likelihood -63787.763098, best rearrangement setting 13
Bootstrap[69]: Time 1.074073 seconds, bootstrap likelihood -64884.876728, best rearrangement setting 10
Bootstrap[70]: Time 1.132784 seconds, bootstrap likelihood -66179.504506, best rearrangement setting 12
Bootstrap[71]: Time 1.048835 seconds, bootstrap likelihood -65785.093985, best rearrangement setting 15
Bootstrap[72]: Time 0.934976 seconds, bootstrap likelihood -64429.407322, best rearrangement setting 6
Bootstrap[73]: Time 1.046825 seconds, bootstrap likelihood -64186.335339, best rearrangement setting 13
Bootstrap[74]: Time 1.005929 seconds, bootstrap likelihood -65011.847428, best rearrangement setting 14
Bootstrap[75]: Time 0.892793 seconds, bootstrap likelihood -64989.358968, best rearrangement setting 5
Bootstrap[76]: Time 1.051601 seconds, bootstrap likelihood -64733.998642, best rearrangement setting 8
Bootstrap[77]: Time 1.064808 seconds, bootstrap likelihood -64983.122791, best rearrangement setting 14
Bootstrap[78]: Time 1.014390 seconds, bootstrap likelihood -65824.110680, best rearrangement setting 15
Bootstrap[79]: Time 1.269460 seconds, bootstrap likelihood -64131.505287, best rearrangement setting 14
Bootstrap[80]: Time 1.407391 seconds, bootstrap likelihood -64023.554163, best rearrangement setting 11
Bootstrap[81]: Time 1.020774 seconds, bootstrap likelihood -64048.713286, best rearrangement setting 6
Bootstrap[82]: Time 1.150553 seconds, bootstrap likelihood -64630.199771, best rearrangement setting 13
Bootstrap[83]: Time 1.081939 seconds, bootstrap likelihood -64738.008612, best rearrangement setting 8
Bootstrap[84]: Time 1.147407 seconds, bootstrap likelihood -63340.370100, best rearrangement setting 14
Bootstrap[85]: Time 1.043490 seconds, bootstrap likelihood -65141.799756, best rearrangement setting 13
Bootstrap[86]: Time 1.213661 seconds, bootstrap likelihood -64904.707744, best rearrangement setting 11
Bootstrap[87]: Time 1.078057 seconds, bootstrap likelihood -65255.228106, best rearrangement setting 14
Bootstrap[88]: Time 1.009685 seconds, bootstrap likelihood -66222.217037, best rearrangement setting 7
Bootstrap[89]: Time 1.163355 seconds, bootstrap likelihood -64230.420750, best rearrangement setting 8
Bootstrap[90]: Time 1.104863 seconds, bootstrap likelihood -63803.564815, best rearrangement setting 14
Bootstrap[91]: Time 0.858289 seconds, bootstrap likelihood -63120.726669, best rearrangement setting 5
Bootstrap[92]: Time 1.132047 seconds, bootstrap likelihood -64925.187672, best rearrangement setting 13
Bootstrap[93]: Time 1.290480 seconds, bootstrap likelihood -64752.025775, best rearrangement setting 5
Bootstrap[94]: Time 1.100379 seconds, bootstrap likelihood -64097.584048, best rearrangement setting 15
Bootstrap[95]: Time 1.031180 seconds, bootstrap likelihood -63601.412132, best rearrangement setting 7
Bootstrap[96]: Time 1.099183 seconds, bootstrap likelihood -64058.484718, best rearrangement setting 13
Bootstrap[97]: Time 1.007163 seconds, bootstrap likelihood -64958.815405, best rearrangement setting 6
Bootstrap[98]: Time 0.883758 seconds, bootstrap likelihood -64292.350641, best rearrangement setting 5
Bootstrap[99]: Time 1.104418 seconds, bootstrap likelihood -63548.723331, best rearrangement setting 14


Overall Time for 100 Rapid Bootstraps 110.058825 seconds
Average Time per Rapid Bootstrap 1.100588 seconds

Starting ML Search ...

Fast ML optimization finished

Fast ML search Time: 116.306571 seconds

Slow ML Search 0 Likelihood: -64694.077745
Slow ML Search 1 Likelihood: -64694.274069
Slow ML Search 2 Likelihood: -64695.452864
Slow ML Search 3 Likelihood: -64695.452864
Slow ML Search 4 Likelihood: -64695.452863
Slow ML Search 5 Likelihood: -64696.395984
Slow ML Search 6 Likelihood: -64699.120281
Slow ML Search 7 Likelihood: -64700.592155
Slow ML Search 8 Likelihood: -64700.592155
Slow ML Search 9 Likelihood: -64702.562123
Slow ML optimization finished

Slow ML search Time: 17.586441 seconds
Thorough ML search Time: 1.893161 seconds

Final ML Optimization Likelihood: -64694.077745

Model Information:

Model Parameters of Partition 0, Name: No Name Provided, Type of Data: DNA
alpha: 0.329958
Tree-Length: 3.047466
rate A <-> C: 2.330578
rate A <-> G: 5.594850
rate A <-> T: 0.934589
rate C <-> G: 1.012090
rate C <-> T: 6.640545
rate G <-> T: 1.000000

freq pi(A): 0.370058
freq pi(C): 0.174069
freq pi(G): 0.234297
freq pi(T): 0.221576


ML search took 135.791408 secs or 0.037720 hours

Combined Bootstrap and ML search took 245.850349 secs or 0.068292 hours

Drawing Bootstrap Support Values on best-scoring ML tree ...



Found 1 tree in File /gpfs_home/mhowison/code/hiv-profile-sampling/scratch/trees/gag-pol-env/RAxML_bestTree.sample.311



Found 1 tree in File /gpfs_home/mhowison/code/hiv-profile-sampling/scratch/trees/gag-pol-env/RAxML_bestTree.sample.311

Program execution info written to /gpfs_home/mhowison/code/hiv-profile-sampling/scratch/trees/gag-pol-env/RAxML_info.sample.311
All 100 bootstrapped trees written to: /gpfs_home/mhowison/code/hiv-profile-sampling/scratch/trees/gag-pol-env/RAxML_bootstrap.sample.311

Best-scoring ML tree written to: /gpfs_home/mhowison/code/hiv-profile-sampling/scratch/trees/gag-pol-env/RAxML_bestTree.sample.311

Best-scoring ML tree with support values written to: /gpfs_home/mhowison/code/hiv-profile-sampling/scratch/trees/gag-pol-env/RAxML_bipartitions.sample.311

Best-scoring ML tree with support values as branch labels written to: /gpfs_home/mhowison/code/hiv-profile-sampling/scratch/trees/gag-pol-env/RAxML_bipartitionsBranchLabels.sample.311

Overall execution time for full ML analysis: 245.853576 secs or 0.068293 hours or 0.002846 days

