srun: job 264633 queued and waiting for resources
srun: job 264633 has been allocated resources
Warning, you specified a working directory via "-w"
Keep in mind that RAxML only accepts absolute path names, not relative ones!

RAxML can't, parse the alignment file as phylip file 
it will now try to parse it as FASTA file



Using BFGS method to optimize GTR rate parameters, to disable this specify "--no-bfgs" 


This is the RAxML Master Pthread

This is RAxML Worker Pthread Number: 2

This is RAxML Worker Pthread Number: 1

This is RAxML Worker Pthread Number: 3

This is RAxML Worker Pthread Number: 4

This is RAxML Worker Pthread Number: 5

This is RAxML Worker Pthread Number: 6

This is RAxML Worker Pthread Number: 7

This is RAxML Worker Pthread Number: 8

This is RAxML Worker Pthread Number: 10

This is RAxML Worker Pthread Number: 9

This is RAxML Worker Pthread Number: 11

This is RAxML Worker Pthread Number: 12

This is RAxML Worker Pthread Number: 13

This is RAxML Worker Pthread Number: 14

This is RAxML Worker Pthread Number: 17

This is RAxML Worker Pthread Number: 15

This is RAxML Worker Pthread Number: 16

This is RAxML Worker Pthread Number: 18

This is RAxML Worker Pthread Number: 19


This is RAxML version 8.2.12 released by Alexandros Stamatakis on May 2018.

With greatly appreciated code contributions by:
Andre Aberer      (HITS)
Simon Berger      (HITS)
Alexey Kozlov     (HITS)
Kassian Kobert    (HITS)
David Dao         (KIT and HITS)
Sarah Lutteropp   (KIT and HITS)
Nick Pattengale   (Sandia)
Wayne Pfeiffer    (SDSC)
Akifumi S. Tanabe (NRIFS)
Charlie Taylor    (UF)


Alignment has 3189 distinct alignment patterns

Proportion of gaps and completely undetermined characters in this alignment: 6.11%

RAxML rapid bootstrapping and subsequent ML search

Using 1 distinct models/data partitions with joint branch length optimization



Executing 100 rapid bootstrap inferences and thereafter a thorough ML search 

All free model parameters will be estimated by RAxML
GAMMA model of rate heterogeneity, ML estimate of alpha-parameter

GAMMA Model parameters will be estimated up to an accuracy of 0.1000000000 Log Likelihood units

Partition: 0
Alignment Patterns: 3189
Name: No Name Provided
DataType: DNA
Substitution Matrix: GTR




RAxML was called as follows:

raxmlHPC-PTHREADS-AVX -T 20 -s scratch/aligned/gag-pol-env/sample.491.fa -p 4748066894 -x 4748066894 -f a -N 100 -m GTRGAMMA -w /gpfs_home/mhowison/code/hiv-profile-sampling/scratch/trees/gag-pol-env -n sample.491 



Time for BS model parameter optimization 0.169785
Bootstrap[0]: Time 3.283903 seconds, bootstrap likelihood -63630.277711, best rearrangement setting 14
Bootstrap[1]: Time 1.116955 seconds, bootstrap likelihood -65715.193231, best rearrangement setting 10
Bootstrap[2]: Time 1.105272 seconds, bootstrap likelihood -64664.815837, best rearrangement setting 15
Bootstrap[3]: Time 1.181009 seconds, bootstrap likelihood -64898.328337, best rearrangement setting 10
Bootstrap[4]: Time 1.105431 seconds, bootstrap likelihood -66104.718335, best rearrangement setting 10
Bootstrap[5]: Time 0.950370 seconds, bootstrap likelihood -64217.580328, best rearrangement setting 8
Bootstrap[6]: Time 6.694690 seconds, bootstrap likelihood -63159.202464, best rearrangement setting 5
Bootstrap[7]: Time 1.028813 seconds, bootstrap likelihood -65196.741048, best rearrangement setting 12
Bootstrap[8]: Time 1.097403 seconds, bootstrap likelihood -64541.773927, best rearrangement setting 9
Bootstrap[9]: Time 1.023327 seconds, bootstrap likelihood -64874.373110, best rearrangement setting 8
Bootstrap[10]: Time 1.057340 seconds, bootstrap likelihood -66200.840578, best rearrangement setting 14
Bootstrap[11]: Time 0.961787 seconds, bootstrap likelihood -65115.225987, best rearrangement setting 14
Bootstrap[12]: Time 0.872214 seconds, bootstrap likelihood -63797.814595, best rearrangement setting 6
Bootstrap[13]: Time 1.214458 seconds, bootstrap likelihood -63718.115834, best rearrangement setting 7
Bootstrap[14]: Time 0.927114 seconds, bootstrap likelihood -62682.812094, best rearrangement setting 12
Bootstrap[15]: Time 0.926813 seconds, bootstrap likelihood -64491.434161, best rearrangement setting 13
Bootstrap[16]: Time 0.889059 seconds, bootstrap likelihood -63695.737469, best rearrangement setting 5
Bootstrap[17]: Time 0.818664 seconds, bootstrap likelihood -64856.884968, best rearrangement setting 5
Bootstrap[18]: Time 1.060545 seconds, bootstrap likelihood -65710.191573, best rearrangement setting 13
Bootstrap[19]: Time 0.942603 seconds, bootstrap likelihood -64569.102045, best rearrangement setting 8
Bootstrap[20]: Time 1.115828 seconds, bootstrap likelihood -64564.594739, best rearrangement setting 14
Bootstrap[21]: Time 1.067192 seconds, bootstrap likelihood -63703.947549, best rearrangement setting 14
Bootstrap[22]: Time 3.376624 seconds, bootstrap likelihood -65592.936329, best rearrangement setting 8
Bootstrap[23]: Time 0.752296 seconds, bootstrap likelihood -64493.283778, best rearrangement setting 5
Bootstrap[24]: Time 1.358041 seconds, bootstrap likelihood -64338.240307, best rearrangement setting 7
Bootstrap[25]: Time 2.531125 seconds, bootstrap likelihood -65035.334685, best rearrangement setting 14
Bootstrap[26]: Time 1.086030 seconds, bootstrap likelihood -62901.781094, best rearrangement setting 12
Bootstrap[27]: Time 1.629851 seconds, bootstrap likelihood -62952.332601, best rearrangement setting 11
Bootstrap[28]: Time 0.773482 seconds, bootstrap likelihood -65414.655100, best rearrangement setting 5
Bootstrap[29]: Time 0.812680 seconds, bootstrap likelihood -64553.408043, best rearrangement setting 5
Bootstrap[30]: Time 0.895228 seconds, bootstrap likelihood -64421.061535, best rearrangement setting 7
Bootstrap[31]: Time 0.989469 seconds, bootstrap likelihood -64096.832966, best rearrangement setting 9
Bootstrap[32]: Time 1.127306 seconds, bootstrap likelihood -64862.759081, best rearrangement setting 9
Bootstrap[33]: Time 1.032166 seconds, bootstrap likelihood -65169.682410, best rearrangement setting 11
Bootstrap[34]: Time 0.918723 seconds, bootstrap likelihood -62955.324324, best rearrangement setting 7
Bootstrap[35]: Time 0.865504 seconds, bootstrap likelihood -65498.834298, best rearrangement setting 5
Bootstrap[36]: Time 1.022805 seconds, bootstrap likelihood -64643.942713, best rearrangement setting 14
Bootstrap[37]: Time 1.073932 seconds, bootstrap likelihood -63990.091115, best rearrangement setting 14
Bootstrap[38]: Time 1.076954 seconds, bootstrap likelihood -64226.737856, best rearrangement setting 8
Bootstrap[39]: Time 1.877843 seconds, bootstrap likelihood -64175.529811, best rearrangement setting 7
Bootstrap[40]: Time 0.764983 seconds, bootstrap likelihood -64903.787566, best rearrangement setting 5
Bootstrap[41]: Time 4.988294 seconds, bootstrap likelihood -65070.303262, best rearrangement setting 13
Bootstrap[42]: Time 1.086626 seconds, bootstrap likelihood -64119.029132, best rearrangement setting 9
Bootstrap[43]: Time 1.012723 seconds, bootstrap likelihood -63677.385277, best rearrangement setting 8
Bootstrap[44]: Time 0.732147 seconds, bootstrap likelihood -65669.906545, best rearrangement setting 5
Bootstrap[45]: Time 0.926586 seconds, bootstrap likelihood -63899.904726, best rearrangement setting 6
Bootstrap[46]: Time 1.062288 seconds, bootstrap likelihood -64285.819779, best rearrangement setting 15
Bootstrap[47]: Time 1.101063 seconds, bootstrap likelihood -63948.473670, best rearrangement setting 12
Bootstrap[48]: Time 1.091276 seconds, bootstrap likelihood -64225.495804, best rearrangement setting 11
Bootstrap[49]: Time 0.999468 seconds, bootstrap likelihood -64679.658720, best rearrangement setting 7
Bootstrap[50]: Time 1.028300 seconds, bootstrap likelihood -64186.848848, best rearrangement setting 13
Bootstrap[51]: Time 1.130876 seconds, bootstrap likelihood -65201.972323, best rearrangement setting 8
Bootstrap[52]: Time 1.375768 seconds, bootstrap likelihood -64708.276144, best rearrangement setting 13
Bootstrap[53]: Time 0.847020 seconds, bootstrap likelihood -65059.786227, best rearrangement setting 6
Bootstrap[54]: Time 1.029704 seconds, bootstrap likelihood -65468.845377, best rearrangement setting 13
Bootstrap[55]: Time 1.345242 seconds, bootstrap likelihood -65043.354307, best rearrangement setting 7
Bootstrap[56]: Time 4.509681 seconds, bootstrap likelihood -64978.566728, best rearrangement setting 8
Bootstrap[57]: Time 0.909805 seconds, bootstrap likelihood -63720.807951, best rearrangement setting 15
Bootstrap[58]: Time 1.010672 seconds, bootstrap likelihood -63728.723610, best rearrangement setting 11
Bootstrap[59]: Time 1.016726 seconds, bootstrap likelihood -64974.817379, best rearrangement setting 8
Bootstrap[60]: Time 2.057105 seconds, bootstrap likelihood -64494.682063, best rearrangement setting 12
Bootstrap[61]: Time 1.028095 seconds, bootstrap likelihood -63677.775736, best rearrangement setting 7
Bootstrap[62]: Time 2.640345 seconds, bootstrap likelihood -63741.428266, best rearrangement setting 10
Bootstrap[63]: Time 0.984691 seconds, bootstrap likelihood -63166.942165, best rearrangement setting 15
Bootstrap[64]: Time 5.121932 seconds, bootstrap likelihood -65160.428669, best rearrangement setting 12
Bootstrap[65]: Time 1.007842 seconds, bootstrap likelihood -64304.036505, best rearrangement setting 8
Bootstrap[66]: Time 1.222871 seconds, bootstrap likelihood -63713.800761, best rearrangement setting 13
Bootstrap[67]: Time 1.178242 seconds, bootstrap likelihood -63499.364735, best rearrangement setting 13
Bootstrap[68]: Time 1.013276 seconds, bootstrap likelihood -63708.350775, best rearrangement setting 12
Bootstrap[69]: Time 0.931222 seconds, bootstrap likelihood -65045.218493, best rearrangement setting 12
Bootstrap[70]: Time 2.625174 seconds, bootstrap likelihood -63607.814740, best rearrangement setting 14
Bootstrap[71]: Time 1.102527 seconds, bootstrap likelihood -63417.609112, best rearrangement setting 14
Bootstrap[72]: Time 0.923837 seconds, bootstrap likelihood -63776.805188, best rearrangement setting 6
Bootstrap[73]: Time 2.286624 seconds, bootstrap likelihood -65639.419197, best rearrangement setting 13
Bootstrap[74]: Time 0.893489 seconds, bootstrap likelihood -63494.534452, best rearrangement setting 14
Bootstrap[75]: Time 0.786779 seconds, bootstrap likelihood -64631.507108, best rearrangement setting 5
Bootstrap[76]: Time 0.939090 seconds, bootstrap likelihood -64749.815966, best rearrangement setting 15
Bootstrap[77]: Time 0.762538 seconds, bootstrap likelihood -64154.238074, best rearrangement setting 5
Bootstrap[78]: Time 1.039057 seconds, bootstrap likelihood -65133.502119, best rearrangement setting 14
Bootstrap[79]: Time 0.920077 seconds, bootstrap likelihood -62779.912484, best rearrangement setting 6
Bootstrap[80]: Time 1.014065 seconds, bootstrap likelihood -64121.555442, best rearrangement setting 13
Bootstrap[81]: Time 1.862606 seconds, bootstrap likelihood -64561.651114, best rearrangement setting 10
Bootstrap[82]: Time 0.798302 seconds, bootstrap likelihood -64617.001370, best rearrangement setting 5
Bootstrap[83]: Time 4.594482 seconds, bootstrap likelihood -64452.655323, best rearrangement setting 14
Bootstrap[84]: Time 23.923697 seconds, bootstrap likelihood -65011.874960, best rearrangement setting 14
Bootstrap[85]: Time 1.002929 seconds, bootstrap likelihood -63916.554245, best rearrangement setting 13
Bootstrap[86]: Time 1.548936 seconds, bootstrap likelihood -65050.060485, best rearrangement setting 8
Bootstrap[87]: Time 1.027992 seconds, bootstrap likelihood -64639.639317, best rearrangement setting 14
Bootstrap[88]: Time 0.803293 seconds, bootstrap likelihood -63961.715504, best rearrangement setting 5
Bootstrap[89]: Time 0.850372 seconds, bootstrap likelihood -65900.390050, best rearrangement setting 5
Bootstrap[90]: Time 4.649377 seconds, bootstrap likelihood -63984.129954, best rearrangement setting 11
Bootstrap[91]: Time 0.812762 seconds, bootstrap likelihood -63687.985049, best rearrangement setting 5
Bootstrap[92]: Time 1.105387 seconds, bootstrap likelihood -64216.684159, best rearrangement setting 15
Bootstrap[93]: Time 1.002054 seconds, bootstrap likelihood -64819.496494, best rearrangement setting 8
Bootstrap[94]: Time 0.905289 seconds, bootstrap likelihood -63779.400715, best rearrangement setting 6
Bootstrap[95]: Time 2.365792 seconds, bootstrap likelihood -63529.938220, best rearrangement setting 13
Bootstrap[96]: Time 1.099733 seconds, bootstrap likelihood -64535.143352, best rearrangement setting 8
Bootstrap[97]: Time 0.924082 seconds, bootstrap likelihood -65223.751348, best rearrangement setting 9
Bootstrap[98]: Time 0.990570 seconds, bootstrap likelihood -64204.928204, best rearrangement setting 8
Bootstrap[99]: Time 0.808117 seconds, bootstrap likelihood -64335.633017, best rearrangement setting 5


Overall Time for 100 Rapid Bootstraps 163.284237 seconds
Average Time per Rapid Bootstrap 1.632842 seconds

Starting ML Search ...

Fast ML optimization finished

Fast ML search Time: 259.955749 seconds

Slow ML Search 0 Likelihood: -64561.705866
Slow ML Search 1 Likelihood: -64562.000823
Slow ML Search 2 Likelihood: -64562.000823
Slow ML Search 3 Likelihood: -64562.377000
Slow ML Search 4 Likelihood: -64563.981351
Slow ML Search 5 Likelihood: -64565.660007
Slow ML Search 6 Likelihood: -64566.967551
Slow ML Search 7 Likelihood: -64569.172594
Slow ML Search 8 Likelihood: -64569.361352
Slow ML Search 9 Likelihood: -64570.847054
Slow ML optimization finished

Slow ML search Time: 19.557975 seconds
Thorough ML search Time: 69.036188 seconds

Final ML Optimization Likelihood: -64561.705865

Model Information:

Model Parameters of Partition 0, Name: No Name Provided, Type of Data: DNA
alpha: 0.331149
Tree-Length: 2.964793
rate A <-> C: 2.296343
rate A <-> G: 5.583621
rate A <-> T: 0.943827
rate C <-> G: 0.963280
rate C <-> T: 6.486380
rate G <-> T: 1.000000

freq pi(A): 0.369927
freq pi(C): 0.174290
freq pi(G): 0.234237
freq pi(T): 0.221547


ML search took 348.563698 secs or 0.096823 hours

Combined Bootstrap and ML search took 511.848041 secs or 0.142180 hours

Drawing Bootstrap Support Values on best-scoring ML tree ...



Found 1 tree in File /gpfs_home/mhowison/code/hiv-profile-sampling/scratch/trees/gag-pol-env/RAxML_bestTree.sample.491



Found 1 tree in File /gpfs_home/mhowison/code/hiv-profile-sampling/scratch/trees/gag-pol-env/RAxML_bestTree.sample.491

Program execution info written to /gpfs_home/mhowison/code/hiv-profile-sampling/scratch/trees/gag-pol-env/RAxML_info.sample.491
All 100 bootstrapped trees written to: /gpfs_home/mhowison/code/hiv-profile-sampling/scratch/trees/gag-pol-env/RAxML_bootstrap.sample.491

Best-scoring ML tree written to: /gpfs_home/mhowison/code/hiv-profile-sampling/scratch/trees/gag-pol-env/RAxML_bestTree.sample.491

Best-scoring ML tree with support values written to: /gpfs_home/mhowison/code/hiv-profile-sampling/scratch/trees/gag-pol-env/RAxML_bipartitions.sample.491

Best-scoring ML tree with support values as branch labels written to: /gpfs_home/mhowison/code/hiv-profile-sampling/scratch/trees/gag-pol-env/RAxML_bipartitionsBranchLabels.sample.491

Overall execution time for full ML analysis: 511.856005 secs or 0.142182 hours or 0.005924 days

