srun: job 264263 queued and waiting for resources
srun: job 264263 has been allocated resources
Warning, you specified a working directory via "-w"
Keep in mind that RAxML only accepts absolute path names, not relative ones!

RAxML can't, parse the alignment file as phylip file 
it will now try to parse it as FASTA file



Using BFGS method to optimize GTR rate parameters, to disable this specify "--no-bfgs" 


This is the RAxML Master Pthread

This is RAxML Worker Pthread Number: 2

This is RAxML Worker Pthread Number: 5

This is RAxML Worker Pthread Number: 1

This is RAxML Worker Pthread Number: 6

This is RAxML Worker Pthread Number: 3

This is RAxML Worker Pthread Number: 4

This is RAxML Worker Pthread Number: 8

This is RAxML Worker Pthread Number: 7

This is RAxML Worker Pthread Number: 9

This is RAxML Worker Pthread Number: 10

This is RAxML Worker Pthread Number: 12

This is RAxML Worker Pthread Number: 11

This is RAxML Worker Pthread Number: 13

This is RAxML Worker Pthread Number: 15

This is RAxML Worker Pthread Number: 14

This is RAxML Worker Pthread Number: 17

This is RAxML Worker Pthread Number: 16

This is RAxML Worker Pthread Number: 18

This is RAxML Worker Pthread Number: 19


This is RAxML version 8.2.12 released by Alexandros Stamatakis on May 2018.

With greatly appreciated code contributions by:
Andre Aberer      (HITS)
Simon Berger      (HITS)
Alexey Kozlov     (HITS)
Kassian Kobert    (HITS)
David Dao         (KIT and HITS)
Sarah Lutteropp   (KIT and HITS)
Nick Pattengale   (Sandia)
Wayne Pfeiffer    (SDSC)
Akifumi S. Tanabe (NRIFS)
Charlie Taylor    (UF)


Alignment has 3179 distinct alignment patterns

Proportion of gaps and completely undetermined characters in this alignment: 6.11%

RAxML rapid bootstrapping and subsequent ML search

Using 1 distinct models/data partitions with joint branch length optimization



Executing 100 rapid bootstrap inferences and thereafter a thorough ML search 

All free model parameters will be estimated by RAxML
GAMMA model of rate heterogeneity, ML estimate of alpha-parameter

GAMMA Model parameters will be estimated up to an accuracy of 0.1000000000 Log Likelihood units

Partition: 0
Alignment Patterns: 3179
Name: No Name Provided
DataType: DNA
Substitution Matrix: GTR




RAxML was called as follows:

raxmlHPC-PTHREADS-AVX -T 20 -s scratch/aligned/gag-pol-env/sample.233.fa -p 7648359277 -x 7648359277 -f a -N 100 -m GTRGAMMA -w /gpfs_home/mhowison/code/hiv-profile-sampling/scratch/trees/gag-pol-env -n sample.233 



Time for BS model parameter optimization 0.177167
Bootstrap[0]: Time 1.415462 seconds, bootstrap likelihood -64065.599484, best rearrangement setting 7
Bootstrap[1]: Time 1.325385 seconds, bootstrap likelihood -63931.782047, best rearrangement setting 13
Bootstrap[2]: Time 1.238024 seconds, bootstrap likelihood -64068.684990, best rearrangement setting 13
Bootstrap[3]: Time 1.395373 seconds, bootstrap likelihood -64667.425732, best rearrangement setting 11
Bootstrap[4]: Time 1.344974 seconds, bootstrap likelihood -63876.951338, best rearrangement setting 9
Bootstrap[5]: Time 1.295686 seconds, bootstrap likelihood -64863.682519, best rearrangement setting 13
Bootstrap[6]: Time 1.268596 seconds, bootstrap likelihood -64381.540192, best rearrangement setting 11
Bootstrap[7]: Time 1.412743 seconds, bootstrap likelihood -64613.185339, best rearrangement setting 9
Bootstrap[8]: Time 1.033711 seconds, bootstrap likelihood -63352.353422, best rearrangement setting 5
Bootstrap[9]: Time 1.416649 seconds, bootstrap likelihood -64340.850956, best rearrangement setting 11
Bootstrap[10]: Time 1.515090 seconds, bootstrap likelihood -65393.221310, best rearrangement setting 13
Bootstrap[11]: Time 1.172290 seconds, bootstrap likelihood -63144.540488, best rearrangement setting 11
Bootstrap[12]: Time 1.343591 seconds, bootstrap likelihood -65232.835604, best rearrangement setting 8
Bootstrap[13]: Time 1.211454 seconds, bootstrap likelihood -63996.373567, best rearrangement setting 6
Bootstrap[14]: Time 1.121112 seconds, bootstrap likelihood -62967.478157, best rearrangement setting 14
Bootstrap[15]: Time 1.403416 seconds, bootstrap likelihood -64984.916533, best rearrangement setting 9
Bootstrap[16]: Time 1.372751 seconds, bootstrap likelihood -63592.900098, best rearrangement setting 8
Bootstrap[17]: Time 1.300246 seconds, bootstrap likelihood -63573.114970, best rearrangement setting 14
Bootstrap[18]: Time 1.233958 seconds, bootstrap likelihood -63638.895705, best rearrangement setting 13
Bootstrap[19]: Time 1.425389 seconds, bootstrap likelihood -64483.809687, best rearrangement setting 13
Bootstrap[20]: Time 1.357020 seconds, bootstrap likelihood -64656.725576, best rearrangement setting 14
Bootstrap[21]: Time 5.202884 seconds, bootstrap likelihood -64740.253110, best rearrangement setting 8
Bootstrap[22]: Time 1.312493 seconds, bootstrap likelihood -62673.076177, best rearrangement setting 14
Bootstrap[23]: Time 0.974009 seconds, bootstrap likelihood -63338.906192, best rearrangement setting 5
Bootstrap[24]: Time 1.454153 seconds, bootstrap likelihood -64821.650497, best rearrangement setting 12
Bootstrap[25]: Time 1.385949 seconds, bootstrap likelihood -64749.173202, best rearrangement setting 13
Bootstrap[26]: Time 1.404896 seconds, bootstrap likelihood -63625.994367, best rearrangement setting 10
Bootstrap[27]: Time 1.071741 seconds, bootstrap likelihood -65228.209008, best rearrangement setting 6
Bootstrap[28]: Time 1.241086 seconds, bootstrap likelihood -65121.406894, best rearrangement setting 13
Bootstrap[29]: Time 1.078893 seconds, bootstrap likelihood -62526.576312, best rearrangement setting 5
Bootstrap[30]: Time 1.877138 seconds, bootstrap likelihood -64283.443111, best rearrangement setting 14
Bootstrap[31]: Time 1.339190 seconds, bootstrap likelihood -64901.969797, best rearrangement setting 15
Bootstrap[32]: Time 1.276729 seconds, bootstrap likelihood -63408.492144, best rearrangement setting 9
Bootstrap[33]: Time 1.323187 seconds, bootstrap likelihood -63083.710535, best rearrangement setting 8
Bootstrap[34]: Time 1.380276 seconds, bootstrap likelihood -63496.553977, best rearrangement setting 8
Bootstrap[35]: Time 1.458362 seconds, bootstrap likelihood -65023.340441, best rearrangement setting 14
Bootstrap[36]: Time 1.356642 seconds, bootstrap likelihood -63834.190506, best rearrangement setting 13
Bootstrap[37]: Time 1.391580 seconds, bootstrap likelihood -67147.672705, best rearrangement setting 11
Bootstrap[38]: Time 1.315282 seconds, bootstrap likelihood -65311.635402, best rearrangement setting 13
Bootstrap[39]: Time 1.494494 seconds, bootstrap likelihood -63040.926646, best rearrangement setting 12
Bootstrap[40]: Time 1.297919 seconds, bootstrap likelihood -63799.899776, best rearrangement setting 9
Bootstrap[41]: Time 1.726722 seconds, bootstrap likelihood -64882.428651, best rearrangement setting 10
Bootstrap[42]: Time 1.247872 seconds, bootstrap likelihood -63703.356869, best rearrangement setting 14
Bootstrap[43]: Time 1.410953 seconds, bootstrap likelihood -66031.755243, best rearrangement setting 14
Bootstrap[44]: Time 1.228169 seconds, bootstrap likelihood -63653.921134, best rearrangement setting 13
Bootstrap[45]: Time 1.417130 seconds, bootstrap likelihood -63774.375600, best rearrangement setting 13
Bootstrap[46]: Time 1.503339 seconds, bootstrap likelihood -64261.357688, best rearrangement setting 13
Bootstrap[47]: Time 1.016617 seconds, bootstrap likelihood -63064.978416, best rearrangement setting 5
Bootstrap[48]: Time 1.328535 seconds, bootstrap likelihood -66100.645053, best rearrangement setting 11
Bootstrap[49]: Time 1.287895 seconds, bootstrap likelihood -63407.234349, best rearrangement setting 9
Bootstrap[50]: Time 1.449525 seconds, bootstrap likelihood -65339.449688, best rearrangement setting 10
Bootstrap[51]: Time 1.200362 seconds, bootstrap likelihood -64893.653335, best rearrangement setting 11
Bootstrap[52]: Time 6.884179 seconds, bootstrap likelihood -64751.719286, best rearrangement setting 7
Bootstrap[53]: Time 1.102354 seconds, bootstrap likelihood -64636.649999, best rearrangement setting 8
Bootstrap[54]: Time 1.346223 seconds, bootstrap likelihood -62667.365924, best rearrangement setting 13
Bootstrap[55]: Time 1.320747 seconds, bootstrap likelihood -64504.405569, best rearrangement setting 8
Bootstrap[56]: Time 1.348212 seconds, bootstrap likelihood -65800.389950, best rearrangement setting 12
Bootstrap[57]: Time 1.180936 seconds, bootstrap likelihood -66055.397618, best rearrangement setting 7
Bootstrap[58]: Time 1.084346 seconds, bootstrap likelihood -64775.601747, best rearrangement setting 6
Bootstrap[59]: Time 1.810641 seconds, bootstrap likelihood -63807.454538, best rearrangement setting 12
Bootstrap[60]: Time 1.453697 seconds, bootstrap likelihood -64619.482156, best rearrangement setting 12
Bootstrap[61]: Time 1.314306 seconds, bootstrap likelihood -63849.701806, best rearrangement setting 15
Bootstrap[62]: Time 0.975619 seconds, bootstrap likelihood -63914.677384, best rearrangement setting 5
Bootstrap[63]: Time 1.438308 seconds, bootstrap likelihood -64255.699139, best rearrangement setting 15
Bootstrap[64]: Time 1.326423 seconds, bootstrap likelihood -65195.793089, best rearrangement setting 13
Bootstrap[65]: Time 1.394445 seconds, bootstrap likelihood -64760.939010, best rearrangement setting 12
Bootstrap[66]: Time 1.456172 seconds, bootstrap likelihood -63481.191877, best rearrangement setting 14
Bootstrap[67]: Time 1.237120 seconds, bootstrap likelihood -64082.470803, best rearrangement setting 12
Bootstrap[68]: Time 1.110962 seconds, bootstrap likelihood -63994.365819, best rearrangement setting 6
Bootstrap[69]: Time 1.303412 seconds, bootstrap likelihood -63627.254201, best rearrangement setting 15
Bootstrap[70]: Time 1.374794 seconds, bootstrap likelihood -64914.637186, best rearrangement setting 12
Bootstrap[71]: Time 5.984199 seconds, bootstrap likelihood -63990.004471, best rearrangement setting 8
Bootstrap[72]: Time 1.373705 seconds, bootstrap likelihood -63034.869680, best rearrangement setting 8
Bootstrap[73]: Time 1.000652 seconds, bootstrap likelihood -65325.630780, best rearrangement setting 5
Bootstrap[74]: Time 1.430326 seconds, bootstrap likelihood -64890.173074, best rearrangement setting 10
Bootstrap[75]: Time 1.248431 seconds, bootstrap likelihood -65449.092921, best rearrangement setting 15
Bootstrap[76]: Time 1.299545 seconds, bootstrap likelihood -62798.393531, best rearrangement setting 11
Bootstrap[77]: Time 1.194360 seconds, bootstrap likelihood -63875.810931, best rearrangement setting 11
Bootstrap[78]: Time 1.763018 seconds, bootstrap likelihood -63778.075421, best rearrangement setting 14
Bootstrap[79]: Time 1.408692 seconds, bootstrap likelihood -63411.574469, best rearrangement setting 14
Bootstrap[80]: Time 1.323088 seconds, bootstrap likelihood -63656.538920, best rearrangement setting 13
Bootstrap[81]: Time 0.965278 seconds, bootstrap likelihood -64755.113485, best rearrangement setting 5
Bootstrap[82]: Time 1.094451 seconds, bootstrap likelihood -63882.145209, best rearrangement setting 6
Bootstrap[83]: Time 1.016900 seconds, bootstrap likelihood -63687.625124, best rearrangement setting 5
Bootstrap[84]: Time 1.363163 seconds, bootstrap likelihood -64749.546844, best rearrangement setting 10
Bootstrap[85]: Time 1.275996 seconds, bootstrap likelihood -64747.446836, best rearrangement setting 11
Bootstrap[86]: Time 1.306599 seconds, bootstrap likelihood -64485.379844, best rearrangement setting 14
Bootstrap[87]: Time 1.360009 seconds, bootstrap likelihood -64164.279740, best rearrangement setting 10
Bootstrap[88]: Time 1.070766 seconds, bootstrap likelihood -63723.413197, best rearrangement setting 5
Bootstrap[89]: Time 1.527899 seconds, bootstrap likelihood -63935.714745, best rearrangement setting 15
Bootstrap[90]: Time 1.169589 seconds, bootstrap likelihood -64202.219453, best rearrangement setting 6
Bootstrap[91]: Time 3.964994 seconds, bootstrap likelihood -65466.854909, best rearrangement setting 15
Bootstrap[92]: Time 1.062295 seconds, bootstrap likelihood -63312.930940, best rearrangement setting 5
Bootstrap[93]: Time 1.367912 seconds, bootstrap likelihood -62544.423094, best rearrangement setting 12
Bootstrap[94]: Time 1.324373 seconds, bootstrap likelihood -64791.208985, best rearrangement setting 13
Bootstrap[95]: Time 1.275746 seconds, bootstrap likelihood -62110.143364, best rearrangement setting 7
Bootstrap[96]: Time 1.380650 seconds, bootstrap likelihood -64221.180600, best rearrangement setting 15
Bootstrap[97]: Time 1.287263 seconds, bootstrap likelihood -63777.607023, best rearrangement setting 7
Bootstrap[98]: Time 1.198060 seconds, bootstrap likelihood -65161.801510, best rearrangement setting 6
Bootstrap[99]: Time 1.102200 seconds, bootstrap likelihood -63308.703297, best rearrangement setting 6


Overall Time for 100 Rapid Bootstraps 147.730074 seconds
Average Time per Rapid Bootstrap 1.477301 seconds

Starting ML Search ...

Fast ML optimization finished

Fast ML search Time: 115.663829 seconds

Slow ML Search 0 Likelihood: -64362.375143
Slow ML Search 1 Likelihood: -64365.863484
Slow ML Search 2 Likelihood: -64368.703545
Slow ML Search 3 Likelihood: -64371.274649
Slow ML Search 4 Likelihood: -64372.876299
Slow ML Search 5 Likelihood: -64372.926066
Slow ML Search 6 Likelihood: -64373.570710
Slow ML Search 7 Likelihood: -64373.593597
Slow ML Search 8 Likelihood: -64374.855676
Slow ML Search 9 Likelihood: -64376.153620
Slow ML optimization finished

Slow ML search Time: 19.666172 seconds
Thorough ML search Time: 2.630747 seconds

Final ML Optimization Likelihood: -64362.375140

Model Information:

Model Parameters of Partition 0, Name: No Name Provided, Type of Data: DNA
alpha: 0.328595
Tree-Length: 3.049515
rate A <-> C: 2.206386
rate A <-> G: 5.469530
rate A <-> T: 0.901248
rate C <-> G: 0.943769
rate C <-> T: 6.316982
rate G <-> T: 1.000000

freq pi(A): 0.369730
freq pi(C): 0.174368
freq pi(G): 0.234413
freq pi(T): 0.221490


ML search took 137.966612 secs or 0.038324 hours

Combined Bootstrap and ML search took 285.696831 secs or 0.079360 hours

Drawing Bootstrap Support Values on best-scoring ML tree ...



Found 1 tree in File /gpfs_home/mhowison/code/hiv-profile-sampling/scratch/trees/gag-pol-env/RAxML_bestTree.sample.233



Found 1 tree in File /gpfs_home/mhowison/code/hiv-profile-sampling/scratch/trees/gag-pol-env/RAxML_bestTree.sample.233

Program execution info written to /gpfs_home/mhowison/code/hiv-profile-sampling/scratch/trees/gag-pol-env/RAxML_info.sample.233
All 100 bootstrapped trees written to: /gpfs_home/mhowison/code/hiv-profile-sampling/scratch/trees/gag-pol-env/RAxML_bootstrap.sample.233

Best-scoring ML tree written to: /gpfs_home/mhowison/code/hiv-profile-sampling/scratch/trees/gag-pol-env/RAxML_bestTree.sample.233

Best-scoring ML tree with support values written to: /gpfs_home/mhowison/code/hiv-profile-sampling/scratch/trees/gag-pol-env/RAxML_bipartitions.sample.233

Best-scoring ML tree with support values as branch labels written to: /gpfs_home/mhowison/code/hiv-profile-sampling/scratch/trees/gag-pol-env/RAxML_bipartitionsBranchLabels.sample.233

Overall execution time for full ML analysis: 285.701109 secs or 0.079361 hours or 0.003307 days

