srun: job 264050 queued and waiting for resources
srun: job 264050 has been allocated resources
Warning, you specified a working directory via "-w"
Keep in mind that RAxML only accepts absolute path names, not relative ones!

RAxML can't, parse the alignment file as phylip file 
it will now try to parse it as FASTA file



Using BFGS method to optimize GTR rate parameters, to disable this specify "--no-bfgs" 


This is the RAxML Master Pthread

This is RAxML Worker Pthread Number: 4

This is RAxML Worker Pthread Number: 2

This is RAxML Worker Pthread Number: 1

This is RAxML Worker Pthread Number: 3

This is RAxML Worker Pthread Number: 6

This is RAxML Worker Pthread Number: 5

This is RAxML Worker Pthread Number: 7

This is RAxML Worker Pthread Number: 8

This is RAxML Worker Pthread Number: 9

This is RAxML Worker Pthread Number: 12

This is RAxML Worker Pthread Number: 11

This is RAxML Worker Pthread Number: 10

This is RAxML Worker Pthread Number: 13

This is RAxML Worker Pthread Number: 14

This is RAxML Worker Pthread Number: 16

This is RAxML Worker Pthread Number: 15

This is RAxML Worker Pthread Number: 17

This is RAxML Worker Pthread Number: 18

This is RAxML Worker Pthread Number: 19


This is RAxML version 8.2.12 released by Alexandros Stamatakis on May 2018.

With greatly appreciated code contributions by:
Andre Aberer      (HITS)
Simon Berger      (HITS)
Alexey Kozlov     (HITS)
Kassian Kobert    (HITS)
David Dao         (KIT and HITS)
Sarah Lutteropp   (KIT and HITS)
Nick Pattengale   (Sandia)
Wayne Pfeiffer    (SDSC)
Akifumi S. Tanabe (NRIFS)
Charlie Taylor    (UF)


Alignment has 3188 distinct alignment patterns

Proportion of gaps and completely undetermined characters in this alignment: 6.11%

RAxML rapid bootstrapping and subsequent ML search

Using 1 distinct models/data partitions with joint branch length optimization



Executing 100 rapid bootstrap inferences and thereafter a thorough ML search 

All free model parameters will be estimated by RAxML
GAMMA model of rate heterogeneity, ML estimate of alpha-parameter

GAMMA Model parameters will be estimated up to an accuracy of 0.1000000000 Log Likelihood units

Partition: 0
Alignment Patterns: 3188
Name: No Name Provided
DataType: DNA
Substitution Matrix: GTR




RAxML was called as follows:

raxmlHPC-PTHREADS-AVX -T 20 -s scratch/aligned/gag-pol-env/sample.176.fa -p 3989621701 -x 3989621701 -f a -N 100 -m GTRGAMMA -w /gpfs_home/mhowison/code/hiv-profile-sampling/scratch/trees/gag-pol-env -n sample.176 



Time for BS model parameter optimization 0.179020
Bootstrap[0]: Time 5.635461 seconds, bootstrap likelihood -63078.488921, best rearrangement setting 11
Bootstrap[1]: Time 1.277487 seconds, bootstrap likelihood -63878.227412, best rearrangement setting 14
Bootstrap[2]: Time 0.939562 seconds, bootstrap likelihood -64934.433919, best rearrangement setting 6
Bootstrap[3]: Time 1.167830 seconds, bootstrap likelihood -65502.330923, best rearrangement setting 12
Bootstrap[4]: Time 1.168414 seconds, bootstrap likelihood -65950.067085, best rearrangement setting 15
Bootstrap[5]: Time 1.092848 seconds, bootstrap likelihood -63473.080690, best rearrangement setting 9
Bootstrap[6]: Time 1.216947 seconds, bootstrap likelihood -63982.103612, best rearrangement setting 15
Bootstrap[7]: Time 1.265614 seconds, bootstrap likelihood -63381.253414, best rearrangement setting 13
Bootstrap[8]: Time 1.282268 seconds, bootstrap likelihood -63408.970261, best rearrangement setting 14
Bootstrap[9]: Time 1.273645 seconds, bootstrap likelihood -63767.824458, best rearrangement setting 11
Bootstrap[10]: Time 1.226496 seconds, bootstrap likelihood -65118.729126, best rearrangement setting 15
Bootstrap[11]: Time 1.592648 seconds, bootstrap likelihood -63198.947322, best rearrangement setting 11
Bootstrap[12]: Time 0.973953 seconds, bootstrap likelihood -64205.913105, best rearrangement setting 6
Bootstrap[13]: Time 1.206714 seconds, bootstrap likelihood -62496.416742, best rearrangement setting 12
Bootstrap[14]: Time 1.074813 seconds, bootstrap likelihood -63275.744873, best rearrangement setting 7
Bootstrap[15]: Time 1.245738 seconds, bootstrap likelihood -63551.378023, best rearrangement setting 9
Bootstrap[16]: Time 1.192730 seconds, bootstrap likelihood -64557.583374, best rearrangement setting 15
Bootstrap[17]: Time 1.209052 seconds, bootstrap likelihood -65412.090416, best rearrangement setting 14
Bootstrap[18]: Time 3.793051 seconds, bootstrap likelihood -64274.675831, best rearrangement setting 14
Bootstrap[19]: Time 0.942891 seconds, bootstrap likelihood -64634.685302, best rearrangement setting 5
Bootstrap[20]: Time 1.227967 seconds, bootstrap likelihood -62747.769712, best rearrangement setting 10
Bootstrap[21]: Time 1.179092 seconds, bootstrap likelihood -62877.231678, best rearrangement setting 14
Bootstrap[22]: Time 1.078011 seconds, bootstrap likelihood -63619.209072, best rearrangement setting 14
Bootstrap[23]: Time 3.079062 seconds, bootstrap likelihood -63718.125315, best rearrangement setting 9
Bootstrap[24]: Time 1.045957 seconds, bootstrap likelihood -63998.701889, best rearrangement setting 15
Bootstrap[25]: Time 20.642535 seconds, bootstrap likelihood -64423.549633, best rearrangement setting 13
Bootstrap[26]: Time 50.193434 seconds, bootstrap likelihood -62853.776822, best rearrangement setting 15
Bootstrap[27]: Time 1.270096 seconds, bootstrap likelihood -65266.282995, best rearrangement setting 10
Bootstrap[28]: Time 1.171939 seconds, bootstrap likelihood -63171.719207, best rearrangement setting 7
Bootstrap[29]: Time 1.120454 seconds, bootstrap likelihood -64250.481801, best rearrangement setting 9
Bootstrap[30]: Time 0.914762 seconds, bootstrap likelihood -64167.388128, best rearrangement setting 5
Bootstrap[31]: Time 1.259501 seconds, bootstrap likelihood -63738.187320, best rearrangement setting 14
Bootstrap[32]: Time 1.167023 seconds, bootstrap likelihood -64432.162310, best rearrangement setting 14
Bootstrap[33]: Time 8.766245 seconds, bootstrap likelihood -64058.435599, best rearrangement setting 12
Bootstrap[34]: Time 1.222756 seconds, bootstrap likelihood -64932.398438, best rearrangement setting 14
Bootstrap[35]: Time 3.625635 seconds, bootstrap likelihood -63555.734141, best rearrangement setting 9
Bootstrap[36]: Time 0.917378 seconds, bootstrap likelihood -65258.191656, best rearrangement setting 6
Bootstrap[37]: Time 1.085511 seconds, bootstrap likelihood -64525.559676, best rearrangement setting 6
Bootstrap[38]: Time 2.599740 seconds, bootstrap likelihood -65184.977242, best rearrangement setting 12
Bootstrap[39]: Time 1.191688 seconds, bootstrap likelihood -65060.016607, best rearrangement setting 10
Bootstrap[40]: Time 87.649799 seconds, bootstrap likelihood -64560.790333, best rearrangement setting 13
Bootstrap[41]: Time 1.258947 seconds, bootstrap likelihood -64878.866031, best rearrangement setting 15
Bootstrap[42]: Time 3.734856 seconds, bootstrap likelihood -62498.369207, best rearrangement setting 8
Bootstrap[43]: Time 1.061439 seconds, bootstrap likelihood -63717.421938, best rearrangement setting 14
Bootstrap[44]: Time 3.859802 seconds, bootstrap likelihood -64336.678908, best rearrangement setting 7
Bootstrap[45]: Time 1.250929 seconds, bootstrap likelihood -62977.695378, best rearrangement setting 12
Bootstrap[46]: Time 3.193463 seconds, bootstrap likelihood -65320.717748, best rearrangement setting 11
Bootstrap[47]: Time 3.302906 seconds, bootstrap likelihood -64388.155648, best rearrangement setting 13
Bootstrap[48]: Time 1.112780 seconds, bootstrap likelihood -64189.197190, best rearrangement setting 12
Bootstrap[49]: Time 1.076206 seconds, bootstrap likelihood -63271.504103, best rearrangement setting 8
Bootstrap[50]: Time 1.183551 seconds, bootstrap likelihood -65241.710858, best rearrangement setting 11
Bootstrap[51]: Time 0.982652 seconds, bootstrap likelihood -63345.480841, best rearrangement setting 14
Bootstrap[52]: Time 1.237789 seconds, bootstrap likelihood -64503.928595, best rearrangement setting 14
Bootstrap[53]: Time 1.203317 seconds, bootstrap likelihood -66719.107957, best rearrangement setting 13
Bootstrap[54]: Time 1.086779 seconds, bootstrap likelihood -64851.134137, best rearrangement setting 9
Bootstrap[55]: Time 0.972297 seconds, bootstrap likelihood -62829.786975, best rearrangement setting 8
Bootstrap[56]: Time 1.120586 seconds, bootstrap likelihood -65346.295191, best rearrangement setting 12
Bootstrap[57]: Time 106.659297 seconds, bootstrap likelihood -63093.668790, best rearrangement setting 15
Bootstrap[58]: Time 8.073279 seconds, bootstrap likelihood -65320.798808, best rearrangement setting 11
Bootstrap[59]: Time 1.230385 seconds, bootstrap likelihood -63884.196575, best rearrangement setting 15
Bootstrap[60]: Time 1.139685 seconds, bootstrap likelihood -64268.306498, best rearrangement setting 10
Bootstrap[61]: Time 0.977460 seconds, bootstrap likelihood -64086.597627, best rearrangement setting 6
Bootstrap[62]: Time 1.159562 seconds, bootstrap likelihood -62789.686059, best rearrangement setting 10
Bootstrap[63]: Time 3.183035 seconds, bootstrap likelihood -64139.959735, best rearrangement setting 8
Bootstrap[64]: Time 1.147054 seconds, bootstrap likelihood -65431.485462, best rearrangement setting 14
Bootstrap[65]: Time 1.231103 seconds, bootstrap likelihood -64662.866566, best rearrangement setting 13
Bootstrap[66]: Time 1.198536 seconds, bootstrap likelihood -64041.732984, best rearrangement setting 10
Bootstrap[67]: Time 2.852908 seconds, bootstrap likelihood -64122.938644, best rearrangement setting 7
Bootstrap[68]: Time 1.037128 seconds, bootstrap likelihood -64925.947476, best rearrangement setting 10
Bootstrap[69]: Time 0.919354 seconds, bootstrap likelihood -62937.471225, best rearrangement setting 5
Bootstrap[70]: Time 0.927233 seconds, bootstrap likelihood -65293.010949, best rearrangement setting 5
Bootstrap[71]: Time 1.338812 seconds, bootstrap likelihood -64929.929258, best rearrangement setting 13
Bootstrap[72]: Time 1.133297 seconds, bootstrap likelihood -66333.003626, best rearrangement setting 8
Bootstrap[73]: Time 1.234771 seconds, bootstrap likelihood -63817.668088, best rearrangement setting 13
Bootstrap[74]: Time 1.266411 seconds, bootstrap likelihood -65907.071826, best rearrangement setting 10
Bootstrap[75]: Time 2.134815 seconds, bootstrap likelihood -63712.992905, best rearrangement setting 10
Bootstrap[76]: Time 5.442116 seconds, bootstrap likelihood -61966.171700, best rearrangement setting 10
Bootstrap[77]: Time 0.995594 seconds, bootstrap likelihood -63468.518291, best rearrangement setting 9
Bootstrap[78]: Time 0.917438 seconds, bootstrap likelihood -63690.384687, best rearrangement setting 11
Bootstrap[79]: Time 169.915085 seconds, bootstrap likelihood -63368.912977, best rearrangement setting 8
Bootstrap[80]: Time 1.077395 seconds, bootstrap likelihood -64461.647011, best rearrangement setting 10
Bootstrap[81]: Time 1.086311 seconds, bootstrap likelihood -62699.144549, best rearrangement setting 11
Bootstrap[82]: Time 0.890541 seconds, bootstrap likelihood -64207.997956, best rearrangement setting 5
Bootstrap[83]: Time 1.141878 seconds, bootstrap likelihood -62945.574042, best rearrangement setting 9
Bootstrap[84]: Time 1.093826 seconds, bootstrap likelihood -64064.017710, best rearrangement setting 7
Bootstrap[85]: Time 0.908523 seconds, bootstrap likelihood -64536.468750, best rearrangement setting 5
Bootstrap[86]: Time 1.211096 seconds, bootstrap likelihood -62026.502248, best rearrangement setting 12
Bootstrap[87]: Time 1.281269 seconds, bootstrap likelihood -64744.401365, best rearrangement setting 11
Bootstrap[88]: Time 0.978050 seconds, bootstrap likelihood -63558.394814, best rearrangement setting 8
Bootstrap[89]: Time 1.216192 seconds, bootstrap likelihood -64749.366403, best rearrangement setting 12
Bootstrap[90]: Time 1.117929 seconds, bootstrap likelihood -64233.749330, best rearrangement setting 15
Bootstrap[91]: Time 1.263286 seconds, bootstrap likelihood -63299.739078, best rearrangement setting 14
Bootstrap[92]: Time 1.110531 seconds, bootstrap likelihood -63035.273082, best rearrangement setting 13
Bootstrap[93]: Time 7.574173 seconds, bootstrap likelihood -63476.579821, best rearrangement setting 11
Bootstrap[94]: Time 1.108660 seconds, bootstrap likelihood -64936.423995, best rearrangement setting 14
Bootstrap[95]: Time 1.342280 seconds, bootstrap likelihood -63860.723130, best rearrangement setting 15
Bootstrap[96]: Time 1.147983 seconds, bootstrap likelihood -63733.523828, best rearrangement setting 9
Bootstrap[97]: Time 1.212434 seconds, bootstrap likelihood -64154.946478, best rearrangement setting 8
Bootstrap[98]: Time 1.085215 seconds, bootstrap likelihood -64552.380386, best rearrangement setting 7
Bootstrap[99]: Time 1.075824 seconds, bootstrap likelihood -63686.706473, best rearrangement setting 13


Overall Time for 100 Rapid Bootstraps 596.034360 seconds
Average Time per Rapid Bootstrap 5.960344 seconds

Starting ML Search ...

Fast ML optimization finished

Fast ML search Time: 331.838292 seconds

Slow ML Search 0 Likelihood: -64458.105251
Slow ML Search 1 Likelihood: -64458.105251
Slow ML Search 2 Likelihood: -64458.154911
Slow ML Search 3 Likelihood: -64459.271760
Slow ML Search 4 Likelihood: -64460.654920
Slow ML Search 5 Likelihood: -64464.014842
Slow ML Search 6 Likelihood: -64464.537106
Slow ML Search 7 Likelihood: -64466.761082
Slow ML Search 8 Likelihood: -64467.388907
Slow ML Search 9 Likelihood: -64470.147449
Slow ML optimization finished

Slow ML search Time: 37.098592 seconds
Thorough ML search Time: 2.057919 seconds

Final ML Optimization Likelihood: -64458.105248

Model Information:

Model Parameters of Partition 0, Name: No Name Provided, Type of Data: DNA
alpha: 0.331612
Tree-Length: 3.013014
rate A <-> C: 2.170231
rate A <-> G: 5.430745
rate A <-> T: 0.848790
rate C <-> G: 0.920949
rate C <-> T: 6.159521
rate G <-> T: 1.000000

freq pi(A): 0.370007
freq pi(C): 0.174307
freq pi(G): 0.234225
freq pi(T): 0.221461


ML search took 371.000371 secs or 0.103056 hours

Combined Bootstrap and ML search took 967.034893 secs or 0.268621 hours

Drawing Bootstrap Support Values on best-scoring ML tree ...



Found 1 tree in File /gpfs_home/mhowison/code/hiv-profile-sampling/scratch/trees/gag-pol-env/RAxML_bestTree.sample.176



Found 1 tree in File /gpfs_home/mhowison/code/hiv-profile-sampling/scratch/trees/gag-pol-env/RAxML_bestTree.sample.176

Program execution info written to /gpfs_home/mhowison/code/hiv-profile-sampling/scratch/trees/gag-pol-env/RAxML_info.sample.176
All 100 bootstrapped trees written to: /gpfs_home/mhowison/code/hiv-profile-sampling/scratch/trees/gag-pol-env/RAxML_bootstrap.sample.176

Best-scoring ML tree written to: /gpfs_home/mhowison/code/hiv-profile-sampling/scratch/trees/gag-pol-env/RAxML_bestTree.sample.176

Best-scoring ML tree with support values written to: /gpfs_home/mhowison/code/hiv-profile-sampling/scratch/trees/gag-pol-env/RAxML_bipartitions.sample.176

Best-scoring ML tree with support values as branch labels written to: /gpfs_home/mhowison/code/hiv-profile-sampling/scratch/trees/gag-pol-env/RAxML_bipartitionsBranchLabels.sample.176

Overall execution time for full ML analysis: 967.038931 secs or 0.268622 hours or 0.011193 days

