srun: job 264544 queued and waiting for resources
srun: job 264544 has been allocated resources
Warning, you specified a working directory via "-w"
Keep in mind that RAxML only accepts absolute path names, not relative ones!

RAxML can't, parse the alignment file as phylip file 
it will now try to parse it as FASTA file



Using BFGS method to optimize GTR rate parameters, to disable this specify "--no-bfgs" 


This is the RAxML Master Pthread

This is RAxML Worker Pthread Number: 2

This is RAxML Worker Pthread Number: 4

This is RAxML Worker Pthread Number: 3

This is RAxML Worker Pthread Number: 5

This is RAxML Worker Pthread Number: 1

This is RAxML Worker Pthread Number: 6

This is RAxML Worker Pthread Number: 7

This is RAxML Worker Pthread Number: 8

This is RAxML Worker Pthread Number: 10

This is RAxML Worker Pthread Number: 11

This is RAxML Worker Pthread Number: 9

This is RAxML Worker Pthread Number: 12

This is RAxML Worker Pthread Number: 13

This is RAxML Worker Pthread Number: 16

This is RAxML Worker Pthread Number: 14

This is RAxML Worker Pthread Number: 15

This is RAxML Worker Pthread Number: 17

This is RAxML Worker Pthread Number: 19

This is RAxML Worker Pthread Number: 18


This is RAxML version 8.2.12 released by Alexandros Stamatakis on May 2018.

With greatly appreciated code contributions by:
Andre Aberer      (HITS)
Simon Berger      (HITS)
Alexey Kozlov     (HITS)
Kassian Kobert    (HITS)
David Dao         (KIT and HITS)
Sarah Lutteropp   (KIT and HITS)
Nick Pattengale   (Sandia)
Wayne Pfeiffer    (SDSC)
Akifumi S. Tanabe (NRIFS)
Charlie Taylor    (UF)


Alignment has 3187 distinct alignment patterns

Proportion of gaps and completely undetermined characters in this alignment: 6.11%

RAxML rapid bootstrapping and subsequent ML search

Using 1 distinct models/data partitions with joint branch length optimization



Executing 100 rapid bootstrap inferences and thereafter a thorough ML search 

All free model parameters will be estimated by RAxML
GAMMA model of rate heterogeneity, ML estimate of alpha-parameter

GAMMA Model parameters will be estimated up to an accuracy of 0.1000000000 Log Likelihood units

Partition: 0
Alignment Patterns: 3187
Name: No Name Provided
DataType: DNA
Substitution Matrix: GTR




RAxML was called as follows:

raxmlHPC-PTHREADS-AVX -T 20 -s scratch/aligned/gag-pol-env/sample.441.fa -p 4102594517 -x 4102594517 -f a -N 100 -m GTRGAMMA -w /gpfs_home/mhowison/code/hiv-profile-sampling/scratch/trees/gag-pol-env -n sample.441 



Time for BS model parameter optimization 0.204002
Bootstrap[0]: Time 1.577161 seconds, bootstrap likelihood -65900.195115, best rearrangement setting 10
Bootstrap[1]: Time 1.250493 seconds, bootstrap likelihood -64790.097679, best rearrangement setting 11
Bootstrap[2]: Time 1.332691 seconds, bootstrap likelihood -64346.849821, best rearrangement setting 14
Bootstrap[3]: Time 1.368549 seconds, bootstrap likelihood -63879.374142, best rearrangement setting 14
Bootstrap[4]: Time 1.406939 seconds, bootstrap likelihood -63119.738419, best rearrangement setting 14
Bootstrap[5]: Time 1.398332 seconds, bootstrap likelihood -64327.253769, best rearrangement setting 11
Bootstrap[6]: Time 1.321038 seconds, bootstrap likelihood -62542.019776, best rearrangement setting 7
Bootstrap[7]: Time 1.216821 seconds, bootstrap likelihood -64537.900236, best rearrangement setting 13
Bootstrap[8]: Time 1.898198 seconds, bootstrap likelihood -64727.632245, best rearrangement setting 5
Bootstrap[9]: Time 1.312325 seconds, bootstrap likelihood -65419.716157, best rearrangement setting 12
Bootstrap[10]: Time 1.122500 seconds, bootstrap likelihood -65749.543186, best rearrangement setting 6
Bootstrap[11]: Time 1.294781 seconds, bootstrap likelihood -64157.749368, best rearrangement setting 13
Bootstrap[12]: Time 1.417943 seconds, bootstrap likelihood -63925.265243, best rearrangement setting 15
Bootstrap[13]: Time 1.376504 seconds, bootstrap likelihood -64923.696098, best rearrangement setting 14
Bootstrap[14]: Time 1.198671 seconds, bootstrap likelihood -64518.630420, best rearrangement setting 6
Bootstrap[15]: Time 1.338880 seconds, bootstrap likelihood -63509.790383, best rearrangement setting 9
Bootstrap[16]: Time 1.201538 seconds, bootstrap likelihood -64396.443797, best rearrangement setting 11
Bootstrap[17]: Time 1.283810 seconds, bootstrap likelihood -63978.424635, best rearrangement setting 14
Bootstrap[18]: Time 4.695845 seconds, bootstrap likelihood -63148.668318, best rearrangement setting 7
Bootstrap[19]: Time 0.929978 seconds, bootstrap likelihood -64437.873302, best rearrangement setting 5
Bootstrap[20]: Time 1.162650 seconds, bootstrap likelihood -64031.878515, best rearrangement setting 7
Bootstrap[21]: Time 1.341370 seconds, bootstrap likelihood -64874.949170, best rearrangement setting 10
Bootstrap[22]: Time 1.336399 seconds, bootstrap likelihood -65761.721873, best rearrangement setting 10
Bootstrap[23]: Time 1.167231 seconds, bootstrap likelihood -65818.955870, best rearrangement setting 6
Bootstrap[24]: Time 1.272890 seconds, bootstrap likelihood -64918.877997, best rearrangement setting 6
Bootstrap[25]: Time 1.485141 seconds, bootstrap likelihood -64962.265284, best rearrangement setting 9
Bootstrap[26]: Time 1.333727 seconds, bootstrap likelihood -62687.296398, best rearrangement setting 8
Bootstrap[27]: Time 1.397092 seconds, bootstrap likelihood -64771.423740, best rearrangement setting 9
Bootstrap[28]: Time 2.925606 seconds, bootstrap likelihood -63910.968922, best rearrangement setting 13
Bootstrap[29]: Time 1.358972 seconds, bootstrap likelihood -63913.776647, best rearrangement setting 14
Bootstrap[30]: Time 1.315897 seconds, bootstrap likelihood -66361.296789, best rearrangement setting 15
Bootstrap[31]: Time 1.216659 seconds, bootstrap likelihood -66287.625138, best rearrangement setting 6
Bootstrap[32]: Time 1.260163 seconds, bootstrap likelihood -65862.762150, best rearrangement setting 12
Bootstrap[33]: Time 1.323436 seconds, bootstrap likelihood -64180.199203, best rearrangement setting 12
Bootstrap[34]: Time 1.175973 seconds, bootstrap likelihood -65139.044316, best rearrangement setting 8
Bootstrap[35]: Time 1.400612 seconds, bootstrap likelihood -64342.266794, best rearrangement setting 11
Bootstrap[36]: Time 1.384442 seconds, bootstrap likelihood -64450.045123, best rearrangement setting 15
Bootstrap[37]: Time 1.669088 seconds, bootstrap likelihood -64777.152681, best rearrangement setting 7
Bootstrap[38]: Time 3.428980 seconds, bootstrap likelihood -64212.336845, best rearrangement setting 14
Bootstrap[39]: Time 0.968184 seconds, bootstrap likelihood -64341.962741, best rearrangement setting 5
Bootstrap[40]: Time 1.160403 seconds, bootstrap likelihood -62813.568612, best rearrangement setting 9
Bootstrap[41]: Time 0.969236 seconds, bootstrap likelihood -63864.640106, best rearrangement setting 5
Bootstrap[42]: Time 1.314192 seconds, bootstrap likelihood -63813.279360, best rearrangement setting 9
Bootstrap[43]: Time 1.184399 seconds, bootstrap likelihood -63511.306881, best rearrangement setting 7
Bootstrap[44]: Time 1.499750 seconds, bootstrap likelihood -64811.142241, best rearrangement setting 13
Bootstrap[45]: Time 1.241906 seconds, bootstrap likelihood -64134.684286, best rearrangement setting 7
Bootstrap[46]: Time 1.409841 seconds, bootstrap likelihood -66280.085021, best rearrangement setting 9
Bootstrap[47]: Time 1.457885 seconds, bootstrap likelihood -65001.770695, best rearrangement setting 10
Bootstrap[48]: Time 1.396400 seconds, bootstrap likelihood -64130.537021, best rearrangement setting 15
Bootstrap[49]: Time 2.899296 seconds, bootstrap likelihood -63967.547614, best rearrangement setting 12
Bootstrap[50]: Time 1.440075 seconds, bootstrap likelihood -64520.541406, best rearrangement setting 11
Bootstrap[51]: Time 1.354461 seconds, bootstrap likelihood -64917.598354, best rearrangement setting 9
Bootstrap[52]: Time 1.325465 seconds, bootstrap likelihood -65129.871509, best rearrangement setting 8
Bootstrap[53]: Time 1.352307 seconds, bootstrap likelihood -64286.580742, best rearrangement setting 8
Bootstrap[54]: Time 1.527341 seconds, bootstrap likelihood -65147.699866, best rearrangement setting 13
Bootstrap[55]: Time 1.323111 seconds, bootstrap likelihood -63847.264778, best rearrangement setting 9
Bootstrap[56]: Time 1.264300 seconds, bootstrap likelihood -64162.020733, best rearrangement setting 7
Bootstrap[57]: Time 2.595199 seconds, bootstrap likelihood -65362.891801, best rearrangement setting 5
Bootstrap[58]: Time 2.342585 seconds, bootstrap likelihood -65642.715196, best rearrangement setting 15
Bootstrap[59]: Time 1.566546 seconds, bootstrap likelihood -63762.246040, best rearrangement setting 9
Bootstrap[60]: Time 1.403386 seconds, bootstrap likelihood -64334.361247, best rearrangement setting 8
Bootstrap[61]: Time 1.280634 seconds, bootstrap likelihood -63289.958094, best rearrangement setting 12
Bootstrap[62]: Time 1.105510 seconds, bootstrap likelihood -65326.500138, best rearrangement setting 6
Bootstrap[63]: Time 1.012013 seconds, bootstrap likelihood -65863.748303, best rearrangement setting 5
Bootstrap[64]: Time 1.377079 seconds, bootstrap likelihood -65305.657862, best rearrangement setting 13
Bootstrap[65]: Time 1.055804 seconds, bootstrap likelihood -65983.701781, best rearrangement setting 6
Bootstrap[66]: Time 1.362358 seconds, bootstrap likelihood -63651.560150, best rearrangement setting 11
Bootstrap[67]: Time 1.464754 seconds, bootstrap likelihood -64003.167320, best rearrangement setting 15
Bootstrap[68]: Time 2.981547 seconds, bootstrap likelihood -63923.144882, best rearrangement setting 8
Bootstrap[69]: Time 1.366203 seconds, bootstrap likelihood -64908.765143, best rearrangement setting 10
Bootstrap[70]: Time 1.342169 seconds, bootstrap likelihood -63521.955244, best rearrangement setting 15
Bootstrap[71]: Time 1.378521 seconds, bootstrap likelihood -63581.564458, best rearrangement setting 11
Bootstrap[72]: Time 1.249840 seconds, bootstrap likelihood -64086.167064, best rearrangement setting 13
Bootstrap[73]: Time 1.145960 seconds, bootstrap likelihood -65562.884646, best rearrangement setting 9
Bootstrap[74]: Time 1.062248 seconds, bootstrap likelihood -63827.499286, best rearrangement setting 6
Bootstrap[75]: Time 1.455196 seconds, bootstrap likelihood -64807.635828, best rearrangement setting 9
Bootstrap[76]: Time 1.000607 seconds, bootstrap likelihood -63560.259790, best rearrangement setting 5
Bootstrap[77]: Time 1.633874 seconds, bootstrap likelihood -64760.827604, best rearrangement setting 13
Bootstrap[78]: Time 1.455138 seconds, bootstrap likelihood -65273.793377, best rearrangement setting 9
Bootstrap[79]: Time 2.519194 seconds, bootstrap likelihood -65934.430125, best rearrangement setting 14
Bootstrap[80]: Time 1.401807 seconds, bootstrap likelihood -65075.437218, best rearrangement setting 12
Bootstrap[81]: Time 1.333206 seconds, bootstrap likelihood -64433.183961, best rearrangement setting 9
Bootstrap[82]: Time 1.231948 seconds, bootstrap likelihood -64487.958131, best rearrangement setting 9
Bootstrap[83]: Time 1.107313 seconds, bootstrap likelihood -64091.858438, best rearrangement setting 6
Bootstrap[84]: Time 1.219648 seconds, bootstrap likelihood -65671.646029, best rearrangement setting 13
Bootstrap[85]: Time 1.453296 seconds, bootstrap likelihood -63844.278878, best rearrangement setting 12
Bootstrap[86]: Time 1.367714 seconds, bootstrap likelihood -63909.058266, best rearrangement setting 10
Bootstrap[87]: Time 1.308082 seconds, bootstrap likelihood -65029.069607, best rearrangement setting 8
Bootstrap[88]: Time 1.164525 seconds, bootstrap likelihood -64466.278697, best rearrangement setting 6
Bootstrap[89]: Time 10.331979 seconds, bootstrap likelihood -64728.914732, best rearrangement setting 11
Bootstrap[90]: Time 4.221262 seconds, bootstrap likelihood -63813.105869, best rearrangement setting 12
Bootstrap[91]: Time 1.374961 seconds, bootstrap likelihood -65394.230677, best rearrangement setting 11
Bootstrap[92]: Time 1.654182 seconds, bootstrap likelihood -63847.603050, best rearrangement setting 5
Bootstrap[93]: Time 1.320197 seconds, bootstrap likelihood -64107.810611, best rearrangement setting 14
Bootstrap[94]: Time 1.321235 seconds, bootstrap likelihood -65925.509639, best rearrangement setting 15
Bootstrap[95]: Time 1.189194 seconds, bootstrap likelihood -66019.951376, best rearrangement setting 7
Bootstrap[96]: Time 1.341631 seconds, bootstrap likelihood -63392.497153, best rearrangement setting 13
Bootstrap[97]: Time 1.216832 seconds, bootstrap likelihood -65404.422816, best rearrangement setting 7
Bootstrap[98]: Time 0.949884 seconds, bootstrap likelihood -64813.777120, best rearrangement setting 5
Bootstrap[99]: Time 1.135874 seconds, bootstrap likelihood -62661.952596, best rearrangement setting 6


Overall Time for 100 Rapid Bootstraps 156.979384 seconds
Average Time per Rapid Bootstrap 1.569794 seconds

Starting ML Search ...

Fast ML optimization finished

Fast ML search Time: 240.075549 seconds

Slow ML Search 0 Likelihood: -64537.480553
Slow ML Search 1 Likelihood: -64538.828975
Slow ML Search 2 Likelihood: -64539.677151
Slow ML Search 3 Likelihood: -64540.605143
Slow ML Search 4 Likelihood: -64541.106377
Slow ML Search 5 Likelihood: -64541.106376
Slow ML Search 6 Likelihood: -64541.933514
Slow ML Search 7 Likelihood: -64544.453477
Slow ML Search 8 Likelihood: -64544.568306
Slow ML Search 9 Likelihood: -64544.568307
Slow ML optimization finished

Slow ML search Time: 23.079478 seconds
Thorough ML search Time: 2.277248 seconds

Final ML Optimization Likelihood: -64537.480552

Model Information:

Model Parameters of Partition 0, Name: No Name Provided, Type of Data: DNA
alpha: 0.330601
Tree-Length: 3.063616
rate A <-> C: 2.181595
rate A <-> G: 5.386719
rate A <-> T: 0.897525
rate C <-> G: 0.893834
rate C <-> T: 6.268567
rate G <-> T: 1.000000

freq pi(A): 0.369973
freq pi(C): 0.174168
freq pi(G): 0.234219
freq pi(T): 0.221639


ML search took 265.451482 secs or 0.073737 hours

Combined Bootstrap and ML search took 422.430995 secs or 0.117342 hours

Drawing Bootstrap Support Values on best-scoring ML tree ...



Found 1 tree in File /gpfs_home/mhowison/code/hiv-profile-sampling/scratch/trees/gag-pol-env/RAxML_bestTree.sample.441



Found 1 tree in File /gpfs_home/mhowison/code/hiv-profile-sampling/scratch/trees/gag-pol-env/RAxML_bestTree.sample.441

Program execution info written to /gpfs_home/mhowison/code/hiv-profile-sampling/scratch/trees/gag-pol-env/RAxML_info.sample.441
All 100 bootstrapped trees written to: /gpfs_home/mhowison/code/hiv-profile-sampling/scratch/trees/gag-pol-env/RAxML_bootstrap.sample.441

Best-scoring ML tree written to: /gpfs_home/mhowison/code/hiv-profile-sampling/scratch/trees/gag-pol-env/RAxML_bestTree.sample.441

Best-scoring ML tree with support values written to: /gpfs_home/mhowison/code/hiv-profile-sampling/scratch/trees/gag-pol-env/RAxML_bipartitions.sample.441

Best-scoring ML tree with support values as branch labels written to: /gpfs_home/mhowison/code/hiv-profile-sampling/scratch/trees/gag-pol-env/RAxML_bipartitionsBranchLabels.sample.441

Overall execution time for full ML analysis: 422.435326 secs or 0.117343 hours or 0.004889 days

