srun: job 263960 queued and waiting for resources
srun: job 263960 has been allocated resources
Warning, you specified a working directory via "-w"
Keep in mind that RAxML only accepts absolute path names, not relative ones!

RAxML can't, parse the alignment file as phylip file 
it will now try to parse it as FASTA file



Using BFGS method to optimize GTR rate parameters, to disable this specify "--no-bfgs" 


This is the RAxML Master Pthread

This is RAxML Worker Pthread Number: 2

This is RAxML Worker Pthread Number: 7

This is RAxML Worker Pthread Number: 5

This is RAxML Worker Pthread Number: 6

This is RAxML Worker Pthread Number: 4

This is RAxML Worker Pthread Number: 1

This is RAxML Worker Pthread Number: 3

This is RAxML Worker Pthread Number: 8

This is RAxML Worker Pthread Number: 9

This is RAxML Worker Pthread Number: 11

This is RAxML Worker Pthread Number: 12

This is RAxML Worker Pthread Number: 10

This is RAxML Worker Pthread Number: 14

This is RAxML Worker Pthread Number: 13

This is RAxML Worker Pthread Number: 15

This is RAxML Worker Pthread Number: 17

This is RAxML Worker Pthread Number: 18

This is RAxML Worker Pthread Number: 16

This is RAxML Worker Pthread Number: 19


This is RAxML version 8.2.12 released by Alexandros Stamatakis on May 2018.

With greatly appreciated code contributions by:
Andre Aberer      (HITS)
Simon Berger      (HITS)
Alexey Kozlov     (HITS)
Kassian Kobert    (HITS)
David Dao         (KIT and HITS)
Sarah Lutteropp   (KIT and HITS)
Nick Pattengale   (Sandia)
Wayne Pfeiffer    (SDSC)
Akifumi S. Tanabe (NRIFS)
Charlie Taylor    (UF)


Alignment has 3184 distinct alignment patterns

Proportion of gaps and completely undetermined characters in this alignment: 6.11%

RAxML rapid bootstrapping and subsequent ML search

Using 1 distinct models/data partitions with joint branch length optimization



Executing 100 rapid bootstrap inferences and thereafter a thorough ML search 

All free model parameters will be estimated by RAxML
GAMMA model of rate heterogeneity, ML estimate of alpha-parameter

GAMMA Model parameters will be estimated up to an accuracy of 0.1000000000 Log Likelihood units

Partition: 0
Alignment Patterns: 3184
Name: No Name Provided
DataType: DNA
Substitution Matrix: GTR




RAxML was called as follows:

raxmlHPC-PTHREADS-AVX -T 20 -s scratch/aligned/gag-pol-env/sample.107.fa -p 4188125574 -x 4188125574 -f a -N 100 -m GTRGAMMA -w /gpfs_home/mhowison/code/hiv-profile-sampling/scratch/trees/gag-pol-env -n sample.107 



Time for BS model parameter optimization 0.196765
Bootstrap[0]: Time 1.570901 seconds, bootstrap likelihood -63900.907025, best rearrangement setting 7
Bootstrap[1]: Time 1.489025 seconds, bootstrap likelihood -65351.942870, best rearrangement setting 10
Bootstrap[2]: Time 0.991173 seconds, bootstrap likelihood -64562.088715, best rearrangement setting 6
Bootstrap[3]: Time 1.440900 seconds, bootstrap likelihood -64824.081304, best rearrangement setting 12
Bootstrap[4]: Time 1.314100 seconds, bootstrap likelihood -64368.033451, best rearrangement setting 9
Bootstrap[5]: Time 1.336126 seconds, bootstrap likelihood -62789.490061, best rearrangement setting 9
Bootstrap[6]: Time 1.342445 seconds, bootstrap likelihood -65067.066073, best rearrangement setting 7
Bootstrap[7]: Time 1.416617 seconds, bootstrap likelihood -65374.904483, best rearrangement setting 15
Bootstrap[8]: Time 1.875375 seconds, bootstrap likelihood -64478.202178, best rearrangement setting 6
Bootstrap[9]: Time 1.067914 seconds, bootstrap likelihood -63939.913847, best rearrangement setting 5
Bootstrap[10]: Time 1.558837 seconds, bootstrap likelihood -63990.759416, best rearrangement setting 9
Bootstrap[11]: Time 1.477652 seconds, bootstrap likelihood -63429.854216, best rearrangement setting 10
Bootstrap[12]: Time 1.239963 seconds, bootstrap likelihood -64356.188353, best rearrangement setting 7
Bootstrap[13]: Time 1.253125 seconds, bootstrap likelihood -64489.642252, best rearrangement setting 6
Bootstrap[14]: Time 1.429873 seconds, bootstrap likelihood -65545.563182, best rearrangement setting 9
Bootstrap[15]: Time 1.304146 seconds, bootstrap likelihood -64162.285198, best rearrangement setting 11
Bootstrap[16]: Time 1.336747 seconds, bootstrap likelihood -66434.769089, best rearrangement setting 7
Bootstrap[17]: Time 1.490239 seconds, bootstrap likelihood -63956.268344, best rearrangement setting 10
Bootstrap[18]: Time 1.511001 seconds, bootstrap likelihood -64364.276281, best rearrangement setting 10
Bootstrap[19]: Time 1.482839 seconds, bootstrap likelihood -65323.483351, best rearrangement setting 15
Bootstrap[20]: Time 1.538544 seconds, bootstrap likelihood -64133.077154, best rearrangement setting 10
Bootstrap[21]: Time 1.520864 seconds, bootstrap likelihood -64341.541080, best rearrangement setting 14
Bootstrap[22]: Time 1.133809 seconds, bootstrap likelihood -65483.789383, best rearrangement setting 5
Bootstrap[23]: Time 1.473335 seconds, bootstrap likelihood -64027.722410, best rearrangement setting 9
Bootstrap[24]: Time 1.486631 seconds, bootstrap likelihood -62695.331403, best rearrangement setting 8
Bootstrap[25]: Time 1.432142 seconds, bootstrap likelihood -63933.701587, best rearrangement setting 12
Bootstrap[26]: Time 1.532370 seconds, bootstrap likelihood -64259.948251, best rearrangement setting 13
Bootstrap[27]: Time 1.195734 seconds, bootstrap likelihood -64348.792039, best rearrangement setting 6
Bootstrap[28]: Time 1.465852 seconds, bootstrap likelihood -65058.476610, best rearrangement setting 10
Bootstrap[29]: Time 1.936351 seconds, bootstrap likelihood -64727.112297, best rearrangement setting 12
Bootstrap[30]: Time 1.158507 seconds, bootstrap likelihood -63089.493049, best rearrangement setting 5
Bootstrap[31]: Time 1.408887 seconds, bootstrap likelihood -64061.072741, best rearrangement setting 7
Bootstrap[32]: Time 1.387362 seconds, bootstrap likelihood -64699.591978, best rearrangement setting 7
Bootstrap[33]: Time 1.338281 seconds, bootstrap likelihood -64779.803361, best rearrangement setting 6
Bootstrap[34]: Time 1.500479 seconds, bootstrap likelihood -63704.462517, best rearrangement setting 13
Bootstrap[35]: Time 1.502080 seconds, bootstrap likelihood -65015.981112, best rearrangement setting 14
Bootstrap[36]: Time 1.465220 seconds, bootstrap likelihood -65879.845419, best rearrangement setting 13
Bootstrap[37]: Time 1.542297 seconds, bootstrap likelihood -65032.323683, best rearrangement setting 13
Bootstrap[38]: Time 1.565981 seconds, bootstrap likelihood -63951.702197, best rearrangement setting 11
Bootstrap[39]: Time 1.689803 seconds, bootstrap likelihood -65314.620690, best rearrangement setting 14
Bootstrap[40]: Time 1.299379 seconds, bootstrap likelihood -65663.463528, best rearrangement setting 7
Bootstrap[41]: Time 1.429980 seconds, bootstrap likelihood -64426.359111, best rearrangement setting 11
Bootstrap[42]: Time 1.524495 seconds, bootstrap likelihood -63439.323522, best rearrangement setting 12
Bootstrap[43]: Time 1.460787 seconds, bootstrap likelihood -65364.979766, best rearrangement setting 15
Bootstrap[44]: Time 1.420881 seconds, bootstrap likelihood -64128.053977, best rearrangement setting 11
Bootstrap[45]: Time 1.324837 seconds, bootstrap likelihood -64252.993428, best rearrangement setting 13
Bootstrap[46]: Time 1.485269 seconds, bootstrap likelihood -64244.397762, best rearrangement setting 9
Bootstrap[47]: Time 1.492662 seconds, bootstrap likelihood -64073.223983, best rearrangement setting 15
Bootstrap[48]: Time 1.322274 seconds, bootstrap likelihood -63160.773087, best rearrangement setting 11
Bootstrap[49]: Time 1.287548 seconds, bootstrap likelihood -63854.938152, best rearrangement setting 7
Bootstrap[50]: Time 1.972033 seconds, bootstrap likelihood -64049.821463, best rearrangement setting 11
Bootstrap[51]: Time 1.275469 seconds, bootstrap likelihood -63280.127769, best rearrangement setting 6
Bootstrap[52]: Time 1.446493 seconds, bootstrap likelihood -62809.876742, best rearrangement setting 12
Bootstrap[53]: Time 1.109933 seconds, bootstrap likelihood -65370.081745, best rearrangement setting 5
Bootstrap[54]: Time 1.530108 seconds, bootstrap likelihood -64482.821334, best rearrangement setting 9
Bootstrap[55]: Time 1.527465 seconds, bootstrap likelihood -64493.393690, best rearrangement setting 12
Bootstrap[56]: Time 1.501939 seconds, bootstrap likelihood -63754.973532, best rearrangement setting 12
Bootstrap[57]: Time 1.370064 seconds, bootstrap likelihood -65808.932560, best rearrangement setting 10
Bootstrap[58]: Time 1.382101 seconds, bootstrap likelihood -64600.294988, best rearrangement setting 8
Bootstrap[59]: Time 1.494727 seconds, bootstrap likelihood -64209.811712, best rearrangement setting 14
Bootstrap[60]: Time 1.776748 seconds, bootstrap likelihood -63615.100809, best rearrangement setting 15
Bootstrap[61]: Time 1.601737 seconds, bootstrap likelihood -63897.567676, best rearrangement setting 9
Bootstrap[62]: Time 1.458075 seconds, bootstrap likelihood -63734.776448, best rearrangement setting 12
Bootstrap[63]: Time 1.592028 seconds, bootstrap likelihood -65542.693073, best rearrangement setting 13
Bootstrap[64]: Time 1.370927 seconds, bootstrap likelihood -64197.659865, best rearrangement setting 8
Bootstrap[65]: Time 1.496122 seconds, bootstrap likelihood -65214.607738, best rearrangement setting 12
Bootstrap[66]: Time 1.261376 seconds, bootstrap likelihood -64623.722424, best rearrangement setting 7
Bootstrap[67]: Time 1.438144 seconds, bootstrap likelihood -64668.368299, best rearrangement setting 13
Bootstrap[68]: Time 1.408960 seconds, bootstrap likelihood -65115.087640, best rearrangement setting 14
Bootstrap[69]: Time 1.415055 seconds, bootstrap likelihood -64018.329566, best rearrangement setting 15
Bootstrap[70]: Time 1.966208 seconds, bootstrap likelihood -63697.093945, best rearrangement setting 6
Bootstrap[71]: Time 1.048562 seconds, bootstrap likelihood -64919.410571, best rearrangement setting 5
Bootstrap[72]: Time 1.550221 seconds, bootstrap likelihood -65552.969344, best rearrangement setting 9
Bootstrap[73]: Time 1.456660 seconds, bootstrap likelihood -65114.548881, best rearrangement setting 13
Bootstrap[74]: Time 1.498580 seconds, bootstrap likelihood -64824.960809, best rearrangement setting 15
Bootstrap[75]: Time 1.277694 seconds, bootstrap likelihood -62517.710430, best rearrangement setting 10
Bootstrap[76]: Time 1.400949 seconds, bootstrap likelihood -63093.731958, best rearrangement setting 7
Bootstrap[77]: Time 1.499221 seconds, bootstrap likelihood -64522.653133, best rearrangement setting 8
Bootstrap[78]: Time 1.437984 seconds, bootstrap likelihood -63955.952780, best rearrangement setting 8
Bootstrap[79]: Time 1.420652 seconds, bootstrap likelihood -66065.595479, best rearrangement setting 9
Bootstrap[80]: Time 1.458587 seconds, bootstrap likelihood -63527.555180, best rearrangement setting 15
Bootstrap[81]: Time 1.676611 seconds, bootstrap likelihood -64177.253581, best rearrangement setting 14
Bootstrap[82]: Time 1.418292 seconds, bootstrap likelihood -65154.190120, best rearrangement setting 15
Bootstrap[83]: Time 1.413077 seconds, bootstrap likelihood -64137.334809, best rearrangement setting 13
Bootstrap[84]: Time 1.630644 seconds, bootstrap likelihood -63442.798207, best rearrangement setting 13
Bootstrap[85]: Time 1.556062 seconds, bootstrap likelihood -65272.897341, best rearrangement setting 9
Bootstrap[86]: Time 1.486276 seconds, bootstrap likelihood -64413.388556, best rearrangement setting 10
Bootstrap[87]: Time 1.542038 seconds, bootstrap likelihood -64668.311304, best rearrangement setting 9
Bootstrap[88]: Time 1.442348 seconds, bootstrap likelihood -64224.074396, best rearrangement setting 13
Bootstrap[89]: Time 1.107918 seconds, bootstrap likelihood -64598.176502, best rearrangement setting 5
Bootstrap[90]: Time 2.181596 seconds, bootstrap likelihood -63502.404463, best rearrangement setting 10
Bootstrap[91]: Time 1.615634 seconds, bootstrap likelihood -65177.639173, best rearrangement setting 10
Bootstrap[92]: Time 1.522951 seconds, bootstrap likelihood -65005.931058, best rearrangement setting 10
Bootstrap[93]: Time 1.180450 seconds, bootstrap likelihood -62627.075843, best rearrangement setting 7
Bootstrap[94]: Time 1.102170 seconds, bootstrap likelihood -63650.187293, best rearrangement setting 5
Bootstrap[95]: Time 1.374494 seconds, bootstrap likelihood -63301.895395, best rearrangement setting 10
Bootstrap[96]: Time 1.502149 seconds, bootstrap likelihood -64137.061872, best rearrangement setting 9
Bootstrap[97]: Time 1.549826 seconds, bootstrap likelihood -64588.565303, best rearrangement setting 15
Bootstrap[98]: Time 1.550575 seconds, bootstrap likelihood -65870.400026, best rearrangement setting 9
Bootstrap[99]: Time 1.661554 seconds, bootstrap likelihood -64304.274324, best rearrangement setting 11


Overall Time for 100 Rapid Bootstraps 145.275538 seconds
Average Time per Rapid Bootstrap 1.452755 seconds

Starting ML Search ...

Fast ML optimization finished

Fast ML search Time: 110.037827 seconds

Slow ML Search 0 Likelihood: -64455.017314
Slow ML Search 1 Likelihood: -64455.536049
Slow ML Search 2 Likelihood: -64456.683182
Slow ML Search 3 Likelihood: -64456.993988
Slow ML Search 4 Likelihood: -64458.349024
Slow ML Search 5 Likelihood: -64450.651364
Slow ML Search 6 Likelihood: -64462.639159
Slow ML Search 7 Likelihood: -64462.191203
Slow ML Search 8 Likelihood: -64464.070903
Slow ML Search 9 Likelihood: -64463.508659
Slow ML optimization finished

Slow ML search Time: 33.769751 seconds
Thorough ML search Time: 2.435669 seconds

Final ML Optimization Likelihood: -64450.493538

Model Information:

Model Parameters of Partition 0, Name: No Name Provided, Type of Data: DNA
alpha: 0.326095
Tree-Length: 3.080567
rate A <-> C: 2.208028
rate A <-> G: 5.583954
rate A <-> T: 0.903363
rate C <-> G: 0.947846
rate C <-> T: 6.255484
rate G <-> T: 1.000000

freq pi(A): 0.369904
freq pi(C): 0.174327
freq pi(G): 0.234272
freq pi(T): 0.221496


ML search took 146.248375 secs or 0.040625 hours

Combined Bootstrap and ML search took 291.524160 secs or 0.080979 hours

Drawing Bootstrap Support Values on best-scoring ML tree ...



Found 1 tree in File /gpfs_home/mhowison/code/hiv-profile-sampling/scratch/trees/gag-pol-env/RAxML_bestTree.sample.107



Found 1 tree in File /gpfs_home/mhowison/code/hiv-profile-sampling/scratch/trees/gag-pol-env/RAxML_bestTree.sample.107

Program execution info written to /gpfs_home/mhowison/code/hiv-profile-sampling/scratch/trees/gag-pol-env/RAxML_info.sample.107
All 100 bootstrapped trees written to: /gpfs_home/mhowison/code/hiv-profile-sampling/scratch/trees/gag-pol-env/RAxML_bootstrap.sample.107

Best-scoring ML tree written to: /gpfs_home/mhowison/code/hiv-profile-sampling/scratch/trees/gag-pol-env/RAxML_bestTree.sample.107

Best-scoring ML tree with support values written to: /gpfs_home/mhowison/code/hiv-profile-sampling/scratch/trees/gag-pol-env/RAxML_bipartitions.sample.107

Best-scoring ML tree with support values as branch labels written to: /gpfs_home/mhowison/code/hiv-profile-sampling/scratch/trees/gag-pol-env/RAxML_bipartitionsBranchLabels.sample.107

Overall execution time for full ML analysis: 291.528381 secs or 0.080980 hours or 0.003374 days

