srun: job 264491 queued and waiting for resources
srun: job 264491 has been allocated resources
Warning, you specified a working directory via "-w"
Keep in mind that RAxML only accepts absolute path names, not relative ones!

RAxML can't, parse the alignment file as phylip file 
it will now try to parse it as FASTA file



Using BFGS method to optimize GTR rate parameters, to disable this specify "--no-bfgs" 


This is the RAxML Master Pthread

This is RAxML Worker Pthread Number: 3

This is RAxML Worker Pthread Number: 5

This is RAxML Worker Pthread Number: 6

This is RAxML Worker Pthread Number: 2

This is RAxML Worker Pthread Number: 1

This is RAxML Worker Pthread Number: 4

This is RAxML Worker Pthread Number: 7

This is RAxML Worker Pthread Number: 8

This is RAxML Worker Pthread Number: 9

This is RAxML Worker Pthread Number: 10

This is RAxML Worker Pthread Number: 11

This is RAxML Worker Pthread Number: 12

This is RAxML Worker Pthread Number: 13

This is RAxML Worker Pthread Number: 15

This is RAxML Worker Pthread Number: 14

This is RAxML Worker Pthread Number: 16

This is RAxML Worker Pthread Number: 17

This is RAxML Worker Pthread Number: 18

This is RAxML Worker Pthread Number: 19


This is RAxML version 8.2.12 released by Alexandros Stamatakis on May 2018.

With greatly appreciated code contributions by:
Andre Aberer      (HITS)
Simon Berger      (HITS)
Alexey Kozlov     (HITS)
Kassian Kobert    (HITS)
David Dao         (KIT and HITS)
Sarah Lutteropp   (KIT and HITS)
Nick Pattengale   (Sandia)
Wayne Pfeiffer    (SDSC)
Akifumi S. Tanabe (NRIFS)
Charlie Taylor    (UF)


Alignment has 3178 distinct alignment patterns

Proportion of gaps and completely undetermined characters in this alignment: 6.11%

RAxML rapid bootstrapping and subsequent ML search

Using 1 distinct models/data partitions with joint branch length optimization



Executing 100 rapid bootstrap inferences and thereafter a thorough ML search 

All free model parameters will be estimated by RAxML
GAMMA model of rate heterogeneity, ML estimate of alpha-parameter

GAMMA Model parameters will be estimated up to an accuracy of 0.1000000000 Log Likelihood units

Partition: 0
Alignment Patterns: 3178
Name: No Name Provided
DataType: DNA
Substitution Matrix: GTR




RAxML was called as follows:

raxmlHPC-PTHREADS-AVX -T 20 -s scratch/aligned/gag-pol-env/sample.40.fa -p 5930381460 -x 5930381460 -f a -N 100 -m GTRGAMMA -w /gpfs_home/mhowison/code/hiv-profile-sampling/scratch/trees/gag-pol-env -n sample.40 



Time for BS model parameter optimization 0.163034
Bootstrap[0]: Time 4.380165 seconds, bootstrap likelihood -64778.221930, best rearrangement setting 13
Bootstrap[1]: Time 1.185490 seconds, bootstrap likelihood -63557.881019, best rearrangement setting 8
Bootstrap[2]: Time 1.134978 seconds, bootstrap likelihood -63516.296806, best rearrangement setting 13
Bootstrap[3]: Time 1.020815 seconds, bootstrap likelihood -64696.909196, best rearrangement setting 6
Bootstrap[4]: Time 1.176685 seconds, bootstrap likelihood -64433.881729, best rearrangement setting 13
Bootstrap[5]: Time 1.208367 seconds, bootstrap likelihood -62867.873277, best rearrangement setting 11
Bootstrap[6]: Time 6.926196 seconds, bootstrap likelihood -64818.348289, best rearrangement setting 13
Bootstrap[7]: Time 0.932141 seconds, bootstrap likelihood -65632.261426, best rearrangement setting 6
Bootstrap[8]: Time 1.193640 seconds, bootstrap likelihood -62076.660089, best rearrangement setting 11
Bootstrap[9]: Time 0.938391 seconds, bootstrap likelihood -64078.320043, best rearrangement setting 5
Bootstrap[10]: Time 1.204682 seconds, bootstrap likelihood -64376.108018, best rearrangement setting 14
Bootstrap[11]: Time 0.922633 seconds, bootstrap likelihood -63081.399783, best rearrangement setting 6
Bootstrap[12]: Time 1.314192 seconds, bootstrap likelihood -64115.888143, best rearrangement setting 10
Bootstrap[13]: Time 5.915037 seconds, bootstrap likelihood -64851.521746, best rearrangement setting 11
Bootstrap[14]: Time 1.183613 seconds, bootstrap likelihood -64797.146279, best rearrangement setting 11
Bootstrap[15]: Time 1.218143 seconds, bootstrap likelihood -64581.610338, best rearrangement setting 10
Bootstrap[16]: Time 0.881644 seconds, bootstrap likelihood -63036.571925, best rearrangement setting 5
Bootstrap[17]: Time 1.173752 seconds, bootstrap likelihood -63577.703511, best rearrangement setting 13
Bootstrap[18]: Time 1.220115 seconds, bootstrap likelihood -63946.123440, best rearrangement setting 13
Bootstrap[19]: Time 1.216494 seconds, bootstrap likelihood -63431.452232, best rearrangement setting 13
Bootstrap[20]: Time 1.325875 seconds, bootstrap likelihood -64328.314518, best rearrangement setting 15
Bootstrap[21]: Time 1.246169 seconds, bootstrap likelihood -64549.764154, best rearrangement setting 7
Bootstrap[22]: Time 5.653560 seconds, bootstrap likelihood -63681.480990, best rearrangement setting 13
Bootstrap[23]: Time 1.230338 seconds, bootstrap likelihood -64513.864433, best rearrangement setting 8
Bootstrap[24]: Time 0.965220 seconds, bootstrap likelihood -65460.119258, best rearrangement setting 5
Bootstrap[25]: Time 12.555319 seconds, bootstrap likelihood -65102.969912, best rearrangement setting 7
Bootstrap[26]: Time 1.215387 seconds, bootstrap likelihood -63619.138904, best rearrangement setting 7
Bootstrap[27]: Time 1.132783 seconds, bootstrap likelihood -64734.678074, best rearrangement setting 6
Bootstrap[28]: Time 1.305892 seconds, bootstrap likelihood -63779.397995, best rearrangement setting 10
Bootstrap[29]: Time 1.238451 seconds, bootstrap likelihood -64584.906038, best rearrangement setting 9
Bootstrap[30]: Time 1.322929 seconds, bootstrap likelihood -63724.654195, best rearrangement setting 8
Bootstrap[31]: Time 1.056008 seconds, bootstrap likelihood -64020.958387, best rearrangement setting 6
Bootstrap[32]: Time 1.121343 seconds, bootstrap likelihood -64915.872927, best rearrangement setting 10
Bootstrap[33]: Time 1.673404 seconds, bootstrap likelihood -63373.294092, best rearrangement setting 6
Bootstrap[34]: Time 4.830780 seconds, bootstrap likelihood -64438.127705, best rearrangement setting 5
Bootstrap[35]: Time 5.465992 seconds, bootstrap likelihood -65538.365418, best rearrangement setting 9
Bootstrap[36]: Time 0.909279 seconds, bootstrap likelihood -64405.307310, best rearrangement setting 5
Bootstrap[37]: Time 8.920826 seconds, bootstrap likelihood -64411.754443, best rearrangement setting 7
Bootstrap[38]: Time 1.185979 seconds, bootstrap likelihood -63974.194150, best rearrangement setting 8
Bootstrap[39]: Time 1.236314 seconds, bootstrap likelihood -64442.034238, best rearrangement setting 15
Bootstrap[40]: Time 1.262267 seconds, bootstrap likelihood -64386.217046, best rearrangement setting 11
Bootstrap[41]: Time 1.151291 seconds, bootstrap likelihood -63913.418785, best rearrangement setting 13
Bootstrap[42]: Time 0.842009 seconds, bootstrap likelihood -63668.680435, best rearrangement setting 5
Bootstrap[43]: Time 1.018919 seconds, bootstrap likelihood -64667.384941, best rearrangement setting 7
Bootstrap[44]: Time 1.064465 seconds, bootstrap likelihood -63796.466511, best rearrangement setting 7
Bootstrap[45]: Time 1.174721 seconds, bootstrap likelihood -64896.803449, best rearrangement setting 12
Bootstrap[46]: Time 1.164467 seconds, bootstrap likelihood -63664.353861, best rearrangement setting 8
Bootstrap[47]: Time 4.761812 seconds, bootstrap likelihood -63618.575657, best rearrangement setting 15
Bootstrap[48]: Time 1.131288 seconds, bootstrap likelihood -65674.224482, best rearrangement setting 7
Bootstrap[49]: Time 1.152956 seconds, bootstrap likelihood -64843.561488, best rearrangement setting 10
Bootstrap[50]: Time 1.194094 seconds, bootstrap likelihood -64703.311007, best rearrangement setting 12
Bootstrap[51]: Time 1.187879 seconds, bootstrap likelihood -64493.882931, best rearrangement setting 12
Bootstrap[52]: Time 1.010195 seconds, bootstrap likelihood -65119.290649, best rearrangement setting 6
Bootstrap[53]: Time 0.923911 seconds, bootstrap likelihood -64706.188236, best rearrangement setting 5
Bootstrap[54]: Time 3.960272 seconds, bootstrap likelihood -63831.669933, best rearrangement setting 10
Bootstrap[55]: Time 1.165947 seconds, bootstrap likelihood -63462.553724, best rearrangement setting 15
Bootstrap[56]: Time 1.319256 seconds, bootstrap likelihood -63936.957603, best rearrangement setting 10
Bootstrap[57]: Time 1.327094 seconds, bootstrap likelihood -62890.934696, best rearrangement setting 13
Bootstrap[58]: Time 1.224914 seconds, bootstrap likelihood -63737.659091, best rearrangement setting 14
Bootstrap[59]: Time 1.293710 seconds, bootstrap likelihood -63792.573706, best rearrangement setting 12
Bootstrap[60]: Time 1.271711 seconds, bootstrap likelihood -64861.142079, best rearrangement setting 14
Bootstrap[61]: Time 2.223746 seconds, bootstrap likelihood -64192.620711, best rearrangement setting 9
Bootstrap[62]: Time 0.947139 seconds, bootstrap likelihood -63512.440883, best rearrangement setting 5
Bootstrap[63]: Time 9.068496 seconds, bootstrap likelihood -62906.296234, best rearrangement setting 6
Bootstrap[64]: Time 4.698207 seconds, bootstrap likelihood -64871.710912, best rearrangement setting 12
Bootstrap[65]: Time 1.183404 seconds, bootstrap likelihood -63233.005333, best rearrangement setting 14
Bootstrap[66]: Time 1.087887 seconds, bootstrap likelihood -63614.545138, best rearrangement setting 13
Bootstrap[67]: Time 2.487771 seconds, bootstrap likelihood -65009.805490, best rearrangement setting 14
Bootstrap[68]: Time 5.459409 seconds, bootstrap likelihood -64372.118278, best rearrangement setting 5
Bootstrap[69]: Time 5.352158 seconds, bootstrap likelihood -64798.341187, best rearrangement setting 11
Bootstrap[70]: Time 1.094238 seconds, bootstrap likelihood -63515.611335, best rearrangement setting 11
Bootstrap[71]: Time 1.087508 seconds, bootstrap likelihood -64157.665130, best rearrangement setting 15
Bootstrap[72]: Time 0.913020 seconds, bootstrap likelihood -64256.471157, best rearrangement setting 5
Bootstrap[73]: Time 1.259447 seconds, bootstrap likelihood -64728.846200, best rearrangement setting 7
Bootstrap[74]: Time 5.510418 seconds, bootstrap likelihood -64527.626548, best rearrangement setting 13
Bootstrap[75]: Time 0.992449 seconds, bootstrap likelihood -63997.994307, best rearrangement setting 6
Bootstrap[76]: Time 4.118220 seconds, bootstrap likelihood -64641.152164, best rearrangement setting 6
Bootstrap[77]: Time 1.086362 seconds, bootstrap likelihood -64554.425772, best rearrangement setting 7
Bootstrap[78]: Time 16.275140 seconds, bootstrap likelihood -64274.368553, best rearrangement setting 5
Bootstrap[79]: Time 1.846086 seconds, bootstrap likelihood -64320.804414, best rearrangement setting 10
Bootstrap[80]: Time 2.770227 seconds, bootstrap likelihood -64094.803257, best rearrangement setting 5
Bootstrap[81]: Time 3.219362 seconds, bootstrap likelihood -65935.364422, best rearrangement setting 13
Bootstrap[82]: Time 1.102659 seconds, bootstrap likelihood -64334.230097, best rearrangement setting 13
Bootstrap[83]: Time 1.243322 seconds, bootstrap likelihood -63771.435496, best rearrangement setting 7
Bootstrap[84]: Time 1.174375 seconds, bootstrap likelihood -64379.191833, best rearrangement setting 9
Bootstrap[85]: Time 1.200392 seconds, bootstrap likelihood -64246.792697, best rearrangement setting 9
Bootstrap[86]: Time 1.162959 seconds, bootstrap likelihood -65064.339225, best rearrangement setting 8
Bootstrap[87]: Time 0.849951 seconds, bootstrap likelihood -63773.795141, best rearrangement setting 5
Bootstrap[88]: Time 1.185090 seconds, bootstrap likelihood -64248.580631, best rearrangement setting 9
Bootstrap[89]: Time 121.108910 seconds, bootstrap likelihood -64930.709630, best rearrangement setting 10
Bootstrap[90]: Time 115.089117 seconds, bootstrap likelihood -63943.081949, best rearrangement setting 10
Bootstrap[91]: Time 1.221826 seconds, bootstrap likelihood -65213.062881, best rearrangement setting 11
Bootstrap[92]: Time 0.960896 seconds, bootstrap likelihood -64654.861024, best rearrangement setting 5
Bootstrap[93]: Time 1.224868 seconds, bootstrap likelihood -64415.136929, best rearrangement setting 14
Bootstrap[94]: Time 1.307981 seconds, bootstrap likelihood -65192.749415, best rearrangement setting 10
Bootstrap[95]: Time 1.144715 seconds, bootstrap likelihood -63922.505794, best rearrangement setting 8
Bootstrap[96]: Time 4.642414 seconds, bootstrap likelihood -64142.841454, best rearrangement setting 15
Bootstrap[97]: Time 5.538685 seconds, bootstrap likelihood -65555.048034, best rearrangement setting 12
Bootstrap[98]: Time 1.226101 seconds, bootstrap likelihood -63362.222483, best rearrangement setting 15
Bootstrap[99]: Time 4.973360 seconds, bootstrap likelihood -62729.880791, best rearrangement setting 14


Overall Time for 100 Rapid Bootstraps 461.757749 seconds
Average Time per Rapid Bootstrap 4.617577 seconds

Starting ML Search ...

Fast ML optimization finished

Fast ML search Time: 429.740306 seconds

Slow ML Search 0 Likelihood: -64363.882338
Slow ML Search 1 Likelihood: -64365.076604
Slow ML Search 2 Likelihood: -64365.076604
Slow ML Search 3 Likelihood: -64365.824191
Slow ML Search 4 Likelihood: -64367.149866
Slow ML Search 5 Likelihood: -64363.882338
Slow ML Search 6 Likelihood: -64368.244142
Slow ML Search 7 Likelihood: -64369.553614
Slow ML Search 8 Likelihood: -64370.804698
Slow ML Search 9 Likelihood: -64371.685783
Slow ML optimization finished

Slow ML search Time: 189.895571 seconds
Thorough ML search Time: 2.096454 seconds

Final ML Optimization Likelihood: -64363.882428

Model Information:

Model Parameters of Partition 0, Name: No Name Provided, Type of Data: DNA
alpha: 0.327766
Tree-Length: 3.010724
rate A <-> C: 2.131839
rate A <-> G: 5.375719
rate A <-> T: 0.893997
rate C <-> G: 0.909856
rate C <-> T: 6.058198
rate G <-> T: 1.000000

freq pi(A): 0.369851
freq pi(C): 0.174062
freq pi(G): 0.234366
freq pi(T): 0.221721


ML search took 621.739181 secs or 0.172705 hours

Combined Bootstrap and ML search took 1083.497057 secs or 0.300971 hours

Drawing Bootstrap Support Values on best-scoring ML tree ...



Found 1 tree in File /gpfs_home/mhowison/code/hiv-profile-sampling/scratch/trees/gag-pol-env/RAxML_bestTree.sample.40



Found 1 tree in File /gpfs_home/mhowison/code/hiv-profile-sampling/scratch/trees/gag-pol-env/RAxML_bestTree.sample.40

Program execution info written to /gpfs_home/mhowison/code/hiv-profile-sampling/scratch/trees/gag-pol-env/RAxML_info.sample.40
All 100 bootstrapped trees written to: /gpfs_home/mhowison/code/hiv-profile-sampling/scratch/trees/gag-pol-env/RAxML_bootstrap.sample.40

Best-scoring ML tree written to: /gpfs_home/mhowison/code/hiv-profile-sampling/scratch/trees/gag-pol-env/RAxML_bestTree.sample.40

Best-scoring ML tree with support values written to: /gpfs_home/mhowison/code/hiv-profile-sampling/scratch/trees/gag-pol-env/RAxML_bipartitions.sample.40

Best-scoring ML tree with support values as branch labels written to: /gpfs_home/mhowison/code/hiv-profile-sampling/scratch/trees/gag-pol-env/RAxML_bipartitionsBranchLabels.sample.40

Overall execution time for full ML analysis: 1083.501314 secs or 0.300973 hours or 0.012541 days

