srun: job 263951 queued and waiting for resources
srun: job 263951 has been allocated resources
Warning, you specified a working directory via "-w"
Keep in mind that RAxML only accepts absolute path names, not relative ones!

RAxML can't, parse the alignment file as phylip file 
it will now try to parse it as FASTA file



Using BFGS method to optimize GTR rate parameters, to disable this specify "--no-bfgs" 


This is the RAxML Master Pthread

This is RAxML Worker Pthread Number: 1

This is RAxML Worker Pthread Number: 4

This is RAxML Worker Pthread Number: 2

This is RAxML Worker Pthread Number: 3

This is RAxML Worker Pthread Number: 6

This is RAxML Worker Pthread Number: 5

This is RAxML Worker Pthread Number: 7

This is RAxML Worker Pthread Number: 8

This is RAxML Worker Pthread Number: 9

This is RAxML Worker Pthread Number: 11

This is RAxML Worker Pthread Number: 10

This is RAxML Worker Pthread Number: 12

This is RAxML Worker Pthread Number: 13

This is RAxML Worker Pthread Number: 15

This is RAxML Worker Pthread Number: 14

This is RAxML Worker Pthread Number: 16

This is RAxML Worker Pthread Number: 17

This is RAxML Worker Pthread Number: 19

This is RAxML Worker Pthread Number: 18


This is RAxML version 8.2.12 released by Alexandros Stamatakis on May 2018.

With greatly appreciated code contributions by:
Andre Aberer      (HITS)
Simon Berger      (HITS)
Alexey Kozlov     (HITS)
Kassian Kobert    (HITS)
David Dao         (KIT and HITS)
Sarah Lutteropp   (KIT and HITS)
Nick Pattengale   (Sandia)
Wayne Pfeiffer    (SDSC)
Akifumi S. Tanabe (NRIFS)
Charlie Taylor    (UF)


Alignment has 3159 distinct alignment patterns

Proportion of gaps and completely undetermined characters in this alignment: 6.10%

RAxML rapid bootstrapping and subsequent ML search

Using 1 distinct models/data partitions with joint branch length optimization



Executing 100 rapid bootstrap inferences and thereafter a thorough ML search 

All free model parameters will be estimated by RAxML
GAMMA model of rate heterogeneity, ML estimate of alpha-parameter

GAMMA Model parameters will be estimated up to an accuracy of 0.1000000000 Log Likelihood units

Partition: 0
Alignment Patterns: 3159
Name: No Name Provided
DataType: DNA
Substitution Matrix: GTR




RAxML was called as follows:

raxmlHPC-PTHREADS-AVX -T 20 -s scratch/aligned/gag-pol-env/sample.103.fa -p 2714756604 -x 2714756604 -f a -N 100 -m GTRGAMMA -w /gpfs_home/mhowison/code/hiv-profile-sampling/scratch/trees/gag-pol-env -n sample.103 



Time for BS model parameter optimization 0.173553
Bootstrap[0]: Time 4.015635 seconds, bootstrap likelihood -64427.062896, best rearrangement setting 10
Bootstrap[1]: Time 1.148335 seconds, bootstrap likelihood -63377.025908, best rearrangement setting 10
Bootstrap[2]: Time 1.005665 seconds, bootstrap likelihood -64426.791037, best rearrangement setting 6
Bootstrap[3]: Time 1.264879 seconds, bootstrap likelihood -63036.843228, best rearrangement setting 13
Bootstrap[4]: Time 1.250762 seconds, bootstrap likelihood -65433.748268, best rearrangement setting 11
Bootstrap[5]: Time 1.135022 seconds, bootstrap likelihood -64544.022013, best rearrangement setting 8
Bootstrap[6]: Time 1.262862 seconds, bootstrap likelihood -64078.401016, best rearrangement setting 15
Bootstrap[7]: Time 1.328289 seconds, bootstrap likelihood -64981.440659, best rearrangement setting 8
Bootstrap[8]: Time 5.534784 seconds, bootstrap likelihood -64277.756423, best rearrangement setting 15
Bootstrap[9]: Time 2.723852 seconds, bootstrap likelihood -63904.700791, best rearrangement setting 7
Bootstrap[10]: Time 1.180977 seconds, bootstrap likelihood -64619.829690, best rearrangement setting 7
Bootstrap[11]: Time 1.173387 seconds, bootstrap likelihood -66176.696596, best rearrangement setting 8
Bootstrap[12]: Time 1.316062 seconds, bootstrap likelihood -62814.560547, best rearrangement setting 10
Bootstrap[13]: Time 1.272574 seconds, bootstrap likelihood -63825.154375, best rearrangement setting 14
Bootstrap[14]: Time 1.197100 seconds, bootstrap likelihood -64250.263435, best rearrangement setting 14
Bootstrap[15]: Time 1.041184 seconds, bootstrap likelihood -64651.118820, best rearrangement setting 6
Bootstrap[16]: Time 1.051541 seconds, bootstrap likelihood -64525.913082, best rearrangement setting 7
Bootstrap[17]: Time 1.164770 seconds, bootstrap likelihood -62902.560448, best rearrangement setting 6
Bootstrap[18]: Time 1.496870 seconds, bootstrap likelihood -64442.357190, best rearrangement setting 10
Bootstrap[19]: Time 1.243450 seconds, bootstrap likelihood -65188.865072, best rearrangement setting 8
Bootstrap[20]: Time 48.334116 seconds, bootstrap likelihood -65686.327678, best rearrangement setting 5
Bootstrap[21]: Time 3.760438 seconds, bootstrap likelihood -62868.762179, best rearrangement setting 12
Bootstrap[22]: Time 44.872791 seconds, bootstrap likelihood -65232.260206, best rearrangement setting 15
Bootstrap[23]: Time 2.816413 seconds, bootstrap likelihood -63688.412454, best rearrangement setting 10
Bootstrap[24]: Time 19.774614 seconds, bootstrap likelihood -62544.123244, best rearrangement setting 13
Bootstrap[25]: Time 3.900298 seconds, bootstrap likelihood -63094.955538, best rearrangement setting 12
Bootstrap[26]: Time 1.181911 seconds, bootstrap likelihood -63982.461736, best rearrangement setting 13
Bootstrap[27]: Time 1.454044 seconds, bootstrap likelihood -64823.638554, best rearrangement setting 15
Bootstrap[28]: Time 1.310159 seconds, bootstrap likelihood -65418.325041, best rearrangement setting 11
Bootstrap[29]: Time 1.204254 seconds, bootstrap likelihood -64388.898497, best rearrangement setting 7
Bootstrap[30]: Time 1.248148 seconds, bootstrap likelihood -64679.732158, best rearrangement setting 11
Bootstrap[31]: Time 1.156823 seconds, bootstrap likelihood -64830.302277, best rearrangement setting 15
Bootstrap[32]: Time 1.186637 seconds, bootstrap likelihood -64709.409778, best rearrangement setting 12
Bootstrap[33]: Time 12.100860 seconds, bootstrap likelihood -64307.879622, best rearrangement setting 12
Bootstrap[34]: Time 1.175813 seconds, bootstrap likelihood -63092.472301, best rearrangement setting 8
Bootstrap[35]: Time 11.515726 seconds, bootstrap likelihood -62930.241637, best rearrangement setting 13
Bootstrap[36]: Time 14.207217 seconds, bootstrap likelihood -63642.895774, best rearrangement setting 8
Bootstrap[37]: Time 1.221369 seconds, bootstrap likelihood -63940.924972, best rearrangement setting 12
Bootstrap[38]: Time 0.871521 seconds, bootstrap likelihood -64168.161920, best rearrangement setting 5
Bootstrap[39]: Time 1.220444 seconds, bootstrap likelihood -63232.714000, best rearrangement setting 10
Bootstrap[40]: Time 5.119152 seconds, bootstrap likelihood -65270.732167, best rearrangement setting 14
Bootstrap[41]: Time 7.849723 seconds, bootstrap likelihood -64809.148583, best rearrangement setting 11
Bootstrap[42]: Time 14.440506 seconds, bootstrap likelihood -65687.419118, best rearrangement setting 13
Bootstrap[43]: Time 1.133716 seconds, bootstrap likelihood -63771.092168, best rearrangement setting 8
Bootstrap[44]: Time 1.209220 seconds, bootstrap likelihood -64359.108112, best rearrangement setting 15
Bootstrap[45]: Time 1.031801 seconds, bootstrap likelihood -64403.119939, best rearrangement setting 5
Bootstrap[46]: Time 1.261197 seconds, bootstrap likelihood -65275.009167, best rearrangement setting 11
Bootstrap[47]: Time 1.363290 seconds, bootstrap likelihood -65137.561784, best rearrangement setting 9
Bootstrap[48]: Time 1.268212 seconds, bootstrap likelihood -65960.938476, best rearrangement setting 12
Bootstrap[49]: Time 2.140529 seconds, bootstrap likelihood -62844.306506, best rearrangement setting 14
Bootstrap[50]: Time 1.362748 seconds, bootstrap likelihood -63311.182270, best rearrangement setting 13
Bootstrap[51]: Time 1.162580 seconds, bootstrap likelihood -63113.020654, best rearrangement setting 13
Bootstrap[52]: Time 1.328913 seconds, bootstrap likelihood -65545.895444, best rearrangement setting 10
Bootstrap[53]: Time 1.249181 seconds, bootstrap likelihood -65791.568965, best rearrangement setting 11
Bootstrap[54]: Time 0.979565 seconds, bootstrap likelihood -64707.456154, best rearrangement setting 5
Bootstrap[55]: Time 1.201321 seconds, bootstrap likelihood -64273.274027, best rearrangement setting 7
Bootstrap[56]: Time 1.306138 seconds, bootstrap likelihood -64748.290872, best rearrangement setting 15
Bootstrap[57]: Time 0.977937 seconds, bootstrap likelihood -63442.359023, best rearrangement setting 5
Bootstrap[58]: Time 1.252622 seconds, bootstrap likelihood -65244.981252, best rearrangement setting 7
Bootstrap[59]: Time 1.159682 seconds, bootstrap likelihood -64452.868524, best rearrangement setting 14
Bootstrap[60]: Time 1.315248 seconds, bootstrap likelihood -63247.906768, best rearrangement setting 15
Bootstrap[61]: Time 42.629481 seconds, bootstrap likelihood -63944.177363, best rearrangement setting 13
Bootstrap[62]: Time 9.609780 seconds, bootstrap likelihood -64182.420116, best rearrangement setting 15
Bootstrap[63]: Time 7.067807 seconds, bootstrap likelihood -63517.517266, best rearrangement setting 14
Bootstrap[64]: Time 1.581007 seconds, bootstrap likelihood -65313.767333, best rearrangement setting 13
Bootstrap[65]: Time 10.834560 seconds, bootstrap likelihood -64262.775173, best rearrangement setting 15
Bootstrap[66]: Time 1.153120 seconds, bootstrap likelihood -63988.385011, best rearrangement setting 11
Bootstrap[67]: Time 1.143304 seconds, bootstrap likelihood -64185.616665, best rearrangement setting 14
Bootstrap[68]: Time 1.350473 seconds, bootstrap likelihood -64333.278178, best rearrangement setting 10
Bootstrap[69]: Time 13.241886 seconds, bootstrap likelihood -64922.384334, best rearrangement setting 14
Bootstrap[70]: Time 1.167440 seconds, bootstrap likelihood -64562.023360, best rearrangement setting 6
Bootstrap[71]: Time 7.407860 seconds, bootstrap likelihood -64226.124673, best rearrangement setting 8
Bootstrap[72]: Time 0.922576 seconds, bootstrap likelihood -64676.322838, best rearrangement setting 5
Bootstrap[73]: Time 1.038252 seconds, bootstrap likelihood -64301.414848, best rearrangement setting 6
Bootstrap[74]: Time 1.079904 seconds, bootstrap likelihood -64994.117493, best rearrangement setting 8
Bootstrap[75]: Time 1.133273 seconds, bootstrap likelihood -63836.518675, best rearrangement setting 14
Bootstrap[76]: Time 1.159171 seconds, bootstrap likelihood -65725.387700, best rearrangement setting 9
Bootstrap[77]: Time 1.191081 seconds, bootstrap likelihood -65136.140491, best rearrangement setting 11
Bootstrap[78]: Time 63.555911 seconds, bootstrap likelihood -64546.646124, best rearrangement setting 13
Bootstrap[79]: Time 1.084168 seconds, bootstrap likelihood -64340.188739, best rearrangement setting 13
Bootstrap[80]: Time 1.082894 seconds, bootstrap likelihood -63185.383596, best rearrangement setting 8
Bootstrap[81]: Time 1.158507 seconds, bootstrap likelihood -63957.667492, best rearrangement setting 11
Bootstrap[82]: Time 1.112539 seconds, bootstrap likelihood -64491.682595, best rearrangement setting 7
Bootstrap[83]: Time 0.981060 seconds, bootstrap likelihood -65236.549599, best rearrangement setting 7
Bootstrap[84]: Time 1.035337 seconds, bootstrap likelihood -63458.847893, best rearrangement setting 9
Bootstrap[85]: Time 1.182814 seconds, bootstrap likelihood -65502.449133, best rearrangement setting 15
Bootstrap[86]: Time 1.085901 seconds, bootstrap likelihood -63788.574375, best rearrangement setting 14
Bootstrap[87]: Time 10.958424 seconds, bootstrap likelihood -64641.404354, best rearrangement setting 12
Bootstrap[88]: Time 4.255333 seconds, bootstrap likelihood -62873.038902, best rearrangement setting 12
Bootstrap[89]: Time 14.770992 seconds, bootstrap likelihood -63543.864097, best rearrangement setting 13
Bootstrap[90]: Time 29.175414 seconds, bootstrap likelihood -65997.428913, best rearrangement setting 12
Bootstrap[91]: Time 1.011450 seconds, bootstrap likelihood -63743.652396, best rearrangement setting 6
Bootstrap[92]: Time 1.233944 seconds, bootstrap likelihood -63792.873275, best rearrangement setting 13
Bootstrap[93]: Time 1.135438 seconds, bootstrap likelihood -64356.100684, best rearrangement setting 6
Bootstrap[94]: Time 1.036044 seconds, bootstrap likelihood -65649.783392, best rearrangement setting 14
Bootstrap[95]: Time 7.398350 seconds, bootstrap likelihood -63419.196992, best rearrangement setting 9
Bootstrap[96]: Time 28.765734 seconds, bootstrap likelihood -63451.864759, best rearrangement setting 8
Bootstrap[97]: Time 1.530924 seconds, bootstrap likelihood -65987.379238, best rearrangement setting 13
Bootstrap[98]: Time 37.538755 seconds, bootstrap likelihood -65595.374451, best rearrangement setting 15
Bootstrap[99]: Time 7.993708 seconds, bootstrap likelihood -63594.004446, best rearrangement setting 14


Overall Time for 100 Rapid Bootstraps 580.558602 seconds
Average Time per Rapid Bootstrap 5.805586 seconds

Starting ML Search ...

Fast ML optimization finished

Fast ML search Time: 346.182334 seconds

Slow ML Search 0 Likelihood: -64399.103590
Slow ML Search 1 Likelihood: -64399.103589
Slow ML Search 2 Likelihood: -64399.103591
Slow ML Search 3 Likelihood: -64401.296652
Slow ML Search 4 Likelihood: -64401.296652
Slow ML Search 5 Likelihood: -64403.112190
Slow ML Search 6 Likelihood: -64402.956077
Slow ML Search 7 Likelihood: -64402.956078
Slow ML Search 8 Likelihood: -64403.804464
Slow ML Search 9 Likelihood: -64404.462301
Slow ML optimization finished

Slow ML search Time: 98.979008 seconds
Thorough ML search Time: 2.149233 seconds

Final ML Optimization Likelihood: -64399.143839

Model Information:

Model Parameters of Partition 0, Name: No Name Provided, Type of Data: DNA
alpha: 0.325634
Tree-Length: 2.990185
rate A <-> C: 2.153975
rate A <-> G: 5.435912
rate A <-> T: 0.908866
rate C <-> G: 0.983999
rate C <-> T: 6.298737
rate G <-> T: 1.000000

freq pi(A): 0.369942
freq pi(C): 0.174282
freq pi(G): 0.234268
freq pi(T): 0.221509


ML search took 447.345481 secs or 0.124263 hours

Combined Bootstrap and ML search took 1027.904214 secs or 0.285529 hours

Drawing Bootstrap Support Values on best-scoring ML tree ...



Found 1 tree in File /gpfs_home/mhowison/code/hiv-profile-sampling/scratch/trees/gag-pol-env/RAxML_bestTree.sample.103



Found 1 tree in File /gpfs_home/mhowison/code/hiv-profile-sampling/scratch/trees/gag-pol-env/RAxML_bestTree.sample.103

Program execution info written to /gpfs_home/mhowison/code/hiv-profile-sampling/scratch/trees/gag-pol-env/RAxML_info.sample.103
All 100 bootstrapped trees written to: /gpfs_home/mhowison/code/hiv-profile-sampling/scratch/trees/gag-pol-env/RAxML_bootstrap.sample.103

Best-scoring ML tree written to: /gpfs_home/mhowison/code/hiv-profile-sampling/scratch/trees/gag-pol-env/RAxML_bestTree.sample.103

Best-scoring ML tree with support values written to: /gpfs_home/mhowison/code/hiv-profile-sampling/scratch/trees/gag-pol-env/RAxML_bipartitions.sample.103

Best-scoring ML tree with support values as branch labels written to: /gpfs_home/mhowison/code/hiv-profile-sampling/scratch/trees/gag-pol-env/RAxML_bipartitionsBranchLabels.sample.103

Overall execution time for full ML analysis: 1027.909111 secs or 0.285530 hours or 0.011897 days

