srun: job 263981 queued and waiting for resources
srun: job 263981 has been allocated resources
Warning, you specified a working directory via "-w"
Keep in mind that RAxML only accepts absolute path names, not relative ones!

RAxML can't, parse the alignment file as phylip file 
it will now try to parse it as FASTA file



Using BFGS method to optimize GTR rate parameters, to disable this specify "--no-bfgs" 


This is the RAxML Master Pthread

This is RAxML Worker Pthread Number: 2

This is RAxML Worker Pthread Number: 1

This is RAxML Worker Pthread Number: 3

This is RAxML Worker Pthread Number: 4

This is RAxML Worker Pthread Number: 6

This is RAxML Worker Pthread Number: 5

This is RAxML Worker Pthread Number: 7

This is RAxML Worker Pthread Number: 8

This is RAxML Worker Pthread Number: 9

This is RAxML Worker Pthread Number: 10

This is RAxML Worker Pthread Number: 11

This is RAxML Worker Pthread Number: 13

This is RAxML Worker Pthread Number: 12

This is RAxML Worker Pthread Number: 14

This is RAxML Worker Pthread Number: 15

This is RAxML Worker Pthread Number: 16

This is RAxML Worker Pthread Number: 17

This is RAxML Worker Pthread Number: 18

This is RAxML Worker Pthread Number: 19


This is RAxML version 8.2.12 released by Alexandros Stamatakis on May 2018.

With greatly appreciated code contributions by:
Andre Aberer      (HITS)
Simon Berger      (HITS)
Alexey Kozlov     (HITS)
Kassian Kobert    (HITS)
David Dao         (KIT and HITS)
Sarah Lutteropp   (KIT and HITS)
Nick Pattengale   (Sandia)
Wayne Pfeiffer    (SDSC)
Akifumi S. Tanabe (NRIFS)
Charlie Taylor    (UF)


Alignment has 3154 distinct alignment patterns

Proportion of gaps and completely undetermined characters in this alignment: 6.11%

RAxML rapid bootstrapping and subsequent ML search

Using 1 distinct models/data partitions with joint branch length optimization



Executing 100 rapid bootstrap inferences and thereafter a thorough ML search 

All free model parameters will be estimated by RAxML
GAMMA model of rate heterogeneity, ML estimate of alpha-parameter

GAMMA Model parameters will be estimated up to an accuracy of 0.1000000000 Log Likelihood units

Partition: 0
Alignment Patterns: 3154
Name: No Name Provided
DataType: DNA
Substitution Matrix: GTR




RAxML was called as follows:

raxmlHPC-PTHREADS-AVX -T 20 -s scratch/aligned/gag-pol-env/sample.124.fa -p 5297178748 -x 5297178748 -f a -N 100 -m GTRGAMMA -w /gpfs_home/mhowison/code/hiv-profile-sampling/scratch/trees/gag-pol-env -n sample.124 



Time for BS model parameter optimization 0.187364
Bootstrap[0]: Time 2.707405 seconds, bootstrap likelihood -63472.662158, best rearrangement setting 10
Bootstrap[1]: Time 4.057407 seconds, bootstrap likelihood -63739.108901, best rearrangement setting 7
Bootstrap[2]: Time 1.210367 seconds, bootstrap likelihood -64499.064469, best rearrangement setting 13
Bootstrap[3]: Time 1.025022 seconds, bootstrap likelihood -64261.494288, best rearrangement setting 14
Bootstrap[4]: Time 1.261650 seconds, bootstrap likelihood -65736.419240, best rearrangement setting 14
Bootstrap[5]: Time 1.160645 seconds, bootstrap likelihood -63756.633754, best rearrangement setting 13
Bootstrap[6]: Time 1.019672 seconds, bootstrap likelihood -63229.073167, best rearrangement setting 15
Bootstrap[7]: Time 64.321831 seconds, bootstrap likelihood -63330.339513, best rearrangement setting 5
Bootstrap[8]: Time 26.849146 seconds, bootstrap likelihood -62104.671312, best rearrangement setting 10
Bootstrap[9]: Time 8.988767 seconds, bootstrap likelihood -64435.557905, best rearrangement setting 6
Bootstrap[10]: Time 21.177044 seconds, bootstrap likelihood -64317.233177, best rearrangement setting 14
Bootstrap[11]: Time 1.183029 seconds, bootstrap likelihood -63023.658559, best rearrangement setting 15
Bootstrap[12]: Time 1.110956 seconds, bootstrap likelihood -63792.255649, best rearrangement setting 10
Bootstrap[13]: Time 1.367927 seconds, bootstrap likelihood -63487.972552, best rearrangement setting 11
Bootstrap[14]: Time 1.211079 seconds, bootstrap likelihood -64338.476938, best rearrangement setting 15
Bootstrap[15]: Time 10.019891 seconds, bootstrap likelihood -64763.236532, best rearrangement setting 10
Bootstrap[16]: Time 1.162202 seconds, bootstrap likelihood -63582.542160, best rearrangement setting 10
Bootstrap[17]: Time 11.994532 seconds, bootstrap likelihood -64800.398056, best rearrangement setting 8
Bootstrap[18]: Time 52.314693 seconds, bootstrap likelihood -64203.929445, best rearrangement setting 9
Bootstrap[19]: Time 1.376310 seconds, bootstrap likelihood -64778.481011, best rearrangement setting 14
Bootstrap[20]: Time 1.081212 seconds, bootstrap likelihood -64006.547972, best rearrangement setting 6
Bootstrap[21]: Time 1.093903 seconds, bootstrap likelihood -64177.058730, best rearrangement setting 6
Bootstrap[22]: Time 6.290986 seconds, bootstrap likelihood -65324.729814, best rearrangement setting 10
Bootstrap[23]: Time 1.288102 seconds, bootstrap likelihood -65108.391284, best rearrangement setting 15
Bootstrap[24]: Time 1.466610 seconds, bootstrap likelihood -64462.254879, best rearrangement setting 11
Bootstrap[25]: Time 1.254625 seconds, bootstrap likelihood -65403.463054, best rearrangement setting 14
Bootstrap[26]: Time 1.358224 seconds, bootstrap likelihood -62508.822843, best rearrangement setting 8
Bootstrap[27]: Time 7.812101 seconds, bootstrap likelihood -63962.356033, best rearrangement setting 9
Bootstrap[28]: Time 5.764472 seconds, bootstrap likelihood -63382.876885, best rearrangement setting 12
Bootstrap[29]: Time 0.973941 seconds, bootstrap likelihood -62753.196971, best rearrangement setting 5
Bootstrap[30]: Time 1.188061 seconds, bootstrap likelihood -64087.475433, best rearrangement setting 9
Bootstrap[31]: Time 1.250106 seconds, bootstrap likelihood -65505.192592, best rearrangement setting 12
Bootstrap[32]: Time 1.152674 seconds, bootstrap likelihood -63885.260590, best rearrangement setting 10
Bootstrap[33]: Time 1.167422 seconds, bootstrap likelihood -65208.025544, best rearrangement setting 10
Bootstrap[34]: Time 1.402866 seconds, bootstrap likelihood -65075.066118, best rearrangement setting 12
Bootstrap[35]: Time 1.172398 seconds, bootstrap likelihood -64546.204372, best rearrangement setting 12
Bootstrap[36]: Time 0.963521 seconds, bootstrap likelihood -65166.771085, best rearrangement setting 5
Bootstrap[37]: Time 1.580024 seconds, bootstrap likelihood -65662.225131, best rearrangement setting 10
Bootstrap[38]: Time 1.088601 seconds, bootstrap likelihood -64153.932167, best rearrangement setting 15
Bootstrap[39]: Time 2.233235 seconds, bootstrap likelihood -64711.979341, best rearrangement setting 7
Bootstrap[40]: Time 1.845086 seconds, bootstrap likelihood -64228.674496, best rearrangement setting 13
Bootstrap[41]: Time 3.296673 seconds, bootstrap likelihood -64933.112839, best rearrangement setting 9
Bootstrap[42]: Time 1.245712 seconds, bootstrap likelihood -64186.886308, best rearrangement setting 11
Bootstrap[43]: Time 1.328863 seconds, bootstrap likelihood -64881.247690, best rearrangement setting 8
Bootstrap[44]: Time 7.995813 seconds, bootstrap likelihood -62977.874905, best rearrangement setting 14
Bootstrap[45]: Time 4.967007 seconds, bootstrap likelihood -65863.912414, best rearrangement setting 13
Bootstrap[46]: Time 47.658746 seconds, bootstrap likelihood -63265.295164, best rearrangement setting 10
Bootstrap[47]: Time 78.051518 seconds, bootstrap likelihood -63007.649073, best rearrangement setting 12
Bootstrap[48]: Time 1.290096 seconds, bootstrap likelihood -64578.819357, best rearrangement setting 11
Bootstrap[49]: Time 1.202172 seconds, bootstrap likelihood -64687.331313, best rearrangement setting 12
Bootstrap[50]: Time 16.063235 seconds, bootstrap likelihood -64051.956853, best rearrangement setting 9
Bootstrap[51]: Time 5.302988 seconds, bootstrap likelihood -64574.977826, best rearrangement setting 15
Bootstrap[52]: Time 5.049028 seconds, bootstrap likelihood -63551.447271, best rearrangement setting 7
Bootstrap[53]: Time 34.035137 seconds, bootstrap likelihood -63909.499430, best rearrangement setting 14
Bootstrap[54]: Time 7.574584 seconds, bootstrap likelihood -64284.312512, best rearrangement setting 6
Bootstrap[55]: Time 47.365141 seconds, bootstrap likelihood -64340.585795, best rearrangement setting 11
Bootstrap[56]: Time 12.612641 seconds, bootstrap likelihood -63554.824503, best rearrangement setting 9
Bootstrap[57]: Time 1.207027 seconds, bootstrap likelihood -63738.114730, best rearrangement setting 7
Bootstrap[58]: Time 1.420208 seconds, bootstrap likelihood -64666.573351, best rearrangement setting 14
Bootstrap[59]: Time 0.879519 seconds, bootstrap likelihood -66243.391385, best rearrangement setting 5
Bootstrap[60]: Time 1.419739 seconds, bootstrap likelihood -64980.996311, best rearrangement setting 11
Bootstrap[61]: Time 1.227285 seconds, bootstrap likelihood -64852.304105, best rearrangement setting 7
Bootstrap[62]: Time 1.110898 seconds, bootstrap likelihood -63747.432983, best rearrangement setting 7
Bootstrap[63]: Time 36.258673 seconds, bootstrap likelihood -63302.568940, best rearrangement setting 14
Bootstrap[64]: Time 35.816701 seconds, bootstrap likelihood -64532.489232, best rearrangement setting 8
Bootstrap[65]: Time 17.579390 seconds, bootstrap likelihood -64376.433141, best rearrangement setting 11
Bootstrap[66]: Time 2.059547 seconds, bootstrap likelihood -65632.970198, best rearrangement setting 11
Bootstrap[67]: Time 1.332927 seconds, bootstrap likelihood -63010.034207, best rearrangement setting 13
Bootstrap[68]: Time 1.320801 seconds, bootstrap likelihood -65336.345666, best rearrangement setting 9
Bootstrap[69]: Time 1.264803 seconds, bootstrap likelihood -64153.581553, best rearrangement setting 12
Bootstrap[70]: Time 1.359956 seconds, bootstrap likelihood -63958.576576, best rearrangement setting 10
Bootstrap[71]: Time 1.173472 seconds, bootstrap likelihood -63750.606502, best rearrangement setting 12
Bootstrap[72]: Time 1.399427 seconds, bootstrap likelihood -65277.622138, best rearrangement setting 14
Bootstrap[73]: Time 33.181072 seconds, bootstrap likelihood -65824.908521, best rearrangement setting 6
Bootstrap[74]: Time 1.322071 seconds, bootstrap likelihood -64521.115918, best rearrangement setting 11
Bootstrap[75]: Time 2.556601 seconds, bootstrap likelihood -65011.582977, best rearrangement setting 15
Bootstrap[76]: Time 1.345166 seconds, bootstrap likelihood -64268.241215, best rearrangement setting 12
Bootstrap[77]: Time 1.306975 seconds, bootstrap likelihood -64534.515749, best rearrangement setting 13
Bootstrap[78]: Time 1.243831 seconds, bootstrap likelihood -65340.185950, best rearrangement setting 7
Bootstrap[79]: Time 1.156647 seconds, bootstrap likelihood -62311.038345, best rearrangement setting 14
Bootstrap[80]: Time 1.238485 seconds, bootstrap likelihood -65211.108773, best rearrangement setting 9
Bootstrap[81]: Time 1.306254 seconds, bootstrap likelihood -64179.482114, best rearrangement setting 12
Bootstrap[82]: Time 1.177205 seconds, bootstrap likelihood -65207.058978, best rearrangement setting 8
Bootstrap[83]: Time 1.101148 seconds, bootstrap likelihood -63232.198935, best rearrangement setting 7
Bootstrap[84]: Time 1.313193 seconds, bootstrap likelihood -63380.414313, best rearrangement setting 9
Bootstrap[85]: Time 0.881362 seconds, bootstrap likelihood -62449.613970, best rearrangement setting 5
Bootstrap[86]: Time 13.443609 seconds, bootstrap likelihood -64839.303517, best rearrangement setting 8
Bootstrap[87]: Time 2.829611 seconds, bootstrap likelihood -64202.705551, best rearrangement setting 6
Bootstrap[88]: Time 3.150897 seconds, bootstrap likelihood -65340.012192, best rearrangement setting 15
Bootstrap[89]: Time 1.105688 seconds, bootstrap likelihood -62968.204876, best rearrangement setting 7
Bootstrap[90]: Time 1.270926 seconds, bootstrap likelihood -65513.909729, best rearrangement setting 8
Bootstrap[91]: Time 1.179749 seconds, bootstrap likelihood -64275.265691, best rearrangement setting 15
Bootstrap[92]: Time 1.175091 seconds, bootstrap likelihood -64526.153437, best rearrangement setting 10
Bootstrap[93]: Time 1.079271 seconds, bootstrap likelihood -63320.064081, best rearrangement setting 6
Bootstrap[94]: Time 1.446796 seconds, bootstrap likelihood -66594.107973, best rearrangement setting 11
Bootstrap[95]: Time 1.257349 seconds, bootstrap likelihood -64036.214447, best rearrangement setting 15
Bootstrap[96]: Time 1.348582 seconds, bootstrap likelihood -63044.593600, best rearrangement setting 12
Bootstrap[97]: Time 1.328469 seconds, bootstrap likelihood -64441.318920, best rearrangement setting 10
Bootstrap[98]: Time 1.915419 seconds, bootstrap likelihood -63842.462090, best rearrangement setting 5
Bootstrap[99]: Time 2.206083 seconds, bootstrap likelihood -64565.026123, best rearrangement setting 5


Overall Time for 100 Rapid Bootstraps 724.839919 seconds
Average Time per Rapid Bootstrap 7.248399 seconds

Starting ML Search ...

Fast ML optimization finished

Fast ML search Time: 812.884126 seconds

Slow ML Search 0 Likelihood: -64411.838054
Slow ML Search 1 Likelihood: -64415.618199
Slow ML Search 2 Likelihood: -64416.143786
Slow ML Search 3 Likelihood: -64416.583238
Slow ML Search 4 Likelihood: -64417.241784
Slow ML Search 5 Likelihood: -64417.414187
Slow ML Search 6 Likelihood: -64417.307850
Slow ML Search 7 Likelihood: -64417.570590
Slow ML Search 8 Likelihood: -64419.650940
Slow ML Search 9 Likelihood: -64420.248797
Slow ML optimization finished

Slow ML search Time: 39.378010 seconds
Thorough ML search Time: 2.169608 seconds

Final ML Optimization Likelihood: -64411.838053

Model Information:

Model Parameters of Partition 0, Name: No Name Provided, Type of Data: DNA
alpha: 0.325704
Tree-Length: 3.026571
rate A <-> C: 2.114403
rate A <-> G: 5.311014
rate A <-> T: 0.873213
rate C <-> G: 0.925224
rate C <-> T: 6.184749
rate G <-> T: 1.000000

freq pi(A): 0.369754
freq pi(C): 0.174036
freq pi(G): 0.234414
freq pi(T): 0.221797


ML search took 854.438014 secs or 0.237344 hours

Combined Bootstrap and ML search took 1579.278073 secs or 0.438688 hours

Drawing Bootstrap Support Values on best-scoring ML tree ...



Found 1 tree in File /gpfs_home/mhowison/code/hiv-profile-sampling/scratch/trees/gag-pol-env/RAxML_bestTree.sample.124



Found 1 tree in File /gpfs_home/mhowison/code/hiv-profile-sampling/scratch/trees/gag-pol-env/RAxML_bestTree.sample.124

Program execution info written to /gpfs_home/mhowison/code/hiv-profile-sampling/scratch/trees/gag-pol-env/RAxML_info.sample.124
All 100 bootstrapped trees written to: /gpfs_home/mhowison/code/hiv-profile-sampling/scratch/trees/gag-pol-env/RAxML_bootstrap.sample.124

Best-scoring ML tree written to: /gpfs_home/mhowison/code/hiv-profile-sampling/scratch/trees/gag-pol-env/RAxML_bestTree.sample.124

Best-scoring ML tree with support values written to: /gpfs_home/mhowison/code/hiv-profile-sampling/scratch/trees/gag-pol-env/RAxML_bipartitions.sample.124

Best-scoring ML tree with support values as branch labels written to: /gpfs_home/mhowison/code/hiv-profile-sampling/scratch/trees/gag-pol-env/RAxML_bipartitionsBranchLabels.sample.124

Overall execution time for full ML analysis: 1579.282548 secs or 0.438690 hours or 0.018279 days

