srun: job 263976 queued and waiting for resources
srun: job 263976 has been allocated resources
Warning, you specified a working directory via "-w"
Keep in mind that RAxML only accepts absolute path names, not relative ones!

RAxML can't, parse the alignment file as phylip file 
it will now try to parse it as FASTA file



Using BFGS method to optimize GTR rate parameters, to disable this specify "--no-bfgs" 


This is the RAxML Master Pthread

This is RAxML Worker Pthread Number: 1

This is RAxML Worker Pthread Number: 4

This is RAxML Worker Pthread Number: 3

This is RAxML Worker Pthread Number: 2

This is RAxML Worker Pthread Number: 5

This is RAxML Worker Pthread Number: 8

This is RAxML Worker Pthread Number: 7

This is RAxML Worker Pthread Number: 6

This is RAxML Worker Pthread Number: 12

This is RAxML Worker Pthread Number: 10

This is RAxML Worker Pthread Number: 14

This is RAxML Worker Pthread Number: 9

This is RAxML Worker Pthread Number: 11

This is RAxML Worker Pthread Number: 13

This is RAxML Worker Pthread Number: 16

This is RAxML Worker Pthread Number: 15

This is RAxML Worker Pthread Number: 18

This is RAxML Worker Pthread Number: 17

This is RAxML Worker Pthread Number: 19


This is RAxML version 8.2.12 released by Alexandros Stamatakis on May 2018.

With greatly appreciated code contributions by:
Andre Aberer      (HITS)
Simon Berger      (HITS)
Alexey Kozlov     (HITS)
Kassian Kobert    (HITS)
David Dao         (KIT and HITS)
Sarah Lutteropp   (KIT and HITS)
Nick Pattengale   (Sandia)
Wayne Pfeiffer    (SDSC)
Akifumi S. Tanabe (NRIFS)
Charlie Taylor    (UF)


Alignment has 3192 distinct alignment patterns

Proportion of gaps and completely undetermined characters in this alignment: 6.11%

RAxML rapid bootstrapping and subsequent ML search

Using 1 distinct models/data partitions with joint branch length optimization



Executing 100 rapid bootstrap inferences and thereafter a thorough ML search 

All free model parameters will be estimated by RAxML
GAMMA model of rate heterogeneity, ML estimate of alpha-parameter

GAMMA Model parameters will be estimated up to an accuracy of 0.1000000000 Log Likelihood units

Partition: 0
Alignment Patterns: 3192
Name: No Name Provided
DataType: DNA
Substitution Matrix: GTR




RAxML was called as follows:

raxmlHPC-PTHREADS-AVX -T 20 -s scratch/aligned/gag-pol-env/sample.12.fa -p 5767735832 -x 5767735832 -f a -N 100 -m GTRGAMMA -w /gpfs_home/mhowison/code/hiv-profile-sampling/scratch/trees/gag-pol-env -n sample.12 



Time for BS model parameter optimization 0.186941
Bootstrap[0]: Time 1.109387 seconds, bootstrap likelihood -63398.036303, best rearrangement setting 5
Bootstrap[1]: Time 1.100889 seconds, bootstrap likelihood -63974.664168, best rearrangement setting 9
Bootstrap[2]: Time 1.384960 seconds, bootstrap likelihood -64324.013968, best rearrangement setting 14
Bootstrap[3]: Time 0.904786 seconds, bootstrap likelihood -65049.282148, best rearrangement setting 5
Bootstrap[4]: Time 0.933804 seconds, bootstrap likelihood -64035.197990, best rearrangement setting 13
Bootstrap[5]: Time 0.823421 seconds, bootstrap likelihood -64956.439534, best rearrangement setting 5
Bootstrap[6]: Time 1.108968 seconds, bootstrap likelihood -64632.455685, best rearrangement setting 15
Bootstrap[7]: Time 1.185743 seconds, bootstrap likelihood -63909.826277, best rearrangement setting 8
Bootstrap[8]: Time 1.324469 seconds, bootstrap likelihood -64149.267595, best rearrangement setting 8
Bootstrap[9]: Time 1.159575 seconds, bootstrap likelihood -63383.655903, best rearrangement setting 13
Bootstrap[10]: Time 1.170755 seconds, bootstrap likelihood -63581.736761, best rearrangement setting 14
Bootstrap[11]: Time 3.504675 seconds, bootstrap likelihood -64647.702230, best rearrangement setting 12
Bootstrap[12]: Time 0.992773 seconds, bootstrap likelihood -64869.705086, best rearrangement setting 5
Bootstrap[13]: Time 1.165974 seconds, bootstrap likelihood -64709.813990, best rearrangement setting 11
Bootstrap[14]: Time 1.222975 seconds, bootstrap likelihood -64472.747058, best rearrangement setting 9
Bootstrap[15]: Time 0.943359 seconds, bootstrap likelihood -64835.403466, best rearrangement setting 5
Bootstrap[16]: Time 0.935925 seconds, bootstrap likelihood -65668.948053, best rearrangement setting 5
Bootstrap[17]: Time 1.290256 seconds, bootstrap likelihood -64436.156485, best rearrangement setting 11
Bootstrap[18]: Time 1.218846 seconds, bootstrap likelihood -65066.681706, best rearrangement setting 15
Bootstrap[19]: Time 1.679558 seconds, bootstrap likelihood -64275.703056, best rearrangement setting 9
Bootstrap[20]: Time 1.200657 seconds, bootstrap likelihood -64109.729167, best rearrangement setting 9
Bootstrap[21]: Time 1.109289 seconds, bootstrap likelihood -64054.094929, best rearrangement setting 11
Bootstrap[22]: Time 1.273050 seconds, bootstrap likelihood -63993.052511, best rearrangement setting 11
Bootstrap[23]: Time 1.020366 seconds, bootstrap likelihood -63167.129063, best rearrangement setting 6
Bootstrap[24]: Time 1.214766 seconds, bootstrap likelihood -64515.074705, best rearrangement setting 15
Bootstrap[25]: Time 1.332060 seconds, bootstrap likelihood -65365.960840, best rearrangement setting 11
Bootstrap[26]: Time 1.385766 seconds, bootstrap likelihood -64315.581046, best rearrangement setting 12
Bootstrap[27]: Time 1.113936 seconds, bootstrap likelihood -65301.601973, best rearrangement setting 7
Bootstrap[28]: Time 1.450320 seconds, bootstrap likelihood -65893.469230, best rearrangement setting 11
Bootstrap[29]: Time 1.294808 seconds, bootstrap likelihood -65129.738097, best rearrangement setting 7
Bootstrap[30]: Time 1.072097 seconds, bootstrap likelihood -63235.886883, best rearrangement setting 6
Bootstrap[31]: Time 1.665764 seconds, bootstrap likelihood -64916.585710, best rearrangement setting 11
Bootstrap[32]: Time 1.280880 seconds, bootstrap likelihood -64577.649354, best rearrangement setting 15
Bootstrap[33]: Time 1.257550 seconds, bootstrap likelihood -65494.983498, best rearrangement setting 14
Bootstrap[34]: Time 1.106458 seconds, bootstrap likelihood -65758.829123, best rearrangement setting 11
Bootstrap[35]: Time 1.151725 seconds, bootstrap likelihood -65391.763551, best rearrangement setting 7
Bootstrap[36]: Time 1.297386 seconds, bootstrap likelihood -63815.672892, best rearrangement setting 9
Bootstrap[37]: Time 1.014496 seconds, bootstrap likelihood -64922.713653, best rearrangement setting 10
Bootstrap[38]: Time 1.092593 seconds, bootstrap likelihood -64594.811902, best rearrangement setting 11
Bootstrap[39]: Time 1.140895 seconds, bootstrap likelihood -64867.767869, best rearrangement setting 9
Bootstrap[40]: Time 1.197521 seconds, bootstrap likelihood -64673.823971, best rearrangement setting 12
Bootstrap[41]: Time 1.226400 seconds, bootstrap likelihood -66401.750850, best rearrangement setting 15
Bootstrap[42]: Time 1.119754 seconds, bootstrap likelihood -63611.296079, best rearrangement setting 8
Bootstrap[43]: Time 1.941005 seconds, bootstrap likelihood -63908.498700, best rearrangement setting 14
Bootstrap[44]: Time 1.235254 seconds, bootstrap likelihood -64484.916971, best rearrangement setting 8
Bootstrap[45]: Time 1.253838 seconds, bootstrap likelihood -65684.399847, best rearrangement setting 14
Bootstrap[46]: Time 1.264610 seconds, bootstrap likelihood -65521.044413, best rearrangement setting 14
Bootstrap[47]: Time 1.128156 seconds, bootstrap likelihood -64098.457668, best rearrangement setting 9
Bootstrap[48]: Time 1.115519 seconds, bootstrap likelihood -63909.164273, best rearrangement setting 12
Bootstrap[49]: Time 1.129590 seconds, bootstrap likelihood -65436.766357, best rearrangement setting 8
Bootstrap[50]: Time 1.193889 seconds, bootstrap likelihood -64993.134731, best rearrangement setting 7
Bootstrap[51]: Time 1.084616 seconds, bootstrap likelihood -63509.663083, best rearrangement setting 10
Bootstrap[52]: Time 1.177362 seconds, bootstrap likelihood -65910.134536, best rearrangement setting 11
Bootstrap[53]: Time 1.111501 seconds, bootstrap likelihood -64644.803972, best rearrangement setting 14
Bootstrap[54]: Time 1.149092 seconds, bootstrap likelihood -64148.400471, best rearrangement setting 14
Bootstrap[55]: Time 1.305809 seconds, bootstrap likelihood -64496.300478, best rearrangement setting 12
Bootstrap[56]: Time 1.220550 seconds, bootstrap likelihood -64408.558459, best rearrangement setting 7
Bootstrap[57]: Time 1.013923 seconds, bootstrap likelihood -64812.105497, best rearrangement setting 7
Bootstrap[58]: Time 1.270014 seconds, bootstrap likelihood -63374.359986, best rearrangement setting 10
Bootstrap[59]: Time 1.192717 seconds, bootstrap likelihood -63932.785558, best rearrangement setting 10
Bootstrap[60]: Time 1.250267 seconds, bootstrap likelihood -63972.019644, best rearrangement setting 10
Bootstrap[61]: Time 1.274459 seconds, bootstrap likelihood -64943.170853, best rearrangement setting 13
Bootstrap[62]: Time 1.235252 seconds, bootstrap likelihood -64703.479637, best rearrangement setting 12
Bootstrap[63]: Time 1.135581 seconds, bootstrap likelihood -65951.459379, best rearrangement setting 13
Bootstrap[64]: Time 1.119043 seconds, bootstrap likelihood -63566.980517, best rearrangement setting 8
Bootstrap[65]: Time 0.973803 seconds, bootstrap likelihood -67546.043627, best rearrangement setting 6
Bootstrap[66]: Time 1.114930 seconds, bootstrap likelihood -64887.598836, best rearrangement setting 6
Bootstrap[67]: Time 1.283237 seconds, bootstrap likelihood -65611.941405, best rearrangement setting 11
Bootstrap[68]: Time 2.118384 seconds, bootstrap likelihood -63962.191268, best rearrangement setting 11
Bootstrap[69]: Time 1.017981 seconds, bootstrap likelihood -64610.113365, best rearrangement setting 6
Bootstrap[70]: Time 1.020044 seconds, bootstrap likelihood -63596.276028, best rearrangement setting 5
Bootstrap[71]: Time 0.998598 seconds, bootstrap likelihood -64427.376906, best rearrangement setting 13
Bootstrap[72]: Time 1.049380 seconds, bootstrap likelihood -63285.907774, best rearrangement setting 9
Bootstrap[73]: Time 1.112592 seconds, bootstrap likelihood -65322.895741, best rearrangement setting 11
Bootstrap[74]: Time 1.198054 seconds, bootstrap likelihood -64599.174774, best rearrangement setting 12
Bootstrap[75]: Time 1.210761 seconds, bootstrap likelihood -64994.679519, best rearrangement setting 11
Bootstrap[76]: Time 1.109386 seconds, bootstrap likelihood -64731.119336, best rearrangement setting 8
Bootstrap[77]: Time 0.995810 seconds, bootstrap likelihood -66666.069812, best rearrangement setting 5
Bootstrap[78]: Time 1.303517 seconds, bootstrap likelihood -65958.040470, best rearrangement setting 15
Bootstrap[79]: Time 1.268685 seconds, bootstrap likelihood -65301.890517, best rearrangement setting 9
Bootstrap[80]: Time 0.906094 seconds, bootstrap likelihood -63927.826257, best rearrangement setting 5
Bootstrap[81]: Time 1.590049 seconds, bootstrap likelihood -65070.654419, best rearrangement setting 15
Bootstrap[82]: Time 1.128051 seconds, bootstrap likelihood -63416.692796, best rearrangement setting 10
Bootstrap[83]: Time 1.122486 seconds, bootstrap likelihood -65619.697784, best rearrangement setting 10
Bootstrap[84]: Time 1.139527 seconds, bootstrap likelihood -63314.979032, best rearrangement setting 11
Bootstrap[85]: Time 0.874508 seconds, bootstrap likelihood -64676.317365, best rearrangement setting 5
Bootstrap[86]: Time 0.858484 seconds, bootstrap likelihood -64384.146246, best rearrangement setting 5
Bootstrap[87]: Time 1.034755 seconds, bootstrap likelihood -64953.392196, best rearrangement setting 9
Bootstrap[88]: Time 1.089674 seconds, bootstrap likelihood -65703.569917, best rearrangement setting 11
Bootstrap[89]: Time 0.838547 seconds, bootstrap likelihood -64744.216525, best rearrangement setting 5
Bootstrap[90]: Time 1.215466 seconds, bootstrap likelihood -63377.259611, best rearrangement setting 9
Bootstrap[91]: Time 1.247115 seconds, bootstrap likelihood -64838.932174, best rearrangement setting 7
Bootstrap[92]: Time 1.331718 seconds, bootstrap likelihood -66936.112450, best rearrangement setting 13
Bootstrap[93]: Time 1.110158 seconds, bootstrap likelihood -64106.336045, best rearrangement setting 9
Bootstrap[94]: Time 2.046021 seconds, bootstrap likelihood -63914.777217, best rearrangement setting 12
Bootstrap[95]: Time 1.215220 seconds, bootstrap likelihood -65633.262586, best rearrangement setting 13
Bootstrap[96]: Time 1.222882 seconds, bootstrap likelihood -65475.244961, best rearrangement setting 9
Bootstrap[97]: Time 1.320809 seconds, bootstrap likelihood -63851.335251, best rearrangement setting 12
Bootstrap[98]: Time 1.116922 seconds, bootstrap likelihood -64280.654648, best rearrangement setting 13
Bootstrap[99]: Time 1.093108 seconds, bootstrap likelihood -64718.673843, best rearrangement setting 12


Overall Time for 100 Rapid Bootstraps 121.322662 seconds
Average Time per Rapid Bootstrap 1.213227 seconds

Starting ML Search ...

Fast ML optimization finished

Fast ML search Time: 115.377144 seconds

Slow ML Search 0 Likelihood: -64509.913054
Slow ML Search 1 Likelihood: -64510.620230
Slow ML Search 2 Likelihood: -64514.013693
Slow ML Search 3 Likelihood: -64514.013692
Slow ML Search 4 Likelihood: -64516.462688
Slow ML Search 5 Likelihood: -64516.462688
Slow ML Search 6 Likelihood: -64517.358590
Slow ML Search 7 Likelihood: -64518.327486
Slow ML Search 8 Likelihood: -64518.455135
Slow ML Search 9 Likelihood: -64519.475859
Slow ML optimization finished

Slow ML search Time: 17.828701 seconds
Thorough ML search Time: 2.114253 seconds

Final ML Optimization Likelihood: -64509.913053

Model Information:

Model Parameters of Partition 0, Name: No Name Provided, Type of Data: DNA
alpha: 0.329936
Tree-Length: 3.022308
rate A <-> C: 2.200929
rate A <-> G: 5.412677
rate A <-> T: 0.889298
rate C <-> G: 0.965851
rate C <-> T: 6.390669
rate G <-> T: 1.000000

freq pi(A): 0.369959
freq pi(C): 0.174212
freq pi(G): 0.234334
freq pi(T): 0.221494


ML search took 135.405718 secs or 0.037613 hours

Combined Bootstrap and ML search took 256.728512 secs or 0.071313 hours

Drawing Bootstrap Support Values on best-scoring ML tree ...



Found 1 tree in File /gpfs_home/mhowison/code/hiv-profile-sampling/scratch/trees/gag-pol-env/RAxML_bestTree.sample.12



Found 1 tree in File /gpfs_home/mhowison/code/hiv-profile-sampling/scratch/trees/gag-pol-env/RAxML_bestTree.sample.12

Program execution info written to /gpfs_home/mhowison/code/hiv-profile-sampling/scratch/trees/gag-pol-env/RAxML_info.sample.12
All 100 bootstrapped trees written to: /gpfs_home/mhowison/code/hiv-profile-sampling/scratch/trees/gag-pol-env/RAxML_bootstrap.sample.12

Best-scoring ML tree written to: /gpfs_home/mhowison/code/hiv-profile-sampling/scratch/trees/gag-pol-env/RAxML_bestTree.sample.12

Best-scoring ML tree with support values written to: /gpfs_home/mhowison/code/hiv-profile-sampling/scratch/trees/gag-pol-env/RAxML_bipartitions.sample.12

Best-scoring ML tree with support values as branch labels written to: /gpfs_home/mhowison/code/hiv-profile-sampling/scratch/trees/gag-pol-env/RAxML_bipartitionsBranchLabels.sample.12

Overall execution time for full ML analysis: 256.753502 secs or 0.071320 hours or 0.002972 days

