srun: job 264708 queued and waiting for resources
srun: job 264708 has been allocated resources
Warning, you specified a working directory via "-w"
Keep in mind that RAxML only accepts absolute path names, not relative ones!

RAxML can't, parse the alignment file as phylip file 
it will now try to parse it as FASTA file



Using BFGS method to optimize GTR rate parameters, to disable this specify "--no-bfgs" 


This is the RAxML Master Pthread

This is RAxML Worker Pthread Number: 2

This is RAxML Worker Pthread Number: 4

This is RAxML Worker Pthread Number: 1

This is RAxML Worker Pthread Number: 3

This is RAxML Worker Pthread Number: 5

This is RAxML Worker Pthread Number: 7

This is RAxML Worker Pthread Number: 8

This is RAxML Worker Pthread Number: 6

This is RAxML Worker Pthread Number: 9

This is RAxML Worker Pthread Number: 10

This is RAxML Worker Pthread Number: 11

This is RAxML Worker Pthread Number: 13

This is RAxML Worker Pthread Number: 12

This is RAxML Worker Pthread Number: 14

This is RAxML Worker Pthread Number: 15

This is RAxML Worker Pthread Number: 18

This is RAxML Worker Pthread Number: 16

This is RAxML Worker Pthread Number: 19

This is RAxML Worker Pthread Number: 17


This is RAxML version 8.2.12 released by Alexandros Stamatakis on May 2018.

With greatly appreciated code contributions by:
Andre Aberer      (HITS)
Simon Berger      (HITS)
Alexey Kozlov     (HITS)
Kassian Kobert    (HITS)
David Dao         (KIT and HITS)
Sarah Lutteropp   (KIT and HITS)
Nick Pattengale   (Sandia)
Wayne Pfeiffer    (SDSC)
Akifumi S. Tanabe (NRIFS)
Charlie Taylor    (UF)


Alignment has 3195 distinct alignment patterns

Proportion of gaps and completely undetermined characters in this alignment: 6.11%

RAxML rapid bootstrapping and subsequent ML search

Using 1 distinct models/data partitions with joint branch length optimization



Executing 100 rapid bootstrap inferences and thereafter a thorough ML search 

All free model parameters will be estimated by RAxML
GAMMA model of rate heterogeneity, ML estimate of alpha-parameter

GAMMA Model parameters will be estimated up to an accuracy of 0.1000000000 Log Likelihood units

Partition: 0
Alignment Patterns: 3195
Name: No Name Provided
DataType: DNA
Substitution Matrix: GTR




RAxML was called as follows:

raxmlHPC-PTHREADS-AVX -T 20 -s scratch/aligned/gag-pol-env/sample.65.fa -p 2162165403 -x 2162165403 -f a -N 100 -m GTRGAMMA -w /gpfs_home/mhowison/code/hiv-profile-sampling/scratch/trees/gag-pol-env -n sample.65 



Time for BS model parameter optimization 0.198248
Bootstrap[0]: Time 4.848723 seconds, bootstrap likelihood -64417.901927, best rearrangement setting 9
Bootstrap[1]: Time 1.260944 seconds, bootstrap likelihood -64285.881981, best rearrangement setting 15
Bootstrap[2]: Time 1.367923 seconds, bootstrap likelihood -64484.469431, best rearrangement setting 11
Bootstrap[3]: Time 16.573239 seconds, bootstrap likelihood -65319.849326, best rearrangement setting 12
Bootstrap[4]: Time 1.262068 seconds, bootstrap likelihood -64645.395507, best rearrangement setting 13
Bootstrap[5]: Time 3.436012 seconds, bootstrap likelihood -62689.378931, best rearrangement setting 7
Bootstrap[6]: Time 1.316552 seconds, bootstrap likelihood -64743.233744, best rearrangement setting 11
Bootstrap[7]: Time 1.182246 seconds, bootstrap likelihood -64397.958464, best rearrangement setting 14
Bootstrap[8]: Time 1.135424 seconds, bootstrap likelihood -63545.543461, best rearrangement setting 9
Bootstrap[9]: Time 1.183882 seconds, bootstrap likelihood -65542.991003, best rearrangement setting 7
Bootstrap[10]: Time 1.159271 seconds, bootstrap likelihood -64548.497947, best rearrangement setting 8
Bootstrap[11]: Time 1.138342 seconds, bootstrap likelihood -64923.000029, best rearrangement setting 15
Bootstrap[12]: Time 1.254611 seconds, bootstrap likelihood -62783.065417, best rearrangement setting 14
Bootstrap[13]: Time 1.560033 seconds, bootstrap likelihood -62163.331600, best rearrangement setting 12
Bootstrap[14]: Time 1.214190 seconds, bootstrap likelihood -64928.254944, best rearrangement setting 14
Bootstrap[15]: Time 4.249408 seconds, bootstrap likelihood -63871.071569, best rearrangement setting 9
Bootstrap[16]: Time 1.089879 seconds, bootstrap likelihood -65609.882234, best rearrangement setting 6
Bootstrap[17]: Time 1.226192 seconds, bootstrap likelihood -63218.406540, best rearrangement setting 13
Bootstrap[18]: Time 1.165065 seconds, bootstrap likelihood -64064.045521, best rearrangement setting 13
Bootstrap[19]: Time 1.189833 seconds, bootstrap likelihood -65086.839108, best rearrangement setting 14
Bootstrap[20]: Time 15.938098 seconds, bootstrap likelihood -64629.444522, best rearrangement setting 8
Bootstrap[21]: Time 12.411821 seconds, bootstrap likelihood -65109.944964, best rearrangement setting 11
Bootstrap[22]: Time 6.383722 seconds, bootstrap likelihood -64284.818739, best rearrangement setting 12
Bootstrap[23]: Time 1.246733 seconds, bootstrap likelihood -64462.403208, best rearrangement setting 11
Bootstrap[24]: Time 0.912956 seconds, bootstrap likelihood -62623.324719, best rearrangement setting 5
Bootstrap[25]: Time 1.140044 seconds, bootstrap likelihood -64007.741311, best rearrangement setting 11
Bootstrap[26]: Time 1.235510 seconds, bootstrap likelihood -64744.933691, best rearrangement setting 11
Bootstrap[27]: Time 4.530817 seconds, bootstrap likelihood -65316.612335, best rearrangement setting 8
Bootstrap[28]: Time 6.275017 seconds, bootstrap likelihood -63918.366150, best rearrangement setting 8
Bootstrap[29]: Time 14.928782 seconds, bootstrap likelihood -64444.656853, best rearrangement setting 15
Bootstrap[30]: Time 10.415338 seconds, bootstrap likelihood -64416.556256, best rearrangement setting 15
Bootstrap[31]: Time 1.162502 seconds, bootstrap likelihood -64709.986935, best rearrangement setting 7
Bootstrap[32]: Time 1.157580 seconds, bootstrap likelihood -63783.705255, best rearrangement setting 9
Bootstrap[33]: Time 1.334875 seconds, bootstrap likelihood -64626.646369, best rearrangement setting 15
Bootstrap[34]: Time 1.458576 seconds, bootstrap likelihood -64356.772579, best rearrangement setting 14
Bootstrap[35]: Time 1.311913 seconds, bootstrap likelihood -65474.158434, best rearrangement setting 15
Bootstrap[36]: Time 1.135704 seconds, bootstrap likelihood -66968.053565, best rearrangement setting 15
Bootstrap[37]: Time 1.767565 seconds, bootstrap likelihood -63976.599821, best rearrangement setting 14
Bootstrap[38]: Time 1.091098 seconds, bootstrap likelihood -64209.614555, best rearrangement setting 6
Bootstrap[39]: Time 3.854587 seconds, bootstrap likelihood -65610.011783, best rearrangement setting 13
Bootstrap[40]: Time 3.058864 seconds, bootstrap likelihood -64792.140886, best rearrangement setting 11
Bootstrap[41]: Time 6.873871 seconds, bootstrap likelihood -65684.055202, best rearrangement setting 8
Bootstrap[42]: Time 1.190535 seconds, bootstrap likelihood -64717.188073, best rearrangement setting 10
Bootstrap[43]: Time 1.038398 seconds, bootstrap likelihood -63353.963985, best rearrangement setting 11
Bootstrap[44]: Time 38.236238 seconds, bootstrap likelihood -64151.992707, best rearrangement setting 15
Bootstrap[45]: Time 1.295547 seconds, bootstrap likelihood -65036.788660, best rearrangement setting 11
Bootstrap[46]: Time 1.347745 seconds, bootstrap likelihood -63888.798232, best rearrangement setting 7
Bootstrap[47]: Time 1.243445 seconds, bootstrap likelihood -64180.514035, best rearrangement setting 8
Bootstrap[48]: Time 1.209063 seconds, bootstrap likelihood -65659.267792, best rearrangement setting 10
Bootstrap[49]: Time 1.210291 seconds, bootstrap likelihood -64671.593009, best rearrangement setting 13
Bootstrap[50]: Time 3.543757 seconds, bootstrap likelihood -63648.278371, best rearrangement setting 7
Bootstrap[51]: Time 1.257450 seconds, bootstrap likelihood -63861.418436, best rearrangement setting 13
Bootstrap[52]: Time 1.096879 seconds, bootstrap likelihood -66155.839820, best rearrangement setting 12
Bootstrap[53]: Time 1.408171 seconds, bootstrap likelihood -64644.899822, best rearrangement setting 10
Bootstrap[54]: Time 10.850060 seconds, bootstrap likelihood -64861.611288, best rearrangement setting 5
Bootstrap[55]: Time 0.914943 seconds, bootstrap likelihood -64153.283535, best rearrangement setting 5
Bootstrap[56]: Time 1.270711 seconds, bootstrap likelihood -64091.583926, best rearrangement setting 8
Bootstrap[57]: Time 1.113516 seconds, bootstrap likelihood -64774.772727, best rearrangement setting 6
Bootstrap[58]: Time 1.793545 seconds, bootstrap likelihood -63346.739279, best rearrangement setting 15
Bootstrap[59]: Time 1.115523 seconds, bootstrap likelihood -64077.873807, best rearrangement setting 11
Bootstrap[60]: Time 1.166270 seconds, bootstrap likelihood -64372.452035, best rearrangement setting 11
Bootstrap[61]: Time 1.239778 seconds, bootstrap likelihood -64233.635366, best rearrangement setting 13
Bootstrap[62]: Time 1.153344 seconds, bootstrap likelihood -65266.100477, best rearrangement setting 13
Bootstrap[63]: Time 0.921428 seconds, bootstrap likelihood -65245.095098, best rearrangement setting 5
Bootstrap[64]: Time 0.916498 seconds, bootstrap likelihood -66879.421453, best rearrangement setting 5
Bootstrap[65]: Time 1.253911 seconds, bootstrap likelihood -64642.739741, best rearrangement setting 11
Bootstrap[66]: Time 1.070477 seconds, bootstrap likelihood -64013.041187, best rearrangement setting 15
Bootstrap[67]: Time 6.469858 seconds, bootstrap likelihood -64755.542854, best rearrangement setting 13
Bootstrap[68]: Time 1.074058 seconds, bootstrap likelihood -64458.889762, best rearrangement setting 6
Bootstrap[69]: Time 0.853663 seconds, bootstrap likelihood -64898.135797, best rearrangement setting 5
Bootstrap[70]: Time 0.897542 seconds, bootstrap likelihood -64420.776752, best rearrangement setting 5
Bootstrap[71]: Time 1.219184 seconds, bootstrap likelihood -65311.307919, best rearrangement setting 10
Bootstrap[72]: Time 1.142322 seconds, bootstrap likelihood -64306.311154, best rearrangement setting 9
Bootstrap[73]: Time 1.115945 seconds, bootstrap likelihood -65066.912883, best rearrangement setting 15
Bootstrap[74]: Time 1.224416 seconds, bootstrap likelihood -65365.328991, best rearrangement setting 13
Bootstrap[75]: Time 1.032918 seconds, bootstrap likelihood -62471.458641, best rearrangement setting 6
Bootstrap[76]: Time 0.988853 seconds, bootstrap likelihood -64743.741832, best rearrangement setting 6
Bootstrap[77]: Time 0.969499 seconds, bootstrap likelihood -63296.267847, best rearrangement setting 6
Bootstrap[78]: Time 64.682080 seconds, bootstrap likelihood -66596.337300, best rearrangement setting 11
Bootstrap[79]: Time 1.056956 seconds, bootstrap likelihood -63674.062685, best rearrangement setting 7
Bootstrap[80]: Time 9.219013 seconds, bootstrap likelihood -65487.511406, best rearrangement setting 7
Bootstrap[81]: Time 1.399279 seconds, bootstrap likelihood -65707.529252, best rearrangement setting 10
Bootstrap[82]: Time 1.368274 seconds, bootstrap likelihood -64250.886847, best rearrangement setting 15
Bootstrap[83]: Time 2.188369 seconds, bootstrap likelihood -64391.842747, best rearrangement setting 13
Bootstrap[84]: Time 1.702439 seconds, bootstrap likelihood -63197.499761, best rearrangement setting 6
Bootstrap[85]: Time 1.200714 seconds, bootstrap likelihood -65057.550481, best rearrangement setting 8
Bootstrap[86]: Time 1.163138 seconds, bootstrap likelihood -63136.903150, best rearrangement setting 12
Bootstrap[87]: Time 1.264469 seconds, bootstrap likelihood -63469.951716, best rearrangement setting 15
Bootstrap[88]: Time 1.304109 seconds, bootstrap likelihood -63839.916904, best rearrangement setting 14
Bootstrap[89]: Time 1.198520 seconds, bootstrap likelihood -65059.469815, best rearrangement setting 9
Bootstrap[90]: Time 1.180503 seconds, bootstrap likelihood -64328.399008, best rearrangement setting 9
Bootstrap[91]: Time 1.092548 seconds, bootstrap likelihood -63291.124862, best rearrangement setting 11
Bootstrap[92]: Time 1.182864 seconds, bootstrap likelihood -63445.723720, best rearrangement setting 14
Bootstrap[93]: Time 0.902429 seconds, bootstrap likelihood -64298.098272, best rearrangement setting 5
Bootstrap[94]: Time 1.279932 seconds, bootstrap likelihood -63187.849074, best rearrangement setting 15
Bootstrap[95]: Time 21.818256 seconds, bootstrap likelihood -66517.892713, best rearrangement setting 8
Bootstrap[96]: Time 0.956545 seconds, bootstrap likelihood -65335.293620, best rearrangement setting 6
Bootstrap[97]: Time 1.200577 seconds, bootstrap likelihood -65056.639365, best rearrangement setting 8
Bootstrap[98]: Time 1.170374 seconds, bootstrap likelihood -63237.834708, best rearrangement setting 11
Bootstrap[99]: Time 1.136196 seconds, bootstrap likelihood -64694.988805, best rearrangement setting 10


Overall Time for 100 Rapid Bootstraps 364.099005 seconds
Average Time per Rapid Bootstrap 3.640990 seconds

Starting ML Search ...

Fast ML optimization finished

Fast ML search Time: 467.313448 seconds

Slow ML Search 0 Likelihood: -64608.256623
Slow ML Search 1 Likelihood: -64609.571331
Slow ML Search 2 Likelihood: -64609.828650
Slow ML Search 3 Likelihood: -64610.499688
Slow ML Search 4 Likelihood: -64612.271743
Slow ML Search 5 Likelihood: -64608.256625
Slow ML Search 6 Likelihood: -64614.080838
Slow ML Search 7 Likelihood: -64614.610827
Slow ML Search 8 Likelihood: -64614.041145
Slow ML Search 9 Likelihood: -64619.026212
Slow ML optimization finished

Slow ML search Time: 79.899215 seconds
Thorough ML search Time: 18.520458 seconds

Final ML Optimization Likelihood: -64608.256624

Model Information:

Model Parameters of Partition 0, Name: No Name Provided, Type of Data: DNA
alpha: 0.330005
Tree-Length: 3.043900
rate A <-> C: 2.166731
rate A <-> G: 5.555394
rate A <-> T: 0.885729
rate C <-> G: 0.963055
rate C <-> T: 6.125658
rate G <-> T: 1.000000

freq pi(A): 0.369773
freq pi(C): 0.174135
freq pi(G): 0.234520
freq pi(T): 0.221572


ML search took 565.740424 secs or 0.157150 hours

Combined Bootstrap and ML search took 929.839562 secs or 0.258289 hours

Drawing Bootstrap Support Values on best-scoring ML tree ...



Found 1 tree in File /gpfs_home/mhowison/code/hiv-profile-sampling/scratch/trees/gag-pol-env/RAxML_bestTree.sample.65



Found 1 tree in File /gpfs_home/mhowison/code/hiv-profile-sampling/scratch/trees/gag-pol-env/RAxML_bestTree.sample.65

Program execution info written to /gpfs_home/mhowison/code/hiv-profile-sampling/scratch/trees/gag-pol-env/RAxML_info.sample.65
All 100 bootstrapped trees written to: /gpfs_home/mhowison/code/hiv-profile-sampling/scratch/trees/gag-pol-env/RAxML_bootstrap.sample.65

Best-scoring ML tree written to: /gpfs_home/mhowison/code/hiv-profile-sampling/scratch/trees/gag-pol-env/RAxML_bestTree.sample.65

Best-scoring ML tree with support values written to: /gpfs_home/mhowison/code/hiv-profile-sampling/scratch/trees/gag-pol-env/RAxML_bipartitions.sample.65

Best-scoring ML tree with support values as branch labels written to: /gpfs_home/mhowison/code/hiv-profile-sampling/scratch/trees/gag-pol-env/RAxML_bipartitionsBranchLabels.sample.65

Overall execution time for full ML analysis: 929.843666 secs or 0.258290 hours or 0.010762 days

