srun: job 264718 queued and waiting for resources
srun: job 264718 has been allocated resources
Warning, you specified a working directory via "-w"
Keep in mind that RAxML only accepts absolute path names, not relative ones!

RAxML can't, parse the alignment file as phylip file 
it will now try to parse it as FASTA file



Using BFGS method to optimize GTR rate parameters, to disable this specify "--no-bfgs" 


This is the RAxML Master Pthread

This is RAxML Worker Pthread Number: 1

This is RAxML Worker Pthread Number: 3

This is RAxML Worker Pthread Number: 5

This is RAxML Worker Pthread Number: 2

This is RAxML Worker Pthread Number: 4

This is RAxML Worker Pthread Number: 6

This is RAxML Worker Pthread Number: 7

This is RAxML Worker Pthread Number: 8

This is RAxML Worker Pthread Number: 9

This is RAxML Worker Pthread Number: 11

This is RAxML Worker Pthread Number: 10

This is RAxML Worker Pthread Number: 13

This is RAxML Worker Pthread Number: 14

This is RAxML Worker Pthread Number: 12

This is RAxML Worker Pthread Number: 15

This is RAxML Worker Pthread Number: 16

This is RAxML Worker Pthread Number: 17

This is RAxML Worker Pthread Number: 18

This is RAxML Worker Pthread Number: 19


This is RAxML version 8.2.12 released by Alexandros Stamatakis on May 2018.

With greatly appreciated code contributions by:
Andre Aberer      (HITS)
Simon Berger      (HITS)
Alexey Kozlov     (HITS)
Kassian Kobert    (HITS)
David Dao         (KIT and HITS)
Sarah Lutteropp   (KIT and HITS)
Nick Pattengale   (Sandia)
Wayne Pfeiffer    (SDSC)
Akifumi S. Tanabe (NRIFS)
Charlie Taylor    (UF)


Alignment has 3194 distinct alignment patterns

Proportion of gaps and completely undetermined characters in this alignment: 6.12%

RAxML rapid bootstrapping and subsequent ML search

Using 1 distinct models/data partitions with joint branch length optimization



Executing 100 rapid bootstrap inferences and thereafter a thorough ML search 

All free model parameters will be estimated by RAxML
GAMMA model of rate heterogeneity, ML estimate of alpha-parameter

GAMMA Model parameters will be estimated up to an accuracy of 0.1000000000 Log Likelihood units

Partition: 0
Alignment Patterns: 3194
Name: No Name Provided
DataType: DNA
Substitution Matrix: GTR




RAxML was called as follows:

raxmlHPC-PTHREADS-AVX -T 20 -s scratch/aligned/gag-pol-env/sample.73.fa -p 4128202853 -x 4128202853 -f a -N 100 -m GTRGAMMA -w /gpfs_home/mhowison/code/hiv-profile-sampling/scratch/trees/gag-pol-env -n sample.73 



Time for BS model parameter optimization 0.197652
Bootstrap[0]: Time 1.631076 seconds, bootstrap likelihood -65242.868670, best rearrangement setting 5
Bootstrap[1]: Time 0.982119 seconds, bootstrap likelihood -64060.674095, best rearrangement setting 6
Bootstrap[2]: Time 1.089211 seconds, bootstrap likelihood -63568.892096, best rearrangement setting 8
Bootstrap[3]: Time 1.058981 seconds, bootstrap likelihood -65223.459799, best rearrangement setting 8
Bootstrap[4]: Time 1.132545 seconds, bootstrap likelihood -62815.783213, best rearrangement setting 13
Bootstrap[5]: Time 1.782207 seconds, bootstrap likelihood -64676.774051, best rearrangement setting 12
Bootstrap[6]: Time 1.152219 seconds, bootstrap likelihood -61876.607143, best rearrangement setting 9
Bootstrap[7]: Time 1.175801 seconds, bootstrap likelihood -64321.850035, best rearrangement setting 11
Bootstrap[8]: Time 0.945246 seconds, bootstrap likelihood -64305.501187, best rearrangement setting 6
Bootstrap[9]: Time 1.175974 seconds, bootstrap likelihood -63827.016996, best rearrangement setting 15
Bootstrap[10]: Time 1.136095 seconds, bootstrap likelihood -64633.828400, best rearrangement setting 15
Bootstrap[11]: Time 1.265974 seconds, bootstrap likelihood -65067.990676, best rearrangement setting 15
Bootstrap[12]: Time 1.172386 seconds, bootstrap likelihood -63515.523880, best rearrangement setting 13
Bootstrap[13]: Time 0.964606 seconds, bootstrap likelihood -63462.700560, best rearrangement setting 8
Bootstrap[14]: Time 1.019054 seconds, bootstrap likelihood -65025.222333, best rearrangement setting 10
Bootstrap[15]: Time 0.996048 seconds, bootstrap likelihood -62955.035778, best rearrangement setting 10
Bootstrap[16]: Time 0.987555 seconds, bootstrap likelihood -63629.689466, best rearrangement setting 6
Bootstrap[17]: Time 1.130104 seconds, bootstrap likelihood -63674.131376, best rearrangement setting 10
Bootstrap[18]: Time 1.525705 seconds, bootstrap likelihood -65521.286605, best rearrangement setting 5
Bootstrap[19]: Time 1.055525 seconds, bootstrap likelihood -64452.878570, best rearrangement setting 14
Bootstrap[20]: Time 1.233103 seconds, bootstrap likelihood -63765.212102, best rearrangement setting 15
Bootstrap[21]: Time 1.083518 seconds, bootstrap likelihood -65510.370931, best rearrangement setting 10
Bootstrap[22]: Time 1.118647 seconds, bootstrap likelihood -64467.448962, best rearrangement setting 9
Bootstrap[23]: Time 0.919207 seconds, bootstrap likelihood -63483.684845, best rearrangement setting 5
Bootstrap[24]: Time 1.200669 seconds, bootstrap likelihood -66006.893662, best rearrangement setting 9
Bootstrap[25]: Time 1.127516 seconds, bootstrap likelihood -65213.588074, best rearrangement setting 7
Bootstrap[26]: Time 1.110779 seconds, bootstrap likelihood -64272.773649, best rearrangement setting 9
Bootstrap[27]: Time 1.030709 seconds, bootstrap likelihood -64840.624217, best rearrangement setting 8
Bootstrap[28]: Time 1.085941 seconds, bootstrap likelihood -65694.415486, best rearrangement setting 8
Bootstrap[29]: Time 0.866207 seconds, bootstrap likelihood -65525.638566, best rearrangement setting 5
Bootstrap[30]: Time 1.268065 seconds, bootstrap likelihood -64933.952249, best rearrangement setting 11
Bootstrap[31]: Time 1.399427 seconds, bootstrap likelihood -64355.828630, best rearrangement setting 8
Bootstrap[32]: Time 1.244973 seconds, bootstrap likelihood -62738.309401, best rearrangement setting 13
Bootstrap[33]: Time 1.106007 seconds, bootstrap likelihood -64511.354354, best rearrangement setting 9
Bootstrap[34]: Time 1.146799 seconds, bootstrap likelihood -64396.814096, best rearrangement setting 12
Bootstrap[35]: Time 0.941118 seconds, bootstrap likelihood -65244.813416, best rearrangement setting 7
Bootstrap[36]: Time 1.203237 seconds, bootstrap likelihood -64669.409417, best rearrangement setting 10
Bootstrap[37]: Time 1.252980 seconds, bootstrap likelihood -64174.417694, best rearrangement setting 11
Bootstrap[38]: Time 1.069768 seconds, bootstrap likelihood -65183.389679, best rearrangement setting 6
Bootstrap[39]: Time 1.168060 seconds, bootstrap likelihood -64747.234650, best rearrangement setting 12
Bootstrap[40]: Time 1.129404 seconds, bootstrap likelihood -64323.890382, best rearrangement setting 8
Bootstrap[41]: Time 1.216036 seconds, bootstrap likelihood -63675.478513, best rearrangement setting 12
Bootstrap[42]: Time 1.052579 seconds, bootstrap likelihood -64742.916834, best rearrangement setting 14
Bootstrap[43]: Time 0.983496 seconds, bootstrap likelihood -63975.619848, best rearrangement setting 14
Bootstrap[44]: Time 1.945177 seconds, bootstrap likelihood -64718.653675, best rearrangement setting 12
Bootstrap[45]: Time 1.100037 seconds, bootstrap likelihood -64754.947604, best rearrangement setting 8
Bootstrap[46]: Time 0.988690 seconds, bootstrap likelihood -65510.854345, best rearrangement setting 13
Bootstrap[47]: Time 0.863148 seconds, bootstrap likelihood -66253.489319, best rearrangement setting 5
Bootstrap[48]: Time 1.001391 seconds, bootstrap likelihood -64176.982744, best rearrangement setting 7
Bootstrap[49]: Time 1.117606 seconds, bootstrap likelihood -64031.285218, best rearrangement setting 12
Bootstrap[50]: Time 0.933447 seconds, bootstrap likelihood -64242.596066, best rearrangement setting 5
Bootstrap[51]: Time 1.078499 seconds, bootstrap likelihood -63880.658566, best rearrangement setting 7
Bootstrap[52]: Time 1.256926 seconds, bootstrap likelihood -64766.837758, best rearrangement setting 11
Bootstrap[53]: Time 1.200709 seconds, bootstrap likelihood -64629.183105, best rearrangement setting 9
Bootstrap[54]: Time 1.120491 seconds, bootstrap likelihood -63552.181537, best rearrangement setting 10
Bootstrap[55]: Time 1.228686 seconds, bootstrap likelihood -64557.377313, best rearrangement setting 10
Bootstrap[56]: Time 0.967257 seconds, bootstrap likelihood -64612.261603, best rearrangement setting 6
Bootstrap[57]: Time 1.349145 seconds, bootstrap likelihood -64281.764556, best rearrangement setting 11
Bootstrap[58]: Time 1.285894 seconds, bootstrap likelihood -64596.401630, best rearrangement setting 13
Bootstrap[59]: Time 0.907349 seconds, bootstrap likelihood -65248.534717, best rearrangement setting 5
Bootstrap[60]: Time 1.055979 seconds, bootstrap likelihood -64243.886643, best rearrangement setting 12
Bootstrap[61]: Time 1.251358 seconds, bootstrap likelihood -63512.452987, best rearrangement setting 9
Bootstrap[62]: Time 0.883560 seconds, bootstrap likelihood -64662.124864, best rearrangement setting 5
Bootstrap[63]: Time 1.106429 seconds, bootstrap likelihood -61946.643750, best rearrangement setting 15
Bootstrap[64]: Time 1.150217 seconds, bootstrap likelihood -63411.993613, best rearrangement setting 13
Bootstrap[65]: Time 1.059801 seconds, bootstrap likelihood -64305.613086, best rearrangement setting 9
Bootstrap[66]: Time 0.827801 seconds, bootstrap likelihood -63684.754166, best rearrangement setting 5
Bootstrap[67]: Time 1.203629 seconds, bootstrap likelihood -63879.315303, best rearrangement setting 15
Bootstrap[68]: Time 1.122910 seconds, bootstrap likelihood -64563.120965, best rearrangement setting 7
Bootstrap[69]: Time 1.220356 seconds, bootstrap likelihood -65840.101492, best rearrangement setting 13
Bootstrap[70]: Time 1.430929 seconds, bootstrap likelihood -64280.411832, best rearrangement setting 8
Bootstrap[71]: Time 1.648406 seconds, bootstrap likelihood -63211.825161, best rearrangement setting 11
Bootstrap[72]: Time 1.065996 seconds, bootstrap likelihood -62450.630577, best rearrangement setting 11
Bootstrap[73]: Time 0.973483 seconds, bootstrap likelihood -63613.375263, best rearrangement setting 8
Bootstrap[74]: Time 1.125123 seconds, bootstrap likelihood -64380.100118, best rearrangement setting 15
Bootstrap[75]: Time 0.895212 seconds, bootstrap likelihood -65957.295165, best rearrangement setting 5
Bootstrap[76]: Time 1.220766 seconds, bootstrap likelihood -64083.749871, best rearrangement setting 13
Bootstrap[77]: Time 0.900945 seconds, bootstrap likelihood -63387.600077, best rearrangement setting 6
Bootstrap[78]: Time 1.124406 seconds, bootstrap likelihood -64691.613213, best rearrangement setting 14
Bootstrap[79]: Time 1.180971 seconds, bootstrap likelihood -65429.015249, best rearrangement setting 7
Bootstrap[80]: Time 1.226859 seconds, bootstrap likelihood -66368.037847, best rearrangement setting 10
Bootstrap[81]: Time 1.069243 seconds, bootstrap likelihood -62081.086237, best rearrangement setting 10
Bootstrap[82]: Time 2.196003 seconds, bootstrap likelihood -64267.608503, best rearrangement setting 13
Bootstrap[83]: Time 1.445093 seconds, bootstrap likelihood -64115.480513, best rearrangement setting 8
Bootstrap[84]: Time 0.970163 seconds, bootstrap likelihood -63966.541660, best rearrangement setting 12
Bootstrap[85]: Time 1.092906 seconds, bootstrap likelihood -64140.017916, best rearrangement setting 11
Bootstrap[86]: Time 0.870826 seconds, bootstrap likelihood -64822.486855, best rearrangement setting 5
Bootstrap[87]: Time 1.187177 seconds, bootstrap likelihood -63818.579757, best rearrangement setting 10
Bootstrap[88]: Time 0.893421 seconds, bootstrap likelihood -64049.703232, best rearrangement setting 5
Bootstrap[89]: Time 1.165905 seconds, bootstrap likelihood -63944.319023, best rearrangement setting 9
Bootstrap[90]: Time 1.168871 seconds, bootstrap likelihood -64755.691375, best rearrangement setting 11
Bootstrap[91]: Time 1.191182 seconds, bootstrap likelihood -64067.251640, best rearrangement setting 12
Bootstrap[92]: Time 1.215727 seconds, bootstrap likelihood -65084.093514, best rearrangement setting 15
Bootstrap[93]: Time 1.175262 seconds, bootstrap likelihood -64205.465176, best rearrangement setting 12
Bootstrap[94]: Time 1.045341 seconds, bootstrap likelihood -64997.581071, best rearrangement setting 6
Bootstrap[95]: Time 1.048794 seconds, bootstrap likelihood -63101.229274, best rearrangement setting 7
Bootstrap[96]: Time 1.995837 seconds, bootstrap likelihood -64860.441869, best rearrangement setting 10
Bootstrap[97]: Time 1.269976 seconds, bootstrap likelihood -63182.199076, best rearrangement setting 10
Bootstrap[98]: Time 1.110211 seconds, bootstrap likelihood -62291.946880, best rearrangement setting 15
Bootstrap[99]: Time 1.032217 seconds, bootstrap likelihood -64262.903092, best rearrangement setting 6


Overall Time for 100 Rapid Bootstraps 115.699666 seconds
Average Time per Rapid Bootstrap 1.156997 seconds

Starting ML Search ...

Fast ML optimization finished

Fast ML search Time: 140.487915 seconds

Slow ML Search 0 Likelihood: -64468.701596
Slow ML Search 1 Likelihood: -64469.667306
Slow ML Search 2 Likelihood: -64469.667305
Slow ML Search 3 Likelihood: -64470.656556
Slow ML Search 4 Likelihood: -64470.656556
Slow ML Search 5 Likelihood: -64470.656556
Slow ML Search 6 Likelihood: -64470.656559
Slow ML Search 7 Likelihood: -64477.241794
Slow ML Search 8 Likelihood: -64468.701595
Slow ML Search 9 Likelihood: -64479.626117
Slow ML optimization finished

Slow ML search Time: 22.299907 seconds
Thorough ML search Time: 2.059087 seconds

Final ML Optimization Likelihood: -64468.674374

Model Information:

Model Parameters of Partition 0, Name: No Name Provided, Type of Data: DNA
alpha: 0.328227
Tree-Length: 3.015822
rate A <-> C: 2.304888
rate A <-> G: 5.652114
rate A <-> T: 0.937548
rate C <-> G: 1.007110
rate C <-> T: 6.604154
rate G <-> T: 1.000000

freq pi(A): 0.369858
freq pi(C): 0.174275
freq pi(G): 0.234400
freq pi(T): 0.221468


ML search took 164.853472 secs or 0.045793 hours

Combined Bootstrap and ML search took 280.553273 secs or 0.077931 hours

Drawing Bootstrap Support Values on best-scoring ML tree ...



Found 1 tree in File /gpfs_home/mhowison/code/hiv-profile-sampling/scratch/trees/gag-pol-env/RAxML_bestTree.sample.73



Found 1 tree in File /gpfs_home/mhowison/code/hiv-profile-sampling/scratch/trees/gag-pol-env/RAxML_bestTree.sample.73

Program execution info written to /gpfs_home/mhowison/code/hiv-profile-sampling/scratch/trees/gag-pol-env/RAxML_info.sample.73
All 100 bootstrapped trees written to: /gpfs_home/mhowison/code/hiv-profile-sampling/scratch/trees/gag-pol-env/RAxML_bootstrap.sample.73

Best-scoring ML tree written to: /gpfs_home/mhowison/code/hiv-profile-sampling/scratch/trees/gag-pol-env/RAxML_bestTree.sample.73

Best-scoring ML tree with support values written to: /gpfs_home/mhowison/code/hiv-profile-sampling/scratch/trees/gag-pol-env/RAxML_bipartitions.sample.73

Best-scoring ML tree with support values as branch labels written to: /gpfs_home/mhowison/code/hiv-profile-sampling/scratch/trees/gag-pol-env/RAxML_bipartitionsBranchLabels.sample.73

Overall execution time for full ML analysis: 280.557467 secs or 0.077933 hours or 0.003247 days

