srun: job 264367 queued and waiting for resources
srun: job 264367 has been allocated resources
Warning, you specified a working directory via "-w"
Keep in mind that RAxML only accepts absolute path names, not relative ones!

RAxML can't, parse the alignment file as phylip file 
it will now try to parse it as FASTA file



Using BFGS method to optimize GTR rate parameters, to disable this specify "--no-bfgs" 


This is the RAxML Master Pthread

This is RAxML Worker Pthread Number: 2

This is RAxML Worker Pthread Number: 4

This is RAxML Worker Pthread Number: 1

This is RAxML Worker Pthread Number: 6

This is RAxML Worker Pthread Number: 8

This is RAxML Worker Pthread Number: 7

This is RAxML Worker Pthread Number: 5

This is RAxML Worker Pthread Number: 3

This is RAxML Worker Pthread Number: 9

This is RAxML Worker Pthread Number: 10

This is RAxML Worker Pthread Number: 12

This is RAxML Worker Pthread Number: 14

This is RAxML Worker Pthread Number: 13

This is RAxML Worker Pthread Number: 11

This is RAxML Worker Pthread Number: 15

This is RAxML Worker Pthread Number: 17

This is RAxML Worker Pthread Number: 16

This is RAxML Worker Pthread Number: 19

This is RAxML Worker Pthread Number: 18


This is RAxML version 8.2.12 released by Alexandros Stamatakis on May 2018.

With greatly appreciated code contributions by:
Andre Aberer      (HITS)
Simon Berger      (HITS)
Alexey Kozlov     (HITS)
Kassian Kobert    (HITS)
David Dao         (KIT and HITS)
Sarah Lutteropp   (KIT and HITS)
Nick Pattengale   (Sandia)
Wayne Pfeiffer    (SDSC)
Akifumi S. Tanabe (NRIFS)
Charlie Taylor    (UF)


Alignment has 3175 distinct alignment patterns

Proportion of gaps and completely undetermined characters in this alignment: 6.12%

RAxML rapid bootstrapping and subsequent ML search

Using 1 distinct models/data partitions with joint branch length optimization



Executing 100 rapid bootstrap inferences and thereafter a thorough ML search 

All free model parameters will be estimated by RAxML
GAMMA model of rate heterogeneity, ML estimate of alpha-parameter

GAMMA Model parameters will be estimated up to an accuracy of 0.1000000000 Log Likelihood units

Partition: 0
Alignment Patterns: 3175
Name: No Name Provided
DataType: DNA
Substitution Matrix: GTR




RAxML was called as follows:

raxmlHPC-PTHREADS-AVX -T 20 -s scratch/aligned/gag-pol-env/sample.31.fa -p 0687409503 -x 0687409503 -f a -N 100 -m GTRGAMMA -w /gpfs_home/mhowison/code/hiv-profile-sampling/scratch/trees/gag-pol-env -n sample.31 



Time for BS model parameter optimization 0.151101
Bootstrap[0]: Time 1.612384 seconds, bootstrap likelihood -65385.333902, best rearrangement setting 7
Bootstrap[1]: Time 0.921279 seconds, bootstrap likelihood -64225.556590, best rearrangement setting 6
Bootstrap[2]: Time 1.065279 seconds, bootstrap likelihood -64692.727025, best rearrangement setting 7
Bootstrap[3]: Time 0.957569 seconds, bootstrap likelihood -63870.805601, best rearrangement setting 12
Bootstrap[4]: Time 0.782933 seconds, bootstrap likelihood -62597.088813, best rearrangement setting 5
Bootstrap[5]: Time 0.977976 seconds, bootstrap likelihood -63718.135070, best rearrangement setting 10
Bootstrap[6]: Time 0.881105 seconds, bootstrap likelihood -63418.849740, best rearrangement setting 6
Bootstrap[7]: Time 0.935682 seconds, bootstrap likelihood -64113.135850, best rearrangement setting 6
Bootstrap[8]: Time 0.875969 seconds, bootstrap likelihood -62992.302814, best rearrangement setting 5
Bootstrap[9]: Time 1.213414 seconds, bootstrap likelihood -64751.628782, best rearrangement setting 9
Bootstrap[10]: Time 3.878256 seconds, bootstrap likelihood -64024.650133, best rearrangement setting 9
Bootstrap[11]: Time 0.934739 seconds, bootstrap likelihood -64209.461014, best rearrangement setting 7
Bootstrap[12]: Time 1.038018 seconds, bootstrap likelihood -63883.164412, best rearrangement setting 15
Bootstrap[13]: Time 1.585535 seconds, bootstrap likelihood -64824.850749, best rearrangement setting 15
Bootstrap[14]: Time 1.105764 seconds, bootstrap likelihood -63447.785286, best rearrangement setting 7
Bootstrap[15]: Time 2.968989 seconds, bootstrap likelihood -63712.190686, best rearrangement setting 10
Bootstrap[16]: Time 0.948535 seconds, bootstrap likelihood -64862.505265, best rearrangement setting 15
Bootstrap[17]: Time 1.102386 seconds, bootstrap likelihood -64673.794347, best rearrangement setting 11
Bootstrap[18]: Time 1.281785 seconds, bootstrap likelihood -64964.885916, best rearrangement setting 8
Bootstrap[19]: Time 0.936200 seconds, bootstrap likelihood -64724.442002, best rearrangement setting 9
Bootstrap[20]: Time 1.852911 seconds, bootstrap likelihood -63808.099069, best rearrangement setting 10
Bootstrap[21]: Time 0.967963 seconds, bootstrap likelihood -63781.342931, best rearrangement setting 7
Bootstrap[22]: Time 1.098391 seconds, bootstrap likelihood -64654.096326, best rearrangement setting 12
Bootstrap[23]: Time 0.971210 seconds, bootstrap likelihood -62212.300463, best rearrangement setting 13
Bootstrap[24]: Time 0.902685 seconds, bootstrap likelihood -63275.957534, best rearrangement setting 6
Bootstrap[25]: Time 9.026457 seconds, bootstrap likelihood -64314.113215, best rearrangement setting 11
Bootstrap[26]: Time 0.810824 seconds, bootstrap likelihood -63364.457196, best rearrangement setting 5
Bootstrap[27]: Time 1.733885 seconds, bootstrap likelihood -63541.084683, best rearrangement setting 10
Bootstrap[28]: Time 4.883676 seconds, bootstrap likelihood -63135.328423, best rearrangement setting 14
Bootstrap[29]: Time 1.111869 seconds, bootstrap likelihood -63202.997707, best rearrangement setting 13
Bootstrap[30]: Time 1.128303 seconds, bootstrap likelihood -65771.456046, best rearrangement setting 8
Bootstrap[31]: Time 0.860596 seconds, bootstrap likelihood -64095.492712, best rearrangement setting 6
Bootstrap[32]: Time 0.774581 seconds, bootstrap likelihood -65230.037056, best rearrangement setting 5
Bootstrap[33]: Time 1.146636 seconds, bootstrap likelihood -65317.735570, best rearrangement setting 11
Bootstrap[34]: Time 1.029140 seconds, bootstrap likelihood -64372.541753, best rearrangement setting 11
Bootstrap[35]: Time 1.928390 seconds, bootstrap likelihood -64040.730105, best rearrangement setting 9
Bootstrap[36]: Time 1.749496 seconds, bootstrap likelihood -65188.527939, best rearrangement setting 8
Bootstrap[37]: Time 1.139501 seconds, bootstrap likelihood -64175.959978, best rearrangement setting 8
Bootstrap[38]: Time 1.126387 seconds, bootstrap likelihood -64064.259942, best rearrangement setting 13
Bootstrap[39]: Time 1.050730 seconds, bootstrap likelihood -64557.947794, best rearrangement setting 6
Bootstrap[40]: Time 1.111074 seconds, bootstrap likelihood -65012.595874, best rearrangement setting 15
Bootstrap[41]: Time 0.847937 seconds, bootstrap likelihood -63537.884834, best rearrangement setting 6
Bootstrap[42]: Time 1.006958 seconds, bootstrap likelihood -64563.980719, best rearrangement setting 14
Bootstrap[43]: Time 0.832038 seconds, bootstrap likelihood -63397.088147, best rearrangement setting 5
Bootstrap[44]: Time 1.096199 seconds, bootstrap likelihood -64295.314575, best rearrangement setting 13
Bootstrap[45]: Time 0.830890 seconds, bootstrap likelihood -63960.951629, best rearrangement setting 5
Bootstrap[46]: Time 0.819343 seconds, bootstrap likelihood -62037.268399, best rearrangement setting 5
Bootstrap[47]: Time 0.889329 seconds, bootstrap likelihood -63686.008802, best rearrangement setting 6
Bootstrap[48]: Time 1.100213 seconds, bootstrap likelihood -63831.025039, best rearrangement setting 10
Bootstrap[49]: Time 0.814709 seconds, bootstrap likelihood -63610.595735, best rearrangement setting 5
Bootstrap[50]: Time 1.202807 seconds, bootstrap likelihood -63999.573391, best rearrangement setting 12
Bootstrap[51]: Time 1.904989 seconds, bootstrap likelihood -63186.250754, best rearrangement setting 13
Bootstrap[52]: Time 1.170995 seconds, bootstrap likelihood -63640.493203, best rearrangement setting 9
Bootstrap[53]: Time 1.741768 seconds, bootstrap likelihood -63438.973514, best rearrangement setting 14
Bootstrap[54]: Time 6.946632 seconds, bootstrap likelihood -64422.206367, best rearrangement setting 11
Bootstrap[55]: Time 1.307989 seconds, bootstrap likelihood -63760.073638, best rearrangement setting 11
Bootstrap[56]: Time 0.937456 seconds, bootstrap likelihood -63913.168080, best rearrangement setting 12
Bootstrap[57]: Time 1.078194 seconds, bootstrap likelihood -63580.248181, best rearrangement setting 10
Bootstrap[58]: Time 0.994745 seconds, bootstrap likelihood -63531.290753, best rearrangement setting 8
Bootstrap[59]: Time 0.978471 seconds, bootstrap likelihood -64242.383200, best rearrangement setting 11
Bootstrap[60]: Time 1.100005 seconds, bootstrap likelihood -64430.010780, best rearrangement setting 8
Bootstrap[61]: Time 0.993791 seconds, bootstrap likelihood -63325.506682, best rearrangement setting 14
Bootstrap[62]: Time 7.122185 seconds, bootstrap likelihood -64940.206310, best rearrangement setting 9
Bootstrap[63]: Time 1.042241 seconds, bootstrap likelihood -63773.386009, best rearrangement setting 13
Bootstrap[64]: Time 1.065939 seconds, bootstrap likelihood -65546.494597, best rearrangement setting 14
Bootstrap[65]: Time 1.023899 seconds, bootstrap likelihood -63547.569331, best rearrangement setting 10
Bootstrap[66]: Time 0.988901 seconds, bootstrap likelihood -63259.459837, best rearrangement setting 10
Bootstrap[67]: Time 0.849498 seconds, bootstrap likelihood -64207.190811, best rearrangement setting 5
Bootstrap[68]: Time 1.079785 seconds, bootstrap likelihood -63360.024049, best rearrangement setting 9
Bootstrap[69]: Time 1.133229 seconds, bootstrap likelihood -64170.077656, best rearrangement setting 9
Bootstrap[70]: Time 1.214292 seconds, bootstrap likelihood -64613.949740, best rearrangement setting 12
Bootstrap[71]: Time 1.231719 seconds, bootstrap likelihood -64779.680018, best rearrangement setting 15
Bootstrap[72]: Time 1.120188 seconds, bootstrap likelihood -64704.906045, best rearrangement setting 8
Bootstrap[73]: Time 1.196810 seconds, bootstrap likelihood -62935.888308, best rearrangement setting 11
Bootstrap[74]: Time 1.121901 seconds, bootstrap likelihood -65000.672197, best rearrangement setting 7
Bootstrap[75]: Time 1.193447 seconds, bootstrap likelihood -64156.624122, best rearrangement setting 10
Bootstrap[76]: Time 1.088809 seconds, bootstrap likelihood -64719.375512, best rearrangement setting 14
Bootstrap[77]: Time 1.315307 seconds, bootstrap likelihood -64315.669304, best rearrangement setting 12
Bootstrap[78]: Time 0.803165 seconds, bootstrap likelihood -64657.878921, best rearrangement setting 5
Bootstrap[79]: Time 6.898963 seconds, bootstrap likelihood -64676.039518, best rearrangement setting 13
Bootstrap[80]: Time 1.118419 seconds, bootstrap likelihood -63786.746157, best rearrangement setting 14
Bootstrap[81]: Time 1.146918 seconds, bootstrap likelihood -64294.734834, best rearrangement setting 12
Bootstrap[82]: Time 1.031485 seconds, bootstrap likelihood -63123.348364, best rearrangement setting 12
Bootstrap[83]: Time 0.827094 seconds, bootstrap likelihood -62973.939302, best rearrangement setting 6
Bootstrap[84]: Time 0.980005 seconds, bootstrap likelihood -63509.109403, best rearrangement setting 10
Bootstrap[85]: Time 1.100064 seconds, bootstrap likelihood -63540.061867, best rearrangement setting 11
Bootstrap[86]: Time 1.101055 seconds, bootstrap likelihood -64772.287532, best rearrangement setting 9
Bootstrap[87]: Time 1.101691 seconds, bootstrap likelihood -64406.312287, best rearrangement setting 7
Bootstrap[88]: Time 2.878724 seconds, bootstrap likelihood -63846.225775, best rearrangement setting 12
Bootstrap[89]: Time 1.102785 seconds, bootstrap likelihood -62540.616705, best rearrangement setting 10
Bootstrap[90]: Time 1.910609 seconds, bootstrap likelihood -63963.107583, best rearrangement setting 12
Bootstrap[91]: Time 1.074955 seconds, bootstrap likelihood -63459.137678, best rearrangement setting 8
Bootstrap[92]: Time 0.730670 seconds, bootstrap likelihood -64089.923909, best rearrangement setting 5
Bootstrap[93]: Time 1.105792 seconds, bootstrap likelihood -63742.952239, best rearrangement setting 14
Bootstrap[94]: Time 0.859695 seconds, bootstrap likelihood -65033.522331, best rearrangement setting 5
Bootstrap[95]: Time 2.375914 seconds, bootstrap likelihood -63094.612767, best rearrangement setting 15
Bootstrap[96]: Time 0.957456 seconds, bootstrap likelihood -63156.633752, best rearrangement setting 10
Bootstrap[97]: Time 4.322671 seconds, bootstrap likelihood -64042.608723, best rearrangement setting 9
Bootstrap[98]: Time 1.771190 seconds, bootstrap likelihood -62873.527567, best rearrangement setting 8
Bootstrap[99]: Time 0.991962 seconds, bootstrap likelihood -63640.526795, best rearrangement setting 6


Overall Time for 100 Rapid Bootstraps 151.115086 seconds
Average Time per Rapid Bootstrap 1.511151 seconds

Starting ML Search ...

Fast ML optimization finished

Fast ML search Time: 494.395965 seconds

Slow ML Search 0 Likelihood: -64346.234154
Slow ML Search 1 Likelihood: -64346.234154
Slow ML Search 2 Likelihood: -64351.683094
Slow ML Search 3 Likelihood: -64353.402604
Slow ML Search 4 Likelihood: -64354.160640
Slow ML Search 5 Likelihood: -64355.197975
Slow ML Search 6 Likelihood: -64355.185061
Slow ML Search 7 Likelihood: -64357.122856
Slow ML Search 8 Likelihood: -64357.397421
Slow ML Search 9 Likelihood: -64350.180425
Slow ML optimization finished

Slow ML search Time: 71.009375 seconds
Thorough ML search Time: 2.768984 seconds

Final ML Optimization Likelihood: -64346.234153

Model Information:

Model Parameters of Partition 0, Name: No Name Provided, Type of Data: DNA
alpha: 0.327114
Tree-Length: 3.051535
rate A <-> C: 2.197742
rate A <-> G: 5.468069
rate A <-> T: 0.898477
rate C <-> G: 0.929022
rate C <-> T: 6.109733
rate G <-> T: 1.000000

freq pi(A): 0.370020
freq pi(C): 0.174238
freq pi(G): 0.234333
freq pi(T): 0.221409


ML search took 568.179684 secs or 0.157828 hours

Combined Bootstrap and ML search took 719.294876 secs or 0.199804 hours

Drawing Bootstrap Support Values on best-scoring ML tree ...



Found 1 tree in File /gpfs_home/mhowison/code/hiv-profile-sampling/scratch/trees/gag-pol-env/RAxML_bestTree.sample.31



Found 1 tree in File /gpfs_home/mhowison/code/hiv-profile-sampling/scratch/trees/gag-pol-env/RAxML_bestTree.sample.31

Program execution info written to /gpfs_home/mhowison/code/hiv-profile-sampling/scratch/trees/gag-pol-env/RAxML_info.sample.31
All 100 bootstrapped trees written to: /gpfs_home/mhowison/code/hiv-profile-sampling/scratch/trees/gag-pol-env/RAxML_bootstrap.sample.31

Best-scoring ML tree written to: /gpfs_home/mhowison/code/hiv-profile-sampling/scratch/trees/gag-pol-env/RAxML_bestTree.sample.31

Best-scoring ML tree with support values written to: /gpfs_home/mhowison/code/hiv-profile-sampling/scratch/trees/gag-pol-env/RAxML_bipartitions.sample.31

Best-scoring ML tree with support values as branch labels written to: /gpfs_home/mhowison/code/hiv-profile-sampling/scratch/trees/gag-pol-env/RAxML_bipartitionsBranchLabels.sample.31

Overall execution time for full ML analysis: 719.298071 secs or 0.199805 hours or 0.008325 days

