srun: job 263977 queued and waiting for resources
srun: job 263977 has been allocated resources
Warning, you specified a working directory via "-w"
Keep in mind that RAxML only accepts absolute path names, not relative ones!

RAxML can't, parse the alignment file as phylip file 
it will now try to parse it as FASTA file



Using BFGS method to optimize GTR rate parameters, to disable this specify "--no-bfgs" 


This is the RAxML Master Pthread

This is RAxML Worker Pthread Number: 2

This is RAxML Worker Pthread Number: 1

This is RAxML Worker Pthread Number: 3

This is RAxML Worker Pthread Number: 4

This is RAxML Worker Pthread Number: 5

This is RAxML Worker Pthread Number: 6

This is RAxML Worker Pthread Number: 7

This is RAxML Worker Pthread Number: 8

This is RAxML Worker Pthread Number: 9

This is RAxML Worker Pthread Number: 11

This is RAxML Worker Pthread Number: 10

This is RAxML Worker Pthread Number: 12

This is RAxML Worker Pthread Number: 13

This is RAxML Worker Pthread Number: 15

This is RAxML Worker Pthread Number: 14

This is RAxML Worker Pthread Number: 17

This is RAxML Worker Pthread Number: 16

This is RAxML Worker Pthread Number: 18

This is RAxML Worker Pthread Number: 19


This is RAxML version 8.2.12 released by Alexandros Stamatakis on May 2018.

With greatly appreciated code contributions by:
Andre Aberer      (HITS)
Simon Berger      (HITS)
Alexey Kozlov     (HITS)
Kassian Kobert    (HITS)
David Dao         (KIT and HITS)
Sarah Lutteropp   (KIT and HITS)
Nick Pattengale   (Sandia)
Wayne Pfeiffer    (SDSC)
Akifumi S. Tanabe (NRIFS)
Charlie Taylor    (UF)


Alignment has 3185 distinct alignment patterns

Proportion of gaps and completely undetermined characters in this alignment: 6.10%

RAxML rapid bootstrapping and subsequent ML search

Using 1 distinct models/data partitions with joint branch length optimization



Executing 100 rapid bootstrap inferences and thereafter a thorough ML search 

All free model parameters will be estimated by RAxML
GAMMA model of rate heterogeneity, ML estimate of alpha-parameter

GAMMA Model parameters will be estimated up to an accuracy of 0.1000000000 Log Likelihood units

Partition: 0
Alignment Patterns: 3185
Name: No Name Provided
DataType: DNA
Substitution Matrix: GTR




RAxML was called as follows:

raxmlHPC-PTHREADS-AVX -T 20 -s scratch/aligned/gag-pol-env/sample.120.fa -p 1006990705 -x 1006990705 -f a -N 100 -m GTRGAMMA -w /gpfs_home/mhowison/code/hiv-profile-sampling/scratch/trees/gag-pol-env -n sample.120 



Time for BS model parameter optimization 0.180031
Bootstrap[0]: Time 1.511377 seconds, bootstrap likelihood -64689.913066, best rearrangement setting 12
Bootstrap[1]: Time 1.291889 seconds, bootstrap likelihood -64983.851995, best rearrangement setting 9
Bootstrap[2]: Time 1.226364 seconds, bootstrap likelihood -64677.436975, best rearrangement setting 14
Bootstrap[3]: Time 1.358970 seconds, bootstrap likelihood -65895.294706, best rearrangement setting 9
Bootstrap[4]: Time 1.357412 seconds, bootstrap likelihood -65059.014564, best rearrangement setting 13
Bootstrap[5]: Time 1.136633 seconds, bootstrap likelihood -65650.782464, best rearrangement setting 7
Bootstrap[6]: Time 0.944248 seconds, bootstrap likelihood -63307.779092, best rearrangement setting 5
Bootstrap[7]: Time 1.256836 seconds, bootstrap likelihood -63437.326013, best rearrangement setting 14
Bootstrap[8]: Time 1.406603 seconds, bootstrap likelihood -64081.975246, best rearrangement setting 14
Bootstrap[9]: Time 0.915310 seconds, bootstrap likelihood -65252.077484, best rearrangement setting 5
Bootstrap[10]: Time 1.209508 seconds, bootstrap likelihood -64508.976406, best rearrangement setting 10
Bootstrap[11]: Time 1.300342 seconds, bootstrap likelihood -64823.924523, best rearrangement setting 11
Bootstrap[12]: Time 1.214625 seconds, bootstrap likelihood -63565.202549, best rearrangement setting 10
Bootstrap[13]: Time 1.856531 seconds, bootstrap likelihood -63680.755842, best rearrangement setting 14
Bootstrap[14]: Time 1.116234 seconds, bootstrap likelihood -64409.588807, best rearrangement setting 14
Bootstrap[15]: Time 1.273090 seconds, bootstrap likelihood -64480.743098, best rearrangement setting 10
Bootstrap[16]: Time 1.237040 seconds, bootstrap likelihood -63523.984234, best rearrangement setting 7
Bootstrap[17]: Time 1.251849 seconds, bootstrap likelihood -64032.502761, best rearrangement setting 9
Bootstrap[18]: Time 1.184098 seconds, bootstrap likelihood -62970.332890, best rearrangement setting 15
Bootstrap[19]: Time 1.281631 seconds, bootstrap likelihood -64425.784292, best rearrangement setting 8
Bootstrap[20]: Time 1.229260 seconds, bootstrap likelihood -64373.522892, best rearrangement setting 12
Bootstrap[21]: Time 1.341143 seconds, bootstrap likelihood -64364.030288, best rearrangement setting 11
Bootstrap[22]: Time 0.888321 seconds, bootstrap likelihood -63858.849399, best rearrangement setting 5
Bootstrap[23]: Time 1.180880 seconds, bootstrap likelihood -64584.024412, best rearrangement setting 9
Bootstrap[24]: Time 1.214906 seconds, bootstrap likelihood -66117.912052, best rearrangement setting 15
Bootstrap[25]: Time 1.491412 seconds, bootstrap likelihood -65021.939312, best rearrangement setting 13
Bootstrap[26]: Time 1.189926 seconds, bootstrap likelihood -65597.057847, best rearrangement setting 12
Bootstrap[27]: Time 1.072988 seconds, bootstrap likelihood -64071.939939, best rearrangement setting 13
Bootstrap[28]: Time 1.105062 seconds, bootstrap likelihood -65639.303398, best rearrangement setting 6
Bootstrap[29]: Time 1.005717 seconds, bootstrap likelihood -64881.877765, best rearrangement setting 7
Bootstrap[30]: Time 1.176392 seconds, bootstrap likelihood -63125.298717, best rearrangement setting 10
Bootstrap[31]: Time 1.293638 seconds, bootstrap likelihood -63988.549481, best rearrangement setting 10
Bootstrap[32]: Time 1.328282 seconds, bootstrap likelihood -64822.340195, best rearrangement setting 7
Bootstrap[33]: Time 1.230978 seconds, bootstrap likelihood -64080.877578, best rearrangement setting 10
Bootstrap[34]: Time 1.135069 seconds, bootstrap likelihood -65490.853515, best rearrangement setting 10
Bootstrap[35]: Time 1.199656 seconds, bootstrap likelihood -65492.043444, best rearrangement setting 14
Bootstrap[36]: Time 1.071021 seconds, bootstrap likelihood -64955.231624, best rearrangement setting 14
Bootstrap[37]: Time 0.908376 seconds, bootstrap likelihood -64689.569969, best rearrangement setting 7
Bootstrap[38]: Time 1.561121 seconds, bootstrap likelihood -64441.395440, best rearrangement setting 10
Bootstrap[39]: Time 1.085748 seconds, bootstrap likelihood -64450.468147, best rearrangement setting 11
Bootstrap[40]: Time 1.251979 seconds, bootstrap likelihood -63771.824129, best rearrangement setting 7
Bootstrap[41]: Time 1.134101 seconds, bootstrap likelihood -64351.617682, best rearrangement setting 7
Bootstrap[42]: Time 0.928563 seconds, bootstrap likelihood -65167.222499, best rearrangement setting 5
Bootstrap[43]: Time 1.168156 seconds, bootstrap likelihood -64018.676356, best rearrangement setting 6
Bootstrap[44]: Time 1.249048 seconds, bootstrap likelihood -63461.733828, best rearrangement setting 15
Bootstrap[45]: Time 1.083740 seconds, bootstrap likelihood -63186.560262, best rearrangement setting 15
Bootstrap[46]: Time 1.073883 seconds, bootstrap likelihood -65614.245825, best rearrangement setting 6
Bootstrap[47]: Time 0.944166 seconds, bootstrap likelihood -66444.025560, best rearrangement setting 5
Bootstrap[48]: Time 1.309577 seconds, bootstrap likelihood -65257.920105, best rearrangement setting 8
Bootstrap[49]: Time 1.280071 seconds, bootstrap likelihood -64218.796450, best rearrangement setting 11
Bootstrap[50]: Time 1.561219 seconds, bootstrap likelihood -64628.873709, best rearrangement setting 10
Bootstrap[51]: Time 1.594445 seconds, bootstrap likelihood -63616.034145, best rearrangement setting 10
Bootstrap[52]: Time 1.227841 seconds, bootstrap likelihood -63987.882400, best rearrangement setting 7
Bootstrap[53]: Time 1.024375 seconds, bootstrap likelihood -64875.086997, best rearrangement setting 7
Bootstrap[54]: Time 1.103106 seconds, bootstrap likelihood -64857.295356, best rearrangement setting 8
Bootstrap[55]: Time 1.297596 seconds, bootstrap likelihood -64071.244746, best rearrangement setting 15
Bootstrap[56]: Time 1.407089 seconds, bootstrap likelihood -64475.298613, best rearrangement setting 12
Bootstrap[57]: Time 1.367402 seconds, bootstrap likelihood -64881.027519, best rearrangement setting 14
Bootstrap[58]: Time 1.363405 seconds, bootstrap likelihood -64811.640532, best rearrangement setting 15
Bootstrap[59]: Time 1.139937 seconds, bootstrap likelihood -63349.915764, best rearrangement setting 15
Bootstrap[60]: Time 1.225744 seconds, bootstrap likelihood -64695.056509, best rearrangement setting 12
Bootstrap[61]: Time 1.157921 seconds, bootstrap likelihood -64221.621762, best rearrangement setting 13
Bootstrap[62]: Time 1.902018 seconds, bootstrap likelihood -63541.619805, best rearrangement setting 10
Bootstrap[63]: Time 1.265988 seconds, bootstrap likelihood -64635.935883, best rearrangement setting 13
Bootstrap[64]: Time 1.344440 seconds, bootstrap likelihood -63971.797510, best rearrangement setting 14
Bootstrap[65]: Time 1.250985 seconds, bootstrap likelihood -64335.236889, best rearrangement setting 12
Bootstrap[66]: Time 1.001666 seconds, bootstrap likelihood -63783.642938, best rearrangement setting 6
Bootstrap[67]: Time 1.131630 seconds, bootstrap likelihood -64347.269559, best rearrangement setting 6
Bootstrap[68]: Time 1.263658 seconds, bootstrap likelihood -64893.269570, best rearrangement setting 8
Bootstrap[69]: Time 1.108825 seconds, bootstrap likelihood -63434.195330, best rearrangement setting 7
Bootstrap[70]: Time 1.036290 seconds, bootstrap likelihood -64808.174509, best rearrangement setting 5
Bootstrap[71]: Time 1.055756 seconds, bootstrap likelihood -65216.487520, best rearrangement setting 6
Bootstrap[72]: Time 0.984131 seconds, bootstrap likelihood -63506.616949, best rearrangement setting 5
Bootstrap[73]: Time 1.229744 seconds, bootstrap likelihood -63802.598404, best rearrangement setting 9
Bootstrap[74]: Time 1.444222 seconds, bootstrap likelihood -66061.173310, best rearrangement setting 9
Bootstrap[75]: Time 1.313567 seconds, bootstrap likelihood -63949.025979, best rearrangement setting 13
Bootstrap[76]: Time 1.181498 seconds, bootstrap likelihood -65269.156930, best rearrangement setting 6
Bootstrap[77]: Time 1.067319 seconds, bootstrap likelihood -64001.893438, best rearrangement setting 8
Bootstrap[78]: Time 1.297836 seconds, bootstrap likelihood -65094.917432, best rearrangement setting 13
Bootstrap[79]: Time 1.022583 seconds, bootstrap likelihood -65128.536955, best rearrangement setting 5
Bootstrap[80]: Time 1.239183 seconds, bootstrap likelihood -65438.635485, best rearrangement setting 12
Bootstrap[81]: Time 1.453184 seconds, bootstrap likelihood -65185.697845, best rearrangement setting 12
Bootstrap[82]: Time 1.061390 seconds, bootstrap likelihood -63471.074870, best rearrangement setting 11
Bootstrap[83]: Time 0.946655 seconds, bootstrap likelihood -63696.350092, best rearrangement setting 6
Bootstrap[84]: Time 1.300129 seconds, bootstrap likelihood -65612.795347, best rearrangement setting 14
Bootstrap[85]: Time 1.097261 seconds, bootstrap likelihood -64305.920419, best rearrangement setting 8
Bootstrap[86]: Time 1.311726 seconds, bootstrap likelihood -63918.024392, best rearrangement setting 12
Bootstrap[87]: Time 1.723695 seconds, bootstrap likelihood -64626.433855, best rearrangement setting 10
Bootstrap[88]: Time 1.340778 seconds, bootstrap likelihood -65112.920644, best rearrangement setting 13
Bootstrap[89]: Time 1.387410 seconds, bootstrap likelihood -64569.861163, best rearrangement setting 13
Bootstrap[90]: Time 1.300366 seconds, bootstrap likelihood -65081.116573, best rearrangement setting 9
Bootstrap[91]: Time 1.212128 seconds, bootstrap likelihood -64156.522869, best rearrangement setting 13
Bootstrap[92]: Time 1.056446 seconds, bootstrap likelihood -64250.349781, best rearrangement setting 6
Bootstrap[93]: Time 1.320805 seconds, bootstrap likelihood -65467.473117, best rearrangement setting 9
Bootstrap[94]: Time 1.211577 seconds, bootstrap likelihood -64374.080031, best rearrangement setting 12
Bootstrap[95]: Time 1.288885 seconds, bootstrap likelihood -65159.816612, best rearrangement setting 12
Bootstrap[96]: Time 1.224927 seconds, bootstrap likelihood -62880.570673, best rearrangement setting 14
Bootstrap[97]: Time 0.916387 seconds, bootstrap likelihood -64812.133111, best rearrangement setting 5
Bootstrap[98]: Time 1.136804 seconds, bootstrap likelihood -63322.256387, best rearrangement setting 12
Bootstrap[99]: Time 1.361236 seconds, bootstrap likelihood -65576.135589, best rearrangement setting 12


Overall Time for 100 Rapid Bootstraps 122.787480 seconds
Average Time per Rapid Bootstrap 1.227875 seconds

Starting ML Search ...

Fast ML optimization finished

Fast ML search Time: 111.245242 seconds

Slow ML Search 0 Likelihood: -64636.511632
Slow ML Search 1 Likelihood: -64636.958119
Slow ML Search 2 Likelihood: -64637.531108
Slow ML Search 3 Likelihood: -64637.808295
Slow ML Search 4 Likelihood: -64638.947238
Slow ML Search 5 Likelihood: -64639.893276
Slow ML Search 6 Likelihood: -64639.825891
Slow ML Search 7 Likelihood: -64640.647469
Slow ML Search 8 Likelihood: -64641.367581
Slow ML Search 9 Likelihood: -64641.235264
Slow ML optimization finished

Slow ML search Time: 18.542264 seconds
Thorough ML search Time: 2.087076 seconds

Final ML Optimization Likelihood: -64636.511630

Model Information:

Model Parameters of Partition 0, Name: No Name Provided, Type of Data: DNA
alpha: 0.329695
Tree-Length: 2.985141
rate A <-> C: 2.299782
rate A <-> G: 5.647751
rate A <-> T: 0.939824
rate C <-> G: 1.010153
rate C <-> T: 6.492926
rate G <-> T: 1.000000

freq pi(A): 0.369994
freq pi(C): 0.174253
freq pi(G): 0.234168
freq pi(T): 0.221585


ML search took 131.879276 secs or 0.036633 hours

Combined Bootstrap and ML search took 254.666959 secs or 0.070741 hours

Drawing Bootstrap Support Values on best-scoring ML tree ...



Found 1 tree in File /gpfs_home/mhowison/code/hiv-profile-sampling/scratch/trees/gag-pol-env/RAxML_bestTree.sample.120



Found 1 tree in File /gpfs_home/mhowison/code/hiv-profile-sampling/scratch/trees/gag-pol-env/RAxML_bestTree.sample.120

Program execution info written to /gpfs_home/mhowison/code/hiv-profile-sampling/scratch/trees/gag-pol-env/RAxML_info.sample.120
All 100 bootstrapped trees written to: /gpfs_home/mhowison/code/hiv-profile-sampling/scratch/trees/gag-pol-env/RAxML_bootstrap.sample.120

Best-scoring ML tree written to: /gpfs_home/mhowison/code/hiv-profile-sampling/scratch/trees/gag-pol-env/RAxML_bestTree.sample.120

Best-scoring ML tree with support values written to: /gpfs_home/mhowison/code/hiv-profile-sampling/scratch/trees/gag-pol-env/RAxML_bipartitions.sample.120

Best-scoring ML tree with support values as branch labels written to: /gpfs_home/mhowison/code/hiv-profile-sampling/scratch/trees/gag-pol-env/RAxML_bipartitionsBranchLabels.sample.120

Overall execution time for full ML analysis: 254.671187 secs or 0.070742 hours or 0.002948 days

