srun: job 264606 queued and waiting for resources
srun: job 264606 has been allocated resources
Warning, you specified a working directory via "-w"
Keep in mind that RAxML only accepts absolute path names, not relative ones!

RAxML can't, parse the alignment file as phylip file 
it will now try to parse it as FASTA file



Using BFGS method to optimize GTR rate parameters, to disable this specify "--no-bfgs" 


This is the RAxML Master Pthread

This is RAxML Worker Pthread Number: 2

This is RAxML Worker Pthread Number: 3

This is RAxML Worker Pthread Number: 5

This is RAxML Worker Pthread Number: 4

This is RAxML Worker Pthread Number: 1

This is RAxML Worker Pthread Number: 6

This is RAxML Worker Pthread Number: 7

This is RAxML Worker Pthread Number: 8

This is RAxML Worker Pthread Number: 9

This is RAxML Worker Pthread Number: 10

This is RAxML Worker Pthread Number: 11

This is RAxML Worker Pthread Number: 12

This is RAxML Worker Pthread Number: 13

This is RAxML Worker Pthread Number: 14

This is RAxML Worker Pthread Number: 16

This is RAxML Worker Pthread Number: 15

This is RAxML Worker Pthread Number: 17

This is RAxML Worker Pthread Number: 18

This is RAxML Worker Pthread Number: 19


This is RAxML version 8.2.12 released by Alexandros Stamatakis on May 2018.

With greatly appreciated code contributions by:
Andre Aberer      (HITS)
Simon Berger      (HITS)
Alexey Kozlov     (HITS)
Kassian Kobert    (HITS)
David Dao         (KIT and HITS)
Sarah Lutteropp   (KIT and HITS)
Nick Pattengale   (Sandia)
Wayne Pfeiffer    (SDSC)
Akifumi S. Tanabe (NRIFS)
Charlie Taylor    (UF)


Alignment has 3194 distinct alignment patterns

Proportion of gaps and completely undetermined characters in this alignment: 6.11%

RAxML rapid bootstrapping and subsequent ML search

Using 1 distinct models/data partitions with joint branch length optimization



Executing 100 rapid bootstrap inferences and thereafter a thorough ML search 

All free model parameters will be estimated by RAxML
GAMMA model of rate heterogeneity, ML estimate of alpha-parameter

GAMMA Model parameters will be estimated up to an accuracy of 0.1000000000 Log Likelihood units

Partition: 0
Alignment Patterns: 3194
Name: No Name Provided
DataType: DNA
Substitution Matrix: GTR




RAxML was called as follows:

raxmlHPC-PTHREADS-AVX -T 20 -s scratch/aligned/gag-pol-env/sample.470.fa -p 6456458913 -x 6456458913 -f a -N 100 -m GTRGAMMA -w /gpfs_home/mhowison/code/hiv-profile-sampling/scratch/trees/gag-pol-env -n sample.470 



Time for BS model parameter optimization 0.211632
Bootstrap[0]: Time 1.382532 seconds, bootstrap likelihood -63665.580473, best rearrangement setting 8
Bootstrap[1]: Time 1.941066 seconds, bootstrap likelihood -64825.146947, best rearrangement setting 5
Bootstrap[2]: Time 1.812230 seconds, bootstrap likelihood -64986.273319, best rearrangement setting 13
Bootstrap[3]: Time 1.177040 seconds, bootstrap likelihood -64374.759027, best rearrangement setting 11
Bootstrap[4]: Time 1.162730 seconds, bootstrap likelihood -63169.069857, best rearrangement setting 6
Bootstrap[5]: Time 0.990991 seconds, bootstrap likelihood -65237.833829, best rearrangement setting 6
Bootstrap[6]: Time 1.154319 seconds, bootstrap likelihood -63129.517817, best rearrangement setting 14
Bootstrap[7]: Time 1.177429 seconds, bootstrap likelihood -63877.832388, best rearrangement setting 13
Bootstrap[8]: Time 1.243874 seconds, bootstrap likelihood -64439.626881, best rearrangement setting 8
Bootstrap[9]: Time 1.152988 seconds, bootstrap likelihood -64231.104865, best rearrangement setting 7
Bootstrap[10]: Time 1.270630 seconds, bootstrap likelihood -64585.244753, best rearrangement setting 8
Bootstrap[11]: Time 1.011220 seconds, bootstrap likelihood -64964.946677, best rearrangement setting 6
Bootstrap[12]: Time 1.087915 seconds, bootstrap likelihood -62672.064116, best rearrangement setting 9
Bootstrap[13]: Time 1.159019 seconds, bootstrap likelihood -64282.548487, best rearrangement setting 7
Bootstrap[14]: Time 1.118052 seconds, bootstrap likelihood -64168.467926, best rearrangement setting 11
Bootstrap[15]: Time 1.074345 seconds, bootstrap likelihood -63081.607088, best rearrangement setting 15
Bootstrap[16]: Time 1.148717 seconds, bootstrap likelihood -65048.437562, best rearrangement setting 15
Bootstrap[17]: Time 1.678364 seconds, bootstrap likelihood -65056.772428, best rearrangement setting 15
Bootstrap[18]: Time 1.308505 seconds, bootstrap likelihood -64623.587207, best rearrangement setting 14
Bootstrap[19]: Time 1.317498 seconds, bootstrap likelihood -65599.208419, best rearrangement setting 9
Bootstrap[20]: Time 1.286723 seconds, bootstrap likelihood -63891.531635, best rearrangement setting 11
Bootstrap[21]: Time 1.211638 seconds, bootstrap likelihood -61925.022889, best rearrangement setting 9
Bootstrap[22]: Time 1.184995 seconds, bootstrap likelihood -64696.661587, best rearrangement setting 8
Bootstrap[23]: Time 1.145106 seconds, bootstrap likelihood -65142.860915, best rearrangement setting 13
Bootstrap[24]: Time 1.009089 seconds, bootstrap likelihood -64545.604659, best rearrangement setting 6
Bootstrap[25]: Time 1.479289 seconds, bootstrap likelihood -63553.436778, best rearrangement setting 10
Bootstrap[26]: Time 1.022400 seconds, bootstrap likelihood -64616.022672, best rearrangement setting 10
Bootstrap[27]: Time 1.159015 seconds, bootstrap likelihood -63147.070125, best rearrangement setting 13
Bootstrap[28]: Time 1.016187 seconds, bootstrap likelihood -63776.074930, best rearrangement setting 12
Bootstrap[29]: Time 1.323225 seconds, bootstrap likelihood -64763.518266, best rearrangement setting 12
Bootstrap[30]: Time 1.204070 seconds, bootstrap likelihood -64813.767247, best rearrangement setting 13
Bootstrap[31]: Time 0.963337 seconds, bootstrap likelihood -64206.921367, best rearrangement setting 5
Bootstrap[32]: Time 0.860152 seconds, bootstrap likelihood -62742.744215, best rearrangement setting 5
Bootstrap[33]: Time 0.934529 seconds, bootstrap likelihood -63963.984043, best rearrangement setting 6
Bootstrap[34]: Time 2.355432 seconds, bootstrap likelihood -65202.147087, best rearrangement setting 14
Bootstrap[35]: Time 2.668478 seconds, bootstrap likelihood -64683.488083, best rearrangement setting 10
Bootstrap[36]: Time 1.244610 seconds, bootstrap likelihood -65089.926501, best rearrangement setting 9
Bootstrap[37]: Time 1.159174 seconds, bootstrap likelihood -63833.362492, best rearrangement setting 13
Bootstrap[38]: Time 1.340123 seconds, bootstrap likelihood -63828.031299, best rearrangement setting 8
Bootstrap[39]: Time 1.186869 seconds, bootstrap likelihood -63677.152885, best rearrangement setting 10
Bootstrap[40]: Time 2.125985 seconds, bootstrap likelihood -62945.062598, best rearrangement setting 9
Bootstrap[41]: Time 1.153914 seconds, bootstrap likelihood -64931.515708, best rearrangement setting 7
Bootstrap[42]: Time 1.102574 seconds, bootstrap likelihood -63459.669530, best rearrangement setting 7
Bootstrap[43]: Time 1.131046 seconds, bootstrap likelihood -64865.994854, best rearrangement setting 8
Bootstrap[44]: Time 1.212651 seconds, bootstrap likelihood -62847.337344, best rearrangement setting 15
Bootstrap[45]: Time 1.071368 seconds, bootstrap likelihood -66348.382042, best rearrangement setting 6
Bootstrap[46]: Time 1.036593 seconds, bootstrap likelihood -63962.739739, best rearrangement setting 9
Bootstrap[47]: Time 1.206070 seconds, bootstrap likelihood -64711.430654, best rearrangement setting 13
Bootstrap[48]: Time 8.514274 seconds, bootstrap likelihood -64639.446916, best rearrangement setting 7
Bootstrap[49]: Time 1.102215 seconds, bootstrap likelihood -64902.137593, best rearrangement setting 12
Bootstrap[50]: Time 1.303594 seconds, bootstrap likelihood -64632.914527, best rearrangement setting 11
Bootstrap[51]: Time 1.041985 seconds, bootstrap likelihood -63967.323206, best rearrangement setting 15
Bootstrap[52]: Time 1.096738 seconds, bootstrap likelihood -63795.544335, best rearrangement setting 7
Bootstrap[53]: Time 1.117507 seconds, bootstrap likelihood -63919.812000, best rearrangement setting 8
Bootstrap[54]: Time 0.898003 seconds, bootstrap likelihood -63644.189543, best rearrangement setting 8
Bootstrap[55]: Time 1.137025 seconds, bootstrap likelihood -64169.693864, best rearrangement setting 15
Bootstrap[56]: Time 1.121446 seconds, bootstrap likelihood -64954.044539, best rearrangement setting 10
Bootstrap[57]: Time 0.910947 seconds, bootstrap likelihood -64531.979493, best rearrangement setting 5
Bootstrap[58]: Time 1.224080 seconds, bootstrap likelihood -63893.550807, best rearrangement setting 13
Bootstrap[59]: Time 0.901648 seconds, bootstrap likelihood -65489.595035, best rearrangement setting 5
Bootstrap[60]: Time 1.915315 seconds, bootstrap likelihood -64853.044363, best rearrangement setting 8
Bootstrap[61]: Time 1.217440 seconds, bootstrap likelihood -64984.116221, best rearrangement setting 11
Bootstrap[62]: Time 1.010952 seconds, bootstrap likelihood -63866.926609, best rearrangement setting 14
Bootstrap[63]: Time 1.099865 seconds, bootstrap likelihood -64305.860682, best rearrangement setting 8
Bootstrap[64]: Time 1.079584 seconds, bootstrap likelihood -64246.350910, best rearrangement setting 11
Bootstrap[65]: Time 0.940575 seconds, bootstrap likelihood -64282.298798, best rearrangement setting 5
Bootstrap[66]: Time 1.247109 seconds, bootstrap likelihood -64436.224598, best rearrangement setting 13
Bootstrap[67]: Time 0.955195 seconds, bootstrap likelihood -64049.972243, best rearrangement setting 7
Bootstrap[68]: Time 1.516048 seconds, bootstrap likelihood -65055.686800, best rearrangement setting 7
Bootstrap[69]: Time 1.132337 seconds, bootstrap likelihood -63315.773851, best rearrangement setting 10
Bootstrap[70]: Time 1.103332 seconds, bootstrap likelihood -64453.328110, best rearrangement setting 10
Bootstrap[71]: Time 1.023609 seconds, bootstrap likelihood -63345.125216, best rearrangement setting 6
Bootstrap[72]: Time 1.056234 seconds, bootstrap likelihood -64488.625606, best rearrangement setting 6
Bootstrap[73]: Time 1.176859 seconds, bootstrap likelihood -65217.538033, best rearrangement setting 5
Bootstrap[74]: Time 1.110746 seconds, bootstrap likelihood -64329.246479, best rearrangement setting 14
Bootstrap[75]: Time 0.970208 seconds, bootstrap likelihood -65548.997959, best rearrangement setting 11
Bootstrap[76]: Time 1.180031 seconds, bootstrap likelihood -65231.005992, best rearrangement setting 15
Bootstrap[77]: Time 1.214394 seconds, bootstrap likelihood -64565.490766, best rearrangement setting 15
Bootstrap[78]: Time 0.949901 seconds, bootstrap likelihood -66060.804246, best rearrangement setting 6
Bootstrap[79]: Time 1.158812 seconds, bootstrap likelihood -63257.816548, best rearrangement setting 12
Bootstrap[80]: Time 1.084594 seconds, bootstrap likelihood -65059.589572, best rearrangement setting 15
Bootstrap[81]: Time 1.224032 seconds, bootstrap likelihood -63655.776711, best rearrangement setting 13
Bootstrap[82]: Time 1.267083 seconds, bootstrap likelihood -65207.689043, best rearrangement setting 10
Bootstrap[83]: Time 1.086504 seconds, bootstrap likelihood -65203.111620, best rearrangement setting 10
Bootstrap[84]: Time 1.154609 seconds, bootstrap likelihood -64490.305139, best rearrangement setting 11
Bootstrap[85]: Time 1.149885 seconds, bootstrap likelihood -62999.674717, best rearrangement setting 14
Bootstrap[86]: Time 1.881900 seconds, bootstrap likelihood -64891.016363, best rearrangement setting 15
Bootstrap[87]: Time 1.130935 seconds, bootstrap likelihood -64429.969619, best rearrangement setting 9
Bootstrap[88]: Time 1.126113 seconds, bootstrap likelihood -65185.710706, best rearrangement setting 15
Bootstrap[89]: Time 1.242827 seconds, bootstrap likelihood -63658.260978, best rearrangement setting 10
Bootstrap[90]: Time 0.794343 seconds, bootstrap likelihood -65480.722999, best rearrangement setting 5
Bootstrap[91]: Time 1.241418 seconds, bootstrap likelihood -65408.903873, best rearrangement setting 14
Bootstrap[92]: Time 1.151318 seconds, bootstrap likelihood -64295.983275, best rearrangement setting 14
Bootstrap[93]: Time 1.183361 seconds, bootstrap likelihood -64835.982157, best rearrangement setting 14
Bootstrap[94]: Time 4.336517 seconds, bootstrap likelihood -65118.642534, best rearrangement setting 15
Bootstrap[95]: Time 1.231130 seconds, bootstrap likelihood -65536.135392, best rearrangement setting 10
Bootstrap[96]: Time 1.254426 seconds, bootstrap likelihood -63790.322982, best rearrangement setting 5
Bootstrap[97]: Time 1.172813 seconds, bootstrap likelihood -64473.631982, best rearrangement setting 7
Bootstrap[98]: Time 0.995271 seconds, bootstrap likelihood -64970.427642, best rearrangement setting 6
Bootstrap[99]: Time 1.325326 seconds, bootstrap likelihood -63499.136090, best rearrangement setting 15


Overall Time for 100 Rapid Bootstraps 131.698181 seconds
Average Time per Rapid Bootstrap 1.316982 seconds

Starting ML Search ...

Fast ML optimization finished

Fast ML search Time: 258.452175 seconds

Slow ML Search 0 Likelihood: -64449.519544
Slow ML Search 1 Likelihood: -64451.736450
Slow ML Search 2 Likelihood: -64452.388887
Slow ML Search 3 Likelihood: -64452.511873
Slow ML Search 4 Likelihood: -64452.665762
Slow ML Search 5 Likelihood: -64455.117597
Slow ML Search 6 Likelihood: -64455.584585
Slow ML Search 7 Likelihood: -64458.188132
Slow ML Search 8 Likelihood: -64458.785596
Slow ML Search 9 Likelihood: -64459.106437
Slow ML optimization finished

Slow ML search Time: 21.338207 seconds
Thorough ML search Time: 2.300822 seconds

Final ML Optimization Likelihood: -64449.519545

Model Information:

Model Parameters of Partition 0, Name: No Name Provided, Type of Data: DNA
alpha: 0.329590
Tree-Length: 2.983847
rate A <-> C: 2.200164
rate A <-> G: 5.450910
rate A <-> T: 0.889928
rate C <-> G: 0.964123
rate C <-> T: 6.292295
rate G <-> T: 1.000000

freq pi(A): 0.369785
freq pi(C): 0.174092
freq pi(G): 0.234378
freq pi(T): 0.221745


ML search took 282.097963 secs or 0.078361 hours

Combined Bootstrap and ML search took 413.796294 secs or 0.114943 hours

Drawing Bootstrap Support Values on best-scoring ML tree ...



Found 1 tree in File /gpfs_home/mhowison/code/hiv-profile-sampling/scratch/trees/gag-pol-env/RAxML_bestTree.sample.470



Found 1 tree in File /gpfs_home/mhowison/code/hiv-profile-sampling/scratch/trees/gag-pol-env/RAxML_bestTree.sample.470

Program execution info written to /gpfs_home/mhowison/code/hiv-profile-sampling/scratch/trees/gag-pol-env/RAxML_info.sample.470
All 100 bootstrapped trees written to: /gpfs_home/mhowison/code/hiv-profile-sampling/scratch/trees/gag-pol-env/RAxML_bootstrap.sample.470

Best-scoring ML tree written to: /gpfs_home/mhowison/code/hiv-profile-sampling/scratch/trees/gag-pol-env/RAxML_bestTree.sample.470

Best-scoring ML tree with support values written to: /gpfs_home/mhowison/code/hiv-profile-sampling/scratch/trees/gag-pol-env/RAxML_bipartitions.sample.470

Best-scoring ML tree with support values as branch labels written to: /gpfs_home/mhowison/code/hiv-profile-sampling/scratch/trees/gag-pol-env/RAxML_bipartitionsBranchLabels.sample.470

Overall execution time for full ML analysis: 413.800671 secs or 0.114945 hours or 0.004789 days

