srun: job 264386 queued and waiting for resources
srun: job 264386 has been allocated resources
Warning, you specified a working directory via "-w"
Keep in mind that RAxML only accepts absolute path names, not relative ones!

RAxML can't, parse the alignment file as phylip file 
it will now try to parse it as FASTA file



Using BFGS method to optimize GTR rate parameters, to disable this specify "--no-bfgs" 


This is the RAxML Master Pthread

This is RAxML Worker Pthread Number: 1

This is RAxML Worker Pthread Number: 3

This is RAxML Worker Pthread Number: 2

This is RAxML Worker Pthread Number: 4

This is RAxML Worker Pthread Number: 5

This is RAxML Worker Pthread Number: 6

This is RAxML Worker Pthread Number: 7

This is RAxML Worker Pthread Number: 8

This is RAxML Worker Pthread Number: 10

This is RAxML Worker Pthread Number: 9

This is RAxML Worker Pthread Number: 12

This is RAxML Worker Pthread Number: 11

This is RAxML Worker Pthread Number: 13

This is RAxML Worker Pthread Number: 14

This is RAxML Worker Pthread Number: 15

This is RAxML Worker Pthread Number: 16

This is RAxML Worker Pthread Number: 17

This is RAxML Worker Pthread Number: 19

This is RAxML Worker Pthread Number: 18


This is RAxML version 8.2.12 released by Alexandros Stamatakis on May 2018.

With greatly appreciated code contributions by:
Andre Aberer      (HITS)
Simon Berger      (HITS)
Alexey Kozlov     (HITS)
Kassian Kobert    (HITS)
David Dao         (KIT and HITS)
Sarah Lutteropp   (KIT and HITS)
Nick Pattengale   (Sandia)
Wayne Pfeiffer    (SDSC)
Akifumi S. Tanabe (NRIFS)
Charlie Taylor    (UF)


Alignment has 3177 distinct alignment patterns

Proportion of gaps and completely undetermined characters in this alignment: 6.11%

RAxML rapid bootstrapping and subsequent ML search

Using 1 distinct models/data partitions with joint branch length optimization



Executing 100 rapid bootstrap inferences and thereafter a thorough ML search 

All free model parameters will be estimated by RAxML
GAMMA model of rate heterogeneity, ML estimate of alpha-parameter

GAMMA Model parameters will be estimated up to an accuracy of 0.1000000000 Log Likelihood units

Partition: 0
Alignment Patterns: 3177
Name: No Name Provided
DataType: DNA
Substitution Matrix: GTR




RAxML was called as follows:

raxmlHPC-PTHREADS-AVX -T 20 -s scratch/aligned/gag-pol-env/sample.323.fa -p 6321779279 -x 6321779279 -f a -N 100 -m GTRGAMMA -w /gpfs_home/mhowison/code/hiv-profile-sampling/scratch/trees/gag-pol-env -n sample.323 



Time for BS model parameter optimization 0.185845
Bootstrap[0]: Time 1.625802 seconds, bootstrap likelihood -64900.973679, best rearrangement setting 14
Bootstrap[1]: Time 1.002878 seconds, bootstrap likelihood -64392.202575, best rearrangement setting 6
Bootstrap[2]: Time 1.084435 seconds, bootstrap likelihood -65021.920544, best rearrangement setting 7
Bootstrap[3]: Time 1.133644 seconds, bootstrap likelihood -64473.320286, best rearrangement setting 15
Bootstrap[4]: Time 1.281466 seconds, bootstrap likelihood -63825.160957, best rearrangement setting 10
Bootstrap[5]: Time 1.162790 seconds, bootstrap likelihood -65500.562226, best rearrangement setting 7
Bootstrap[6]: Time 1.063819 seconds, bootstrap likelihood -64038.976718, best rearrangement setting 6
Bootstrap[7]: Time 1.068266 seconds, bootstrap likelihood -66042.173833, best rearrangement setting 7
Bootstrap[8]: Time 1.251096 seconds, bootstrap likelihood -63007.396009, best rearrangement setting 8
Bootstrap[9]: Time 1.041801 seconds, bootstrap likelihood -63213.462653, best rearrangement setting 6
Bootstrap[10]: Time 0.979471 seconds, bootstrap likelihood -64998.204248, best rearrangement setting 5
Bootstrap[11]: Time 1.207375 seconds, bootstrap likelihood -63593.653024, best rearrangement setting 13
Bootstrap[12]: Time 1.134727 seconds, bootstrap likelihood -63625.608842, best rearrangement setting 10
Bootstrap[13]: Time 1.138853 seconds, bootstrap likelihood -64195.062067, best rearrangement setting 7
Bootstrap[14]: Time 1.234723 seconds, bootstrap likelihood -64023.085901, best rearrangement setting 15
Bootstrap[15]: Time 1.287164 seconds, bootstrap likelihood -65626.323252, best rearrangement setting 13
Bootstrap[16]: Time 1.114479 seconds, bootstrap likelihood -63981.125485, best rearrangement setting 12
Bootstrap[17]: Time 1.189736 seconds, bootstrap likelihood -61779.479977, best rearrangement setting 11
Bootstrap[18]: Time 1.061626 seconds, bootstrap likelihood -65303.074863, best rearrangement setting 9
Bootstrap[19]: Time 1.446726 seconds, bootstrap likelihood -63044.044050, best rearrangement setting 11
Bootstrap[20]: Time 1.248529 seconds, bootstrap likelihood -63577.925704, best rearrangement setting 9
Bootstrap[21]: Time 1.232840 seconds, bootstrap likelihood -63642.152209, best rearrangement setting 11
Bootstrap[22]: Time 1.411451 seconds, bootstrap likelihood -63440.947439, best rearrangement setting 11
Bootstrap[23]: Time 1.140406 seconds, bootstrap likelihood -64740.261227, best rearrangement setting 13
Bootstrap[24]: Time 0.989277 seconds, bootstrap likelihood -63633.424694, best rearrangement setting 5
Bootstrap[25]: Time 0.874149 seconds, bootstrap likelihood -63546.620626, best rearrangement setting 5
Bootstrap[26]: Time 0.888298 seconds, bootstrap likelihood -64347.313253, best rearrangement setting 5
Bootstrap[27]: Time 1.264008 seconds, bootstrap likelihood -64430.658156, best rearrangement setting 12
Bootstrap[28]: Time 1.126563 seconds, bootstrap likelihood -62386.844976, best rearrangement setting 13
Bootstrap[29]: Time 1.238374 seconds, bootstrap likelihood -63932.453426, best rearrangement setting 12
Bootstrap[30]: Time 1.294638 seconds, bootstrap likelihood -65343.838947, best rearrangement setting 15
Bootstrap[31]: Time 1.066485 seconds, bootstrap likelihood -64505.908855, best rearrangement setting 5
Bootstrap[32]: Time 1.412903 seconds, bootstrap likelihood -63252.468068, best rearrangement setting 14
Bootstrap[33]: Time 1.304222 seconds, bootstrap likelihood -65407.435364, best rearrangement setting 11
Bootstrap[34]: Time 1.155062 seconds, bootstrap likelihood -65043.180187, best rearrangement setting 13
Bootstrap[35]: Time 1.119560 seconds, bootstrap likelihood -64265.303886, best rearrangement setting 12
Bootstrap[36]: Time 1.248919 seconds, bootstrap likelihood -63847.986904, best rearrangement setting 14
Bootstrap[37]: Time 1.160918 seconds, bootstrap likelihood -63492.151175, best rearrangement setting 11
Bootstrap[38]: Time 0.993656 seconds, bootstrap likelihood -62246.828454, best rearrangement setting 7
Bootstrap[39]: Time 1.004582 seconds, bootstrap likelihood -63031.328303, best rearrangement setting 7
Bootstrap[40]: Time 0.992062 seconds, bootstrap likelihood -64042.875292, best rearrangement setting 6
Bootstrap[41]: Time 1.057326 seconds, bootstrap likelihood -64022.672409, best rearrangement setting 8
Bootstrap[42]: Time 0.955722 seconds, bootstrap likelihood -64820.957962, best rearrangement setting 6
Bootstrap[43]: Time 1.025948 seconds, bootstrap likelihood -64457.114507, best rearrangement setting 8
Bootstrap[44]: Time 1.204990 seconds, bootstrap likelihood -63866.970251, best rearrangement setting 7
Bootstrap[45]: Time 0.946518 seconds, bootstrap likelihood -64624.360428, best rearrangement setting 5
Bootstrap[46]: Time 1.151714 seconds, bootstrap likelihood -64810.147877, best rearrangement setting 9
Bootstrap[47]: Time 3.657151 seconds, bootstrap likelihood -63297.552481, best rearrangement setting 5
Bootstrap[48]: Time 1.226256 seconds, bootstrap likelihood -63722.723263, best rearrangement setting 9
Bootstrap[49]: Time 1.169464 seconds, bootstrap likelihood -64386.036674, best rearrangement setting 8
Bootstrap[50]: Time 0.951198 seconds, bootstrap likelihood -65483.995645, best rearrangement setting 5
Bootstrap[51]: Time 1.239135 seconds, bootstrap likelihood -63663.483938, best rearrangement setting 11
Bootstrap[52]: Time 0.905717 seconds, bootstrap likelihood -64874.758109, best rearrangement setting 5
Bootstrap[53]: Time 1.203720 seconds, bootstrap likelihood -62922.552286, best rearrangement setting 11
Bootstrap[54]: Time 1.323346 seconds, bootstrap likelihood -64607.116718, best rearrangement setting 13
Bootstrap[55]: Time 1.408517 seconds, bootstrap likelihood -64458.527465, best rearrangement setting 8
Bootstrap[56]: Time 1.360332 seconds, bootstrap likelihood -63120.310823, best rearrangement setting 13
Bootstrap[57]: Time 1.214291 seconds, bootstrap likelihood -62666.564935, best rearrangement setting 10
Bootstrap[58]: Time 1.318154 seconds, bootstrap likelihood -64591.521305, best rearrangement setting 12
Bootstrap[59]: Time 1.214862 seconds, bootstrap likelihood -64283.036300, best rearrangement setting 9
Bootstrap[60]: Time 1.250275 seconds, bootstrap likelihood -63723.081332, best rearrangement setting 12
Bootstrap[61]: Time 1.103900 seconds, bootstrap likelihood -63296.437368, best rearrangement setting 13
Bootstrap[62]: Time 1.229573 seconds, bootstrap likelihood -65424.574149, best rearrangement setting 15
Bootstrap[63]: Time 1.121173 seconds, bootstrap likelihood -65139.257007, best rearrangement setting 7
Bootstrap[64]: Time 1.192348 seconds, bootstrap likelihood -64382.563476, best rearrangement setting 9
Bootstrap[65]: Time 1.275300 seconds, bootstrap likelihood -63096.662412, best rearrangement setting 15
Bootstrap[66]: Time 1.209324 seconds, bootstrap likelihood -64590.917455, best rearrangement setting 9
Bootstrap[67]: Time 0.946893 seconds, bootstrap likelihood -64899.583126, best rearrangement setting 5
Bootstrap[68]: Time 1.436308 seconds, bootstrap likelihood -65218.409188, best rearrangement setting 12
Bootstrap[69]: Time 1.189187 seconds, bootstrap likelihood -64742.394435, best rearrangement setting 10
Bootstrap[70]: Time 1.033881 seconds, bootstrap likelihood -63518.561917, best rearrangement setting 6
Bootstrap[71]: Time 1.246932 seconds, bootstrap likelihood -65261.316464, best rearrangement setting 11
Bootstrap[72]: Time 1.379704 seconds, bootstrap likelihood -63515.258061, best rearrangement setting 13
Bootstrap[73]: Time 1.125611 seconds, bootstrap likelihood -63675.280659, best rearrangement setting 12
Bootstrap[74]: Time 1.336898 seconds, bootstrap likelihood -64375.334096, best rearrangement setting 12
Bootstrap[75]: Time 1.245412 seconds, bootstrap likelihood -64977.693539, best rearrangement setting 13
Bootstrap[76]: Time 1.037994 seconds, bootstrap likelihood -63334.782302, best rearrangement setting 14
Bootstrap[77]: Time 1.072426 seconds, bootstrap likelihood -65223.725635, best rearrangement setting 6
Bootstrap[78]: Time 1.127615 seconds, bootstrap likelihood -64139.275427, best rearrangement setting 7
Bootstrap[79]: Time 1.109156 seconds, bootstrap likelihood -64410.253758, best rearrangement setting 7
Bootstrap[80]: Time 1.040439 seconds, bootstrap likelihood -63027.466021, best rearrangement setting 7
Bootstrap[81]: Time 1.124934 seconds, bootstrap likelihood -63389.208603, best rearrangement setting 7
Bootstrap[82]: Time 1.277532 seconds, bootstrap likelihood -64568.302785, best rearrangement setting 13
Bootstrap[83]: Time 1.258566 seconds, bootstrap likelihood -64793.261156, best rearrangement setting 15
Bootstrap[84]: Time 1.074113 seconds, bootstrap likelihood -63242.206691, best rearrangement setting 13
Bootstrap[85]: Time 1.253292 seconds, bootstrap likelihood -64316.767868, best rearrangement setting 8
Bootstrap[86]: Time 1.146571 seconds, bootstrap likelihood -65060.838809, best rearrangement setting 13
Bootstrap[87]: Time 1.100674 seconds, bootstrap likelihood -64273.413750, best rearrangement setting 8
Bootstrap[88]: Time 1.241437 seconds, bootstrap likelihood -65635.430321, best rearrangement setting 8
Bootstrap[89]: Time 1.260120 seconds, bootstrap likelihood -63917.613685, best rearrangement setting 13
Bootstrap[90]: Time 1.188645 seconds, bootstrap likelihood -65575.281925, best rearrangement setting 10
Bootstrap[91]: Time 1.226796 seconds, bootstrap likelihood -64344.237016, best rearrangement setting 10
Bootstrap[92]: Time 1.141013 seconds, bootstrap likelihood -63359.652968, best rearrangement setting 6
Bootstrap[93]: Time 1.547341 seconds, bootstrap likelihood -63054.473626, best rearrangement setting 13
Bootstrap[94]: Time 1.098201 seconds, bootstrap likelihood -63502.574990, best rearrangement setting 6
Bootstrap[95]: Time 0.970186 seconds, bootstrap likelihood -63779.207171, best rearrangement setting 5
Bootstrap[96]: Time 1.263848 seconds, bootstrap likelihood -64502.083290, best rearrangement setting 10
Bootstrap[97]: Time 1.385795 seconds, bootstrap likelihood -63546.380302, best rearrangement setting 9
Bootstrap[98]: Time 1.046824 seconds, bootstrap likelihood -63817.426949, best rearrangement setting 6
Bootstrap[99]: Time 1.119186 seconds, bootstrap likelihood -64995.715449, best rearrangement setting 10


Overall Time for 100 Rapid Bootstraps 119.719237 seconds
Average Time per Rapid Bootstrap 1.197192 seconds

Starting ML Search ...

Fast ML optimization finished

Fast ML search Time: 106.025024 seconds

Slow ML Search 0 Likelihood: -64236.881388
Slow ML Search 1 Likelihood: -64236.476651
Slow ML Search 2 Likelihood: -64237.980359
Slow ML Search 3 Likelihood: -64239.296463
Slow ML Search 4 Likelihood: -64240.246578
Slow ML Search 5 Likelihood: -64240.095278
Slow ML Search 6 Likelihood: -64239.932343
Slow ML Search 7 Likelihood: -64240.705359
Slow ML Search 8 Likelihood: -64240.823922
Slow ML Search 9 Likelihood: -64240.887372
Slow ML optimization finished

Slow ML search Time: 29.485954 seconds
Thorough ML search Time: 2.069226 seconds

Final ML Optimization Likelihood: -64236.475457

Model Information:

Model Parameters of Partition 0, Name: No Name Provided, Type of Data: DNA
alpha: 0.324390
Tree-Length: 3.006710
rate A <-> C: 2.205925
rate A <-> G: 5.506489
rate A <-> T: 0.881554
rate C <-> G: 0.976986
rate C <-> T: 6.401675
rate G <-> T: 1.000000

freq pi(A): 0.369962
freq pi(C): 0.174262
freq pi(G): 0.234209
freq pi(T): 0.221567


ML search took 137.630139 secs or 0.038231 hours

Combined Bootstrap and ML search took 257.349519 secs or 0.071486 hours

Drawing Bootstrap Support Values on best-scoring ML tree ...



Found 1 tree in File /gpfs_home/mhowison/code/hiv-profile-sampling/scratch/trees/gag-pol-env/RAxML_bestTree.sample.323



Found 1 tree in File /gpfs_home/mhowison/code/hiv-profile-sampling/scratch/trees/gag-pol-env/RAxML_bestTree.sample.323

Program execution info written to /gpfs_home/mhowison/code/hiv-profile-sampling/scratch/trees/gag-pol-env/RAxML_info.sample.323
All 100 bootstrapped trees written to: /gpfs_home/mhowison/code/hiv-profile-sampling/scratch/trees/gag-pol-env/RAxML_bootstrap.sample.323

Best-scoring ML tree written to: /gpfs_home/mhowison/code/hiv-profile-sampling/scratch/trees/gag-pol-env/RAxML_bestTree.sample.323

Best-scoring ML tree with support values written to: /gpfs_home/mhowison/code/hiv-profile-sampling/scratch/trees/gag-pol-env/RAxML_bipartitions.sample.323

Best-scoring ML tree with support values as branch labels written to: /gpfs_home/mhowison/code/hiv-profile-sampling/scratch/trees/gag-pol-env/RAxML_bipartitionsBranchLabels.sample.323

Overall execution time for full ML analysis: 257.377371 secs or 0.071494 hours or 0.002979 days

