srun: job 264392 queued and waiting for resources
srun: job 264392 has been allocated resources
Warning, you specified a working directory via "-w"
Keep in mind that RAxML only accepts absolute path names, not relative ones!

RAxML can't, parse the alignment file as phylip file 
it will now try to parse it as FASTA file



Using BFGS method to optimize GTR rate parameters, to disable this specify "--no-bfgs" 


This is the RAxML Master Pthread

This is RAxML Worker Pthread Number: 2

This is RAxML Worker Pthread Number: 7

This is RAxML Worker Pthread Number: 1

This is RAxML Worker Pthread Number: 4

This is RAxML Worker Pthread Number: 3

This is RAxML Worker Pthread Number: 6

This is RAxML Worker Pthread Number: 8

This is RAxML Worker Pthread Number: 5

This is RAxML Worker Pthread Number: 10

This is RAxML Worker Pthread Number: 13

This is RAxML Worker Pthread Number: 11

This is RAxML Worker Pthread Number: 12

This is RAxML Worker Pthread Number: 9

This is RAxML Worker Pthread Number: 15

This is RAxML Worker Pthread Number: 14

This is RAxML Worker Pthread Number: 16

This is RAxML Worker Pthread Number: 17

This is RAxML Worker Pthread Number: 18

This is RAxML Worker Pthread Number: 19


This is RAxML version 8.2.12 released by Alexandros Stamatakis on May 2018.

With greatly appreciated code contributions by:
Andre Aberer      (HITS)
Simon Berger      (HITS)
Alexey Kozlov     (HITS)
Kassian Kobert    (HITS)
David Dao         (KIT and HITS)
Sarah Lutteropp   (KIT and HITS)
Nick Pattengale   (Sandia)
Wayne Pfeiffer    (SDSC)
Akifumi S. Tanabe (NRIFS)
Charlie Taylor    (UF)


Alignment has 3170 distinct alignment patterns

Proportion of gaps and completely undetermined characters in this alignment: 6.11%

RAxML rapid bootstrapping and subsequent ML search

Using 1 distinct models/data partitions with joint branch length optimization



Executing 100 rapid bootstrap inferences and thereafter a thorough ML search 

All free model parameters will be estimated by RAxML
GAMMA model of rate heterogeneity, ML estimate of alpha-parameter

GAMMA Model parameters will be estimated up to an accuracy of 0.1000000000 Log Likelihood units

Partition: 0
Alignment Patterns: 3170
Name: No Name Provided
DataType: DNA
Substitution Matrix: GTR




RAxML was called as follows:

raxmlHPC-PTHREADS-AVX -T 20 -s scratch/aligned/gag-pol-env/sample.329.fa -p 9346920931 -x 9346920931 -f a -N 100 -m GTRGAMMA -w /gpfs_home/mhowison/code/hiv-profile-sampling/scratch/trees/gag-pol-env -n sample.329 



Time for BS model parameter optimization 0.187052
Bootstrap[0]: Time 2.750212 seconds, bootstrap likelihood -65050.769902, best rearrangement setting 14
Bootstrap[1]: Time 1.077780 seconds, bootstrap likelihood -64765.768677, best rearrangement setting 6
Bootstrap[2]: Time 1.260156 seconds, bootstrap likelihood -65271.418386, best rearrangement setting 8
Bootstrap[3]: Time 1.291249 seconds, bootstrap likelihood -65048.375261, best rearrangement setting 8
Bootstrap[4]: Time 1.549274 seconds, bootstrap likelihood -65152.839988, best rearrangement setting 10
Bootstrap[5]: Time 1.198028 seconds, bootstrap likelihood -64633.427957, best rearrangement setting 14
Bootstrap[6]: Time 0.914889 seconds, bootstrap likelihood -64153.769843, best rearrangement setting 5
Bootstrap[7]: Time 1.036076 seconds, bootstrap likelihood -65655.417063, best rearrangement setting 10
Bootstrap[8]: Time 1.084517 seconds, bootstrap likelihood -64244.418760, best rearrangement setting 9
Bootstrap[9]: Time 1.300275 seconds, bootstrap likelihood -64952.649039, best rearrangement setting 13
Bootstrap[10]: Time 1.830352 seconds, bootstrap likelihood -63921.848570, best rearrangement setting 9
Bootstrap[11]: Time 1.120164 seconds, bootstrap likelihood -65108.981615, best rearrangement setting 8
Bootstrap[12]: Time 2.382896 seconds, bootstrap likelihood -62612.072259, best rearrangement setting 6
Bootstrap[13]: Time 1.289549 seconds, bootstrap likelihood -66278.340734, best rearrangement setting 11
Bootstrap[14]: Time 1.029097 seconds, bootstrap likelihood -63678.162852, best rearrangement setting 6
Bootstrap[15]: Time 1.407663 seconds, bootstrap likelihood -64498.187446, best rearrangement setting 9
Bootstrap[16]: Time 1.192511 seconds, bootstrap likelihood -64608.117931, best rearrangement setting 10
Bootstrap[17]: Time 1.241157 seconds, bootstrap likelihood -64375.308326, best rearrangement setting 7
Bootstrap[18]: Time 1.187080 seconds, bootstrap likelihood -64890.880065, best rearrangement setting 6
Bootstrap[19]: Time 1.422708 seconds, bootstrap likelihood -63634.770924, best rearrangement setting 12
Bootstrap[20]: Time 2.077130 seconds, bootstrap likelihood -63810.208332, best rearrangement setting 8
Bootstrap[21]: Time 3.632885 seconds, bootstrap likelihood -65205.411171, best rearrangement setting 15
Bootstrap[22]: Time 1.311628 seconds, bootstrap likelihood -64485.812255, best rearrangement setting 14
Bootstrap[23]: Time 0.920990 seconds, bootstrap likelihood -65884.730922, best rearrangement setting 5
Bootstrap[24]: Time 0.915839 seconds, bootstrap likelihood -63791.874159, best rearrangement setting 6
Bootstrap[25]: Time 1.399697 seconds, bootstrap likelihood -63741.798464, best rearrangement setting 6
Bootstrap[26]: Time 0.912855 seconds, bootstrap likelihood -64086.541007, best rearrangement setting 6
Bootstrap[27]: Time 1.118365 seconds, bootstrap likelihood -63696.552837, best rearrangement setting 9
Bootstrap[28]: Time 1.099140 seconds, bootstrap likelihood -62583.747840, best rearrangement setting 10
Bootstrap[29]: Time 1.152939 seconds, bootstrap likelihood -64098.803435, best rearrangement setting 8
Bootstrap[30]: Time 0.963669 seconds, bootstrap likelihood -64163.281451, best rearrangement setting 5
Bootstrap[31]: Time 3.023685 seconds, bootstrap likelihood -66087.615180, best rearrangement setting 12
Bootstrap[32]: Time 1.295377 seconds, bootstrap likelihood -65444.469221, best rearrangement setting 8
Bootstrap[33]: Time 5.430865 seconds, bootstrap likelihood -64971.488159, best rearrangement setting 13
Bootstrap[34]: Time 21.824179 seconds, bootstrap likelihood -64408.269372, best rearrangement setting 13
Bootstrap[35]: Time 1.142217 seconds, bootstrap likelihood -64384.598207, best rearrangement setting 10
Bootstrap[36]: Time 1.235412 seconds, bootstrap likelihood -64602.526190, best rearrangement setting 8
Bootstrap[37]: Time 1.201701 seconds, bootstrap likelihood -64833.605343, best rearrangement setting 12
Bootstrap[38]: Time 0.979958 seconds, bootstrap likelihood -64691.983358, best rearrangement setting 14
Bootstrap[39]: Time 1.137188 seconds, bootstrap likelihood -64701.281982, best rearrangement setting 8
Bootstrap[40]: Time 3.443838 seconds, bootstrap likelihood -64675.517550, best rearrangement setting 12
Bootstrap[41]: Time 0.954894 seconds, bootstrap likelihood -64716.854133, best rearrangement setting 5
Bootstrap[42]: Time 1.229410 seconds, bootstrap likelihood -63708.699832, best rearrangement setting 14
Bootstrap[43]: Time 1.149629 seconds, bootstrap likelihood -63863.048692, best rearrangement setting 14
Bootstrap[44]: Time 1.073494 seconds, bootstrap likelihood -65310.317939, best rearrangement setting 6
Bootstrap[45]: Time 2.270449 seconds, bootstrap likelihood -64036.027954, best rearrangement setting 12
Bootstrap[46]: Time 2.498911 seconds, bootstrap likelihood -63138.347483, best rearrangement setting 13
Bootstrap[47]: Time 1.212097 seconds, bootstrap likelihood -64449.296141, best rearrangement setting 11
Bootstrap[48]: Time 0.902050 seconds, bootstrap likelihood -64064.158890, best rearrangement setting 5
Bootstrap[49]: Time 1.068742 seconds, bootstrap likelihood -65229.499324, best rearrangement setting 7
Bootstrap[50]: Time 37.418467 seconds, bootstrap likelihood -65300.500649, best rearrangement setting 5
Bootstrap[51]: Time 8.745741 seconds, bootstrap likelihood -64616.237757, best rearrangement setting 13
Bootstrap[52]: Time 1.666943 seconds, bootstrap likelihood -64103.474768, best rearrangement setting 6
Bootstrap[53]: Time 1.286314 seconds, bootstrap likelihood -63999.072709, best rearrangement setting 12
Bootstrap[54]: Time 0.872283 seconds, bootstrap likelihood -63958.626840, best rearrangement setting 5
Bootstrap[55]: Time 1.317075 seconds, bootstrap likelihood -66705.806845, best rearrangement setting 12
Bootstrap[56]: Time 61.906208 seconds, bootstrap likelihood -63967.622949, best rearrangement setting 14
Bootstrap[57]: Time 1.106656 seconds, bootstrap likelihood -64397.151872, best rearrangement setting 7
Bootstrap[58]: Time 1.148130 seconds, bootstrap likelihood -65038.074878, best rearrangement setting 8
Bootstrap[59]: Time 1.229448 seconds, bootstrap likelihood -63935.617952, best rearrangement setting 10
Bootstrap[60]: Time 1.302427 seconds, bootstrap likelihood -65894.910893, best rearrangement setting 15
Bootstrap[61]: Time 3.651111 seconds, bootstrap likelihood -64187.683607, best rearrangement setting 7
Bootstrap[62]: Time 1.176032 seconds, bootstrap likelihood -65592.734903, best rearrangement setting 13
Bootstrap[63]: Time 1.319431 seconds, bootstrap likelihood -64646.152552, best rearrangement setting 10
Bootstrap[64]: Time 2.613007 seconds, bootstrap likelihood -64502.584691, best rearrangement setting 10
Bootstrap[65]: Time 1.636620 seconds, bootstrap likelihood -64695.417877, best rearrangement setting 10
Bootstrap[66]: Time 1.270771 seconds, bootstrap likelihood -62378.428363, best rearrangement setting 11
Bootstrap[67]: Time 1.181343 seconds, bootstrap likelihood -65016.452811, best rearrangement setting 14
Bootstrap[68]: Time 1.068807 seconds, bootstrap likelihood -64098.698948, best rearrangement setting 7
Bootstrap[69]: Time 1.456352 seconds, bootstrap likelihood -63757.809640, best rearrangement setting 8
Bootstrap[70]: Time 1.255840 seconds, bootstrap likelihood -65961.729887, best rearrangement setting 8
Bootstrap[71]: Time 1.176985 seconds, bootstrap likelihood -64730.299508, best rearrangement setting 10
Bootstrap[72]: Time 1.027990 seconds, bootstrap likelihood -63935.229211, best rearrangement setting 14
Bootstrap[73]: Time 1.252478 seconds, bootstrap likelihood -62749.034744, best rearrangement setting 10
Bootstrap[74]: Time 2.795153 seconds, bootstrap likelihood -65001.891675, best rearrangement setting 15
Bootstrap[75]: Time 1.104669 seconds, bootstrap likelihood -66072.285092, best rearrangement setting 10
Bootstrap[76]: Time 39.160302 seconds, bootstrap likelihood -65651.896137, best rearrangement setting 14
Bootstrap[77]: Time 5.461974 seconds, bootstrap likelihood -63448.117208, best rearrangement setting 13
Bootstrap[78]: Time 40.168124 seconds, bootstrap likelihood -65436.014413, best rearrangement setting 13
Bootstrap[79]: Time 1.139438 seconds, bootstrap likelihood -64718.437333, best rearrangement setting 7
Bootstrap[80]: Time 1.087748 seconds, bootstrap likelihood -63780.320028, best rearrangement setting 8
Bootstrap[81]: Time 2.867844 seconds, bootstrap likelihood -63589.601059, best rearrangement setting 13
Bootstrap[82]: Time 5.632102 seconds, bootstrap likelihood -64441.401121, best rearrangement setting 12
Bootstrap[83]: Time 3.847641 seconds, bootstrap likelihood -62282.411011, best rearrangement setting 8
Bootstrap[84]: Time 1.071674 seconds, bootstrap likelihood -63881.771046, best rearrangement setting 7
Bootstrap[85]: Time 1.240052 seconds, bootstrap likelihood -65155.010570, best rearrangement setting 11
Bootstrap[86]: Time 1.435019 seconds, bootstrap likelihood -64988.986537, best rearrangement setting 14
Bootstrap[87]: Time 1.058402 seconds, bootstrap likelihood -63809.894856, best rearrangement setting 6
Bootstrap[88]: Time 1.130038 seconds, bootstrap likelihood -64396.257274, best rearrangement setting 12
Bootstrap[89]: Time 32.548624 seconds, bootstrap likelihood -64531.024923, best rearrangement setting 9
Bootstrap[90]: Time 1.201722 seconds, bootstrap likelihood -63153.238250, best rearrangement setting 14
Bootstrap[91]: Time 1.268256 seconds, bootstrap likelihood -63755.556971, best rearrangement setting 11
Bootstrap[92]: Time 1.387178 seconds, bootstrap likelihood -63097.276922, best rearrangement setting 10
Bootstrap[93]: Time 0.945854 seconds, bootstrap likelihood -64283.344757, best rearrangement setting 5
Bootstrap[94]: Time 1.078488 seconds, bootstrap likelihood -63894.058491, best rearrangement setting 9
Bootstrap[95]: Time 0.993683 seconds, bootstrap likelihood -64090.228269, best rearrangement setting 10
Bootstrap[96]: Time 0.912735 seconds, bootstrap likelihood -62653.565071, best rearrangement setting 6
Bootstrap[97]: Time 1.122276 seconds, bootstrap likelihood -65371.940956, best rearrangement setting 10
Bootstrap[98]: Time 0.924465 seconds, bootstrap likelihood -64810.664131, best rearrangement setting 5
Bootstrap[99]: Time 1.016657 seconds, bootstrap likelihood -62324.047272, best rearrangement setting 7


Overall Time for 100 Rapid Bootstraps 386.997662 seconds
Average Time per Rapid Bootstrap 3.869977 seconds

Starting ML Search ...

Fast ML optimization finished

Fast ML search Time: 493.274114 seconds

Slow ML Search 0 Likelihood: -64416.356664
Slow ML Search 1 Likelihood: -64416.649767
Slow ML Search 2 Likelihood: -64416.649767
Slow ML Search 3 Likelihood: -64416.965824
Slow ML Search 4 Likelihood: -64417.034921
Slow ML Search 5 Likelihood: -64417.034921
Slow ML Search 6 Likelihood: -64417.972154
Slow ML Search 7 Likelihood: -64419.825463
Slow ML Search 8 Likelihood: -64419.975516
Slow ML Search 9 Likelihood: -64420.023605
Slow ML optimization finished

Slow ML search Time: 38.417201 seconds
Thorough ML search Time: 2.120332 seconds

Final ML Optimization Likelihood: -64416.356661

Model Information:

Model Parameters of Partition 0, Name: No Name Provided, Type of Data: DNA
alpha: 0.326774
Tree-Length: 3.048777
rate A <-> C: 2.127740
rate A <-> G: 5.258341
rate A <-> T: 0.867574
rate C <-> G: 0.889477
rate C <-> T: 6.203962
rate G <-> T: 1.000000

freq pi(A): 0.370034
freq pi(C): 0.174150
freq pi(G): 0.234168
freq pi(T): 0.221649


ML search took 533.822753 secs or 0.148284 hours

Combined Bootstrap and ML search took 920.820545 secs or 0.255783 hours

Drawing Bootstrap Support Values on best-scoring ML tree ...



Found 1 tree in File /gpfs_home/mhowison/code/hiv-profile-sampling/scratch/trees/gag-pol-env/RAxML_bestTree.sample.329



Found 1 tree in File /gpfs_home/mhowison/code/hiv-profile-sampling/scratch/trees/gag-pol-env/RAxML_bestTree.sample.329

Program execution info written to /gpfs_home/mhowison/code/hiv-profile-sampling/scratch/trees/gag-pol-env/RAxML_info.sample.329
All 100 bootstrapped trees written to: /gpfs_home/mhowison/code/hiv-profile-sampling/scratch/trees/gag-pol-env/RAxML_bootstrap.sample.329

Best-scoring ML tree written to: /gpfs_home/mhowison/code/hiv-profile-sampling/scratch/trees/gag-pol-env/RAxML_bestTree.sample.329

Best-scoring ML tree with support values written to: /gpfs_home/mhowison/code/hiv-profile-sampling/scratch/trees/gag-pol-env/RAxML_bipartitions.sample.329

Best-scoring ML tree with support values as branch labels written to: /gpfs_home/mhowison/code/hiv-profile-sampling/scratch/trees/gag-pol-env/RAxML_bipartitionsBranchLabels.sample.329

Overall execution time for full ML analysis: 920.824588 secs or 0.255785 hours or 0.010658 days

