srun: job 264580 queued and waiting for resources
srun: job 264580 has been allocated resources
Warning, you specified a working directory via "-w"
Keep in mind that RAxML only accepts absolute path names, not relative ones!

RAxML can't, parse the alignment file as phylip file 
it will now try to parse it as FASTA file



Using BFGS method to optimize GTR rate parameters, to disable this specify "--no-bfgs" 


This is the RAxML Master Pthread

This is RAxML Worker Pthread Number: 2

This is RAxML Worker Pthread Number: 6

This is RAxML Worker Pthread Number: 5

This is RAxML Worker Pthread Number: 4

This is RAxML Worker Pthread Number: 1

This is RAxML Worker Pthread Number: 8

This is RAxML Worker Pthread Number: 3

This is RAxML Worker Pthread Number: 7

This is RAxML Worker Pthread Number: 9

This is RAxML Worker Pthread Number: 12

This is RAxML Worker Pthread Number: 11

This is RAxML Worker Pthread Number: 10

This is RAxML Worker Pthread Number: 13

This is RAxML Worker Pthread Number: 15

This is RAxML Worker Pthread Number: 14

This is RAxML Worker Pthread Number: 16

This is RAxML Worker Pthread Number: 17

This is RAxML Worker Pthread Number: 19

This is RAxML Worker Pthread Number: 18


This is RAxML version 8.2.12 released by Alexandros Stamatakis on May 2018.

With greatly appreciated code contributions by:
Andre Aberer      (HITS)
Simon Berger      (HITS)
Alexey Kozlov     (HITS)
Kassian Kobert    (HITS)
David Dao         (KIT and HITS)
Sarah Lutteropp   (KIT and HITS)
Nick Pattengale   (Sandia)
Wayne Pfeiffer    (SDSC)
Akifumi S. Tanabe (NRIFS)
Charlie Taylor    (UF)


Alignment has 3216 distinct alignment patterns

Proportion of gaps and completely undetermined characters in this alignment: 6.12%

RAxML rapid bootstrapping and subsequent ML search

Using 1 distinct models/data partitions with joint branch length optimization



Executing 100 rapid bootstrap inferences and thereafter a thorough ML search 

All free model parameters will be estimated by RAxML
GAMMA model of rate heterogeneity, ML estimate of alpha-parameter

GAMMA Model parameters will be estimated up to an accuracy of 0.1000000000 Log Likelihood units

Partition: 0
Alignment Patterns: 3216
Name: No Name Provided
DataType: DNA
Substitution Matrix: GTR




RAxML was called as follows:

raxmlHPC-PTHREADS-AVX -T 20 -s scratch/aligned/gag-pol-env/sample.452.fa -p 4811249283 -x 4811249283 -f a -N 100 -m GTRGAMMA -w /gpfs_home/mhowison/code/hiv-profile-sampling/scratch/trees/gag-pol-env -n sample.452 



Time for BS model parameter optimization 0.201836
Bootstrap[0]: Time 2.157854 seconds, bootstrap likelihood -65583.257804, best rearrangement setting 8
Bootstrap[1]: Time 1.266282 seconds, bootstrap likelihood -64519.495999, best rearrangement setting 6
Bootstrap[2]: Time 1.429791 seconds, bootstrap likelihood -64247.239998, best rearrangement setting 8
Bootstrap[3]: Time 1.472934 seconds, bootstrap likelihood -64963.332200, best rearrangement setting 15
Bootstrap[4]: Time 1.461135 seconds, bootstrap likelihood -64496.244144, best rearrangement setting 14
Bootstrap[5]: Time 1.257078 seconds, bootstrap likelihood -65852.386233, best rearrangement setting 6
Bootstrap[6]: Time 1.530278 seconds, bootstrap likelihood -65201.924904, best rearrangement setting 10
Bootstrap[7]: Time 1.315349 seconds, bootstrap likelihood -64206.133801, best rearrangement setting 10
Bootstrap[8]: Time 1.462254 seconds, bootstrap likelihood -64916.935259, best rearrangement setting 14
Bootstrap[9]: Time 1.739163 seconds, bootstrap likelihood -63704.879338, best rearrangement setting 9
Bootstrap[10]: Time 2.749870 seconds, bootstrap likelihood -63632.547134, best rearrangement setting 8
Bootstrap[11]: Time 1.383310 seconds, bootstrap likelihood -62770.438211, best rearrangement setting 12
Bootstrap[12]: Time 1.435492 seconds, bootstrap likelihood -64819.180919, best rearrangement setting 14
Bootstrap[13]: Time 6.814434 seconds, bootstrap likelihood -64398.227319, best rearrangement setting 10
Bootstrap[14]: Time 1.301882 seconds, bootstrap likelihood -63924.788323, best rearrangement setting 13
Bootstrap[15]: Time 4.184064 seconds, bootstrap likelihood -65523.089339, best rearrangement setting 10
Bootstrap[16]: Time 1.150126 seconds, bootstrap likelihood -66430.914288, best rearrangement setting 5
Bootstrap[17]: Time 1.193653 seconds, bootstrap likelihood -65792.793748, best rearrangement setting 5
Bootstrap[18]: Time 1.595417 seconds, bootstrap likelihood -64376.539480, best rearrangement setting 12
Bootstrap[19]: Time 3.491312 seconds, bootstrap likelihood -64859.935577, best rearrangement setting 7
Bootstrap[20]: Time 1.403646 seconds, bootstrap likelihood -62745.325604, best rearrangement setting 10
Bootstrap[21]: Time 1.406956 seconds, bootstrap likelihood -64038.446143, best rearrangement setting 9
Bootstrap[22]: Time 1.669083 seconds, bootstrap likelihood -64992.512263, best rearrangement setting 15
Bootstrap[23]: Time 1.305622 seconds, bootstrap likelihood -62729.670607, best rearrangement setting 8
Bootstrap[24]: Time 2.197437 seconds, bootstrap likelihood -64788.497356, best rearrangement setting 13
Bootstrap[25]: Time 1.379470 seconds, bootstrap likelihood -64460.048886, best rearrangement setting 13
Bootstrap[26]: Time 1.035886 seconds, bootstrap likelihood -64918.953353, best rearrangement setting 5
Bootstrap[27]: Time 1.388426 seconds, bootstrap likelihood -65166.100316, best rearrangement setting 14
Bootstrap[28]: Time 1.382810 seconds, bootstrap likelihood -63737.242837, best rearrangement setting 8
Bootstrap[29]: Time 1.424934 seconds, bootstrap likelihood -64802.215198, best rearrangement setting 11
Bootstrap[30]: Time 1.809569 seconds, bootstrap likelihood -65139.536477, best rearrangement setting 13
Bootstrap[31]: Time 1.355309 seconds, bootstrap likelihood -66105.203430, best rearrangement setting 10
Bootstrap[32]: Time 12.097896 seconds, bootstrap likelihood -66433.383925, best rearrangement setting 9
Bootstrap[33]: Time 1.438093 seconds, bootstrap likelihood -64113.364615, best rearrangement setting 9
Bootstrap[34]: Time 1.541626 seconds, bootstrap likelihood -63050.117314, best rearrangement setting 11
Bootstrap[35]: Time 4.694910 seconds, bootstrap likelihood -64493.429332, best rearrangement setting 7
Bootstrap[36]: Time 1.456539 seconds, bootstrap likelihood -62618.040246, best rearrangement setting 15
Bootstrap[37]: Time 1.376315 seconds, bootstrap likelihood -65009.171975, best rearrangement setting 12
Bootstrap[38]: Time 1.087028 seconds, bootstrap likelihood -64988.736226, best rearrangement setting 5
Bootstrap[39]: Time 1.238167 seconds, bootstrap likelihood -65695.797121, best rearrangement setting 6
Bootstrap[40]: Time 1.434069 seconds, bootstrap likelihood -63564.678016, best rearrangement setting 8
Bootstrap[41]: Time 1.578694 seconds, bootstrap likelihood -65069.448576, best rearrangement setting 11
Bootstrap[42]: Time 1.443260 seconds, bootstrap likelihood -64991.646635, best rearrangement setting 7
Bootstrap[43]: Time 1.437275 seconds, bootstrap likelihood -63365.881842, best rearrangement setting 13
Bootstrap[44]: Time 1.382966 seconds, bootstrap likelihood -64667.475125, best rearrangement setting 14
Bootstrap[45]: Time 2.261752 seconds, bootstrap likelihood -62555.102786, best rearrangement setting 6
Bootstrap[46]: Time 1.292093 seconds, bootstrap likelihood -63326.861797, best rearrangement setting 6
Bootstrap[47]: Time 1.437844 seconds, bootstrap likelihood -65104.070754, best rearrangement setting 9
Bootstrap[48]: Time 1.323972 seconds, bootstrap likelihood -63846.741525, best rearrangement setting 6
Bootstrap[49]: Time 1.611345 seconds, bootstrap likelihood -64092.609875, best rearrangement setting 14
Bootstrap[50]: Time 1.548499 seconds, bootstrap likelihood -65293.467934, best rearrangement setting 10
Bootstrap[51]: Time 1.439026 seconds, bootstrap likelihood -64804.435980, best rearrangement setting 14
Bootstrap[52]: Time 1.391536 seconds, bootstrap likelihood -63179.556126, best rearrangement setting 14
Bootstrap[53]: Time 1.751490 seconds, bootstrap likelihood -65550.131626, best rearrangement setting 13
Bootstrap[54]: Time 1.481607 seconds, bootstrap likelihood -64647.725554, best rearrangement setting 9
Bootstrap[55]: Time 1.270997 seconds, bootstrap likelihood -64805.020285, best rearrangement setting 7
Bootstrap[56]: Time 1.512925 seconds, bootstrap likelihood -64384.789365, best rearrangement setting 10
Bootstrap[57]: Time 1.740233 seconds, bootstrap likelihood -64267.182573, best rearrangement setting 14
Bootstrap[58]: Time 1.451275 seconds, bootstrap likelihood -65981.420803, best rearrangement setting 13
Bootstrap[59]: Time 1.284556 seconds, bootstrap likelihood -65024.893298, best rearrangement setting 11
Bootstrap[60]: Time 1.500928 seconds, bootstrap likelihood -64358.453260, best rearrangement setting 14
Bootstrap[61]: Time 1.466249 seconds, bootstrap likelihood -64555.052393, best rearrangement setting 14
Bootstrap[62]: Time 1.674627 seconds, bootstrap likelihood -64597.434531, best rearrangement setting 14
Bootstrap[63]: Time 1.541262 seconds, bootstrap likelihood -63372.999390, best rearrangement setting 12
Bootstrap[64]: Time 1.036061 seconds, bootstrap likelihood -64715.050591, best rearrangement setting 5
Bootstrap[65]: Time 2.363294 seconds, bootstrap likelihood -64774.686132, best rearrangement setting 11
Bootstrap[66]: Time 1.647101 seconds, bootstrap likelihood -65267.206818, best rearrangement setting 13
Bootstrap[67]: Time 1.305562 seconds, bootstrap likelihood -63651.440949, best rearrangement setting 7
Bootstrap[68]: Time 1.328518 seconds, bootstrap likelihood -64127.253540, best rearrangement setting 8
Bootstrap[69]: Time 1.255124 seconds, bootstrap likelihood -64541.929313, best rearrangement setting 13
Bootstrap[70]: Time 1.441375 seconds, bootstrap likelihood -62738.083446, best rearrangement setting 12
Bootstrap[71]: Time 1.497152 seconds, bootstrap likelihood -64088.396098, best rearrangement setting 11
Bootstrap[72]: Time 1.510873 seconds, bootstrap likelihood -64652.348314, best rearrangement setting 13
Bootstrap[73]: Time 1.611659 seconds, bootstrap likelihood -65584.989138, best rearrangement setting 7
Bootstrap[74]: Time 1.332809 seconds, bootstrap likelihood -64703.504104, best rearrangement setting 9
Bootstrap[75]: Time 1.447792 seconds, bootstrap likelihood -64678.773308, best rearrangement setting 7
Bootstrap[76]: Time 1.512109 seconds, bootstrap likelihood -64205.139709, best rearrangement setting 11
Bootstrap[77]: Time 1.429098 seconds, bootstrap likelihood -66049.138073, best rearrangement setting 15
Bootstrap[78]: Time 1.529929 seconds, bootstrap likelihood -64556.391132, best rearrangement setting 11
Bootstrap[79]: Time 1.498950 seconds, bootstrap likelihood -65912.248310, best rearrangement setting 13
Bootstrap[80]: Time 1.305516 seconds, bootstrap likelihood -65360.422090, best rearrangement setting 7
Bootstrap[81]: Time 1.339941 seconds, bootstrap likelihood -65708.019776, best rearrangement setting 8
Bootstrap[82]: Time 1.390094 seconds, bootstrap likelihood -63295.433449, best rearrangement setting 11
Bootstrap[83]: Time 1.499302 seconds, bootstrap likelihood -65867.150073, best rearrangement setting 14
Bootstrap[84]: Time 1.504007 seconds, bootstrap likelihood -63234.201622, best rearrangement setting 10
Bootstrap[85]: Time 2.995684 seconds, bootstrap likelihood -65769.181943, best rearrangement setting 13
Bootstrap[86]: Time 1.254808 seconds, bootstrap likelihood -65174.151527, best rearrangement setting 6
Bootstrap[87]: Time 1.546173 seconds, bootstrap likelihood -64020.499851, best rearrangement setting 9
Bootstrap[88]: Time 1.571564 seconds, bootstrap likelihood -63132.307197, best rearrangement setting 8
Bootstrap[89]: Time 1.536514 seconds, bootstrap likelihood -63775.586321, best rearrangement setting 12
Bootstrap[90]: Time 2.945380 seconds, bootstrap likelihood -63230.905177, best rearrangement setting 11
Bootstrap[91]: Time 1.237940 seconds, bootstrap likelihood -65032.250579, best rearrangement setting 6
Bootstrap[92]: Time 16.917492 seconds, bootstrap likelihood -64800.561433, best rearrangement setting 9
Bootstrap[93]: Time 1.249630 seconds, bootstrap likelihood -65458.408795, best rearrangement setting 9
Bootstrap[94]: Time 2.130238 seconds, bootstrap likelihood -62653.983322, best rearrangement setting 12
Bootstrap[95]: Time 1.196530 seconds, bootstrap likelihood -64354.505189, best rearrangement setting 6
Bootstrap[96]: Time 1.310383 seconds, bootstrap likelihood -64584.489759, best rearrangement setting 13
Bootstrap[97]: Time 1.536732 seconds, bootstrap likelihood -64476.833426, best rearrangement setting 15
Bootstrap[98]: Time 1.384545 seconds, bootstrap likelihood -65048.738701, best rearrangement setting 10
Bootstrap[99]: Time 1.269147 seconds, bootstrap likelihood -65726.105159, best rearrangement setting 14


Overall Time for 100 Rapid Bootstraps 190.394102 seconds
Average Time per Rapid Bootstrap 1.903941 seconds

Starting ML Search ...

Fast ML optimization finished

Fast ML search Time: 203.089508 seconds

Slow ML Search 0 Likelihood: -64734.444563
Slow ML Search 1 Likelihood: -64735.304375
Slow ML Search 2 Likelihood: -64735.766897
Slow ML Search 3 Likelihood: -64735.766897
Slow ML Search 4 Likelihood: -64735.871858
Slow ML Search 5 Likelihood: -64738.490813
Slow ML Search 6 Likelihood: -64734.055871
Slow ML Search 7 Likelihood: -64739.761825
Slow ML Search 8 Likelihood: -64744.923514
Slow ML Search 9 Likelihood: -64748.181449
Slow ML optimization finished

Slow ML search Time: 30.710084 seconds
Thorough ML search Time: 2.430190 seconds

Final ML Optimization Likelihood: -64733.954891

Model Information:

Model Parameters of Partition 0, Name: No Name Provided, Type of Data: DNA
alpha: 0.328869
Tree-Length: 2.999137
rate A <-> C: 2.344279
rate A <-> G: 5.695278
rate A <-> T: 0.963833
rate C <-> G: 0.979575
rate C <-> T: 6.594263
rate G <-> T: 1.000000

freq pi(A): 0.369878
freq pi(C): 0.174236
freq pi(G): 0.234238
freq pi(T): 0.221649


ML search took 236.262729 secs or 0.065629 hours

Combined Bootstrap and ML search took 426.656961 secs or 0.118516 hours

Drawing Bootstrap Support Values on best-scoring ML tree ...



Found 1 tree in File /gpfs_home/mhowison/code/hiv-profile-sampling/scratch/trees/gag-pol-env/RAxML_bestTree.sample.452



Found 1 tree in File /gpfs_home/mhowison/code/hiv-profile-sampling/scratch/trees/gag-pol-env/RAxML_bestTree.sample.452

Program execution info written to /gpfs_home/mhowison/code/hiv-profile-sampling/scratch/trees/gag-pol-env/RAxML_info.sample.452
All 100 bootstrapped trees written to: /gpfs_home/mhowison/code/hiv-profile-sampling/scratch/trees/gag-pol-env/RAxML_bootstrap.sample.452

Best-scoring ML tree written to: /gpfs_home/mhowison/code/hiv-profile-sampling/scratch/trees/gag-pol-env/RAxML_bestTree.sample.452

Best-scoring ML tree with support values written to: /gpfs_home/mhowison/code/hiv-profile-sampling/scratch/trees/gag-pol-env/RAxML_bipartitions.sample.452

Best-scoring ML tree with support values as branch labels written to: /gpfs_home/mhowison/code/hiv-profile-sampling/scratch/trees/gag-pol-env/RAxML_bipartitionsBranchLabels.sample.452

Overall execution time for full ML analysis: 426.661915 secs or 0.118517 hours or 0.004938 days

