srun: job 263975 queued and waiting for resources
srun: job 263975 has been allocated resources
Warning, you specified a working directory via "-w"
Keep in mind that RAxML only accepts absolute path names, not relative ones!

RAxML can't, parse the alignment file as phylip file 
it will now try to parse it as FASTA file



Using BFGS method to optimize GTR rate parameters, to disable this specify "--no-bfgs" 


This is the RAxML Master Pthread

This is RAxML Worker Pthread Number: 4

This is RAxML Worker Pthread Number: 1

This is RAxML Worker Pthread Number: 5

This is RAxML Worker Pthread Number: 3

This is RAxML Worker Pthread Number: 2

This is RAxML Worker Pthread Number: 6

This is RAxML Worker Pthread Number: 7

This is RAxML Worker Pthread Number: 8

This is RAxML Worker Pthread Number: 11

This is RAxML Worker Pthread Number: 9

This is RAxML Worker Pthread Number: 10

This is RAxML Worker Pthread Number: 13

This is RAxML Worker Pthread Number: 12

This is RAxML Worker Pthread Number: 14

This is RAxML Worker Pthread Number: 15

This is RAxML Worker Pthread Number: 16

This is RAxML Worker Pthread Number: 17

This is RAxML Worker Pthread Number: 18

This is RAxML Worker Pthread Number: 19


This is RAxML version 8.2.12 released by Alexandros Stamatakis on May 2018.

With greatly appreciated code contributions by:
Andre Aberer      (HITS)
Simon Berger      (HITS)
Alexey Kozlov     (HITS)
Kassian Kobert    (HITS)
David Dao         (KIT and HITS)
Sarah Lutteropp   (KIT and HITS)
Nick Pattengale   (Sandia)
Wayne Pfeiffer    (SDSC)
Akifumi S. Tanabe (NRIFS)
Charlie Taylor    (UF)


Alignment has 3195 distinct alignment patterns

Proportion of gaps and completely undetermined characters in this alignment: 6.12%

RAxML rapid bootstrapping and subsequent ML search

Using 1 distinct models/data partitions with joint branch length optimization



Executing 100 rapid bootstrap inferences and thereafter a thorough ML search 

All free model parameters will be estimated by RAxML
GAMMA model of rate heterogeneity, ML estimate of alpha-parameter

GAMMA Model parameters will be estimated up to an accuracy of 0.1000000000 Log Likelihood units

Partition: 0
Alignment Patterns: 3195
Name: No Name Provided
DataType: DNA
Substitution Matrix: GTR




RAxML was called as follows:

raxmlHPC-PTHREADS-AVX -T 20 -s scratch/aligned/gag-pol-env/sample.119.fa -p 1733359327 -x 1733359327 -f a -N 100 -m GTRGAMMA -w /gpfs_home/mhowison/code/hiv-profile-sampling/scratch/trees/gag-pol-env -n sample.119 



Time for BS model parameter optimization 0.202762
Bootstrap[0]: Time 1.782583 seconds, bootstrap likelihood -63693.354555, best rearrangement setting 11
Bootstrap[1]: Time 1.572970 seconds, bootstrap likelihood -63972.909477, best rearrangement setting 8
Bootstrap[2]: Time 8.958645 seconds, bootstrap likelihood -67779.184353, best rearrangement setting 6
Bootstrap[3]: Time 1.032833 seconds, bootstrap likelihood -63397.433963, best rearrangement setting 6
Bootstrap[4]: Time 0.950497 seconds, bootstrap likelihood -64582.459183, best rearrangement setting 5
Bootstrap[5]: Time 1.047506 seconds, bootstrap likelihood -64064.499963, best rearrangement setting 8
Bootstrap[6]: Time 1.058064 seconds, bootstrap likelihood -64934.962844, best rearrangement setting 7
Bootstrap[7]: Time 1.132136 seconds, bootstrap likelihood -63947.460346, best rearrangement setting 7
Bootstrap[8]: Time 1.187015 seconds, bootstrap likelihood -63611.621162, best rearrangement setting 8
Bootstrap[9]: Time 1.056086 seconds, bootstrap likelihood -64338.228888, best rearrangement setting 6
Bootstrap[10]: Time 2.881171 seconds, bootstrap likelihood -64430.048811, best rearrangement setting 10
Bootstrap[11]: Time 1.222007 seconds, bootstrap likelihood -63512.257459, best rearrangement setting 12
Bootstrap[12]: Time 9.033367 seconds, bootstrap likelihood -64790.853457, best rearrangement setting 12
Bootstrap[13]: Time 1.258750 seconds, bootstrap likelihood -64074.345493, best rearrangement setting 13
Bootstrap[14]: Time 4.324459 seconds, bootstrap likelihood -63353.509825, best rearrangement setting 9
Bootstrap[15]: Time 1.171747 seconds, bootstrap likelihood -63936.625514, best rearrangement setting 7
Bootstrap[16]: Time 3.626793 seconds, bootstrap likelihood -65018.272876, best rearrangement setting 8
Bootstrap[17]: Time 8.994677 seconds, bootstrap likelihood -63762.173437, best rearrangement setting 13
Bootstrap[18]: Time 1.068484 seconds, bootstrap likelihood -66835.862187, best rearrangement setting 6
Bootstrap[19]: Time 1.668229 seconds, bootstrap likelihood -63870.420845, best rearrangement setting 12
Bootstrap[20]: Time 2.515022 seconds, bootstrap likelihood -63982.750483, best rearrangement setting 8
Bootstrap[21]: Time 1.157575 seconds, bootstrap likelihood -64390.117539, best rearrangement setting 10
Bootstrap[22]: Time 1.112903 seconds, bootstrap likelihood -64274.404508, best rearrangement setting 15
Bootstrap[23]: Time 1.266166 seconds, bootstrap likelihood -65352.801949, best rearrangement setting 14
Bootstrap[24]: Time 2.004901 seconds, bootstrap likelihood -62896.906641, best rearrangement setting 15
Bootstrap[25]: Time 1.076016 seconds, bootstrap likelihood -62641.526963, best rearrangement setting 6
Bootstrap[26]: Time 1.254837 seconds, bootstrap likelihood -63592.367254, best rearrangement setting 10
Bootstrap[27]: Time 1.310313 seconds, bootstrap likelihood -64424.753001, best rearrangement setting 10
Bootstrap[28]: Time 1.242243 seconds, bootstrap likelihood -62959.826469, best rearrangement setting 12
Bootstrap[29]: Time 1.104199 seconds, bootstrap likelihood -64077.065674, best rearrangement setting 8
Bootstrap[30]: Time 1.378236 seconds, bootstrap likelihood -63916.505230, best rearrangement setting 13
Bootstrap[31]: Time 1.035906 seconds, bootstrap likelihood -63929.726019, best rearrangement setting 6
Bootstrap[32]: Time 1.223049 seconds, bootstrap likelihood -63903.756075, best rearrangement setting 10
Bootstrap[33]: Time 1.911081 seconds, bootstrap likelihood -63341.100443, best rearrangement setting 13
Bootstrap[34]: Time 1.000334 seconds, bootstrap likelihood -64112.824362, best rearrangement setting 6
Bootstrap[35]: Time 1.120922 seconds, bootstrap likelihood -64316.611367, best rearrangement setting 6
Bootstrap[36]: Time 1.106407 seconds, bootstrap likelihood -65189.341825, best rearrangement setting 7
Bootstrap[37]: Time 1.118474 seconds, bootstrap likelihood -64807.191446, best rearrangement setting 8
Bootstrap[38]: Time 1.063191 seconds, bootstrap likelihood -64959.189826, best rearrangement setting 13
Bootstrap[39]: Time 1.095783 seconds, bootstrap likelihood -64143.227508, best rearrangement setting 7
Bootstrap[40]: Time 1.190029 seconds, bootstrap likelihood -65764.751090, best rearrangement setting 9
Bootstrap[41]: Time 1.283514 seconds, bootstrap likelihood -64334.404867, best rearrangement setting 10
Bootstrap[42]: Time 1.426844 seconds, bootstrap likelihood -65241.778634, best rearrangement setting 15
Bootstrap[43]: Time 2.882012 seconds, bootstrap likelihood -64052.959249, best rearrangement setting 10
Bootstrap[44]: Time 5.025265 seconds, bootstrap likelihood -63131.881136, best rearrangement setting 10
Bootstrap[45]: Time 1.182035 seconds, bootstrap likelihood -62792.471391, best rearrangement setting 10
Bootstrap[46]: Time 1.247249 seconds, bootstrap likelihood -63968.136972, best rearrangement setting 10
Bootstrap[47]: Time 1.159360 seconds, bootstrap likelihood -63105.724383, best rearrangement setting 15
Bootstrap[48]: Time 0.902797 seconds, bootstrap likelihood -63441.821876, best rearrangement setting 5
Bootstrap[49]: Time 1.188616 seconds, bootstrap likelihood -64117.674043, best rearrangement setting 10
Bootstrap[50]: Time 1.273652 seconds, bootstrap likelihood -65584.088342, best rearrangement setting 11
Bootstrap[51]: Time 1.237119 seconds, bootstrap likelihood -64134.097359, best rearrangement setting 14
Bootstrap[52]: Time 1.771435 seconds, bootstrap likelihood -63757.222539, best rearrangement setting 11
Bootstrap[53]: Time 2.157897 seconds, bootstrap likelihood -63193.318944, best rearrangement setting 14
Bootstrap[54]: Time 1.170595 seconds, bootstrap likelihood -65901.002570, best rearrangement setting 7
Bootstrap[55]: Time 6.218430 seconds, bootstrap likelihood -64660.019482, best rearrangement setting 5
Bootstrap[56]: Time 5.869096 seconds, bootstrap likelihood -64770.605013, best rearrangement setting 9
Bootstrap[57]: Time 4.827068 seconds, bootstrap likelihood -64822.403821, best rearrangement setting 11
Bootstrap[58]: Time 23.913767 seconds, bootstrap likelihood -64079.089045, best rearrangement setting 11
Bootstrap[59]: Time 1.233753 seconds, bootstrap likelihood -64523.363063, best rearrangement setting 11
Bootstrap[60]: Time 1.074125 seconds, bootstrap likelihood -63326.917800, best rearrangement setting 6
Bootstrap[61]: Time 1.074759 seconds, bootstrap likelihood -64152.824623, best rearrangement setting 12
Bootstrap[62]: Time 1.294143 seconds, bootstrap likelihood -63364.236269, best rearrangement setting 14
Bootstrap[63]: Time 1.148670 seconds, bootstrap likelihood -65630.735189, best rearrangement setting 6
Bootstrap[64]: Time 1.331297 seconds, bootstrap likelihood -65138.671333, best rearrangement setting 12
Bootstrap[65]: Time 624.201304 seconds, bootstrap likelihood -64237.923119, best rearrangement setting 9
Bootstrap[66]: Time 20.008621 seconds, bootstrap likelihood -65984.890622, best rearrangement setting 8
Bootstrap[67]: Time 1.170919 seconds, bootstrap likelihood -64603.492635, best rearrangement setting 15
Bootstrap[68]: Time 3.377886 seconds, bootstrap likelihood -64644.017026, best rearrangement setting 5
Bootstrap[69]: Time 1.006284 seconds, bootstrap likelihood -64146.914109, best rearrangement setting 11
Bootstrap[70]: Time 1.181401 seconds, bootstrap likelihood -64204.175526, best rearrangement setting 14
Bootstrap[71]: Time 4.800881 seconds, bootstrap likelihood -64296.768818, best rearrangement setting 10
Bootstrap[72]: Time 1.034954 seconds, bootstrap likelihood -65275.315174, best rearrangement setting 7
Bootstrap[73]: Time 0.878174 seconds, bootstrap likelihood -65353.416101, best rearrangement setting 5
Bootstrap[74]: Time 1.070668 seconds, bootstrap likelihood -64187.332351, best rearrangement setting 6
Bootstrap[75]: Time 20.737606 seconds, bootstrap likelihood -63661.016844, best rearrangement setting 11
Bootstrap[76]: Time 0.927800 seconds, bootstrap likelihood -65042.046942, best rearrangement setting 5
Bootstrap[77]: Time 5.246685 seconds, bootstrap likelihood -64547.462280, best rearrangement setting 6
Bootstrap[78]: Time 1.157457 seconds, bootstrap likelihood -62687.857383, best rearrangement setting 7
Bootstrap[79]: Time 1.337354 seconds, bootstrap likelihood -64347.132221, best rearrangement setting 10
Bootstrap[80]: Time 23.966595 seconds, bootstrap likelihood -65044.252723, best rearrangement setting 8
Bootstrap[81]: Time 1.195178 seconds, bootstrap likelihood -63129.482189, best rearrangement setting 9
Bootstrap[82]: Time 1.222350 seconds, bootstrap likelihood -64601.046877, best rearrangement setting 10
Bootstrap[83]: Time 1.243710 seconds, bootstrap likelihood -64077.640852, best rearrangement setting 13
Bootstrap[84]: Time 1.116243 seconds, bootstrap likelihood -64610.368338, best rearrangement setting 14
Bootstrap[85]: Time 23.690135 seconds, bootstrap likelihood -64777.858626, best rearrangement setting 14
Bootstrap[86]: Time 15.997234 seconds, bootstrap likelihood -62481.067839, best rearrangement setting 10
Bootstrap[87]: Time 1.403579 seconds, bootstrap likelihood -63149.909298, best rearrangement setting 15
Bootstrap[88]: Time 1.124192 seconds, bootstrap likelihood -64438.592756, best rearrangement setting 6
Bootstrap[89]: Time 1.187681 seconds, bootstrap likelihood -64572.793352, best rearrangement setting 13
Bootstrap[90]: Time 1.189909 seconds, bootstrap likelihood -64310.449897, best rearrangement setting 15
Bootstrap[91]: Time 1.266417 seconds, bootstrap likelihood -63680.540869, best rearrangement setting 14
Bootstrap[92]: Time 2.999540 seconds, bootstrap likelihood -64473.420949, best rearrangement setting 9
Bootstrap[93]: Time 1.050561 seconds, bootstrap likelihood -64892.732902, best rearrangement setting 14
Bootstrap[94]: Time 1.103472 seconds, bootstrap likelihood -65747.811524, best rearrangement setting 13
Bootstrap[95]: Time 0.940292 seconds, bootstrap likelihood -64484.246918, best rearrangement setting 5
Bootstrap[96]: Time 2.747856 seconds, bootstrap likelihood -64162.798843, best rearrangement setting 5
Bootstrap[97]: Time 2.142615 seconds, bootstrap likelihood -64046.186415, best rearrangement setting 15
Bootstrap[98]: Time 1.186198 seconds, bootstrap likelihood -64076.788540, best rearrangement setting 7
Bootstrap[99]: Time 21.946995 seconds, bootstrap likelihood -64872.699867, best rearrangement setting 14


Overall Time for 100 Rapid Bootstraps 951.218685 seconds
Average Time per Rapid Bootstrap 9.512187 seconds

Starting ML Search ...

Fast ML optimization finished

Fast ML search Time: 480.125245 seconds

Slow ML Search 0 Likelihood: -64461.443710
Slow ML Search 1 Likelihood: -64461.806135
Slow ML Search 2 Likelihood: -64462.413083
Slow ML Search 3 Likelihood: -64462.611891
Slow ML Search 4 Likelihood: -64462.547240
Slow ML Search 5 Likelihood: -64463.705398
Slow ML Search 6 Likelihood: -64464.721836
Slow ML Search 7 Likelihood: -64465.838848
Slow ML Search 8 Likelihood: -64466.309906
Slow ML Search 9 Likelihood: -64466.251703
Slow ML optimization finished

Slow ML search Time: 20.342006 seconds
Thorough ML search Time: 2.110149 seconds

Final ML Optimization Likelihood: -64461.443707

Model Information:

Model Parameters of Partition 0, Name: No Name Provided, Type of Data: DNA
alpha: 0.325552
Tree-Length: 3.039384
rate A <-> C: 2.053708
rate A <-> G: 5.215122
rate A <-> T: 0.858696
rate C <-> G: 0.863073
rate C <-> T: 6.033987
rate G <-> T: 1.000000

freq pi(A): 0.369923
freq pi(C): 0.174148
freq pi(G): 0.234318
freq pi(T): 0.221610


ML search took 502.583131 secs or 0.139606 hours

Combined Bootstrap and ML search took 1453.801961 secs or 0.403834 hours

Drawing Bootstrap Support Values on best-scoring ML tree ...



Found 1 tree in File /gpfs_home/mhowison/code/hiv-profile-sampling/scratch/trees/gag-pol-env/RAxML_bestTree.sample.119



Found 1 tree in File /gpfs_home/mhowison/code/hiv-profile-sampling/scratch/trees/gag-pol-env/RAxML_bestTree.sample.119

Program execution info written to /gpfs_home/mhowison/code/hiv-profile-sampling/scratch/trees/gag-pol-env/RAxML_info.sample.119
All 100 bootstrapped trees written to: /gpfs_home/mhowison/code/hiv-profile-sampling/scratch/trees/gag-pol-env/RAxML_bootstrap.sample.119

Best-scoring ML tree written to: /gpfs_home/mhowison/code/hiv-profile-sampling/scratch/trees/gag-pol-env/RAxML_bestTree.sample.119

Best-scoring ML tree with support values written to: /gpfs_home/mhowison/code/hiv-profile-sampling/scratch/trees/gag-pol-env/RAxML_bipartitions.sample.119

Best-scoring ML tree with support values as branch labels written to: /gpfs_home/mhowison/code/hiv-profile-sampling/scratch/trees/gag-pol-env/RAxML_bipartitionsBranchLabels.sample.119

Overall execution time for full ML analysis: 1453.825612 secs or 0.403840 hours or 0.016827 days

