srun: job 264534 queued and waiting for resources
srun: job 264534 has been allocated resources
Warning, you specified a working directory via "-w"
Keep in mind that RAxML only accepts absolute path names, not relative ones!

RAxML can't, parse the alignment file as phylip file 
it will now try to parse it as FASTA file



Using BFGS method to optimize GTR rate parameters, to disable this specify "--no-bfgs" 


This is the RAxML Master Pthread

This is RAxML Worker Pthread Number: 4

This is RAxML Worker Pthread Number: 1

This is RAxML Worker Pthread Number: 2

This is RAxML Worker Pthread Number: 3

This is RAxML Worker Pthread Number: 6

This is RAxML Worker Pthread Number: 7

This is RAxML Worker Pthread Number: 5

This is RAxML Worker Pthread Number: 8

This is RAxML Worker Pthread Number: 10

This is RAxML Worker Pthread Number: 9

This is RAxML Worker Pthread Number: 11

This is RAxML Worker Pthread Number: 13

This is RAxML Worker Pthread Number: 12

This is RAxML Worker Pthread Number: 15

This is RAxML Worker Pthread Number: 14

This is RAxML Worker Pthread Number: 16

This is RAxML Worker Pthread Number: 18

This is RAxML Worker Pthread Number: 17

This is RAxML Worker Pthread Number: 19


This is RAxML version 8.2.12 released by Alexandros Stamatakis on May 2018.

With greatly appreciated code contributions by:
Andre Aberer      (HITS)
Simon Berger      (HITS)
Alexey Kozlov     (HITS)
Kassian Kobert    (HITS)
David Dao         (KIT and HITS)
Sarah Lutteropp   (KIT and HITS)
Nick Pattengale   (Sandia)
Wayne Pfeiffer    (SDSC)
Akifumi S. Tanabe (NRIFS)
Charlie Taylor    (UF)


Alignment has 3193 distinct alignment patterns

Proportion of gaps and completely undetermined characters in this alignment: 6.12%

RAxML rapid bootstrapping and subsequent ML search

Using 1 distinct models/data partitions with joint branch length optimization



Executing 100 rapid bootstrap inferences and thereafter a thorough ML search 

All free model parameters will be estimated by RAxML
GAMMA model of rate heterogeneity, ML estimate of alpha-parameter

GAMMA Model parameters will be estimated up to an accuracy of 0.1000000000 Log Likelihood units

Partition: 0
Alignment Patterns: 3193
Name: No Name Provided
DataType: DNA
Substitution Matrix: GTR




RAxML was called as follows:

raxmlHPC-PTHREADS-AVX -T 20 -s scratch/aligned/gag-pol-env/sample.437.fa -p 8260190330 -x 8260190330 -f a -N 100 -m GTRGAMMA -w /gpfs_home/mhowison/code/hiv-profile-sampling/scratch/trees/gag-pol-env -n sample.437 



Time for BS model parameter optimization 0.191817
Bootstrap[0]: Time 1.618237 seconds, bootstrap likelihood -64586.268277, best rearrangement setting 13
Bootstrap[1]: Time 1.275526 seconds, bootstrap likelihood -64289.653619, best rearrangement setting 14
Bootstrap[2]: Time 1.197654 seconds, bootstrap likelihood -63927.890427, best rearrangement setting 5
Bootstrap[3]: Time 1.424835 seconds, bootstrap likelihood -65614.897086, best rearrangement setting 13
Bootstrap[4]: Time 1.491399 seconds, bootstrap likelihood -64011.644399, best rearrangement setting 12
Bootstrap[5]: Time 1.437581 seconds, bootstrap likelihood -62976.811173, best rearrangement setting 15
Bootstrap[6]: Time 1.328321 seconds, bootstrap likelihood -64231.862831, best rearrangement setting 14
Bootstrap[7]: Time 1.235499 seconds, bootstrap likelihood -63256.010792, best rearrangement setting 13
Bootstrap[8]: Time 1.395031 seconds, bootstrap likelihood -63650.029220, best rearrangement setting 13
Bootstrap[9]: Time 2.342620 seconds, bootstrap likelihood -64160.961314, best rearrangement setting 14
Bootstrap[10]: Time 1.490436 seconds, bootstrap likelihood -64844.103412, best rearrangement setting 15
Bootstrap[11]: Time 1.303867 seconds, bootstrap likelihood -65674.645906, best rearrangement setting 10
Bootstrap[12]: Time 1.093887 seconds, bootstrap likelihood -63068.967450, best rearrangement setting 5
Bootstrap[13]: Time 1.674682 seconds, bootstrap likelihood -63811.690155, best rearrangement setting 10
Bootstrap[14]: Time 1.452102 seconds, bootstrap likelihood -64149.360548, best rearrangement setting 11
Bootstrap[15]: Time 1.422457 seconds, bootstrap likelihood -66045.524392, best rearrangement setting 7
Bootstrap[16]: Time 1.550942 seconds, bootstrap likelihood -64786.873529, best rearrangement setting 8
Bootstrap[17]: Time 1.364095 seconds, bootstrap likelihood -64647.375084, best rearrangement setting 10
Bootstrap[18]: Time 1.252341 seconds, bootstrap likelihood -65974.513957, best rearrangement setting 6
Bootstrap[19]: Time 1.503499 seconds, bootstrap likelihood -64466.214340, best rearrangement setting 8
Bootstrap[20]: Time 1.443271 seconds, bootstrap likelihood -64591.306095, best rearrangement setting 8
Bootstrap[21]: Time 1.307289 seconds, bootstrap likelihood -65467.608457, best rearrangement setting 9
Bootstrap[22]: Time 1.239755 seconds, bootstrap likelihood -63247.585815, best rearrangement setting 11
Bootstrap[23]: Time 1.649312 seconds, bootstrap likelihood -64420.793481, best rearrangement setting 7
Bootstrap[24]: Time 1.067805 seconds, bootstrap likelihood -64090.524129, best rearrangement setting 5
Bootstrap[25]: Time 1.380654 seconds, bootstrap likelihood -64462.344775, best rearrangement setting 7
Bootstrap[26]: Time 1.364044 seconds, bootstrap likelihood -65906.760501, best rearrangement setting 7
Bootstrap[27]: Time 1.221901 seconds, bootstrap likelihood -65131.604181, best rearrangement setting 12
Bootstrap[28]: Time 1.566443 seconds, bootstrap likelihood -65429.652098, best rearrangement setting 13
Bootstrap[29]: Time 1.465900 seconds, bootstrap likelihood -64327.321360, best rearrangement setting 11
Bootstrap[30]: Time 67.070270 seconds, bootstrap likelihood -65055.239379, best rearrangement setting 10
Bootstrap[31]: Time 1.276075 seconds, bootstrap likelihood -64347.245572, best rearrangement setting 8
Bootstrap[32]: Time 1.262175 seconds, bootstrap likelihood -64447.352270, best rearrangement setting 14
Bootstrap[33]: Time 1.331946 seconds, bootstrap likelihood -62969.925470, best rearrangement setting 7
Bootstrap[34]: Time 1.318404 seconds, bootstrap likelihood -63825.550457, best rearrangement setting 10
Bootstrap[35]: Time 1.449082 seconds, bootstrap likelihood -64425.493896, best rearrangement setting 12
Bootstrap[36]: Time 1.573140 seconds, bootstrap likelihood -63897.439133, best rearrangement setting 11
Bootstrap[37]: Time 1.464692 seconds, bootstrap likelihood -64907.682659, best rearrangement setting 9
Bootstrap[38]: Time 1.301333 seconds, bootstrap likelihood -66003.951241, best rearrangement setting 11
Bootstrap[39]: Time 1.168037 seconds, bootstrap likelihood -64790.082660, best rearrangement setting 8
Bootstrap[40]: Time 1.044759 seconds, bootstrap likelihood -63920.787976, best rearrangement setting 5
Bootstrap[41]: Time 1.360767 seconds, bootstrap likelihood -63677.682852, best rearrangement setting 5
Bootstrap[42]: Time 1.518618 seconds, bootstrap likelihood -63584.187726, best rearrangement setting 15
Bootstrap[43]: Time 1.239135 seconds, bootstrap likelihood -64472.774380, best rearrangement setting 7
Bootstrap[44]: Time 2.178948 seconds, bootstrap likelihood -65092.108946, best rearrangement setting 6
Bootstrap[45]: Time 1.287202 seconds, bootstrap likelihood -65760.250792, best rearrangement setting 9
Bootstrap[46]: Time 0.999726 seconds, bootstrap likelihood -62505.537105, best rearrangement setting 5
Bootstrap[47]: Time 1.370380 seconds, bootstrap likelihood -64468.542190, best rearrangement setting 9
Bootstrap[48]: Time 2.215132 seconds, bootstrap likelihood -64461.455365, best rearrangement setting 9
Bootstrap[49]: Time 2.095470 seconds, bootstrap likelihood -64768.980218, best rearrangement setting 13
Bootstrap[50]: Time 1.537052 seconds, bootstrap likelihood -64053.591670, best rearrangement setting 15
Bootstrap[51]: Time 1.228903 seconds, bootstrap likelihood -63730.074135, best rearrangement setting 15
Bootstrap[52]: Time 1.382741 seconds, bootstrap likelihood -65215.669546, best rearrangement setting 12
Bootstrap[53]: Time 2.723799 seconds, bootstrap likelihood -65435.542825, best rearrangement setting 6
Bootstrap[54]: Time 1.509912 seconds, bootstrap likelihood -65062.730950, best rearrangement setting 11
Bootstrap[55]: Time 1.202163 seconds, bootstrap likelihood -65165.215862, best rearrangement setting 6
Bootstrap[56]: Time 1.345855 seconds, bootstrap likelihood -64871.852880, best rearrangement setting 8
Bootstrap[57]: Time 1.284553 seconds, bootstrap likelihood -63981.622457, best rearrangement setting 9
Bootstrap[58]: Time 1.476053 seconds, bootstrap likelihood -63672.948941, best rearrangement setting 13
Bootstrap[59]: Time 1.140538 seconds, bootstrap likelihood -64608.163626, best rearrangement setting 7
Bootstrap[60]: Time 1.373419 seconds, bootstrap likelihood -64262.892223, best rearrangement setting 8
Bootstrap[61]: Time 1.430411 seconds, bootstrap likelihood -64358.701149, best rearrangement setting 7
Bootstrap[62]: Time 1.409355 seconds, bootstrap likelihood -63990.470400, best rearrangement setting 15
Bootstrap[63]: Time 1.533914 seconds, bootstrap likelihood -63788.182852, best rearrangement setting 15
Bootstrap[64]: Time 1.378497 seconds, bootstrap likelihood -62458.002177, best rearrangement setting 7
Bootstrap[65]: Time 1.047902 seconds, bootstrap likelihood -64707.065566, best rearrangement setting 5
Bootstrap[66]: Time 1.306882 seconds, bootstrap likelihood -62938.015949, best rearrangement setting 13
Bootstrap[67]: Time 1.063782 seconds, bootstrap likelihood -65731.215355, best rearrangement setting 5
Bootstrap[68]: Time 22.180676 seconds, bootstrap likelihood -62869.453739, best rearrangement setting 13
Bootstrap[69]: Time 1.265032 seconds, bootstrap likelihood -64981.419619, best rearrangement setting 10
Bootstrap[70]: Time 1.411692 seconds, bootstrap likelihood -65183.579670, best rearrangement setting 11
Bootstrap[71]: Time 1.433484 seconds, bootstrap likelihood -64167.963664, best rearrangement setting 15
Bootstrap[72]: Time 1.421222 seconds, bootstrap likelihood -64166.801261, best rearrangement setting 8
Bootstrap[73]: Time 1.309101 seconds, bootstrap likelihood -62702.718470, best rearrangement setting 10
Bootstrap[74]: Time 1.435767 seconds, bootstrap likelihood -65775.874298, best rearrangement setting 14
Bootstrap[75]: Time 1.832587 seconds, bootstrap likelihood -63522.043581, best rearrangement setting 14
Bootstrap[76]: Time 1.286854 seconds, bootstrap likelihood -64898.290684, best rearrangement setting 10
Bootstrap[77]: Time 1.218997 seconds, bootstrap likelihood -63081.732725, best rearrangement setting 6
Bootstrap[78]: Time 1.049809 seconds, bootstrap likelihood -65094.682376, best rearrangement setting 5
Bootstrap[79]: Time 100.442545 seconds, bootstrap likelihood -63780.498097, best rearrangement setting 11
Bootstrap[80]: Time 1.030173 seconds, bootstrap likelihood -63320.432316, best rearrangement setting 5
Bootstrap[81]: Time 1.232118 seconds, bootstrap likelihood -64222.366774, best rearrangement setting 8
Bootstrap[82]: Time 1.369939 seconds, bootstrap likelihood -64119.293366, best rearrangement setting 7
Bootstrap[83]: Time 1.476030 seconds, bootstrap likelihood -64324.128234, best rearrangement setting 14
Bootstrap[84]: Time 3.076783 seconds, bootstrap likelihood -64403.181479, best rearrangement setting 7
Bootstrap[85]: Time 1.459038 seconds, bootstrap likelihood -62486.167037, best rearrangement setting 12
Bootstrap[86]: Time 1.200525 seconds, bootstrap likelihood -66370.829167, best rearrangement setting 7
Bootstrap[87]: Time 1.221160 seconds, bootstrap likelihood -64675.095355, best rearrangement setting 11
Bootstrap[88]: Time 1.023209 seconds, bootstrap likelihood -65869.700141, best rearrangement setting 5
Bootstrap[89]: Time 1.138096 seconds, bootstrap likelihood -64588.258424, best rearrangement setting 9
Bootstrap[90]: Time 2.448775 seconds, bootstrap likelihood -62356.902465, best rearrangement setting 11
Bootstrap[91]: Time 1.350769 seconds, bootstrap likelihood -64167.365552, best rearrangement setting 10
Bootstrap[92]: Time 1.240300 seconds, bootstrap likelihood -64276.191756, best rearrangement setting 8
Bootstrap[93]: Time 16.305016 seconds, bootstrap likelihood -63330.303671, best rearrangement setting 15
Bootstrap[94]: Time 1.167701 seconds, bootstrap likelihood -64812.895454, best rearrangement setting 9
Bootstrap[95]: Time 1.271796 seconds, bootstrap likelihood -64229.074687, best rearrangement setting 6
Bootstrap[96]: Time 1.430922 seconds, bootstrap likelihood -65345.871565, best rearrangement setting 8
Bootstrap[97]: Time 1.994358 seconds, bootstrap likelihood -64456.337542, best rearrangement setting 15
Bootstrap[98]: Time 1.174970 seconds, bootstrap likelihood -65377.733552, best rearrangement setting 7
Bootstrap[99]: Time 1.405571 seconds, bootstrap likelihood -64268.302346, best rearrangement setting 14


Overall Time for 100 Rapid Bootstraps 342.854511 seconds
Average Time per Rapid Bootstrap 3.428545 seconds

Starting ML Search ...

Fast ML optimization finished

Fast ML search Time: 139.827855 seconds

Slow ML Search 0 Likelihood: -64544.795722
Slow ML Search 1 Likelihood: -64545.193179
Slow ML Search 2 Likelihood: -64545.209489
Slow ML Search 3 Likelihood: -64548.976233
Slow ML Search 4 Likelihood: -64547.988808
Slow ML Search 5 Likelihood: -64551.608852
Slow ML Search 6 Likelihood: -64551.608852
Slow ML Search 7 Likelihood: -64551.608854
Slow ML Search 8 Likelihood: -64553.036483
Slow ML Search 9 Likelihood: -64553.790808
Slow ML optimization finished

Slow ML search Time: 33.053813 seconds
Thorough ML search Time: 2.283173 seconds

Final ML Optimization Likelihood: -64544.795720

Model Information:

Model Parameters of Partition 0, Name: No Name Provided, Type of Data: DNA
alpha: 0.327999
Tree-Length: 3.034737
rate A <-> C: 2.308668
rate A <-> G: 5.686326
rate A <-> T: 0.943439
rate C <-> G: 1.036096
rate C <-> T: 6.554245
rate G <-> T: 1.000000

freq pi(A): 0.369755
freq pi(C): 0.174289
freq pi(G): 0.234348
freq pi(T): 0.221608


ML search took 175.176283 secs or 0.048660 hours

Combined Bootstrap and ML search took 518.030933 secs or 0.143897 hours

Drawing Bootstrap Support Values on best-scoring ML tree ...



Found 1 tree in File /gpfs_home/mhowison/code/hiv-profile-sampling/scratch/trees/gag-pol-env/RAxML_bestTree.sample.437



Found 1 tree in File /gpfs_home/mhowison/code/hiv-profile-sampling/scratch/trees/gag-pol-env/RAxML_bestTree.sample.437

Program execution info written to /gpfs_home/mhowison/code/hiv-profile-sampling/scratch/trees/gag-pol-env/RAxML_info.sample.437
All 100 bootstrapped trees written to: /gpfs_home/mhowison/code/hiv-profile-sampling/scratch/trees/gag-pol-env/RAxML_bootstrap.sample.437

Best-scoring ML tree written to: /gpfs_home/mhowison/code/hiv-profile-sampling/scratch/trees/gag-pol-env/RAxML_bestTree.sample.437

Best-scoring ML tree with support values written to: /gpfs_home/mhowison/code/hiv-profile-sampling/scratch/trees/gag-pol-env/RAxML_bipartitions.sample.437

Best-scoring ML tree with support values as branch labels written to: /gpfs_home/mhowison/code/hiv-profile-sampling/scratch/trees/gag-pol-env/RAxML_bipartitionsBranchLabels.sample.437

Overall execution time for full ML analysis: 518.035118 secs or 0.143899 hours or 0.005996 days

