srun: job 264466 queued and waiting for resources
srun: job 264466 has been allocated resources
Warning, you specified a working directory via "-w"
Keep in mind that RAxML only accepts absolute path names, not relative ones!

RAxML can't, parse the alignment file as phylip file 
it will now try to parse it as FASTA file



Using BFGS method to optimize GTR rate parameters, to disable this specify "--no-bfgs" 


This is the RAxML Master Pthread

This is RAxML Worker Pthread Number: 1

This is RAxML Worker Pthread Number: 2

This is RAxML Worker Pthread Number: 4

This is RAxML Worker Pthread Number: 3

This is RAxML Worker Pthread Number: 5

This is RAxML Worker Pthread Number: 6

This is RAxML Worker Pthread Number: 7

This is RAxML Worker Pthread Number: 8

This is RAxML Worker Pthread Number: 9

This is RAxML Worker Pthread Number: 10

This is RAxML Worker Pthread Number: 11

This is RAxML Worker Pthread Number: 12

This is RAxML Worker Pthread Number: 13

This is RAxML Worker Pthread Number: 14

This is RAxML Worker Pthread Number: 17

This is RAxML Worker Pthread Number: 16

This is RAxML Worker Pthread Number: 15

This is RAxML Worker Pthread Number: 18

This is RAxML Worker Pthread Number: 19


This is RAxML version 8.2.12 released by Alexandros Stamatakis on May 2018.

With greatly appreciated code contributions by:
Andre Aberer      (HITS)
Simon Berger      (HITS)
Alexey Kozlov     (HITS)
Kassian Kobert    (HITS)
David Dao         (KIT and HITS)
Sarah Lutteropp   (KIT and HITS)
Nick Pattengale   (Sandia)
Wayne Pfeiffer    (SDSC)
Akifumi S. Tanabe (NRIFS)
Charlie Taylor    (UF)


Alignment has 3196 distinct alignment patterns

Proportion of gaps and completely undetermined characters in this alignment: 6.11%

RAxML rapid bootstrapping and subsequent ML search

Using 1 distinct models/data partitions with joint branch length optimization



Executing 100 rapid bootstrap inferences and thereafter a thorough ML search 

All free model parameters will be estimated by RAxML
GAMMA model of rate heterogeneity, ML estimate of alpha-parameter

GAMMA Model parameters will be estimated up to an accuracy of 0.1000000000 Log Likelihood units

Partition: 0
Alignment Patterns: 3196
Name: No Name Provided
DataType: DNA
Substitution Matrix: GTR




RAxML was called as follows:

raxmlHPC-PTHREADS-AVX -T 20 -s scratch/aligned/gag-pol-env/sample.381.fa -p 0003714353 -x 0003714353 -f a -N 100 -m GTRGAMMA -w /gpfs_home/mhowison/code/hiv-profile-sampling/scratch/trees/gag-pol-env -n sample.381 



Time for BS model parameter optimization 0.199366
Bootstrap[0]: Time 1.615170 seconds, bootstrap likelihood -65179.195045, best rearrangement setting 10
Bootstrap[1]: Time 1.307555 seconds, bootstrap likelihood -63920.132595, best rearrangement setting 13
Bootstrap[2]: Time 1.882639 seconds, bootstrap likelihood -64691.401043, best rearrangement setting 7
Bootstrap[3]: Time 1.531044 seconds, bootstrap likelihood -63559.239934, best rearrangement setting 14
Bootstrap[4]: Time 1.563903 seconds, bootstrap likelihood -64147.252672, best rearrangement setting 15
Bootstrap[5]: Time 1.281105 seconds, bootstrap likelihood -64347.345830, best rearrangement setting 6
Bootstrap[6]: Time 1.282857 seconds, bootstrap likelihood -64292.080716, best rearrangement setting 12
Bootstrap[7]: Time 1.485925 seconds, bootstrap likelihood -63930.254161, best rearrangement setting 10
Bootstrap[8]: Time 19.121342 seconds, bootstrap likelihood -65592.240651, best rearrangement setting 11
Bootstrap[9]: Time 1.577964 seconds, bootstrap likelihood -65708.766704, best rearrangement setting 15
Bootstrap[10]: Time 3.207815 seconds, bootstrap likelihood -65117.938579, best rearrangement setting 7
Bootstrap[11]: Time 1.233604 seconds, bootstrap likelihood -64784.493703, best rearrangement setting 6
Bootstrap[12]: Time 1.583517 seconds, bootstrap likelihood -64752.985528, best rearrangement setting 10
Bootstrap[13]: Time 1.506207 seconds, bootstrap likelihood -64210.719841, best rearrangement setting 12
Bootstrap[14]: Time 3.909883 seconds, bootstrap likelihood -64881.908153, best rearrangement setting 14
Bootstrap[15]: Time 1.383513 seconds, bootstrap likelihood -64796.808897, best rearrangement setting 7
Bootstrap[16]: Time 7.982483 seconds, bootstrap likelihood -64853.911305, best rearrangement setting 13
Bootstrap[17]: Time 1.474249 seconds, bootstrap likelihood -64030.067122, best rearrangement setting 8
Bootstrap[18]: Time 1.671028 seconds, bootstrap likelihood -64853.730363, best rearrangement setting 6
Bootstrap[19]: Time 3.245542 seconds, bootstrap likelihood -63916.139529, best rearrangement setting 12
Bootstrap[20]: Time 4.158648 seconds, bootstrap likelihood -65104.408177, best rearrangement setting 5
Bootstrap[21]: Time 1.393837 seconds, bootstrap likelihood -64560.887388, best rearrangement setting 15
Bootstrap[22]: Time 2.628841 seconds, bootstrap likelihood -63534.206659, best rearrangement setting 13
Bootstrap[23]: Time 1.215557 seconds, bootstrap likelihood -65847.741088, best rearrangement setting 5
Bootstrap[24]: Time 1.421802 seconds, bootstrap likelihood -64094.722447, best rearrangement setting 11
Bootstrap[25]: Time 1.344989 seconds, bootstrap likelihood -64238.594295, best rearrangement setting 8
Bootstrap[26]: Time 1.373658 seconds, bootstrap likelihood -65853.367548, best rearrangement setting 5
Bootstrap[27]: Time 2.524921 seconds, bootstrap likelihood -64299.343343, best rearrangement setting 15
Bootstrap[28]: Time 1.100836 seconds, bootstrap likelihood -63782.727205, best rearrangement setting 5
Bootstrap[29]: Time 1.512532 seconds, bootstrap likelihood -65265.574351, best rearrangement setting 9
Bootstrap[30]: Time 1.557536 seconds, bootstrap likelihood -64453.428672, best rearrangement setting 13
Bootstrap[31]: Time 1.061021 seconds, bootstrap likelihood -63543.020448, best rearrangement setting 5
Bootstrap[32]: Time 1.295135 seconds, bootstrap likelihood -64654.556836, best rearrangement setting 9
Bootstrap[33]: Time 1.327241 seconds, bootstrap likelihood -64940.238398, best rearrangement setting 11
Bootstrap[34]: Time 1.609832 seconds, bootstrap likelihood -64071.051515, best rearrangement setting 7
Bootstrap[35]: Time 3.069050 seconds, bootstrap likelihood -64653.419245, best rearrangement setting 12
Bootstrap[36]: Time 3.065056 seconds, bootstrap likelihood -64149.626870, best rearrangement setting 6
Bootstrap[37]: Time 1.461642 seconds, bootstrap likelihood -65229.138526, best rearrangement setting 9
Bootstrap[38]: Time 3.085025 seconds, bootstrap likelihood -63253.342857, best rearrangement setting 10
Bootstrap[39]: Time 2.979678 seconds, bootstrap likelihood -64332.744658, best rearrangement setting 5
Bootstrap[40]: Time 1.611450 seconds, bootstrap likelihood -64757.796323, best rearrangement setting 13
Bootstrap[41]: Time 1.454915 seconds, bootstrap likelihood -63846.565108, best rearrangement setting 11
Bootstrap[42]: Time 6.806460 seconds, bootstrap likelihood -64485.940754, best rearrangement setting 13
Bootstrap[43]: Time 1.503071 seconds, bootstrap likelihood -64849.742194, best rearrangement setting 13
Bootstrap[44]: Time 1.396163 seconds, bootstrap likelihood -62164.896502, best rearrangement setting 14
Bootstrap[45]: Time 1.516751 seconds, bootstrap likelihood -65996.441128, best rearrangement setting 9
Bootstrap[46]: Time 2.234025 seconds, bootstrap likelihood -65746.405136, best rearrangement setting 12
Bootstrap[47]: Time 1.570308 seconds, bootstrap likelihood -64253.631564, best rearrangement setting 15
Bootstrap[48]: Time 1.354068 seconds, bootstrap likelihood -64295.924435, best rearrangement setting 11
Bootstrap[49]: Time 5.333216 seconds, bootstrap likelihood -64591.529242, best rearrangement setting 8
Bootstrap[50]: Time 7.863856 seconds, bootstrap likelihood -63528.137239, best rearrangement setting 8
Bootstrap[51]: Time 6.265017 seconds, bootstrap likelihood -63931.114031, best rearrangement setting 12
Bootstrap[52]: Time 2.347365 seconds, bootstrap likelihood -63797.303715, best rearrangement setting 5
Bootstrap[53]: Time 3.787311 seconds, bootstrap likelihood -63596.184092, best rearrangement setting 13
Bootstrap[54]: Time 1.473372 seconds, bootstrap likelihood -64580.177799, best rearrangement setting 13
Bootstrap[55]: Time 2.890949 seconds, bootstrap likelihood -64508.471511, best rearrangement setting 10
Bootstrap[56]: Time 1.411757 seconds, bootstrap likelihood -62397.970347, best rearrangement setting 10
Bootstrap[57]: Time 1.749114 seconds, bootstrap likelihood -64962.051961, best rearrangement setting 13
Bootstrap[58]: Time 3.881844 seconds, bootstrap likelihood -64805.329610, best rearrangement setting 15
Bootstrap[59]: Time 4.525610 seconds, bootstrap likelihood -65229.102953, best rearrangement setting 14
Bootstrap[60]: Time 1.556957 seconds, bootstrap likelihood -64218.867827, best rearrangement setting 11
Bootstrap[61]: Time 2.663725 seconds, bootstrap likelihood -64244.276767, best rearrangement setting 9
Bootstrap[62]: Time 1.409709 seconds, bootstrap likelihood -64400.537633, best rearrangement setting 11
Bootstrap[63]: Time 1.198903 seconds, bootstrap likelihood -65897.594411, best rearrangement setting 5
Bootstrap[64]: Time 1.695099 seconds, bootstrap likelihood -66521.040959, best rearrangement setting 11
Bootstrap[65]: Time 1.363979 seconds, bootstrap likelihood -63547.887378, best rearrangement setting 10
Bootstrap[66]: Time 2.403046 seconds, bootstrap likelihood -63549.443029, best rearrangement setting 15
Bootstrap[67]: Time 1.514300 seconds, bootstrap likelihood -65105.525699, best rearrangement setting 9
Bootstrap[68]: Time 1.636499 seconds, bootstrap likelihood -64282.470086, best rearrangement setting 8
Bootstrap[69]: Time 3.136233 seconds, bootstrap likelihood -65049.873270, best rearrangement setting 6
Bootstrap[70]: Time 1.231534 seconds, bootstrap likelihood -65707.677217, best rearrangement setting 6
Bootstrap[71]: Time 4.829397 seconds, bootstrap likelihood -62421.887070, best rearrangement setting 9
Bootstrap[72]: Time 1.626760 seconds, bootstrap likelihood -64898.550192, best rearrangement setting 9
Bootstrap[73]: Time 1.191286 seconds, bootstrap likelihood -65051.603639, best rearrangement setting 14
Bootstrap[74]: Time 1.377144 seconds, bootstrap likelihood -66012.583147, best rearrangement setting 12
Bootstrap[75]: Time 1.443200 seconds, bootstrap likelihood -64680.991714, best rearrangement setting 9
Bootstrap[76]: Time 1.454254 seconds, bootstrap likelihood -64147.964738, best rearrangement setting 13
Bootstrap[77]: Time 23.271837 seconds, bootstrap likelihood -64950.101442, best rearrangement setting 8
Bootstrap[78]: Time 1.647333 seconds, bootstrap likelihood -65392.731772, best rearrangement setting 14
Bootstrap[79]: Time 1.478575 seconds, bootstrap likelihood -64205.254796, best rearrangement setting 15
Bootstrap[80]: Time 1.438113 seconds, bootstrap likelihood -64296.475075, best rearrangement setting 9
Bootstrap[81]: Time 1.398546 seconds, bootstrap likelihood -65871.336839, best rearrangement setting 7
Bootstrap[82]: Time 1.366520 seconds, bootstrap likelihood -63976.954694, best rearrangement setting 15
Bootstrap[83]: Time 24.209574 seconds, bootstrap likelihood -63011.209803, best rearrangement setting 13
Bootstrap[84]: Time 3.887794 seconds, bootstrap likelihood -64184.505710, best rearrangement setting 15
Bootstrap[85]: Time 1.497321 seconds, bootstrap likelihood -64748.749561, best rearrangement setting 9
Bootstrap[86]: Time 5.272184 seconds, bootstrap likelihood -65017.843083, best rearrangement setting 15
Bootstrap[87]: Time 6.092270 seconds, bootstrap likelihood -64603.192652, best rearrangement setting 6
Bootstrap[88]: Time 3.951746 seconds, bootstrap likelihood -65092.007740, best rearrangement setting 15
Bootstrap[89]: Time 4.671587 seconds, bootstrap likelihood -65733.752456, best rearrangement setting 9
Bootstrap[90]: Time 1.682193 seconds, bootstrap likelihood -63585.016566, best rearrangement setting 10
Bootstrap[91]: Time 1.253789 seconds, bootstrap likelihood -63217.526926, best rearrangement setting 6
Bootstrap[92]: Time 1.434860 seconds, bootstrap likelihood -64171.979543, best rearrangement setting 12
Bootstrap[93]: Time 1.352413 seconds, bootstrap likelihood -64918.145854, best rearrangement setting 14
Bootstrap[94]: Time 1.208129 seconds, bootstrap likelihood -65070.948718, best rearrangement setting 6
Bootstrap[95]: Time 1.220936 seconds, bootstrap likelihood -64032.202735, best rearrangement setting 6
Bootstrap[96]: Time 1.416532 seconds, bootstrap likelihood -64151.458990, best rearrangement setting 9
Bootstrap[97]: Time 2.248579 seconds, bootstrap likelihood -64108.202083, best rearrangement setting 12
Bootstrap[98]: Time 1.321525 seconds, bootstrap likelihood -64265.897591, best rearrangement setting 6
Bootstrap[99]: Time 2.257908 seconds, bootstrap likelihood -63654.278481, best rearrangement setting 8


Overall Time for 100 Rapid Bootstraps 287.505047 seconds
Average Time per Rapid Bootstrap 2.875050 seconds

Starting ML Search ...

Fast ML optimization finished

Fast ML search Time: 185.423933 seconds

Slow ML Search 0 Likelihood: -64547.189726
Slow ML Search 1 Likelihood: -64547.189726
Slow ML Search 2 Likelihood: -64547.189726
Slow ML Search 3 Likelihood: -64547.189725
Slow ML Search 4 Likelihood: -64550.964700
Slow ML Search 5 Likelihood: -64552.653460
Slow ML Search 6 Likelihood: -64552.983169
Slow ML Search 7 Likelihood: -64557.611978
Slow ML Search 8 Likelihood: -64558.274926
Slow ML Search 9 Likelihood: -64562.264642
Slow ML optimization finished

Slow ML search Time: 21.702858 seconds
Thorough ML search Time: 3.112118 seconds

Final ML Optimization Likelihood: -64547.271331

Model Information:

Model Parameters of Partition 0, Name: No Name Provided, Type of Data: DNA
alpha: 0.329134
Tree-Length: 2.989777
rate A <-> C: 2.226456
rate A <-> G: 5.511951
rate A <-> T: 0.930733
rate C <-> G: 0.973707
rate C <-> T: 6.305120
rate G <-> T: 1.000000

freq pi(A): 0.370104
freq pi(C): 0.174258
freq pi(G): 0.234048
freq pi(T): 0.221590


ML search took 210.245554 secs or 0.058402 hours

Combined Bootstrap and ML search took 497.750737 secs or 0.138264 hours

Drawing Bootstrap Support Values on best-scoring ML tree ...



Found 1 tree in File /gpfs_home/mhowison/code/hiv-profile-sampling/scratch/trees/gag-pol-env/RAxML_bestTree.sample.381



Found 1 tree in File /gpfs_home/mhowison/code/hiv-profile-sampling/scratch/trees/gag-pol-env/RAxML_bestTree.sample.381

Program execution info written to /gpfs_home/mhowison/code/hiv-profile-sampling/scratch/trees/gag-pol-env/RAxML_info.sample.381
All 100 bootstrapped trees written to: /gpfs_home/mhowison/code/hiv-profile-sampling/scratch/trees/gag-pol-env/RAxML_bootstrap.sample.381

Best-scoring ML tree written to: /gpfs_home/mhowison/code/hiv-profile-sampling/scratch/trees/gag-pol-env/RAxML_bestTree.sample.381

Best-scoring ML tree with support values written to: /gpfs_home/mhowison/code/hiv-profile-sampling/scratch/trees/gag-pol-env/RAxML_bipartitions.sample.381

Best-scoring ML tree with support values as branch labels written to: /gpfs_home/mhowison/code/hiv-profile-sampling/scratch/trees/gag-pol-env/RAxML_bipartitionsBranchLabels.sample.381

Overall execution time for full ML analysis: 497.754746 secs or 0.138265 hours or 0.005761 days

