srun: job 264371 queued and waiting for resources
srun: job 264371 has been allocated resources
Warning, you specified a working directory via "-w"
Keep in mind that RAxML only accepts absolute path names, not relative ones!

RAxML can't, parse the alignment file as phylip file 
it will now try to parse it as FASTA file



Using BFGS method to optimize GTR rate parameters, to disable this specify "--no-bfgs" 


This is the RAxML Master Pthread

This is RAxML Worker Pthread Number: 2

This is RAxML Worker Pthread Number: 1

This is RAxML Worker Pthread Number: 3

This is RAxML Worker Pthread Number: 5

This is RAxML Worker Pthread Number: 4

This is RAxML Worker Pthread Number: 7

This is RAxML Worker Pthread Number: 6

This is RAxML Worker Pthread Number: 8

This is RAxML Worker Pthread Number: 11

This is RAxML Worker Pthread Number: 10

This is RAxML Worker Pthread Number: 9

This is RAxML Worker Pthread Number: 12

This is RAxML Worker Pthread Number: 13

This is RAxML Worker Pthread Number: 14

This is RAxML Worker Pthread Number: 15

This is RAxML Worker Pthread Number: 16

This is RAxML Worker Pthread Number: 17

This is RAxML Worker Pthread Number: 19

This is RAxML Worker Pthread Number: 18


This is RAxML version 8.2.12 released by Alexandros Stamatakis on May 2018.

With greatly appreciated code contributions by:
Andre Aberer      (HITS)
Simon Berger      (HITS)
Alexey Kozlov     (HITS)
Kassian Kobert    (HITS)
David Dao         (KIT and HITS)
Sarah Lutteropp   (KIT and HITS)
Nick Pattengale   (Sandia)
Wayne Pfeiffer    (SDSC)
Akifumi S. Tanabe (NRIFS)
Charlie Taylor    (UF)


Alignment has 3156 distinct alignment patterns

Proportion of gaps and completely undetermined characters in this alignment: 6.12%

RAxML rapid bootstrapping and subsequent ML search

Using 1 distinct models/data partitions with joint branch length optimization



Executing 100 rapid bootstrap inferences and thereafter a thorough ML search 

All free model parameters will be estimated by RAxML
GAMMA model of rate heterogeneity, ML estimate of alpha-parameter

GAMMA Model parameters will be estimated up to an accuracy of 0.1000000000 Log Likelihood units

Partition: 0
Alignment Patterns: 3156
Name: No Name Provided
DataType: DNA
Substitution Matrix: GTR




RAxML was called as follows:

raxmlHPC-PTHREADS-AVX -T 20 -s scratch/aligned/gag-pol-env/sample.312.fa -p 7388868911 -x 7388868911 -f a -N 100 -m GTRGAMMA -w /gpfs_home/mhowison/code/hiv-profile-sampling/scratch/trees/gag-pol-env -n sample.312 



Time for BS model parameter optimization 0.174223
Bootstrap[0]: Time 1.127034 seconds, bootstrap likelihood -64930.649598, best rearrangement setting 5
Bootstrap[1]: Time 1.176738 seconds, bootstrap likelihood -63929.095527, best rearrangement setting 10
Bootstrap[2]: Time 1.132525 seconds, bootstrap likelihood -64311.693388, best rearrangement setting 11
Bootstrap[3]: Time 1.253017 seconds, bootstrap likelihood -63808.895081, best rearrangement setting 7
Bootstrap[4]: Time 1.062887 seconds, bootstrap likelihood -62764.963205, best rearrangement setting 7
Bootstrap[5]: Time 1.030042 seconds, bootstrap likelihood -62660.567005, best rearrangement setting 7
Bootstrap[6]: Time 1.122783 seconds, bootstrap likelihood -64711.572451, best rearrangement setting 8
Bootstrap[7]: Time 0.836029 seconds, bootstrap likelihood -63442.775670, best rearrangement setting 5
Bootstrap[8]: Time 1.178891 seconds, bootstrap likelihood -63506.176760, best rearrangement setting 14
Bootstrap[9]: Time 1.301033 seconds, bootstrap likelihood -64130.018361, best rearrangement setting 15
Bootstrap[10]: Time 1.100674 seconds, bootstrap likelihood -64466.494895, best rearrangement setting 7
Bootstrap[11]: Time 0.984398 seconds, bootstrap likelihood -63742.458530, best rearrangement setting 15
Bootstrap[12]: Time 1.077908 seconds, bootstrap likelihood -63947.315684, best rearrangement setting 7
Bootstrap[13]: Time 1.202733 seconds, bootstrap likelihood -64819.034195, best rearrangement setting 14
Bootstrap[14]: Time 1.181798 seconds, bootstrap likelihood -62728.677681, best rearrangement setting 7
Bootstrap[15]: Time 0.847445 seconds, bootstrap likelihood -62284.858249, best rearrangement setting 5
Bootstrap[16]: Time 1.249785 seconds, bootstrap likelihood -65264.710236, best rearrangement setting 12
Bootstrap[17]: Time 1.702175 seconds, bootstrap likelihood -61617.712205, best rearrangement setting 10
Bootstrap[18]: Time 0.939991 seconds, bootstrap likelihood -64076.343596, best rearrangement setting 6
Bootstrap[19]: Time 0.901843 seconds, bootstrap likelihood -64251.976203, best rearrangement setting 6
Bootstrap[20]: Time 1.196692 seconds, bootstrap likelihood -63383.358440, best rearrangement setting 9
Bootstrap[21]: Time 1.225698 seconds, bootstrap likelihood -63681.083809, best rearrangement setting 9
Bootstrap[22]: Time 1.225812 seconds, bootstrap likelihood -63586.600052, best rearrangement setting 8
Bootstrap[23]: Time 1.057199 seconds, bootstrap likelihood -62311.524104, best rearrangement setting 7
Bootstrap[24]: Time 0.887882 seconds, bootstrap likelihood -64413.252611, best rearrangement setting 5
Bootstrap[25]: Time 1.051167 seconds, bootstrap likelihood -66205.406588, best rearrangement setting 6
Bootstrap[26]: Time 0.816034 seconds, bootstrap likelihood -64293.882835, best rearrangement setting 5
Bootstrap[27]: Time 1.226548 seconds, bootstrap likelihood -63596.136491, best rearrangement setting 10
Bootstrap[28]: Time 1.039948 seconds, bootstrap likelihood -64796.854640, best rearrangement setting 6
Bootstrap[29]: Time 1.112796 seconds, bootstrap likelihood -62875.514570, best rearrangement setting 11
Bootstrap[30]: Time 1.169624 seconds, bootstrap likelihood -63954.309646, best rearrangement setting 6
Bootstrap[31]: Time 1.133001 seconds, bootstrap likelihood -65554.268460, best rearrangement setting 15
Bootstrap[32]: Time 1.184301 seconds, bootstrap likelihood -64501.908359, best rearrangement setting 14
Bootstrap[33]: Time 1.219560 seconds, bootstrap likelihood -64119.122191, best rearrangement setting 13
Bootstrap[34]: Time 0.913065 seconds, bootstrap likelihood -62307.308037, best rearrangement setting 5
Bootstrap[35]: Time 1.101233 seconds, bootstrap likelihood -64000.459877, best rearrangement setting 6
Bootstrap[36]: Time 1.281947 seconds, bootstrap likelihood -63214.057907, best rearrangement setting 9
Bootstrap[37]: Time 1.225990 seconds, bootstrap likelihood -63207.689744, best rearrangement setting 12
Bootstrap[38]: Time 1.080916 seconds, bootstrap likelihood -65242.647341, best rearrangement setting 14
Bootstrap[39]: Time 1.075294 seconds, bootstrap likelihood -64746.754096, best rearrangement setting 7
Bootstrap[40]: Time 1.216132 seconds, bootstrap likelihood -64014.255230, best rearrangement setting 10
Bootstrap[41]: Time 0.973972 seconds, bootstrap likelihood -63693.000669, best rearrangement setting 7
Bootstrap[42]: Time 1.019925 seconds, bootstrap likelihood -63770.307277, best rearrangement setting 6
Bootstrap[43]: Time 1.171880 seconds, bootstrap likelihood -64007.155379, best rearrangement setting 9
Bootstrap[44]: Time 1.890757 seconds, bootstrap likelihood -65106.437560, best rearrangement setting 10
Bootstrap[45]: Time 1.257126 seconds, bootstrap likelihood -63847.788266, best rearrangement setting 9
Bootstrap[46]: Time 1.057653 seconds, bootstrap likelihood -63629.903209, best rearrangement setting 6
Bootstrap[47]: Time 19.398554 seconds, bootstrap likelihood -64064.897894, best rearrangement setting 10
Bootstrap[48]: Time 0.847289 seconds, bootstrap likelihood -63330.986528, best rearrangement setting 5
Bootstrap[49]: Time 1.283234 seconds, bootstrap likelihood -63683.190758, best rearrangement setting 13
Bootstrap[50]: Time 0.887900 seconds, bootstrap likelihood -65028.430086, best rearrangement setting 5
Bootstrap[51]: Time 1.241522 seconds, bootstrap likelihood -63991.086360, best rearrangement setting 10
Bootstrap[52]: Time 1.062453 seconds, bootstrap likelihood -64631.136991, best rearrangement setting 6
Bootstrap[53]: Time 1.247029 seconds, bootstrap likelihood -64580.720076, best rearrangement setting 10
Bootstrap[54]: Time 1.364038 seconds, bootstrap likelihood -64294.175394, best rearrangement setting 14
Bootstrap[55]: Time 1.164783 seconds, bootstrap likelihood -64851.190370, best rearrangement setting 13
Bootstrap[56]: Time 1.203375 seconds, bootstrap likelihood -64723.431596, best rearrangement setting 15
Bootstrap[57]: Time 1.240247 seconds, bootstrap likelihood -64484.090729, best rearrangement setting 13
Bootstrap[58]: Time 1.028877 seconds, bootstrap likelihood -64564.189099, best rearrangement setting 8
Bootstrap[59]: Time 1.338931 seconds, bootstrap likelihood -64436.309012, best rearrangement setting 12
Bootstrap[60]: Time 1.070530 seconds, bootstrap likelihood -64500.026202, best rearrangement setting 7
Bootstrap[61]: Time 1.204029 seconds, bootstrap likelihood -63036.918094, best rearrangement setting 13
Bootstrap[62]: Time 1.238914 seconds, bootstrap likelihood -64007.839584, best rearrangement setting 15
Bootstrap[63]: Time 1.247872 seconds, bootstrap likelihood -63686.956650, best rearrangement setting 15
Bootstrap[64]: Time 1.090902 seconds, bootstrap likelihood -63820.706112, best rearrangement setting 13
Bootstrap[65]: Time 1.190547 seconds, bootstrap likelihood -63990.075213, best rearrangement setting 7
Bootstrap[66]: Time 1.034231 seconds, bootstrap likelihood -63839.627773, best rearrangement setting 5
Bootstrap[67]: Time 0.952582 seconds, bootstrap likelihood -64384.748593, best rearrangement setting 5
Bootstrap[68]: Time 1.338422 seconds, bootstrap likelihood -64136.687626, best rearrangement setting 15
Bootstrap[69]: Time 1.123696 seconds, bootstrap likelihood -64101.897018, best rearrangement setting 6
Bootstrap[70]: Time 1.166791 seconds, bootstrap likelihood -65117.654162, best rearrangement setting 10
Bootstrap[71]: Time 1.027529 seconds, bootstrap likelihood -64309.711072, best rearrangement setting 10
Bootstrap[72]: Time 1.248063 seconds, bootstrap likelihood -64254.063712, best rearrangement setting 15
Bootstrap[73]: Time 1.322716 seconds, bootstrap likelihood -63557.047785, best rearrangement setting 11
Bootstrap[74]: Time 0.998223 seconds, bootstrap likelihood -65485.067739, best rearrangement setting 5
Bootstrap[75]: Time 1.255646 seconds, bootstrap likelihood -62676.701881, best rearrangement setting 11
Bootstrap[76]: Time 1.221383 seconds, bootstrap likelihood -63305.572450, best rearrangement setting 9
Bootstrap[77]: Time 1.177944 seconds, bootstrap likelihood -64178.678041, best rearrangement setting 15
Bootstrap[78]: Time 0.880689 seconds, bootstrap likelihood -63037.426075, best rearrangement setting 5
Bootstrap[79]: Time 1.474471 seconds, bootstrap likelihood -64752.430735, best rearrangement setting 7
Bootstrap[80]: Time 15.555874 seconds, bootstrap likelihood -63220.833948, best rearrangement setting 11
Bootstrap[81]: Time 1.199445 seconds, bootstrap likelihood -64398.385213, best rearrangement setting 12
Bootstrap[82]: Time 1.061683 seconds, bootstrap likelihood -63941.530815, best rearrangement setting 13
Bootstrap[83]: Time 0.957162 seconds, bootstrap likelihood -64121.121898, best rearrangement setting 11
Bootstrap[84]: Time 1.191027 seconds, bootstrap likelihood -64963.771786, best rearrangement setting 15
Bootstrap[85]: Time 1.147048 seconds, bootstrap likelihood -64813.205741, best rearrangement setting 7
Bootstrap[86]: Time 0.991770 seconds, bootstrap likelihood -64927.865773, best rearrangement setting 5
Bootstrap[87]: Time 1.216192 seconds, bootstrap likelihood -62921.073562, best rearrangement setting 9
Bootstrap[88]: Time 1.063950 seconds, bootstrap likelihood -64338.649610, best rearrangement setting 7
Bootstrap[89]: Time 1.043788 seconds, bootstrap likelihood -63896.995805, best rearrangement setting 6
Bootstrap[90]: Time 0.883599 seconds, bootstrap likelihood -64858.378563, best rearrangement setting 5
Bootstrap[91]: Time 1.399416 seconds, bootstrap likelihood -65895.500518, best rearrangement setting 11
Bootstrap[92]: Time 1.148612 seconds, bootstrap likelihood -64841.864352, best rearrangement setting 7
Bootstrap[93]: Time 1.931840 seconds, bootstrap likelihood -63848.697067, best rearrangement setting 9
Bootstrap[94]: Time 0.977427 seconds, bootstrap likelihood -63510.059206, best rearrangement setting 5
Bootstrap[95]: Time 1.178639 seconds, bootstrap likelihood -65061.316057, best rearrangement setting 10
Bootstrap[96]: Time 1.228380 seconds, bootstrap likelihood -65223.924796, best rearrangement setting 10
Bootstrap[97]: Time 1.192657 seconds, bootstrap likelihood -64197.246796, best rearrangement setting 14
Bootstrap[98]: Time 1.158807 seconds, bootstrap likelihood -63535.552534, best rearrangement setting 10
Bootstrap[99]: Time 1.271539 seconds, bootstrap likelihood -63961.037006, best rearrangement setting 14


Overall Time for 100 Rapid Bootstraps 147.662298 seconds
Average Time per Rapid Bootstrap 1.476623 seconds

Starting ML Search ...

Fast ML optimization finished

Fast ML search Time: 137.606359 seconds

Slow ML Search 0 Likelihood: -64226.702599
Slow ML Search 1 Likelihood: -64228.952037
Slow ML Search 2 Likelihood: -64230.205491
Slow ML Search 3 Likelihood: -64230.129213
Slow ML Search 4 Likelihood: -64231.039701
Slow ML Search 5 Likelihood: -64232.498337
Slow ML Search 6 Likelihood: -64232.647288
Slow ML Search 7 Likelihood: -64233.186615
Slow ML Search 8 Likelihood: -64233.500240
Slow ML Search 9 Likelihood: -64229.730944
Slow ML optimization finished

Slow ML search Time: 24.705682 seconds
Thorough ML search Time: 2.126228 seconds

Final ML Optimization Likelihood: -64226.702597

Model Information:

Model Parameters of Partition 0, Name: No Name Provided, Type of Data: DNA
alpha: 0.325994
Tree-Length: 3.043716
rate A <-> C: 2.270207
rate A <-> G: 5.583033
rate A <-> T: 0.913965
rate C <-> G: 0.983897
rate C <-> T: 6.513657
rate G <-> T: 1.000000

freq pi(A): 0.370004
freq pi(C): 0.173924
freq pi(G): 0.234251
freq pi(T): 0.221821


ML search took 164.448747 secs or 0.045680 hours

Combined Bootstrap and ML search took 312.111187 secs or 0.086698 hours

Drawing Bootstrap Support Values on best-scoring ML tree ...



Found 1 tree in File /gpfs_home/mhowison/code/hiv-profile-sampling/scratch/trees/gag-pol-env/RAxML_bestTree.sample.312



Found 1 tree in File /gpfs_home/mhowison/code/hiv-profile-sampling/scratch/trees/gag-pol-env/RAxML_bestTree.sample.312

Program execution info written to /gpfs_home/mhowison/code/hiv-profile-sampling/scratch/trees/gag-pol-env/RAxML_info.sample.312
All 100 bootstrapped trees written to: /gpfs_home/mhowison/code/hiv-profile-sampling/scratch/trees/gag-pol-env/RAxML_bootstrap.sample.312

Best-scoring ML tree written to: /gpfs_home/mhowison/code/hiv-profile-sampling/scratch/trees/gag-pol-env/RAxML_bestTree.sample.312

Best-scoring ML tree with support values written to: /gpfs_home/mhowison/code/hiv-profile-sampling/scratch/trees/gag-pol-env/RAxML_bipartitions.sample.312

Best-scoring ML tree with support values as branch labels written to: /gpfs_home/mhowison/code/hiv-profile-sampling/scratch/trees/gag-pol-env/RAxML_bipartitionsBranchLabels.sample.312

Overall execution time for full ML analysis: 312.115552 secs or 0.086699 hours or 0.003612 days

