srun: job 264486 queued and waiting for resources
srun: job 264486 has been allocated resources
Warning, you specified a working directory via "-w"
Keep in mind that RAxML only accepts absolute path names, not relative ones!

RAxML can't, parse the alignment file as phylip file 
it will now try to parse it as FASTA file



Using BFGS method to optimize GTR rate parameters, to disable this specify "--no-bfgs" 


This is the RAxML Master Pthread

This is RAxML Worker Pthread Number: 2

This is RAxML Worker Pthread Number: 6

This is RAxML Worker Pthread Number: 3

This is RAxML Worker Pthread Number: 1

This is RAxML Worker Pthread Number: 4

This is RAxML Worker Pthread Number: 5

This is RAxML Worker Pthread Number: 7

This is RAxML Worker Pthread Number: 8

This is RAxML Worker Pthread Number: 10

This is RAxML Worker Pthread Number: 9

This is RAxML Worker Pthread Number: 11

This is RAxML Worker Pthread Number: 13

This is RAxML Worker Pthread Number: 12

This is RAxML Worker Pthread Number: 14

This is RAxML Worker Pthread Number: 15

This is RAxML Worker Pthread Number: 16

This is RAxML Worker Pthread Number: 17

This is RAxML Worker Pthread Number: 18

This is RAxML Worker Pthread Number: 19


This is RAxML version 8.2.12 released by Alexandros Stamatakis on May 2018.

With greatly appreciated code contributions by:
Andre Aberer      (HITS)
Simon Berger      (HITS)
Alexey Kozlov     (HITS)
Kassian Kobert    (HITS)
David Dao         (KIT and HITS)
Sarah Lutteropp   (KIT and HITS)
Nick Pattengale   (Sandia)
Wayne Pfeiffer    (SDSC)
Akifumi S. Tanabe (NRIFS)
Charlie Taylor    (UF)


Alignment has 3164 distinct alignment patterns

Proportion of gaps and completely undetermined characters in this alignment: 6.11%

RAxML rapid bootstrapping and subsequent ML search

Using 1 distinct models/data partitions with joint branch length optimization



Executing 100 rapid bootstrap inferences and thereafter a thorough ML search 

All free model parameters will be estimated by RAxML
GAMMA model of rate heterogeneity, ML estimate of alpha-parameter

GAMMA Model parameters will be estimated up to an accuracy of 0.1000000000 Log Likelihood units

Partition: 0
Alignment Patterns: 3164
Name: No Name Provided
DataType: DNA
Substitution Matrix: GTR




RAxML was called as follows:

raxmlHPC-PTHREADS-AVX -T 20 -s scratch/aligned/gag-pol-env/sample.396.fa -p 9733981844 -x 9733981844 -f a -N 100 -m GTRGAMMA -w /gpfs_home/mhowison/code/hiv-profile-sampling/scratch/trees/gag-pol-env -n sample.396 



Time for BS model parameter optimization 0.165854
Bootstrap[0]: Time 4.187332 seconds, bootstrap likelihood -64135.359823, best rearrangement setting 8
Bootstrap[1]: Time 1.148755 seconds, bootstrap likelihood -64592.230465, best rearrangement setting 8
Bootstrap[2]: Time 1.229368 seconds, bootstrap likelihood -64117.062056, best rearrangement setting 9
Bootstrap[3]: Time 1.160187 seconds, bootstrap likelihood -64520.966546, best rearrangement setting 12
Bootstrap[4]: Time 1.807488 seconds, bootstrap likelihood -63513.909354, best rearrangement setting 13
Bootstrap[5]: Time 2.383259 seconds, bootstrap likelihood -64204.545223, best rearrangement setting 13
Bootstrap[6]: Time 1.734714 seconds, bootstrap likelihood -64164.021368, best rearrangement setting 8
Bootstrap[7]: Time 0.993858 seconds, bootstrap likelihood -64241.434161, best rearrangement setting 8
Bootstrap[8]: Time 1.122213 seconds, bootstrap likelihood -64101.208519, best rearrangement setting 9
Bootstrap[9]: Time 1.209938 seconds, bootstrap likelihood -64346.716657, best rearrangement setting 6
Bootstrap[10]: Time 1.029350 seconds, bootstrap likelihood -64487.245831, best rearrangement setting 6
Bootstrap[11]: Time 1.070780 seconds, bootstrap likelihood -65482.435538, best rearrangement setting 15
Bootstrap[12]: Time 1.112683 seconds, bootstrap likelihood -64741.553533, best rearrangement setting 12
Bootstrap[13]: Time 3.636131 seconds, bootstrap likelihood -63735.684816, best rearrangement setting 11
Bootstrap[14]: Time 4.481835 seconds, bootstrap likelihood -63867.225110, best rearrangement setting 6
Bootstrap[15]: Time 5.542449 seconds, bootstrap likelihood -65600.964606, best rearrangement setting 10
Bootstrap[16]: Time 1.041055 seconds, bootstrap likelihood -64534.969970, best rearrangement setting 12
Bootstrap[17]: Time 1.164394 seconds, bootstrap likelihood -65579.598897, best rearrangement setting 12
Bootstrap[18]: Time 2.411116 seconds, bootstrap likelihood -63788.672923, best rearrangement setting 6
Bootstrap[19]: Time 1.211261 seconds, bootstrap likelihood -63639.330549, best rearrangement setting 14
Bootstrap[20]: Time 1.329666 seconds, bootstrap likelihood -64588.134728, best rearrangement setting 10
Bootstrap[21]: Time 1.384098 seconds, bootstrap likelihood -63799.508005, best rearrangement setting 10
Bootstrap[22]: Time 1.293419 seconds, bootstrap likelihood -63887.489185, best rearrangement setting 10
Bootstrap[23]: Time 1.151516 seconds, bootstrap likelihood -64629.721005, best rearrangement setting 10
Bootstrap[24]: Time 1.141696 seconds, bootstrap likelihood -63431.194735, best rearrangement setting 8
Bootstrap[25]: Time 0.881525 seconds, bootstrap likelihood -64791.846163, best rearrangement setting 13
Bootstrap[26]: Time 0.958316 seconds, bootstrap likelihood -63682.991242, best rearrangement setting 6
Bootstrap[27]: Time 1.272336 seconds, bootstrap likelihood -65165.800944, best rearrangement setting 15
Bootstrap[28]: Time 0.992756 seconds, bootstrap likelihood -66360.679510, best rearrangement setting 7
Bootstrap[29]: Time 2.174370 seconds, bootstrap likelihood -64682.610570, best rearrangement setting 11
Bootstrap[30]: Time 1.205713 seconds, bootstrap likelihood -63641.973660, best rearrangement setting 9
Bootstrap[31]: Time 1.086386 seconds, bootstrap likelihood -65536.450660, best rearrangement setting 12
Bootstrap[32]: Time 1.040303 seconds, bootstrap likelihood -64298.969704, best rearrangement setting 7
Bootstrap[33]: Time 1.025898 seconds, bootstrap likelihood -64245.477193, best rearrangement setting 6
Bootstrap[34]: Time 1.196219 seconds, bootstrap likelihood -64457.221407, best rearrangement setting 15
Bootstrap[35]: Time 1.072407 seconds, bootstrap likelihood -64579.452297, best rearrangement setting 14
Bootstrap[36]: Time 1.014040 seconds, bootstrap likelihood -64638.833980, best rearrangement setting 8
Bootstrap[37]: Time 0.958393 seconds, bootstrap likelihood -64542.093246, best rearrangement setting 7
Bootstrap[38]: Time 1.272674 seconds, bootstrap likelihood -65410.432518, best rearrangement setting 10
Bootstrap[39]: Time 1.185237 seconds, bootstrap likelihood -64773.181842, best rearrangement setting 13
Bootstrap[40]: Time 1.128832 seconds, bootstrap likelihood -64926.844868, best rearrangement setting 11
Bootstrap[41]: Time 1.067052 seconds, bootstrap likelihood -65776.284520, best rearrangement setting 7
Bootstrap[42]: Time 3.188798 seconds, bootstrap likelihood -65820.090264, best rearrangement setting 5
Bootstrap[43]: Time 1.173161 seconds, bootstrap likelihood -63068.428741, best rearrangement setting 12
Bootstrap[44]: Time 1.498000 seconds, bootstrap likelihood -64838.147915, best rearrangement setting 12
Bootstrap[45]: Time 1.415521 seconds, bootstrap likelihood -65526.033730, best rearrangement setting 10
Bootstrap[46]: Time 1.084046 seconds, bootstrap likelihood -65124.128749, best rearrangement setting 8
Bootstrap[47]: Time 1.110960 seconds, bootstrap likelihood -63827.188505, best rearrangement setting 8
Bootstrap[48]: Time 1.539413 seconds, bootstrap likelihood -64766.900658, best rearrangement setting 5
Bootstrap[49]: Time 3.631903 seconds, bootstrap likelihood -64435.994433, best rearrangement setting 12
Bootstrap[50]: Time 1.125404 seconds, bootstrap likelihood -64915.581462, best rearrangement setting 11
Bootstrap[51]: Time 1.293868 seconds, bootstrap likelihood -64500.819576, best rearrangement setting 12
Bootstrap[52]: Time 1.154320 seconds, bootstrap likelihood -65492.837062, best rearrangement setting 13
Bootstrap[53]: Time 1.131303 seconds, bootstrap likelihood -64131.688084, best rearrangement setting 13
Bootstrap[54]: Time 1.129577 seconds, bootstrap likelihood -65166.618789, best rearrangement setting 9
Bootstrap[55]: Time 1.186545 seconds, bootstrap likelihood -64227.695614, best rearrangement setting 12
Bootstrap[56]: Time 1.020236 seconds, bootstrap likelihood -63806.254815, best rearrangement setting 9
Bootstrap[57]: Time 1.667287 seconds, bootstrap likelihood -64195.782708, best rearrangement setting 15
Bootstrap[58]: Time 1.139118 seconds, bootstrap likelihood -63064.159908, best rearrangement setting 15
Bootstrap[59]: Time 1.234167 seconds, bootstrap likelihood -63314.771933, best rearrangement setting 14
Bootstrap[60]: Time 1.177426 seconds, bootstrap likelihood -64099.990152, best rearrangement setting 13
Bootstrap[61]: Time 1.184264 seconds, bootstrap likelihood -64012.764291, best rearrangement setting 10
Bootstrap[62]: Time 1.238668 seconds, bootstrap likelihood -63455.889354, best rearrangement setting 12
Bootstrap[63]: Time 3.363932 seconds, bootstrap likelihood -64052.279973, best rearrangement setting 9
Bootstrap[64]: Time 1.127923 seconds, bootstrap likelihood -62760.181556, best rearrangement setting 10
Bootstrap[65]: Time 1.184847 seconds, bootstrap likelihood -64360.879192, best rearrangement setting 12
Bootstrap[66]: Time 6.581440 seconds, bootstrap likelihood -64354.635868, best rearrangement setting 14
Bootstrap[67]: Time 1.111808 seconds, bootstrap likelihood -62946.346859, best rearrangement setting 15
Bootstrap[68]: Time 4.977150 seconds, bootstrap likelihood -65260.034013, best rearrangement setting 6
Bootstrap[69]: Time 1.154026 seconds, bootstrap likelihood -64340.542852, best rearrangement setting 12
Bootstrap[70]: Time 1.281947 seconds, bootstrap likelihood -64237.509174, best rearrangement setting 13
Bootstrap[71]: Time 0.922078 seconds, bootstrap likelihood -62746.940262, best rearrangement setting 5
Bootstrap[72]: Time 0.858767 seconds, bootstrap likelihood -64017.177330, best rearrangement setting 5
Bootstrap[73]: Time 1.084144 seconds, bootstrap likelihood -65308.263146, best rearrangement setting 14
Bootstrap[74]: Time 1.259120 seconds, bootstrap likelihood -63830.364255, best rearrangement setting 13
Bootstrap[75]: Time 1.012304 seconds, bootstrap likelihood -64141.805219, best rearrangement setting 10
Bootstrap[76]: Time 1.026128 seconds, bootstrap likelihood -64824.338370, best rearrangement setting 11
Bootstrap[77]: Time 0.926843 seconds, bootstrap likelihood -64360.761796, best rearrangement setting 6
Bootstrap[78]: Time 0.818511 seconds, bootstrap likelihood -64641.189286, best rearrangement setting 6
Bootstrap[79]: Time 1.793254 seconds, bootstrap likelihood -63694.341268, best rearrangement setting 11
Bootstrap[80]: Time 1.193077 seconds, bootstrap likelihood -64906.694293, best rearrangement setting 13
Bootstrap[81]: Time 3.729447 seconds, bootstrap likelihood -65417.475214, best rearrangement setting 9
Bootstrap[82]: Time 1.892710 seconds, bootstrap likelihood -64300.158208, best rearrangement setting 14
Bootstrap[83]: Time 0.984512 seconds, bootstrap likelihood -63783.717934, best rearrangement setting 8
Bootstrap[84]: Time 1.144276 seconds, bootstrap likelihood -64084.244367, best rearrangement setting 12
Bootstrap[85]: Time 1.188827 seconds, bootstrap likelihood -63961.925575, best rearrangement setting 14
Bootstrap[86]: Time 1.065668 seconds, bootstrap likelihood -64709.460529, best rearrangement setting 11
Bootstrap[87]: Time 1.114528 seconds, bootstrap likelihood -62428.266822, best rearrangement setting 11
Bootstrap[88]: Time 1.018182 seconds, bootstrap likelihood -64928.718049, best rearrangement setting 12
Bootstrap[89]: Time 1.130475 seconds, bootstrap likelihood -64325.523333, best rearrangement setting 13
Bootstrap[90]: Time 1.693587 seconds, bootstrap likelihood -66288.095106, best rearrangement setting 15
Bootstrap[91]: Time 0.896449 seconds, bootstrap likelihood -64658.694138, best rearrangement setting 5
Bootstrap[92]: Time 1.126009 seconds, bootstrap likelihood -64012.802961, best rearrangement setting 10
Bootstrap[93]: Time 1.139476 seconds, bootstrap likelihood -63259.401565, best rearrangement setting 11
Bootstrap[94]: Time 2.472674 seconds, bootstrap likelihood -65298.539360, best rearrangement setting 7
Bootstrap[95]: Time 3.032600 seconds, bootstrap likelihood -64770.582897, best rearrangement setting 6
Bootstrap[96]: Time 1.270993 seconds, bootstrap likelihood -64876.491050, best rearrangement setting 10
Bootstrap[97]: Time 1.253350 seconds, bootstrap likelihood -63935.540668, best rearrangement setting 14
Bootstrap[98]: Time 1.192681 seconds, bootstrap likelihood -63337.999712, best rearrangement setting 13
Bootstrap[99]: Time 3.187614 seconds, bootstrap likelihood -63586.600525, best rearrangement setting 5


Overall Time for 100 Rapid Bootstraps 158.164044 seconds
Average Time per Rapid Bootstrap 1.581640 seconds

Starting ML Search ...

Fast ML optimization finished

Fast ML search Time: 219.696667 seconds

Slow ML Search 0 Likelihood: -64442.918847
Slow ML Search 1 Likelihood: -64442.918848
Slow ML Search 2 Likelihood: -64445.250811
Slow ML Search 3 Likelihood: -64447.834405
Slow ML Search 4 Likelihood: -64448.378445
Slow ML Search 5 Likelihood: -64448.378446
Slow ML Search 6 Likelihood: -64449.527748
Slow ML Search 7 Likelihood: -64449.527750
Slow ML Search 8 Likelihood: -64449.898893
Slow ML Search 9 Likelihood: -64451.460986
Slow ML optimization finished

Slow ML search Time: 37.417674 seconds
Thorough ML search Time: 27.016236 seconds

Final ML Optimization Likelihood: -64442.918847

Model Information:

Model Parameters of Partition 0, Name: No Name Provided, Type of Data: DNA
alpha: 0.326899
Tree-Length: 3.038212
rate A <-> C: 2.204269
rate A <-> G: 5.456884
rate A <-> T: 0.890274
rate C <-> G: 0.919743
rate C <-> T: 6.236087
rate G <-> T: 1.000000

freq pi(A): 0.370083
freq pi(C): 0.174198
freq pi(G): 0.234233
freq pi(T): 0.221485


ML search took 284.180638 secs or 0.078939 hours

Combined Bootstrap and ML search took 442.344790 secs or 0.122874 hours

Drawing Bootstrap Support Values on best-scoring ML tree ...



Found 1 tree in File /gpfs_home/mhowison/code/hiv-profile-sampling/scratch/trees/gag-pol-env/RAxML_bestTree.sample.396



Found 1 tree in File /gpfs_home/mhowison/code/hiv-profile-sampling/scratch/trees/gag-pol-env/RAxML_bestTree.sample.396

Program execution info written to /gpfs_home/mhowison/code/hiv-profile-sampling/scratch/trees/gag-pol-env/RAxML_info.sample.396
All 100 bootstrapped trees written to: /gpfs_home/mhowison/code/hiv-profile-sampling/scratch/trees/gag-pol-env/RAxML_bootstrap.sample.396

Best-scoring ML tree written to: /gpfs_home/mhowison/code/hiv-profile-sampling/scratch/trees/gag-pol-env/RAxML_bestTree.sample.396

Best-scoring ML tree with support values written to: /gpfs_home/mhowison/code/hiv-profile-sampling/scratch/trees/gag-pol-env/RAxML_bipartitions.sample.396

Best-scoring ML tree with support values as branch labels written to: /gpfs_home/mhowison/code/hiv-profile-sampling/scratch/trees/gag-pol-env/RAxML_bipartitionsBranchLabels.sample.396

Overall execution time for full ML analysis: 442.401792 secs or 0.122889 hours or 0.005120 days

