srun: job 264020 queued and waiting for resources
srun: job 264020 has been allocated resources
Warning, you specified a working directory via "-w"
Keep in mind that RAxML only accepts absolute path names, not relative ones!

RAxML can't, parse the alignment file as phylip file 
it will now try to parse it as FASTA file



Using BFGS method to optimize GTR rate parameters, to disable this specify "--no-bfgs" 


This is the RAxML Master Pthread

This is RAxML Worker Pthread Number: 3

This is RAxML Worker Pthread Number: 1

This is RAxML Worker Pthread Number: 4

This is RAxML Worker Pthread Number: 2

This is RAxML Worker Pthread Number: 8

This is RAxML Worker Pthread Number: 5

This is RAxML Worker Pthread Number: 6

This is RAxML Worker Pthread Number: 7

This is RAxML Worker Pthread Number: 9

This is RAxML Worker Pthread Number: 10

This is RAxML Worker Pthread Number: 12

This is RAxML Worker Pthread Number: 13

This is RAxML Worker Pthread Number: 11

This is RAxML Worker Pthread Number: 14

This is RAxML Worker Pthread Number: 15

This is RAxML Worker Pthread Number: 16

This is RAxML Worker Pthread Number: 17

This is RAxML Worker Pthread Number: 19

This is RAxML Worker Pthread Number: 18


This is RAxML version 8.2.12 released by Alexandros Stamatakis on May 2018.

With greatly appreciated code contributions by:
Andre Aberer      (HITS)
Simon Berger      (HITS)
Alexey Kozlov     (HITS)
Kassian Kobert    (HITS)
David Dao         (KIT and HITS)
Sarah Lutteropp   (KIT and HITS)
Nick Pattengale   (Sandia)
Wayne Pfeiffer    (SDSC)
Akifumi S. Tanabe (NRIFS)
Charlie Taylor    (UF)


Alignment has 3182 distinct alignment patterns

Proportion of gaps and completely undetermined characters in this alignment: 6.10%

RAxML rapid bootstrapping and subsequent ML search

Using 1 distinct models/data partitions with joint branch length optimization



Executing 100 rapid bootstrap inferences and thereafter a thorough ML search 

All free model parameters will be estimated by RAxML
GAMMA model of rate heterogeneity, ML estimate of alpha-parameter

GAMMA Model parameters will be estimated up to an accuracy of 0.1000000000 Log Likelihood units

Partition: 0
Alignment Patterns: 3182
Name: No Name Provided
DataType: DNA
Substitution Matrix: GTR




RAxML was called as follows:

raxmlHPC-PTHREADS-AVX -T 20 -s scratch/aligned/gag-pol-env/sample.155.fa -p 7710055321 -x 7710055321 -f a -N 100 -m GTRGAMMA -w /gpfs_home/mhowison/code/hiv-profile-sampling/scratch/trees/gag-pol-env -n sample.155 



Time for BS model parameter optimization 0.205300
Bootstrap[0]: Time 3.859240 seconds, bootstrap likelihood -64876.080933, best rearrangement setting 12
Bootstrap[1]: Time 1.322495 seconds, bootstrap likelihood -63806.438900, best rearrangement setting 7
Bootstrap[2]: Time 1.928678 seconds, bootstrap likelihood -64425.658525, best rearrangement setting 10
Bootstrap[3]: Time 1.537483 seconds, bootstrap likelihood -65084.212651, best rearrangement setting 15
Bootstrap[4]: Time 1.368415 seconds, bootstrap likelihood -63773.525141, best rearrangement setting 15
Bootstrap[5]: Time 1.474917 seconds, bootstrap likelihood -62834.351258, best rearrangement setting 8
Bootstrap[6]: Time 1.208807 seconds, bootstrap likelihood -65907.330961, best rearrangement setting 7
Bootstrap[7]: Time 1.495898 seconds, bootstrap likelihood -65079.834990, best rearrangement setting 14
Bootstrap[8]: Time 1.637392 seconds, bootstrap likelihood -64007.630461, best rearrangement setting 7
Bootstrap[9]: Time 1.305322 seconds, bootstrap likelihood -64056.920326, best rearrangement setting 9
Bootstrap[10]: Time 1.330285 seconds, bootstrap likelihood -64642.215647, best rearrangement setting 8
Bootstrap[11]: Time 1.289482 seconds, bootstrap likelihood -65979.802553, best rearrangement setting 8
Bootstrap[12]: Time 1.185609 seconds, bootstrap likelihood -64477.455176, best rearrangement setting 7
Bootstrap[13]: Time 1.085622 seconds, bootstrap likelihood -64698.577425, best rearrangement setting 5
Bootstrap[14]: Time 1.703465 seconds, bootstrap likelihood -65153.788764, best rearrangement setting 13
Bootstrap[15]: Time 9.971750 seconds, bootstrap likelihood -65679.000325, best rearrangement setting 14
Bootstrap[16]: Time 1.457902 seconds, bootstrap likelihood -64944.189774, best rearrangement setting 8
Bootstrap[17]: Time 1.690462 seconds, bootstrap likelihood -65251.209056, best rearrangement setting 15
Bootstrap[18]: Time 1.313144 seconds, bootstrap likelihood -64090.558977, best rearrangement setting 10
Bootstrap[19]: Time 1.377498 seconds, bootstrap likelihood -64959.813513, best rearrangement setting 11
Bootstrap[20]: Time 1.545336 seconds, bootstrap likelihood -64118.011302, best rearrangement setting 14
Bootstrap[21]: Time 1.150759 seconds, bootstrap likelihood -65223.855987, best rearrangement setting 5
Bootstrap[22]: Time 1.510264 seconds, bootstrap likelihood -64501.501796, best rearrangement setting 10
Bootstrap[23]: Time 19.177961 seconds, bootstrap likelihood -65740.318938, best rearrangement setting 9
Bootstrap[24]: Time 1.344170 seconds, bootstrap likelihood -64076.636804, best rearrangement setting 12
Bootstrap[25]: Time 73.101277 seconds, bootstrap likelihood -63727.242330, best rearrangement setting 15
Bootstrap[26]: Time 1.237388 seconds, bootstrap likelihood -65168.401684, best rearrangement setting 6
Bootstrap[27]: Time 1.088307 seconds, bootstrap likelihood -64281.426505, best rearrangement setting 5
Bootstrap[28]: Time 1.202813 seconds, bootstrap likelihood -64025.960571, best rearrangement setting 15
Bootstrap[29]: Time 1.441148 seconds, bootstrap likelihood -64296.221988, best rearrangement setting 11
Bootstrap[30]: Time 1.641099 seconds, bootstrap likelihood -63524.713385, best rearrangement setting 11
Bootstrap[31]: Time 1.484873 seconds, bootstrap likelihood -64390.604762, best rearrangement setting 14
Bootstrap[32]: Time 1.549932 seconds, bootstrap likelihood -64446.346447, best rearrangement setting 14
Bootstrap[33]: Time 10.887934 seconds, bootstrap likelihood -64632.793117, best rearrangement setting 13
Bootstrap[34]: Time 1.491983 seconds, bootstrap likelihood -64709.550192, best rearrangement setting 14
Bootstrap[35]: Time 7.813809 seconds, bootstrap likelihood -64039.533405, best rearrangement setting 12
Bootstrap[36]: Time 11.237222 seconds, bootstrap likelihood -64354.218999, best rearrangement setting 9
Bootstrap[37]: Time 1.851988 seconds, bootstrap likelihood -65252.567735, best rearrangement setting 14
Bootstrap[38]: Time 1.393072 seconds, bootstrap likelihood -64596.466537, best rearrangement setting 11
Bootstrap[39]: Time 1.517889 seconds, bootstrap likelihood -65933.972622, best rearrangement setting 8
Bootstrap[40]: Time 1.340154 seconds, bootstrap likelihood -65485.799798, best rearrangement setting 14
Bootstrap[41]: Time 1.564490 seconds, bootstrap likelihood -64230.405043, best rearrangement setting 13
Bootstrap[42]: Time 4.000081 seconds, bootstrap likelihood -65121.196364, best rearrangement setting 15
Bootstrap[43]: Time 1.263664 seconds, bootstrap likelihood -63337.455606, best rearrangement setting 6
Bootstrap[44]: Time 1.287614 seconds, bootstrap likelihood -64668.881531, best rearrangement setting 7
Bootstrap[45]: Time 1.364557 seconds, bootstrap likelihood -65602.574077, best rearrangement setting 12
Bootstrap[46]: Time 1.803646 seconds, bootstrap likelihood -63525.089451, best rearrangement setting 13
Bootstrap[47]: Time 4.981666 seconds, bootstrap likelihood -63483.645410, best rearrangement setting 11
Bootstrap[48]: Time 1.667675 seconds, bootstrap likelihood -64728.285434, best rearrangement setting 12
Bootstrap[49]: Time 1.364414 seconds, bootstrap likelihood -65713.774174, best rearrangement setting 6
Bootstrap[50]: Time 1.476065 seconds, bootstrap likelihood -63994.502891, best rearrangement setting 14
Bootstrap[51]: Time 5.055436 seconds, bootstrap likelihood -65941.502750, best rearrangement setting 15
Bootstrap[52]: Time 1.565784 seconds, bootstrap likelihood -64046.079089, best rearrangement setting 14
Bootstrap[53]: Time 1.529319 seconds, bootstrap likelihood -65648.006378, best rearrangement setting 8
Bootstrap[54]: Time 1.613332 seconds, bootstrap likelihood -65936.671953, best rearrangement setting 14
Bootstrap[55]: Time 9.866318 seconds, bootstrap likelihood -64111.917163, best rearrangement setting 7
Bootstrap[56]: Time 1.576738 seconds, bootstrap likelihood -64409.091104, best rearrangement setting 10
Bootstrap[57]: Time 1.463253 seconds, bootstrap likelihood -63722.703738, best rearrangement setting 14
Bootstrap[58]: Time 1.422838 seconds, bootstrap likelihood -63682.368310, best rearrangement setting 14
Bootstrap[59]: Time 1.456366 seconds, bootstrap likelihood -65528.704092, best rearrangement setting 7
Bootstrap[60]: Time 1.461145 seconds, bootstrap likelihood -64468.022133, best rearrangement setting 15
Bootstrap[61]: Time 3.346065 seconds, bootstrap likelihood -65249.521925, best rearrangement setting 12
Bootstrap[62]: Time 1.198527 seconds, bootstrap likelihood -64500.285447, best rearrangement setting 7
Bootstrap[63]: Time 1.482460 seconds, bootstrap likelihood -64647.123213, best rearrangement setting 15
Bootstrap[64]: Time 2.256005 seconds, bootstrap likelihood -63325.656154, best rearrangement setting 5
Bootstrap[65]: Time 1.463468 seconds, bootstrap likelihood -63798.572298, best rearrangement setting 13
Bootstrap[66]: Time 1.371732 seconds, bootstrap likelihood -64860.251200, best rearrangement setting 9
Bootstrap[67]: Time 1.127020 seconds, bootstrap likelihood -64176.392651, best rearrangement setting 6
Bootstrap[68]: Time 31.913850 seconds, bootstrap likelihood -64628.976120, best rearrangement setting 7
Bootstrap[69]: Time 1.497103 seconds, bootstrap likelihood -62580.868674, best rearrangement setting 12
Bootstrap[70]: Time 1.593947 seconds, bootstrap likelihood -63309.774846, best rearrangement setting 10
Bootstrap[71]: Time 1.372797 seconds, bootstrap likelihood -64657.768196, best rearrangement setting 11
Bootstrap[72]: Time 1.175154 seconds, bootstrap likelihood -63581.568301, best rearrangement setting 5
Bootstrap[73]: Time 1.440028 seconds, bootstrap likelihood -64859.053105, best rearrangement setting 11
Bootstrap[74]: Time 1.593689 seconds, bootstrap likelihood -64556.204918, best rearrangement setting 15
Bootstrap[75]: Time 1.483337 seconds, bootstrap likelihood -64021.388044, best rearrangement setting 13
Bootstrap[76]: Time 1.475545 seconds, bootstrap likelihood -65123.358677, best rearrangement setting 11
Bootstrap[77]: Time 1.060986 seconds, bootstrap likelihood -64625.041768, best rearrangement setting 5
Bootstrap[78]: Time 1.073781 seconds, bootstrap likelihood -63649.136801, best rearrangement setting 5
Bootstrap[79]: Time 1.242281 seconds, bootstrap likelihood -64224.723741, best rearrangement setting 13
Bootstrap[80]: Time 1.567142 seconds, bootstrap likelihood -64255.161309, best rearrangement setting 13
Bootstrap[81]: Time 1.146711 seconds, bootstrap likelihood -66409.551835, best rearrangement setting 5
Bootstrap[82]: Time 1.558115 seconds, bootstrap likelihood -64125.045534, best rearrangement setting 12
Bootstrap[83]: Time 1.219690 seconds, bootstrap likelihood -65915.870577, best rearrangement setting 6
Bootstrap[84]: Time 1.244084 seconds, bootstrap likelihood -63573.788169, best rearrangement setting 13
Bootstrap[85]: Time 27.397327 seconds, bootstrap likelihood -64406.190074, best rearrangement setting 11
Bootstrap[86]: Time 24.406274 seconds, bootstrap likelihood -64863.640363, best rearrangement setting 8
Bootstrap[87]: Time 1.351170 seconds, bootstrap likelihood -63534.735621, best rearrangement setting 8
Bootstrap[88]: Time 1.498336 seconds, bootstrap likelihood -66128.410977, best rearrangement setting 12
Bootstrap[89]: Time 5.304288 seconds, bootstrap likelihood -63860.521437, best rearrangement setting 7
Bootstrap[90]: Time 4.109469 seconds, bootstrap likelihood -64459.523553, best rearrangement setting 10
Bootstrap[91]: Time 1.410455 seconds, bootstrap likelihood -63633.339563, best rearrangement setting 11
Bootstrap[92]: Time 4.042288 seconds, bootstrap likelihood -64530.499718, best rearrangement setting 10
Bootstrap[93]: Time 1.301687 seconds, bootstrap likelihood -65190.198118, best rearrangement setting 7
Bootstrap[94]: Time 7.169163 seconds, bootstrap likelihood -64539.191089, best rearrangement setting 13
Bootstrap[95]: Time 69.783486 seconds, bootstrap likelihood -64699.082101, best rearrangement setting 8
Bootstrap[96]: Time 1.172954 seconds, bootstrap likelihood -65362.519492, best rearrangement setting 5
Bootstrap[97]: Time 1.432678 seconds, bootstrap likelihood -64495.571855, best rearrangement setting 13
Bootstrap[98]: Time 6.664997 seconds, bootstrap likelihood -64404.081944, best rearrangement setting 12
Bootstrap[99]: Time 69.942703 seconds, bootstrap likelihood -64711.501999, best rearrangement setting 7


Overall Time for 100 Rapid Bootstraps 525.429009 seconds
Average Time per Rapid Bootstrap 5.254290 seconds

Starting ML Search ...

Fast ML optimization finished

Fast ML search Time: 653.715915 seconds

Slow ML Search 0 Likelihood: -64644.247768
Slow ML Search 1 Likelihood: -64646.432992
Slow ML Search 2 Likelihood: -64647.668081
Slow ML Search 3 Likelihood: -64647.818778
Slow ML Search 4 Likelihood: -64648.029095
Slow ML Search 5 Likelihood: -64646.432992
Slow ML Search 6 Likelihood: -64648.702445
Slow ML Search 7 Likelihood: -64649.843741
Slow ML Search 8 Likelihood: -64644.456132
Slow ML Search 9 Likelihood: -64650.509892
Slow ML optimization finished

Slow ML search Time: 39.416298 seconds
Thorough ML search Time: 2.399969 seconds

Final ML Optimization Likelihood: -64644.247768

Model Information:

Model Parameters of Partition 0, Name: No Name Provided, Type of Data: DNA
alpha: 0.327594
Tree-Length: 3.083275
rate A <-> C: 2.170696
rate A <-> G: 5.375336
rate A <-> T: 0.910426
rate C <-> G: 0.923540
rate C <-> T: 6.229425
rate G <-> T: 1.000000

freq pi(A): 0.369837
freq pi(C): 0.174357
freq pi(G): 0.234393
freq pi(T): 0.221413


ML search took 695.537294 secs or 0.193205 hours

Combined Bootstrap and ML search took 1220.966441 secs or 0.339157 hours

Drawing Bootstrap Support Values on best-scoring ML tree ...



Found 1 tree in File /gpfs_home/mhowison/code/hiv-profile-sampling/scratch/trees/gag-pol-env/RAxML_bestTree.sample.155



Found 1 tree in File /gpfs_home/mhowison/code/hiv-profile-sampling/scratch/trees/gag-pol-env/RAxML_bestTree.sample.155

Program execution info written to /gpfs_home/mhowison/code/hiv-profile-sampling/scratch/trees/gag-pol-env/RAxML_info.sample.155
All 100 bootstrapped trees written to: /gpfs_home/mhowison/code/hiv-profile-sampling/scratch/trees/gag-pol-env/RAxML_bootstrap.sample.155

Best-scoring ML tree written to: /gpfs_home/mhowison/code/hiv-profile-sampling/scratch/trees/gag-pol-env/RAxML_bestTree.sample.155

Best-scoring ML tree with support values written to: /gpfs_home/mhowison/code/hiv-profile-sampling/scratch/trees/gag-pol-env/RAxML_bipartitions.sample.155

Best-scoring ML tree with support values as branch labels written to: /gpfs_home/mhowison/code/hiv-profile-sampling/scratch/trees/gag-pol-env/RAxML_bipartitionsBranchLabels.sample.155

Overall execution time for full ML analysis: 1220.970603 secs or 0.339159 hours or 0.014132 days

