srun: job 264290 queued and waiting for resources
srun: job 264290 has been allocated resources
Warning, you specified a working directory via "-w"
Keep in mind that RAxML only accepts absolute path names, not relative ones!

RAxML can't, parse the alignment file as phylip file 
it will now try to parse it as FASTA file



Using BFGS method to optimize GTR rate parameters, to disable this specify "--no-bfgs" 


This is the RAxML Master Pthread

This is RAxML Worker Pthread Number: 1

This is RAxML Worker Pthread Number: 3

This is RAxML Worker Pthread Number: 2

This is RAxML Worker Pthread Number: 4

This is RAxML Worker Pthread Number: 5

This is RAxML Worker Pthread Number: 7

This is RAxML Worker Pthread Number: 8

This is RAxML Worker Pthread Number: 6

This is RAxML Worker Pthread Number: 10

This is RAxML Worker Pthread Number: 11

This is RAxML Worker Pthread Number: 9

This is RAxML Worker Pthread Number: 12

This is RAxML Worker Pthread Number: 14

This is RAxML Worker Pthread Number: 13

This is RAxML Worker Pthread Number: 15

This is RAxML Worker Pthread Number: 16

This is RAxML Worker Pthread Number: 17

This is RAxML Worker Pthread Number: 18

This is RAxML Worker Pthread Number: 19


This is RAxML version 8.2.12 released by Alexandros Stamatakis on May 2018.

With greatly appreciated code contributions by:
Andre Aberer      (HITS)
Simon Berger      (HITS)
Alexey Kozlov     (HITS)
Kassian Kobert    (HITS)
David Dao         (KIT and HITS)
Sarah Lutteropp   (KIT and HITS)
Nick Pattengale   (Sandia)
Wayne Pfeiffer    (SDSC)
Akifumi S. Tanabe (NRIFS)
Charlie Taylor    (UF)


Alignment has 3185 distinct alignment patterns

Proportion of gaps and completely undetermined characters in this alignment: 6.11%

RAxML rapid bootstrapping and subsequent ML search

Using 1 distinct models/data partitions with joint branch length optimization



Executing 100 rapid bootstrap inferences and thereafter a thorough ML search 

All free model parameters will be estimated by RAxML
GAMMA model of rate heterogeneity, ML estimate of alpha-parameter

GAMMA Model parameters will be estimated up to an accuracy of 0.1000000000 Log Likelihood units

Partition: 0
Alignment Patterns: 3185
Name: No Name Provided
DataType: DNA
Substitution Matrix: GTR




RAxML was called as follows:

raxmlHPC-PTHREADS-AVX -T 20 -s scratch/aligned/gag-pol-env/sample.253.fa -p 9884256954 -x 9884256954 -f a -N 100 -m GTRGAMMA -w /gpfs_home/mhowison/code/hiv-profile-sampling/scratch/trees/gag-pol-env -n sample.253 



Time for BS model parameter optimization 0.183779
Bootstrap[0]: Time 1.374356 seconds, bootstrap likelihood -64640.552494, best rearrangement setting 13
Bootstrap[1]: Time 1.087254 seconds, bootstrap likelihood -64981.996668, best rearrangement setting 11
Bootstrap[2]: Time 1.478102 seconds, bootstrap likelihood -64072.686668, best rearrangement setting 8
Bootstrap[3]: Time 1.093274 seconds, bootstrap likelihood -65033.097446, best rearrangement setting 6
Bootstrap[4]: Time 1.163301 seconds, bootstrap likelihood -64510.602486, best rearrangement setting 15
Bootstrap[5]: Time 1.093666 seconds, bootstrap likelihood -64293.949518, best rearrangement setting 11
Bootstrap[6]: Time 1.107973 seconds, bootstrap likelihood -64817.152230, best rearrangement setting 13
Bootstrap[7]: Time 1.275555 seconds, bootstrap likelihood -63541.383852, best rearrangement setting 9
Bootstrap[8]: Time 0.910054 seconds, bootstrap likelihood -63612.674194, best rearrangement setting 5
Bootstrap[9]: Time 1.188316 seconds, bootstrap likelihood -63395.642110, best rearrangement setting 14
Bootstrap[10]: Time 1.379764 seconds, bootstrap likelihood -64781.633294, best rearrangement setting 14
Bootstrap[11]: Time 0.858141 seconds, bootstrap likelihood -64680.707916, best rearrangement setting 5
Bootstrap[12]: Time 1.201022 seconds, bootstrap likelihood -64817.260751, best rearrangement setting 11
Bootstrap[13]: Time 1.292438 seconds, bootstrap likelihood -65261.623198, best rearrangement setting 10
Bootstrap[14]: Time 0.946541 seconds, bootstrap likelihood -64476.072272, best rearrangement setting 5
Bootstrap[15]: Time 1.524245 seconds, bootstrap likelihood -64075.623645, best rearrangement setting 11
Bootstrap[16]: Time 1.337658 seconds, bootstrap likelihood -65208.727264, best rearrangement setting 13
Bootstrap[17]: Time 1.125771 seconds, bootstrap likelihood -64247.836182, best rearrangement setting 6
Bootstrap[18]: Time 1.268894 seconds, bootstrap likelihood -65199.512858, best rearrangement setting 10
Bootstrap[19]: Time 1.296851 seconds, bootstrap likelihood -65018.903535, best rearrangement setting 8
Bootstrap[20]: Time 0.961326 seconds, bootstrap likelihood -63100.748716, best rearrangement setting 5
Bootstrap[21]: Time 1.371449 seconds, bootstrap likelihood -63747.154891, best rearrangement setting 15
Bootstrap[22]: Time 0.896546 seconds, bootstrap likelihood -64667.110001, best rearrangement setting 5
Bootstrap[23]: Time 0.876047 seconds, bootstrap likelihood -63809.506874, best rearrangement setting 5
Bootstrap[24]: Time 1.280131 seconds, bootstrap likelihood -64716.768012, best rearrangement setting 13
Bootstrap[25]: Time 1.050718 seconds, bootstrap likelihood -63860.487527, best rearrangement setting 10
Bootstrap[26]: Time 1.195812 seconds, bootstrap likelihood -64353.934057, best rearrangement setting 8
Bootstrap[27]: Time 1.229355 seconds, bootstrap likelihood -64229.299790, best rearrangement setting 11
Bootstrap[28]: Time 1.546691 seconds, bootstrap likelihood -63765.132030, best rearrangement setting 12
Bootstrap[29]: Time 1.042542 seconds, bootstrap likelihood -65331.032586, best rearrangement setting 6
Bootstrap[30]: Time 1.333077 seconds, bootstrap likelihood -64608.286122, best rearrangement setting 11
Bootstrap[31]: Time 1.164841 seconds, bootstrap likelihood -64208.088725, best rearrangement setting 14
Bootstrap[32]: Time 1.052433 seconds, bootstrap likelihood -65933.142706, best rearrangement setting 6
Bootstrap[33]: Time 1.174020 seconds, bootstrap likelihood -64067.857748, best rearrangement setting 12
Bootstrap[34]: Time 1.179628 seconds, bootstrap likelihood -64856.573598, best rearrangement setting 9
Bootstrap[35]: Time 1.368657 seconds, bootstrap likelihood -65799.811680, best rearrangement setting 8
Bootstrap[36]: Time 1.122944 seconds, bootstrap likelihood -64669.658048, best rearrangement setting 15
Bootstrap[37]: Time 1.185204 seconds, bootstrap likelihood -65577.561614, best rearrangement setting 12
Bootstrap[38]: Time 0.969809 seconds, bootstrap likelihood -64743.670681, best rearrangement setting 5
Bootstrap[39]: Time 1.242065 seconds, bootstrap likelihood -65379.276112, best rearrangement setting 7
Bootstrap[40]: Time 1.572840 seconds, bootstrap likelihood -64666.757462, best rearrangement setting 12
Bootstrap[41]: Time 0.887807 seconds, bootstrap likelihood -63959.153664, best rearrangement setting 5
Bootstrap[42]: Time 1.239649 seconds, bootstrap likelihood -64436.925282, best rearrangement setting 9
Bootstrap[43]: Time 1.078114 seconds, bootstrap likelihood -64076.146318, best rearrangement setting 7
Bootstrap[44]: Time 1.148824 seconds, bootstrap likelihood -64790.412030, best rearrangement setting 7
Bootstrap[45]: Time 1.124200 seconds, bootstrap likelihood -65018.672740, best rearrangement setting 7
Bootstrap[46]: Time 1.260074 seconds, bootstrap likelihood -65629.348934, best rearrangement setting 10
Bootstrap[47]: Time 1.173799 seconds, bootstrap likelihood -63825.658036, best rearrangement setting 9
Bootstrap[48]: Time 1.408444 seconds, bootstrap likelihood -65380.388751, best rearrangement setting 13
Bootstrap[49]: Time 1.082200 seconds, bootstrap likelihood -63312.903915, best rearrangement setting 7
Bootstrap[50]: Time 1.229429 seconds, bootstrap likelihood -64295.175597, best rearrangement setting 14
Bootstrap[51]: Time 0.976860 seconds, bootstrap likelihood -64245.641774, best rearrangement setting 10
Bootstrap[52]: Time 1.125979 seconds, bootstrap likelihood -65325.167158, best rearrangement setting 12
Bootstrap[53]: Time 1.419613 seconds, bootstrap likelihood -65856.461393, best rearrangement setting 14
Bootstrap[54]: Time 1.196243 seconds, bootstrap likelihood -63685.645488, best rearrangement setting 13
Bootstrap[55]: Time 0.938019 seconds, bootstrap likelihood -64017.692999, best rearrangement setting 5
Bootstrap[56]: Time 1.184692 seconds, bootstrap likelihood -64651.147966, best rearrangement setting 7
Bootstrap[57]: Time 1.159656 seconds, bootstrap likelihood -65032.420327, best rearrangement setting 15
Bootstrap[58]: Time 1.049127 seconds, bootstrap likelihood -65063.136745, best rearrangement setting 10
Bootstrap[59]: Time 1.102855 seconds, bootstrap likelihood -64163.400078, best rearrangement setting 8
Bootstrap[60]: Time 1.353172 seconds, bootstrap likelihood -63362.575677, best rearrangement setting 15
Bootstrap[61]: Time 0.925683 seconds, bootstrap likelihood -64492.388938, best rearrangement setting 5
Bootstrap[62]: Time 1.080396 seconds, bootstrap likelihood -63757.916943, best rearrangement setting 13
Bootstrap[63]: Time 1.251643 seconds, bootstrap likelihood -63612.767036, best rearrangement setting 10
Bootstrap[64]: Time 1.153865 seconds, bootstrap likelihood -64198.887362, best rearrangement setting 7
Bootstrap[65]: Time 1.146697 seconds, bootstrap likelihood -64010.567539, best rearrangement setting 6
Bootstrap[66]: Time 3.436647 seconds, bootstrap likelihood -64506.425268, best rearrangement setting 15
Bootstrap[67]: Time 1.133701 seconds, bootstrap likelihood -65183.067072, best rearrangement setting 11
Bootstrap[68]: Time 1.353536 seconds, bootstrap likelihood -65413.780466, best rearrangement setting 10
Bootstrap[69]: Time 1.204392 seconds, bootstrap likelihood -65506.267865, best rearrangement setting 11
Bootstrap[70]: Time 1.386713 seconds, bootstrap likelihood -65030.459801, best rearrangement setting 11
Bootstrap[71]: Time 1.233624 seconds, bootstrap likelihood -62851.892200, best rearrangement setting 15
Bootstrap[72]: Time 1.251403 seconds, bootstrap likelihood -64947.428137, best rearrangement setting 11
Bootstrap[73]: Time 1.110643 seconds, bootstrap likelihood -64275.157114, best rearrangement setting 6
Bootstrap[74]: Time 1.228706 seconds, bootstrap likelihood -63155.962742, best rearrangement setting 14
Bootstrap[75]: Time 1.061820 seconds, bootstrap likelihood -64191.624486, best rearrangement setting 6
Bootstrap[76]: Time 1.202470 seconds, bootstrap likelihood -65441.536833, best rearrangement setting 13
Bootstrap[77]: Time 1.293093 seconds, bootstrap likelihood -64596.683177, best rearrangement setting 14
Bootstrap[78]: Time 1.028441 seconds, bootstrap likelihood -62800.301782, best rearrangement setting 12
Bootstrap[79]: Time 1.071862 seconds, bootstrap likelihood -65848.034953, best rearrangement setting 9
Bootstrap[80]: Time 1.145753 seconds, bootstrap likelihood -66438.352675, best rearrangement setting 13
Bootstrap[81]: Time 1.082473 seconds, bootstrap likelihood -64887.756127, best rearrangement setting 8
Bootstrap[82]: Time 1.226937 seconds, bootstrap likelihood -64034.065511, best rearrangement setting 11
Bootstrap[83]: Time 1.077084 seconds, bootstrap likelihood -63295.115847, best rearrangement setting 6
Bootstrap[84]: Time 0.920686 seconds, bootstrap likelihood -64447.369158, best rearrangement setting 5
Bootstrap[85]: Time 1.056922 seconds, bootstrap likelihood -64060.325575, best rearrangement setting 6
Bootstrap[86]: Time 1.314479 seconds, bootstrap likelihood -63560.373480, best rearrangement setting 13
Bootstrap[87]: Time 1.157517 seconds, bootstrap likelihood -64514.894290, best rearrangement setting 8
Bootstrap[88]: Time 0.836589 seconds, bootstrap likelihood -63920.314040, best rearrangement setting 5
Bootstrap[89]: Time 1.220170 seconds, bootstrap likelihood -64148.006003, best rearrangement setting 9
Bootstrap[90]: Time 1.732415 seconds, bootstrap likelihood -65259.002487, best rearrangement setting 11
Bootstrap[91]: Time 1.253465 seconds, bootstrap likelihood -64451.316574, best rearrangement setting 12
Bootstrap[92]: Time 1.178249 seconds, bootstrap likelihood -63324.750240, best rearrangement setting 8
Bootstrap[93]: Time 1.290314 seconds, bootstrap likelihood -65623.215078, best rearrangement setting 15
Bootstrap[94]: Time 0.935291 seconds, bootstrap likelihood -64391.747477, best rearrangement setting 5
Bootstrap[95]: Time 1.405209 seconds, bootstrap likelihood -64938.957830, best rearrangement setting 9
Bootstrap[96]: Time 1.268634 seconds, bootstrap likelihood -64021.694512, best rearrangement setting 10
Bootstrap[97]: Time 1.169644 seconds, bootstrap likelihood -65618.526494, best rearrangement setting 8
Bootstrap[98]: Time 1.200026 seconds, bootstrap likelihood -64264.726067, best rearrangement setting 12
Bootstrap[99]: Time 1.074934 seconds, bootstrap likelihood -65011.139675, best rearrangement setting 7


Overall Time for 100 Rapid Bootstraps 120.123246 seconds
Average Time per Rapid Bootstrap 1.201232 seconds

Starting ML Search ...

Fast ML optimization finished

Fast ML search Time: 133.209359 seconds

Slow ML Search 0 Likelihood: -64634.992578
Slow ML Search 1 Likelihood: -64635.520260
Slow ML Search 2 Likelihood: -64636.182858
Slow ML Search 3 Likelihood: -64636.393309
Slow ML Search 4 Likelihood: -64637.256785
Slow ML Search 5 Likelihood: -64638.041416
Slow ML Search 6 Likelihood: -64638.942736
Slow ML Search 7 Likelihood: -64638.976982
Slow ML Search 8 Likelihood: -64638.976983
Slow ML Search 9 Likelihood: -64638.998434
Slow ML optimization finished

Slow ML search Time: 21.674966 seconds
Thorough ML search Time: 2.233327 seconds

Final ML Optimization Likelihood: -64634.992577

Model Information:

Model Parameters of Partition 0, Name: No Name Provided, Type of Data: DNA
alpha: 0.327185
Tree-Length: 3.124163
rate A <-> C: 2.236209
rate A <-> G: 5.673371
rate A <-> T: 0.939655
rate C <-> G: 0.993208
rate C <-> T: 6.544941
rate G <-> T: 1.000000

freq pi(A): 0.369804
freq pi(C): 0.174089
freq pi(G): 0.234456
freq pi(T): 0.221651


ML search took 157.126567 secs or 0.043646 hours

Combined Bootstrap and ML search took 277.249957 secs or 0.077014 hours

Drawing Bootstrap Support Values on best-scoring ML tree ...



Found 1 tree in File /gpfs_home/mhowison/code/hiv-profile-sampling/scratch/trees/gag-pol-env/RAxML_bestTree.sample.253



Found 1 tree in File /gpfs_home/mhowison/code/hiv-profile-sampling/scratch/trees/gag-pol-env/RAxML_bestTree.sample.253

Program execution info written to /gpfs_home/mhowison/code/hiv-profile-sampling/scratch/trees/gag-pol-env/RAxML_info.sample.253
All 100 bootstrapped trees written to: /gpfs_home/mhowison/code/hiv-profile-sampling/scratch/trees/gag-pol-env/RAxML_bootstrap.sample.253

Best-scoring ML tree written to: /gpfs_home/mhowison/code/hiv-profile-sampling/scratch/trees/gag-pol-env/RAxML_bestTree.sample.253

Best-scoring ML tree with support values written to: /gpfs_home/mhowison/code/hiv-profile-sampling/scratch/trees/gag-pol-env/RAxML_bipartitions.sample.253

Best-scoring ML tree with support values as branch labels written to: /gpfs_home/mhowison/code/hiv-profile-sampling/scratch/trees/gag-pol-env/RAxML_bipartitionsBranchLabels.sample.253

Overall execution time for full ML analysis: 277.254712 secs or 0.077015 hours or 0.003209 days

