srun: job 264373 queued and waiting for resources
srun: job 264373 has been allocated resources
Warning, you specified a working directory via "-w"
Keep in mind that RAxML only accepts absolute path names, not relative ones!

RAxML can't, parse the alignment file as phylip file 
it will now try to parse it as FASTA file



Using BFGS method to optimize GTR rate parameters, to disable this specify "--no-bfgs" 


This is the RAxML Master Pthread

This is RAxML Worker Pthread Number: 2

This is RAxML Worker Pthread Number: 3

This is RAxML Worker Pthread Number: 1

This is RAxML Worker Pthread Number: 4

This is RAxML Worker Pthread Number: 5

This is RAxML Worker Pthread Number: 8

This is RAxML Worker Pthread Number: 6

This is RAxML Worker Pthread Number: 7

This is RAxML Worker Pthread Number: 11

This is RAxML Worker Pthread Number: 12

This is RAxML Worker Pthread Number: 9

This is RAxML Worker Pthread Number: 10

This is RAxML Worker Pthread Number: 13

This is RAxML Worker Pthread Number: 14

This is RAxML Worker Pthread Number: 15

This is RAxML Worker Pthread Number: 16

This is RAxML Worker Pthread Number: 17

This is RAxML Worker Pthread Number: 19

This is RAxML Worker Pthread Number: 18


This is RAxML version 8.2.12 released by Alexandros Stamatakis on May 2018.

With greatly appreciated code contributions by:
Andre Aberer      (HITS)
Simon Berger      (HITS)
Alexey Kozlov     (HITS)
Kassian Kobert    (HITS)
David Dao         (KIT and HITS)
Sarah Lutteropp   (KIT and HITS)
Nick Pattengale   (Sandia)
Wayne Pfeiffer    (SDSC)
Akifumi S. Tanabe (NRIFS)
Charlie Taylor    (UF)


Alignment has 3219 distinct alignment patterns

Proportion of gaps and completely undetermined characters in this alignment: 6.11%

RAxML rapid bootstrapping and subsequent ML search

Using 1 distinct models/data partitions with joint branch length optimization



Executing 100 rapid bootstrap inferences and thereafter a thorough ML search 

All free model parameters will be estimated by RAxML
GAMMA model of rate heterogeneity, ML estimate of alpha-parameter

GAMMA Model parameters will be estimated up to an accuracy of 0.1000000000 Log Likelihood units

Partition: 0
Alignment Patterns: 3219
Name: No Name Provided
DataType: DNA
Substitution Matrix: GTR




RAxML was called as follows:

raxmlHPC-PTHREADS-AVX -T 20 -s scratch/aligned/gag-pol-env/sample.314.fa -p 3258922231 -x 3258922231 -f a -N 100 -m GTRGAMMA -w /gpfs_home/mhowison/code/hiv-profile-sampling/scratch/trees/gag-pol-env -n sample.314 



Time for BS model parameter optimization 0.215083
Bootstrap[0]: Time 1.313348 seconds, bootstrap likelihood -64504.201251, best rearrangement setting 7
Bootstrap[1]: Time 1.202150 seconds, bootstrap likelihood -64044.665701, best rearrangement setting 12
Bootstrap[2]: Time 1.228549 seconds, bootstrap likelihood -63628.197775, best rearrangement setting 10
Bootstrap[3]: Time 1.331712 seconds, bootstrap likelihood -63147.512971, best rearrangement setting 13
Bootstrap[4]: Time 1.171684 seconds, bootstrap likelihood -65288.623846, best rearrangement setting 12
Bootstrap[5]: Time 1.076785 seconds, bootstrap likelihood -65824.936242, best rearrangement setting 6
Bootstrap[6]: Time 1.259895 seconds, bootstrap likelihood -65924.671363, best rearrangement setting 14
Bootstrap[7]: Time 1.117346 seconds, bootstrap likelihood -64972.319962, best rearrangement setting 6
Bootstrap[8]: Time 1.187805 seconds, bootstrap likelihood -64561.981444, best rearrangement setting 10
Bootstrap[9]: Time 1.139176 seconds, bootstrap likelihood -65313.247330, best rearrangement setting 13
Bootstrap[10]: Time 1.056539 seconds, bootstrap likelihood -63080.360773, best rearrangement setting 6
Bootstrap[11]: Time 1.242492 seconds, bootstrap likelihood -65276.597607, best rearrangement setting 5
Bootstrap[12]: Time 1.129120 seconds, bootstrap likelihood -62927.097640, best rearrangement setting 9
Bootstrap[13]: Time 1.293468 seconds, bootstrap likelihood -64336.501378, best rearrangement setting 8
Bootstrap[14]: Time 1.149001 seconds, bootstrap likelihood -64759.959339, best rearrangement setting 11
Bootstrap[15]: Time 0.876761 seconds, bootstrap likelihood -63482.131692, best rearrangement setting 5
Bootstrap[16]: Time 8.159130 seconds, bootstrap likelihood -65228.104654, best rearrangement setting 6
Bootstrap[17]: Time 1.246475 seconds, bootstrap likelihood -65413.887526, best rearrangement setting 7
Bootstrap[18]: Time 1.243949 seconds, bootstrap likelihood -64564.855126, best rearrangement setting 14
Bootstrap[19]: Time 1.090848 seconds, bootstrap likelihood -65026.698595, best rearrangement setting 6
Bootstrap[20]: Time 1.126720 seconds, bootstrap likelihood -64399.733282, best rearrangement setting 7
Bootstrap[21]: Time 1.335048 seconds, bootstrap likelihood -65803.459868, best rearrangement setting 13
Bootstrap[22]: Time 1.778737 seconds, bootstrap likelihood -65796.608822, best rearrangement setting 5
Bootstrap[23]: Time 1.190995 seconds, bootstrap likelihood -64824.013818, best rearrangement setting 8
Bootstrap[24]: Time 1.183873 seconds, bootstrap likelihood -65181.530845, best rearrangement setting 8
Bootstrap[25]: Time 1.041738 seconds, bootstrap likelihood -63744.292509, best rearrangement setting 13
Bootstrap[26]: Time 0.873080 seconds, bootstrap likelihood -63928.638729, best rearrangement setting 5
Bootstrap[27]: Time 1.183647 seconds, bootstrap likelihood -64295.842817, best rearrangement setting 14
Bootstrap[28]: Time 1.163556 seconds, bootstrap likelihood -64260.645863, best rearrangement setting 8
Bootstrap[29]: Time 1.245347 seconds, bootstrap likelihood -62894.650030, best rearrangement setting 15
Bootstrap[30]: Time 5.816009 seconds, bootstrap likelihood -64954.134994, best rearrangement setting 7
Bootstrap[31]: Time 1.725362 seconds, bootstrap likelihood -66277.077246, best rearrangement setting 6
Bootstrap[32]: Time 2.388783 seconds, bootstrap likelihood -65395.592931, best rearrangement setting 14
Bootstrap[33]: Time 1.278549 seconds, bootstrap likelihood -64774.917113, best rearrangement setting 14
Bootstrap[34]: Time 1.188968 seconds, bootstrap likelihood -65563.735473, best rearrangement setting 14
Bootstrap[35]: Time 0.976202 seconds, bootstrap likelihood -63966.469449, best rearrangement setting 6
Bootstrap[36]: Time 0.940899 seconds, bootstrap likelihood -65748.447960, best rearrangement setting 5
Bootstrap[37]: Time 1.205684 seconds, bootstrap likelihood -64939.917387, best rearrangement setting 14
Bootstrap[38]: Time 1.227792 seconds, bootstrap likelihood -64524.280146, best rearrangement setting 15
Bootstrap[39]: Time 1.124977 seconds, bootstrap likelihood -63744.298309, best rearrangement setting 11
Bootstrap[40]: Time 1.158506 seconds, bootstrap likelihood -64404.844581, best rearrangement setting 9
Bootstrap[41]: Time 1.242047 seconds, bootstrap likelihood -63485.198741, best rearrangement setting 12
Bootstrap[42]: Time 1.605211 seconds, bootstrap likelihood -64349.509755, best rearrangement setting 11
Bootstrap[43]: Time 1.359361 seconds, bootstrap likelihood -64609.289125, best rearrangement setting 14
Bootstrap[44]: Time 1.170836 seconds, bootstrap likelihood -63006.337349, best rearrangement setting 13
Bootstrap[45]: Time 1.147872 seconds, bootstrap likelihood -64885.676827, best rearrangement setting 8
Bootstrap[46]: Time 1.334288 seconds, bootstrap likelihood -65011.047390, best rearrangement setting 11
Bootstrap[47]: Time 1.111920 seconds, bootstrap likelihood -64428.560812, best rearrangement setting 7
Bootstrap[48]: Time 1.052087 seconds, bootstrap likelihood -64301.233912, best rearrangement setting 6
Bootstrap[49]: Time 1.332188 seconds, bootstrap likelihood -65832.854771, best rearrangement setting 5
Bootstrap[50]: Time 1.882505 seconds, bootstrap likelihood -64793.340629, best rearrangement setting 13
Bootstrap[51]: Time 1.337430 seconds, bootstrap likelihood -64711.962523, best rearrangement setting 8
Bootstrap[52]: Time 1.176415 seconds, bootstrap likelihood -65615.493320, best rearrangement setting 13
Bootstrap[53]: Time 1.206774 seconds, bootstrap likelihood -65156.076667, best rearrangement setting 14
Bootstrap[54]: Time 1.318281 seconds, bootstrap likelihood -63947.401695, best rearrangement setting 15
Bootstrap[55]: Time 1.080801 seconds, bootstrap likelihood -63549.512067, best rearrangement setting 11
Bootstrap[56]: Time 1.110509 seconds, bootstrap likelihood -63813.365384, best rearrangement setting 7
Bootstrap[57]: Time 1.042219 seconds, bootstrap likelihood -63622.741746, best rearrangement setting 6
Bootstrap[58]: Time 1.237357 seconds, bootstrap likelihood -65671.469088, best rearrangement setting 11
Bootstrap[59]: Time 1.228578 seconds, bootstrap likelihood -63210.380644, best rearrangement setting 7
Bootstrap[60]: Time 1.143290 seconds, bootstrap likelihood -64403.128968, best rearrangement setting 10
Bootstrap[61]: Time 1.248607 seconds, bootstrap likelihood -65986.428663, best rearrangement setting 14
Bootstrap[62]: Time 1.290325 seconds, bootstrap likelihood -64534.913510, best rearrangement setting 10
Bootstrap[63]: Time 1.216542 seconds, bootstrap likelihood -64031.860490, best rearrangement setting 14
Bootstrap[64]: Time 1.266367 seconds, bootstrap likelihood -63865.627423, best rearrangement setting 13
Bootstrap[65]: Time 1.181964 seconds, bootstrap likelihood -64808.225606, best rearrangement setting 12
Bootstrap[66]: Time 7.541398 seconds, bootstrap likelihood -63419.580478, best rearrangement setting 8
Bootstrap[67]: Time 1.213585 seconds, bootstrap likelihood -64347.291688, best rearrangement setting 10
Bootstrap[68]: Time 1.232054 seconds, bootstrap likelihood -63666.923723, best rearrangement setting 13
Bootstrap[69]: Time 21.773423 seconds, bootstrap likelihood -65578.508516, best rearrangement setting 14
Bootstrap[70]: Time 1.140374 seconds, bootstrap likelihood -64924.004354, best rearrangement setting 11
Bootstrap[71]: Time 1.085021 seconds, bootstrap likelihood -64388.625527, best rearrangement setting 10
Bootstrap[72]: Time 0.915408 seconds, bootstrap likelihood -66180.877472, best rearrangement setting 5
Bootstrap[73]: Time 1.179982 seconds, bootstrap likelihood -65852.791116, best rearrangement setting 10
Bootstrap[74]: Time 1.246943 seconds, bootstrap likelihood -63510.352204, best rearrangement setting 14
Bootstrap[75]: Time 1.265148 seconds, bootstrap likelihood -63617.656623, best rearrangement setting 9
Bootstrap[76]: Time 1.267812 seconds, bootstrap likelihood -64901.559297, best rearrangement setting 15
Bootstrap[77]: Time 1.479593 seconds, bootstrap likelihood -64459.117607, best rearrangement setting 14
Bootstrap[78]: Time 1.151695 seconds, bootstrap likelihood -64025.351571, best rearrangement setting 7
Bootstrap[79]: Time 1.128712 seconds, bootstrap likelihood -63176.497529, best rearrangement setting 10
Bootstrap[80]: Time 1.383833 seconds, bootstrap likelihood -66107.863492, best rearrangement setting 15
Bootstrap[81]: Time 1.444983 seconds, bootstrap likelihood -64676.928448, best rearrangement setting 11
Bootstrap[82]: Time 1.136813 seconds, bootstrap likelihood -63716.182502, best rearrangement setting 9
Bootstrap[83]: Time 3.697809 seconds, bootstrap likelihood -64198.470772, best rearrangement setting 8
Bootstrap[84]: Time 1.229282 seconds, bootstrap likelihood -64627.631327, best rearrangement setting 10
Bootstrap[85]: Time 1.809256 seconds, bootstrap likelihood -64634.617920, best rearrangement setting 12
Bootstrap[86]: Time 0.933666 seconds, bootstrap likelihood -64056.161094, best rearrangement setting 6
Bootstrap[87]: Time 1.073874 seconds, bootstrap likelihood -64806.774206, best rearrangement setting 15
Bootstrap[88]: Time 1.191819 seconds, bootstrap likelihood -62293.503989, best rearrangement setting 9
Bootstrap[89]: Time 1.132952 seconds, bootstrap likelihood -65035.662815, best rearrangement setting 12
Bootstrap[90]: Time 1.557084 seconds, bootstrap likelihood -64550.808452, best rearrangement setting 15
Bootstrap[91]: Time 1.297589 seconds, bootstrap likelihood -64102.238474, best rearrangement setting 6
Bootstrap[92]: Time 1.164733 seconds, bootstrap likelihood -63199.901671, best rearrangement setting 8
Bootstrap[93]: Time 1.180687 seconds, bootstrap likelihood -63957.438293, best rearrangement setting 12
Bootstrap[94]: Time 1.128915 seconds, bootstrap likelihood -64411.791590, best rearrangement setting 11
Bootstrap[95]: Time 0.972507 seconds, bootstrap likelihood -63850.208417, best rearrangement setting 6
Bootstrap[96]: Time 1.045274 seconds, bootstrap likelihood -65239.674378, best rearrangement setting 10
Bootstrap[97]: Time 1.146157 seconds, bootstrap likelihood -64080.831503, best rearrangement setting 13
Bootstrap[98]: Time 3.288412 seconds, bootstrap likelihood -64624.507669, best rearrangement setting 7
Bootstrap[99]: Time 1.217182 seconds, bootstrap likelihood -65929.649903, best rearrangement setting 7


Overall Time for 100 Rapid Bootstraps 165.709663 seconds
Average Time per Rapid Bootstrap 1.657097 seconds

Starting ML Search ...

Fast ML optimization finished

Fast ML search Time: 120.299537 seconds

Slow ML Search 0 Likelihood: -64609.674861
Slow ML Search 1 Likelihood: -64609.674860
Slow ML Search 2 Likelihood: -64609.674860
Slow ML Search 3 Likelihood: -64609.674860
Slow ML Search 4 Likelihood: -64610.078139
Slow ML Search 5 Likelihood: -64610.999431
Slow ML Search 6 Likelihood: -64610.999430
Slow ML Search 7 Likelihood: -64612.575103
Slow ML Search 8 Likelihood: -64613.910033
Slow ML Search 9 Likelihood: -64616.694071
Slow ML optimization finished

Slow ML search Time: 36.845691 seconds
Thorough ML search Time: 2.042057 seconds

Final ML Optimization Likelihood: -64609.676276

Model Information:

Model Parameters of Partition 0, Name: No Name Provided, Type of Data: DNA
alpha: 0.330911
Tree-Length: 2.984454
rate A <-> C: 2.129462
rate A <-> G: 5.382425
rate A <-> T: 0.909928
rate C <-> G: 0.882350
rate C <-> T: 6.195787
rate G <-> T: 1.000000

freq pi(A): 0.370084
freq pi(C): 0.174042
freq pi(G): 0.234242
freq pi(T): 0.221632


ML search took 159.193760 secs or 0.044220 hours

Combined Bootstrap and ML search took 324.903557 secs or 0.090251 hours

Drawing Bootstrap Support Values on best-scoring ML tree ...



Found 1 tree in File /gpfs_home/mhowison/code/hiv-profile-sampling/scratch/trees/gag-pol-env/RAxML_bestTree.sample.314



Found 1 tree in File /gpfs_home/mhowison/code/hiv-profile-sampling/scratch/trees/gag-pol-env/RAxML_bestTree.sample.314

Program execution info written to /gpfs_home/mhowison/code/hiv-profile-sampling/scratch/trees/gag-pol-env/RAxML_info.sample.314
All 100 bootstrapped trees written to: /gpfs_home/mhowison/code/hiv-profile-sampling/scratch/trees/gag-pol-env/RAxML_bootstrap.sample.314

Best-scoring ML tree written to: /gpfs_home/mhowison/code/hiv-profile-sampling/scratch/trees/gag-pol-env/RAxML_bestTree.sample.314

Best-scoring ML tree with support values written to: /gpfs_home/mhowison/code/hiv-profile-sampling/scratch/trees/gag-pol-env/RAxML_bipartitions.sample.314

Best-scoring ML tree with support values as branch labels written to: /gpfs_home/mhowison/code/hiv-profile-sampling/scratch/trees/gag-pol-env/RAxML_bipartitionsBranchLabels.sample.314

Overall execution time for full ML analysis: 324.917350 secs or 0.090255 hours or 0.003761 days

