srun: job 263984 queued and waiting for resources
srun: job 263984 has been allocated resources
Warning, you specified a working directory via "-w"
Keep in mind that RAxML only accepts absolute path names, not relative ones!

RAxML can't, parse the alignment file as phylip file 
it will now try to parse it as FASTA file



Using BFGS method to optimize GTR rate parameters, to disable this specify "--no-bfgs" 


This is the RAxML Master Pthread

This is RAxML Worker Pthread Number: 1

This is RAxML Worker Pthread Number: 5

This is RAxML Worker Pthread Number: 3

This is RAxML Worker Pthread Number: 4

This is RAxML Worker Pthread Number: 6

This is RAxML Worker Pthread Number: 7

This is RAxML Worker Pthread Number: 2

This is RAxML Worker Pthread Number: 8

This is RAxML Worker Pthread Number: 11

This is RAxML Worker Pthread Number: 9

This is RAxML Worker Pthread Number: 10

This is RAxML Worker Pthread Number: 12

This is RAxML Worker Pthread Number: 14

This is RAxML Worker Pthread Number: 13

This is RAxML Worker Pthread Number: 15

This is RAxML Worker Pthread Number: 19

This is RAxML Worker Pthread Number: 18

This is RAxML Worker Pthread Number: 17

This is RAxML Worker Pthread Number: 16


This is RAxML version 8.2.12 released by Alexandros Stamatakis on May 2018.

With greatly appreciated code contributions by:
Andre Aberer      (HITS)
Simon Berger      (HITS)
Alexey Kozlov     (HITS)
Kassian Kobert    (HITS)
David Dao         (KIT and HITS)
Sarah Lutteropp   (KIT and HITS)
Nick Pattengale   (Sandia)
Wayne Pfeiffer    (SDSC)
Akifumi S. Tanabe (NRIFS)
Charlie Taylor    (UF)


Alignment has 3193 distinct alignment patterns

Proportion of gaps and completely undetermined characters in this alignment: 6.11%

RAxML rapid bootstrapping and subsequent ML search

Using 1 distinct models/data partitions with joint branch length optimization



Executing 100 rapid bootstrap inferences and thereafter a thorough ML search 

All free model parameters will be estimated by RAxML
GAMMA model of rate heterogeneity, ML estimate of alpha-parameter

GAMMA Model parameters will be estimated up to an accuracy of 0.1000000000 Log Likelihood units

Partition: 0
Alignment Patterns: 3193
Name: No Name Provided
DataType: DNA
Substitution Matrix: GTR




RAxML was called as follows:

raxmlHPC-PTHREADS-AVX -T 20 -s scratch/aligned/gag-pol-env/sample.126.fa -p 2879163577 -x 2879163577 -f a -N 100 -m GTRGAMMA -w /gpfs_home/mhowison/code/hiv-profile-sampling/scratch/trees/gag-pol-env -n sample.126 



Time for BS model parameter optimization 0.190008
Bootstrap[0]: Time 1.915570 seconds, bootstrap likelihood -63610.347387, best rearrangement setting 14
Bootstrap[1]: Time 1.414391 seconds, bootstrap likelihood -64913.379492, best rearrangement setting 15
Bootstrap[2]: Time 1.118659 seconds, bootstrap likelihood -65277.252990, best rearrangement setting 11
Bootstrap[3]: Time 1.188661 seconds, bootstrap likelihood -64308.998625, best rearrangement setting 10
Bootstrap[4]: Time 1.196980 seconds, bootstrap likelihood -63598.961546, best rearrangement setting 12
Bootstrap[5]: Time 1.482953 seconds, bootstrap likelihood -65796.495458, best rearrangement setting 12
Bootstrap[6]: Time 1.183683 seconds, bootstrap likelihood -64824.035097, best rearrangement setting 12
Bootstrap[7]: Time 33.884067 seconds, bootstrap likelihood -64114.867130, best rearrangement setting 10
Bootstrap[8]: Time 3.419697 seconds, bootstrap likelihood -64760.703916, best rearrangement setting 7
Bootstrap[9]: Time 1.095216 seconds, bootstrap likelihood -65015.288495, best rearrangement setting 6
Bootstrap[10]: Time 1.283356 seconds, bootstrap likelihood -65129.125828, best rearrangement setting 12
Bootstrap[11]: Time 1.183429 seconds, bootstrap likelihood -63263.937377, best rearrangement setting 7
Bootstrap[12]: Time 1.511672 seconds, bootstrap likelihood -63008.125416, best rearrangement setting 11
Bootstrap[13]: Time 5.185661 seconds, bootstrap likelihood -65295.122930, best rearrangement setting 5
Bootstrap[14]: Time 0.990178 seconds, bootstrap likelihood -63823.001206, best rearrangement setting 6
Bootstrap[15]: Time 1.144070 seconds, bootstrap likelihood -63313.036559, best rearrangement setting 5
Bootstrap[16]: Time 8.567700 seconds, bootstrap likelihood -63888.681276, best rearrangement setting 12
Bootstrap[17]: Time 3.578827 seconds, bootstrap likelihood -64144.434112, best rearrangement setting 9
Bootstrap[18]: Time 5.319055 seconds, bootstrap likelihood -64009.216927, best rearrangement setting 6
Bootstrap[19]: Time 1.156680 seconds, bootstrap likelihood -63679.971570, best rearrangement setting 10
Bootstrap[20]: Time 4.078403 seconds, bootstrap likelihood -65160.482626, best rearrangement setting 7
Bootstrap[21]: Time 4.705198 seconds, bootstrap likelihood -64096.280105, best rearrangement setting 6
Bootstrap[22]: Time 3.262457 seconds, bootstrap likelihood -62689.561022, best rearrangement setting 5
Bootstrap[23]: Time 1.131885 seconds, bootstrap likelihood -64129.442579, best rearrangement setting 12
Bootstrap[24]: Time 1.237342 seconds, bootstrap likelihood -64332.389097, best rearrangement setting 13
Bootstrap[25]: Time 1.016090 seconds, bootstrap likelihood -64194.619550, best rearrangement setting 6
Bootstrap[26]: Time 1.059795 seconds, bootstrap likelihood -61557.986402, best rearrangement setting 15
Bootstrap[27]: Time 1.213393 seconds, bootstrap likelihood -65814.743725, best rearrangement setting 15
Bootstrap[28]: Time 0.920966 seconds, bootstrap likelihood -63132.909894, best rearrangement setting 6
Bootstrap[29]: Time 5.242583 seconds, bootstrap likelihood -64487.680662, best rearrangement setting 7
Bootstrap[30]: Time 2.599725 seconds, bootstrap likelihood -65311.661971, best rearrangement setting 13
Bootstrap[31]: Time 2.299356 seconds, bootstrap likelihood -64209.138697, best rearrangement setting 9
Bootstrap[32]: Time 1.030173 seconds, bootstrap likelihood -64338.575538, best rearrangement setting 13
Bootstrap[33]: Time 0.979725 seconds, bootstrap likelihood -64657.644485, best rearrangement setting 7
Bootstrap[34]: Time 1.190873 seconds, bootstrap likelihood -63675.707599, best rearrangement setting 9
Bootstrap[35]: Time 1.187037 seconds, bootstrap likelihood -65645.885581, best rearrangement setting 8
Bootstrap[36]: Time 69.768431 seconds, bootstrap likelihood -64268.794752, best rearrangement setting 7
Bootstrap[37]: Time 6.371571 seconds, bootstrap likelihood -64907.716802, best rearrangement setting 9
Bootstrap[38]: Time 8.502666 seconds, bootstrap likelihood -64059.236579, best rearrangement setting 10
Bootstrap[39]: Time 13.307310 seconds, bootstrap likelihood -64981.007981, best rearrangement setting 11
Bootstrap[40]: Time 1.199623 seconds, bootstrap likelihood -62717.621859, best rearrangement setting 9
Bootstrap[41]: Time 1.213938 seconds, bootstrap likelihood -63945.725565, best rearrangement setting 14
Bootstrap[42]: Time 0.940521 seconds, bootstrap likelihood -65638.085000, best rearrangement setting 5
Bootstrap[43]: Time 1.134763 seconds, bootstrap likelihood -64465.928945, best rearrangement setting 8
Bootstrap[44]: Time 1.184448 seconds, bootstrap likelihood -63428.916727, best rearrangement setting 10
Bootstrap[45]: Time 2.270563 seconds, bootstrap likelihood -64888.282828, best rearrangement setting 15
Bootstrap[46]: Time 1.166295 seconds, bootstrap likelihood -63414.858749, best rearrangement setting 8
Bootstrap[47]: Time 1.063691 seconds, bootstrap likelihood -64091.939903, best rearrangement setting 11
Bootstrap[48]: Time 0.820233 seconds, bootstrap likelihood -63830.094530, best rearrangement setting 5
Bootstrap[49]: Time 1.080440 seconds, bootstrap likelihood -65201.259935, best rearrangement setting 14
Bootstrap[50]: Time 1.263226 seconds, bootstrap likelihood -64551.757751, best rearrangement setting 10
Bootstrap[51]: Time 2.199534 seconds, bootstrap likelihood -65371.199179, best rearrangement setting 8
Bootstrap[52]: Time 1.318695 seconds, bootstrap likelihood -64518.704163, best rearrangement setting 9
Bootstrap[53]: Time 1.322233 seconds, bootstrap likelihood -64499.098948, best rearrangement setting 12
Bootstrap[54]: Time 1.274878 seconds, bootstrap likelihood -64222.191650, best rearrangement setting 8
Bootstrap[55]: Time 3.672387 seconds, bootstrap likelihood -63437.053554, best rearrangement setting 10
Bootstrap[56]: Time 1.170644 seconds, bootstrap likelihood -64272.067600, best rearrangement setting 12
Bootstrap[57]: Time 1.112554 seconds, bootstrap likelihood -63605.666083, best rearrangement setting 6
Bootstrap[58]: Time 1.244110 seconds, bootstrap likelihood -64667.644649, best rearrangement setting 9
Bootstrap[59]: Time 0.981935 seconds, bootstrap likelihood -63088.850912, best rearrangement setting 6
Bootstrap[60]: Time 1.125335 seconds, bootstrap likelihood -63071.877924, best rearrangement setting 11
Bootstrap[61]: Time 1.161456 seconds, bootstrap likelihood -64914.583931, best rearrangement setting 7
Bootstrap[62]: Time 1.101532 seconds, bootstrap likelihood -63973.193571, best rearrangement setting 7
Bootstrap[63]: Time 1.023514 seconds, bootstrap likelihood -62892.086332, best rearrangement setting 12
Bootstrap[64]: Time 1.138999 seconds, bootstrap likelihood -64589.566086, best rearrangement setting 14
Bootstrap[65]: Time 1.225935 seconds, bootstrap likelihood -64741.447876, best rearrangement setting 15
Bootstrap[66]: Time 1.121924 seconds, bootstrap likelihood -63454.369251, best rearrangement setting 8
Bootstrap[67]: Time 1.379149 seconds, bootstrap likelihood -64539.913563, best rearrangement setting 15
Bootstrap[68]: Time 1.113082 seconds, bootstrap likelihood -64391.514354, best rearrangement setting 12
Bootstrap[69]: Time 1.114603 seconds, bootstrap likelihood -64807.635051, best rearrangement setting 15
Bootstrap[70]: Time 1.216444 seconds, bootstrap likelihood -63953.111665, best rearrangement setting 15
Bootstrap[71]: Time 1.133517 seconds, bootstrap likelihood -63442.967269, best rearrangement setting 14
Bootstrap[72]: Time 1.038000 seconds, bootstrap likelihood -65485.231193, best rearrangement setting 7
Bootstrap[73]: Time 1.102919 seconds, bootstrap likelihood -64409.048994, best rearrangement setting 11
Bootstrap[74]: Time 1.161067 seconds, bootstrap likelihood -63415.004055, best rearrangement setting 6
Bootstrap[75]: Time 1.077799 seconds, bootstrap likelihood -64398.387955, best rearrangement setting 7
Bootstrap[76]: Time 0.903885 seconds, bootstrap likelihood -63625.333051, best rearrangement setting 5
Bootstrap[77]: Time 1.029667 seconds, bootstrap likelihood -63460.721490, best rearrangement setting 8
Bootstrap[78]: Time 1.090607 seconds, bootstrap likelihood -63903.848517, best rearrangement setting 12
Bootstrap[79]: Time 3.898674 seconds, bootstrap likelihood -64713.962857, best rearrangement setting 15
Bootstrap[80]: Time 1.222599 seconds, bootstrap likelihood -65534.543045, best rearrangement setting 11
Bootstrap[81]: Time 1.150195 seconds, bootstrap likelihood -64323.370724, best rearrangement setting 13
Bootstrap[82]: Time 1.124773 seconds, bootstrap likelihood -63802.843941, best rearrangement setting 15
Bootstrap[83]: Time 0.860643 seconds, bootstrap likelihood -64038.386870, best rearrangement setting 5
Bootstrap[84]: Time 1.170748 seconds, bootstrap likelihood -64292.576763, best rearrangement setting 14
Bootstrap[85]: Time 1.003668 seconds, bootstrap likelihood -64170.803705, best rearrangement setting 10
Bootstrap[86]: Time 1.160689 seconds, bootstrap likelihood -64792.742538, best rearrangement setting 7
Bootstrap[87]: Time 1.212043 seconds, bootstrap likelihood -64509.764494, best rearrangement setting 7
Bootstrap[88]: Time 1.059999 seconds, bootstrap likelihood -64577.323130, best rearrangement setting 9
Bootstrap[89]: Time 1.037374 seconds, bootstrap likelihood -64280.826557, best rearrangement setting 9
Bootstrap[90]: Time 1.118447 seconds, bootstrap likelihood -65061.396307, best rearrangement setting 8
Bootstrap[91]: Time 1.225467 seconds, bootstrap likelihood -64512.768159, best rearrangement setting 13
Bootstrap[92]: Time 1.332934 seconds, bootstrap likelihood -63706.061750, best rearrangement setting 15
Bootstrap[93]: Time 1.203963 seconds, bootstrap likelihood -65814.221002, best rearrangement setting 10
Bootstrap[94]: Time 0.909097 seconds, bootstrap likelihood -65423.645999, best rearrangement setting 6
Bootstrap[95]: Time 0.905757 seconds, bootstrap likelihood -64429.267833, best rearrangement setting 5
Bootstrap[96]: Time 3.252133 seconds, bootstrap likelihood -64526.801106, best rearrangement setting 14
Bootstrap[97]: Time 1.167996 seconds, bootstrap likelihood -64624.586181, best rearrangement setting 11
Bootstrap[98]: Time 8.427914 seconds, bootstrap likelihood -64529.774951, best rearrangement setting 15
Bootstrap[99]: Time 1.284178 seconds, bootstrap likelihood -64807.487363, best rearrangement setting 14


Overall Time for 100 Rapid Bootstraps 293.705439 seconds
Average Time per Rapid Bootstrap 2.937054 seconds

Starting ML Search ...

Fast ML optimization finished

Fast ML search Time: 513.058353 seconds

Slow ML Search 0 Likelihood: -64348.566754
Slow ML Search 1 Likelihood: -64349.241347
Slow ML Search 2 Likelihood: -64350.090902
Slow ML Search 3 Likelihood: -64350.247165
Slow ML Search 4 Likelihood: -64350.029602
Slow ML Search 5 Likelihood: -64350.535950
Slow ML Search 6 Likelihood: -64351.887161
Slow ML Search 7 Likelihood: -64353.279026
Slow ML Search 8 Likelihood: -64353.464741
Slow ML Search 9 Likelihood: -64353.602913
Slow ML optimization finished

Slow ML search Time: 31.429396 seconds
Thorough ML search Time: 26.261298 seconds

Final ML Optimization Likelihood: -64348.566749

Model Information:

Model Parameters of Partition 0, Name: No Name Provided, Type of Data: DNA
alpha: 0.326196
Tree-Length: 2.956250
rate A <-> C: 2.224051
rate A <-> G: 5.474937
rate A <-> T: 0.895730
rate C <-> G: 0.959031
rate C <-> T: 6.429824
rate G <-> T: 1.000000

freq pi(A): 0.370072
freq pi(C): 0.174217
freq pi(G): 0.234038
freq pi(T): 0.221673


ML search took 570.776631 secs or 0.158549 hours

Combined Bootstrap and ML search took 864.482214 secs or 0.240134 hours

Drawing Bootstrap Support Values on best-scoring ML tree ...



Found 1 tree in File /gpfs_home/mhowison/code/hiv-profile-sampling/scratch/trees/gag-pol-env/RAxML_bestTree.sample.126



Found 1 tree in File /gpfs_home/mhowison/code/hiv-profile-sampling/scratch/trees/gag-pol-env/RAxML_bestTree.sample.126

Program execution info written to /gpfs_home/mhowison/code/hiv-profile-sampling/scratch/trees/gag-pol-env/RAxML_info.sample.126
All 100 bootstrapped trees written to: /gpfs_home/mhowison/code/hiv-profile-sampling/scratch/trees/gag-pol-env/RAxML_bootstrap.sample.126

Best-scoring ML tree written to: /gpfs_home/mhowison/code/hiv-profile-sampling/scratch/trees/gag-pol-env/RAxML_bestTree.sample.126

Best-scoring ML tree with support values written to: /gpfs_home/mhowison/code/hiv-profile-sampling/scratch/trees/gag-pol-env/RAxML_bipartitions.sample.126

Best-scoring ML tree with support values as branch labels written to: /gpfs_home/mhowison/code/hiv-profile-sampling/scratch/trees/gag-pol-env/RAxML_bipartitionsBranchLabels.sample.126

Overall execution time for full ML analysis: 864.486775 secs or 0.240135 hours or 0.010006 days

