srun: job 264377 queued and waiting for resources
srun: job 264377 has been allocated resources
Warning, you specified a working directory via "-w"
Keep in mind that RAxML only accepts absolute path names, not relative ones!

RAxML can't, parse the alignment file as phylip file 
it will now try to parse it as FASTA file



Using BFGS method to optimize GTR rate parameters, to disable this specify "--no-bfgs" 


This is the RAxML Master Pthread

This is RAxML Worker Pthread Number: 1

This is RAxML Worker Pthread Number: 5

This is RAxML Worker Pthread Number: 2

This is RAxML Worker Pthread Number: 4

This is RAxML Worker Pthread Number: 3

This is RAxML Worker Pthread Number: 8

This is RAxML Worker Pthread Number: 6

This is RAxML Worker Pthread Number: 7

This is RAxML Worker Pthread Number: 9

This is RAxML Worker Pthread Number: 10

This is RAxML Worker Pthread Number: 11

This is RAxML Worker Pthread Number: 14

This is RAxML Worker Pthread Number: 13

This is RAxML Worker Pthread Number: 12

This is RAxML Worker Pthread Number: 15

This is RAxML Worker Pthread Number: 16

This is RAxML Worker Pthread Number: 19

This is RAxML Worker Pthread Number: 17

This is RAxML Worker Pthread Number: 18


This is RAxML version 8.2.12 released by Alexandros Stamatakis on May 2018.

With greatly appreciated code contributions by:
Andre Aberer      (HITS)
Simon Berger      (HITS)
Alexey Kozlov     (HITS)
Kassian Kobert    (HITS)
David Dao         (KIT and HITS)
Sarah Lutteropp   (KIT and HITS)
Nick Pattengale   (Sandia)
Wayne Pfeiffer    (SDSC)
Akifumi S. Tanabe (NRIFS)
Charlie Taylor    (UF)


Alignment has 3183 distinct alignment patterns

Proportion of gaps and completely undetermined characters in this alignment: 6.11%

RAxML rapid bootstrapping and subsequent ML search

Using 1 distinct models/data partitions with joint branch length optimization



Executing 100 rapid bootstrap inferences and thereafter a thorough ML search 

All free model parameters will be estimated by RAxML
GAMMA model of rate heterogeneity, ML estimate of alpha-parameter

GAMMA Model parameters will be estimated up to an accuracy of 0.1000000000 Log Likelihood units

Partition: 0
Alignment Patterns: 3183
Name: No Name Provided
DataType: DNA
Substitution Matrix: GTR




RAxML was called as follows:

raxmlHPC-PTHREADS-AVX -T 20 -s scratch/aligned/gag-pol-env/sample.316.fa -p 1860939673 -x 1860939673 -f a -N 100 -m GTRGAMMA -w /gpfs_home/mhowison/code/hiv-profile-sampling/scratch/trees/gag-pol-env -n sample.316 



Time for BS model parameter optimization 0.196199
Bootstrap[0]: Time 1.814064 seconds, bootstrap likelihood -64329.206013, best rearrangement setting 12
Bootstrap[1]: Time 1.095183 seconds, bootstrap likelihood -63727.103615, best rearrangement setting 5
Bootstrap[2]: Time 1.354474 seconds, bootstrap likelihood -64151.090491, best rearrangement setting 9
Bootstrap[3]: Time 1.413351 seconds, bootstrap likelihood -63494.239325, best rearrangement setting 14
Bootstrap[4]: Time 1.389353 seconds, bootstrap likelihood -64429.779788, best rearrangement setting 13
Bootstrap[5]: Time 1.486292 seconds, bootstrap likelihood -64383.330407, best rearrangement setting 10
Bootstrap[6]: Time 1.507097 seconds, bootstrap likelihood -63490.816765, best rearrangement setting 14
Bootstrap[7]: Time 1.310724 seconds, bootstrap likelihood -63704.443658, best rearrangement setting 6
Bootstrap[8]: Time 1.208028 seconds, bootstrap likelihood -64629.364073, best rearrangement setting 5
Bootstrap[9]: Time 1.391314 seconds, bootstrap likelihood -63715.646589, best rearrangement setting 13
Bootstrap[10]: Time 1.389980 seconds, bootstrap likelihood -63467.912177, best rearrangement setting 12
Bootstrap[11]: Time 1.276526 seconds, bootstrap likelihood -64711.265532, best rearrangement setting 7
Bootstrap[12]: Time 1.215324 seconds, bootstrap likelihood -64277.429106, best rearrangement setting 9
Bootstrap[13]: Time 1.395645 seconds, bootstrap likelihood -65548.890322, best rearrangement setting 9
Bootstrap[14]: Time 1.295885 seconds, bootstrap likelihood -65438.064106, best rearrangement setting 6
Bootstrap[15]: Time 1.294823 seconds, bootstrap likelihood -64617.754321, best rearrangement setting 7
Bootstrap[16]: Time 1.574753 seconds, bootstrap likelihood -66209.957179, best rearrangement setting 12
Bootstrap[17]: Time 1.502432 seconds, bootstrap likelihood -63498.170880, best rearrangement setting 13
Bootstrap[18]: Time 1.336621 seconds, bootstrap likelihood -64185.156899, best rearrangement setting 8
Bootstrap[19]: Time 1.436148 seconds, bootstrap likelihood -64262.804861, best rearrangement setting 13
Bootstrap[20]: Time 1.445654 seconds, bootstrap likelihood -64873.886305, best rearrangement setting 14
Bootstrap[21]: Time 1.399998 seconds, bootstrap likelihood -65166.936671, best rearrangement setting 7
Bootstrap[22]: Time 1.696835 seconds, bootstrap likelihood -63534.000929, best rearrangement setting 13
Bootstrap[23]: Time 1.226963 seconds, bootstrap likelihood -65950.902409, best rearrangement setting 6
Bootstrap[24]: Time 1.362627 seconds, bootstrap likelihood -64260.589281, best rearrangement setting 14
Bootstrap[25]: Time 1.483612 seconds, bootstrap likelihood -64292.680262, best rearrangement setting 10
Bootstrap[26]: Time 1.424092 seconds, bootstrap likelihood -64115.644505, best rearrangement setting 14
Bootstrap[27]: Time 1.121484 seconds, bootstrap likelihood -62815.431469, best rearrangement setting 5
Bootstrap[28]: Time 1.361116 seconds, bootstrap likelihood -63564.008090, best rearrangement setting 12
Bootstrap[29]: Time 1.571298 seconds, bootstrap likelihood -63790.594001, best rearrangement setting 7
Bootstrap[30]: Time 1.456798 seconds, bootstrap likelihood -66499.399850, best rearrangement setting 7
Bootstrap[31]: Time 1.079734 seconds, bootstrap likelihood -63806.487109, best rearrangement setting 6
Bootstrap[32]: Time 1.539709 seconds, bootstrap likelihood -63622.229897, best rearrangement setting 9
Bootstrap[33]: Time 1.418327 seconds, bootstrap likelihood -65245.983856, best rearrangement setting 12
Bootstrap[34]: Time 9.954125 seconds, bootstrap likelihood -63410.259182, best rearrangement setting 15
Bootstrap[35]: Time 1.389804 seconds, bootstrap likelihood -64672.409623, best rearrangement setting 13
Bootstrap[36]: Time 1.221174 seconds, bootstrap likelihood -63284.636587, best rearrangement setting 8
Bootstrap[37]: Time 1.372654 seconds, bootstrap likelihood -63308.815359, best rearrangement setting 13
Bootstrap[38]: Time 1.357913 seconds, bootstrap likelihood -64694.550281, best rearrangement setting 9
Bootstrap[39]: Time 4.707977 seconds, bootstrap likelihood -64646.478016, best rearrangement setting 14
Bootstrap[40]: Time 1.374833 seconds, bootstrap likelihood -62856.345475, best rearrangement setting 7
Bootstrap[41]: Time 1.360841 seconds, bootstrap likelihood -63476.579683, best rearrangement setting 13
Bootstrap[42]: Time 1.334069 seconds, bootstrap likelihood -65664.507568, best rearrangement setting 14
Bootstrap[43]: Time 1.489544 seconds, bootstrap likelihood -64814.617284, best rearrangement setting 11
Bootstrap[44]: Time 1.549818 seconds, bootstrap likelihood -62894.573754, best rearrangement setting 12
Bootstrap[45]: Time 1.508683 seconds, bootstrap likelihood -64696.404832, best rearrangement setting 7
Bootstrap[46]: Time 1.379530 seconds, bootstrap likelihood -63409.968197, best rearrangement setting 10
Bootstrap[47]: Time 1.301074 seconds, bootstrap likelihood -64605.006562, best rearrangement setting 9
Bootstrap[48]: Time 1.465008 seconds, bootstrap likelihood -63945.523572, best rearrangement setting 7
Bootstrap[49]: Time 1.046022 seconds, bootstrap likelihood -64385.032275, best rearrangement setting 5
Bootstrap[50]: Time 1.347358 seconds, bootstrap likelihood -65009.459514, best rearrangement setting 8
Bootstrap[51]: Time 1.077738 seconds, bootstrap likelihood -62463.176250, best rearrangement setting 5
Bootstrap[52]: Time 1.349321 seconds, bootstrap likelihood -65187.906974, best rearrangement setting 8
Bootstrap[53]: Time 1.247717 seconds, bootstrap likelihood -63470.903722, best rearrangement setting 9
Bootstrap[54]: Time 1.571540 seconds, bootstrap likelihood -64945.214107, best rearrangement setting 13
Bootstrap[55]: Time 1.395634 seconds, bootstrap likelihood -64238.655918, best rearrangement setting 8
Bootstrap[56]: Time 1.640845 seconds, bootstrap likelihood -64912.725931, best rearrangement setting 15
Bootstrap[57]: Time 1.477182 seconds, bootstrap likelihood -65436.026107, best rearrangement setting 12
Bootstrap[58]: Time 1.257218 seconds, bootstrap likelihood -63721.915624, best rearrangement setting 6
Bootstrap[59]: Time 1.510687 seconds, bootstrap likelihood -62002.723601, best rearrangement setting 13
Bootstrap[60]: Time 1.571116 seconds, bootstrap likelihood -63686.953067, best rearrangement setting 9
Bootstrap[61]: Time 1.334424 seconds, bootstrap likelihood -64404.272248, best rearrangement setting 9
Bootstrap[62]: Time 1.410467 seconds, bootstrap likelihood -62655.059099, best rearrangement setting 8
Bootstrap[63]: Time 1.202300 seconds, bootstrap likelihood -64451.597553, best rearrangement setting 7
Bootstrap[64]: Time 1.689942 seconds, bootstrap likelihood -65881.862632, best rearrangement setting 11
Bootstrap[65]: Time 1.330371 seconds, bootstrap likelihood -65338.691639, best rearrangement setting 8
Bootstrap[66]: Time 1.387951 seconds, bootstrap likelihood -63119.158561, best rearrangement setting 13
Bootstrap[67]: Time 1.312950 seconds, bootstrap likelihood -64040.272668, best rearrangement setting 11
Bootstrap[68]: Time 1.222281 seconds, bootstrap likelihood -64801.223323, best rearrangement setting 6
Bootstrap[69]: Time 1.365397 seconds, bootstrap likelihood -65198.619624, best rearrangement setting 8
Bootstrap[70]: Time 1.474851 seconds, bootstrap likelihood -65612.849419, best rearrangement setting 12
Bootstrap[71]: Time 1.256954 seconds, bootstrap likelihood -65197.718491, best rearrangement setting 8
Bootstrap[72]: Time 1.402242 seconds, bootstrap likelihood -65224.404514, best rearrangement setting 11
Bootstrap[73]: Time 1.412688 seconds, bootstrap likelihood -63138.429175, best rearrangement setting 9
Bootstrap[74]: Time 1.298134 seconds, bootstrap likelihood -64728.221984, best rearrangement setting 11
Bootstrap[75]: Time 1.358427 seconds, bootstrap likelihood -63765.829294, best rearrangement setting 9
Bootstrap[76]: Time 1.435539 seconds, bootstrap likelihood -64389.423579, best rearrangement setting 10
Bootstrap[77]: Time 1.294554 seconds, bootstrap likelihood -63006.750109, best rearrangement setting 7
Bootstrap[78]: Time 6.678992 seconds, bootstrap likelihood -65680.137670, best rearrangement setting 9
Bootstrap[79]: Time 1.618107 seconds, bootstrap likelihood -64955.034241, best rearrangement setting 12
Bootstrap[80]: Time 1.416867 seconds, bootstrap likelihood -64601.288713, best rearrangement setting 8
Bootstrap[81]: Time 1.149748 seconds, bootstrap likelihood -64861.402584, best rearrangement setting 13
Bootstrap[82]: Time 1.289862 seconds, bootstrap likelihood -63722.824404, best rearrangement setting 6
Bootstrap[83]: Time 1.503205 seconds, bootstrap likelihood -64681.694287, best rearrangement setting 10
Bootstrap[84]: Time 2.001998 seconds, bootstrap likelihood -64710.770335, best rearrangement setting 5
Bootstrap[85]: Time 1.464833 seconds, bootstrap likelihood -64914.050773, best rearrangement setting 12
Bootstrap[86]: Time 1.444464 seconds, bootstrap likelihood -64011.026525, best rearrangement setting 9
Bootstrap[87]: Time 1.580500 seconds, bootstrap likelihood -64293.199326, best rearrangement setting 14
Bootstrap[88]: Time 1.451908 seconds, bootstrap likelihood -62705.190349, best rearrangement setting 8
Bootstrap[89]: Time 1.668484 seconds, bootstrap likelihood -64360.893089, best rearrangement setting 15
Bootstrap[90]: Time 1.648395 seconds, bootstrap likelihood -64359.273945, best rearrangement setting 14
Bootstrap[91]: Time 1.574449 seconds, bootstrap likelihood -62672.902835, best rearrangement setting 11
Bootstrap[92]: Time 1.562003 seconds, bootstrap likelihood -63234.424852, best rearrangement setting 7
Bootstrap[93]: Time 1.406514 seconds, bootstrap likelihood -64715.641692, best rearrangement setting 13
Bootstrap[94]: Time 1.392331 seconds, bootstrap likelihood -64803.534719, best rearrangement setting 14
Bootstrap[95]: Time 1.752266 seconds, bootstrap likelihood -64453.605349, best rearrangement setting 7
Bootstrap[96]: Time 1.451124 seconds, bootstrap likelihood -64712.783260, best rearrangement setting 11
Bootstrap[97]: Time 1.094315 seconds, bootstrap likelihood -64370.592984, best rearrangement setting 5
Bootstrap[98]: Time 1.112249 seconds, bootstrap likelihood -65330.149651, best rearrangement setting 5
Bootstrap[99]: Time 1.549247 seconds, bootstrap likelihood -64042.448603, best rearrangement setting 10


Overall Time for 100 Rapid Bootstraps 157.604749 seconds
Average Time per Rapid Bootstrap 1.576047 seconds

Starting ML Search ...

Fast ML optimization finished

Fast ML search Time: 140.435534 seconds

Slow ML Search 0 Likelihood: -64253.006048
Slow ML Search 1 Likelihood: -64254.413825
Slow ML Search 2 Likelihood: -64255.527020
Slow ML Search 3 Likelihood: -64255.596702
Slow ML Search 4 Likelihood: -64256.123935
Slow ML Search 5 Likelihood: -64256.794130
Slow ML Search 6 Likelihood: -64256.794129
Slow ML Search 7 Likelihood: -64257.081471
Slow ML Search 8 Likelihood: -64257.466640
Slow ML Search 9 Likelihood: -64257.933589
Slow ML optimization finished

Slow ML search Time: 22.552405 seconds
Thorough ML search Time: 2.343058 seconds

Final ML Optimization Likelihood: -64253.006050

Model Information:

Model Parameters of Partition 0, Name: No Name Provided, Type of Data: DNA
alpha: 0.327392
Tree-Length: 3.011081
rate A <-> C: 2.091723
rate A <-> G: 5.314533
rate A <-> T: 0.851410
rate C <-> G: 0.866268
rate C <-> T: 6.073289
rate G <-> T: 1.000000

freq pi(A): 0.370023
freq pi(C): 0.174013
freq pi(G): 0.234360
freq pi(T): 0.221604


ML search took 165.337994 secs or 0.045927 hours

Combined Bootstrap and ML search took 322.942901 secs or 0.089706 hours

Drawing Bootstrap Support Values on best-scoring ML tree ...



Found 1 tree in File /gpfs_home/mhowison/code/hiv-profile-sampling/scratch/trees/gag-pol-env/RAxML_bestTree.sample.316



Found 1 tree in File /gpfs_home/mhowison/code/hiv-profile-sampling/scratch/trees/gag-pol-env/RAxML_bestTree.sample.316

Program execution info written to /gpfs_home/mhowison/code/hiv-profile-sampling/scratch/trees/gag-pol-env/RAxML_info.sample.316
All 100 bootstrapped trees written to: /gpfs_home/mhowison/code/hiv-profile-sampling/scratch/trees/gag-pol-env/RAxML_bootstrap.sample.316

Best-scoring ML tree written to: /gpfs_home/mhowison/code/hiv-profile-sampling/scratch/trees/gag-pol-env/RAxML_bestTree.sample.316

Best-scoring ML tree with support values written to: /gpfs_home/mhowison/code/hiv-profile-sampling/scratch/trees/gag-pol-env/RAxML_bipartitions.sample.316

Best-scoring ML tree with support values as branch labels written to: /gpfs_home/mhowison/code/hiv-profile-sampling/scratch/trees/gag-pol-env/RAxML_bipartitionsBranchLabels.sample.316

Overall execution time for full ML analysis: 322.948027 secs or 0.089708 hours or 0.003738 days

