srun: job 263974 queued and waiting for resources
srun: job 263974 has been allocated resources
Warning, you specified a working directory via "-w"
Keep in mind that RAxML only accepts absolute path names, not relative ones!

RAxML can't, parse the alignment file as phylip file 
it will now try to parse it as FASTA file



Using BFGS method to optimize GTR rate parameters, to disable this specify "--no-bfgs" 


This is the RAxML Master Pthread

This is RAxML Worker Pthread Number: 1

This is RAxML Worker Pthread Number: 2

This is RAxML Worker Pthread Number: 3

This is RAxML Worker Pthread Number: 4

This is RAxML Worker Pthread Number: 5

This is RAxML Worker Pthread Number: 6

This is RAxML Worker Pthread Number: 8

This is RAxML Worker Pthread Number: 7

This is RAxML Worker Pthread Number: 10

This is RAxML Worker Pthread Number: 9

This is RAxML Worker Pthread Number: 12

This is RAxML Worker Pthread Number: 13

This is RAxML Worker Pthread Number: 11

This is RAxML Worker Pthread Number: 14

This is RAxML Worker Pthread Number: 15

This is RAxML Worker Pthread Number: 17

This is RAxML Worker Pthread Number: 16

This is RAxML Worker Pthread Number: 18

This is RAxML Worker Pthread Number: 19


This is RAxML version 8.2.12 released by Alexandros Stamatakis on May 2018.

With greatly appreciated code contributions by:
Andre Aberer      (HITS)
Simon Berger      (HITS)
Alexey Kozlov     (HITS)
Kassian Kobert    (HITS)
David Dao         (KIT and HITS)
Sarah Lutteropp   (KIT and HITS)
Nick Pattengale   (Sandia)
Wayne Pfeiffer    (SDSC)
Akifumi S. Tanabe (NRIFS)
Charlie Taylor    (UF)


Alignment has 3200 distinct alignment patterns

Proportion of gaps and completely undetermined characters in this alignment: 6.12%

RAxML rapid bootstrapping and subsequent ML search

Using 1 distinct models/data partitions with joint branch length optimization



Executing 100 rapid bootstrap inferences and thereafter a thorough ML search 

All free model parameters will be estimated by RAxML
GAMMA model of rate heterogeneity, ML estimate of alpha-parameter

GAMMA Model parameters will be estimated up to an accuracy of 0.1000000000 Log Likelihood units

Partition: 0
Alignment Patterns: 3200
Name: No Name Provided
DataType: DNA
Substitution Matrix: GTR




RAxML was called as follows:

raxmlHPC-PTHREADS-AVX -T 20 -s scratch/aligned/gag-pol-env/sample.118.fa -p 0802348745 -x 0802348745 -f a -N 100 -m GTRGAMMA -w /gpfs_home/mhowison/code/hiv-profile-sampling/scratch/trees/gag-pol-env -n sample.118 



Time for BS model parameter optimization 0.202679
Bootstrap[0]: Time 1.814744 seconds, bootstrap likelihood -65186.208073, best rearrangement setting 7
Bootstrap[1]: Time 1.118063 seconds, bootstrap likelihood -64132.996223, best rearrangement setting 6
Bootstrap[2]: Time 0.963634 seconds, bootstrap likelihood -63261.831115, best rearrangement setting 5
Bootstrap[3]: Time 1.326115 seconds, bootstrap likelihood -64387.161474, best rearrangement setting 13
Bootstrap[4]: Time 1.309081 seconds, bootstrap likelihood -64764.663159, best rearrangement setting 10
Bootstrap[5]: Time 1.371596 seconds, bootstrap likelihood -63584.259397, best rearrangement setting 14
Bootstrap[6]: Time 1.288567 seconds, bootstrap likelihood -64864.961225, best rearrangement setting 14
Bootstrap[7]: Time 1.116354 seconds, bootstrap likelihood -65169.983843, best rearrangement setting 6
Bootstrap[8]: Time 1.938880 seconds, bootstrap likelihood -63951.181267, best rearrangement setting 14
Bootstrap[9]: Time 1.266413 seconds, bootstrap likelihood -65507.107704, best rearrangement setting 12
Bootstrap[10]: Time 1.491254 seconds, bootstrap likelihood -65036.045717, best rearrangement setting 10
Bootstrap[11]: Time 1.335837 seconds, bootstrap likelihood -63676.760011, best rearrangement setting 15
Bootstrap[12]: Time 1.109565 seconds, bootstrap likelihood -64372.678745, best rearrangement setting 6
Bootstrap[13]: Time 1.246247 seconds, bootstrap likelihood -64095.495709, best rearrangement setting 15
Bootstrap[14]: Time 1.308834 seconds, bootstrap likelihood -64872.982993, best rearrangement setting 12
Bootstrap[15]: Time 1.287610 seconds, bootstrap likelihood -63468.920586, best rearrangement setting 7
Bootstrap[16]: Time 1.034283 seconds, bootstrap likelihood -64951.210492, best rearrangement setting 5
Bootstrap[17]: Time 1.400878 seconds, bootstrap likelihood -63855.194020, best rearrangement setting 14
Bootstrap[18]: Time 1.255916 seconds, bootstrap likelihood -64578.241880, best rearrangement setting 9
Bootstrap[19]: Time 1.800602 seconds, bootstrap likelihood -63340.796844, best rearrangement setting 6
Bootstrap[20]: Time 1.283636 seconds, bootstrap likelihood -65802.785819, best rearrangement setting 12
Bootstrap[21]: Time 1.124441 seconds, bootstrap likelihood -65315.030615, best rearrangement setting 6
Bootstrap[22]: Time 1.258585 seconds, bootstrap likelihood -64130.140237, best rearrangement setting 8
Bootstrap[23]: Time 1.269885 seconds, bootstrap likelihood -63513.761870, best rearrangement setting 13
Bootstrap[24]: Time 1.169620 seconds, bootstrap likelihood -65012.072833, best rearrangement setting 7
Bootstrap[25]: Time 0.990165 seconds, bootstrap likelihood -64137.175382, best rearrangement setting 5
Bootstrap[26]: Time 1.209616 seconds, bootstrap likelihood -64071.192206, best rearrangement setting 11
Bootstrap[27]: Time 1.248019 seconds, bootstrap likelihood -62858.630061, best rearrangement setting 15
Bootstrap[28]: Time 1.249148 seconds, bootstrap likelihood -64414.893529, best rearrangement setting 10
Bootstrap[29]: Time 1.300547 seconds, bootstrap likelihood -66452.158544, best rearrangement setting 15
Bootstrap[30]: Time 1.162751 seconds, bootstrap likelihood -64768.331222, best rearrangement setting 10
Bootstrap[31]: Time 1.206965 seconds, bootstrap likelihood -64220.467495, best rearrangement setting 14
Bootstrap[32]: Time 1.286820 seconds, bootstrap likelihood -63391.856217, best rearrangement setting 10
Bootstrap[33]: Time 1.339846 seconds, bootstrap likelihood -64919.751455, best rearrangement setting 9
Bootstrap[34]: Time 1.218780 seconds, bootstrap likelihood -62943.349617, best rearrangement setting 10
Bootstrap[35]: Time 1.318744 seconds, bootstrap likelihood -65381.496814, best rearrangement setting 9
Bootstrap[36]: Time 1.217812 seconds, bootstrap likelihood -63353.574629, best rearrangement setting 10
Bootstrap[37]: Time 1.224919 seconds, bootstrap likelihood -64887.833441, best rearrangement setting 9
Bootstrap[38]: Time 0.959214 seconds, bootstrap likelihood -63670.704005, best rearrangement setting 5
Bootstrap[39]: Time 1.248419 seconds, bootstrap likelihood -65469.285857, best rearrangement setting 7
Bootstrap[40]: Time 1.542965 seconds, bootstrap likelihood -64935.531929, best rearrangement setting 10
Bootstrap[41]: Time 1.361704 seconds, bootstrap likelihood -65136.241228, best rearrangement setting 10
Bootstrap[42]: Time 1.290053 seconds, bootstrap likelihood -63162.348235, best rearrangement setting 12
Bootstrap[43]: Time 40.933186 seconds, bootstrap likelihood -64085.835377, best rearrangement setting 12
Bootstrap[44]: Time 1.116311 seconds, bootstrap likelihood -65229.321497, best rearrangement setting 6
Bootstrap[45]: Time 1.229980 seconds, bootstrap likelihood -65582.851061, best rearrangement setting 14
Bootstrap[46]: Time 0.981213 seconds, bootstrap likelihood -64911.638710, best rearrangement setting 5
Bootstrap[47]: Time 1.511309 seconds, bootstrap likelihood -65724.959374, best rearrangement setting 13
Bootstrap[48]: Time 1.287221 seconds, bootstrap likelihood -64063.287450, best rearrangement setting 9
Bootstrap[49]: Time 1.209458 seconds, bootstrap likelihood -64809.939404, best rearrangement setting 14
Bootstrap[50]: Time 1.276789 seconds, bootstrap likelihood -63995.698240, best rearrangement setting 6
Bootstrap[51]: Time 1.331629 seconds, bootstrap likelihood -64005.552980, best rearrangement setting 12
Bootstrap[52]: Time 1.230437 seconds, bootstrap likelihood -63802.604265, best rearrangement setting 10
Bootstrap[53]: Time 1.385099 seconds, bootstrap likelihood -63109.226356, best rearrangement setting 8
Bootstrap[54]: Time 0.971594 seconds, bootstrap likelihood -63435.393118, best rearrangement setting 5
Bootstrap[55]: Time 1.399644 seconds, bootstrap likelihood -65377.016850, best rearrangement setting 13
Bootstrap[56]: Time 1.264994 seconds, bootstrap likelihood -64137.879091, best rearrangement setting 15
Bootstrap[57]: Time 1.365534 seconds, bootstrap likelihood -65988.401771, best rearrangement setting 13
Bootstrap[58]: Time 1.025761 seconds, bootstrap likelihood -64910.588674, best rearrangement setting 6
Bootstrap[59]: Time 1.804844 seconds, bootstrap likelihood -63865.346430, best rearrangement setting 8
Bootstrap[60]: Time 0.953248 seconds, bootstrap likelihood -64753.460140, best rearrangement setting 5
Bootstrap[61]: Time 1.342599 seconds, bootstrap likelihood -66022.372824, best rearrangement setting 12
Bootstrap[62]: Time 1.540064 seconds, bootstrap likelihood -64266.109737, best rearrangement setting 15
Bootstrap[63]: Time 1.498992 seconds, bootstrap likelihood -64355.208934, best rearrangement setting 10
Bootstrap[64]: Time 1.316400 seconds, bootstrap likelihood -63559.526114, best rearrangement setting 7
Bootstrap[65]: Time 4.046584 seconds, bootstrap likelihood -63841.235950, best rearrangement setting 9
Bootstrap[66]: Time 1.300257 seconds, bootstrap likelihood -65244.357800, best rearrangement setting 8
Bootstrap[67]: Time 1.388614 seconds, bootstrap likelihood -63361.310891, best rearrangement setting 9
Bootstrap[68]: Time 1.438498 seconds, bootstrap likelihood -63108.859967, best rearrangement setting 8
Bootstrap[69]: Time 0.941683 seconds, bootstrap likelihood -66188.272068, best rearrangement setting 5
Bootstrap[70]: Time 1.439625 seconds, bootstrap likelihood -63821.830374, best rearrangement setting 12
Bootstrap[71]: Time 0.976081 seconds, bootstrap likelihood -65339.618752, best rearrangement setting 5
Bootstrap[72]: Time 1.045730 seconds, bootstrap likelihood -63507.764214, best rearrangement setting 7
Bootstrap[73]: Time 4.069342 seconds, bootstrap likelihood -64923.878063, best rearrangement setting 9
Bootstrap[74]: Time 1.357304 seconds, bootstrap likelihood -64680.380906, best rearrangement setting 9
Bootstrap[75]: Time 3.332583 seconds, bootstrap likelihood -64165.728464, best rearrangement setting 12
Bootstrap[76]: Time 0.952649 seconds, bootstrap likelihood -65189.778782, best rearrangement setting 5
Bootstrap[77]: Time 1.985176 seconds, bootstrap likelihood -63643.522478, best rearrangement setting 6
Bootstrap[78]: Time 1.158903 seconds, bootstrap likelihood -63392.619196, best rearrangement setting 9
Bootstrap[79]: Time 1.473239 seconds, bootstrap likelihood -65535.867441, best rearrangement setting 15
Bootstrap[80]: Time 1.409082 seconds, bootstrap likelihood -63043.441556, best rearrangement setting 13
Bootstrap[81]: Time 1.283882 seconds, bootstrap likelihood -65570.186902, best rearrangement setting 8
Bootstrap[82]: Time 1.465190 seconds, bootstrap likelihood -65086.123341, best rearrangement setting 11
Bootstrap[83]: Time 1.319897 seconds, bootstrap likelihood -64414.549440, best rearrangement setting 15
Bootstrap[84]: Time 1.230390 seconds, bootstrap likelihood -62797.466218, best rearrangement setting 8
Bootstrap[85]: Time 1.333388 seconds, bootstrap likelihood -65466.650088, best rearrangement setting 13
Bootstrap[86]: Time 1.295425 seconds, bootstrap likelihood -64705.641165, best rearrangement setting 9
Bootstrap[87]: Time 1.196974 seconds, bootstrap likelihood -63760.529794, best rearrangement setting 14
Bootstrap[88]: Time 0.982176 seconds, bootstrap likelihood -65428.729646, best rearrangement setting 6
Bootstrap[89]: Time 1.182756 seconds, bootstrap likelihood -65047.275836, best rearrangement setting 10
Bootstrap[90]: Time 1.314345 seconds, bootstrap likelihood -63934.955180, best rearrangement setting 15
Bootstrap[91]: Time 1.386383 seconds, bootstrap likelihood -64031.872420, best rearrangement setting 14
Bootstrap[92]: Time 1.170870 seconds, bootstrap likelihood -63252.568844, best rearrangement setting 7
Bootstrap[93]: Time 1.362947 seconds, bootstrap likelihood -63929.525371, best rearrangement setting 11
Bootstrap[94]: Time 1.341725 seconds, bootstrap likelihood -64114.083049, best rearrangement setting 12
Bootstrap[95]: Time 1.510593 seconds, bootstrap likelihood -64214.283193, best rearrangement setting 13
Bootstrap[96]: Time 1.317183 seconds, bootstrap likelihood -65990.973129, best rearrangement setting 7
Bootstrap[97]: Time 1.116673 seconds, bootstrap likelihood -65344.694577, best rearrangement setting 8
Bootstrap[98]: Time 1.149533 seconds, bootstrap likelihood -64948.226975, best rearrangement setting 7
Bootstrap[99]: Time 1.352610 seconds, bootstrap likelihood -65102.856252, best rearrangement setting 12


Overall Time for 100 Rapid Bootstraps 176.063761 seconds
Average Time per Rapid Bootstrap 1.760638 seconds

Starting ML Search ...

Fast ML optimization finished

Fast ML search Time: 257.834389 seconds

Slow ML Search 0 Likelihood: -64560.913114
Slow ML Search 1 Likelihood: -64560.913114
Slow ML Search 2 Likelihood: -64560.913114
Slow ML Search 3 Likelihood: -64560.913115
Slow ML Search 4 Likelihood: -64561.157386
Slow ML Search 5 Likelihood: -64563.187639
Slow ML Search 6 Likelihood: -64563.187640
Slow ML Search 7 Likelihood: -64563.879638
Slow ML Search 8 Likelihood: -64563.879638
Slow ML Search 9 Likelihood: -64564.989942
Slow ML optimization finished

Slow ML search Time: 20.925783 seconds
Thorough ML search Time: 2.237986 seconds

Final ML Optimization Likelihood: -64560.893601

Model Information:

Model Parameters of Partition 0, Name: No Name Provided, Type of Data: DNA
alpha: 0.330680
Tree-Length: 2.998688
rate A <-> C: 2.210532
rate A <-> G: 5.590474
rate A <-> T: 0.927025
rate C <-> G: 0.920227
rate C <-> T: 6.217574
rate G <-> T: 1.000000

freq pi(A): 0.369972
freq pi(C): 0.174193
freq pi(G): 0.234343
freq pi(T): 0.221492


ML search took 281.003825 secs or 0.078057 hours

Combined Bootstrap and ML search took 457.067730 secs or 0.126963 hours

Drawing Bootstrap Support Values on best-scoring ML tree ...



Found 1 tree in File /gpfs_home/mhowison/code/hiv-profile-sampling/scratch/trees/gag-pol-env/RAxML_bestTree.sample.118



Found 1 tree in File /gpfs_home/mhowison/code/hiv-profile-sampling/scratch/trees/gag-pol-env/RAxML_bestTree.sample.118

Program execution info written to /gpfs_home/mhowison/code/hiv-profile-sampling/scratch/trees/gag-pol-env/RAxML_info.sample.118
All 100 bootstrapped trees written to: /gpfs_home/mhowison/code/hiv-profile-sampling/scratch/trees/gag-pol-env/RAxML_bootstrap.sample.118

Best-scoring ML tree written to: /gpfs_home/mhowison/code/hiv-profile-sampling/scratch/trees/gag-pol-env/RAxML_bestTree.sample.118

Best-scoring ML tree with support values written to: /gpfs_home/mhowison/code/hiv-profile-sampling/scratch/trees/gag-pol-env/RAxML_bipartitions.sample.118

Best-scoring ML tree with support values as branch labels written to: /gpfs_home/mhowison/code/hiv-profile-sampling/scratch/trees/gag-pol-env/RAxML_bipartitionsBranchLabels.sample.118

Overall execution time for full ML analysis: 457.071746 secs or 0.126964 hours or 0.005290 days

