srun: job 264497 queued and waiting for resources
srun: job 264497 has been allocated resources
Warning, you specified a working directory via "-w"
Keep in mind that RAxML only accepts absolute path names, not relative ones!

RAxML can't, parse the alignment file as phylip file 
it will now try to parse it as FASTA file



Using BFGS method to optimize GTR rate parameters, to disable this specify "--no-bfgs" 


This is the RAxML Master Pthread

This is RAxML Worker Pthread Number: 2

This is RAxML Worker Pthread Number: 4

This is RAxML Worker Pthread Number: 3

This is RAxML Worker Pthread Number: 1

This is RAxML Worker Pthread Number: 5

This is RAxML Worker Pthread Number: 6

This is RAxML Worker Pthread Number: 7

This is RAxML Worker Pthread Number: 8

This is RAxML Worker Pthread Number: 10

This is RAxML Worker Pthread Number: 9

This is RAxML Worker Pthread Number: 12

This is RAxML Worker Pthread Number: 14

This is RAxML Worker Pthread Number: 11

This is RAxML Worker Pthread Number: 15

This is RAxML Worker Pthread Number: 13

This is RAxML Worker Pthread Number: 16

This is RAxML Worker Pthread Number: 17

This is RAxML Worker Pthread Number: 19

This is RAxML Worker Pthread Number: 18


This is RAxML version 8.2.12 released by Alexandros Stamatakis on May 2018.

With greatly appreciated code contributions by:
Andre Aberer      (HITS)
Simon Berger      (HITS)
Alexey Kozlov     (HITS)
Kassian Kobert    (HITS)
David Dao         (KIT and HITS)
Sarah Lutteropp   (KIT and HITS)
Nick Pattengale   (Sandia)
Wayne Pfeiffer    (SDSC)
Akifumi S. Tanabe (NRIFS)
Charlie Taylor    (UF)


Alignment has 3177 distinct alignment patterns

Proportion of gaps and completely undetermined characters in this alignment: 6.12%

RAxML rapid bootstrapping and subsequent ML search

Using 1 distinct models/data partitions with joint branch length optimization



Executing 100 rapid bootstrap inferences and thereafter a thorough ML search 

All free model parameters will be estimated by RAxML
GAMMA model of rate heterogeneity, ML estimate of alpha-parameter

GAMMA Model parameters will be estimated up to an accuracy of 0.1000000000 Log Likelihood units

Partition: 0
Alignment Patterns: 3177
Name: No Name Provided
DataType: DNA
Substitution Matrix: GTR




RAxML was called as follows:

raxmlHPC-PTHREADS-AVX -T 20 -s scratch/aligned/gag-pol-env/sample.405.fa -p 5045493253 -x 5045493253 -f a -N 100 -m GTRGAMMA -w /gpfs_home/mhowison/code/hiv-profile-sampling/scratch/trees/gag-pol-env -n sample.405 



Time for BS model parameter optimization 0.156181
Bootstrap[0]: Time 1.250786 seconds, bootstrap likelihood -64335.821724, best rearrangement setting 6
Bootstrap[1]: Time 1.016711 seconds, bootstrap likelihood -63971.390329, best rearrangement setting 6
Bootstrap[2]: Time 1.094751 seconds, bootstrap likelihood -63401.473486, best rearrangement setting 8
Bootstrap[3]: Time 1.047051 seconds, bootstrap likelihood -63998.629139, best rearrangement setting 9
Bootstrap[4]: Time 1.149686 seconds, bootstrap likelihood -63688.390155, best rearrangement setting 15
Bootstrap[5]: Time 0.860426 seconds, bootstrap likelihood -63401.268341, best rearrangement setting 5
Bootstrap[6]: Time 1.157823 seconds, bootstrap likelihood -64134.262628, best rearrangement setting 6
Bootstrap[7]: Time 1.234638 seconds, bootstrap likelihood -64427.076336, best rearrangement setting 9
Bootstrap[8]: Time 1.180850 seconds, bootstrap likelihood -63927.675662, best rearrangement setting 8
Bootstrap[9]: Time 1.399932 seconds, bootstrap likelihood -64540.558173, best rearrangement setting 11
Bootstrap[10]: Time 1.921103 seconds, bootstrap likelihood -64387.146410, best rearrangement setting 9
Bootstrap[11]: Time 0.932652 seconds, bootstrap likelihood -65207.261076, best rearrangement setting 5
Bootstrap[12]: Time 1.106386 seconds, bootstrap likelihood -64028.133146, best rearrangement setting 8
Bootstrap[13]: Time 0.974620 seconds, bootstrap likelihood -64633.766138, best rearrangement setting 6
Bootstrap[14]: Time 1.285590 seconds, bootstrap likelihood -65033.600562, best rearrangement setting 11
Bootstrap[15]: Time 1.020038 seconds, bootstrap likelihood -64112.608522, best rearrangement setting 7
Bootstrap[16]: Time 1.260223 seconds, bootstrap likelihood -64234.950607, best rearrangement setting 13
Bootstrap[17]: Time 1.151854 seconds, bootstrap likelihood -62721.539060, best rearrangement setting 9
Bootstrap[18]: Time 0.882457 seconds, bootstrap likelihood -64496.836694, best rearrangement setting 5
Bootstrap[19]: Time 1.151017 seconds, bootstrap likelihood -63069.431363, best rearrangement setting 9
Bootstrap[20]: Time 2.875745 seconds, bootstrap likelihood -63778.868805, best rearrangement setting 9
Bootstrap[21]: Time 1.528805 seconds, bootstrap likelihood -65009.953853, best rearrangement setting 12
Bootstrap[22]: Time 1.318582 seconds, bootstrap likelihood -64116.761011, best rearrangement setting 11
Bootstrap[23]: Time 1.223895 seconds, bootstrap likelihood -63784.526162, best rearrangement setting 14
Bootstrap[24]: Time 0.998590 seconds, bootstrap likelihood -65595.216646, best rearrangement setting 5
Bootstrap[25]: Time 1.160875 seconds, bootstrap likelihood -64988.482799, best rearrangement setting 13
Bootstrap[26]: Time 1.287602 seconds, bootstrap likelihood -65847.196124, best rearrangement setting 13
Bootstrap[27]: Time 1.377826 seconds, bootstrap likelihood -65286.447521, best rearrangement setting 12
Bootstrap[28]: Time 1.300216 seconds, bootstrap likelihood -65080.253237, best rearrangement setting 10
Bootstrap[29]: Time 1.230117 seconds, bootstrap likelihood -63743.042317, best rearrangement setting 12
Bootstrap[30]: Time 1.225299 seconds, bootstrap likelihood -64692.480076, best rearrangement setting 7
Bootstrap[31]: Time 1.126113 seconds, bootstrap likelihood -65120.271996, best rearrangement setting 8
Bootstrap[32]: Time 2.853462 seconds, bootstrap likelihood -64238.237194, best rearrangement setting 6
Bootstrap[33]: Time 1.346018 seconds, bootstrap likelihood -64507.928366, best rearrangement setting 14
Bootstrap[34]: Time 0.910221 seconds, bootstrap likelihood -64093.418859, best rearrangement setting 5
Bootstrap[35]: Time 1.109697 seconds, bootstrap likelihood -66071.994298, best rearrangement setting 6
Bootstrap[36]: Time 1.056118 seconds, bootstrap likelihood -63533.209121, best rearrangement setting 6
Bootstrap[37]: Time 1.146651 seconds, bootstrap likelihood -63927.611206, best rearrangement setting 11
Bootstrap[38]: Time 1.301943 seconds, bootstrap likelihood -64408.569016, best rearrangement setting 9
Bootstrap[39]: Time 1.434904 seconds, bootstrap likelihood -63075.192263, best rearrangement setting 10
Bootstrap[40]: Time 1.160273 seconds, bootstrap likelihood -62811.924073, best rearrangement setting 13
Bootstrap[41]: Time 1.106063 seconds, bootstrap likelihood -65647.115723, best rearrangement setting 8
Bootstrap[42]: Time 1.615776 seconds, bootstrap likelihood -63888.518818, best rearrangement setting 11
Bootstrap[43]: Time 1.986194 seconds, bootstrap likelihood -63687.419948, best rearrangement setting 6
Bootstrap[44]: Time 1.315749 seconds, bootstrap likelihood -63072.503219, best rearrangement setting 9
Bootstrap[45]: Time 1.248331 seconds, bootstrap likelihood -63384.914323, best rearrangement setting 14
Bootstrap[46]: Time 1.149275 seconds, bootstrap likelihood -64726.470539, best rearrangement setting 13
Bootstrap[47]: Time 1.347530 seconds, bootstrap likelihood -64469.561765, best rearrangement setting 12
Bootstrap[48]: Time 0.995783 seconds, bootstrap likelihood -65013.400607, best rearrangement setting 7
Bootstrap[49]: Time 1.137389 seconds, bootstrap likelihood -63955.925459, best rearrangement setting 14
Bootstrap[50]: Time 1.108718 seconds, bootstrap likelihood -65300.598945, best rearrangement setting 13
Bootstrap[51]: Time 1.243000 seconds, bootstrap likelihood -63525.770960, best rearrangement setting 12
Bootstrap[52]: Time 1.116705 seconds, bootstrap likelihood -63687.830664, best rearrangement setting 13
Bootstrap[53]: Time 1.268928 seconds, bootstrap likelihood -63963.865175, best rearrangement setting 7
Bootstrap[54]: Time 1.272804 seconds, bootstrap likelihood -64276.299279, best rearrangement setting 13
Bootstrap[55]: Time 1.190360 seconds, bootstrap likelihood -64458.108467, best rearrangement setting 12
Bootstrap[56]: Time 1.513431 seconds, bootstrap likelihood -64186.894484, best rearrangement setting 8
Bootstrap[57]: Time 1.306141 seconds, bootstrap likelihood -65520.416744, best rearrangement setting 14
Bootstrap[58]: Time 1.279429 seconds, bootstrap likelihood -63776.391951, best rearrangement setting 14
Bootstrap[59]: Time 1.369319 seconds, bootstrap likelihood -65336.650713, best rearrangement setting 14
Bootstrap[60]: Time 1.312628 seconds, bootstrap likelihood -64924.879609, best rearrangement setting 10
Bootstrap[61]: Time 0.903674 seconds, bootstrap likelihood -62810.324228, best rearrangement setting 5
Bootstrap[62]: Time 1.261659 seconds, bootstrap likelihood -64390.937483, best rearrangement setting 11
Bootstrap[63]: Time 1.164087 seconds, bootstrap likelihood -65070.298630, best rearrangement setting 15
Bootstrap[64]: Time 1.822603 seconds, bootstrap likelihood -64499.811305, best rearrangement setting 10
Bootstrap[65]: Time 1.306100 seconds, bootstrap likelihood -64809.430652, best rearrangement setting 6
Bootstrap[66]: Time 11.094014 seconds, bootstrap likelihood -64491.058302, best rearrangement setting 12
Bootstrap[67]: Time 0.952797 seconds, bootstrap likelihood -64355.962723, best rearrangement setting 5
Bootstrap[68]: Time 10.526912 seconds, bootstrap likelihood -62995.457933, best rearrangement setting 14
Bootstrap[69]: Time 1.007426 seconds, bootstrap likelihood -64520.443538, best rearrangement setting 6
Bootstrap[70]: Time 1.191528 seconds, bootstrap likelihood -64153.745717, best rearrangement setting 7
Bootstrap[71]: Time 1.324493 seconds, bootstrap likelihood -65773.358364, best rearrangement setting 11
Bootstrap[72]: Time 1.206352 seconds, bootstrap likelihood -64633.168773, best rearrangement setting 14
Bootstrap[73]: Time 1.261321 seconds, bootstrap likelihood -63721.849222, best rearrangement setting 15
Bootstrap[74]: Time 1.494538 seconds, bootstrap likelihood -64409.923500, best rearrangement setting 8
Bootstrap[75]: Time 1.162126 seconds, bootstrap likelihood -64404.038916, best rearrangement setting 14
Bootstrap[76]: Time 2.864981 seconds, bootstrap likelihood -64798.136502, best rearrangement setting 11
Bootstrap[77]: Time 1.212708 seconds, bootstrap likelihood -64451.002122, best rearrangement setting 8
Bootstrap[78]: Time 1.148287 seconds, bootstrap likelihood -64750.238978, best rearrangement setting 13
Bootstrap[79]: Time 1.143776 seconds, bootstrap likelihood -63681.392124, best rearrangement setting 8
Bootstrap[80]: Time 1.197770 seconds, bootstrap likelihood -64890.549812, best rearrangement setting 7
Bootstrap[81]: Time 1.232127 seconds, bootstrap likelihood -63648.577554, best rearrangement setting 15
Bootstrap[82]: Time 1.237540 seconds, bootstrap likelihood -65965.451305, best rearrangement setting 15
Bootstrap[83]: Time 1.147334 seconds, bootstrap likelihood -62654.909564, best rearrangement setting 13
Bootstrap[84]: Time 1.130725 seconds, bootstrap likelihood -65587.235205, best rearrangement setting 7
Bootstrap[85]: Time 1.268521 seconds, bootstrap likelihood -63845.031230, best rearrangement setting 12
Bootstrap[86]: Time 1.207380 seconds, bootstrap likelihood -64937.636834, best rearrangement setting 11
Bootstrap[87]: Time 14.045544 seconds, bootstrap likelihood -63341.090624, best rearrangement setting 11
Bootstrap[88]: Time 1.183321 seconds, bootstrap likelihood -61892.801193, best rearrangement setting 11
Bootstrap[89]: Time 14.098021 seconds, bootstrap likelihood -63916.245061, best rearrangement setting 15
Bootstrap[90]: Time 3.488536 seconds, bootstrap likelihood -64068.838901, best rearrangement setting 13
Bootstrap[91]: Time 1.257261 seconds, bootstrap likelihood -63162.197849, best rearrangement setting 9
Bootstrap[92]: Time 1.211930 seconds, bootstrap likelihood -63219.549699, best rearrangement setting 14
Bootstrap[93]: Time 1.170902 seconds, bootstrap likelihood -64461.080240, best rearrangement setting 9
Bootstrap[94]: Time 1.198799 seconds, bootstrap likelihood -65122.089702, best rearrangement setting 13
Bootstrap[95]: Time 1.183272 seconds, bootstrap likelihood -64144.568181, best rearrangement setting 12
Bootstrap[96]: Time 1.192239 seconds, bootstrap likelihood -64155.455271, best rearrangement setting 9
Bootstrap[97]: Time 1.161459 seconds, bootstrap likelihood -65203.288100, best rearrangement setting 6
Bootstrap[98]: Time 0.963790 seconds, bootstrap likelihood -64416.182428, best rearrangement setting 5
Bootstrap[99]: Time 1.271909 seconds, bootstrap likelihood -64889.953840, best rearrangement setting 15


Overall Time for 100 Rapid Bootstraps 173.931676 seconds
Average Time per Rapid Bootstrap 1.739317 seconds

Starting ML Search ...

Fast ML optimization finished

Fast ML search Time: 184.999069 seconds

Slow ML Search 0 Likelihood: -64314.570061
Slow ML Search 1 Likelihood: -64318.329290
Slow ML Search 2 Likelihood: -64318.329288
Slow ML Search 3 Likelihood: -64318.772647
Slow ML Search 4 Likelihood: -64321.148135
Slow ML Search 5 Likelihood: -64321.148136
Slow ML Search 6 Likelihood: -64321.595113
Slow ML Search 7 Likelihood: -64321.595113
Slow ML Search 8 Likelihood: -64325.137846
Slow ML Search 9 Likelihood: -64327.368405
Slow ML optimization finished

Slow ML search Time: 26.266630 seconds
Thorough ML search Time: 3.058440 seconds

Final ML Optimization Likelihood: -64314.570060

Model Information:

Model Parameters of Partition 0, Name: No Name Provided, Type of Data: DNA
alpha: 0.324426
Tree-Length: 3.041764
rate A <-> C: 2.251515
rate A <-> G: 5.717717
rate A <-> T: 0.932146
rate C <-> G: 0.950704
rate C <-> T: 6.406179
rate G <-> T: 1.000000

freq pi(A): 0.369846
freq pi(C): 0.174156
freq pi(G): 0.234477
freq pi(T): 0.221521


ML search took 214.332038 secs or 0.059537 hours

Combined Bootstrap and ML search took 388.263842 secs or 0.107851 hours

Drawing Bootstrap Support Values on best-scoring ML tree ...



Found 1 tree in File /gpfs_home/mhowison/code/hiv-profile-sampling/scratch/trees/gag-pol-env/RAxML_bestTree.sample.405



Found 1 tree in File /gpfs_home/mhowison/code/hiv-profile-sampling/scratch/trees/gag-pol-env/RAxML_bestTree.sample.405

Program execution info written to /gpfs_home/mhowison/code/hiv-profile-sampling/scratch/trees/gag-pol-env/RAxML_info.sample.405
All 100 bootstrapped trees written to: /gpfs_home/mhowison/code/hiv-profile-sampling/scratch/trees/gag-pol-env/RAxML_bootstrap.sample.405

Best-scoring ML tree written to: /gpfs_home/mhowison/code/hiv-profile-sampling/scratch/trees/gag-pol-env/RAxML_bestTree.sample.405

Best-scoring ML tree with support values written to: /gpfs_home/mhowison/code/hiv-profile-sampling/scratch/trees/gag-pol-env/RAxML_bipartitions.sample.405

Best-scoring ML tree with support values as branch labels written to: /gpfs_home/mhowison/code/hiv-profile-sampling/scratch/trees/gag-pol-env/RAxML_bipartitionsBranchLabels.sample.405

Overall execution time for full ML analysis: 388.268117 secs or 0.107852 hours or 0.004494 days

