srun: job 262707 queued and waiting for resources
srun: job 262707 has been allocated resources
Warning, you specified a working directory via "-w"
Keep in mind that RAxML only accepts absolute path names, not relative ones!

RAxML can't, parse the alignment file as phylip file 
it will now try to parse it as FASTA file



Using BFGS method to optimize GTR rate parameters, to disable this specify "--no-bfgs" 


This is the RAxML Master Pthread

This is RAxML Worker Pthread Number: 1

This is RAxML Worker Pthread Number: 4

This is RAxML Worker Pthread Number: 2

This is RAxML Worker Pthread Number: 5

This is RAxML Worker Pthread Number: 3

This is RAxML Worker Pthread Number: 6

This is RAxML Worker Pthread Number: 8

This is RAxML Worker Pthread Number: 7

This is RAxML Worker Pthread Number: 10

This is RAxML Worker Pthread Number: 12

This is RAxML Worker Pthread Number: 11

This is RAxML Worker Pthread Number: 13

This is RAxML Worker Pthread Number: 9

This is RAxML Worker Pthread Number: 14

This is RAxML Worker Pthread Number: 15

This is RAxML Worker Pthread Number: 16

This is RAxML Worker Pthread Number: 17

This is RAxML Worker Pthread Number: 18

This is RAxML Worker Pthread Number: 19


This is RAxML version 8.2.12 released by Alexandros Stamatakis on May 2018.

With greatly appreciated code contributions by:
Andre Aberer      (HITS)
Simon Berger      (HITS)
Alexey Kozlov     (HITS)
Kassian Kobert    (HITS)
David Dao         (KIT and HITS)
Sarah Lutteropp   (KIT and HITS)
Nick Pattengale   (Sandia)
Wayne Pfeiffer    (SDSC)
Akifumi S. Tanabe (NRIFS)
Charlie Taylor    (UF)


Alignment has 1167 distinct alignment patterns

Proportion of gaps and completely undetermined characters in this alignment: 5.94%

RAxML rapid bootstrapping and subsequent ML search

Using 1 distinct models/data partitions with joint branch length optimization



Executing 100 rapid bootstrap inferences and thereafter a thorough ML search 

All free model parameters will be estimated by RAxML
GAMMA model of rate heterogeneity, ML estimate of alpha-parameter

GAMMA Model parameters will be estimated up to an accuracy of 0.1000000000 Log Likelihood units

Partition: 0
Alignment Patterns: 1167
Name: No Name Provided
DataType: DNA
Substitution Matrix: GTR




RAxML was called as follows:

raxmlHPC-PTHREADS-AVX -T 20 -s scratch/aligned/pol/sample.86.fa -p 2288679026 -x 2288679026 -f a -N 100 -m GTRGAMMA -w /gpfs_home/mhowison/code/hiv-profile-sampling/scratch/trees/pol -n sample.86 



Time for BS model parameter optimization 0.053412
Bootstrap[0]: Time 0.624476 seconds, bootstrap likelihood -20784.514859, best rearrangement setting 6
Bootstrap[1]: Time 0.534160 seconds, bootstrap likelihood -21298.772599, best rearrangement setting 14
Bootstrap[2]: Time 0.651351 seconds, bootstrap likelihood -20062.090691, best rearrangement setting 14
Bootstrap[3]: Time 0.523168 seconds, bootstrap likelihood -21024.781169, best rearrangement setting 8
Bootstrap[4]: Time 0.664663 seconds, bootstrap likelihood -20572.828304, best rearrangement setting 12
Bootstrap[5]: Time 0.488303 seconds, bootstrap likelihood -20680.286831, best rearrangement setting 5
Bootstrap[6]: Time 0.578897 seconds, bootstrap likelihood -20609.180586, best rearrangement setting 7
Bootstrap[7]: Time 0.487528 seconds, bootstrap likelihood -20350.980587, best rearrangement setting 7
Bootstrap[8]: Time 0.441915 seconds, bootstrap likelihood -20459.873283, best rearrangement setting 5
Bootstrap[9]: Time 0.491270 seconds, bootstrap likelihood -20299.692714, best rearrangement setting 7
Bootstrap[10]: Time 0.604154 seconds, bootstrap likelihood -20470.906495, best rearrangement setting 15
Bootstrap[11]: Time 0.583915 seconds, bootstrap likelihood -20715.868879, best rearrangement setting 12
Bootstrap[12]: Time 0.518951 seconds, bootstrap likelihood -20702.941915, best rearrangement setting 7
Bootstrap[13]: Time 0.535109 seconds, bootstrap likelihood -20091.300751, best rearrangement setting 10
Bootstrap[14]: Time 0.530678 seconds, bootstrap likelihood -21109.234752, best rearrangement setting 8
Bootstrap[15]: Time 0.552656 seconds, bootstrap likelihood -20410.121577, best rearrangement setting 14
Bootstrap[16]: Time 0.593780 seconds, bootstrap likelihood -20392.444014, best rearrangement setting 9
Bootstrap[17]: Time 0.455984 seconds, bootstrap likelihood -20416.219447, best rearrangement setting 7
Bootstrap[18]: Time 0.497179 seconds, bootstrap likelihood -20543.432107, best rearrangement setting 8
Bootstrap[19]: Time 0.421917 seconds, bootstrap likelihood -20035.850774, best rearrangement setting 11
Bootstrap[20]: Time 0.522057 seconds, bootstrap likelihood -20472.553863, best rearrangement setting 10
Bootstrap[21]: Time 0.523105 seconds, bootstrap likelihood -19308.512331, best rearrangement setting 15
Bootstrap[22]: Time 0.594073 seconds, bootstrap likelihood -20065.994659, best rearrangement setting 13
Bootstrap[23]: Time 0.670730 seconds, bootstrap likelihood -20997.860145, best rearrangement setting 13
Bootstrap[24]: Time 0.711455 seconds, bootstrap likelihood -21189.393779, best rearrangement setting 6
Bootstrap[25]: Time 0.694683 seconds, bootstrap likelihood -20633.370891, best rearrangement setting 15
Bootstrap[26]: Time 0.485908 seconds, bootstrap likelihood -20553.566889, best rearrangement setting 6
Bootstrap[27]: Time 0.505504 seconds, bootstrap likelihood -20902.864220, best rearrangement setting 6
Bootstrap[28]: Time 0.584462 seconds, bootstrap likelihood -20457.101388, best rearrangement setting 9
Bootstrap[29]: Time 0.515723 seconds, bootstrap likelihood -20436.515799, best rearrangement setting 13
Bootstrap[30]: Time 0.433671 seconds, bootstrap likelihood -21027.826909, best rearrangement setting 5
Bootstrap[31]: Time 0.589422 seconds, bootstrap likelihood -20940.559857, best rearrangement setting 12
Bootstrap[32]: Time 0.542387 seconds, bootstrap likelihood -21176.815191, best rearrangement setting 13
Bootstrap[33]: Time 0.475549 seconds, bootstrap likelihood -20522.564633, best rearrangement setting 5
Bootstrap[34]: Time 0.508084 seconds, bootstrap likelihood -20908.991350, best rearrangement setting 12
Bootstrap[35]: Time 0.544928 seconds, bootstrap likelihood -20069.972322, best rearrangement setting 15
Bootstrap[36]: Time 0.639970 seconds, bootstrap likelihood -20939.012274, best rearrangement setting 15
Bootstrap[37]: Time 0.582802 seconds, bootstrap likelihood -20923.392077, best rearrangement setting 9
Bootstrap[38]: Time 0.518519 seconds, bootstrap likelihood -21634.141054, best rearrangement setting 15
Bootstrap[39]: Time 0.441991 seconds, bootstrap likelihood -20588.921244, best rearrangement setting 5
Bootstrap[40]: Time 0.549772 seconds, bootstrap likelihood -20411.376424, best rearrangement setting 8
Bootstrap[41]: Time 1.046808 seconds, bootstrap likelihood -20428.299501, best rearrangement setting 13
Bootstrap[42]: Time 0.611925 seconds, bootstrap likelihood -20553.434073, best rearrangement setting 12
Bootstrap[43]: Time 0.567505 seconds, bootstrap likelihood -20303.111119, best rearrangement setting 15
Bootstrap[44]: Time 0.539348 seconds, bootstrap likelihood -20537.586353, best rearrangement setting 14
Bootstrap[45]: Time 0.467598 seconds, bootstrap likelihood -20759.076630, best rearrangement setting 5
Bootstrap[46]: Time 0.560215 seconds, bootstrap likelihood -20536.941584, best rearrangement setting 11
Bootstrap[47]: Time 0.572036 seconds, bootstrap likelihood -20622.323060, best rearrangement setting 14
Bootstrap[48]: Time 0.480809 seconds, bootstrap likelihood -20356.664382, best rearrangement setting 11
Bootstrap[49]: Time 0.502908 seconds, bootstrap likelihood -20364.235923, best rearrangement setting 6
Bootstrap[50]: Time 0.831655 seconds, bootstrap likelihood -20689.506316, best rearrangement setting 10
Bootstrap[51]: Time 0.543159 seconds, bootstrap likelihood -20661.406591, best rearrangement setting 12
Bootstrap[52]: Time 0.509043 seconds, bootstrap likelihood -20081.324741, best rearrangement setting 10
Bootstrap[53]: Time 0.525426 seconds, bootstrap likelihood -20997.284403, best rearrangement setting 12
Bootstrap[54]: Time 0.496073 seconds, bootstrap likelihood -20487.191859, best rearrangement setting 6
Bootstrap[55]: Time 0.484382 seconds, bootstrap likelihood -20198.783246, best rearrangement setting 15
Bootstrap[56]: Time 0.540629 seconds, bootstrap likelihood -20671.303540, best rearrangement setting 11
Bootstrap[57]: Time 0.521566 seconds, bootstrap likelihood -20236.934912, best rearrangement setting 8
Bootstrap[58]: Time 0.568263 seconds, bootstrap likelihood -20101.891454, best rearrangement setting 9
Bootstrap[59]: Time 0.459882 seconds, bootstrap likelihood -20842.123494, best rearrangement setting 11
Bootstrap[60]: Time 0.552868 seconds, bootstrap likelihood -19990.889795, best rearrangement setting 14
Bootstrap[61]: Time 0.500870 seconds, bootstrap likelihood -20393.228590, best rearrangement setting 15
Bootstrap[62]: Time 0.505333 seconds, bootstrap likelihood -20551.451417, best rearrangement setting 8
Bootstrap[63]: Time 0.482622 seconds, bootstrap likelihood -20103.359439, best rearrangement setting 6
Bootstrap[64]: Time 1.637836 seconds, bootstrap likelihood -20795.250732, best rearrangement setting 7
Bootstrap[65]: Time 0.587925 seconds, bootstrap likelihood -20944.797911, best rearrangement setting 15
Bootstrap[66]: Time 0.409999 seconds, bootstrap likelihood -21238.738174, best rearrangement setting 5
Bootstrap[67]: Time 0.509866 seconds, bootstrap likelihood -20603.071479, best rearrangement setting 7
Bootstrap[68]: Time 0.557823 seconds, bootstrap likelihood -19851.840619, best rearrangement setting 12
Bootstrap[69]: Time 0.565366 seconds, bootstrap likelihood -20562.879725, best rearrangement setting 11
Bootstrap[70]: Time 0.602409 seconds, bootstrap likelihood -21133.179525, best rearrangement setting 9
Bootstrap[71]: Time 0.582020 seconds, bootstrap likelihood -20796.246034, best rearrangement setting 7
Bootstrap[72]: Time 0.638125 seconds, bootstrap likelihood -20094.146153, best rearrangement setting 12
Bootstrap[73]: Time 0.555919 seconds, bootstrap likelihood -20480.448695, best rearrangement setting 6
Bootstrap[74]: Time 0.552146 seconds, bootstrap likelihood -20685.150495, best rearrangement setting 12
Bootstrap[75]: Time 0.757196 seconds, bootstrap likelihood -20556.740193, best rearrangement setting 10
Bootstrap[76]: Time 0.833450 seconds, bootstrap likelihood -19948.844655, best rearrangement setting 12
Bootstrap[77]: Time 0.582805 seconds, bootstrap likelihood -20586.538116, best rearrangement setting 15
Bootstrap[78]: Time 0.611349 seconds, bootstrap likelihood -21043.373465, best rearrangement setting 11
Bootstrap[79]: Time 0.641493 seconds, bootstrap likelihood -21193.240314, best rearrangement setting 11
Bootstrap[80]: Time 0.490527 seconds, bootstrap likelihood -20581.549916, best rearrangement setting 15
Bootstrap[81]: Time 0.491122 seconds, bootstrap likelihood -20618.230561, best rearrangement setting 6
Bootstrap[82]: Time 0.423939 seconds, bootstrap likelihood -20692.464480, best rearrangement setting 5
Bootstrap[83]: Time 0.465479 seconds, bootstrap likelihood -20801.033521, best rearrangement setting 13
Bootstrap[84]: Time 0.667256 seconds, bootstrap likelihood -21351.649099, best rearrangement setting 8
Bootstrap[85]: Time 0.493456 seconds, bootstrap likelihood -20500.318032, best rearrangement setting 11
Bootstrap[86]: Time 0.503853 seconds, bootstrap likelihood -20593.052069, best rearrangement setting 14
Bootstrap[87]: Time 0.591382 seconds, bootstrap likelihood -21031.770692, best rearrangement setting 12
Bootstrap[88]: Time 0.503270 seconds, bootstrap likelihood -21402.140500, best rearrangement setting 6
Bootstrap[89]: Time 0.551290 seconds, bootstrap likelihood -20371.464223, best rearrangement setting 7
Bootstrap[90]: Time 0.474989 seconds, bootstrap likelihood -20423.111237, best rearrangement setting 7
Bootstrap[91]: Time 0.481223 seconds, bootstrap likelihood -20982.866069, best rearrangement setting 8
Bootstrap[92]: Time 0.426983 seconds, bootstrap likelihood -20795.215499, best rearrangement setting 8
Bootstrap[93]: Time 0.689533 seconds, bootstrap likelihood -20687.318972, best rearrangement setting 9
Bootstrap[94]: Time 0.560205 seconds, bootstrap likelihood -20762.643404, best rearrangement setting 13
Bootstrap[95]: Time 0.540195 seconds, bootstrap likelihood -20353.029955, best rearrangement setting 10
Bootstrap[96]: Time 0.549981 seconds, bootstrap likelihood -21071.305588, best rearrangement setting 10
Bootstrap[97]: Time 0.576551 seconds, bootstrap likelihood -20492.562141, best rearrangement setting 7
Bootstrap[98]: Time 0.572587 seconds, bootstrap likelihood -20396.247249, best rearrangement setting 14
Bootstrap[99]: Time 0.523135 seconds, bootstrap likelihood -20071.573347, best rearrangement setting 7


Overall Time for 100 Rapid Bootstraps 56.543703 seconds
Average Time per Rapid Bootstrap 0.565437 seconds

Starting ML Search ...

Fast ML optimization finished

Fast ML search Time: 47.397640 seconds

Slow ML Search 0 Likelihood: -20666.232064
Slow ML Search 1 Likelihood: -20666.232064
Slow ML Search 2 Likelihood: -20666.232064
Slow ML Search 3 Likelihood: -20666.232064
Slow ML Search 4 Likelihood: -20666.232064
Slow ML Search 5 Likelihood: -20666.232073
Slow ML Search 6 Likelihood: -20666.232073
Slow ML Search 7 Likelihood: -20666.232073
Slow ML Search 8 Likelihood: -20666.232219
Slow ML Search 9 Likelihood: -20666.232064
Slow ML optimization finished

Slow ML search Time: 9.552423 seconds
Thorough ML search Time: 1.172472 seconds

Final ML Optimization Likelihood: -20666.232169

Model Information:

Model Parameters of Partition 0, Name: No Name Provided, Type of Data: DNA
alpha: 0.298873
Tree-Length: 1.596216
rate A <-> C: 2.318567
rate A <-> G: 9.165511
rate A <-> T: 0.969985
rate C <-> G: 0.994419
rate C <-> T: 10.841591
rate G <-> T: 1.000000

freq pi(A): 0.389969
freq pi(C): 0.165644
freq pi(G): 0.227661
freq pi(T): 0.216726


ML search took 58.129210 secs or 0.016147 hours

Combined Bootstrap and ML search took 114.673043 secs or 0.031854 hours

Drawing Bootstrap Support Values on best-scoring ML tree ...



Found 1 tree in File /gpfs_home/mhowison/code/hiv-profile-sampling/scratch/trees/pol/RAxML_bestTree.sample.86



Found 1 tree in File /gpfs_home/mhowison/code/hiv-profile-sampling/scratch/trees/pol/RAxML_bestTree.sample.86

Program execution info written to /gpfs_home/mhowison/code/hiv-profile-sampling/scratch/trees/pol/RAxML_info.sample.86
All 100 bootstrapped trees written to: /gpfs_home/mhowison/code/hiv-profile-sampling/scratch/trees/pol/RAxML_bootstrap.sample.86

Best-scoring ML tree written to: /gpfs_home/mhowison/code/hiv-profile-sampling/scratch/trees/pol/RAxML_bestTree.sample.86

Best-scoring ML tree with support values written to: /gpfs_home/mhowison/code/hiv-profile-sampling/scratch/trees/pol/RAxML_bipartitions.sample.86

Best-scoring ML tree with support values as branch labels written to: /gpfs_home/mhowison/code/hiv-profile-sampling/scratch/trees/pol/RAxML_bipartitionsBranchLabels.sample.86

Overall execution time for full ML analysis: 114.677486 secs or 0.031855 hours or 0.001327 days

