srun: job 261802 queued and waiting for resources
srun: job 261802 has been allocated resources
Warning, you specified a working directory via "-w"
Keep in mind that RAxML only accepts absolute path names, not relative ones!

RAxML can't, parse the alignment file as phylip file 
it will now try to parse it as FASTA file



Using BFGS method to optimize GTR rate parameters, to disable this specify "--no-bfgs" 


This is the RAxML Master Pthread

This is RAxML Worker Pthread Number: 2

This is RAxML Worker Pthread Number: 1

This is RAxML Worker Pthread Number: 5

This is RAxML Worker Pthread Number: 3

This is RAxML Worker Pthread Number: 4

This is RAxML Worker Pthread Number: 6

This is RAxML Worker Pthread Number: 7

This is RAxML Worker Pthread Number: 8

This is RAxML Worker Pthread Number: 9

This is RAxML Worker Pthread Number: 10

This is RAxML Worker Pthread Number: 11

This is RAxML Worker Pthread Number: 14

This is RAxML Worker Pthread Number: 12

This is RAxML Worker Pthread Number: 13

This is RAxML Worker Pthread Number: 15

This is RAxML Worker Pthread Number: 16

This is RAxML Worker Pthread Number: 17

This is RAxML Worker Pthread Number: 18

This is RAxML Worker Pthread Number: 19


This is RAxML version 8.2.12 released by Alexandros Stamatakis on May 2018.

With greatly appreciated code contributions by:
Andre Aberer      (HITS)
Simon Berger      (HITS)
Alexey Kozlov     (HITS)
Kassian Kobert    (HITS)
David Dao         (KIT and HITS)
Sarah Lutteropp   (KIT and HITS)
Nick Pattengale   (Sandia)
Wayne Pfeiffer    (SDSC)
Akifumi S. Tanabe (NRIFS)
Charlie Taylor    (UF)


Alignment has 1172 distinct alignment patterns

Proportion of gaps and completely undetermined characters in this alignment: 5.93%

RAxML rapid bootstrapping and subsequent ML search

Using 1 distinct models/data partitions with joint branch length optimization



Executing 100 rapid bootstrap inferences and thereafter a thorough ML search 

All free model parameters will be estimated by RAxML
GAMMA model of rate heterogeneity, ML estimate of alpha-parameter

GAMMA Model parameters will be estimated up to an accuracy of 0.1000000000 Log Likelihood units

Partition: 0
Alignment Patterns: 1172
Name: No Name Provided
DataType: DNA
Substitution Matrix: GTR




RAxML was called as follows:

raxmlHPC-PTHREADS-AVX -T 20 -s scratch/aligned/pol/sample.242.fa -p 6887674574 -x 6887674574 -f a -N 100 -m GTRGAMMA -w /gpfs_home/mhowison/code/hiv-profile-sampling/scratch/trees/pol -n sample.242 



Time for BS model parameter optimization 0.050713
Bootstrap[0]: Time 2.636446 seconds, bootstrap likelihood -21096.277220, best rearrangement setting 15
Bootstrap[1]: Time 0.410642 seconds, bootstrap likelihood -20366.237098, best rearrangement setting 5
Bootstrap[2]: Time 0.417933 seconds, bootstrap likelihood -19984.735650, best rearrangement setting 5
Bootstrap[3]: Time 0.473813 seconds, bootstrap likelihood -21025.557412, best rearrangement setting 8
Bootstrap[4]: Time 0.392773 seconds, bootstrap likelihood -20445.886224, best rearrangement setting 5
Bootstrap[5]: Time 2.997512 seconds, bootstrap likelihood -20884.748016, best rearrangement setting 15
Bootstrap[6]: Time 0.547926 seconds, bootstrap likelihood -20448.401800, best rearrangement setting 12
Bootstrap[7]: Time 0.393975 seconds, bootstrap likelihood -20679.547047, best rearrangement setting 13
Bootstrap[8]: Time 0.485430 seconds, bootstrap likelihood -20117.518063, best rearrangement setting 14
Bootstrap[9]: Time 3.562996 seconds, bootstrap likelihood -20357.634595, best rearrangement setting 8
Bootstrap[10]: Time 0.458975 seconds, bootstrap likelihood -20265.643810, best rearrangement setting 12
Bootstrap[11]: Time 0.449893 seconds, bootstrap likelihood -21967.906251, best rearrangement setting 11
Bootstrap[12]: Time 0.460101 seconds, bootstrap likelihood -19995.763468, best rearrangement setting 13
Bootstrap[13]: Time 0.524290 seconds, bootstrap likelihood -20847.021549, best rearrangement setting 11
Bootstrap[14]: Time 0.512476 seconds, bootstrap likelihood -19532.718905, best rearrangement setting 11
Bootstrap[15]: Time 0.452342 seconds, bootstrap likelihood -20770.218553, best rearrangement setting 6
Bootstrap[16]: Time 0.475886 seconds, bootstrap likelihood -20432.890270, best rearrangement setting 14
Bootstrap[17]: Time 0.555752 seconds, bootstrap likelihood -20609.593722, best rearrangement setting 9
Bootstrap[18]: Time 0.543146 seconds, bootstrap likelihood -20351.526596, best rearrangement setting 11
Bootstrap[19]: Time 0.457510 seconds, bootstrap likelihood -20379.749805, best rearrangement setting 7
Bootstrap[20]: Time 0.521952 seconds, bootstrap likelihood -20865.226289, best rearrangement setting 9
Bootstrap[21]: Time 0.432386 seconds, bootstrap likelihood -20783.543632, best rearrangement setting 10
Bootstrap[22]: Time 0.545583 seconds, bootstrap likelihood -20476.211909, best rearrangement setting 11
Bootstrap[23]: Time 0.505599 seconds, bootstrap likelihood -20307.566099, best rearrangement setting 10
Bootstrap[24]: Time 0.395372 seconds, bootstrap likelihood -20243.179577, best rearrangement setting 5
Bootstrap[25]: Time 0.515514 seconds, bootstrap likelihood -20328.963936, best rearrangement setting 8
Bootstrap[26]: Time 0.473981 seconds, bootstrap likelihood -20816.305083, best rearrangement setting 15
Bootstrap[27]: Time 0.555753 seconds, bootstrap likelihood -20085.320593, best rearrangement setting 10
Bootstrap[28]: Time 0.544074 seconds, bootstrap likelihood -20924.260798, best rearrangement setting 15
Bootstrap[29]: Time 0.580432 seconds, bootstrap likelihood -19819.877201, best rearrangement setting 10
Bootstrap[30]: Time 5.057364 seconds, bootstrap likelihood -20491.336931, best rearrangement setting 7
Bootstrap[31]: Time 0.550749 seconds, bootstrap likelihood -20476.782974, best rearrangement setting 10
Bootstrap[32]: Time 0.396399 seconds, bootstrap likelihood -20000.473604, best rearrangement setting 5
Bootstrap[33]: Time 0.564945 seconds, bootstrap likelihood -20418.962300, best rearrangement setting 10
Bootstrap[34]: Time 0.465009 seconds, bootstrap likelihood -20013.128737, best rearrangement setting 15
Bootstrap[35]: Time 0.441439 seconds, bootstrap likelihood -20750.517309, best rearrangement setting 11
Bootstrap[36]: Time 0.425358 seconds, bootstrap likelihood -20245.409739, best rearrangement setting 5
Bootstrap[37]: Time 0.467703 seconds, bootstrap likelihood -20327.628666, best rearrangement setting 10
Bootstrap[38]: Time 0.474931 seconds, bootstrap likelihood -20680.858955, best rearrangement setting 11
Bootstrap[39]: Time 0.447181 seconds, bootstrap likelihood -20711.369849, best rearrangement setting 5
Bootstrap[40]: Time 0.554331 seconds, bootstrap likelihood -20594.481306, best rearrangement setting 15
Bootstrap[41]: Time 0.466336 seconds, bootstrap likelihood -21185.110177, best rearrangement setting 7
Bootstrap[42]: Time 0.536653 seconds, bootstrap likelihood -20201.080708, best rearrangement setting 10
Bootstrap[43]: Time 0.432598 seconds, bootstrap likelihood -21026.232501, best rearrangement setting 6
Bootstrap[44]: Time 0.403137 seconds, bootstrap likelihood -20716.801164, best rearrangement setting 5
Bootstrap[45]: Time 0.476238 seconds, bootstrap likelihood -20567.867843, best rearrangement setting 10
Bootstrap[46]: Time 0.616071 seconds, bootstrap likelihood -20149.344171, best rearrangement setting 13
Bootstrap[47]: Time 0.534064 seconds, bootstrap likelihood -20453.573563, best rearrangement setting 10
Bootstrap[48]: Time 0.491681 seconds, bootstrap likelihood -20850.940835, best rearrangement setting 10
Bootstrap[49]: Time 0.487882 seconds, bootstrap likelihood -20360.903787, best rearrangement setting 9
Bootstrap[50]: Time 0.442485 seconds, bootstrap likelihood -19546.802590, best rearrangement setting 6
Bootstrap[51]: Time 0.484114 seconds, bootstrap likelihood -20536.886920, best rearrangement setting 15
Bootstrap[52]: Time 0.466420 seconds, bootstrap likelihood -19731.413550, best rearrangement setting 10
Bootstrap[53]: Time 0.454579 seconds, bootstrap likelihood -20319.784545, best rearrangement setting 9
Bootstrap[54]: Time 0.432915 seconds, bootstrap likelihood -19928.375563, best rearrangement setting 6
Bootstrap[55]: Time 0.556071 seconds, bootstrap likelihood -21079.454041, best rearrangement setting 15
Bootstrap[56]: Time 0.501890 seconds, bootstrap likelihood -21070.005358, best rearrangement setting 10
Bootstrap[57]: Time 0.559148 seconds, bootstrap likelihood -20525.697624, best rearrangement setting 11
Bootstrap[58]: Time 0.497986 seconds, bootstrap likelihood -20901.742301, best rearrangement setting 12
Bootstrap[59]: Time 0.388786 seconds, bootstrap likelihood -19857.876880, best rearrangement setting 12
Bootstrap[60]: Time 0.557722 seconds, bootstrap likelihood -20550.840746, best rearrangement setting 15
Bootstrap[61]: Time 0.513539 seconds, bootstrap likelihood -20580.298656, best rearrangement setting 7
Bootstrap[62]: Time 0.505767 seconds, bootstrap likelihood -20099.007232, best rearrangement setting 12
Bootstrap[63]: Time 0.490598 seconds, bootstrap likelihood -21484.170385, best rearrangement setting 6
Bootstrap[64]: Time 0.476144 seconds, bootstrap likelihood -21492.045666, best rearrangement setting 13
Bootstrap[65]: Time 0.464904 seconds, bootstrap likelihood -21103.971020, best rearrangement setting 9
Bootstrap[66]: Time 0.543123 seconds, bootstrap likelihood -20389.407633, best rearrangement setting 9
Bootstrap[67]: Time 0.476553 seconds, bootstrap likelihood -20077.096742, best rearrangement setting 6
Bootstrap[68]: Time 0.562975 seconds, bootstrap likelihood -19995.063048, best rearrangement setting 12
Bootstrap[69]: Time 0.502450 seconds, bootstrap likelihood -20863.559270, best rearrangement setting 15
Bootstrap[70]: Time 0.500640 seconds, bootstrap likelihood -20582.505774, best rearrangement setting 7
Bootstrap[71]: Time 0.563083 seconds, bootstrap likelihood -20285.826272, best rearrangement setting 14
Bootstrap[72]: Time 5.033672 seconds, bootstrap likelihood -20125.110842, best rearrangement setting 10
Bootstrap[73]: Time 0.510778 seconds, bootstrap likelihood -20694.992987, best rearrangement setting 10
Bootstrap[74]: Time 0.434472 seconds, bootstrap likelihood -20475.095743, best rearrangement setting 5
Bootstrap[75]: Time 0.443649 seconds, bootstrap likelihood -20316.308079, best rearrangement setting 7
Bootstrap[76]: Time 0.464842 seconds, bootstrap likelihood -19711.928975, best rearrangement setting 13
Bootstrap[77]: Time 2.845886 seconds, bootstrap likelihood -20574.962580, best rearrangement setting 9
Bootstrap[78]: Time 1.564051 seconds, bootstrap likelihood -20931.617808, best rearrangement setting 5
Bootstrap[79]: Time 3.390945 seconds, bootstrap likelihood -20561.466700, best rearrangement setting 9
Bootstrap[80]: Time 0.493487 seconds, bootstrap likelihood -20161.615340, best rearrangement setting 6
Bootstrap[81]: Time 0.419292 seconds, bootstrap likelihood -20366.000615, best rearrangement setting 5
Bootstrap[82]: Time 0.422037 seconds, bootstrap likelihood -20585.902834, best rearrangement setting 5
Bootstrap[83]: Time 0.555564 seconds, bootstrap likelihood -20274.231428, best rearrangement setting 9
Bootstrap[84]: Time 0.478850 seconds, bootstrap likelihood -20045.754332, best rearrangement setting 6
Bootstrap[85]: Time 0.447519 seconds, bootstrap likelihood -20496.006944, best rearrangement setting 12
Bootstrap[86]: Time 0.521332 seconds, bootstrap likelihood -20536.711282, best rearrangement setting 10
Bootstrap[87]: Time 0.482699 seconds, bootstrap likelihood -20571.269801, best rearrangement setting 14
Bootstrap[88]: Time 0.467167 seconds, bootstrap likelihood -20685.541539, best rearrangement setting 14
Bootstrap[89]: Time 0.445780 seconds, bootstrap likelihood -20139.488540, best rearrangement setting 12
Bootstrap[90]: Time 0.540498 seconds, bootstrap likelihood -20263.046053, best rearrangement setting 15
Bootstrap[91]: Time 0.480277 seconds, bootstrap likelihood -21014.982575, best rearrangement setting 9
Bootstrap[92]: Time 4.631017 seconds, bootstrap likelihood -21147.513119, best rearrangement setting 6
Bootstrap[93]: Time 0.466291 seconds, bootstrap likelihood -20805.022916, best rearrangement setting 9
Bootstrap[94]: Time 0.465705 seconds, bootstrap likelihood -20668.007169, best rearrangement setting 15
Bootstrap[95]: Time 0.461104 seconds, bootstrap likelihood -20437.040104, best rearrangement setting 9
Bootstrap[96]: Time 0.572584 seconds, bootstrap likelihood -20597.859828, best rearrangement setting 12
Bootstrap[97]: Time 0.449749 seconds, bootstrap likelihood -19931.734592, best rearrangement setting 6
Bootstrap[98]: Time 0.456260 seconds, bootstrap likelihood -21023.001502, best rearrangement setting 10
Bootstrap[99]: Time 0.478556 seconds, bootstrap likelihood -20765.396630, best rearrangement setting 10


Overall Time for 100 Rapid Bootstraps 76.066225 seconds
Average Time per Rapid Bootstrap 0.760662 seconds

Starting ML Search ...

Fast ML optimization finished

Fast ML search Time: 117.673191 seconds

Slow ML Search 0 Likelihood: -20719.902378
Slow ML Search 1 Likelihood: -20719.902378
Slow ML Search 2 Likelihood: -20720.610981
Slow ML Search 3 Likelihood: -20720.612128
Slow ML Search 4 Likelihood: -20720.613754
Slow ML Search 5 Likelihood: -20721.480187
Slow ML Search 6 Likelihood: -20721.480188
Slow ML Search 7 Likelihood: -20721.480188
Slow ML Search 8 Likelihood: -20721.480187
Slow ML Search 9 Likelihood: -20721.842627
Slow ML optimization finished

Slow ML search Time: 8.941689 seconds
Thorough ML search Time: 10.339968 seconds

Final ML Optimization Likelihood: -20719.902378

Model Information:

Model Parameters of Partition 0, Name: No Name Provided, Type of Data: DNA
alpha: 0.307757
Tree-Length: 1.569690
rate A <-> C: 2.198743
rate A <-> G: 8.375887
rate A <-> T: 0.923653
rate C <-> G: 0.968871
rate C <-> T: 10.326423
rate G <-> T: 1.000000

freq pi(A): 0.390119
freq pi(C): 0.165845
freq pi(G): 0.227400
freq pi(T): 0.216637


ML search took 136.964454 secs or 0.038046 hours

Combined Bootstrap and ML search took 213.030819 secs or 0.059175 hours

Drawing Bootstrap Support Values on best-scoring ML tree ...



Found 1 tree in File /gpfs_home/mhowison/code/hiv-profile-sampling/scratch/trees/pol/RAxML_bestTree.sample.242



Found 1 tree in File /gpfs_home/mhowison/code/hiv-profile-sampling/scratch/trees/pol/RAxML_bestTree.sample.242

Program execution info written to /gpfs_home/mhowison/code/hiv-profile-sampling/scratch/trees/pol/RAxML_info.sample.242
All 100 bootstrapped trees written to: /gpfs_home/mhowison/code/hiv-profile-sampling/scratch/trees/pol/RAxML_bootstrap.sample.242

Best-scoring ML tree written to: /gpfs_home/mhowison/code/hiv-profile-sampling/scratch/trees/pol/RAxML_bestTree.sample.242

Best-scoring ML tree with support values written to: /gpfs_home/mhowison/code/hiv-profile-sampling/scratch/trees/pol/RAxML_bipartitions.sample.242

Best-scoring ML tree with support values as branch labels written to: /gpfs_home/mhowison/code/hiv-profile-sampling/scratch/trees/pol/RAxML_bipartitionsBranchLabels.sample.242

Overall execution time for full ML analysis: 213.035137 secs or 0.059176 hours or 0.002466 days

