srun: job 262639 queued and waiting for resources
srun: job 262639 has been allocated resources
Warning, you specified a working directory via "-w"
Keep in mind that RAxML only accepts absolute path names, not relative ones!

RAxML can't, parse the alignment file as phylip file 
it will now try to parse it as FASTA file



Using BFGS method to optimize GTR rate parameters, to disable this specify "--no-bfgs" 


This is the RAxML Master Pthread

This is RAxML Worker Pthread Number: 2

This is RAxML Worker Pthread Number: 3

This is RAxML Worker Pthread Number: 1

This is RAxML Worker Pthread Number: 5

This is RAxML Worker Pthread Number: 4

This is RAxML Worker Pthread Number: 7

This is RAxML Worker Pthread Number: 6

This is RAxML Worker Pthread Number: 8

This is RAxML Worker Pthread Number: 9

This is RAxML Worker Pthread Number: 10

This is RAxML Worker Pthread Number: 11

This is RAxML Worker Pthread Number: 13

This is RAxML Worker Pthread Number: 12

This is RAxML Worker Pthread Number: 14

This is RAxML Worker Pthread Number: 16

This is RAxML Worker Pthread Number: 15

This is RAxML Worker Pthread Number: 18

This is RAxML Worker Pthread Number: 17

This is RAxML Worker Pthread Number: 19


This is RAxML version 8.2.12 released by Alexandros Stamatakis on May 2018.

With greatly appreciated code contributions by:
Andre Aberer      (HITS)
Simon Berger      (HITS)
Alexey Kozlov     (HITS)
Kassian Kobert    (HITS)
David Dao         (KIT and HITS)
Sarah Lutteropp   (KIT and HITS)
Nick Pattengale   (Sandia)
Wayne Pfeiffer    (SDSC)
Akifumi S. Tanabe (NRIFS)
Charlie Taylor    (UF)


Alignment has 1178 distinct alignment patterns

Proportion of gaps and completely undetermined characters in this alignment: 5.94%

RAxML rapid bootstrapping and subsequent ML search

Using 1 distinct models/data partitions with joint branch length optimization



Executing 100 rapid bootstrap inferences and thereafter a thorough ML search 

All free model parameters will be estimated by RAxML
GAMMA model of rate heterogeneity, ML estimate of alpha-parameter

GAMMA Model parameters will be estimated up to an accuracy of 0.1000000000 Log Likelihood units

Partition: 0
Alignment Patterns: 1178
Name: No Name Provided
DataType: DNA
Substitution Matrix: GTR




RAxML was called as follows:

raxmlHPC-PTHREADS-AVX -T 20 -s scratch/aligned/pol/sample.486.fa -p 4869309875 -x 4869309875 -f a -N 100 -m GTRGAMMA -w /gpfs_home/mhowison/code/hiv-profile-sampling/scratch/trees/pol -n sample.486 



Time for BS model parameter optimization 0.056299
Bootstrap[0]: Time 0.773544 seconds, bootstrap likelihood -20658.819941, best rearrangement setting 14
Bootstrap[1]: Time 0.789844 seconds, bootstrap likelihood -20742.839366, best rearrangement setting 9
Bootstrap[2]: Time 0.727941 seconds, bootstrap likelihood -20149.375843, best rearrangement setting 15
Bootstrap[3]: Time 0.597195 seconds, bootstrap likelihood -20832.856384, best rearrangement setting 5
Bootstrap[4]: Time 0.734245 seconds, bootstrap likelihood -20255.304067, best rearrangement setting 8
Bootstrap[5]: Time 0.614989 seconds, bootstrap likelihood -20483.611813, best rearrangement setting 13
Bootstrap[6]: Time 0.560986 seconds, bootstrap likelihood -20835.037461, best rearrangement setting 13
Bootstrap[7]: Time 0.683659 seconds, bootstrap likelihood -20477.489366, best rearrangement setting 14
Bootstrap[8]: Time 0.682826 seconds, bootstrap likelihood -19868.603545, best rearrangement setting 12
Bootstrap[9]: Time 0.700997 seconds, bootstrap likelihood -20936.966549, best rearrangement setting 15
Bootstrap[10]: Time 0.590652 seconds, bootstrap likelihood -20498.670222, best rearrangement setting 5
Bootstrap[11]: Time 0.699936 seconds, bootstrap likelihood -21447.192136, best rearrangement setting 12
Bootstrap[12]: Time 0.701473 seconds, bootstrap likelihood -20607.906989, best rearrangement setting 11
Bootstrap[13]: Time 0.668630 seconds, bootstrap likelihood -20296.093633, best rearrangement setting 6
Bootstrap[14]: Time 0.732885 seconds, bootstrap likelihood -20441.430250, best rearrangement setting 15
Bootstrap[15]: Time 0.646582 seconds, bootstrap likelihood -20325.075648, best rearrangement setting 6
Bootstrap[16]: Time 0.742647 seconds, bootstrap likelihood -21357.771701, best rearrangement setting 7
Bootstrap[17]: Time 0.563791 seconds, bootstrap likelihood -21569.610866, best rearrangement setting 6
Bootstrap[18]: Time 0.732334 seconds, bootstrap likelihood -20722.000831, best rearrangement setting 13
Bootstrap[19]: Time 1.052372 seconds, bootstrap likelihood -20413.266532, best rearrangement setting 7
Bootstrap[20]: Time 0.692034 seconds, bootstrap likelihood -19940.550264, best rearrangement setting 15
Bootstrap[21]: Time 0.742816 seconds, bootstrap likelihood -21046.174400, best rearrangement setting 14
Bootstrap[22]: Time 0.742564 seconds, bootstrap likelihood -20574.356347, best rearrangement setting 14
Bootstrap[23]: Time 0.647315 seconds, bootstrap likelihood -20675.664130, best rearrangement setting 10
Bootstrap[24]: Time 0.613170 seconds, bootstrap likelihood -20777.634828, best rearrangement setting 15
Bootstrap[25]: Time 0.612703 seconds, bootstrap likelihood -21013.089874, best rearrangement setting 5
Bootstrap[26]: Time 0.598001 seconds, bootstrap likelihood -20232.762461, best rearrangement setting 7
Bootstrap[27]: Time 0.691565 seconds, bootstrap likelihood -20671.865291, best rearrangement setting 13
Bootstrap[28]: Time 0.687843 seconds, bootstrap likelihood -20679.140762, best rearrangement setting 13
Bootstrap[29]: Time 0.736065 seconds, bootstrap likelihood -21279.243986, best rearrangement setting 7
Bootstrap[30]: Time 0.753508 seconds, bootstrap likelihood -20685.475583, best rearrangement setting 7
Bootstrap[31]: Time 0.689954 seconds, bootstrap likelihood -20438.206100, best rearrangement setting 12
Bootstrap[32]: Time 0.784820 seconds, bootstrap likelihood -20799.038671, best rearrangement setting 14
Bootstrap[33]: Time 0.592907 seconds, bootstrap likelihood -20352.240386, best rearrangement setting 7
Bootstrap[34]: Time 1.069357 seconds, bootstrap likelihood -21039.199999, best rearrangement setting 5
Bootstrap[35]: Time 0.653798 seconds, bootstrap likelihood -20778.675298, best rearrangement setting 6
Bootstrap[36]: Time 0.635879 seconds, bootstrap likelihood -21557.825507, best rearrangement setting 15
Bootstrap[37]: Time 0.688962 seconds, bootstrap likelihood -20088.172695, best rearrangement setting 7
Bootstrap[38]: Time 0.643367 seconds, bootstrap likelihood -21018.394645, best rearrangement setting 11
Bootstrap[39]: Time 0.631356 seconds, bootstrap likelihood -19475.470062, best rearrangement setting 6
Bootstrap[40]: Time 0.999594 seconds, bootstrap likelihood -20946.072970, best rearrangement setting 5
Bootstrap[41]: Time 0.671214 seconds, bootstrap likelihood -20328.296704, best rearrangement setting 14
Bootstrap[42]: Time 0.567068 seconds, bootstrap likelihood -20376.353931, best rearrangement setting 9
Bootstrap[43]: Time 0.609657 seconds, bootstrap likelihood -20373.216223, best rearrangement setting 6
Bootstrap[44]: Time 0.673893 seconds, bootstrap likelihood -20348.208156, best rearrangement setting 9
Bootstrap[45]: Time 0.731932 seconds, bootstrap likelihood -20902.444980, best rearrangement setting 8
Bootstrap[46]: Time 0.659793 seconds, bootstrap likelihood -20701.246894, best rearrangement setting 8
Bootstrap[47]: Time 0.750214 seconds, bootstrap likelihood -21164.902174, best rearrangement setting 8
Bootstrap[48]: Time 0.601929 seconds, bootstrap likelihood -20398.346200, best rearrangement setting 11
Bootstrap[49]: Time 0.668790 seconds, bootstrap likelihood -21336.443797, best rearrangement setting 6
Bootstrap[50]: Time 0.585118 seconds, bootstrap likelihood -20294.763763, best rearrangement setting 14
Bootstrap[51]: Time 0.729389 seconds, bootstrap likelihood -20098.121183, best rearrangement setting 12
Bootstrap[52]: Time 0.699604 seconds, bootstrap likelihood -20912.750739, best rearrangement setting 6
Bootstrap[53]: Time 0.714276 seconds, bootstrap likelihood -21308.727041, best rearrangement setting 15
Bootstrap[54]: Time 0.753963 seconds, bootstrap likelihood -20548.590622, best rearrangement setting 14
Bootstrap[55]: Time 0.683840 seconds, bootstrap likelihood -20355.303126, best rearrangement setting 9
Bootstrap[56]: Time 0.625109 seconds, bootstrap likelihood -20261.491056, best rearrangement setting 14
Bootstrap[57]: Time 0.503068 seconds, bootstrap likelihood -21126.306776, best rearrangement setting 5
Bootstrap[58]: Time 0.724813 seconds, bootstrap likelihood -20447.543974, best rearrangement setting 8
Bootstrap[59]: Time 0.632224 seconds, bootstrap likelihood -20633.009547, best rearrangement setting 8
Bootstrap[60]: Time 0.736045 seconds, bootstrap likelihood -20315.456928, best rearrangement setting 11
Bootstrap[61]: Time 0.700867 seconds, bootstrap likelihood -20303.166358, best rearrangement setting 12
Bootstrap[62]: Time 1.069749 seconds, bootstrap likelihood -21160.066109, best rearrangement setting 15
Bootstrap[63]: Time 0.642638 seconds, bootstrap likelihood -21082.491384, best rearrangement setting 6
Bootstrap[64]: Time 0.652119 seconds, bootstrap likelihood -20704.384489, best rearrangement setting 7
Bootstrap[65]: Time 0.775213 seconds, bootstrap likelihood -21161.514587, best rearrangement setting 12
Bootstrap[66]: Time 0.633176 seconds, bootstrap likelihood -19977.899646, best rearrangement setting 10
Bootstrap[67]: Time 0.605956 seconds, bootstrap likelihood -20043.649964, best rearrangement setting 6
Bootstrap[68]: Time 0.644503 seconds, bootstrap likelihood -20962.513029, best rearrangement setting 7
Bootstrap[69]: Time 0.670786 seconds, bootstrap likelihood -20183.914252, best rearrangement setting 7
Bootstrap[70]: Time 0.600244 seconds, bootstrap likelihood -20423.556441, best rearrangement setting 13
Bootstrap[71]: Time 0.690376 seconds, bootstrap likelihood -20197.645825, best rearrangement setting 15
Bootstrap[72]: Time 0.623983 seconds, bootstrap likelihood -19705.105637, best rearrangement setting 10
Bootstrap[73]: Time 0.618213 seconds, bootstrap likelihood -20728.018702, best rearrangement setting 13
Bootstrap[74]: Time 0.506128 seconds, bootstrap likelihood -20537.561743, best rearrangement setting 9
Bootstrap[75]: Time 0.683003 seconds, bootstrap likelihood -20186.740813, best rearrangement setting 9
Bootstrap[76]: Time 0.620791 seconds, bootstrap likelihood -21036.839707, best rearrangement setting 5
Bootstrap[77]: Time 0.626990 seconds, bootstrap likelihood -20204.430640, best rearrangement setting 5
Bootstrap[78]: Time 1.154239 seconds, bootstrap likelihood -20925.881037, best rearrangement setting 13
Bootstrap[79]: Time 0.611320 seconds, bootstrap likelihood -20432.159147, best rearrangement setting 10
Bootstrap[80]: Time 0.557478 seconds, bootstrap likelihood -20270.574456, best rearrangement setting 7
Bootstrap[81]: Time 0.644466 seconds, bootstrap likelihood -21104.339377, best rearrangement setting 14
Bootstrap[82]: Time 0.701929 seconds, bootstrap likelihood -20594.804563, best rearrangement setting 12
Bootstrap[83]: Time 0.749057 seconds, bootstrap likelihood -20622.440943, best rearrangement setting 10
Bootstrap[84]: Time 1.043161 seconds, bootstrap likelihood -19627.362369, best rearrangement setting 8
Bootstrap[85]: Time 0.569711 seconds, bootstrap likelihood -20059.715626, best rearrangement setting 5
Bootstrap[86]: Time 0.598038 seconds, bootstrap likelihood -21046.655299, best rearrangement setting 13
Bootstrap[87]: Time 0.655515 seconds, bootstrap likelihood -20836.546566, best rearrangement setting 15
Bootstrap[88]: Time 0.649010 seconds, bootstrap likelihood -20865.205501, best rearrangement setting 15
Bootstrap[89]: Time 0.571267 seconds, bootstrap likelihood -20424.449417, best rearrangement setting 5
Bootstrap[90]: Time 0.627968 seconds, bootstrap likelihood -20684.274718, best rearrangement setting 14
Bootstrap[91]: Time 0.644664 seconds, bootstrap likelihood -20866.045174, best rearrangement setting 12
Bootstrap[92]: Time 0.638947 seconds, bootstrap likelihood -20999.064586, best rearrangement setting 15
Bootstrap[93]: Time 0.636194 seconds, bootstrap likelihood -20781.247723, best rearrangement setting 10
Bootstrap[94]: Time 0.681704 seconds, bootstrap likelihood -20183.166821, best rearrangement setting 11
Bootstrap[95]: Time 0.597330 seconds, bootstrap likelihood -20693.253196, best rearrangement setting 10
Bootstrap[96]: Time 0.642651 seconds, bootstrap likelihood -21022.960851, best rearrangement setting 8
Bootstrap[97]: Time 0.716420 seconds, bootstrap likelihood -20604.732886, best rearrangement setting 9
Bootstrap[98]: Time 0.769834 seconds, bootstrap likelihood -20286.353918, best rearrangement setting 12
Bootstrap[99]: Time 0.796957 seconds, bootstrap likelihood -20975.290805, best rearrangement setting 11


Overall Time for 100 Rapid Bootstraps 68.910453 seconds
Average Time per Rapid Bootstrap 0.689105 seconds

Starting ML Search ...

Fast ML optimization finished

Fast ML search Time: 61.321173 seconds

Slow ML Search 0 Likelihood: -20684.419968
Slow ML Search 1 Likelihood: -20685.706244
Slow ML Search 2 Likelihood: -20685.809176
Slow ML Search 3 Likelihood: -20686.004410
Slow ML Search 4 Likelihood: -20688.032897
Slow ML Search 5 Likelihood: -20689.094920
Slow ML Search 6 Likelihood: -20689.389577
Slow ML Search 7 Likelihood: -20689.389576
Slow ML Search 8 Likelihood: -20689.482194
Slow ML Search 9 Likelihood: -20690.451199
Slow ML optimization finished

Slow ML search Time: 12.529654 seconds
Thorough ML search Time: 1.773590 seconds

Final ML Optimization Likelihood: -20684.417924

Model Information:

Model Parameters of Partition 0, Name: No Name Provided, Type of Data: DNA
alpha: 0.309587
Tree-Length: 1.596744
rate A <-> C: 2.431967
rate A <-> G: 9.389563
rate A <-> T: 1.016746
rate C <-> G: 1.123918
rate C <-> T: 11.703109
rate G <-> T: 1.000000

freq pi(A): 0.390227
freq pi(C): 0.165864
freq pi(G): 0.227346
freq pi(T): 0.216563


ML search took 75.631710 secs or 0.021009 hours

Combined Bootstrap and ML search took 144.542300 secs or 0.040151 hours

Drawing Bootstrap Support Values on best-scoring ML tree ...



Found 1 tree in File /gpfs_home/mhowison/code/hiv-profile-sampling/scratch/trees/pol/RAxML_bestTree.sample.486



Found 1 tree in File /gpfs_home/mhowison/code/hiv-profile-sampling/scratch/trees/pol/RAxML_bestTree.sample.486

Program execution info written to /gpfs_home/mhowison/code/hiv-profile-sampling/scratch/trees/pol/RAxML_info.sample.486
All 100 bootstrapped trees written to: /gpfs_home/mhowison/code/hiv-profile-sampling/scratch/trees/pol/RAxML_bootstrap.sample.486

Best-scoring ML tree written to: /gpfs_home/mhowison/code/hiv-profile-sampling/scratch/trees/pol/RAxML_bestTree.sample.486

Best-scoring ML tree with support values written to: /gpfs_home/mhowison/code/hiv-profile-sampling/scratch/trees/pol/RAxML_bipartitions.sample.486

Best-scoring ML tree with support values as branch labels written to: /gpfs_home/mhowison/code/hiv-profile-sampling/scratch/trees/pol/RAxML_bipartitionsBranchLabels.sample.486

Overall execution time for full ML analysis: 144.546265 secs or 0.040152 hours or 0.001673 days

