srun: job 262689 queued and waiting for resources
srun: job 262689 has been allocated resources
Warning, you specified a working directory via "-w"
Keep in mind that RAxML only accepts absolute path names, not relative ones!

RAxML can't, parse the alignment file as phylip file 
it will now try to parse it as FASTA file



Using BFGS method to optimize GTR rate parameters, to disable this specify "--no-bfgs" 


This is the RAxML Master Pthread

This is RAxML Worker Pthread Number: 1

This is RAxML Worker Pthread Number: 3

This is RAxML Worker Pthread Number: 2

This is RAxML Worker Pthread Number: 6

This is RAxML Worker Pthread Number: 5

This is RAxML Worker Pthread Number: 4

This is RAxML Worker Pthread Number: 7

This is RAxML Worker Pthread Number: 8

This is RAxML Worker Pthread Number: 9

This is RAxML Worker Pthread Number: 11

This is RAxML Worker Pthread Number: 10

This is RAxML Worker Pthread Number: 12

This is RAxML Worker Pthread Number: 13

This is RAxML Worker Pthread Number: 14

This is RAxML Worker Pthread Number: 15

This is RAxML Worker Pthread Number: 17

This is RAxML Worker Pthread Number: 16

This is RAxML Worker Pthread Number: 18

This is RAxML Worker Pthread Number: 19


This is RAxML version 8.2.12 released by Alexandros Stamatakis on May 2018.

With greatly appreciated code contributions by:
Andre Aberer      (HITS)
Simon Berger      (HITS)
Alexey Kozlov     (HITS)
Kassian Kobert    (HITS)
David Dao         (KIT and HITS)
Sarah Lutteropp   (KIT and HITS)
Nick Pattengale   (Sandia)
Wayne Pfeiffer    (SDSC)
Akifumi S. Tanabe (NRIFS)
Charlie Taylor    (UF)


Alignment has 1178 distinct alignment patterns

Proportion of gaps and completely undetermined characters in this alignment: 5.95%

RAxML rapid bootstrapping and subsequent ML search

Using 1 distinct models/data partitions with joint branch length optimization



Executing 100 rapid bootstrap inferences and thereafter a thorough ML search 

All free model parameters will be estimated by RAxML
GAMMA model of rate heterogeneity, ML estimate of alpha-parameter

GAMMA Model parameters will be estimated up to an accuracy of 0.1000000000 Log Likelihood units

Partition: 0
Alignment Patterns: 1178
Name: No Name Provided
DataType: DNA
Substitution Matrix: GTR




RAxML was called as follows:

raxmlHPC-PTHREADS-AVX -T 20 -s scratch/aligned/pol/sample.70.fa -p 1789337605 -x 1789337605 -f a -N 100 -m GTRGAMMA -w /gpfs_home/mhowison/code/hiv-profile-sampling/scratch/trees/pol -n sample.70 



Time for BS model parameter optimization 0.055881
Bootstrap[0]: Time 0.704313 seconds, bootstrap likelihood -20452.594241, best rearrangement setting 6
Bootstrap[1]: Time 0.689824 seconds, bootstrap likelihood -20713.515976, best rearrangement setting 15
Bootstrap[2]: Time 0.571814 seconds, bootstrap likelihood -20029.335419, best rearrangement setting 6
Bootstrap[3]: Time 0.680247 seconds, bootstrap likelihood -21087.132596, best rearrangement setting 10
Bootstrap[4]: Time 1.124995 seconds, bootstrap likelihood -20347.952515, best rearrangement setting 10
Bootstrap[5]: Time 0.910903 seconds, bootstrap likelihood -20550.420979, best rearrangement setting 6
Bootstrap[6]: Time 0.559747 seconds, bootstrap likelihood -20190.734330, best rearrangement setting 5
Bootstrap[7]: Time 0.726943 seconds, bootstrap likelihood -20506.176712, best rearrangement setting 9
Bootstrap[8]: Time 0.738768 seconds, bootstrap likelihood -20343.818648, best rearrangement setting 9
Bootstrap[9]: Time 0.735019 seconds, bootstrap likelihood -20986.210226, best rearrangement setting 14
Bootstrap[10]: Time 0.667293 seconds, bootstrap likelihood -20295.301635, best rearrangement setting 15
Bootstrap[11]: Time 0.709600 seconds, bootstrap likelihood -20175.793755, best rearrangement setting 12
Bootstrap[12]: Time 0.704072 seconds, bootstrap likelihood -20749.006574, best rearrangement setting 11
Bootstrap[13]: Time 0.623117 seconds, bootstrap likelihood -20408.497682, best rearrangement setting 8
Bootstrap[14]: Time 0.762573 seconds, bootstrap likelihood -20541.622699, best rearrangement setting 13
Bootstrap[15]: Time 0.620530 seconds, bootstrap likelihood -20358.135602, best rearrangement setting 7
Bootstrap[16]: Time 0.546918 seconds, bootstrap likelihood -20259.417158, best rearrangement setting 9
Bootstrap[17]: Time 0.537414 seconds, bootstrap likelihood -20707.909035, best rearrangement setting 5
Bootstrap[18]: Time 0.708051 seconds, bootstrap likelihood -20612.802044, best rearrangement setting 7
Bootstrap[19]: Time 0.599688 seconds, bootstrap likelihood -20490.543024, best rearrangement setting 13
Bootstrap[20]: Time 0.725212 seconds, bootstrap likelihood -21079.420170, best rearrangement setting 12
Bootstrap[21]: Time 0.703621 seconds, bootstrap likelihood -20669.531511, best rearrangement setting 11
Bootstrap[22]: Time 0.602201 seconds, bootstrap likelihood -20665.367231, best rearrangement setting 15
Bootstrap[23]: Time 0.607098 seconds, bootstrap likelihood -20660.573981, best rearrangement setting 10
Bootstrap[24]: Time 0.618303 seconds, bootstrap likelihood -21018.456381, best rearrangement setting 7
Bootstrap[25]: Time 0.593525 seconds, bootstrap likelihood -20469.036006, best rearrangement setting 15
Bootstrap[26]: Time 0.851372 seconds, bootstrap likelihood -20755.466567, best rearrangement setting 11
Bootstrap[27]: Time 0.987620 seconds, bootstrap likelihood -20663.956790, best rearrangement setting 15
Bootstrap[28]: Time 0.751220 seconds, bootstrap likelihood -19680.624210, best rearrangement setting 14
Bootstrap[29]: Time 0.593135 seconds, bootstrap likelihood -21426.741106, best rearrangement setting 7
Bootstrap[30]: Time 0.638699 seconds, bootstrap likelihood -20574.659525, best rearrangement setting 11
Bootstrap[31]: Time 0.585484 seconds, bootstrap likelihood -20049.434264, best rearrangement setting 15
Bootstrap[32]: Time 0.634307 seconds, bootstrap likelihood -20858.143642, best rearrangement setting 15
Bootstrap[33]: Time 0.602223 seconds, bootstrap likelihood -20992.813144, best rearrangement setting 5
Bootstrap[34]: Time 0.673808 seconds, bootstrap likelihood -20882.955606, best rearrangement setting 7
Bootstrap[35]: Time 0.631924 seconds, bootstrap likelihood -20447.471357, best rearrangement setting 14
Bootstrap[36]: Time 0.613455 seconds, bootstrap likelihood -20468.407628, best rearrangement setting 6
Bootstrap[37]: Time 0.596447 seconds, bootstrap likelihood -20697.571255, best rearrangement setting 14
Bootstrap[38]: Time 0.632543 seconds, bootstrap likelihood -20661.879751, best rearrangement setting 5
Bootstrap[39]: Time 0.596032 seconds, bootstrap likelihood -20886.222650, best rearrangement setting 6
Bootstrap[40]: Time 0.615440 seconds, bootstrap likelihood -19845.274582, best rearrangement setting 8
Bootstrap[41]: Time 0.771907 seconds, bootstrap likelihood -21485.051455, best rearrangement setting 7
Bootstrap[42]: Time 0.707440 seconds, bootstrap likelihood -20005.739249, best rearrangement setting 7
Bootstrap[43]: Time 0.769526 seconds, bootstrap likelihood -20743.132136, best rearrangement setting 14
Bootstrap[44]: Time 0.575452 seconds, bootstrap likelihood -20246.601237, best rearrangement setting 13
Bootstrap[45]: Time 0.679369 seconds, bootstrap likelihood -20690.502939, best rearrangement setting 11
Bootstrap[46]: Time 0.617154 seconds, bootstrap likelihood -20493.870775, best rearrangement setting 7
Bootstrap[47]: Time 0.689366 seconds, bootstrap likelihood -20874.794272, best rearrangement setting 8
Bootstrap[48]: Time 1.155775 seconds, bootstrap likelihood -21168.944142, best rearrangement setting 13
Bootstrap[49]: Time 1.048835 seconds, bootstrap likelihood -20671.113255, best rearrangement setting 14
Bootstrap[50]: Time 0.654476 seconds, bootstrap likelihood -21072.500873, best rearrangement setting 14
Bootstrap[51]: Time 0.651739 seconds, bootstrap likelihood -20799.280983, best rearrangement setting 12
Bootstrap[52]: Time 0.636191 seconds, bootstrap likelihood -21395.758313, best rearrangement setting 15
Bootstrap[53]: Time 0.689284 seconds, bootstrap likelihood -20925.625880, best rearrangement setting 13
Bootstrap[54]: Time 0.632763 seconds, bootstrap likelihood -20742.372483, best rearrangement setting 7
Bootstrap[55]: Time 0.730101 seconds, bootstrap likelihood -20763.113519, best rearrangement setting 7
Bootstrap[56]: Time 0.674042 seconds, bootstrap likelihood -21153.987842, best rearrangement setting 7
Bootstrap[57]: Time 0.631663 seconds, bootstrap likelihood -21002.934280, best rearrangement setting 13
Bootstrap[58]: Time 0.521734 seconds, bootstrap likelihood -19495.075185, best rearrangement setting 6
Bootstrap[59]: Time 0.635834 seconds, bootstrap likelihood -20964.136608, best rearrangement setting 14
Bootstrap[60]: Time 0.635234 seconds, bootstrap likelihood -20348.554531, best rearrangement setting 9
Bootstrap[61]: Time 0.656335 seconds, bootstrap likelihood -20639.388896, best rearrangement setting 8
Bootstrap[62]: Time 0.723598 seconds, bootstrap likelihood -21020.881032, best rearrangement setting 12
Bootstrap[63]: Time 0.531457 seconds, bootstrap likelihood -20314.747882, best rearrangement setting 10
Bootstrap[64]: Time 0.534534 seconds, bootstrap likelihood -20663.308664, best rearrangement setting 5
Bootstrap[65]: Time 0.587244 seconds, bootstrap likelihood -20609.629021, best rearrangement setting 14
Bootstrap[66]: Time 0.631168 seconds, bootstrap likelihood -20912.869977, best rearrangement setting 14
Bootstrap[67]: Time 0.551709 seconds, bootstrap likelihood -20064.776702, best rearrangement setting 10
Bootstrap[68]: Time 0.562523 seconds, bootstrap likelihood -20667.718856, best rearrangement setting 6
Bootstrap[69]: Time 0.580917 seconds, bootstrap likelihood -20755.961737, best rearrangement setting 15
Bootstrap[70]: Time 0.669498 seconds, bootstrap likelihood -20471.952895, best rearrangement setting 11
Bootstrap[71]: Time 0.658631 seconds, bootstrap likelihood -20688.886064, best rearrangement setting 8
Bootstrap[72]: Time 1.089345 seconds, bootstrap likelihood -19979.507064, best rearrangement setting 7
Bootstrap[73]: Time 0.683640 seconds, bootstrap likelihood -20543.336353, best rearrangement setting 8
Bootstrap[74]: Time 0.760503 seconds, bootstrap likelihood -20723.456487, best rearrangement setting 15
Bootstrap[75]: Time 0.576769 seconds, bootstrap likelihood -19878.610968, best rearrangement setting 5
Bootstrap[76]: Time 0.647852 seconds, bootstrap likelihood -20685.184437, best rearrangement setting 13
Bootstrap[77]: Time 0.647406 seconds, bootstrap likelihood -20314.973211, best rearrangement setting 10
Bootstrap[78]: Time 0.717441 seconds, bootstrap likelihood -20723.423253, best rearrangement setting 13
Bootstrap[79]: Time 0.703057 seconds, bootstrap likelihood -20240.447436, best rearrangement setting 6
Bootstrap[80]: Time 0.523822 seconds, bootstrap likelihood -21050.985348, best rearrangement setting 14
Bootstrap[81]: Time 0.687463 seconds, bootstrap likelihood -20690.213703, best rearrangement setting 11
Bootstrap[82]: Time 0.725483 seconds, bootstrap likelihood -20321.302913, best rearrangement setting 7
Bootstrap[83]: Time 0.636746 seconds, bootstrap likelihood -20086.011801, best rearrangement setting 14
Bootstrap[84]: Time 0.726088 seconds, bootstrap likelihood -20540.707622, best rearrangement setting 14
Bootstrap[85]: Time 0.669177 seconds, bootstrap likelihood -21075.017096, best rearrangement setting 7
Bootstrap[86]: Time 0.687296 seconds, bootstrap likelihood -20881.002115, best rearrangement setting 12
Bootstrap[87]: Time 0.635948 seconds, bootstrap likelihood -20588.607366, best rearrangement setting 11
Bootstrap[88]: Time 0.626798 seconds, bootstrap likelihood -20745.337836, best rearrangement setting 9
Bootstrap[89]: Time 0.651938 seconds, bootstrap likelihood -20759.430961, best rearrangement setting 11
Bootstrap[90]: Time 0.685132 seconds, bootstrap likelihood -20601.485589, best rearrangement setting 14
Bootstrap[91]: Time 0.681066 seconds, bootstrap likelihood -20368.373640, best rearrangement setting 11
Bootstrap[92]: Time 0.684651 seconds, bootstrap likelihood -20666.167691, best rearrangement setting 10
Bootstrap[93]: Time 1.411518 seconds, bootstrap likelihood -20920.325400, best rearrangement setting 9
Bootstrap[94]: Time 0.670766 seconds, bootstrap likelihood -20682.264504, best rearrangement setting 9
Bootstrap[95]: Time 0.630887 seconds, bootstrap likelihood -20599.313564, best rearrangement setting 12
Bootstrap[96]: Time 0.520465 seconds, bootstrap likelihood -20079.511958, best rearrangement setting 9
Bootstrap[97]: Time 0.515444 seconds, bootstrap likelihood -20432.772769, best rearrangement setting 6
Bootstrap[98]: Time 0.645409 seconds, bootstrap likelihood -20256.403263, best rearrangement setting 13
Bootstrap[99]: Time 0.715522 seconds, bootstrap likelihood -20105.454755, best rearrangement setting 12


Overall Time for 100 Rapid Bootstraps 68.186835 seconds
Average Time per Rapid Bootstrap 0.681868 seconds

Starting ML Search ...

Fast ML optimization finished

Fast ML search Time: 56.835400 seconds

Slow ML Search 0 Likelihood: -20715.883595
Slow ML Search 1 Likelihood: -20715.883595
Slow ML Search 2 Likelihood: -20715.883595
Slow ML Search 3 Likelihood: -20719.382594
Slow ML Search 4 Likelihood: -20721.605718
Slow ML Search 5 Likelihood: -20722.512664
Slow ML Search 6 Likelihood: -20723.025465
Slow ML Search 7 Likelihood: -20723.841773
Slow ML Search 8 Likelihood: -20724.580809
Slow ML Search 9 Likelihood: -20725.387620
Slow ML optimization finished

Slow ML search Time: 11.378263 seconds
Thorough ML search Time: 1.322383 seconds

Final ML Optimization Likelihood: -20715.883591

Model Information:

Model Parameters of Partition 0, Name: No Name Provided, Type of Data: DNA
alpha: 0.306651
Tree-Length: 1.548805
rate A <-> C: 2.352785
rate A <-> G: 8.854337
rate A <-> T: 1.001192
rate C <-> G: 0.991300
rate C <-> T: 10.738242
rate G <-> T: 1.000000

freq pi(A): 0.390100
freq pi(C): 0.165835
freq pi(G): 0.227506
freq pi(T): 0.216560


ML search took 69.549768 secs or 0.019319 hours

Combined Bootstrap and ML search took 137.736745 secs or 0.038260 hours

Drawing Bootstrap Support Values on best-scoring ML tree ...



Found 1 tree in File /gpfs_home/mhowison/code/hiv-profile-sampling/scratch/trees/pol/RAxML_bestTree.sample.70



Found 1 tree in File /gpfs_home/mhowison/code/hiv-profile-sampling/scratch/trees/pol/RAxML_bestTree.sample.70

Program execution info written to /gpfs_home/mhowison/code/hiv-profile-sampling/scratch/trees/pol/RAxML_info.sample.70
All 100 bootstrapped trees written to: /gpfs_home/mhowison/code/hiv-profile-sampling/scratch/trees/pol/RAxML_bootstrap.sample.70

Best-scoring ML tree written to: /gpfs_home/mhowison/code/hiv-profile-sampling/scratch/trees/pol/RAxML_bestTree.sample.70

Best-scoring ML tree with support values written to: /gpfs_home/mhowison/code/hiv-profile-sampling/scratch/trees/pol/RAxML_bipartitions.sample.70

Best-scoring ML tree with support values as branch labels written to: /gpfs_home/mhowison/code/hiv-profile-sampling/scratch/trees/pol/RAxML_bipartitionsBranchLabels.sample.70

Overall execution time for full ML analysis: 137.740785 secs or 0.038261 hours or 0.001594 days

