srun: job 261844 queued and waiting for resources
srun: job 261844 has been allocated resources
Warning, you specified a working directory via "-w"
Keep in mind that RAxML only accepts absolute path names, not relative ones!

RAxML can't, parse the alignment file as phylip file 
it will now try to parse it as FASTA file



Using BFGS method to optimize GTR rate parameters, to disable this specify "--no-bfgs" 


This is the RAxML Master Pthread

This is RAxML Worker Pthread Number: 1

This is RAxML Worker Pthread Number: 2

This is RAxML Worker Pthread Number: 3

This is RAxML Worker Pthread Number: 4

This is RAxML Worker Pthread Number: 5

This is RAxML Worker Pthread Number: 6

This is RAxML Worker Pthread Number: 7

This is RAxML Worker Pthread Number: 8

This is RAxML Worker Pthread Number: 11

This is RAxML Worker Pthread Number: 9

This is RAxML Worker Pthread Number: 12

This is RAxML Worker Pthread Number: 10

This is RAxML Worker Pthread Number: 13

This is RAxML Worker Pthread Number: 15

This is RAxML Worker Pthread Number: 14

This is RAxML Worker Pthread Number: 16

This is RAxML Worker Pthread Number: 17

This is RAxML Worker Pthread Number: 18

This is RAxML Worker Pthread Number: 19


This is RAxML version 8.2.12 released by Alexandros Stamatakis on May 2018.

With greatly appreciated code contributions by:
Andre Aberer      (HITS)
Simon Berger      (HITS)
Alexey Kozlov     (HITS)
Kassian Kobert    (HITS)
David Dao         (KIT and HITS)
Sarah Lutteropp   (KIT and HITS)
Nick Pattengale   (Sandia)
Wayne Pfeiffer    (SDSC)
Akifumi S. Tanabe (NRIFS)
Charlie Taylor    (UF)


Alignment has 1162 distinct alignment patterns

Proportion of gaps and completely undetermined characters in this alignment: 5.94%

RAxML rapid bootstrapping and subsequent ML search

Using 1 distinct models/data partitions with joint branch length optimization



Executing 100 rapid bootstrap inferences and thereafter a thorough ML search 

All free model parameters will be estimated by RAxML
GAMMA model of rate heterogeneity, ML estimate of alpha-parameter

GAMMA Model parameters will be estimated up to an accuracy of 0.1000000000 Log Likelihood units

Partition: 0
Alignment Patterns: 1162
Name: No Name Provided
DataType: DNA
Substitution Matrix: GTR




RAxML was called as follows:

raxmlHPC-PTHREADS-AVX -T 20 -s scratch/aligned/pol/sample.264.fa -p 5221907021 -x 5221907021 -f a -N 100 -m GTRGAMMA -w /gpfs_home/mhowison/code/hiv-profile-sampling/scratch/trees/pol -n sample.264 



Time for BS model parameter optimization 0.053377
Bootstrap[0]: Time 2.179329 seconds, bootstrap likelihood -21251.569742, best rearrangement setting 13
Bootstrap[1]: Time 0.520157 seconds, bootstrap likelihood -21246.344469, best rearrangement setting 6
Bootstrap[2]: Time 0.626158 seconds, bootstrap likelihood -21099.645845, best rearrangement setting 12
Bootstrap[3]: Time 0.492499 seconds, bootstrap likelihood -20676.948775, best rearrangement setting 5
Bootstrap[4]: Time 0.607563 seconds, bootstrap likelihood -20813.970016, best rearrangement setting 12
Bootstrap[5]: Time 0.506235 seconds, bootstrap likelihood -20567.987161, best rearrangement setting 10
Bootstrap[6]: Time 0.505522 seconds, bootstrap likelihood -19910.586031, best rearrangement setting 6
Bootstrap[7]: Time 0.686113 seconds, bootstrap likelihood -20001.334118, best rearrangement setting 10
Bootstrap[8]: Time 8.250445 seconds, bootstrap likelihood -20563.365017, best rearrangement setting 14
Bootstrap[9]: Time 0.643991 seconds, bootstrap likelihood -20127.933427, best rearrangement setting 13
Bootstrap[10]: Time 0.676134 seconds, bootstrap likelihood -19951.560574, best rearrangement setting 12
Bootstrap[11]: Time 0.504650 seconds, bootstrap likelihood -20367.483376, best rearrangement setting 8
Bootstrap[12]: Time 0.421961 seconds, bootstrap likelihood -20637.551239, best rearrangement setting 6
Bootstrap[13]: Time 0.468450 seconds, bootstrap likelihood -20682.682576, best rearrangement setting 9
Bootstrap[14]: Time 0.544854 seconds, bootstrap likelihood -20302.607118, best rearrangement setting 9
Bootstrap[15]: Time 0.572269 seconds, bootstrap likelihood -20355.257402, best rearrangement setting 15
Bootstrap[16]: Time 3.456073 seconds, bootstrap likelihood -20187.875342, best rearrangement setting 9
Bootstrap[17]: Time 0.648314 seconds, bootstrap likelihood -20299.821300, best rearrangement setting 11
Bootstrap[18]: Time 0.462195 seconds, bootstrap likelihood -20900.860555, best rearrangement setting 5
Bootstrap[19]: Time 0.541818 seconds, bootstrap likelihood -20112.155328, best rearrangement setting 5
Bootstrap[20]: Time 0.525487 seconds, bootstrap likelihood -21693.672594, best rearrangement setting 8
Bootstrap[21]: Time 0.576282 seconds, bootstrap likelihood -21050.384723, best rearrangement setting 11
Bootstrap[22]: Time 0.610324 seconds, bootstrap likelihood -20707.039183, best rearrangement setting 7
Bootstrap[23]: Time 0.739024 seconds, bootstrap likelihood -20152.540247, best rearrangement setting 8
Bootstrap[24]: Time 0.594742 seconds, bootstrap likelihood -20926.645277, best rearrangement setting 9
Bootstrap[25]: Time 0.528279 seconds, bootstrap likelihood -20829.055922, best rearrangement setting 8
Bootstrap[26]: Time 0.540371 seconds, bootstrap likelihood -20633.466905, best rearrangement setting 8
Bootstrap[27]: Time 0.544765 seconds, bootstrap likelihood -20906.999333, best rearrangement setting 6
Bootstrap[28]: Time 0.623364 seconds, bootstrap likelihood -20595.373006, best rearrangement setting 8
Bootstrap[29]: Time 0.509309 seconds, bootstrap likelihood -20589.677422, best rearrangement setting 13
Bootstrap[30]: Time 0.482654 seconds, bootstrap likelihood -20812.718984, best rearrangement setting 8
Bootstrap[31]: Time 0.499781 seconds, bootstrap likelihood -20605.336072, best rearrangement setting 10
Bootstrap[32]: Time 0.464202 seconds, bootstrap likelihood -20656.886639, best rearrangement setting 15
Bootstrap[33]: Time 0.565802 seconds, bootstrap likelihood -19671.647531, best rearrangement setting 9
Bootstrap[34]: Time 0.433595 seconds, bootstrap likelihood -20718.030104, best rearrangement setting 5
Bootstrap[35]: Time 0.877778 seconds, bootstrap likelihood -19811.592429, best rearrangement setting 9
Bootstrap[36]: Time 0.539339 seconds, bootstrap likelihood -20489.403116, best rearrangement setting 10
Bootstrap[37]: Time 0.647046 seconds, bootstrap likelihood -20633.336148, best rearrangement setting 13
Bootstrap[38]: Time 0.605673 seconds, bootstrap likelihood -20412.046317, best rearrangement setting 8
Bootstrap[39]: Time 0.516234 seconds, bootstrap likelihood -20511.869038, best rearrangement setting 15
Bootstrap[40]: Time 0.572979 seconds, bootstrap likelihood -20118.718897, best rearrangement setting 10
Bootstrap[41]: Time 0.589574 seconds, bootstrap likelihood -20492.941164, best rearrangement setting 8
Bootstrap[42]: Time 0.533691 seconds, bootstrap likelihood -20793.530207, best rearrangement setting 9
Bootstrap[43]: Time 0.472182 seconds, bootstrap likelihood -20534.883334, best rearrangement setting 5
Bootstrap[44]: Time 0.555575 seconds, bootstrap likelihood -20616.379638, best rearrangement setting 8
Bootstrap[45]: Time 0.489773 seconds, bootstrap likelihood -20024.440554, best rearrangement setting 5
Bootstrap[46]: Time 2.900160 seconds, bootstrap likelihood -20517.008262, best rearrangement setting 10
Bootstrap[47]: Time 0.480719 seconds, bootstrap likelihood -21047.892783, best rearrangement setting 6
Bootstrap[48]: Time 0.569089 seconds, bootstrap likelihood -21416.211692, best rearrangement setting 9
Bootstrap[49]: Time 0.529773 seconds, bootstrap likelihood -19822.661228, best rearrangement setting 13
Bootstrap[50]: Time 0.557244 seconds, bootstrap likelihood -20789.136907, best rearrangement setting 7
Bootstrap[51]: Time 3.698996 seconds, bootstrap likelihood -19911.568060, best rearrangement setting 15
Bootstrap[52]: Time 5.119315 seconds, bootstrap likelihood -20836.300071, best rearrangement setting 6
Bootstrap[53]: Time 0.594697 seconds, bootstrap likelihood -20845.164573, best rearrangement setting 15
Bootstrap[54]: Time 0.553965 seconds, bootstrap likelihood -20608.959879, best rearrangement setting 11
Bootstrap[55]: Time 0.573557 seconds, bootstrap likelihood -20670.007621, best rearrangement setting 12
Bootstrap[56]: Time 0.508592 seconds, bootstrap likelihood -19891.966681, best rearrangement setting 11
Bootstrap[57]: Time 0.687198 seconds, bootstrap likelihood -19940.764944, best rearrangement setting 15
Bootstrap[58]: Time 0.564216 seconds, bootstrap likelihood -20339.040982, best rearrangement setting 6
Bootstrap[59]: Time 0.536460 seconds, bootstrap likelihood -20966.439662, best rearrangement setting 11
Bootstrap[60]: Time 0.458834 seconds, bootstrap likelihood -20823.737324, best rearrangement setting 5
Bootstrap[61]: Time 0.591777 seconds, bootstrap likelihood -20709.477803, best rearrangement setting 14
Bootstrap[62]: Time 0.606648 seconds, bootstrap likelihood -20469.735835, best rearrangement setting 9
Bootstrap[63]: Time 0.619972 seconds, bootstrap likelihood -20111.771254, best rearrangement setting 14
Bootstrap[64]: Time 0.498948 seconds, bootstrap likelihood -20585.096605, best rearrangement setting 15
Bootstrap[65]: Time 0.555075 seconds, bootstrap likelihood -20565.821847, best rearrangement setting 8
Bootstrap[66]: Time 0.614668 seconds, bootstrap likelihood -20515.973875, best rearrangement setting 12
Bootstrap[67]: Time 0.605630 seconds, bootstrap likelihood -20054.869461, best rearrangement setting 12
Bootstrap[68]: Time 0.613915 seconds, bootstrap likelihood -20973.420268, best rearrangement setting 14
Bootstrap[69]: Time 0.586765 seconds, bootstrap likelihood -19529.544521, best rearrangement setting 15
Bootstrap[70]: Time 0.933413 seconds, bootstrap likelihood -20645.017050, best rearrangement setting 14
Bootstrap[71]: Time 0.574872 seconds, bootstrap likelihood -20287.131573, best rearrangement setting 14
Bootstrap[72]: Time 0.574221 seconds, bootstrap likelihood -20137.751384, best rearrangement setting 8
Bootstrap[73]: Time 0.462313 seconds, bootstrap likelihood -20436.131568, best rearrangement setting 6
Bootstrap[74]: Time 0.513388 seconds, bootstrap likelihood -20088.195739, best rearrangement setting 6
Bootstrap[75]: Time 0.592298 seconds, bootstrap likelihood -19986.553878, best rearrangement setting 13
Bootstrap[76]: Time 0.532683 seconds, bootstrap likelihood -21081.573209, best rearrangement setting 13
Bootstrap[77]: Time 0.511725 seconds, bootstrap likelihood -20671.216995, best rearrangement setting 11
Bootstrap[78]: Time 0.541147 seconds, bootstrap likelihood -20556.489951, best rearrangement setting 7
Bootstrap[79]: Time 0.556668 seconds, bootstrap likelihood -20549.901147, best rearrangement setting 7
Bootstrap[80]: Time 0.562138 seconds, bootstrap likelihood -21153.009082, best rearrangement setting 7
Bootstrap[81]: Time 2.694410 seconds, bootstrap likelihood -20675.572261, best rearrangement setting 13
Bootstrap[82]: Time 0.655228 seconds, bootstrap likelihood -21099.550608, best rearrangement setting 9
Bootstrap[83]: Time 0.511506 seconds, bootstrap likelihood -19673.181329, best rearrangement setting 10
Bootstrap[84]: Time 2.002564 seconds, bootstrap likelihood -20613.273353, best rearrangement setting 7
Bootstrap[85]: Time 3.282585 seconds, bootstrap likelihood -20854.593875, best rearrangement setting 13
Bootstrap[86]: Time 3.658343 seconds, bootstrap likelihood -20275.925038, best rearrangement setting 13
Bootstrap[87]: Time 0.659856 seconds, bootstrap likelihood -20470.266560, best rearrangement setting 9
Bootstrap[88]: Time 0.567608 seconds, bootstrap likelihood -20396.607417, best rearrangement setting 13
Bootstrap[89]: Time 0.588523 seconds, bootstrap likelihood -21001.691013, best rearrangement setting 15
Bootstrap[90]: Time 4.298713 seconds, bootstrap likelihood -20173.866269, best rearrangement setting 7
Bootstrap[91]: Time 0.504209 seconds, bootstrap likelihood -20767.425569, best rearrangement setting 7
Bootstrap[92]: Time 0.555686 seconds, bootstrap likelihood -20707.215118, best rearrangement setting 10
Bootstrap[93]: Time 0.440023 seconds, bootstrap likelihood -19830.342397, best rearrangement setting 5
Bootstrap[94]: Time 0.579528 seconds, bootstrap likelihood -20119.604588, best rearrangement setting 7
Bootstrap[95]: Time 0.536614 seconds, bootstrap likelihood -20094.212203, best rearrangement setting 7
Bootstrap[96]: Time 0.545118 seconds, bootstrap likelihood -20973.191565, best rearrangement setting 10
Bootstrap[97]: Time 0.545703 seconds, bootstrap likelihood -19809.843303, best rearrangement setting 10
Bootstrap[98]: Time 0.502274 seconds, bootstrap likelihood -20154.255753, best rearrangement setting 7
Bootstrap[99]: Time 0.592725 seconds, bootstrap likelihood -20550.507171, best rearrangement setting 10


Overall Time for 100 Rapid Bootstraps 91.823301 seconds
Average Time per Rapid Bootstrap 0.918233 seconds

Starting ML Search ...

Fast ML optimization finished

Fast ML search Time: 97.088716 seconds

Slow ML Search 0 Likelihood: -20615.253422
Slow ML Search 1 Likelihood: -20615.908596
Slow ML Search 2 Likelihood: -20616.332096
Slow ML Search 3 Likelihood: -20616.332096
Slow ML Search 4 Likelihood: -20616.332096
Slow ML Search 5 Likelihood: -20616.764189
Slow ML Search 6 Likelihood: -20616.764190
Slow ML Search 7 Likelihood: -20616.764190
Slow ML Search 8 Likelihood: -20616.764189
Slow ML Search 9 Likelihood: -20617.479203
Slow ML optimization finished

Slow ML search Time: 59.796516 seconds
Thorough ML search Time: 1.165234 seconds

Final ML Optimization Likelihood: -20615.253421

Model Information:

Model Parameters of Partition 0, Name: No Name Provided, Type of Data: DNA
alpha: 0.294237
Tree-Length: 1.561704
rate A <-> C: 2.531759
rate A <-> G: 9.508418
rate A <-> T: 1.011630
rate C <-> G: 1.110505
rate C <-> T: 11.792562
rate G <-> T: 1.000000

freq pi(A): 0.389982
freq pi(C): 0.166084
freq pi(G): 0.227407
freq pi(T): 0.216528


ML search took 158.057906 secs or 0.043905 hours

Combined Bootstrap and ML search took 249.881354 secs or 0.069411 hours

Drawing Bootstrap Support Values on best-scoring ML tree ...



Found 1 tree in File /gpfs_home/mhowison/code/hiv-profile-sampling/scratch/trees/pol/RAxML_bestTree.sample.264



Found 1 tree in File /gpfs_home/mhowison/code/hiv-profile-sampling/scratch/trees/pol/RAxML_bestTree.sample.264

Program execution info written to /gpfs_home/mhowison/code/hiv-profile-sampling/scratch/trees/pol/RAxML_info.sample.264
All 100 bootstrapped trees written to: /gpfs_home/mhowison/code/hiv-profile-sampling/scratch/trees/pol/RAxML_bootstrap.sample.264

Best-scoring ML tree written to: /gpfs_home/mhowison/code/hiv-profile-sampling/scratch/trees/pol/RAxML_bestTree.sample.264

Best-scoring ML tree with support values written to: /gpfs_home/mhowison/code/hiv-profile-sampling/scratch/trees/pol/RAxML_bipartitions.sample.264

Best-scoring ML tree with support values as branch labels written to: /gpfs_home/mhowison/code/hiv-profile-sampling/scratch/trees/pol/RAxML_bipartitionsBranchLabels.sample.264

Overall execution time for full ML analysis: 249.886048 secs or 0.069413 hours or 0.002892 days

