srun: job 262175 queued and waiting for resources
srun: job 262175 has been allocated resources
Warning, you specified a working directory via "-w"
Keep in mind that RAxML only accepts absolute path names, not relative ones!

RAxML can't, parse the alignment file as phylip file 
it will now try to parse it as FASTA file



Using BFGS method to optimize GTR rate parameters, to disable this specify "--no-bfgs" 


This is the RAxML Master Pthread

This is RAxML Worker Pthread Number: 1

This is RAxML Worker Pthread Number: 2

This is RAxML Worker Pthread Number: 3

This is RAxML Worker Pthread Number: 4

This is RAxML Worker Pthread Number: 7

This is RAxML Worker Pthread Number: 6

This is RAxML Worker Pthread Number: 5

This is RAxML Worker Pthread Number: 8

This is RAxML Worker Pthread Number: 9

This is RAxML Worker Pthread Number: 10

This is RAxML Worker Pthread Number: 11

This is RAxML Worker Pthread Number: 12

This is RAxML Worker Pthread Number: 13

This is RAxML Worker Pthread Number: 14

This is RAxML Worker Pthread Number: 15

This is RAxML Worker Pthread Number: 16

This is RAxML Worker Pthread Number: 18

This is RAxML Worker Pthread Number: 17

This is RAxML Worker Pthread Number: 19


This is RAxML version 8.2.12 released by Alexandros Stamatakis on May 2018.

With greatly appreciated code contributions by:
Andre Aberer      (HITS)
Simon Berger      (HITS)
Alexey Kozlov     (HITS)
Kassian Kobert    (HITS)
David Dao         (KIT and HITS)
Sarah Lutteropp   (KIT and HITS)
Nick Pattengale   (Sandia)
Wayne Pfeiffer    (SDSC)
Akifumi S. Tanabe (NRIFS)
Charlie Taylor    (UF)


Alignment has 1164 distinct alignment patterns

Proportion of gaps and completely undetermined characters in this alignment: 5.95%

RAxML rapid bootstrapping and subsequent ML search

Using 1 distinct models/data partitions with joint branch length optimization



Executing 100 rapid bootstrap inferences and thereafter a thorough ML search 

All free model parameters will be estimated by RAxML
GAMMA model of rate heterogeneity, ML estimate of alpha-parameter

GAMMA Model parameters will be estimated up to an accuracy of 0.1000000000 Log Likelihood units

Partition: 0
Alignment Patterns: 1164
Name: No Name Provided
DataType: DNA
Substitution Matrix: GTR




RAxML was called as follows:

raxmlHPC-PTHREADS-AVX -T 20 -s scratch/aligned/pol/sample.385.fa -p 5431682846 -x 5431682846 -f a -N 100 -m GTRGAMMA -w /gpfs_home/mhowison/code/hiv-profile-sampling/scratch/trees/pol -n sample.385 



Time for BS model parameter optimization 0.042633
Bootstrap[0]: Time 0.673563 seconds, bootstrap likelihood -20552.630907, best rearrangement setting 14
Bootstrap[1]: Time 0.424608 seconds, bootstrap likelihood -20465.689697, best rearrangement setting 8
Bootstrap[2]: Time 0.468021 seconds, bootstrap likelihood -20878.485159, best rearrangement setting 9
Bootstrap[3]: Time 0.904188 seconds, bootstrap likelihood -20768.333503, best rearrangement setting 13
Bootstrap[4]: Time 0.450844 seconds, bootstrap likelihood -20730.426874, best rearrangement setting 13
Bootstrap[5]: Time 0.604145 seconds, bootstrap likelihood -20586.947621, best rearrangement setting 10
Bootstrap[6]: Time 0.505294 seconds, bootstrap likelihood -20189.583158, best rearrangement setting 7
Bootstrap[7]: Time 1.156867 seconds, bootstrap likelihood -21527.385120, best rearrangement setting 14
Bootstrap[8]: Time 0.502855 seconds, bootstrap likelihood -20519.722546, best rearrangement setting 12
Bootstrap[9]: Time 0.531704 seconds, bootstrap likelihood -19859.694545, best rearrangement setting 15
Bootstrap[10]: Time 0.558084 seconds, bootstrap likelihood -20833.762266, best rearrangement setting 14
Bootstrap[11]: Time 1.659995 seconds, bootstrap likelihood -20652.149749, best rearrangement setting 7
Bootstrap[12]: Time 0.534717 seconds, bootstrap likelihood -19952.624153, best rearrangement setting 6
Bootstrap[13]: Time 0.482598 seconds, bootstrap likelihood -20799.443494, best rearrangement setting 9
Bootstrap[14]: Time 0.660801 seconds, bootstrap likelihood -20734.702507, best rearrangement setting 15
Bootstrap[15]: Time 0.441421 seconds, bootstrap likelihood -20178.412444, best rearrangement setting 7
Bootstrap[16]: Time 0.449448 seconds, bootstrap likelihood -20684.969367, best rearrangement setting 12
Bootstrap[17]: Time 0.741621 seconds, bootstrap likelihood -20328.583130, best rearrangement setting 10
Bootstrap[18]: Time 0.642624 seconds, bootstrap likelihood -20586.374932, best rearrangement setting 12
Bootstrap[19]: Time 0.601523 seconds, bootstrap likelihood -20497.767100, best rearrangement setting 14
Bootstrap[20]: Time 0.663244 seconds, bootstrap likelihood -19931.157619, best rearrangement setting 12
Bootstrap[21]: Time 0.799033 seconds, bootstrap likelihood -20293.639125, best rearrangement setting 7
Bootstrap[22]: Time 0.403255 seconds, bootstrap likelihood -20957.822446, best rearrangement setting 6
Bootstrap[23]: Time 0.808106 seconds, bootstrap likelihood -20512.307469, best rearrangement setting 9
Bootstrap[24]: Time 0.474272 seconds, bootstrap likelihood -20316.191968, best rearrangement setting 6
Bootstrap[25]: Time 0.979963 seconds, bootstrap likelihood -20548.616942, best rearrangement setting 11
Bootstrap[26]: Time 0.747744 seconds, bootstrap likelihood -21009.969903, best rearrangement setting 7
Bootstrap[27]: Time 0.674362 seconds, bootstrap likelihood -21090.380241, best rearrangement setting 8
Bootstrap[28]: Time 0.460205 seconds, bootstrap likelihood -20697.733822, best rearrangement setting 6
Bootstrap[29]: Time 1.748169 seconds, bootstrap likelihood -20163.591595, best rearrangement setting 10
Bootstrap[30]: Time 0.478548 seconds, bootstrap likelihood -20749.735260, best rearrangement setting 12
Bootstrap[31]: Time 0.411156 seconds, bootstrap likelihood -20815.790309, best rearrangement setting 6
Bootstrap[32]: Time 0.491421 seconds, bootstrap likelihood -20787.198087, best rearrangement setting 12
Bootstrap[33]: Time 0.464962 seconds, bootstrap likelihood -21335.582245, best rearrangement setting 9
Bootstrap[34]: Time 0.470095 seconds, bootstrap likelihood -21132.827104, best rearrangement setting 8
Bootstrap[35]: Time 0.539487 seconds, bootstrap likelihood -20809.682245, best rearrangement setting 14
Bootstrap[36]: Time 0.442516 seconds, bootstrap likelihood -20031.942536, best rearrangement setting 5
Bootstrap[37]: Time 2.759760 seconds, bootstrap likelihood -20404.384343, best rearrangement setting 14
Bootstrap[38]: Time 0.538629 seconds, bootstrap likelihood -19762.798283, best rearrangement setting 8
Bootstrap[39]: Time 0.491920 seconds, bootstrap likelihood -20012.659251, best rearrangement setting 9
Bootstrap[40]: Time 1.841926 seconds, bootstrap likelihood -20335.487195, best rearrangement setting 11
Bootstrap[41]: Time 1.237983 seconds, bootstrap likelihood -20692.918432, best rearrangement setting 11
Bootstrap[42]: Time 1.809741 seconds, bootstrap likelihood -20244.531710, best rearrangement setting 10
Bootstrap[43]: Time 0.541074 seconds, bootstrap likelihood -20499.437002, best rearrangement setting 9
Bootstrap[44]: Time 0.508349 seconds, bootstrap likelihood -20085.808685, best rearrangement setting 14
Bootstrap[45]: Time 0.568022 seconds, bootstrap likelihood -19264.712241, best rearrangement setting 8
Bootstrap[46]: Time 0.475009 seconds, bootstrap likelihood -20659.252782, best rearrangement setting 10
Bootstrap[47]: Time 0.437901 seconds, bootstrap likelihood -20828.268542, best rearrangement setting 6
Bootstrap[48]: Time 0.489129 seconds, bootstrap likelihood -20804.916714, best rearrangement setting 5
Bootstrap[49]: Time 0.677016 seconds, bootstrap likelihood -20676.209792, best rearrangement setting 15
Bootstrap[50]: Time 2.250287 seconds, bootstrap likelihood -20261.663869, best rearrangement setting 13
Bootstrap[51]: Time 0.583724 seconds, bootstrap likelihood -20182.061981, best rearrangement setting 14
Bootstrap[52]: Time 0.844696 seconds, bootstrap likelihood -20261.875225, best rearrangement setting 10
Bootstrap[53]: Time 0.492481 seconds, bootstrap likelihood -20998.265420, best rearrangement setting 6
Bootstrap[54]: Time 0.467684 seconds, bootstrap likelihood -21084.386019, best rearrangement setting 15
Bootstrap[55]: Time 0.436948 seconds, bootstrap likelihood -21145.051190, best rearrangement setting 9
Bootstrap[56]: Time 0.537966 seconds, bootstrap likelihood -20725.409050, best rearrangement setting 15
Bootstrap[57]: Time 0.589350 seconds, bootstrap likelihood -20511.612606, best rearrangement setting 11
Bootstrap[58]: Time 0.528975 seconds, bootstrap likelihood -20918.463347, best rearrangement setting 9
Bootstrap[59]: Time 0.496903 seconds, bootstrap likelihood -20492.128917, best rearrangement setting 9
Bootstrap[60]: Time 0.448494 seconds, bootstrap likelihood -20070.246906, best rearrangement setting 7
Bootstrap[61]: Time 0.471835 seconds, bootstrap likelihood -20861.584589, best rearrangement setting 6
Bootstrap[62]: Time 0.548779 seconds, bootstrap likelihood -20267.435774, best rearrangement setting 15
Bootstrap[63]: Time 0.544510 seconds, bootstrap likelihood -20155.387163, best rearrangement setting 15
Bootstrap[64]: Time 0.490432 seconds, bootstrap likelihood -20430.553566, best rearrangement setting 6
Bootstrap[65]: Time 0.849745 seconds, bootstrap likelihood -20559.262563, best rearrangement setting 9
Bootstrap[66]: Time 0.594196 seconds, bootstrap likelihood -21064.998423, best rearrangement setting 9
Bootstrap[67]: Time 0.553264 seconds, bootstrap likelihood -20219.236286, best rearrangement setting 10
Bootstrap[68]: Time 0.540133 seconds, bootstrap likelihood -20106.599816, best rearrangement setting 14
Bootstrap[69]: Time 0.553182 seconds, bootstrap likelihood -20459.940340, best rearrangement setting 14
Bootstrap[70]: Time 0.467612 seconds, bootstrap likelihood -20626.196253, best rearrangement setting 8
Bootstrap[71]: Time 0.459890 seconds, bootstrap likelihood -20339.393867, best rearrangement setting 5
Bootstrap[72]: Time 0.501730 seconds, bootstrap likelihood -19856.458393, best rearrangement setting 15
Bootstrap[73]: Time 0.455233 seconds, bootstrap likelihood -20529.833251, best rearrangement setting 7
Bootstrap[74]: Time 0.398576 seconds, bootstrap likelihood -20620.802610, best rearrangement setting 9
Bootstrap[75]: Time 0.591884 seconds, bootstrap likelihood -20757.184586, best rearrangement setting 8
Bootstrap[76]: Time 0.644553 seconds, bootstrap likelihood -20379.663552, best rearrangement setting 11
Bootstrap[77]: Time 0.549467 seconds, bootstrap likelihood -20011.458813, best rearrangement setting 8
Bootstrap[78]: Time 0.563718 seconds, bootstrap likelihood -20633.199740, best rearrangement setting 14
Bootstrap[79]: Time 0.481480 seconds, bootstrap likelihood -20590.539017, best rearrangement setting 9
Bootstrap[80]: Time 0.519283 seconds, bootstrap likelihood -20622.050340, best rearrangement setting 10
Bootstrap[81]: Time 0.529315 seconds, bootstrap likelihood -21193.561622, best rearrangement setting 13
Bootstrap[82]: Time 0.518341 seconds, bootstrap likelihood -21312.716334, best rearrangement setting 15
Bootstrap[83]: Time 0.463642 seconds, bootstrap likelihood -20185.527256, best rearrangement setting 6
Bootstrap[84]: Time 0.442456 seconds, bootstrap likelihood -19830.876891, best rearrangement setting 6
Bootstrap[85]: Time 0.556837 seconds, bootstrap likelihood -20699.008145, best rearrangement setting 11
Bootstrap[86]: Time 0.526496 seconds, bootstrap likelihood -20384.180665, best rearrangement setting 14
Bootstrap[87]: Time 1.115126 seconds, bootstrap likelihood -19572.456579, best rearrangement setting 7
Bootstrap[88]: Time 0.876428 seconds, bootstrap likelihood -21021.240398, best rearrangement setting 12
Bootstrap[89]: Time 1.016403 seconds, bootstrap likelihood -20421.368605, best rearrangement setting 14
Bootstrap[90]: Time 1.155446 seconds, bootstrap likelihood -21349.817461, best rearrangement setting 15
Bootstrap[91]: Time 0.467493 seconds, bootstrap likelihood -20855.819060, best rearrangement setting 6
Bootstrap[92]: Time 0.528395 seconds, bootstrap likelihood -20476.001771, best rearrangement setting 13
Bootstrap[93]: Time 1.923964 seconds, bootstrap likelihood -20074.882526, best rearrangement setting 10
Bootstrap[94]: Time 1.761508 seconds, bootstrap likelihood -21394.977391, best rearrangement setting 9
Bootstrap[95]: Time 0.515286 seconds, bootstrap likelihood -21425.511120, best rearrangement setting 15
Bootstrap[96]: Time 0.511517 seconds, bootstrap likelihood -19995.495520, best rearrangement setting 15
Bootstrap[97]: Time 0.469528 seconds, bootstrap likelihood -21219.138543, best rearrangement setting 8
Bootstrap[98]: Time 0.541094 seconds, bootstrap likelihood -20562.058725, best rearrangement setting 8
Bootstrap[99]: Time 0.562782 seconds, bootstrap likelihood -19522.549383, best rearrangement setting 15


Overall Time for 100 Rapid Bootstraps 69.520575 seconds
Average Time per Rapid Bootstrap 0.695206 seconds

Starting ML Search ...

Fast ML optimization finished

Fast ML search Time: 65.550589 seconds

Slow ML Search 0 Likelihood: -20636.689679
Slow ML Search 1 Likelihood: -20636.707618
Slow ML Search 2 Likelihood: -20637.268876
Slow ML Search 3 Likelihood: -20637.268876
Slow ML Search 4 Likelihood: -20637.268876
Slow ML Search 5 Likelihood: -20637.268878
Slow ML Search 6 Likelihood: -20639.400324
Slow ML Search 7 Likelihood: -20640.718229
Slow ML Search 8 Likelihood: -20640.718229
Slow ML Search 9 Likelihood: -20640.718229
Slow ML optimization finished

Slow ML search Time: 9.468135 seconds
Thorough ML search Time: 1.076150 seconds

Final ML Optimization Likelihood: -20636.689680

Model Information:

Model Parameters of Partition 0, Name: No Name Provided, Type of Data: DNA
alpha: 0.296756
Tree-Length: 1.559605
rate A <-> C: 2.327916
rate A <-> G: 8.815932
rate A <-> T: 0.912375
rate C <-> G: 1.015548
rate C <-> T: 11.206554
rate G <-> T: 1.000000

freq pi(A): 0.390261
freq pi(C): 0.166127
freq pi(G): 0.227145
freq pi(T): 0.216467


ML search took 76.162827 secs or 0.021156 hours

Combined Bootstrap and ML search took 145.683513 secs or 0.040468 hours

Drawing Bootstrap Support Values on best-scoring ML tree ...



Found 1 tree in File /gpfs_home/mhowison/code/hiv-profile-sampling/scratch/trees/pol/RAxML_bestTree.sample.385



Found 1 tree in File /gpfs_home/mhowison/code/hiv-profile-sampling/scratch/trees/pol/RAxML_bestTree.sample.385

Program execution info written to /gpfs_home/mhowison/code/hiv-profile-sampling/scratch/trees/pol/RAxML_info.sample.385
All 100 bootstrapped trees written to: /gpfs_home/mhowison/code/hiv-profile-sampling/scratch/trees/pol/RAxML_bootstrap.sample.385

Best-scoring ML tree written to: /gpfs_home/mhowison/code/hiv-profile-sampling/scratch/trees/pol/RAxML_bestTree.sample.385

Best-scoring ML tree with support values written to: /gpfs_home/mhowison/code/hiv-profile-sampling/scratch/trees/pol/RAxML_bipartitions.sample.385

Best-scoring ML tree with support values as branch labels written to: /gpfs_home/mhowison/code/hiv-profile-sampling/scratch/trees/pol/RAxML_bipartitionsBranchLabels.sample.385

Overall execution time for full ML analysis: 145.693969 secs or 0.040471 hours or 0.001686 days

