srun: job 262698 queued and waiting for resources
srun: job 262698 has been allocated resources
Warning, you specified a working directory via "-w"
Keep in mind that RAxML only accepts absolute path names, not relative ones!

RAxML can't, parse the alignment file as phylip file 
it will now try to parse it as FASTA file



Using BFGS method to optimize GTR rate parameters, to disable this specify "--no-bfgs" 


This is the RAxML Master Pthread

This is RAxML Worker Pthread Number: 4

This is RAxML Worker Pthread Number: 3

This is RAxML Worker Pthread Number: 1

This is RAxML Worker Pthread Number: 2

This is RAxML Worker Pthread Number: 5

This is RAxML Worker Pthread Number: 6

This is RAxML Worker Pthread Number: 7

This is RAxML Worker Pthread Number: 11

This is RAxML Worker Pthread Number: 15

This is RAxML Worker Pthread Number: 12

This is RAxML Worker Pthread Number: 16

This is RAxML Worker Pthread Number: 13

This is RAxML Worker Pthread Number: 9

This is RAxML Worker Pthread Number: 10

This is RAxML Worker Pthread Number: 19

This is RAxML Worker Pthread Number: 14

This is RAxML Worker Pthread Number: 17

This is RAxML Worker Pthread Number: 8

This is RAxML Worker Pthread Number: 18


This is RAxML version 8.2.12 released by Alexandros Stamatakis on May 2018.

With greatly appreciated code contributions by:
Andre Aberer      (HITS)
Simon Berger      (HITS)
Alexey Kozlov     (HITS)
Kassian Kobert    (HITS)
David Dao         (KIT and HITS)
Sarah Lutteropp   (KIT and HITS)
Nick Pattengale   (Sandia)
Wayne Pfeiffer    (SDSC)
Akifumi S. Tanabe (NRIFS)
Charlie Taylor    (UF)


Alignment has 1170 distinct alignment patterns

Proportion of gaps and completely undetermined characters in this alignment: 5.94%

RAxML rapid bootstrapping and subsequent ML search

Using 1 distinct models/data partitions with joint branch length optimization



Executing 100 rapid bootstrap inferences and thereafter a thorough ML search 

All free model parameters will be estimated by RAxML
GAMMA model of rate heterogeneity, ML estimate of alpha-parameter

GAMMA Model parameters will be estimated up to an accuracy of 0.1000000000 Log Likelihood units

Partition: 0
Alignment Patterns: 1170
Name: No Name Provided
DataType: DNA
Substitution Matrix: GTR




RAxML was called as follows:

raxmlHPC-PTHREADS-AVX -T 20 -s scratch/aligned/pol/sample.79.fa -p 1406691077 -x 1406691077 -f a -N 100 -m GTRGAMMA -w /gpfs_home/mhowison/code/hiv-profile-sampling/scratch/trees/pol -n sample.79 



Time for BS model parameter optimization 0.085107
Bootstrap[0]: Time 0.767686 seconds, bootstrap likelihood -20395.910173, best rearrangement setting 10
Bootstrap[1]: Time 0.554852 seconds, bootstrap likelihood -21237.151538, best rearrangement setting 6
Bootstrap[2]: Time 0.427664 seconds, bootstrap likelihood -19930.890171, best rearrangement setting 5
Bootstrap[3]: Time 0.511400 seconds, bootstrap likelihood -20547.806319, best rearrangement setting 11
Bootstrap[4]: Time 0.611520 seconds, bootstrap likelihood -20448.375916, best rearrangement setting 15
Bootstrap[5]: Time 0.570362 seconds, bootstrap likelihood -20203.420649, best rearrangement setting 14
Bootstrap[6]: Time 0.542007 seconds, bootstrap likelihood -20027.520873, best rearrangement setting 6
Bootstrap[7]: Time 0.569322 seconds, bootstrap likelihood -20370.895836, best rearrangement setting 10
Bootstrap[8]: Time 0.562966 seconds, bootstrap likelihood -21055.757325, best rearrangement setting 15
Bootstrap[9]: Time 0.524073 seconds, bootstrap likelihood -20444.919683, best rearrangement setting 7
Bootstrap[10]: Time 0.548013 seconds, bootstrap likelihood -20500.434091, best rearrangement setting 15
Bootstrap[11]: Time 0.535288 seconds, bootstrap likelihood -19357.172151, best rearrangement setting 11
Bootstrap[12]: Time 0.587506 seconds, bootstrap likelihood -20462.277306, best rearrangement setting 12
Bootstrap[13]: Time 0.546553 seconds, bootstrap likelihood -20446.325637, best rearrangement setting 12
Bootstrap[14]: Time 0.567092 seconds, bootstrap likelihood -20081.761888, best rearrangement setting 11
Bootstrap[15]: Time 0.521653 seconds, bootstrap likelihood -19635.810485, best rearrangement setting 15
Bootstrap[16]: Time 0.564547 seconds, bootstrap likelihood -21045.626329, best rearrangement setting 14
Bootstrap[17]: Time 0.620139 seconds, bootstrap likelihood -20744.049460, best rearrangement setting 11
Bootstrap[18]: Time 0.566779 seconds, bootstrap likelihood -21145.043977, best rearrangement setting 14
Bootstrap[19]: Time 0.577548 seconds, bootstrap likelihood -20384.148004, best rearrangement setting 6
Bootstrap[20]: Time 0.582787 seconds, bootstrap likelihood -20272.275511, best rearrangement setting 10
Bootstrap[21]: Time 0.467625 seconds, bootstrap likelihood -20100.269070, best rearrangement setting 6
Bootstrap[22]: Time 0.532680 seconds, bootstrap likelihood -20361.408026, best rearrangement setting 9
Bootstrap[23]: Time 0.430809 seconds, bootstrap likelihood -21066.040688, best rearrangement setting 5
Bootstrap[24]: Time 0.520159 seconds, bootstrap likelihood -20280.986359, best rearrangement setting 13
Bootstrap[25]: Time 0.581781 seconds, bootstrap likelihood -19918.336396, best rearrangement setting 11
Bootstrap[26]: Time 0.787416 seconds, bootstrap likelihood -20787.188983, best rearrangement setting 12
Bootstrap[27]: Time 0.479919 seconds, bootstrap likelihood -20264.724664, best rearrangement setting 11
Bootstrap[28]: Time 0.489248 seconds, bootstrap likelihood -20501.555779, best rearrangement setting 6
Bootstrap[29]: Time 0.584434 seconds, bootstrap likelihood -21479.327929, best rearrangement setting 12
Bootstrap[30]: Time 0.544014 seconds, bootstrap likelihood -21587.728424, best rearrangement setting 10
Bootstrap[31]: Time 0.525065 seconds, bootstrap likelihood -20847.363641, best rearrangement setting 10
Bootstrap[32]: Time 0.598718 seconds, bootstrap likelihood -20268.461734, best rearrangement setting 15
Bootstrap[33]: Time 0.608840 seconds, bootstrap likelihood -20890.351713, best rearrangement setting 9
Bootstrap[34]: Time 0.619619 seconds, bootstrap likelihood -20366.415465, best rearrangement setting 13
Bootstrap[35]: Time 0.636450 seconds, bootstrap likelihood -21259.282605, best rearrangement setting 15
Bootstrap[36]: Time 0.529337 seconds, bootstrap likelihood -19968.627340, best rearrangement setting 11
Bootstrap[37]: Time 0.532878 seconds, bootstrap likelihood -20540.019100, best rearrangement setting 15
Bootstrap[38]: Time 0.604165 seconds, bootstrap likelihood -20363.778319, best rearrangement setting 10
Bootstrap[39]: Time 0.538154 seconds, bootstrap likelihood -21433.780329, best rearrangement setting 11
Bootstrap[40]: Time 0.527760 seconds, bootstrap likelihood -20813.226067, best rearrangement setting 11
Bootstrap[41]: Time 0.463363 seconds, bootstrap likelihood -20223.625017, best rearrangement setting 14
Bootstrap[42]: Time 0.482432 seconds, bootstrap likelihood -20696.726371, best rearrangement setting 14
Bootstrap[43]: Time 0.957839 seconds, bootstrap likelihood -20297.179960, best rearrangement setting 14
Bootstrap[44]: Time 0.581490 seconds, bootstrap likelihood -20908.756368, best rearrangement setting 14
Bootstrap[45]: Time 0.484844 seconds, bootstrap likelihood -20364.485481, best rearrangement setting 7
Bootstrap[46]: Time 0.578648 seconds, bootstrap likelihood -21601.603274, best rearrangement setting 11
Bootstrap[47]: Time 0.525938 seconds, bootstrap likelihood -20302.779864, best rearrangement setting 7
Bootstrap[48]: Time 0.498852 seconds, bootstrap likelihood -20555.696043, best rearrangement setting 11
Bootstrap[49]: Time 0.502988 seconds, bootstrap likelihood -21092.188950, best rearrangement setting 6
Bootstrap[50]: Time 0.526332 seconds, bootstrap likelihood -20459.681271, best rearrangement setting 15
Bootstrap[51]: Time 0.499477 seconds, bootstrap likelihood -20501.436517, best rearrangement setting 7
Bootstrap[52]: Time 1.013379 seconds, bootstrap likelihood -19866.398718, best rearrangement setting 12
Bootstrap[53]: Time 0.527337 seconds, bootstrap likelihood -20566.261376, best rearrangement setting 11
Bootstrap[54]: Time 0.529211 seconds, bootstrap likelihood -20616.719659, best rearrangement setting 12
Bootstrap[55]: Time 0.548110 seconds, bootstrap likelihood -20122.097166, best rearrangement setting 12
Bootstrap[56]: Time 0.542817 seconds, bootstrap likelihood -19089.691227, best rearrangement setting 14
Bootstrap[57]: Time 0.557171 seconds, bootstrap likelihood -20919.004388, best rearrangement setting 13
Bootstrap[58]: Time 0.608123 seconds, bootstrap likelihood -20823.422994, best rearrangement setting 14
Bootstrap[59]: Time 0.529033 seconds, bootstrap likelihood -20989.642061, best rearrangement setting 10
Bootstrap[60]: Time 0.552382 seconds, bootstrap likelihood -20536.539856, best rearrangement setting 13
Bootstrap[61]: Time 0.479092 seconds, bootstrap likelihood -20824.059041, best rearrangement setting 5
Bootstrap[62]: Time 0.603027 seconds, bootstrap likelihood -20231.246472, best rearrangement setting 15
Bootstrap[63]: Time 0.564816 seconds, bootstrap likelihood -20869.826494, best rearrangement setting 10
Bootstrap[64]: Time 0.547736 seconds, bootstrap likelihood -20522.970886, best rearrangement setting 10
Bootstrap[65]: Time 0.504752 seconds, bootstrap likelihood -20580.301381, best rearrangement setting 5
Bootstrap[66]: Time 0.548315 seconds, bootstrap likelihood -21155.791112, best rearrangement setting 11
Bootstrap[67]: Time 0.450789 seconds, bootstrap likelihood -21074.738963, best rearrangement setting 6
Bootstrap[68]: Time 0.489264 seconds, bootstrap likelihood -20168.816218, best rearrangement setting 5
Bootstrap[69]: Time 0.560711 seconds, bootstrap likelihood -20204.367172, best rearrangement setting 6
Bootstrap[70]: Time 0.561683 seconds, bootstrap likelihood -20559.795156, best rearrangement setting 8
Bootstrap[71]: Time 0.478274 seconds, bootstrap likelihood -20985.315271, best rearrangement setting 5
Bootstrap[72]: Time 0.519528 seconds, bootstrap likelihood -20890.276037, best rearrangement setting 6
Bootstrap[73]: Time 0.507377 seconds, bootstrap likelihood -20679.497500, best rearrangement setting 14
Bootstrap[74]: Time 0.535785 seconds, bootstrap likelihood -20680.686872, best rearrangement setting 9
Bootstrap[75]: Time 0.509130 seconds, bootstrap likelihood -20792.501631, best rearrangement setting 8
Bootstrap[76]: Time 0.587470 seconds, bootstrap likelihood -20904.041096, best rearrangement setting 13
Bootstrap[77]: Time 0.566516 seconds, bootstrap likelihood -19902.720024, best rearrangement setting 10
Bootstrap[78]: Time 0.501031 seconds, bootstrap likelihood -21328.928627, best rearrangement setting 14
Bootstrap[79]: Time 0.574379 seconds, bootstrap likelihood -21409.759837, best rearrangement setting 9
Bootstrap[80]: Time 0.904978 seconds, bootstrap likelihood -20547.245939, best rearrangement setting 12
Bootstrap[81]: Time 0.481935 seconds, bootstrap likelihood -19845.425049, best rearrangement setting 6
Bootstrap[82]: Time 0.558794 seconds, bootstrap likelihood -20855.324194, best rearrangement setting 10
Bootstrap[83]: Time 0.532407 seconds, bootstrap likelihood -20966.686970, best rearrangement setting 9
Bootstrap[84]: Time 0.573912 seconds, bootstrap likelihood -20559.177072, best rearrangement setting 11
Bootstrap[85]: Time 0.545403 seconds, bootstrap likelihood -20923.769599, best rearrangement setting 15
Bootstrap[86]: Time 0.431912 seconds, bootstrap likelihood -19950.951281, best rearrangement setting 9
Bootstrap[87]: Time 0.563802 seconds, bootstrap likelihood -20730.023710, best rearrangement setting 9
Bootstrap[88]: Time 0.567354 seconds, bootstrap likelihood -19746.792870, best rearrangement setting 10
Bootstrap[89]: Time 0.534252 seconds, bootstrap likelihood -20806.284239, best rearrangement setting 9
Bootstrap[90]: Time 0.477668 seconds, bootstrap likelihood -20154.093661, best rearrangement setting 12
Bootstrap[91]: Time 0.550511 seconds, bootstrap likelihood -20162.079152, best rearrangement setting 15
Bootstrap[92]: Time 0.532592 seconds, bootstrap likelihood -19702.414625, best rearrangement setting 9
Bootstrap[93]: Time 0.577835 seconds, bootstrap likelihood -19894.097179, best rearrangement setting 11
Bootstrap[94]: Time 0.501309 seconds, bootstrap likelihood -20613.459889, best rearrangement setting 8
Bootstrap[95]: Time 0.575678 seconds, bootstrap likelihood -20401.470981, best rearrangement setting 13
Bootstrap[96]: Time 0.721751 seconds, bootstrap likelihood -20645.364323, best rearrangement setting 13
Bootstrap[97]: Time 0.720978 seconds, bootstrap likelihood -20650.540891, best rearrangement setting 11
Bootstrap[98]: Time 0.497913 seconds, bootstrap likelihood -20842.525497, best rearrangement setting 14
Bootstrap[99]: Time 0.514727 seconds, bootstrap likelihood -20936.841427, best rearrangement setting 6


Overall Time for 100 Rapid Bootstraps 56.080862 seconds
Average Time per Rapid Bootstrap 0.560809 seconds

Starting ML Search ...

Fast ML optimization finished

Fast ML search Time: 46.236359 seconds

Slow ML Search 0 Likelihood: -20579.219901
Slow ML Search 1 Likelihood: -20580.224971
Slow ML Search 2 Likelihood: -20580.224971
Slow ML Search 3 Likelihood: -20580.229297
Slow ML Search 4 Likelihood: -20581.532653
Slow ML Search 5 Likelihood: -20581.532652
Slow ML Search 6 Likelihood: -20581.532652
Slow ML Search 7 Likelihood: -20581.655897
Slow ML Search 8 Likelihood: -20581.655897
Slow ML Search 9 Likelihood: -20582.326022
Slow ML optimization finished

Slow ML search Time: 10.062079 seconds
Thorough ML search Time: 1.134729 seconds

Final ML Optimization Likelihood: -20579.219902

Model Information:

Model Parameters of Partition 0, Name: No Name Provided, Type of Data: DNA
alpha: 0.295738
Tree-Length: 1.554495
rate A <-> C: 2.428264
rate A <-> G: 9.382006
rate A <-> T: 1.026557
rate C <-> G: 1.012203
rate C <-> T: 11.451025
rate G <-> T: 1.000000

freq pi(A): 0.390152
freq pi(C): 0.165773
freq pi(G): 0.227362
freq pi(T): 0.216713


ML search took 57.453039 secs or 0.015959 hours

Combined Bootstrap and ML search took 113.534037 secs or 0.031537 hours

Drawing Bootstrap Support Values on best-scoring ML tree ...



Found 1 tree in File /gpfs_home/mhowison/code/hiv-profile-sampling/scratch/trees/pol/RAxML_bestTree.sample.79



Found 1 tree in File /gpfs_home/mhowison/code/hiv-profile-sampling/scratch/trees/pol/RAxML_bestTree.sample.79

Program execution info written to /gpfs_home/mhowison/code/hiv-profile-sampling/scratch/trees/pol/RAxML_info.sample.79
All 100 bootstrapped trees written to: /gpfs_home/mhowison/code/hiv-profile-sampling/scratch/trees/pol/RAxML_bootstrap.sample.79

Best-scoring ML tree written to: /gpfs_home/mhowison/code/hiv-profile-sampling/scratch/trees/pol/RAxML_bestTree.sample.79

Best-scoring ML tree with support values written to: /gpfs_home/mhowison/code/hiv-profile-sampling/scratch/trees/pol/RAxML_bipartitions.sample.79

Best-scoring ML tree with support values as branch labels written to: /gpfs_home/mhowison/code/hiv-profile-sampling/scratch/trees/pol/RAxML_bipartitionsBranchLabels.sample.79

Overall execution time for full ML analysis: 113.538833 secs or 0.031539 hours or 0.001314 days

