srun: job 262625 queued and waiting for resources
srun: job 262625 has been allocated resources
Warning, you specified a working directory via "-w"
Keep in mind that RAxML only accepts absolute path names, not relative ones!

RAxML can't, parse the alignment file as phylip file 
it will now try to parse it as FASTA file



Using BFGS method to optimize GTR rate parameters, to disable this specify "--no-bfgs" 


This is the RAxML Master Pthread

This is RAxML Worker Pthread Number: 3

This is RAxML Worker Pthread Number: 2

This is RAxML Worker Pthread Number: 5

This is RAxML Worker Pthread Number: 1

This is RAxML Worker Pthread Number: 4

This is RAxML Worker Pthread Number: 6

This is RAxML Worker Pthread Number: 8

This is RAxML Worker Pthread Number: 7

This is RAxML Worker Pthread Number: 12

This is RAxML Worker Pthread Number: 10

This is RAxML Worker Pthread Number: 9

This is RAxML Worker Pthread Number: 13

This is RAxML Worker Pthread Number: 11

This is RAxML Worker Pthread Number: 14

This is RAxML Worker Pthread Number: 16

This is RAxML Worker Pthread Number: 17

This is RAxML Worker Pthread Number: 18

This is RAxML Worker Pthread Number: 15

This is RAxML Worker Pthread Number: 19


This is RAxML version 8.2.12 released by Alexandros Stamatakis on May 2018.

With greatly appreciated code contributions by:
Andre Aberer      (HITS)
Simon Berger      (HITS)
Alexey Kozlov     (HITS)
Kassian Kobert    (HITS)
David Dao         (KIT and HITS)
Sarah Lutteropp   (KIT and HITS)
Nick Pattengale   (Sandia)
Wayne Pfeiffer    (SDSC)
Akifumi S. Tanabe (NRIFS)
Charlie Taylor    (UF)


Alignment has 1159 distinct alignment patterns

Proportion of gaps and completely undetermined characters in this alignment: 5.94%

RAxML rapid bootstrapping and subsequent ML search

Using 1 distinct models/data partitions with joint branch length optimization



Executing 100 rapid bootstrap inferences and thereafter a thorough ML search 

All free model parameters will be estimated by RAxML
GAMMA model of rate heterogeneity, ML estimate of alpha-parameter

GAMMA Model parameters will be estimated up to an accuracy of 0.1000000000 Log Likelihood units

Partition: 0
Alignment Patterns: 1159
Name: No Name Provided
DataType: DNA
Substitution Matrix: GTR




RAxML was called as follows:

raxmlHPC-PTHREADS-AVX -T 20 -s scratch/aligned/pol/sample.474.fa -p 8448552754 -x 8448552754 -f a -N 100 -m GTRGAMMA -w /gpfs_home/mhowison/code/hiv-profile-sampling/scratch/trees/pol -n sample.474 



Time for BS model parameter optimization 0.054687
Bootstrap[0]: Time 0.736235 seconds, bootstrap likelihood -19991.055184, best rearrangement setting 6
Bootstrap[1]: Time 0.752257 seconds, bootstrap likelihood -20900.515459, best rearrangement setting 15
Bootstrap[2]: Time 0.571830 seconds, bootstrap likelihood -20228.485962, best rearrangement setting 15
Bootstrap[3]: Time 0.520266 seconds, bootstrap likelihood -20513.931263, best rearrangement setting 6
Bootstrap[4]: Time 0.633022 seconds, bootstrap likelihood -19734.162337, best rearrangement setting 10
Bootstrap[5]: Time 0.612066 seconds, bootstrap likelihood -20852.053821, best rearrangement setting 8
Bootstrap[6]: Time 0.662818 seconds, bootstrap likelihood -20784.225330, best rearrangement setting 6
Bootstrap[7]: Time 0.796892 seconds, bootstrap likelihood -21007.484380, best rearrangement setting 9
Bootstrap[8]: Time 0.683370 seconds, bootstrap likelihood -20662.426591, best rearrangement setting 9
Bootstrap[9]: Time 0.723557 seconds, bootstrap likelihood -20603.140159, best rearrangement setting 9
Bootstrap[10]: Time 0.665813 seconds, bootstrap likelihood -20796.556700, best rearrangement setting 14
Bootstrap[11]: Time 0.664425 seconds, bootstrap likelihood -21126.819383, best rearrangement setting 13
Bootstrap[12]: Time 0.754446 seconds, bootstrap likelihood -20047.542392, best rearrangement setting 13
Bootstrap[13]: Time 0.607828 seconds, bootstrap likelihood -20688.783313, best rearrangement setting 5
Bootstrap[14]: Time 0.633164 seconds, bootstrap likelihood -20681.096745, best rearrangement setting 9
Bootstrap[15]: Time 0.561989 seconds, bootstrap likelihood -20546.155155, best rearrangement setting 10
Bootstrap[16]: Time 0.655690 seconds, bootstrap likelihood -21028.984676, best rearrangement setting 15
Bootstrap[17]: Time 0.550704 seconds, bootstrap likelihood -20639.766169, best rearrangement setting 5
Bootstrap[18]: Time 0.704093 seconds, bootstrap likelihood -20337.490151, best rearrangement setting 7
Bootstrap[19]: Time 0.737738 seconds, bootstrap likelihood -20898.563037, best rearrangement setting 13
Bootstrap[20]: Time 0.648700 seconds, bootstrap likelihood -20518.328122, best rearrangement setting 15
Bootstrap[21]: Time 0.564840 seconds, bootstrap likelihood -19909.042348, best rearrangement setting 10
Bootstrap[22]: Time 0.678327 seconds, bootstrap likelihood -19914.209746, best rearrangement setting 6
Bootstrap[23]: Time 0.738129 seconds, bootstrap likelihood -19702.354124, best rearrangement setting 13
Bootstrap[24]: Time 0.616846 seconds, bootstrap likelihood -20326.398256, best rearrangement setting 9
Bootstrap[25]: Time 0.727834 seconds, bootstrap likelihood -20295.121522, best rearrangement setting 10
Bootstrap[26]: Time 0.601812 seconds, bootstrap likelihood -20080.961674, best rearrangement setting 14
Bootstrap[27]: Time 0.733332 seconds, bootstrap likelihood -20293.512834, best rearrangement setting 10
Bootstrap[28]: Time 0.666661 seconds, bootstrap likelihood -20933.415187, best rearrangement setting 14
Bootstrap[29]: Time 0.644937 seconds, bootstrap likelihood -20724.444846, best rearrangement setting 12
Bootstrap[30]: Time 0.628063 seconds, bootstrap likelihood -20559.262713, best rearrangement setting 14
Bootstrap[31]: Time 0.597042 seconds, bootstrap likelihood -19760.664573, best rearrangement setting 12
Bootstrap[32]: Time 0.634174 seconds, bootstrap likelihood -20229.358722, best rearrangement setting 9
Bootstrap[33]: Time 0.582728 seconds, bootstrap likelihood -19501.673258, best rearrangement setting 10
Bootstrap[34]: Time 0.735608 seconds, bootstrap likelihood -20773.132363, best rearrangement setting 9
Bootstrap[35]: Time 0.652158 seconds, bootstrap likelihood -19461.947071, best rearrangement setting 13
Bootstrap[36]: Time 0.732761 seconds, bootstrap likelihood -19881.217480, best rearrangement setting 13
Bootstrap[37]: Time 0.656574 seconds, bootstrap likelihood -20642.321456, best rearrangement setting 12
Bootstrap[38]: Time 0.776117 seconds, bootstrap likelihood -20685.807781, best rearrangement setting 7
Bootstrap[39]: Time 0.708971 seconds, bootstrap likelihood -19981.704465, best rearrangement setting 13
Bootstrap[40]: Time 0.634264 seconds, bootstrap likelihood -19994.073768, best rearrangement setting 5
Bootstrap[41]: Time 0.638104 seconds, bootstrap likelihood -20019.428808, best rearrangement setting 12
Bootstrap[42]: Time 0.672933 seconds, bootstrap likelihood -20651.844114, best rearrangement setting 12
Bootstrap[43]: Time 0.764807 seconds, bootstrap likelihood -20307.284973, best rearrangement setting 12
Bootstrap[44]: Time 0.745190 seconds, bootstrap likelihood -20560.434392, best rearrangement setting 9
Bootstrap[45]: Time 0.719450 seconds, bootstrap likelihood -20385.130885, best rearrangement setting 12
Bootstrap[46]: Time 0.685442 seconds, bootstrap likelihood -20473.818727, best rearrangement setting 8
Bootstrap[47]: Time 0.625610 seconds, bootstrap likelihood -20100.549769, best rearrangement setting 7
Bootstrap[48]: Time 0.768405 seconds, bootstrap likelihood -20019.231083, best rearrangement setting 12
Bootstrap[49]: Time 0.602823 seconds, bootstrap likelihood -20185.287430, best rearrangement setting 7
Bootstrap[50]: Time 0.666269 seconds, bootstrap likelihood -20719.827697, best rearrangement setting 15
Bootstrap[51]: Time 0.626889 seconds, bootstrap likelihood -20183.691597, best rearrangement setting 12
Bootstrap[52]: Time 0.571854 seconds, bootstrap likelihood -19832.521661, best rearrangement setting 5
Bootstrap[53]: Time 0.733767 seconds, bootstrap likelihood -20662.589706, best rearrangement setting 13
Bootstrap[54]: Time 0.649561 seconds, bootstrap likelihood -20729.636882, best rearrangement setting 12
Bootstrap[55]: Time 0.675356 seconds, bootstrap likelihood -20865.637524, best rearrangement setting 9
Bootstrap[56]: Time 0.565756 seconds, bootstrap likelihood -20557.683943, best rearrangement setting 5
Bootstrap[57]: Time 0.635142 seconds, bootstrap likelihood -20098.411076, best rearrangement setting 15
Bootstrap[58]: Time 0.849347 seconds, bootstrap likelihood -19943.273171, best rearrangement setting 8
Bootstrap[59]: Time 0.649414 seconds, bootstrap likelihood -20474.198326, best rearrangement setting 6
Bootstrap[60]: Time 0.760526 seconds, bootstrap likelihood -20854.551724, best rearrangement setting 13
Bootstrap[61]: Time 0.563516 seconds, bootstrap likelihood -19509.162290, best rearrangement setting 10
Bootstrap[62]: Time 0.707013 seconds, bootstrap likelihood -21201.994463, best rearrangement setting 13
Bootstrap[63]: Time 0.798205 seconds, bootstrap likelihood -20372.733880, best rearrangement setting 10
Bootstrap[64]: Time 0.626750 seconds, bootstrap likelihood -20885.959109, best rearrangement setting 15
Bootstrap[65]: Time 0.653204 seconds, bootstrap likelihood -20067.654993, best rearrangement setting 11
Bootstrap[66]: Time 0.630401 seconds, bootstrap likelihood -20909.750897, best rearrangement setting 10
Bootstrap[67]: Time 0.664909 seconds, bootstrap likelihood -20014.890729, best rearrangement setting 12
Bootstrap[68]: Time 0.618511 seconds, bootstrap likelihood -20667.361483, best rearrangement setting 8
Bootstrap[69]: Time 0.675942 seconds, bootstrap likelihood -19820.530227, best rearrangement setting 8
Bootstrap[70]: Time 0.658686 seconds, bootstrap likelihood -20440.503330, best rearrangement setting 15
Bootstrap[71]: Time 0.707375 seconds, bootstrap likelihood -20553.759089, best rearrangement setting 10
Bootstrap[72]: Time 0.673198 seconds, bootstrap likelihood -20321.305794, best rearrangement setting 13
Bootstrap[73]: Time 0.650784 seconds, bootstrap likelihood -20196.537280, best rearrangement setting 6
Bootstrap[74]: Time 0.655621 seconds, bootstrap likelihood -20361.647513, best rearrangement setting 6
Bootstrap[75]: Time 0.526813 seconds, bootstrap likelihood -20275.614950, best rearrangement setting 12
Bootstrap[76]: Time 0.704472 seconds, bootstrap likelihood -20745.463796, best rearrangement setting 9
Bootstrap[77]: Time 0.660422 seconds, bootstrap likelihood -20577.110439, best rearrangement setting 14
Bootstrap[78]: Time 0.648844 seconds, bootstrap likelihood -19898.574222, best rearrangement setting 15
Bootstrap[79]: Time 0.671168 seconds, bootstrap likelihood -20740.279685, best rearrangement setting 6
Bootstrap[80]: Time 0.590701 seconds, bootstrap likelihood -20240.391267, best rearrangement setting 14
Bootstrap[81]: Time 0.709083 seconds, bootstrap likelihood -20417.932949, best rearrangement setting 15
Bootstrap[82]: Time 0.626966 seconds, bootstrap likelihood -20345.891544, best rearrangement setting 6
Bootstrap[83]: Time 0.751489 seconds, bootstrap likelihood -20632.607618, best rearrangement setting 10
Bootstrap[84]: Time 0.709106 seconds, bootstrap likelihood -20343.222760, best rearrangement setting 8
Bootstrap[85]: Time 0.562413 seconds, bootstrap likelihood -20277.301817, best rearrangement setting 5
Bootstrap[86]: Time 0.681059 seconds, bootstrap likelihood -21033.917283, best rearrangement setting 9
Bootstrap[87]: Time 0.662898 seconds, bootstrap likelihood -20977.618433, best rearrangement setting 10
Bootstrap[88]: Time 0.703499 seconds, bootstrap likelihood -19538.428724, best rearrangement setting 15
Bootstrap[89]: Time 0.670486 seconds, bootstrap likelihood -20688.238215, best rearrangement setting 7
Bootstrap[90]: Time 0.516845 seconds, bootstrap likelihood -20642.985174, best rearrangement setting 6
Bootstrap[91]: Time 0.708817 seconds, bootstrap likelihood -21177.457120, best rearrangement setting 14
Bootstrap[92]: Time 0.556905 seconds, bootstrap likelihood -19456.195651, best rearrangement setting 14
Bootstrap[93]: Time 0.645378 seconds, bootstrap likelihood -20385.680807, best rearrangement setting 13
Bootstrap[94]: Time 0.617303 seconds, bootstrap likelihood -20004.814543, best rearrangement setting 7
Bootstrap[95]: Time 0.766181 seconds, bootstrap likelihood -20213.254959, best rearrangement setting 10
Bootstrap[96]: Time 0.628680 seconds, bootstrap likelihood -20112.703124, best rearrangement setting 7
Bootstrap[97]: Time 0.697311 seconds, bootstrap likelihood -20376.596293, best rearrangement setting 7
Bootstrap[98]: Time 0.666409 seconds, bootstrap likelihood -20679.703715, best rearrangement setting 7
Bootstrap[99]: Time 0.626230 seconds, bootstrap likelihood -19288.795833, best rearrangement setting 10


Overall Time for 100 Rapid Bootstraps 66.460732 seconds
Average Time per Rapid Bootstrap 0.664607 seconds

Starting ML Search ...

Fast ML optimization finished

Fast ML search Time: 52.326892 seconds

Slow ML Search 0 Likelihood: -20421.219135
Slow ML Search 1 Likelihood: -20421.220023
Slow ML Search 2 Likelihood: -20421.291018
Slow ML Search 3 Likelihood: -20421.335522
Slow ML Search 4 Likelihood: -20421.335522
Slow ML Search 5 Likelihood: -20421.817307
Slow ML Search 6 Likelihood: -20421.963110
Slow ML Search 7 Likelihood: -20421.963110
Slow ML Search 8 Likelihood: -20421.963108
Slow ML Search 9 Likelihood: -20422.165674
Slow ML optimization finished

Slow ML search Time: 11.028649 seconds
Thorough ML search Time: 1.367203 seconds

Final ML Optimization Likelihood: -20421.219135

Model Information:

Model Parameters of Partition 0, Name: No Name Provided, Type of Data: DNA
alpha: 0.296455
Tree-Length: 1.577959
rate A <-> C: 2.300296
rate A <-> G: 9.237308
rate A <-> T: 0.960727
rate C <-> G: 0.993106
rate C <-> T: 11.259857
rate G <-> T: 1.000000

freq pi(A): 0.390141
freq pi(C): 0.165835
freq pi(G): 0.227499
freq pi(T): 0.216525


ML search took 64.733660 secs or 0.017982 hours

Combined Bootstrap and ML search took 131.194528 secs or 0.036443 hours

Drawing Bootstrap Support Values on best-scoring ML tree ...



Found 1 tree in File /gpfs_home/mhowison/code/hiv-profile-sampling/scratch/trees/pol/RAxML_bestTree.sample.474



Found 1 tree in File /gpfs_home/mhowison/code/hiv-profile-sampling/scratch/trees/pol/RAxML_bestTree.sample.474

Program execution info written to /gpfs_home/mhowison/code/hiv-profile-sampling/scratch/trees/pol/RAxML_info.sample.474
All 100 bootstrapped trees written to: /gpfs_home/mhowison/code/hiv-profile-sampling/scratch/trees/pol/RAxML_bootstrap.sample.474

Best-scoring ML tree written to: /gpfs_home/mhowison/code/hiv-profile-sampling/scratch/trees/pol/RAxML_bestTree.sample.474

Best-scoring ML tree with support values written to: /gpfs_home/mhowison/code/hiv-profile-sampling/scratch/trees/pol/RAxML_bipartitions.sample.474

Best-scoring ML tree with support values as branch labels written to: /gpfs_home/mhowison/code/hiv-profile-sampling/scratch/trees/pol/RAxML_bipartitionsBranchLabels.sample.474

Overall execution time for full ML analysis: 131.198838 secs or 0.036444 hours or 0.001519 days

