srun: job 262194 queued and waiting for resources
srun: job 262194 has been allocated resources
Warning, you specified a working directory via "-w"
Keep in mind that RAxML only accepts absolute path names, not relative ones!

RAxML can't, parse the alignment file as phylip file 
it will now try to parse it as FASTA file



Using BFGS method to optimize GTR rate parameters, to disable this specify "--no-bfgs" 


This is the RAxML Master Pthread

This is RAxML Worker Pthread Number: 2

This is RAxML Worker Pthread Number: 1

This is RAxML Worker Pthread Number: 6

This is RAxML Worker Pthread Number: 4

This is RAxML Worker Pthread Number: 3

This is RAxML Worker Pthread Number: 5

This is RAxML Worker Pthread Number: 7

This is RAxML Worker Pthread Number: 9

This is RAxML Worker Pthread Number: 8

This is RAxML Worker Pthread Number: 12

This is RAxML Worker Pthread Number: 10

This is RAxML Worker Pthread Number: 11

This is RAxML Worker Pthread Number: 13

This is RAxML Worker Pthread Number: 14

This is RAxML Worker Pthread Number: 15

This is RAxML Worker Pthread Number: 17

This is RAxML Worker Pthread Number: 16

This is RAxML Worker Pthread Number: 18

This is RAxML Worker Pthread Number: 19


This is RAxML version 8.2.12 released by Alexandros Stamatakis on May 2018.

With greatly appreciated code contributions by:
Andre Aberer      (HITS)
Simon Berger      (HITS)
Alexey Kozlov     (HITS)
Kassian Kobert    (HITS)
David Dao         (KIT and HITS)
Sarah Lutteropp   (KIT and HITS)
Nick Pattengale   (Sandia)
Wayne Pfeiffer    (SDSC)
Akifumi S. Tanabe (NRIFS)
Charlie Taylor    (UF)


Alignment has 1178 distinct alignment patterns

Proportion of gaps and completely undetermined characters in this alignment: 5.95%

RAxML rapid bootstrapping and subsequent ML search

Using 1 distinct models/data partitions with joint branch length optimization



Executing 100 rapid bootstrap inferences and thereafter a thorough ML search 

All free model parameters will be estimated by RAxML
GAMMA model of rate heterogeneity, ML estimate of alpha-parameter

GAMMA Model parameters will be estimated up to an accuracy of 0.1000000000 Log Likelihood units

Partition: 0
Alignment Patterns: 1178
Name: No Name Provided
DataType: DNA
Substitution Matrix: GTR




RAxML was called as follows:

raxmlHPC-PTHREADS-AVX -T 20 -s scratch/aligned/pol/sample.401.fa -p 4609040199 -x 4609040199 -f a -N 100 -m GTRGAMMA -w /gpfs_home/mhowison/code/hiv-profile-sampling/scratch/trees/pol -n sample.401 



Time for BS model parameter optimization 0.056912
Bootstrap[0]: Time 2.086347 seconds, bootstrap likelihood -19736.843415, best rearrangement setting 12
Bootstrap[1]: Time 0.621749 seconds, bootstrap likelihood -20363.605197, best rearrangement setting 14
Bootstrap[2]: Time 0.611659 seconds, bootstrap likelihood -20765.667844, best rearrangement setting 13
Bootstrap[3]: Time 0.612387 seconds, bootstrap likelihood -20829.741945, best rearrangement setting 10
Bootstrap[4]: Time 0.552862 seconds, bootstrap likelihood -20295.424895, best rearrangement setting 8
Bootstrap[5]: Time 0.554422 seconds, bootstrap likelihood -20492.511292, best rearrangement setting 11
Bootstrap[6]: Time 0.441330 seconds, bootstrap likelihood -20499.915087, best rearrangement setting 5
Bootstrap[7]: Time 0.480997 seconds, bootstrap likelihood -20177.500783, best rearrangement setting 8
Bootstrap[8]: Time 0.542545 seconds, bootstrap likelihood -19922.623976, best rearrangement setting 13
Bootstrap[9]: Time 0.508627 seconds, bootstrap likelihood -20207.851490, best rearrangement setting 6
Bootstrap[10]: Time 0.558954 seconds, bootstrap likelihood -20649.182601, best rearrangement setting 10
Bootstrap[11]: Time 0.500060 seconds, bootstrap likelihood -20644.337688, best rearrangement setting 6
Bootstrap[12]: Time 0.687304 seconds, bootstrap likelihood -20825.283672, best rearrangement setting 13
Bootstrap[13]: Time 0.635995 seconds, bootstrap likelihood -19993.705465, best rearrangement setting 14
Bootstrap[14]: Time 0.543917 seconds, bootstrap likelihood -20413.888054, best rearrangement setting 5
Bootstrap[15]: Time 0.626616 seconds, bootstrap likelihood -20749.009735, best rearrangement setting 6
Bootstrap[16]: Time 0.491376 seconds, bootstrap likelihood -21256.804713, best rearrangement setting 5
Bootstrap[17]: Time 0.675366 seconds, bootstrap likelihood -20469.790407, best rearrangement setting 15
Bootstrap[18]: Time 0.676038 seconds, bootstrap likelihood -20187.869876, best rearrangement setting 10
Bootstrap[19]: Time 0.610589 seconds, bootstrap likelihood -20907.960336, best rearrangement setting 10
Bootstrap[20]: Time 0.543720 seconds, bootstrap likelihood -20366.892533, best rearrangement setting 9
Bootstrap[21]: Time 0.473793 seconds, bootstrap likelihood -20915.828927, best rearrangement setting 13
Bootstrap[22]: Time 0.553898 seconds, bootstrap likelihood -20330.343789, best rearrangement setting 8
Bootstrap[23]: Time 0.567148 seconds, bootstrap likelihood -20427.721534, best rearrangement setting 13
Bootstrap[24]: Time 0.508496 seconds, bootstrap likelihood -20943.585484, best rearrangement setting 5
Bootstrap[25]: Time 16.269204 seconds, bootstrap likelihood -20643.358226, best rearrangement setting 11
Bootstrap[26]: Time 0.599590 seconds, bootstrap likelihood -20312.646789, best rearrangement setting 8
Bootstrap[27]: Time 0.637150 seconds, bootstrap likelihood -20455.109127, best rearrangement setting 14
Bootstrap[28]: Time 0.635512 seconds, bootstrap likelihood -20188.431358, best rearrangement setting 11
Bootstrap[29]: Time 0.578401 seconds, bootstrap likelihood -20579.632307, best rearrangement setting 8
Bootstrap[30]: Time 0.518055 seconds, bootstrap likelihood -20177.447136, best rearrangement setting 15
Bootstrap[31]: Time 0.613309 seconds, bootstrap likelihood -20217.507688, best rearrangement setting 7
Bootstrap[32]: Time 0.597961 seconds, bootstrap likelihood -20673.913831, best rearrangement setting 8
Bootstrap[33]: Time 0.624193 seconds, bootstrap likelihood -20688.869455, best rearrangement setting 15
Bootstrap[34]: Time 0.621246 seconds, bootstrap likelihood -20046.883875, best rearrangement setting 7
Bootstrap[35]: Time 0.614499 seconds, bootstrap likelihood -19728.901985, best rearrangement setting 13
Bootstrap[36]: Time 0.573333 seconds, bootstrap likelihood -20267.788286, best rearrangement setting 15
Bootstrap[37]: Time 0.462615 seconds, bootstrap likelihood -20788.391118, best rearrangement setting 9
Bootstrap[38]: Time 0.512036 seconds, bootstrap likelihood -20318.355481, best rearrangement setting 6
Bootstrap[39]: Time 0.537869 seconds, bootstrap likelihood -20472.950483, best rearrangement setting 7
Bootstrap[40]: Time 0.563146 seconds, bootstrap likelihood -20066.832860, best rearrangement setting 10
Bootstrap[41]: Time 0.568885 seconds, bootstrap likelihood -19642.966284, best rearrangement setting 8
Bootstrap[42]: Time 0.554234 seconds, bootstrap likelihood -20523.934574, best rearrangement setting 14
Bootstrap[43]: Time 0.454641 seconds, bootstrap likelihood -20599.872443, best rearrangement setting 5
Bootstrap[44]: Time 0.497443 seconds, bootstrap likelihood -20508.847433, best rearrangement setting 14
Bootstrap[45]: Time 0.639524 seconds, bootstrap likelihood -19907.962366, best rearrangement setting 11
Bootstrap[46]: Time 0.578187 seconds, bootstrap likelihood -20202.266207, best rearrangement setting 15
Bootstrap[47]: Time 0.549030 seconds, bootstrap likelihood -20553.883076, best rearrangement setting 5
Bootstrap[48]: Time 0.592594 seconds, bootstrap likelihood -19838.280573, best rearrangement setting 12
Bootstrap[49]: Time 0.574381 seconds, bootstrap likelihood -20931.458031, best rearrangement setting 13
Bootstrap[50]: Time 2.350167 seconds, bootstrap likelihood -19963.260284, best rearrangement setting 9
Bootstrap[51]: Time 5.336382 seconds, bootstrap likelihood -20427.555632, best rearrangement setting 9
Bootstrap[52]: Time 0.465336 seconds, bootstrap likelihood -20539.007479, best rearrangement setting 5
Bootstrap[53]: Time 0.620237 seconds, bootstrap likelihood -20665.802144, best rearrangement setting 10
Bootstrap[54]: Time 0.561222 seconds, bootstrap likelihood -20673.412069, best rearrangement setting 15
Bootstrap[55]: Time 0.542104 seconds, bootstrap likelihood -20359.699993, best rearrangement setting 5
Bootstrap[56]: Time 0.578198 seconds, bootstrap likelihood -20835.084151, best rearrangement setting 11
Bootstrap[57]: Time 0.591532 seconds, bootstrap likelihood -19677.315127, best rearrangement setting 10
Bootstrap[58]: Time 0.497371 seconds, bootstrap likelihood -19904.183646, best rearrangement setting 5
Bootstrap[59]: Time 0.539468 seconds, bootstrap likelihood -21419.186874, best rearrangement setting 14
Bootstrap[60]: Time 0.614092 seconds, bootstrap likelihood -20942.651826, best rearrangement setting 12
Bootstrap[61]: Time 0.587799 seconds, bootstrap likelihood -20536.121677, best rearrangement setting 13
Bootstrap[62]: Time 0.501417 seconds, bootstrap likelihood -21117.368115, best rearrangement setting 5
Bootstrap[63]: Time 0.615468 seconds, bootstrap likelihood -20463.709203, best rearrangement setting 7
Bootstrap[64]: Time 0.658262 seconds, bootstrap likelihood -19877.628661, best rearrangement setting 10
Bootstrap[65]: Time 31.266830 seconds, bootstrap likelihood -19982.594899, best rearrangement setting 13
Bootstrap[66]: Time 0.550284 seconds, bootstrap likelihood -20039.469493, best rearrangement setting 10
Bootstrap[67]: Time 0.483655 seconds, bootstrap likelihood -21135.174666, best rearrangement setting 13
Bootstrap[68]: Time 0.522556 seconds, bootstrap likelihood -20864.185413, best rearrangement setting 13
Bootstrap[69]: Time 0.503066 seconds, bootstrap likelihood -21007.230280, best rearrangement setting 7
Bootstrap[70]: Time 0.680185 seconds, bootstrap likelihood -20699.003452, best rearrangement setting 11
Bootstrap[71]: Time 0.646414 seconds, bootstrap likelihood -20378.692172, best rearrangement setting 12
Bootstrap[72]: Time 0.721028 seconds, bootstrap likelihood -20916.046244, best rearrangement setting 8
Bootstrap[73]: Time 0.634065 seconds, bootstrap likelihood -20495.351483, best rearrangement setting 13
Bootstrap[74]: Time 0.526566 seconds, bootstrap likelihood -20303.443020, best rearrangement setting 6
Bootstrap[75]: Time 0.455951 seconds, bootstrap likelihood -20350.690719, best rearrangement setting 5
Bootstrap[76]: Time 0.565100 seconds, bootstrap likelihood -20449.793925, best rearrangement setting 8
Bootstrap[77]: Time 0.489838 seconds, bootstrap likelihood -19926.356613, best rearrangement setting 5
Bootstrap[78]: Time 0.588925 seconds, bootstrap likelihood -20876.419767, best rearrangement setting 10
Bootstrap[79]: Time 0.627399 seconds, bootstrap likelihood -20448.742519, best rearrangement setting 7
Bootstrap[80]: Time 0.503887 seconds, bootstrap likelihood -20616.564628, best rearrangement setting 9
Bootstrap[81]: Time 0.547671 seconds, bootstrap likelihood -19975.336426, best rearrangement setting 15
Bootstrap[82]: Time 0.508777 seconds, bootstrap likelihood -20599.130645, best rearrangement setting 15
Bootstrap[83]: Time 0.623894 seconds, bootstrap likelihood -21165.941504, best rearrangement setting 12
Bootstrap[84]: Time 0.589384 seconds, bootstrap likelihood -20410.178671, best rearrangement setting 6
Bootstrap[85]: Time 0.583916 seconds, bootstrap likelihood -20016.260513, best rearrangement setting 10
Bootstrap[86]: Time 0.553672 seconds, bootstrap likelihood -20370.259806, best rearrangement setting 13
Bootstrap[87]: Time 0.491018 seconds, bootstrap likelihood -20241.931639, best rearrangement setting 5
Bootstrap[88]: Time 0.568320 seconds, bootstrap likelihood -20655.860070, best rearrangement setting 9
Bootstrap[89]: Time 0.670190 seconds, bootstrap likelihood -20486.546503, best rearrangement setting 7
Bootstrap[90]: Time 0.561874 seconds, bootstrap likelihood -20652.866749, best rearrangement setting 13
Bootstrap[91]: Time 0.812749 seconds, bootstrap likelihood -20156.793936, best rearrangement setting 5
Bootstrap[92]: Time 0.544921 seconds, bootstrap likelihood -20854.174998, best rearrangement setting 10
Bootstrap[93]: Time 0.646163 seconds, bootstrap likelihood -20296.401205, best rearrangement setting 15
Bootstrap[94]: Time 0.478907 seconds, bootstrap likelihood -20285.282541, best rearrangement setting 7
Bootstrap[95]: Time 0.704910 seconds, bootstrap likelihood -19914.401127, best rearrangement setting 15
Bootstrap[96]: Time 0.557648 seconds, bootstrap likelihood -19894.413416, best rearrangement setting 13
Bootstrap[97]: Time 0.579523 seconds, bootstrap likelihood -21029.586375, best rearrangement setting 8
Bootstrap[98]: Time 0.653993 seconds, bootstrap likelihood -20427.405074, best rearrangement setting 10
Bootstrap[99]: Time 0.620145 seconds, bootstrap likelihood -20101.668086, best rearrangement setting 10


Overall Time for 100 Rapid Bootstraps 111.887383 seconds
Average Time per Rapid Bootstrap 1.118874 seconds

Starting ML Search ...

Fast ML optimization finished

Fast ML search Time: 83.618500 seconds

Slow ML Search 0 Likelihood: -20551.512110
Slow ML Search 1 Likelihood: -20552.889148
Slow ML Search 2 Likelihood: -20553.883146
Slow ML Search 3 Likelihood: -20553.947598
Slow ML Search 4 Likelihood: -20553.947598
Slow ML Search 5 Likelihood: -20553.947598
Slow ML Search 6 Likelihood: -20550.487994
Slow ML Search 7 Likelihood: -20554.541664
Slow ML Search 8 Likelihood: -20556.660192
Slow ML Search 9 Likelihood: -20557.183776
Slow ML optimization finished

Slow ML search Time: 32.901725 seconds
Thorough ML search Time: 1.185434 seconds

Final ML Optimization Likelihood: -20550.414199

Model Information:

Model Parameters of Partition 0, Name: No Name Provided, Type of Data: DNA
alpha: 0.297556
Tree-Length: 1.565159
rate A <-> C: 2.485619
rate A <-> G: 9.379248
rate A <-> T: 1.044028
rate C <-> G: 1.061306
rate C <-> T: 11.940416
rate G <-> T: 1.000000

freq pi(A): 0.389907
freq pi(C): 0.166165
freq pi(G): 0.227566
freq pi(T): 0.216362


ML search took 117.713163 secs or 0.032698 hours

Combined Bootstrap and ML search took 229.600679 secs or 0.063778 hours

Drawing Bootstrap Support Values on best-scoring ML tree ...



Found 1 tree in File /gpfs_home/mhowison/code/hiv-profile-sampling/scratch/trees/pol/RAxML_bestTree.sample.401



Found 1 tree in File /gpfs_home/mhowison/code/hiv-profile-sampling/scratch/trees/pol/RAxML_bestTree.sample.401

Program execution info written to /gpfs_home/mhowison/code/hiv-profile-sampling/scratch/trees/pol/RAxML_info.sample.401
All 100 bootstrapped trees written to: /gpfs_home/mhowison/code/hiv-profile-sampling/scratch/trees/pol/RAxML_bootstrap.sample.401

Best-scoring ML tree written to: /gpfs_home/mhowison/code/hiv-profile-sampling/scratch/trees/pol/RAxML_bestTree.sample.401

Best-scoring ML tree with support values written to: /gpfs_home/mhowison/code/hiv-profile-sampling/scratch/trees/pol/RAxML_bipartitions.sample.401

Best-scoring ML tree with support values as branch labels written to: /gpfs_home/mhowison/code/hiv-profile-sampling/scratch/trees/pol/RAxML_bipartitionsBranchLabels.sample.401

Overall execution time for full ML analysis: 229.604880 secs or 0.063779 hours or 0.002657 days

