srun: job 261727 queued and waiting for resources
srun: job 261727 has been allocated resources
Warning, you specified a working directory via "-w"
Keep in mind that RAxML only accepts absolute path names, not relative ones!

RAxML can't, parse the alignment file as phylip file 
it will now try to parse it as FASTA file



Using BFGS method to optimize GTR rate parameters, to disable this specify "--no-bfgs" 


This is the RAxML Master Pthread

This is RAxML Worker Pthread Number: 1

This is RAxML Worker Pthread Number: 4

This is RAxML Worker Pthread Number: 2

This is RAxML Worker Pthread Number: 3

This is RAxML Worker Pthread Number: 5

This is RAxML Worker Pthread Number: 6

This is RAxML Worker Pthread Number: 7

This is RAxML Worker Pthread Number: 8

This is RAxML Worker Pthread Number: 11

This is RAxML Worker Pthread Number: 10

This is RAxML Worker Pthread Number: 12

This is RAxML Worker Pthread Number: 9

This is RAxML Worker Pthread Number: 14

This is RAxML Worker Pthread Number: 13

This is RAxML Worker Pthread Number: 17

This is RAxML Worker Pthread Number: 15

This is RAxML Worker Pthread Number: 16

This is RAxML Worker Pthread Number: 18

This is RAxML Worker Pthread Number: 19


This is RAxML version 8.2.12 released by Alexandros Stamatakis on May 2018.

With greatly appreciated code contributions by:
Andre Aberer      (HITS)
Simon Berger      (HITS)
Alexey Kozlov     (HITS)
Kassian Kobert    (HITS)
David Dao         (KIT and HITS)
Sarah Lutteropp   (KIT and HITS)
Nick Pattengale   (Sandia)
Wayne Pfeiffer    (SDSC)
Akifumi S. Tanabe (NRIFS)
Charlie Taylor    (UF)


Alignment has 1183 distinct alignment patterns

Proportion of gaps and completely undetermined characters in this alignment: 5.95%

RAxML rapid bootstrapping and subsequent ML search

Using 1 distinct models/data partitions with joint branch length optimization



Executing 100 rapid bootstrap inferences and thereafter a thorough ML search 

All free model parameters will be estimated by RAxML
GAMMA model of rate heterogeneity, ML estimate of alpha-parameter

GAMMA Model parameters will be estimated up to an accuracy of 0.1000000000 Log Likelihood units

Partition: 0
Alignment Patterns: 1183
Name: No Name Provided
DataType: DNA
Substitution Matrix: GTR




RAxML was called as follows:

raxmlHPC-PTHREADS-AVX -T 20 -s scratch/aligned/pol/sample.208.fa -p 3722559690 -x 3722559690 -f a -N 100 -m GTRGAMMA -w /gpfs_home/mhowison/code/hiv-profile-sampling/scratch/trees/pol -n sample.208 



Time for BS model parameter optimization 0.087299
Bootstrap[0]: Time 0.849157 seconds, bootstrap likelihood -21030.393969, best rearrangement setting 5
Bootstrap[1]: Time 0.561257 seconds, bootstrap likelihood -20731.625285, best rearrangement setting 15
Bootstrap[2]: Time 0.465575 seconds, bootstrap likelihood -20451.124031, best rearrangement setting 5
Bootstrap[3]: Time 0.539848 seconds, bootstrap likelihood -20226.395191, best rearrangement setting 11
Bootstrap[4]: Time 0.513258 seconds, bootstrap likelihood -20444.673743, best rearrangement setting 15
Bootstrap[5]: Time 0.455710 seconds, bootstrap likelihood -19478.604319, best rearrangement setting 11
Bootstrap[6]: Time 0.481928 seconds, bootstrap likelihood -20929.312777, best rearrangement setting 7
Bootstrap[7]: Time 0.520170 seconds, bootstrap likelihood -20106.457250, best rearrangement setting 9
Bootstrap[8]: Time 0.512311 seconds, bootstrap likelihood -19776.366562, best rearrangement setting 8
Bootstrap[9]: Time 0.827725 seconds, bootstrap likelihood -20313.868937, best rearrangement setting 8
Bootstrap[10]: Time 0.609265 seconds, bootstrap likelihood -21438.989746, best rearrangement setting 14
Bootstrap[11]: Time 0.517645 seconds, bootstrap likelihood -20083.146389, best rearrangement setting 8
Bootstrap[12]: Time 0.544237 seconds, bootstrap likelihood -20342.108009, best rearrangement setting 10
Bootstrap[13]: Time 0.514246 seconds, bootstrap likelihood -20382.043303, best rearrangement setting 8
Bootstrap[14]: Time 0.444735 seconds, bootstrap likelihood -21207.114698, best rearrangement setting 5
Bootstrap[15]: Time 0.564315 seconds, bootstrap likelihood -20291.154375, best rearrangement setting 10
Bootstrap[16]: Time 0.627467 seconds, bootstrap likelihood -20594.851575, best rearrangement setting 15
Bootstrap[17]: Time 0.490641 seconds, bootstrap likelihood -20435.379596, best rearrangement setting 5
Bootstrap[18]: Time 4.010698 seconds, bootstrap likelihood -20902.174649, best rearrangement setting 11
Bootstrap[19]: Time 0.497324 seconds, bootstrap likelihood -20436.170941, best rearrangement setting 10
Bootstrap[20]: Time 0.616709 seconds, bootstrap likelihood -20634.230012, best rearrangement setting 12
Bootstrap[21]: Time 0.534611 seconds, bootstrap likelihood -21065.105571, best rearrangement setting 12
Bootstrap[22]: Time 0.591047 seconds, bootstrap likelihood -21170.933434, best rearrangement setting 8
Bootstrap[23]: Time 0.455951 seconds, bootstrap likelihood -19814.562000, best rearrangement setting 7
Bootstrap[24]: Time 0.571144 seconds, bootstrap likelihood -20476.332157, best rearrangement setting 10
Bootstrap[25]: Time 1.978624 seconds, bootstrap likelihood -21338.148419, best rearrangement setting 10
Bootstrap[26]: Time 0.901953 seconds, bootstrap likelihood -20969.562929, best rearrangement setting 8
Bootstrap[27]: Time 0.763654 seconds, bootstrap likelihood -20094.949960, best rearrangement setting 5
Bootstrap[28]: Time 0.441453 seconds, bootstrap likelihood -21423.858846, best rearrangement setting 5
Bootstrap[29]: Time 4.661619 seconds, bootstrap likelihood -20553.293736, best rearrangement setting 6
Bootstrap[30]: Time 25.028571 seconds, bootstrap likelihood -20491.916994, best rearrangement setting 7
Bootstrap[31]: Time 0.561527 seconds, bootstrap likelihood -20024.690358, best rearrangement setting 13
Bootstrap[32]: Time 4.442508 seconds, bootstrap likelihood -21072.286438, best rearrangement setting 12
Bootstrap[33]: Time 0.878298 seconds, bootstrap likelihood -20474.881521, best rearrangement setting 14
Bootstrap[34]: Time 0.597138 seconds, bootstrap likelihood -20669.498944, best rearrangement setting 14
Bootstrap[35]: Time 0.581914 seconds, bootstrap likelihood -19817.363962, best rearrangement setting 9
Bootstrap[36]: Time 0.626242 seconds, bootstrap likelihood -20552.953730, best rearrangement setting 11
Bootstrap[37]: Time 0.535252 seconds, bootstrap likelihood -20816.306171, best rearrangement setting 7
Bootstrap[38]: Time 0.574905 seconds, bootstrap likelihood -19931.530823, best rearrangement setting 12
Bootstrap[39]: Time 0.519465 seconds, bootstrap likelihood -19782.649992, best rearrangement setting 15
Bootstrap[40]: Time 0.571758 seconds, bootstrap likelihood -20386.866271, best rearrangement setting 8
Bootstrap[41]: Time 0.529678 seconds, bootstrap likelihood -21414.874044, best rearrangement setting 15
Bootstrap[42]: Time 0.557273 seconds, bootstrap likelihood -20459.847631, best rearrangement setting 12
Bootstrap[43]: Time 0.580813 seconds, bootstrap likelihood -20193.832545, best rearrangement setting 9
Bootstrap[44]: Time 0.545124 seconds, bootstrap likelihood -21067.895746, best rearrangement setting 14
Bootstrap[45]: Time 2.664882 seconds, bootstrap likelihood -21065.235213, best rearrangement setting 15
Bootstrap[46]: Time 0.549972 seconds, bootstrap likelihood -20543.947569, best rearrangement setting 9
Bootstrap[47]: Time 0.489294 seconds, bootstrap likelihood -20262.498748, best rearrangement setting 5
Bootstrap[48]: Time 0.531655 seconds, bootstrap likelihood -19607.998904, best rearrangement setting 7
Bootstrap[49]: Time 0.614874 seconds, bootstrap likelihood -20736.325378, best rearrangement setting 7
Bootstrap[50]: Time 1.434918 seconds, bootstrap likelihood -20521.829147, best rearrangement setting 11
Bootstrap[51]: Time 2.129780 seconds, bootstrap likelihood -20320.407034, best rearrangement setting 11
Bootstrap[52]: Time 0.653922 seconds, bootstrap likelihood -20033.147935, best rearrangement setting 14
Bootstrap[53]: Time 0.490968 seconds, bootstrap likelihood -20963.139937, best rearrangement setting 5
Bootstrap[54]: Time 68.580429 seconds, bootstrap likelihood -20725.074982, best rearrangement setting 6
Bootstrap[55]: Time 0.403835 seconds, bootstrap likelihood -20173.044342, best rearrangement setting 5
Bootstrap[56]: Time 0.540856 seconds, bootstrap likelihood -20456.874450, best rearrangement setting 8
Bootstrap[57]: Time 0.613567 seconds, bootstrap likelihood -20319.287130, best rearrangement setting 12
Bootstrap[58]: Time 0.427101 seconds, bootstrap likelihood -20133.041294, best rearrangement setting 5
Bootstrap[59]: Time 0.502090 seconds, bootstrap likelihood -20162.908446, best rearrangement setting 5
Bootstrap[60]: Time 0.465276 seconds, bootstrap likelihood -21304.686141, best rearrangement setting 6
Bootstrap[61]: Time 0.692721 seconds, bootstrap likelihood -20211.051553, best rearrangement setting 15
Bootstrap[62]: Time 0.535972 seconds, bootstrap likelihood -21154.426235, best rearrangement setting 13
Bootstrap[63]: Time 0.996906 seconds, bootstrap likelihood -20317.640673, best rearrangement setting 14
Bootstrap[64]: Time 4.930687 seconds, bootstrap likelihood -20007.667670, best rearrangement setting 9
Bootstrap[65]: Time 0.552604 seconds, bootstrap likelihood -21033.707910, best rearrangement setting 15
Bootstrap[66]: Time 0.535622 seconds, bootstrap likelihood -20594.849487, best rearrangement setting 10
Bootstrap[67]: Time 0.596107 seconds, bootstrap likelihood -20556.663815, best rearrangement setting 11
Bootstrap[68]: Time 0.495994 seconds, bootstrap likelihood -20020.907288, best rearrangement setting 13
Bootstrap[69]: Time 0.555470 seconds, bootstrap likelihood -21228.916821, best rearrangement setting 8
Bootstrap[70]: Time 0.587429 seconds, bootstrap likelihood -20888.291609, best rearrangement setting 11
Bootstrap[71]: Time 0.532589 seconds, bootstrap likelihood -20934.347442, best rearrangement setting 13
Bootstrap[72]: Time 0.955348 seconds, bootstrap likelihood -20999.533757, best rearrangement setting 5
Bootstrap[73]: Time 0.432867 seconds, bootstrap likelihood -20416.304635, best rearrangement setting 5
Bootstrap[74]: Time 0.582854 seconds, bootstrap likelihood -20001.399682, best rearrangement setting 14
Bootstrap[75]: Time 0.501698 seconds, bootstrap likelihood -20167.376835, best rearrangement setting 12
Bootstrap[76]: Time 0.558306 seconds, bootstrap likelihood -21136.099997, best rearrangement setting 7
Bootstrap[77]: Time 0.492951 seconds, bootstrap likelihood -20155.592339, best rearrangement setting 5
Bootstrap[78]: Time 0.479871 seconds, bootstrap likelihood -20675.186527, best rearrangement setting 7
Bootstrap[79]: Time 0.552658 seconds, bootstrap likelihood -20731.431992, best rearrangement setting 12
Bootstrap[80]: Time 0.573082 seconds, bootstrap likelihood -20292.656969, best rearrangement setting 11
Bootstrap[81]: Time 0.558993 seconds, bootstrap likelihood -20527.438301, best rearrangement setting 8
Bootstrap[82]: Time 5.226906 seconds, bootstrap likelihood -20471.140570, best rearrangement setting 14
Bootstrap[83]: Time 0.539656 seconds, bootstrap likelihood -20173.285457, best rearrangement setting 15
Bootstrap[84]: Time 0.554063 seconds, bootstrap likelihood -20418.671835, best rearrangement setting 12
Bootstrap[85]: Time 9.713041 seconds, bootstrap likelihood -19741.560923, best rearrangement setting 9
Bootstrap[86]: Time 2.554957 seconds, bootstrap likelihood -20013.190513, best rearrangement setting 14
Bootstrap[87]: Time 0.672562 seconds, bootstrap likelihood -21127.584797, best rearrangement setting 9
Bootstrap[88]: Time 0.543925 seconds, bootstrap likelihood -20218.368067, best rearrangement setting 7
Bootstrap[89]: Time 0.573801 seconds, bootstrap likelihood -21049.460166, best rearrangement setting 11
Bootstrap[90]: Time 0.584349 seconds, bootstrap likelihood -20406.902727, best rearrangement setting 9
Bootstrap[91]: Time 4.490997 seconds, bootstrap likelihood -20325.311612, best rearrangement setting 13
Bootstrap[92]: Time 1.097163 seconds, bootstrap likelihood -21734.110434, best rearrangement setting 15
Bootstrap[93]: Time 0.474325 seconds, bootstrap likelihood -20730.552639, best rearrangement setting 8
Bootstrap[94]: Time 2.737472 seconds, bootstrap likelihood -20433.452413, best rearrangement setting 9
Bootstrap[95]: Time 1.379815 seconds, bootstrap likelihood -20272.416535, best rearrangement setting 6
Bootstrap[96]: Time 0.519152 seconds, bootstrap likelihood -20788.963586, best rearrangement setting 11
Bootstrap[97]: Time 0.432074 seconds, bootstrap likelihood -20552.624589, best rearrangement setting 6
Bootstrap[98]: Time 0.445554 seconds, bootstrap likelihood -20728.144472, best rearrangement setting 5
Bootstrap[99]: Time 1.804967 seconds, bootstrap likelihood -20919.260073, best rearrangement setting 10


Overall Time for 100 Rapid Bootstraps 195.517197 seconds
Average Time per Rapid Bootstrap 1.955172 seconds

Starting ML Search ...

Fast ML optimization finished

Fast ML search Time: 397.492529 seconds

Slow ML Search 0 Likelihood: -20619.162920
Slow ML Search 1 Likelihood: -20619.162919
Slow ML Search 2 Likelihood: -20619.162919
Slow ML Search 3 Likelihood: -20619.162919
Slow ML Search 4 Likelihood: -20619.162919
Slow ML Search 5 Likelihood: -20619.162919
Slow ML Search 6 Likelihood: -20621.087054
Slow ML Search 7 Likelihood: -20619.162920
Slow ML Search 8 Likelihood: -20621.597294
Slow ML Search 9 Likelihood: -20621.597294
Slow ML optimization finished

Slow ML search Time: 9.827257 seconds
Thorough ML search Time: 1.103069 seconds

Final ML Optimization Likelihood: -20619.162879

Model Information:

Model Parameters of Partition 0, Name: No Name Provided, Type of Data: DNA
alpha: 0.300188
Tree-Length: 1.556196
rate A <-> C: 2.455422
rate A <-> G: 9.472060
rate A <-> T: 1.026008
rate C <-> G: 1.128140
rate C <-> T: 11.868542
rate G <-> T: 1.000000

freq pi(A): 0.389880
freq pi(C): 0.165835
freq pi(G): 0.227582
freq pi(T): 0.216703


ML search took 408.430389 secs or 0.113453 hours

Combined Bootstrap and ML search took 603.947771 secs or 0.167763 hours

Drawing Bootstrap Support Values on best-scoring ML tree ...



Found 1 tree in File /gpfs_home/mhowison/code/hiv-profile-sampling/scratch/trees/pol/RAxML_bestTree.sample.208



Found 1 tree in File /gpfs_home/mhowison/code/hiv-profile-sampling/scratch/trees/pol/RAxML_bestTree.sample.208

Program execution info written to /gpfs_home/mhowison/code/hiv-profile-sampling/scratch/trees/pol/RAxML_info.sample.208
All 100 bootstrapped trees written to: /gpfs_home/mhowison/code/hiv-profile-sampling/scratch/trees/pol/RAxML_bootstrap.sample.208

Best-scoring ML tree written to: /gpfs_home/mhowison/code/hiv-profile-sampling/scratch/trees/pol/RAxML_bestTree.sample.208

Best-scoring ML tree with support values written to: /gpfs_home/mhowison/code/hiv-profile-sampling/scratch/trees/pol/RAxML_bipartitions.sample.208

Best-scoring ML tree with support values as branch labels written to: /gpfs_home/mhowison/code/hiv-profile-sampling/scratch/trees/pol/RAxML_bipartitionsBranchLabels.sample.208

Overall execution time for full ML analysis: 603.952348 secs or 0.167765 hours or 0.006990 days

