srun: job 262008 queued and waiting for resources
srun: job 262008 has been allocated resources
Warning, you specified a working directory via "-w"
Keep in mind that RAxML only accepts absolute path names, not relative ones!

RAxML can't, parse the alignment file as phylip file 
it will now try to parse it as FASTA file



Using BFGS method to optimize GTR rate parameters, to disable this specify "--no-bfgs" 


This is the RAxML Master Pthread

This is RAxML Worker Pthread Number: 2

This is RAxML Worker Pthread Number: 3

This is RAxML Worker Pthread Number: 6

This is RAxML Worker Pthread Number: 1

This is RAxML Worker Pthread Number: 5

This is RAxML Worker Pthread Number: 4

This is RAxML Worker Pthread Number: 8

This is RAxML Worker Pthread Number: 7

This is RAxML Worker Pthread Number: 10

This is RAxML Worker Pthread Number: 9

This is RAxML Worker Pthread Number: 11

This is RAxML Worker Pthread Number: 12

This is RAxML Worker Pthread Number: 13

This is RAxML Worker Pthread Number: 14

This is RAxML Worker Pthread Number: 15

This is RAxML Worker Pthread Number: 16

This is RAxML Worker Pthread Number: 17

This is RAxML Worker Pthread Number: 18

This is RAxML Worker Pthread Number: 19


This is RAxML version 8.2.12 released by Alexandros Stamatakis on May 2018.

With greatly appreciated code contributions by:
Andre Aberer      (HITS)
Simon Berger      (HITS)
Alexey Kozlov     (HITS)
Kassian Kobert    (HITS)
David Dao         (KIT and HITS)
Sarah Lutteropp   (KIT and HITS)
Nick Pattengale   (Sandia)
Wayne Pfeiffer    (SDSC)
Akifumi S. Tanabe (NRIFS)
Charlie Taylor    (UF)


Alignment has 1177 distinct alignment patterns

Proportion of gaps and completely undetermined characters in this alignment: 5.94%

RAxML rapid bootstrapping and subsequent ML search

Using 1 distinct models/data partitions with joint branch length optimization



Executing 100 rapid bootstrap inferences and thereafter a thorough ML search 

All free model parameters will be estimated by RAxML
GAMMA model of rate heterogeneity, ML estimate of alpha-parameter

GAMMA Model parameters will be estimated up to an accuracy of 0.1000000000 Log Likelihood units

Partition: 0
Alignment Patterns: 1177
Name: No Name Provided
DataType: DNA
Substitution Matrix: GTR




RAxML was called as follows:

raxmlHPC-PTHREADS-AVX -T 20 -s scratch/aligned/pol/sample.305.fa -p 7945158855 -x 7945158855 -f a -N 100 -m GTRGAMMA -w /gpfs_home/mhowison/code/hiv-profile-sampling/scratch/trees/pol -n sample.305 



Time for BS model parameter optimization 0.052212
Bootstrap[0]: Time 2.415310 seconds, bootstrap likelihood -20724.952206, best rearrangement setting 11
Bootstrap[1]: Time 0.560941 seconds, bootstrap likelihood -20503.510154, best rearrangement setting 15
Bootstrap[2]: Time 0.411103 seconds, bootstrap likelihood -20384.667575, best rearrangement setting 5
Bootstrap[3]: Time 0.509701 seconds, bootstrap likelihood -20360.869208, best rearrangement setting 9
Bootstrap[4]: Time 0.427884 seconds, bootstrap likelihood -20525.757863, best rearrangement setting 10
Bootstrap[5]: Time 0.497750 seconds, bootstrap likelihood -20810.025613, best rearrangement setting 11
Bootstrap[6]: Time 0.556503 seconds, bootstrap likelihood -19593.537377, best rearrangement setting 14
Bootstrap[7]: Time 0.528267 seconds, bootstrap likelihood -19550.009972, best rearrangement setting 14
Bootstrap[8]: Time 0.452439 seconds, bootstrap likelihood -20764.714005, best rearrangement setting 15
Bootstrap[9]: Time 0.514223 seconds, bootstrap likelihood -19978.774053, best rearrangement setting 7
Bootstrap[10]: Time 0.528944 seconds, bootstrap likelihood -20214.405647, best rearrangement setting 12
Bootstrap[11]: Time 0.566938 seconds, bootstrap likelihood -20910.442468, best rearrangement setting 10
Bootstrap[12]: Time 0.582084 seconds, bootstrap likelihood -19743.906112, best rearrangement setting 10
Bootstrap[13]: Time 0.463229 seconds, bootstrap likelihood -20693.646406, best rearrangement setting 14
Bootstrap[14]: Time 0.506876 seconds, bootstrap likelihood -20765.438982, best rearrangement setting 15
Bootstrap[15]: Time 34.521547 seconds, bootstrap likelihood -20043.981575, best rearrangement setting 7
Bootstrap[16]: Time 0.513486 seconds, bootstrap likelihood -20848.873047, best rearrangement setting 14
Bootstrap[17]: Time 0.573916 seconds, bootstrap likelihood -20326.513500, best rearrangement setting 15
Bootstrap[18]: Time 0.501963 seconds, bootstrap likelihood -20475.012856, best rearrangement setting 6
Bootstrap[19]: Time 0.560048 seconds, bootstrap likelihood -20610.679480, best rearrangement setting 11
Bootstrap[20]: Time 0.483691 seconds, bootstrap likelihood -20140.780813, best rearrangement setting 7
Bootstrap[21]: Time 2.323966 seconds, bootstrap likelihood -21067.583632, best rearrangement setting 12
Bootstrap[22]: Time 0.526700 seconds, bootstrap likelihood -20322.747469, best rearrangement setting 5
Bootstrap[23]: Time 0.537830 seconds, bootstrap likelihood -20712.642700, best rearrangement setting 13
Bootstrap[24]: Time 0.530942 seconds, bootstrap likelihood -20378.948768, best rearrangement setting 13
Bootstrap[25]: Time 0.584413 seconds, bootstrap likelihood -20184.561228, best rearrangement setting 14
Bootstrap[26]: Time 3.008437 seconds, bootstrap likelihood -20559.638628, best rearrangement setting 13
Bootstrap[27]: Time 0.386559 seconds, bootstrap likelihood -19308.029121, best rearrangement setting 5
Bootstrap[28]: Time 0.505222 seconds, bootstrap likelihood -20708.843004, best rearrangement setting 13
Bootstrap[29]: Time 4.064359 seconds, bootstrap likelihood -21149.253017, best rearrangement setting 6
Bootstrap[30]: Time 1.856066 seconds, bootstrap likelihood -21097.445592, best rearrangement setting 5
Bootstrap[31]: Time 0.545778 seconds, bootstrap likelihood -20430.484398, best rearrangement setting 6
Bootstrap[32]: Time 0.542327 seconds, bootstrap likelihood -20864.419731, best rearrangement setting 7
Bootstrap[33]: Time 0.532293 seconds, bootstrap likelihood -20863.335043, best rearrangement setting 9
Bootstrap[34]: Time 0.462931 seconds, bootstrap likelihood -20925.156576, best rearrangement setting 12
Bootstrap[35]: Time 6.106041 seconds, bootstrap likelihood -20735.195983, best rearrangement setting 10
Bootstrap[36]: Time 0.443396 seconds, bootstrap likelihood -20784.676902, best rearrangement setting 13
Bootstrap[37]: Time 0.559544 seconds, bootstrap likelihood -20652.232877, best rearrangement setting 10
Bootstrap[38]: Time 0.545575 seconds, bootstrap likelihood -20737.711570, best rearrangement setting 10
Bootstrap[39]: Time 0.485164 seconds, bootstrap likelihood -20684.334394, best rearrangement setting 12
Bootstrap[40]: Time 0.506354 seconds, bootstrap likelihood -20777.753572, best rearrangement setting 7
Bootstrap[41]: Time 0.608064 seconds, bootstrap likelihood -20630.269351, best rearrangement setting 15
Bootstrap[42]: Time 0.440565 seconds, bootstrap likelihood -20539.883674, best rearrangement setting 5
Bootstrap[43]: Time 0.540476 seconds, bootstrap likelihood -21310.991581, best rearrangement setting 15
Bootstrap[44]: Time 0.513761 seconds, bootstrap likelihood -20973.703654, best rearrangement setting 15
Bootstrap[45]: Time 0.439651 seconds, bootstrap likelihood -20551.165298, best rearrangement setting 7
Bootstrap[46]: Time 0.489612 seconds, bootstrap likelihood -19967.948777, best rearrangement setting 6
Bootstrap[47]: Time 2.951944 seconds, bootstrap likelihood -20571.849787, best rearrangement setting 13
Bootstrap[48]: Time 0.495273 seconds, bootstrap likelihood -20198.165254, best rearrangement setting 6
Bootstrap[49]: Time 0.525635 seconds, bootstrap likelihood -20256.148210, best rearrangement setting 14
Bootstrap[50]: Time 0.483059 seconds, bootstrap likelihood -20412.064456, best rearrangement setting 13
Bootstrap[51]: Time 0.528750 seconds, bootstrap likelihood -20812.952674, best rearrangement setting 8
Bootstrap[52]: Time 0.487715 seconds, bootstrap likelihood -20263.356406, best rearrangement setting 12
Bootstrap[53]: Time 0.430227 seconds, bootstrap likelihood -19907.258037, best rearrangement setting 5
Bootstrap[54]: Time 0.423321 seconds, bootstrap likelihood -20327.313953, best rearrangement setting 5
Bootstrap[55]: Time 0.431428 seconds, bootstrap likelihood -20350.860305, best rearrangement setting 10
Bootstrap[56]: Time 0.504228 seconds, bootstrap likelihood -21358.954305, best rearrangement setting 12
Bootstrap[57]: Time 0.485742 seconds, bootstrap likelihood -21250.807312, best rearrangement setting 6
Bootstrap[58]: Time 0.528608 seconds, bootstrap likelihood -20497.181249, best rearrangement setting 11
Bootstrap[59]: Time 0.475688 seconds, bootstrap likelihood -20941.919862, best rearrangement setting 15
Bootstrap[60]: Time 0.552589 seconds, bootstrap likelihood -19574.693429, best rearrangement setting 10
Bootstrap[61]: Time 0.408800 seconds, bootstrap likelihood -20537.352401, best rearrangement setting 5
Bootstrap[62]: Time 0.462518 seconds, bootstrap likelihood -20598.770773, best rearrangement setting 11
Bootstrap[63]: Time 0.453342 seconds, bootstrap likelihood -20180.368705, best rearrangement setting 15
Bootstrap[64]: Time 3.902025 seconds, bootstrap likelihood -19982.688756, best rearrangement setting 5
Bootstrap[65]: Time 0.515472 seconds, bootstrap likelihood -20431.321165, best rearrangement setting 14
Bootstrap[66]: Time 0.477582 seconds, bootstrap likelihood -20644.810725, best rearrangement setting 14
Bootstrap[67]: Time 0.463640 seconds, bootstrap likelihood -20265.878142, best rearrangement setting 12
Bootstrap[68]: Time 0.443628 seconds, bootstrap likelihood -21414.771674, best rearrangement setting 12
Bootstrap[69]: Time 0.492156 seconds, bootstrap likelihood -20526.909744, best rearrangement setting 14
Bootstrap[70]: Time 0.574585 seconds, bootstrap likelihood -21684.868818, best rearrangement setting 10
Bootstrap[71]: Time 0.574748 seconds, bootstrap likelihood -20086.930009, best rearrangement setting 10
Bootstrap[72]: Time 0.428029 seconds, bootstrap likelihood -20607.175134, best rearrangement setting 6
Bootstrap[73]: Time 0.577843 seconds, bootstrap likelihood -19583.666100, best rearrangement setting 14
Bootstrap[74]: Time 0.566058 seconds, bootstrap likelihood -21102.855488, best rearrangement setting 11
Bootstrap[75]: Time 4.846340 seconds, bootstrap likelihood -20534.396096, best rearrangement setting 6
Bootstrap[76]: Time 0.583504 seconds, bootstrap likelihood -20775.845817, best rearrangement setting 15
Bootstrap[77]: Time 0.455102 seconds, bootstrap likelihood -20589.360598, best rearrangement setting 14
Bootstrap[78]: Time 3.779138 seconds, bootstrap likelihood -21002.041844, best rearrangement setting 7
Bootstrap[79]: Time 0.484357 seconds, bootstrap likelihood -20728.997375, best rearrangement setting 14
Bootstrap[80]: Time 0.585348 seconds, bootstrap likelihood -21338.038660, best rearrangement setting 14
Bootstrap[81]: Time 0.454412 seconds, bootstrap likelihood -20784.261443, best rearrangement setting 15
Bootstrap[82]: Time 0.453984 seconds, bootstrap likelihood -20436.987898, best rearrangement setting 6
Bootstrap[83]: Time 0.480704 seconds, bootstrap likelihood -20089.612263, best rearrangement setting 13
Bootstrap[84]: Time 0.468112 seconds, bootstrap likelihood -20650.213557, best rearrangement setting 5
Bootstrap[85]: Time 2.177914 seconds, bootstrap likelihood -20733.190354, best rearrangement setting 15
Bootstrap[86]: Time 5.167475 seconds, bootstrap likelihood -20536.592086, best rearrangement setting 5
Bootstrap[87]: Time 53.196213 seconds, bootstrap likelihood -20350.734753, best rearrangement setting 14
Bootstrap[88]: Time 6.630713 seconds, bootstrap likelihood -20144.555906, best rearrangement setting 9
Bootstrap[89]: Time 1.648078 seconds, bootstrap likelihood -21446.020472, best rearrangement setting 10
Bootstrap[90]: Time 0.553631 seconds, bootstrap likelihood -20243.410855, best rearrangement setting 15
Bootstrap[91]: Time 0.569601 seconds, bootstrap likelihood -19585.548967, best rearrangement setting 14
Bootstrap[92]: Time 0.443961 seconds, bootstrap likelihood -20277.090592, best rearrangement setting 8
Bootstrap[93]: Time 0.533179 seconds, bootstrap likelihood -20158.279931, best rearrangement setting 6
Bootstrap[94]: Time 0.578181 seconds, bootstrap likelihood -20391.742777, best rearrangement setting 9
Bootstrap[95]: Time 0.444352 seconds, bootstrap likelihood -20480.099189, best rearrangement setting 11
Bootstrap[96]: Time 0.448167 seconds, bootstrap likelihood -21340.792479, best rearrangement setting 5
Bootstrap[97]: Time 0.469135 seconds, bootstrap likelihood -21246.973676, best rearrangement setting 6
Bootstrap[98]: Time 0.483496 seconds, bootstrap likelihood -19991.489203, best rearrangement setting 9
Bootstrap[99]: Time 0.536065 seconds, bootstrap likelihood -20047.371543, best rearrangement setting 8


Overall Time for 100 Rapid Bootstraps 180.995484 seconds
Average Time per Rapid Bootstrap 1.809955 seconds

Starting ML Search ...

Fast ML optimization finished

Fast ML search Time: 237.550902 seconds

Slow ML Search 0 Likelihood: -20656.683810
Slow ML Search 1 Likelihood: -20657.459188
Slow ML Search 2 Likelihood: -20657.458898
Slow ML Search 3 Likelihood: -20658.332603
Slow ML Search 4 Likelihood: -20658.332603
Slow ML Search 5 Likelihood: -20658.332603
Slow ML Search 6 Likelihood: -20658.679802
Slow ML Search 7 Likelihood: -20656.683811
Slow ML Search 8 Likelihood: -20661.161552
Slow ML Search 9 Likelihood: -20661.738963
Slow ML optimization finished

Slow ML search Time: 16.553036 seconds
Thorough ML search Time: 3.541258 seconds

Final ML Optimization Likelihood: -20656.683811

Model Information:

Model Parameters of Partition 0, Name: No Name Provided, Type of Data: DNA
alpha: 0.297388
Tree-Length: 1.571327
rate A <-> C: 2.343713
rate A <-> G: 8.939986
rate A <-> T: 0.951024
rate C <-> G: 1.028033
rate C <-> T: 11.276782
rate G <-> T: 1.000000

freq pi(A): 0.390104
freq pi(C): 0.166012
freq pi(G): 0.227448
freq pi(T): 0.216436


ML search took 257.652297 secs or 0.071570 hours

Combined Bootstrap and ML search took 438.647912 secs or 0.121847 hours

Drawing Bootstrap Support Values on best-scoring ML tree ...



Found 1 tree in File /gpfs_home/mhowison/code/hiv-profile-sampling/scratch/trees/pol/RAxML_bestTree.sample.305



Found 1 tree in File /gpfs_home/mhowison/code/hiv-profile-sampling/scratch/trees/pol/RAxML_bestTree.sample.305

Program execution info written to /gpfs_home/mhowison/code/hiv-profile-sampling/scratch/trees/pol/RAxML_info.sample.305
All 100 bootstrapped trees written to: /gpfs_home/mhowison/code/hiv-profile-sampling/scratch/trees/pol/RAxML_bootstrap.sample.305

Best-scoring ML tree written to: /gpfs_home/mhowison/code/hiv-profile-sampling/scratch/trees/pol/RAxML_bestTree.sample.305

Best-scoring ML tree with support values written to: /gpfs_home/mhowison/code/hiv-profile-sampling/scratch/trees/pol/RAxML_bipartitions.sample.305

Best-scoring ML tree with support values as branch labels written to: /gpfs_home/mhowison/code/hiv-profile-sampling/scratch/trees/pol/RAxML_bipartitionsBranchLabels.sample.305

Overall execution time for full ML analysis: 438.652050 secs or 0.121848 hours or 0.005077 days

