srun: job 262231 queued and waiting for resources
srun: job 262231 has been allocated resources
Warning, you specified a working directory via "-w"
Keep in mind that RAxML only accepts absolute path names, not relative ones!

RAxML can't, parse the alignment file as phylip file 
it will now try to parse it as FASTA file



Using BFGS method to optimize GTR rate parameters, to disable this specify "--no-bfgs" 


This is the RAxML Master Pthread

This is RAxML Worker Pthread Number: 1

This is RAxML Worker Pthread Number: 5

This is RAxML Worker Pthread Number: 3

This is RAxML Worker Pthread Number: 2

This is RAxML Worker Pthread Number: 4

This is RAxML Worker Pthread Number: 7

This is RAxML Worker Pthread Number: 6

This is RAxML Worker Pthread Number: 8

This is RAxML Worker Pthread Number: 9

This is RAxML Worker Pthread Number: 10

This is RAxML Worker Pthread Number: 12

This is RAxML Worker Pthread Number: 11

This is RAxML Worker Pthread Number: 13

This is RAxML Worker Pthread Number: 14

This is RAxML Worker Pthread Number: 15

This is RAxML Worker Pthread Number: 16

This is RAxML Worker Pthread Number: 17

This is RAxML Worker Pthread Number: 18

This is RAxML Worker Pthread Number: 19


This is RAxML version 8.2.12 released by Alexandros Stamatakis on May 2018.

With greatly appreciated code contributions by:
Andre Aberer      (HITS)
Simon Berger      (HITS)
Alexey Kozlov     (HITS)
Kassian Kobert    (HITS)
David Dao         (KIT and HITS)
Sarah Lutteropp   (KIT and HITS)
Nick Pattengale   (Sandia)
Wayne Pfeiffer    (SDSC)
Akifumi S. Tanabe (NRIFS)
Charlie Taylor    (UF)


Alignment has 1183 distinct alignment patterns

Proportion of gaps and completely undetermined characters in this alignment: 5.94%

RAxML rapid bootstrapping and subsequent ML search

Using 1 distinct models/data partitions with joint branch length optimization



Executing 100 rapid bootstrap inferences and thereafter a thorough ML search 

All free model parameters will be estimated by RAxML
GAMMA model of rate heterogeneity, ML estimate of alpha-parameter

GAMMA Model parameters will be estimated up to an accuracy of 0.1000000000 Log Likelihood units

Partition: 0
Alignment Patterns: 1183
Name: No Name Provided
DataType: DNA
Substitution Matrix: GTR




RAxML was called as follows:

raxmlHPC-PTHREADS-AVX -T 20 -s scratch/aligned/pol/sample.429.fa -p 3747199967 -x 3747199967 -f a -N 100 -m GTRGAMMA -w /gpfs_home/mhowison/code/hiv-profile-sampling/scratch/trees/pol -n sample.429 



Time for BS model parameter optimization 0.051539
Bootstrap[0]: Time 1.241848 seconds, bootstrap likelihood -20852.405681, best rearrangement setting 9
Bootstrap[1]: Time 0.507665 seconds, bootstrap likelihood -20078.023235, best rearrangement setting 14
Bootstrap[2]: Time 0.593002 seconds, bootstrap likelihood -21097.415464, best rearrangement setting 10
Bootstrap[3]: Time 0.486780 seconds, bootstrap likelihood -19874.063352, best rearrangement setting 6
Bootstrap[4]: Time 0.542736 seconds, bootstrap likelihood -20246.513262, best rearrangement setting 6
Bootstrap[5]: Time 0.558161 seconds, bootstrap likelihood -21119.822089, best rearrangement setting 10
Bootstrap[6]: Time 0.518481 seconds, bootstrap likelihood -21104.990352, best rearrangement setting 6
Bootstrap[7]: Time 0.514104 seconds, bootstrap likelihood -20746.123284, best rearrangement setting 6
Bootstrap[8]: Time 0.481408 seconds, bootstrap likelihood -20300.609124, best rearrangement setting 6
Bootstrap[9]: Time 0.422181 seconds, bootstrap likelihood -20082.690527, best rearrangement setting 6
Bootstrap[10]: Time 0.618412 seconds, bootstrap likelihood -20719.876959, best rearrangement setting 10
Bootstrap[11]: Time 0.555739 seconds, bootstrap likelihood -21038.895876, best rearrangement setting 14
Bootstrap[12]: Time 0.608231 seconds, bootstrap likelihood -20050.742504, best rearrangement setting 15
Bootstrap[13]: Time 0.560453 seconds, bootstrap likelihood -20657.804264, best rearrangement setting 6
Bootstrap[14]: Time 0.553062 seconds, bootstrap likelihood -19711.685914, best rearrangement setting 12
Bootstrap[15]: Time 0.525503 seconds, bootstrap likelihood -20741.157246, best rearrangement setting 15
Bootstrap[16]: Time 2.628773 seconds, bootstrap likelihood -20509.804175, best rearrangement setting 7
Bootstrap[17]: Time 0.512290 seconds, bootstrap likelihood -20216.480516, best rearrangement setting 15
Bootstrap[18]: Time 0.545536 seconds, bootstrap likelihood -20276.758504, best rearrangement setting 8
Bootstrap[19]: Time 0.494256 seconds, bootstrap likelihood -20345.341333, best rearrangement setting 8
Bootstrap[20]: Time 2.191417 seconds, bootstrap likelihood -21237.392824, best rearrangement setting 9
Bootstrap[21]: Time 0.500623 seconds, bootstrap likelihood -20681.027431, best rearrangement setting 6
Bootstrap[22]: Time 0.469124 seconds, bootstrap likelihood -20874.664001, best rearrangement setting 10
Bootstrap[23]: Time 1.623076 seconds, bootstrap likelihood -20976.384722, best rearrangement setting 6
Bootstrap[24]: Time 3.934712 seconds, bootstrap likelihood -20454.863961, best rearrangement setting 14
Bootstrap[25]: Time 0.458663 seconds, bootstrap likelihood -20331.465255, best rearrangement setting 5
Bootstrap[26]: Time 4.113350 seconds, bootstrap likelihood -20799.347349, best rearrangement setting 10
Bootstrap[27]: Time 0.467746 seconds, bootstrap likelihood -20171.214002, best rearrangement setting 14
Bootstrap[28]: Time 0.454726 seconds, bootstrap likelihood -20612.179300, best rearrangement setting 5
Bootstrap[29]: Time 0.593730 seconds, bootstrap likelihood -21610.719896, best rearrangement setting 13
Bootstrap[30]: Time 0.477668 seconds, bootstrap likelihood -19714.584938, best rearrangement setting 13
Bootstrap[31]: Time 0.520692 seconds, bootstrap likelihood -21026.417259, best rearrangement setting 10
Bootstrap[32]: Time 0.530061 seconds, bootstrap likelihood -21093.072420, best rearrangement setting 10
Bootstrap[33]: Time 0.510998 seconds, bootstrap likelihood -19922.822136, best rearrangement setting 14
Bootstrap[34]: Time 0.646273 seconds, bootstrap likelihood -20818.951715, best rearrangement setting 13
Bootstrap[35]: Time 0.520916 seconds, bootstrap likelihood -19227.774751, best rearrangement setting 10
Bootstrap[36]: Time 0.501036 seconds, bootstrap likelihood -20586.339994, best rearrangement setting 15
Bootstrap[37]: Time 0.463390 seconds, bootstrap likelihood -20682.818494, best rearrangement setting 13
Bootstrap[38]: Time 0.548778 seconds, bootstrap likelihood -20009.560069, best rearrangement setting 10
Bootstrap[39]: Time 0.483770 seconds, bootstrap likelihood -20778.320757, best rearrangement setting 6
Bootstrap[40]: Time 0.512618 seconds, bootstrap likelihood -20772.468234, best rearrangement setting 12
Bootstrap[41]: Time 0.542526 seconds, bootstrap likelihood -20851.647950, best rearrangement setting 14
Bootstrap[42]: Time 0.607421 seconds, bootstrap likelihood -20894.877772, best rearrangement setting 7
Bootstrap[43]: Time 0.463454 seconds, bootstrap likelihood -21064.748004, best rearrangement setting 12
Bootstrap[44]: Time 0.529712 seconds, bootstrap likelihood -19777.214960, best rearrangement setting 14
Bootstrap[45]: Time 0.529227 seconds, bootstrap likelihood -20343.976508, best rearrangement setting 15
Bootstrap[46]: Time 0.561762 seconds, bootstrap likelihood -21136.269394, best rearrangement setting 11
Bootstrap[47]: Time 0.584819 seconds, bootstrap likelihood -20434.171234, best rearrangement setting 7
Bootstrap[48]: Time 0.487544 seconds, bootstrap likelihood -20534.161710, best rearrangement setting 5
Bootstrap[49]: Time 0.580809 seconds, bootstrap likelihood -20237.636001, best rearrangement setting 13
Bootstrap[50]: Time 33.189125 seconds, bootstrap likelihood -19408.082559, best rearrangement setting 13
Bootstrap[51]: Time 0.402710 seconds, bootstrap likelihood -20346.504259, best rearrangement setting 5
Bootstrap[52]: Time 0.490381 seconds, bootstrap likelihood -20214.981326, best rearrangement setting 12
Bootstrap[53]: Time 0.546978 seconds, bootstrap likelihood -20654.108035, best rearrangement setting 6
Bootstrap[54]: Time 3.768749 seconds, bootstrap likelihood -20764.227490, best rearrangement setting 10
Bootstrap[55]: Time 0.481547 seconds, bootstrap likelihood -20252.681781, best rearrangement setting 5
Bootstrap[56]: Time 0.633866 seconds, bootstrap likelihood -21011.564190, best rearrangement setting 12
Bootstrap[57]: Time 0.522828 seconds, bootstrap likelihood -20493.471199, best rearrangement setting 11
Bootstrap[58]: Time 3.008682 seconds, bootstrap likelihood -20430.866198, best rearrangement setting 8
Bootstrap[59]: Time 0.546769 seconds, bootstrap likelihood -20565.925809, best rearrangement setting 12
Bootstrap[60]: Time 1.769748 seconds, bootstrap likelihood -20924.481260, best rearrangement setting 7
Bootstrap[61]: Time 2.685798 seconds, bootstrap likelihood -20889.402336, best rearrangement setting 15
Bootstrap[62]: Time 2.788933 seconds, bootstrap likelihood -19942.474585, best rearrangement setting 11
Bootstrap[63]: Time 2.202176 seconds, bootstrap likelihood -19677.836552, best rearrangement setting 8
Bootstrap[64]: Time 0.572682 seconds, bootstrap likelihood -20870.881401, best rearrangement setting 7
Bootstrap[65]: Time 0.466172 seconds, bootstrap likelihood -20307.434313, best rearrangement setting 5
Bootstrap[66]: Time 0.571838 seconds, bootstrap likelihood -21050.066098, best rearrangement setting 9
Bootstrap[67]: Time 0.521351 seconds, bootstrap likelihood -20165.522170, best rearrangement setting 9
Bootstrap[68]: Time 0.566013 seconds, bootstrap likelihood -20556.952966, best rearrangement setting 8
Bootstrap[69]: Time 0.609254 seconds, bootstrap likelihood -20963.388245, best rearrangement setting 7
Bootstrap[70]: Time 0.442282 seconds, bootstrap likelihood -20186.533343, best rearrangement setting 11
Bootstrap[71]: Time 0.557551 seconds, bootstrap likelihood -20290.269015, best rearrangement setting 9
Bootstrap[72]: Time 0.484331 seconds, bootstrap likelihood -20628.465801, best rearrangement setting 8
Bootstrap[73]: Time 0.490423 seconds, bootstrap likelihood -20771.721396, best rearrangement setting 7
Bootstrap[74]: Time 0.493360 seconds, bootstrap likelihood -20541.685587, best rearrangement setting 7
Bootstrap[75]: Time 0.561682 seconds, bootstrap likelihood -21016.890655, best rearrangement setting 7
Bootstrap[76]: Time 3.933018 seconds, bootstrap likelihood -20648.808514, best rearrangement setting 14
Bootstrap[77]: Time 0.581034 seconds, bootstrap likelihood -20175.016205, best rearrangement setting 13
Bootstrap[78]: Time 0.547731 seconds, bootstrap likelihood -20701.733205, best rearrangement setting 7
Bootstrap[79]: Time 5.009941 seconds, bootstrap likelihood -19720.649960, best rearrangement setting 10
Bootstrap[80]: Time 0.560760 seconds, bootstrap likelihood -20759.942074, best rearrangement setting 13
Bootstrap[81]: Time 0.476717 seconds, bootstrap likelihood -20723.742654, best rearrangement setting 11
Bootstrap[82]: Time 0.587197 seconds, bootstrap likelihood -20790.935926, best rearrangement setting 9
Bootstrap[83]: Time 0.572565 seconds, bootstrap likelihood -20641.707182, best rearrangement setting 14
Bootstrap[84]: Time 3.731930 seconds, bootstrap likelihood -21202.260185, best rearrangement setting 14
Bootstrap[85]: Time 0.599996 seconds, bootstrap likelihood -20414.616780, best rearrangement setting 12
Bootstrap[86]: Time 0.581028 seconds, bootstrap likelihood -21038.998089, best rearrangement setting 7
Bootstrap[87]: Time 0.507610 seconds, bootstrap likelihood -20355.052875, best rearrangement setting 5
Bootstrap[88]: Time 0.540160 seconds, bootstrap likelihood -20664.912051, best rearrangement setting 7
Bootstrap[89]: Time 0.570976 seconds, bootstrap likelihood -20765.517569, best rearrangement setting 6
Bootstrap[90]: Time 0.599114 seconds, bootstrap likelihood -20227.586024, best rearrangement setting 9
Bootstrap[91]: Time 4.173194 seconds, bootstrap likelihood -20157.037774, best rearrangement setting 9
Bootstrap[92]: Time 0.596365 seconds, bootstrap likelihood -20678.953542, best rearrangement setting 11
Bootstrap[93]: Time 0.544874 seconds, bootstrap likelihood -20593.129755, best rearrangement setting 14
Bootstrap[94]: Time 0.456061 seconds, bootstrap likelihood -20638.068397, best rearrangement setting 13
Bootstrap[95]: Time 0.549310 seconds, bootstrap likelihood -20236.743408, best rearrangement setting 11
Bootstrap[96]: Time 7.817131 seconds, bootstrap likelihood -20199.766887, best rearrangement setting 11
Bootstrap[97]: Time 0.476903 seconds, bootstrap likelihood -20533.850508, best rearrangement setting 13
Bootstrap[98]: Time 4.722731 seconds, bootstrap likelihood -20171.656454, best rearrangement setting 7
Bootstrap[99]: Time 1.072970 seconds, bootstrap likelihood -20115.290755, best rearrangement setting 15


Overall Time for 100 Rapid Bootstraps 138.187832 seconds
Average Time per Rapid Bootstrap 1.381878 seconds

Starting ML Search ...

Fast ML optimization finished

Fast ML search Time: 141.433473 seconds

Slow ML Search 0 Likelihood: -20688.237502
Slow ML Search 1 Likelihood: -20688.237502
Slow ML Search 2 Likelihood: -20688.237502
Slow ML Search 3 Likelihood: -20688.237502
Slow ML Search 4 Likelihood: -20688.854838
Slow ML Search 5 Likelihood: -20688.854838
Slow ML Search 6 Likelihood: -20688.854838
Slow ML Search 7 Likelihood: -20689.034799
Slow ML Search 8 Likelihood: -20689.035241
Slow ML Search 9 Likelihood: -20689.619037
Slow ML optimization finished

Slow ML search Time: 39.397268 seconds
Thorough ML search Time: 1.242874 seconds

Final ML Optimization Likelihood: -20688.237558

Model Information:

Model Parameters of Partition 0, Name: No Name Provided, Type of Data: DNA
alpha: 0.302044
Tree-Length: 1.578746
rate A <-> C: 2.317218
rate A <-> G: 8.603152
rate A <-> T: 0.877559
rate C <-> G: 0.930882
rate C <-> T: 10.398681
rate G <-> T: 1.000000

freq pi(A): 0.390077
freq pi(C): 0.165940
freq pi(G): 0.227636
freq pi(T): 0.216346


ML search took 182.094211 secs or 0.050582 hours

Combined Bootstrap and ML search took 320.282178 secs or 0.088967 hours

Drawing Bootstrap Support Values on best-scoring ML tree ...



Found 1 tree in File /gpfs_home/mhowison/code/hiv-profile-sampling/scratch/trees/pol/RAxML_bestTree.sample.429



Found 1 tree in File /gpfs_home/mhowison/code/hiv-profile-sampling/scratch/trees/pol/RAxML_bestTree.sample.429

Program execution info written to /gpfs_home/mhowison/code/hiv-profile-sampling/scratch/trees/pol/RAxML_info.sample.429
All 100 bootstrapped trees written to: /gpfs_home/mhowison/code/hiv-profile-sampling/scratch/trees/pol/RAxML_bootstrap.sample.429

Best-scoring ML tree written to: /gpfs_home/mhowison/code/hiv-profile-sampling/scratch/trees/pol/RAxML_bestTree.sample.429

Best-scoring ML tree with support values written to: /gpfs_home/mhowison/code/hiv-profile-sampling/scratch/trees/pol/RAxML_bipartitions.sample.429

Best-scoring ML tree with support values as branch labels written to: /gpfs_home/mhowison/code/hiv-profile-sampling/scratch/trees/pol/RAxML_bipartitionsBranchLabels.sample.429

Overall execution time for full ML analysis: 320.286514 secs or 0.088968 hours or 0.003707 days

