srun: job 262628 queued and waiting for resources
srun: job 262628 has been allocated resources
Warning, you specified a working directory via "-w"
Keep in mind that RAxML only accepts absolute path names, not relative ones!

RAxML can't, parse the alignment file as phylip file 
it will now try to parse it as FASTA file



Using BFGS method to optimize GTR rate parameters, to disable this specify "--no-bfgs" 


This is the RAxML Master Pthread

This is RAxML Worker Pthread Number: 2

This is RAxML Worker Pthread Number: 5

This is RAxML Worker Pthread Number: 4

This is RAxML Worker Pthread Number: 1

This is RAxML Worker Pthread Number: 3

This is RAxML Worker Pthread Number: 6

This is RAxML Worker Pthread Number: 8

This is RAxML Worker Pthread Number: 7

This is RAxML Worker Pthread Number: 11

This is RAxML Worker Pthread Number: 12

This is RAxML Worker Pthread Number: 10

This is RAxML Worker Pthread Number: 13

This is RAxML Worker Pthread Number: 9

This is RAxML Worker Pthread Number: 14

This is RAxML Worker Pthread Number: 15

This is RAxML Worker Pthread Number: 16

This is RAxML Worker Pthread Number: 17

This is RAxML Worker Pthread Number: 18

This is RAxML Worker Pthread Number: 19


This is RAxML version 8.2.12 released by Alexandros Stamatakis on May 2018.

With greatly appreciated code contributions by:
Andre Aberer      (HITS)
Simon Berger      (HITS)
Alexey Kozlov     (HITS)
Kassian Kobert    (HITS)
David Dao         (KIT and HITS)
Sarah Lutteropp   (KIT and HITS)
Nick Pattengale   (Sandia)
Wayne Pfeiffer    (SDSC)
Akifumi S. Tanabe (NRIFS)
Charlie Taylor    (UF)


Alignment has 1177 distinct alignment patterns

Proportion of gaps and completely undetermined characters in this alignment: 5.94%

RAxML rapid bootstrapping and subsequent ML search

Using 1 distinct models/data partitions with joint branch length optimization



Executing 100 rapid bootstrap inferences and thereafter a thorough ML search 

All free model parameters will be estimated by RAxML
GAMMA model of rate heterogeneity, ML estimate of alpha-parameter

GAMMA Model parameters will be estimated up to an accuracy of 0.1000000000 Log Likelihood units

Partition: 0
Alignment Patterns: 1177
Name: No Name Provided
DataType: DNA
Substitution Matrix: GTR




RAxML was called as follows:

raxmlHPC-PTHREADS-AVX -T 20 -s scratch/aligned/pol/sample.477.fa -p 4539085307 -x 4539085307 -f a -N 100 -m GTRGAMMA -w /gpfs_home/mhowison/code/hiv-profile-sampling/scratch/trees/pol -n sample.477 



Time for BS model parameter optimization 0.057429
Bootstrap[0]: Time 1.091355 seconds, bootstrap likelihood -20846.259727, best rearrangement setting 10
Bootstrap[1]: Time 0.691614 seconds, bootstrap likelihood -20618.497029, best rearrangement setting 13
Bootstrap[2]: Time 0.749398 seconds, bootstrap likelihood -20014.970330, best rearrangement setting 11
Bootstrap[3]: Time 0.616028 seconds, bootstrap likelihood -21260.075031, best rearrangement setting 11
Bootstrap[4]: Time 0.560106 seconds, bootstrap likelihood -20329.841824, best rearrangement setting 7
Bootstrap[5]: Time 0.619790 seconds, bootstrap likelihood -20650.070979, best rearrangement setting 12
Bootstrap[6]: Time 0.651989 seconds, bootstrap likelihood -20015.199657, best rearrangement setting 15
Bootstrap[7]: Time 0.665798 seconds, bootstrap likelihood -20684.224538, best rearrangement setting 13
Bootstrap[8]: Time 0.639786 seconds, bootstrap likelihood -20252.253460, best rearrangement setting 10
Bootstrap[9]: Time 0.711327 seconds, bootstrap likelihood -21435.798532, best rearrangement setting 15
Bootstrap[10]: Time 0.652079 seconds, bootstrap likelihood -21276.936582, best rearrangement setting 13
Bootstrap[11]: Time 0.627339 seconds, bootstrap likelihood -20078.436335, best rearrangement setting 13
Bootstrap[12]: Time 0.690067 seconds, bootstrap likelihood -20430.310661, best rearrangement setting 9
Bootstrap[13]: Time 0.640280 seconds, bootstrap likelihood -20222.040847, best rearrangement setting 14
Bootstrap[14]: Time 0.708649 seconds, bootstrap likelihood -20825.111096, best rearrangement setting 14
Bootstrap[15]: Time 0.568121 seconds, bootstrap likelihood -20355.426358, best rearrangement setting 5
Bootstrap[16]: Time 0.652309 seconds, bootstrap likelihood -20378.861358, best rearrangement setting 12
Bootstrap[17]: Time 0.647678 seconds, bootstrap likelihood -21534.323130, best rearrangement setting 14
Bootstrap[18]: Time 0.629965 seconds, bootstrap likelihood -21050.387596, best rearrangement setting 6
Bootstrap[19]: Time 0.527456 seconds, bootstrap likelihood -21205.649583, best rearrangement setting 10
Bootstrap[20]: Time 0.586969 seconds, bootstrap likelihood -20371.146560, best rearrangement setting 5
Bootstrap[21]: Time 0.518391 seconds, bootstrap likelihood -20720.524869, best rearrangement setting 7
Bootstrap[22]: Time 0.614100 seconds, bootstrap likelihood -21162.563498, best rearrangement setting 12
Bootstrap[23]: Time 1.011293 seconds, bootstrap likelihood -20472.909168, best rearrangement setting 7
Bootstrap[24]: Time 0.586896 seconds, bootstrap likelihood -20398.328866, best rearrangement setting 7
Bootstrap[25]: Time 0.515178 seconds, bootstrap likelihood -20829.583681, best rearrangement setting 13
Bootstrap[26]: Time 0.487751 seconds, bootstrap likelihood -20172.353395, best rearrangement setting 5
Bootstrap[27]: Time 0.619995 seconds, bootstrap likelihood -20367.472065, best rearrangement setting 11
Bootstrap[28]: Time 0.650117 seconds, bootstrap likelihood -20048.469389, best rearrangement setting 7
Bootstrap[29]: Time 0.614197 seconds, bootstrap likelihood -20115.132100, best rearrangement setting 6
Bootstrap[30]: Time 0.585307 seconds, bootstrap likelihood -20652.622923, best rearrangement setting 6
Bootstrap[31]: Time 0.616251 seconds, bootstrap likelihood -20770.603669, best rearrangement setting 13
Bootstrap[32]: Time 0.511862 seconds, bootstrap likelihood -20695.153463, best rearrangement setting 5
Bootstrap[33]: Time 0.579560 seconds, bootstrap likelihood -20328.822371, best rearrangement setting 9
Bootstrap[34]: Time 0.610608 seconds, bootstrap likelihood -20481.827316, best rearrangement setting 9
Bootstrap[35]: Time 0.718681 seconds, bootstrap likelihood -20863.242514, best rearrangement setting 14
Bootstrap[36]: Time 0.761981 seconds, bootstrap likelihood -20440.653684, best rearrangement setting 14
Bootstrap[37]: Time 0.542137 seconds, bootstrap likelihood -20117.391696, best rearrangement setting 10
Bootstrap[38]: Time 0.639079 seconds, bootstrap likelihood -21259.812785, best rearrangement setting 14
Bootstrap[39]: Time 0.598067 seconds, bootstrap likelihood -20683.565880, best rearrangement setting 8
Bootstrap[40]: Time 1.111592 seconds, bootstrap likelihood -20420.048966, best rearrangement setting 8
Bootstrap[41]: Time 0.581174 seconds, bootstrap likelihood -20906.193396, best rearrangement setting 6
Bootstrap[42]: Time 0.673982 seconds, bootstrap likelihood -21143.531947, best rearrangement setting 11
Bootstrap[43]: Time 0.551945 seconds, bootstrap likelihood -19895.606310, best rearrangement setting 5
Bootstrap[44]: Time 0.618445 seconds, bootstrap likelihood -20836.708926, best rearrangement setting 8
Bootstrap[45]: Time 0.722137 seconds, bootstrap likelihood -20374.886291, best rearrangement setting 14
Bootstrap[46]: Time 1.053088 seconds, bootstrap likelihood -20173.328044, best rearrangement setting 15
Bootstrap[47]: Time 0.599524 seconds, bootstrap likelihood -20618.963252, best rearrangement setting 6
Bootstrap[48]: Time 0.618941 seconds, bootstrap likelihood -21390.894733, best rearrangement setting 14
Bootstrap[49]: Time 0.603946 seconds, bootstrap likelihood -21149.436690, best rearrangement setting 12
Bootstrap[50]: Time 0.669645 seconds, bootstrap likelihood -20182.095655, best rearrangement setting 8
Bootstrap[51]: Time 0.596780 seconds, bootstrap likelihood -21086.732604, best rearrangement setting 5
Bootstrap[52]: Time 0.582264 seconds, bootstrap likelihood -20036.590767, best rearrangement setting 9
Bootstrap[53]: Time 0.508366 seconds, bootstrap likelihood -19893.428121, best rearrangement setting 5
Bootstrap[54]: Time 0.591858 seconds, bootstrap likelihood -20906.193793, best rearrangement setting 10
Bootstrap[55]: Time 0.632895 seconds, bootstrap likelihood -20091.301731, best rearrangement setting 15
Bootstrap[56]: Time 0.603573 seconds, bootstrap likelihood -20682.001395, best rearrangement setting 12
Bootstrap[57]: Time 0.660743 seconds, bootstrap likelihood -21500.888595, best rearrangement setting 13
Bootstrap[58]: Time 0.710067 seconds, bootstrap likelihood -20328.385551, best rearrangement setting 9
Bootstrap[59]: Time 0.652006 seconds, bootstrap likelihood -20464.791483, best rearrangement setting 13
Bootstrap[60]: Time 0.661620 seconds, bootstrap likelihood -19416.991662, best rearrangement setting 9
Bootstrap[61]: Time 0.644204 seconds, bootstrap likelihood -20695.012469, best rearrangement setting 14
Bootstrap[62]: Time 0.636739 seconds, bootstrap likelihood -20944.568591, best rearrangement setting 6
Bootstrap[63]: Time 0.646922 seconds, bootstrap likelihood -20512.327455, best rearrangement setting 13
Bootstrap[64]: Time 0.580294 seconds, bootstrap likelihood -20691.693305, best rearrangement setting 5
Bootstrap[65]: Time 0.578528 seconds, bootstrap likelihood -20664.810391, best rearrangement setting 6
Bootstrap[66]: Time 0.720316 seconds, bootstrap likelihood -21053.170107, best rearrangement setting 9
Bootstrap[67]: Time 0.535127 seconds, bootstrap likelihood -20027.806920, best rearrangement setting 15
Bootstrap[68]: Time 0.563387 seconds, bootstrap likelihood -20199.042165, best rearrangement setting 8
Bootstrap[69]: Time 0.605962 seconds, bootstrap likelihood -20313.006831, best rearrangement setting 13
Bootstrap[70]: Time 1.109611 seconds, bootstrap likelihood -20675.347650, best rearrangement setting 10
Bootstrap[71]: Time 0.606035 seconds, bootstrap likelihood -20589.941550, best rearrangement setting 6
Bootstrap[72]: Time 0.520976 seconds, bootstrap likelihood -20344.212883, best rearrangement setting 5
Bootstrap[73]: Time 0.556716 seconds, bootstrap likelihood -20390.022463, best rearrangement setting 7
Bootstrap[74]: Time 0.671634 seconds, bootstrap likelihood -20564.545213, best rearrangement setting 8
Bootstrap[75]: Time 0.578023 seconds, bootstrap likelihood -20733.861800, best rearrangement setting 5
Bootstrap[76]: Time 0.686593 seconds, bootstrap likelihood -21050.901088, best rearrangement setting 14
Bootstrap[77]: Time 0.751973 seconds, bootstrap likelihood -20966.012214, best rearrangement setting 8
Bootstrap[78]: Time 0.527086 seconds, bootstrap likelihood -20287.261397, best rearrangement setting 5
Bootstrap[79]: Time 0.619010 seconds, bootstrap likelihood -21053.753970, best rearrangement setting 13
Bootstrap[80]: Time 0.596463 seconds, bootstrap likelihood -20204.180878, best rearrangement setting 11
Bootstrap[81]: Time 0.677764 seconds, bootstrap likelihood -19662.587375, best rearrangement setting 9
Bootstrap[82]: Time 0.583531 seconds, bootstrap likelihood -20107.003220, best rearrangement setting 15
Bootstrap[83]: Time 0.563427 seconds, bootstrap likelihood -20108.955201, best rearrangement setting 11
Bootstrap[84]: Time 0.669586 seconds, bootstrap likelihood -20898.090424, best rearrangement setting 15
Bootstrap[85]: Time 0.606127 seconds, bootstrap likelihood -20646.776722, best rearrangement setting 11
Bootstrap[86]: Time 0.974116 seconds, bootstrap likelihood -20754.955586, best rearrangement setting 5
Bootstrap[87]: Time 0.743224 seconds, bootstrap likelihood -20500.726886, best rearrangement setting 14
Bootstrap[88]: Time 0.682397 seconds, bootstrap likelihood -20442.780641, best rearrangement setting 11
Bootstrap[89]: Time 0.725417 seconds, bootstrap likelihood -19671.778598, best rearrangement setting 11
Bootstrap[90]: Time 0.676458 seconds, bootstrap likelihood -20407.856415, best rearrangement setting 10
Bootstrap[91]: Time 0.534725 seconds, bootstrap likelihood -19652.101473, best rearrangement setting 5
Bootstrap[92]: Time 1.091813 seconds, bootstrap likelihood -21157.375241, best rearrangement setting 14
Bootstrap[93]: Time 0.551509 seconds, bootstrap likelihood -20514.316617, best rearrangement setting 12
Bootstrap[94]: Time 0.660125 seconds, bootstrap likelihood -20448.762795, best rearrangement setting 8
Bootstrap[95]: Time 0.718636 seconds, bootstrap likelihood -20741.904342, best rearrangement setting 9
Bootstrap[96]: Time 0.651821 seconds, bootstrap likelihood -21189.359598, best rearrangement setting 11
Bootstrap[97]: Time 0.535306 seconds, bootstrap likelihood -20805.159861, best rearrangement setting 7
Bootstrap[98]: Time 0.546539 seconds, bootstrap likelihood -19558.133129, best rearrangement setting 13
Bootstrap[99]: Time 0.533477 seconds, bootstrap likelihood -20868.101603, best rearrangement setting 6


Overall Time for 100 Rapid Bootstraps 65.218092 seconds
Average Time per Rapid Bootstrap 0.652181 seconds

Starting ML Search ...

Fast ML optimization finished

Fast ML search Time: 51.380295 seconds

Slow ML Search 0 Likelihood: -20617.334810
Slow ML Search 1 Likelihood: -20617.334982
Slow ML Search 2 Likelihood: -20618.404851
Slow ML Search 3 Likelihood: -20618.404851
Slow ML Search 4 Likelihood: -20618.599646
Slow ML Search 5 Likelihood: -20619.412341
Slow ML Search 6 Likelihood: -20619.412341
Slow ML Search 7 Likelihood: -20619.412343
Slow ML Search 8 Likelihood: -20620.535865
Slow ML Search 9 Likelihood: -20621.273102
Slow ML optimization finished

Slow ML search Time: 12.753344 seconds
Thorough ML search Time: 1.244116 seconds

Final ML Optimization Likelihood: -20617.334809

Model Information:

Model Parameters of Partition 0, Name: No Name Provided, Type of Data: DNA
alpha: 0.300549
Tree-Length: 1.560029
rate A <-> C: 2.348568
rate A <-> G: 8.826059
rate A <-> T: 0.950941
rate C <-> G: 0.939762
rate C <-> T: 10.853779
rate G <-> T: 1.000000

freq pi(A): 0.390020
freq pi(C): 0.166017
freq pi(G): 0.227521
freq pi(T): 0.216442


ML search took 65.384483 secs or 0.018162 hours

Combined Bootstrap and ML search took 130.602746 secs or 0.036279 hours

Drawing Bootstrap Support Values on best-scoring ML tree ...



Found 1 tree in File /gpfs_home/mhowison/code/hiv-profile-sampling/scratch/trees/pol/RAxML_bestTree.sample.477



Found 1 tree in File /gpfs_home/mhowison/code/hiv-profile-sampling/scratch/trees/pol/RAxML_bestTree.sample.477

Program execution info written to /gpfs_home/mhowison/code/hiv-profile-sampling/scratch/trees/pol/RAxML_info.sample.477
All 100 bootstrapped trees written to: /gpfs_home/mhowison/code/hiv-profile-sampling/scratch/trees/pol/RAxML_bootstrap.sample.477

Best-scoring ML tree written to: /gpfs_home/mhowison/code/hiv-profile-sampling/scratch/trees/pol/RAxML_bestTree.sample.477

Best-scoring ML tree with support values written to: /gpfs_home/mhowison/code/hiv-profile-sampling/scratch/trees/pol/RAxML_bipartitions.sample.477

Best-scoring ML tree with support values as branch labels written to: /gpfs_home/mhowison/code/hiv-profile-sampling/scratch/trees/pol/RAxML_bipartitionsBranchLabels.sample.477

Overall execution time for full ML analysis: 130.606941 secs or 0.036280 hours or 0.001512 days

