srun: job 261441 queued and waiting for resources
srun: job 261441 has been allocated resources
Warning, you specified a working directory via "-w"
Keep in mind that RAxML only accepts absolute path names, not relative ones!

RAxML can't, parse the alignment file as phylip file 
it will now try to parse it as FASTA file



Using BFGS method to optimize GTR rate parameters, to disable this specify "--no-bfgs" 


This is the RAxML Master Pthread

This is RAxML Worker Pthread Number: 4

This is RAxML Worker Pthread Number: 2

This is RAxML Worker Pthread Number: 3

This is RAxML Worker Pthread Number: 1

This is RAxML Worker Pthread Number: 5

This is RAxML Worker Pthread Number: 6

This is RAxML Worker Pthread Number: 7

This is RAxML Worker Pthread Number: 8

This is RAxML Worker Pthread Number: 11

This is RAxML Worker Pthread Number: 9

This is RAxML Worker Pthread Number: 12

This is RAxML Worker Pthread Number: 10

This is RAxML Worker Pthread Number: 13

This is RAxML Worker Pthread Number: 14

This is RAxML Worker Pthread Number: 16

This is RAxML Worker Pthread Number: 15

This is RAxML Worker Pthread Number: 17

This is RAxML Worker Pthread Number: 19

This is RAxML Worker Pthread Number: 18


This is RAxML version 8.2.12 released by Alexandros Stamatakis on May 2018.

With greatly appreciated code contributions by:
Andre Aberer      (HITS)
Simon Berger      (HITS)
Alexey Kozlov     (HITS)
Kassian Kobert    (HITS)
David Dao         (KIT and HITS)
Sarah Lutteropp   (KIT and HITS)
Nick Pattengale   (Sandia)
Wayne Pfeiffer    (SDSC)
Akifumi S. Tanabe (NRIFS)
Charlie Taylor    (UF)


Alignment has 1172 distinct alignment patterns

Proportion of gaps and completely undetermined characters in this alignment: 5.94%

RAxML rapid bootstrapping and subsequent ML search

Using 1 distinct models/data partitions with joint branch length optimization



Executing 100 rapid bootstrap inferences and thereafter a thorough ML search 

All free model parameters will be estimated by RAxML
GAMMA model of rate heterogeneity, ML estimate of alpha-parameter

GAMMA Model parameters will be estimated up to an accuracy of 0.1000000000 Log Likelihood units

Partition: 0
Alignment Patterns: 1172
Name: No Name Provided
DataType: DNA
Substitution Matrix: GTR




RAxML was called as follows:

raxmlHPC-PTHREADS-AVX -T 20 -s scratch/aligned/pol/sample.107.fa -p 0353986532 -x 0353986532 -f a -N 100 -m GTRGAMMA -w /gpfs_home/mhowison/code/hiv-profile-sampling/scratch/trees/pol -n sample.107 



Time for BS model parameter optimization 0.054091
Bootstrap[0]: Time 2.186106 seconds, bootstrap likelihood -20449.083597, best rearrangement setting 8
Bootstrap[1]: Time 0.556970 seconds, bootstrap likelihood -20632.854674, best rearrangement setting 7
Bootstrap[2]: Time 0.628502 seconds, bootstrap likelihood -21045.065778, best rearrangement setting 13
Bootstrap[3]: Time 0.517624 seconds, bootstrap likelihood -20704.150541, best rearrangement setting 15
Bootstrap[4]: Time 0.603521 seconds, bootstrap likelihood -20611.491960, best rearrangement setting 8
Bootstrap[5]: Time 0.605875 seconds, bootstrap likelihood -19922.612029, best rearrangement setting 13
Bootstrap[6]: Time 0.589440 seconds, bootstrap likelihood -20637.962478, best rearrangement setting 7
Bootstrap[7]: Time 0.550623 seconds, bootstrap likelihood -19931.295040, best rearrangement setting 12
Bootstrap[8]: Time 0.581843 seconds, bootstrap likelihood -20477.975712, best rearrangement setting 14
Bootstrap[9]: Time 0.422712 seconds, bootstrap likelihood -20906.494905, best rearrangement setting 5
Bootstrap[10]: Time 0.478126 seconds, bootstrap likelihood -20784.863270, best rearrangement setting 13
Bootstrap[11]: Time 0.425875 seconds, bootstrap likelihood -19902.058696, best rearrangement setting 5
Bootstrap[12]: Time 0.602674 seconds, bootstrap likelihood -20606.439514, best rearrangement setting 13
Bootstrap[13]: Time 0.534023 seconds, bootstrap likelihood -20693.875502, best rearrangement setting 8
Bootstrap[14]: Time 0.511272 seconds, bootstrap likelihood -20874.304029, best rearrangement setting 9
Bootstrap[15]: Time 0.485377 seconds, bootstrap likelihood -19821.315307, best rearrangement setting 5
Bootstrap[16]: Time 0.474733 seconds, bootstrap likelihood -20747.243650, best rearrangement setting 10
Bootstrap[17]: Time 0.539796 seconds, bootstrap likelihood -20657.206508, best rearrangement setting 11
Bootstrap[18]: Time 0.899460 seconds, bootstrap likelihood -20004.153031, best rearrangement setting 15
Bootstrap[19]: Time 0.488460 seconds, bootstrap likelihood -21437.282484, best rearrangement setting 10
Bootstrap[20]: Time 2.351406 seconds, bootstrap likelihood -20566.387229, best rearrangement setting 15
Bootstrap[21]: Time 0.512638 seconds, bootstrap likelihood -20240.233546, best rearrangement setting 7
Bootstrap[22]: Time 0.439209 seconds, bootstrap likelihood -20397.464560, best rearrangement setting 8
Bootstrap[23]: Time 0.520757 seconds, bootstrap likelihood -20864.680503, best rearrangement setting 14
Bootstrap[24]: Time 0.467281 seconds, bootstrap likelihood -20955.844177, best rearrangement setting 6
Bootstrap[25]: Time 0.505629 seconds, bootstrap likelihood -21263.391321, best rearrangement setting 9
Bootstrap[26]: Time 0.424119 seconds, bootstrap likelihood -21087.252678, best rearrangement setting 12
Bootstrap[27]: Time 0.465909 seconds, bootstrap likelihood -19900.601472, best rearrangement setting 14
Bootstrap[28]: Time 0.409598 seconds, bootstrap likelihood -20498.956638, best rearrangement setting 5
Bootstrap[29]: Time 0.506233 seconds, bootstrap likelihood -19928.415315, best rearrangement setting 9
Bootstrap[30]: Time 0.530893 seconds, bootstrap likelihood -20479.032321, best rearrangement setting 11
Bootstrap[31]: Time 3.896276 seconds, bootstrap likelihood -20768.970279, best rearrangement setting 11
Bootstrap[32]: Time 0.569763 seconds, bootstrap likelihood -21234.667661, best rearrangement setting 14
Bootstrap[33]: Time 0.465783 seconds, bootstrap likelihood -20971.259272, best rearrangement setting 9
Bootstrap[34]: Time 0.516256 seconds, bootstrap likelihood -20412.731719, best rearrangement setting 13
Bootstrap[35]: Time 1.577108 seconds, bootstrap likelihood -20237.043332, best rearrangement setting 14
Bootstrap[36]: Time 0.570315 seconds, bootstrap likelihood -20275.298923, best rearrangement setting 9
Bootstrap[37]: Time 0.581393 seconds, bootstrap likelihood -19810.644004, best rearrangement setting 13
Bootstrap[38]: Time 3.900006 seconds, bootstrap likelihood -20166.927716, best rearrangement setting 6
Bootstrap[39]: Time 0.514536 seconds, bootstrap likelihood -20036.223290, best rearrangement setting 15
Bootstrap[40]: Time 0.522331 seconds, bootstrap likelihood -20597.725859, best rearrangement setting 11
Bootstrap[41]: Time 0.527011 seconds, bootstrap likelihood -20927.711192, best rearrangement setting 11
Bootstrap[42]: Time 0.509372 seconds, bootstrap likelihood -21066.629235, best rearrangement setting 15
Bootstrap[43]: Time 0.495121 seconds, bootstrap likelihood -20676.865596, best rearrangement setting 13
Bootstrap[44]: Time 2.596441 seconds, bootstrap likelihood -19534.785337, best rearrangement setting 12
Bootstrap[45]: Time 29.695738 seconds, bootstrap likelihood -20471.611714, best rearrangement setting 8
Bootstrap[46]: Time 5.289788 seconds, bootstrap likelihood -20844.487417, best rearrangement setting 11
Bootstrap[47]: Time 0.527172 seconds, bootstrap likelihood -20328.799309, best rearrangement setting 11
Bootstrap[48]: Time 0.498749 seconds, bootstrap likelihood -20939.087164, best rearrangement setting 10
Bootstrap[49]: Time 0.522176 seconds, bootstrap likelihood -20632.741981, best rearrangement setting 11
Bootstrap[50]: Time 0.428166 seconds, bootstrap likelihood -20893.453223, best rearrangement setting 9
Bootstrap[51]: Time 0.541524 seconds, bootstrap likelihood -20665.396688, best rearrangement setting 12
Bootstrap[52]: Time 0.559172 seconds, bootstrap likelihood -20961.607026, best rearrangement setting 15
Bootstrap[53]: Time 0.517577 seconds, bootstrap likelihood -20412.633123, best rearrangement setting 14
Bootstrap[54]: Time 0.488026 seconds, bootstrap likelihood -21013.261365, best rearrangement setting 14
Bootstrap[55]: Time 0.454427 seconds, bootstrap likelihood -20672.492978, best rearrangement setting 5
Bootstrap[56]: Time 0.463376 seconds, bootstrap likelihood -20613.471906, best rearrangement setting 6
Bootstrap[57]: Time 0.447928 seconds, bootstrap likelihood -20418.052270, best rearrangement setting 9
Bootstrap[58]: Time 0.551565 seconds, bootstrap likelihood -20227.497189, best rearrangement setting 12
Bootstrap[59]: Time 0.514687 seconds, bootstrap likelihood -20902.427678, best rearrangement setting 13
Bootstrap[60]: Time 0.568878 seconds, bootstrap likelihood -20707.912617, best rearrangement setting 13
Bootstrap[61]: Time 0.581408 seconds, bootstrap likelihood -20326.337331, best rearrangement setting 12
Bootstrap[62]: Time 0.526898 seconds, bootstrap likelihood -20649.446784, best rearrangement setting 6
Bootstrap[63]: Time 0.611184 seconds, bootstrap likelihood -21031.172151, best rearrangement setting 11
Bootstrap[64]: Time 0.462483 seconds, bootstrap likelihood -20807.509060, best rearrangement setting 11
Bootstrap[65]: Time 0.501012 seconds, bootstrap likelihood -20706.308525, best rearrangement setting 11
Bootstrap[66]: Time 0.465328 seconds, bootstrap likelihood -20265.342292, best rearrangement setting 12
Bootstrap[67]: Time 0.486645 seconds, bootstrap likelihood -20345.641907, best rearrangement setting 12
Bootstrap[68]: Time 0.555979 seconds, bootstrap likelihood -20117.750599, best rearrangement setting 11
Bootstrap[69]: Time 0.505437 seconds, bootstrap likelihood -20195.754135, best rearrangement setting 13
Bootstrap[70]: Time 0.515959 seconds, bootstrap likelihood -20726.788730, best rearrangement setting 11
Bootstrap[71]: Time 0.484737 seconds, bootstrap likelihood -20504.779696, best rearrangement setting 12
Bootstrap[72]: Time 0.508947 seconds, bootstrap likelihood -20857.216352, best rearrangement setting 13
Bootstrap[73]: Time 0.507270 seconds, bootstrap likelihood -20611.598709, best rearrangement setting 6
Bootstrap[74]: Time 0.493579 seconds, bootstrap likelihood -20272.852768, best rearrangement setting 13
Bootstrap[75]: Time 0.582958 seconds, bootstrap likelihood -21300.802451, best rearrangement setting 11
Bootstrap[76]: Time 0.502511 seconds, bootstrap likelihood -19773.004282, best rearrangement setting 13
Bootstrap[77]: Time 0.560010 seconds, bootstrap likelihood -20360.423295, best rearrangement setting 11
Bootstrap[78]: Time 0.446165 seconds, bootstrap likelihood -20632.403500, best rearrangement setting 15
Bootstrap[79]: Time 0.367846 seconds, bootstrap likelihood -20734.953917, best rearrangement setting 5
Bootstrap[80]: Time 0.508949 seconds, bootstrap likelihood -20621.198354, best rearrangement setting 8
Bootstrap[81]: Time 0.616772 seconds, bootstrap likelihood -20734.109933, best rearrangement setting 9
Bootstrap[82]: Time 0.546567 seconds, bootstrap likelihood -21077.857423, best rearrangement setting 8
Bootstrap[83]: Time 0.532356 seconds, bootstrap likelihood -20816.456092, best rearrangement setting 13
Bootstrap[84]: Time 0.493320 seconds, bootstrap likelihood -20565.773339, best rearrangement setting 9
Bootstrap[85]: Time 0.589453 seconds, bootstrap likelihood -20688.367989, best rearrangement setting 10
Bootstrap[86]: Time 4.785782 seconds, bootstrap likelihood -20956.711343, best rearrangement setting 10
Bootstrap[87]: Time 0.455314 seconds, bootstrap likelihood -20742.134101, best rearrangement setting 10
Bootstrap[88]: Time 4.528606 seconds, bootstrap likelihood -20464.581272, best rearrangement setting 14
Bootstrap[89]: Time 4.479318 seconds, bootstrap likelihood -20419.145836, best rearrangement setting 12
Bootstrap[90]: Time 0.554918 seconds, bootstrap likelihood -20388.258932, best rearrangement setting 13
Bootstrap[91]: Time 0.582979 seconds, bootstrap likelihood -20606.669520, best rearrangement setting 11
Bootstrap[92]: Time 0.543123 seconds, bootstrap likelihood -20715.122301, best rearrangement setting 7
Bootstrap[93]: Time 0.521512 seconds, bootstrap likelihood -20241.179148, best rearrangement setting 7
Bootstrap[94]: Time 0.665364 seconds, bootstrap likelihood -20621.582684, best rearrangement setting 12
Bootstrap[95]: Time 91.584938 seconds, bootstrap likelihood -20006.017024, best rearrangement setting 10
Bootstrap[96]: Time 0.442935 seconds, bootstrap likelihood -20330.167573, best rearrangement setting 7
Bootstrap[97]: Time 2.639747 seconds, bootstrap likelihood -20973.845064, best rearrangement setting 10
Bootstrap[98]: Time 0.503803 seconds, bootstrap likelihood -20192.101047, best rearrangement setting 11
Bootstrap[99]: Time 0.492228 seconds, bootstrap likelihood -20184.787750, best rearrangement setting 15


Overall Time for 100 Rapid Bootstraps 205.023964 seconds
Average Time per Rapid Bootstrap 2.050240 seconds

Starting ML Search ...

Fast ML optimization finished

Fast ML search Time: 156.015639 seconds

Slow ML Search 0 Likelihood: -20655.528441
Slow ML Search 1 Likelihood: -20656.002989
Slow ML Search 2 Likelihood: -20656.365619
Slow ML Search 3 Likelihood: -20656.386026
Slow ML Search 4 Likelihood: -20657.096241
Slow ML Search 5 Likelihood: -20658.135042
Slow ML Search 6 Likelihood: -20658.141104
Slow ML Search 7 Likelihood: -20658.141105
Slow ML Search 8 Likelihood: -20658.141608
Slow ML Search 9 Likelihood: -20658.244835
Slow ML optimization finished

Slow ML search Time: 15.810897 seconds
Thorough ML search Time: 1.152611 seconds

Final ML Optimization Likelihood: -20655.528441

Model Information:

Model Parameters of Partition 0, Name: No Name Provided, Type of Data: DNA
alpha: 0.302361
Tree-Length: 1.591787
rate A <-> C: 2.368054
rate A <-> G: 9.317523
rate A <-> T: 0.975488
rate C <-> G: 1.064201
rate C <-> T: 11.519096
rate G <-> T: 1.000000

freq pi(A): 0.389856
freq pi(C): 0.166021
freq pi(G): 0.227610
freq pi(T): 0.216512


ML search took 172.985071 secs or 0.048051 hours

Combined Bootstrap and ML search took 378.009169 secs or 0.105003 hours

Drawing Bootstrap Support Values on best-scoring ML tree ...



Found 1 tree in File /gpfs_home/mhowison/code/hiv-profile-sampling/scratch/trees/pol/RAxML_bestTree.sample.107



Found 1 tree in File /gpfs_home/mhowison/code/hiv-profile-sampling/scratch/trees/pol/RAxML_bestTree.sample.107

Program execution info written to /gpfs_home/mhowison/code/hiv-profile-sampling/scratch/trees/pol/RAxML_info.sample.107
All 100 bootstrapped trees written to: /gpfs_home/mhowison/code/hiv-profile-sampling/scratch/trees/pol/RAxML_bootstrap.sample.107

Best-scoring ML tree written to: /gpfs_home/mhowison/code/hiv-profile-sampling/scratch/trees/pol/RAxML_bestTree.sample.107

Best-scoring ML tree with support values written to: /gpfs_home/mhowison/code/hiv-profile-sampling/scratch/trees/pol/RAxML_bipartitions.sample.107

Best-scoring ML tree with support values as branch labels written to: /gpfs_home/mhowison/code/hiv-profile-sampling/scratch/trees/pol/RAxML_bipartitionsBranchLabels.sample.107

Overall execution time for full ML analysis: 378.013339 secs or 0.105004 hours or 0.004375 days

