srun: job 262644 queued and waiting for resources
srun: job 262644 has been allocated resources
Warning, you specified a working directory via "-w"
Keep in mind that RAxML only accepts absolute path names, not relative ones!

RAxML can't, parse the alignment file as phylip file 
it will now try to parse it as FASTA file



Using BFGS method to optimize GTR rate parameters, to disable this specify "--no-bfgs" 


This is the RAxML Master Pthread

This is RAxML Worker Pthread Number: 3

This is RAxML Worker Pthread Number: 4

This is RAxML Worker Pthread Number: 2

This is RAxML Worker Pthread Number: 1

This is RAxML Worker Pthread Number: 5

This is RAxML Worker Pthread Number: 6

This is RAxML Worker Pthread Number: 8

This is RAxML Worker Pthread Number: 9

This is RAxML Worker Pthread Number: 10

This is RAxML Worker Pthread Number: 12

This is RAxML Worker Pthread Number: 11

This is RAxML Worker Pthread Number: 7

This is RAxML Worker Pthread Number: 13

This is RAxML Worker Pthread Number: 15

This is RAxML Worker Pthread Number: 14

This is RAxML Worker Pthread Number: 16

This is RAxML Worker Pthread Number: 17

This is RAxML Worker Pthread Number: 18

This is RAxML Worker Pthread Number: 19


This is RAxML version 8.2.12 released by Alexandros Stamatakis on May 2018.

With greatly appreciated code contributions by:
Andre Aberer      (HITS)
Simon Berger      (HITS)
Alexey Kozlov     (HITS)
Kassian Kobert    (HITS)
David Dao         (KIT and HITS)
Sarah Lutteropp   (KIT and HITS)
Nick Pattengale   (Sandia)
Wayne Pfeiffer    (SDSC)
Akifumi S. Tanabe (NRIFS)
Charlie Taylor    (UF)


Alignment has 1184 distinct alignment patterns

Proportion of gaps and completely undetermined characters in this alignment: 5.95%

RAxML rapid bootstrapping and subsequent ML search

Using 1 distinct models/data partitions with joint branch length optimization



Executing 100 rapid bootstrap inferences and thereafter a thorough ML search 

All free model parameters will be estimated by RAxML
GAMMA model of rate heterogeneity, ML estimate of alpha-parameter

GAMMA Model parameters will be estimated up to an accuracy of 0.1000000000 Log Likelihood units

Partition: 0
Alignment Patterns: 1184
Name: No Name Provided
DataType: DNA
Substitution Matrix: GTR




RAxML was called as follows:

raxmlHPC-PTHREADS-AVX -T 20 -s scratch/aligned/pol/sample.490.fa -p 7343996645 -x 7343996645 -f a -N 100 -m GTRGAMMA -w /gpfs_home/mhowison/code/hiv-profile-sampling/scratch/trees/pol -n sample.490 



Time for BS model parameter optimization 0.051112
Bootstrap[0]: Time 0.635111 seconds, bootstrap likelihood -20136.822963, best rearrangement setting 12
Bootstrap[1]: Time 0.414743 seconds, bootstrap likelihood -20478.154715, best rearrangement setting 5
Bootstrap[2]: Time 0.529532 seconds, bootstrap likelihood -20337.692736, best rearrangement setting 14
Bootstrap[3]: Time 0.403100 seconds, bootstrap likelihood -20761.895248, best rearrangement setting 5
Bootstrap[4]: Time 0.379626 seconds, bootstrap likelihood -20035.530870, best rearrangement setting 5
Bootstrap[5]: Time 0.533712 seconds, bootstrap likelihood -20018.435228, best rearrangement setting 8
Bootstrap[6]: Time 0.467415 seconds, bootstrap likelihood -20556.971492, best rearrangement setting 15
Bootstrap[7]: Time 0.510235 seconds, bootstrap likelihood -20535.096526, best rearrangement setting 12
Bootstrap[8]: Time 0.447667 seconds, bootstrap likelihood -19919.503058, best rearrangement setting 5
Bootstrap[9]: Time 0.668273 seconds, bootstrap likelihood -20434.135660, best rearrangement setting 14
Bootstrap[10]: Time 0.776491 seconds, bootstrap likelihood -20721.165134, best rearrangement setting 7
Bootstrap[11]: Time 0.464328 seconds, bootstrap likelihood -20403.862018, best rearrangement setting 6
Bootstrap[12]: Time 0.445968 seconds, bootstrap likelihood -19916.385818, best rearrangement setting 14
Bootstrap[13]: Time 0.518739 seconds, bootstrap likelihood -20418.642889, best rearrangement setting 8
Bootstrap[14]: Time 0.511915 seconds, bootstrap likelihood -20345.364298, best rearrangement setting 13
Bootstrap[15]: Time 0.490744 seconds, bootstrap likelihood -20601.464183, best rearrangement setting 7
Bootstrap[16]: Time 0.433748 seconds, bootstrap likelihood -20974.901433, best rearrangement setting 6
Bootstrap[17]: Time 0.392534 seconds, bootstrap likelihood -20434.775144, best rearrangement setting 5
Bootstrap[18]: Time 0.543062 seconds, bootstrap likelihood -20873.978743, best rearrangement setting 15
Bootstrap[19]: Time 0.543072 seconds, bootstrap likelihood -20079.246928, best rearrangement setting 10
Bootstrap[20]: Time 0.547184 seconds, bootstrap likelihood -20085.906594, best rearrangement setting 9
Bootstrap[21]: Time 0.404756 seconds, bootstrap likelihood -20466.726017, best rearrangement setting 5
Bootstrap[22]: Time 0.558847 seconds, bootstrap likelihood -21513.404868, best rearrangement setting 12
Bootstrap[23]: Time 0.413036 seconds, bootstrap likelihood -20435.760905, best rearrangement setting 6
Bootstrap[24]: Time 0.511335 seconds, bootstrap likelihood -20415.167335, best rearrangement setting 8
Bootstrap[25]: Time 0.493090 seconds, bootstrap likelihood -19837.390621, best rearrangement setting 10
Bootstrap[26]: Time 0.469416 seconds, bootstrap likelihood -20179.968911, best rearrangement setting 12
Bootstrap[27]: Time 0.498493 seconds, bootstrap likelihood -20269.607652, best rearrangement setting 6
Bootstrap[28]: Time 0.576109 seconds, bootstrap likelihood -20786.468108, best rearrangement setting 10
Bootstrap[29]: Time 0.513802 seconds, bootstrap likelihood -20615.827078, best rearrangement setting 9
Bootstrap[30]: Time 0.479147 seconds, bootstrap likelihood -20021.030574, best rearrangement setting 13
Bootstrap[31]: Time 0.588846 seconds, bootstrap likelihood -21044.808937, best rearrangement setting 8
Bootstrap[32]: Time 0.525975 seconds, bootstrap likelihood -19742.441111, best rearrangement setting 13
Bootstrap[33]: Time 0.547862 seconds, bootstrap likelihood -20893.803064, best rearrangement setting 9
Bootstrap[34]: Time 0.436853 seconds, bootstrap likelihood -20394.351666, best rearrangement setting 6
Bootstrap[35]: Time 0.451864 seconds, bootstrap likelihood -21097.652463, best rearrangement setting 9
Bootstrap[36]: Time 0.508888 seconds, bootstrap likelihood -19817.801982, best rearrangement setting 10
Bootstrap[37]: Time 0.523118 seconds, bootstrap likelihood -20396.988705, best rearrangement setting 12
Bootstrap[38]: Time 0.504142 seconds, bootstrap likelihood -20512.431651, best rearrangement setting 9
Bootstrap[39]: Time 0.807788 seconds, bootstrap likelihood -20136.682302, best rearrangement setting 8
Bootstrap[40]: Time 0.464705 seconds, bootstrap likelihood -21276.519566, best rearrangement setting 15
Bootstrap[41]: Time 0.535293 seconds, bootstrap likelihood -20226.944866, best rearrangement setting 6
Bootstrap[42]: Time 0.441260 seconds, bootstrap likelihood -20817.844994, best rearrangement setting 6
Bootstrap[43]: Time 0.475665 seconds, bootstrap likelihood -20571.685636, best rearrangement setting 7
Bootstrap[44]: Time 0.448448 seconds, bootstrap likelihood -20189.314632, best rearrangement setting 13
Bootstrap[45]: Time 0.461075 seconds, bootstrap likelihood -19936.502324, best rearrangement setting 9
Bootstrap[46]: Time 0.576739 seconds, bootstrap likelihood -19961.610039, best rearrangement setting 7
Bootstrap[47]: Time 0.482993 seconds, bootstrap likelihood -20432.157776, best rearrangement setting 7
Bootstrap[48]: Time 0.492246 seconds, bootstrap likelihood -20261.754179, best rearrangement setting 5
Bootstrap[49]: Time 0.488973 seconds, bootstrap likelihood -20510.707451, best rearrangement setting 10
Bootstrap[50]: Time 0.490241 seconds, bootstrap likelihood -21032.609123, best rearrangement setting 13
Bootstrap[51]: Time 0.489527 seconds, bootstrap likelihood -20557.264968, best rearrangement setting 12
Bootstrap[52]: Time 0.456290 seconds, bootstrap likelihood -19599.312537, best rearrangement setting 7
Bootstrap[53]: Time 0.495455 seconds, bootstrap likelihood -20021.013544, best rearrangement setting 11
Bootstrap[54]: Time 0.508391 seconds, bootstrap likelihood -20421.856242, best rearrangement setting 11
Bootstrap[55]: Time 0.565203 seconds, bootstrap likelihood -20172.377722, best rearrangement setting 10
Bootstrap[56]: Time 0.428417 seconds, bootstrap likelihood -20642.252331, best rearrangement setting 14
Bootstrap[57]: Time 0.899154 seconds, bootstrap likelihood -20952.768171, best rearrangement setting 11
Bootstrap[58]: Time 0.488516 seconds, bootstrap likelihood -20138.716113, best rearrangement setting 11
Bootstrap[59]: Time 0.416782 seconds, bootstrap likelihood -20173.680366, best rearrangement setting 5
Bootstrap[60]: Time 0.527766 seconds, bootstrap likelihood -20616.187506, best rearrangement setting 8
Bootstrap[61]: Time 0.523359 seconds, bootstrap likelihood -19871.474646, best rearrangement setting 10
Bootstrap[62]: Time 0.466318 seconds, bootstrap likelihood -20525.269136, best rearrangement setting 6
Bootstrap[63]: Time 0.443685 seconds, bootstrap likelihood -20122.268654, best rearrangement setting 15
Bootstrap[64]: Time 0.598336 seconds, bootstrap likelihood -20337.625459, best rearrangement setting 12
Bootstrap[65]: Time 0.451975 seconds, bootstrap likelihood -20449.560600, best rearrangement setting 5
Bootstrap[66]: Time 0.508589 seconds, bootstrap likelihood -19958.544797, best rearrangement setting 10
Bootstrap[67]: Time 0.553648 seconds, bootstrap likelihood -20078.810335, best rearrangement setting 14
Bootstrap[68]: Time 0.897065 seconds, bootstrap likelihood -20657.835202, best rearrangement setting 14
Bootstrap[69]: Time 0.441571 seconds, bootstrap likelihood -20371.462343, best rearrangement setting 5
Bootstrap[70]: Time 0.468784 seconds, bootstrap likelihood -20020.334429, best rearrangement setting 6
Bootstrap[71]: Time 0.555167 seconds, bootstrap likelihood -20451.909672, best rearrangement setting 15
Bootstrap[72]: Time 0.481203 seconds, bootstrap likelihood -20802.385343, best rearrangement setting 8
Bootstrap[73]: Time 0.453658 seconds, bootstrap likelihood -20580.441534, best rearrangement setting 11
Bootstrap[74]: Time 0.474261 seconds, bootstrap likelihood -20475.227529, best rearrangement setting 15
Bootstrap[75]: Time 0.507384 seconds, bootstrap likelihood -20797.012620, best rearrangement setting 10
Bootstrap[76]: Time 0.479899 seconds, bootstrap likelihood -20951.044098, best rearrangement setting 5
Bootstrap[77]: Time 0.538748 seconds, bootstrap likelihood -20194.337267, best rearrangement setting 12
Bootstrap[78]: Time 0.483899 seconds, bootstrap likelihood -20347.785868, best rearrangement setting 6
Bootstrap[79]: Time 0.468265 seconds, bootstrap likelihood -21178.622144, best rearrangement setting 6
Bootstrap[80]: Time 0.519610 seconds, bootstrap likelihood -19892.945570, best rearrangement setting 6
Bootstrap[81]: Time 0.516217 seconds, bootstrap likelihood -20894.277289, best rearrangement setting 13
Bootstrap[82]: Time 0.576091 seconds, bootstrap likelihood -20376.863254, best rearrangement setting 15
Bootstrap[83]: Time 0.587914 seconds, bootstrap likelihood -20189.753382, best rearrangement setting 13
Bootstrap[84]: Time 0.516189 seconds, bootstrap likelihood -20288.999996, best rearrangement setting 8
Bootstrap[85]: Time 0.447941 seconds, bootstrap likelihood -20040.972913, best rearrangement setting 5
Bootstrap[86]: Time 0.453448 seconds, bootstrap likelihood -20724.594304, best rearrangement setting 15
Bootstrap[87]: Time 0.467401 seconds, bootstrap likelihood -20276.412003, best rearrangement setting 14
Bootstrap[88]: Time 0.441705 seconds, bootstrap likelihood -20475.565754, best rearrangement setting 9
Bootstrap[89]: Time 0.464167 seconds, bootstrap likelihood -20640.508940, best rearrangement setting 5
Bootstrap[90]: Time 0.458750 seconds, bootstrap likelihood -21079.956330, best rearrangement setting 5
Bootstrap[91]: Time 0.484277 seconds, bootstrap likelihood -20729.976042, best rearrangement setting 12
Bootstrap[92]: Time 0.436881 seconds, bootstrap likelihood -20625.883301, best rearrangement setting 5
Bootstrap[93]: Time 0.446516 seconds, bootstrap likelihood -19988.181750, best rearrangement setting 6
Bootstrap[94]: Time 0.585339 seconds, bootstrap likelihood -19877.909602, best rearrangement setting 14
Bootstrap[95]: Time 0.536248 seconds, bootstrap likelihood -20764.905855, best rearrangement setting 14
Bootstrap[96]: Time 0.559692 seconds, bootstrap likelihood -20430.730930, best rearrangement setting 11
Bootstrap[97]: Time 0.841350 seconds, bootstrap likelihood -20120.356273, best rearrangement setting 14
Bootstrap[98]: Time 0.817464 seconds, bootstrap likelihood -21200.744920, best rearrangement setting 12
Bootstrap[99]: Time 0.500355 seconds, bootstrap likelihood -19520.287726, best rearrangement setting 13


Overall Time for 100 Rapid Bootstraps 51.596656 seconds
Average Time per Rapid Bootstrap 0.515967 seconds

Starting ML Search ...

Fast ML optimization finished

Fast ML search Time: 36.819826 seconds

Slow ML Search 0 Likelihood: -20578.530532
Slow ML Search 1 Likelihood: -20578.530532
Slow ML Search 2 Likelihood: -20580.955520
Slow ML Search 3 Likelihood: -20581.255205
Slow ML Search 4 Likelihood: -20581.255205
Slow ML Search 5 Likelihood: -20582.016156
Slow ML Search 6 Likelihood: -20582.777809
Slow ML Search 7 Likelihood: -20582.777809
Slow ML Search 8 Likelihood: -20582.858131
Slow ML Search 9 Likelihood: -20582.858131
Slow ML optimization finished

Slow ML search Time: 9.287794 seconds
Thorough ML search Time: 1.066719 seconds

Final ML Optimization Likelihood: -20578.530534

Model Information:

Model Parameters of Partition 0, Name: No Name Provided, Type of Data: DNA
alpha: 0.303196
Tree-Length: 1.522571
rate A <-> C: 2.492756
rate A <-> G: 9.288914
rate A <-> T: 1.047522
rate C <-> G: 1.076030
rate C <-> T: 11.674873
rate G <-> T: 1.000000

freq pi(A): 0.389985
freq pi(C): 0.166045
freq pi(G): 0.227429
freq pi(T): 0.216540


ML search took 47.192862 secs or 0.013109 hours

Combined Bootstrap and ML search took 98.789648 secs or 0.027442 hours

Drawing Bootstrap Support Values on best-scoring ML tree ...



Found 1 tree in File /gpfs_home/mhowison/code/hiv-profile-sampling/scratch/trees/pol/RAxML_bestTree.sample.490



Found 1 tree in File /gpfs_home/mhowison/code/hiv-profile-sampling/scratch/trees/pol/RAxML_bestTree.sample.490

Program execution info written to /gpfs_home/mhowison/code/hiv-profile-sampling/scratch/trees/pol/RAxML_info.sample.490
All 100 bootstrapped trees written to: /gpfs_home/mhowison/code/hiv-profile-sampling/scratch/trees/pol/RAxML_bootstrap.sample.490

Best-scoring ML tree written to: /gpfs_home/mhowison/code/hiv-profile-sampling/scratch/trees/pol/RAxML_bestTree.sample.490

Best-scoring ML tree with support values written to: /gpfs_home/mhowison/code/hiv-profile-sampling/scratch/trees/pol/RAxML_bipartitions.sample.490

Best-scoring ML tree with support values as branch labels written to: /gpfs_home/mhowison/code/hiv-profile-sampling/scratch/trees/pol/RAxML_bipartitionsBranchLabels.sample.490

Overall execution time for full ML analysis: 98.796977 secs or 0.027444 hours or 0.001143 days

