srun: job 262710 queued and waiting for resources
srun: job 262710 has been allocated resources
Warning, you specified a working directory via "-w"
Keep in mind that RAxML only accepts absolute path names, not relative ones!

RAxML can't, parse the alignment file as phylip file 
it will now try to parse it as FASTA file



Using BFGS method to optimize GTR rate parameters, to disable this specify "--no-bfgs" 


This is the RAxML Master Pthread

This is RAxML Worker Pthread Number: 4

This is RAxML Worker Pthread Number: 1

This is RAxML Worker Pthread Number: 3

This is RAxML Worker Pthread Number: 5

This is RAxML Worker Pthread Number: 2

This is RAxML Worker Pthread Number: 6

This is RAxML Worker Pthread Number: 7

This is RAxML Worker Pthread Number: 8

This is RAxML Worker Pthread Number: 9

This is RAxML Worker Pthread Number: 10

This is RAxML Worker Pthread Number: 11

This is RAxML Worker Pthread Number: 12

This is RAxML Worker Pthread Number: 14

This is RAxML Worker Pthread Number: 13

This is RAxML Worker Pthread Number: 15

This is RAxML Worker Pthread Number: 16

This is RAxML Worker Pthread Number: 17

This is RAxML Worker Pthread Number: 19

This is RAxML Worker Pthread Number: 18


This is RAxML version 8.2.12 released by Alexandros Stamatakis on May 2018.

With greatly appreciated code contributions by:
Andre Aberer      (HITS)
Simon Berger      (HITS)
Alexey Kozlov     (HITS)
Kassian Kobert    (HITS)
David Dao         (KIT and HITS)
Sarah Lutteropp   (KIT and HITS)
Nick Pattengale   (Sandia)
Wayne Pfeiffer    (SDSC)
Akifumi S. Tanabe (NRIFS)
Charlie Taylor    (UF)


Alignment has 1177 distinct alignment patterns

Proportion of gaps and completely undetermined characters in this alignment: 5.94%

RAxML rapid bootstrapping and subsequent ML search

Using 1 distinct models/data partitions with joint branch length optimization



Executing 100 rapid bootstrap inferences and thereafter a thorough ML search 

All free model parameters will be estimated by RAxML
GAMMA model of rate heterogeneity, ML estimate of alpha-parameter

GAMMA Model parameters will be estimated up to an accuracy of 0.1000000000 Log Likelihood units

Partition: 0
Alignment Patterns: 1177
Name: No Name Provided
DataType: DNA
Substitution Matrix: GTR




RAxML was called as follows:

raxmlHPC-PTHREADS-AVX -T 20 -s scratch/aligned/pol/sample.89.fa -p 4841681600 -x 4841681600 -f a -N 100 -m GTRGAMMA -w /gpfs_home/mhowison/code/hiv-profile-sampling/scratch/trees/pol -n sample.89 



Time for BS model parameter optimization 0.057074
Bootstrap[0]: Time 0.724044 seconds, bootstrap likelihood -20520.455155, best rearrangement setting 10
Bootstrap[1]: Time 1.093512 seconds, bootstrap likelihood -20565.843518, best rearrangement setting 14
Bootstrap[2]: Time 0.738969 seconds, bootstrap likelihood -20707.682893, best rearrangement setting 11
Bootstrap[3]: Time 0.653334 seconds, bootstrap likelihood -21108.691778, best rearrangement setting 12
Bootstrap[4]: Time 0.549114 seconds, bootstrap likelihood -20441.989888, best rearrangement setting 7
Bootstrap[5]: Time 0.714169 seconds, bootstrap likelihood -19886.438016, best rearrangement setting 8
Bootstrap[6]: Time 0.657036 seconds, bootstrap likelihood -20343.598761, best rearrangement setting 6
Bootstrap[7]: Time 0.661548 seconds, bootstrap likelihood -20267.610294, best rearrangement setting 14
Bootstrap[8]: Time 0.565298 seconds, bootstrap likelihood -20154.541206, best rearrangement setting 6
Bootstrap[9]: Time 0.594214 seconds, bootstrap likelihood -21366.563600, best rearrangement setting 6
Bootstrap[10]: Time 0.539486 seconds, bootstrap likelihood -20483.156126, best rearrangement setting 5
Bootstrap[11]: Time 0.818925 seconds, bootstrap likelihood -20558.495503, best rearrangement setting 13
Bootstrap[12]: Time 0.646689 seconds, bootstrap likelihood -20746.621735, best rearrangement setting 12
Bootstrap[13]: Time 0.547113 seconds, bootstrap likelihood -20441.455534, best rearrangement setting 6
Bootstrap[14]: Time 0.645132 seconds, bootstrap likelihood -20664.889331, best rearrangement setting 11
Bootstrap[15]: Time 0.580515 seconds, bootstrap likelihood -21700.221504, best rearrangement setting 6
Bootstrap[16]: Time 0.611098 seconds, bootstrap likelihood -20272.975895, best rearrangement setting 11
Bootstrap[17]: Time 1.018017 seconds, bootstrap likelihood -21185.879053, best rearrangement setting 13
Bootstrap[18]: Time 0.587369 seconds, bootstrap likelihood -20307.640442, best rearrangement setting 5
Bootstrap[19]: Time 0.619568 seconds, bootstrap likelihood -20609.026299, best rearrangement setting 9
Bootstrap[20]: Time 0.549892 seconds, bootstrap likelihood -20621.775383, best rearrangement setting 12
Bootstrap[21]: Time 0.604378 seconds, bootstrap likelihood -20773.422031, best rearrangement setting 15
Bootstrap[22]: Time 0.588985 seconds, bootstrap likelihood -20516.020137, best rearrangement setting 13
Bootstrap[23]: Time 0.502389 seconds, bootstrap likelihood -20605.549422, best rearrangement setting 5
Bootstrap[24]: Time 1.021273 seconds, bootstrap likelihood -20465.798816, best rearrangement setting 9
Bootstrap[25]: Time 0.659222 seconds, bootstrap likelihood -20573.797328, best rearrangement setting 14
Bootstrap[26]: Time 0.558041 seconds, bootstrap likelihood -20583.238490, best rearrangement setting 6
Bootstrap[27]: Time 0.771989 seconds, bootstrap likelihood -20691.886832, best rearrangement setting 13
Bootstrap[28]: Time 0.687735 seconds, bootstrap likelihood -19689.785789, best rearrangement setting 10
Bootstrap[29]: Time 0.501259 seconds, bootstrap likelihood -21117.160024, best rearrangement setting 5
Bootstrap[30]: Time 0.670411 seconds, bootstrap likelihood -20374.725599, best rearrangement setting 13
Bootstrap[31]: Time 0.660789 seconds, bootstrap likelihood -20698.270840, best rearrangement setting 14
Bootstrap[32]: Time 0.688920 seconds, bootstrap likelihood -20490.706454, best rearrangement setting 9
Bootstrap[33]: Time 0.632839 seconds, bootstrap likelihood -21185.426801, best rearrangement setting 13
Bootstrap[34]: Time 0.609373 seconds, bootstrap likelihood -21040.787239, best rearrangement setting 10
Bootstrap[35]: Time 0.641861 seconds, bootstrap likelihood -21459.291286, best rearrangement setting 12
Bootstrap[36]: Time 0.602331 seconds, bootstrap likelihood -20187.746578, best rearrangement setting 7
Bootstrap[37]: Time 0.617515 seconds, bootstrap likelihood -20642.509796, best rearrangement setting 7
Bootstrap[38]: Time 0.757303 seconds, bootstrap likelihood -20545.605084, best rearrangement setting 11
Bootstrap[39]: Time 0.670430 seconds, bootstrap likelihood -20822.216028, best rearrangement setting 10
Bootstrap[40]: Time 0.567978 seconds, bootstrap likelihood -20487.403200, best rearrangement setting 5
Bootstrap[41]: Time 0.749516 seconds, bootstrap likelihood -20578.092435, best rearrangement setting 8
Bootstrap[42]: Time 0.669032 seconds, bootstrap likelihood -21321.775790, best rearrangement setting 7
Bootstrap[43]: Time 0.620002 seconds, bootstrap likelihood -20540.705132, best rearrangement setting 10
Bootstrap[44]: Time 0.669763 seconds, bootstrap likelihood -20884.075136, best rearrangement setting 11
Bootstrap[45]: Time 0.590295 seconds, bootstrap likelihood -20249.827014, best rearrangement setting 12
Bootstrap[46]: Time 0.598893 seconds, bootstrap likelihood -20331.760587, best rearrangement setting 12
Bootstrap[47]: Time 0.967844 seconds, bootstrap likelihood -20079.415681, best rearrangement setting 6
Bootstrap[48]: Time 0.474758 seconds, bootstrap likelihood -20253.538566, best rearrangement setting 5
Bootstrap[49]: Time 0.586606 seconds, bootstrap likelihood -20116.029070, best rearrangement setting 9
Bootstrap[50]: Time 0.579964 seconds, bootstrap likelihood -20603.251494, best rearrangement setting 7
Bootstrap[51]: Time 0.655916 seconds, bootstrap likelihood -20305.098754, best rearrangement setting 11
Bootstrap[52]: Time 0.603973 seconds, bootstrap likelihood -20532.398323, best rearrangement setting 7
Bootstrap[53]: Time 0.607479 seconds, bootstrap likelihood -20399.195890, best rearrangement setting 7
Bootstrap[54]: Time 0.543332 seconds, bootstrap likelihood -20714.120833, best rearrangement setting 5
Bootstrap[55]: Time 0.701657 seconds, bootstrap likelihood -21681.828525, best rearrangement setting 10
Bootstrap[56]: Time 0.756111 seconds, bootstrap likelihood -20482.576287, best rearrangement setting 15
Bootstrap[57]: Time 0.715291 seconds, bootstrap likelihood -20181.733975, best rearrangement setting 10
Bootstrap[58]: Time 0.556459 seconds, bootstrap likelihood -20401.482432, best rearrangement setting 10
Bootstrap[59]: Time 0.652095 seconds, bootstrap likelihood -20068.710175, best rearrangement setting 9
Bootstrap[60]: Time 0.629528 seconds, bootstrap likelihood -19873.936618, best rearrangement setting 9
Bootstrap[61]: Time 0.603333 seconds, bootstrap likelihood -20545.966690, best rearrangement setting 9
Bootstrap[62]: Time 0.591324 seconds, bootstrap likelihood -20313.474608, best rearrangement setting 10
Bootstrap[63]: Time 1.051759 seconds, bootstrap likelihood -20186.700706, best rearrangement setting 10
Bootstrap[64]: Time 0.644969 seconds, bootstrap likelihood -20694.911940, best rearrangement setting 9
Bootstrap[65]: Time 0.584347 seconds, bootstrap likelihood -21330.790923, best rearrangement setting 5
Bootstrap[66]: Time 0.687433 seconds, bootstrap likelihood -20305.845362, best rearrangement setting 10
Bootstrap[67]: Time 0.692653 seconds, bootstrap likelihood -20368.472537, best rearrangement setting 13
Bootstrap[68]: Time 0.671971 seconds, bootstrap likelihood -20883.930061, best rearrangement setting 6
Bootstrap[69]: Time 1.094612 seconds, bootstrap likelihood -19875.954585, best rearrangement setting 6
Bootstrap[70]: Time 0.571208 seconds, bootstrap likelihood -20583.272437, best rearrangement setting 7
Bootstrap[71]: Time 0.576230 seconds, bootstrap likelihood -20621.724541, best rearrangement setting 15
Bootstrap[72]: Time 0.618132 seconds, bootstrap likelihood -20293.077959, best rearrangement setting 14
Bootstrap[73]: Time 0.510863 seconds, bootstrap likelihood -20350.439348, best rearrangement setting 5
Bootstrap[74]: Time 0.571906 seconds, bootstrap likelihood -20814.202218, best rearrangement setting 5
Bootstrap[75]: Time 0.606550 seconds, bootstrap likelihood -20679.710877, best rearrangement setting 11
Bootstrap[76]: Time 0.583032 seconds, bootstrap likelihood -20441.912854, best rearrangement setting 6
Bootstrap[77]: Time 0.615479 seconds, bootstrap likelihood -20635.756412, best rearrangement setting 13
Bootstrap[78]: Time 0.548131 seconds, bootstrap likelihood -20545.889887, best rearrangement setting 8
Bootstrap[79]: Time 0.643398 seconds, bootstrap likelihood -20591.895305, best rearrangement setting 10
Bootstrap[80]: Time 0.545147 seconds, bootstrap likelihood -21056.998837, best rearrangement setting 5
Bootstrap[81]: Time 0.733149 seconds, bootstrap likelihood -20230.531279, best rearrangement setting 12
Bootstrap[82]: Time 0.733937 seconds, bootstrap likelihood -21026.421995, best rearrangement setting 8
Bootstrap[83]: Time 0.712116 seconds, bootstrap likelihood -20275.566624, best rearrangement setting 14
Bootstrap[84]: Time 0.564281 seconds, bootstrap likelihood -20357.957645, best rearrangement setting 5
Bootstrap[85]: Time 0.676796 seconds, bootstrap likelihood -20596.228577, best rearrangement setting 10
Bootstrap[86]: Time 0.615346 seconds, bootstrap likelihood -19833.288847, best rearrangement setting 6
Bootstrap[87]: Time 0.680402 seconds, bootstrap likelihood -20767.489442, best rearrangement setting 12
Bootstrap[88]: Time 0.653897 seconds, bootstrap likelihood -20427.921541, best rearrangement setting 8
Bootstrap[89]: Time 0.732678 seconds, bootstrap likelihood -20542.129180, best rearrangement setting 11
Bootstrap[90]: Time 0.685992 seconds, bootstrap likelihood -20734.535774, best rearrangement setting 13
Bootstrap[91]: Time 0.550094 seconds, bootstrap likelihood -20397.369525, best rearrangement setting 15
Bootstrap[92]: Time 0.849451 seconds, bootstrap likelihood -21334.990072, best rearrangement setting 13
Bootstrap[93]: Time 0.930066 seconds, bootstrap likelihood -20793.075011, best rearrangement setting 14
Bootstrap[94]: Time 0.744347 seconds, bootstrap likelihood -20332.949588, best rearrangement setting 14
Bootstrap[95]: Time 0.567722 seconds, bootstrap likelihood -20827.964233, best rearrangement setting 5
Bootstrap[96]: Time 0.726521 seconds, bootstrap likelihood -20472.953384, best rearrangement setting 9
Bootstrap[97]: Time 0.563926 seconds, bootstrap likelihood -20929.567832, best rearrangement setting 8
Bootstrap[98]: Time 0.610576 seconds, bootstrap likelihood -20363.545531, best rearrangement setting 8
Bootstrap[99]: Time 0.711565 seconds, bootstrap likelihood -20153.986770, best rearrangement setting 7


Overall Time for 100 Rapid Bootstraps 66.156045 seconds
Average Time per Rapid Bootstrap 0.661560 seconds

Starting ML Search ...

Fast ML optimization finished

Fast ML search Time: 59.401375 seconds

Slow ML Search 0 Likelihood: -20632.951804
Slow ML Search 1 Likelihood: -20632.951896
Slow ML Search 2 Likelihood: -20632.951897
Slow ML Search 3 Likelihood: -20632.952933
Slow ML Search 4 Likelihood: -20632.953491
Slow ML Search 5 Likelihood: -20633.262776
Slow ML Search 6 Likelihood: -20634.115425
Slow ML Search 7 Likelihood: -20634.115425
Slow ML Search 8 Likelihood: -20634.115424
Slow ML Search 9 Likelihood: -20634.115424
Slow ML optimization finished

Slow ML search Time: 9.738570 seconds
Thorough ML search Time: 1.793539 seconds

Final ML Optimization Likelihood: -20632.951803

Model Information:

Model Parameters of Partition 0, Name: No Name Provided, Type of Data: DNA
alpha: 0.307439
Tree-Length: 1.584902
rate A <-> C: 2.444532
rate A <-> G: 9.397119
rate A <-> T: 1.002900
rate C <-> G: 1.004083
rate C <-> T: 11.359664
rate G <-> T: 1.000000

freq pi(A): 0.389932
freq pi(C): 0.165916
freq pi(G): 0.227543
freq pi(T): 0.216608


ML search took 70.939368 secs or 0.019705 hours

Combined Bootstrap and ML search took 137.095547 secs or 0.038082 hours

Drawing Bootstrap Support Values on best-scoring ML tree ...



Found 1 tree in File /gpfs_home/mhowison/code/hiv-profile-sampling/scratch/trees/pol/RAxML_bestTree.sample.89



Found 1 tree in File /gpfs_home/mhowison/code/hiv-profile-sampling/scratch/trees/pol/RAxML_bestTree.sample.89

Program execution info written to /gpfs_home/mhowison/code/hiv-profile-sampling/scratch/trees/pol/RAxML_info.sample.89
All 100 bootstrapped trees written to: /gpfs_home/mhowison/code/hiv-profile-sampling/scratch/trees/pol/RAxML_bootstrap.sample.89

Best-scoring ML tree written to: /gpfs_home/mhowison/code/hiv-profile-sampling/scratch/trees/pol/RAxML_bestTree.sample.89

Best-scoring ML tree with support values written to: /gpfs_home/mhowison/code/hiv-profile-sampling/scratch/trees/pol/RAxML_bipartitions.sample.89

Best-scoring ML tree with support values as branch labels written to: /gpfs_home/mhowison/code/hiv-profile-sampling/scratch/trees/pol/RAxML_bipartitionsBranchLabels.sample.89

Overall execution time for full ML analysis: 137.099615 secs or 0.038083 hours or 0.001587 days

