srun: job 262251 queued and waiting for resources
srun: job 262251 has been allocated resources
Warning, you specified a working directory via "-w"
Keep in mind that RAxML only accepts absolute path names, not relative ones!

RAxML can't, parse the alignment file as phylip file 
it will now try to parse it as FASTA file



Using BFGS method to optimize GTR rate parameters, to disable this specify "--no-bfgs" 


This is the RAxML Master Pthread

This is RAxML Worker Pthread Number: 4

This is RAxML Worker Pthread Number: 1

This is RAxML Worker Pthread Number: 3

This is RAxML Worker Pthread Number: 2

This is RAxML Worker Pthread Number: 6

This is RAxML Worker Pthread Number: 5

This is RAxML Worker Pthread Number: 7

This is RAxML Worker Pthread Number: 8

This is RAxML Worker Pthread Number: 9

This is RAxML Worker Pthread Number: 10

This is RAxML Worker Pthread Number: 13

This is RAxML Worker Pthread Number: 11

This is RAxML Worker Pthread Number: 12

This is RAxML Worker Pthread Number: 14

This is RAxML Worker Pthread Number: 15

This is RAxML Worker Pthread Number: 16

This is RAxML Worker Pthread Number: 18

This is RAxML Worker Pthread Number: 19

This is RAxML Worker Pthread Number: 17


This is RAxML version 8.2.12 released by Alexandros Stamatakis on May 2018.

With greatly appreciated code contributions by:
Andre Aberer      (HITS)
Simon Berger      (HITS)
Alexey Kozlov     (HITS)
Kassian Kobert    (HITS)
David Dao         (KIT and HITS)
Sarah Lutteropp   (KIT and HITS)
Nick Pattengale   (Sandia)
Wayne Pfeiffer    (SDSC)
Akifumi S. Tanabe (NRIFS)
Charlie Taylor    (UF)


Alignment has 1175 distinct alignment patterns

Proportion of gaps and completely undetermined characters in this alignment: 5.94%

RAxML rapid bootstrapping and subsequent ML search

Using 1 distinct models/data partitions with joint branch length optimization



Executing 100 rapid bootstrap inferences and thereafter a thorough ML search 

All free model parameters will be estimated by RAxML
GAMMA model of rate heterogeneity, ML estimate of alpha-parameter

GAMMA Model parameters will be estimated up to an accuracy of 0.1000000000 Log Likelihood units

Partition: 0
Alignment Patterns: 1175
Name: No Name Provided
DataType: DNA
Substitution Matrix: GTR




RAxML was called as follows:

raxmlHPC-PTHREADS-AVX -T 20 -s scratch/aligned/pol/sample.442.fa -p 2532526367 -x 2532526367 -f a -N 100 -m GTRGAMMA -w /gpfs_home/mhowison/code/hiv-profile-sampling/scratch/trees/pol -n sample.442 



Time for BS model parameter optimization 0.052278
Bootstrap[0]: Time 2.315158 seconds, bootstrap likelihood -21033.376236, best rearrangement setting 13
Bootstrap[1]: Time 0.583436 seconds, bootstrap likelihood -20757.344619, best rearrangement setting 14
Bootstrap[2]: Time 0.514736 seconds, bootstrap likelihood -21701.590855, best rearrangement setting 9
Bootstrap[3]: Time 0.542400 seconds, bootstrap likelihood -20122.803500, best rearrangement setting 12
Bootstrap[4]: Time 0.586352 seconds, bootstrap likelihood -20036.192881, best rearrangement setting 10
Bootstrap[5]: Time 7.991970 seconds, bootstrap likelihood -20477.867248, best rearrangement setting 13
Bootstrap[6]: Time 0.522651 seconds, bootstrap likelihood -20248.764730, best rearrangement setting 9
Bootstrap[7]: Time 0.574034 seconds, bootstrap likelihood -20610.004332, best rearrangement setting 15
Bootstrap[8]: Time 0.527947 seconds, bootstrap likelihood -21158.992015, best rearrangement setting 12
Bootstrap[9]: Time 0.552931 seconds, bootstrap likelihood -20572.666266, best rearrangement setting 12
Bootstrap[10]: Time 0.511363 seconds, bootstrap likelihood -20651.484522, best rearrangement setting 14
Bootstrap[11]: Time 0.533736 seconds, bootstrap likelihood -20883.729238, best rearrangement setting 8
Bootstrap[12]: Time 0.617591 seconds, bootstrap likelihood -20256.681775, best rearrangement setting 11
Bootstrap[13]: Time 0.629166 seconds, bootstrap likelihood -20925.650284, best rearrangement setting 15
Bootstrap[14]: Time 0.553365 seconds, bootstrap likelihood -20105.150983, best rearrangement setting 15
Bootstrap[15]: Time 0.640227 seconds, bootstrap likelihood -20367.268332, best rearrangement setting 15
Bootstrap[16]: Time 0.576516 seconds, bootstrap likelihood -20771.087905, best rearrangement setting 14
Bootstrap[17]: Time 0.626506 seconds, bootstrap likelihood -20603.023897, best rearrangement setting 13
Bootstrap[18]: Time 1.452182 seconds, bootstrap likelihood -20534.269513, best rearrangement setting 12
Bootstrap[19]: Time 0.509114 seconds, bootstrap likelihood -20289.866076, best rearrangement setting 6
Bootstrap[20]: Time 0.439397 seconds, bootstrap likelihood -20070.112833, best rearrangement setting 5
Bootstrap[21]: Time 0.547316 seconds, bootstrap likelihood -21043.001893, best rearrangement setting 8
Bootstrap[22]: Time 0.541577 seconds, bootstrap likelihood -20671.783483, best rearrangement setting 11
Bootstrap[23]: Time 0.510864 seconds, bootstrap likelihood -20623.127347, best rearrangement setting 9
Bootstrap[24]: Time 0.503800 seconds, bootstrap likelihood -20146.613496, best rearrangement setting 7
Bootstrap[25]: Time 0.559736 seconds, bootstrap likelihood -20485.149640, best rearrangement setting 12
Bootstrap[26]: Time 0.586011 seconds, bootstrap likelihood -20325.806825, best rearrangement setting 9
Bootstrap[27]: Time 0.553982 seconds, bootstrap likelihood -20709.700370, best rearrangement setting 10
Bootstrap[28]: Time 0.503208 seconds, bootstrap likelihood -20502.899305, best rearrangement setting 13
Bootstrap[29]: Time 0.493013 seconds, bootstrap likelihood -19932.397472, best rearrangement setting 15
Bootstrap[30]: Time 0.617365 seconds, bootstrap likelihood -20330.436237, best rearrangement setting 9
Bootstrap[31]: Time 0.587567 seconds, bootstrap likelihood -20347.514842, best rearrangement setting 11
Bootstrap[32]: Time 0.419969 seconds, bootstrap likelihood -21102.660323, best rearrangement setting 5
Bootstrap[33]: Time 0.587477 seconds, bootstrap likelihood -20311.655468, best rearrangement setting 8
Bootstrap[34]: Time 0.627289 seconds, bootstrap likelihood -20574.568155, best rearrangement setting 15
Bootstrap[35]: Time 0.512813 seconds, bootstrap likelihood -20327.190862, best rearrangement setting 8
Bootstrap[36]: Time 0.521952 seconds, bootstrap likelihood -20422.217120, best rearrangement setting 15
Bootstrap[37]: Time 0.603441 seconds, bootstrap likelihood -20815.934393, best rearrangement setting 13
Bootstrap[38]: Time 0.557312 seconds, bootstrap likelihood -20767.213225, best rearrangement setting 7
Bootstrap[39]: Time 0.529355 seconds, bootstrap likelihood -20486.399765, best rearrangement setting 11
Bootstrap[40]: Time 0.562525 seconds, bootstrap likelihood -20811.388092, best rearrangement setting 10
Bootstrap[41]: Time 0.576882 seconds, bootstrap likelihood -20992.141297, best rearrangement setting 6
Bootstrap[42]: Time 0.657317 seconds, bootstrap likelihood -20506.779929, best rearrangement setting 9
Bootstrap[43]: Time 0.499457 seconds, bootstrap likelihood -21612.952726, best rearrangement setting 10
Bootstrap[44]: Time 3.562637 seconds, bootstrap likelihood -20834.470425, best rearrangement setting 15
Bootstrap[45]: Time 0.504423 seconds, bootstrap likelihood -20453.635642, best rearrangement setting 6
Bootstrap[46]: Time 0.552171 seconds, bootstrap likelihood -20173.267040, best rearrangement setting 9
Bootstrap[47]: Time 0.573211 seconds, bootstrap likelihood -21085.584739, best rearrangement setting 7
Bootstrap[48]: Time 0.609680 seconds, bootstrap likelihood -20374.793045, best rearrangement setting 14
Bootstrap[49]: Time 0.487139 seconds, bootstrap likelihood -20586.220181, best rearrangement setting 5
Bootstrap[50]: Time 0.568526 seconds, bootstrap likelihood -20455.548230, best rearrangement setting 10
Bootstrap[51]: Time 0.623432 seconds, bootstrap likelihood -20299.477777, best rearrangement setting 10
Bootstrap[52]: Time 0.466495 seconds, bootstrap likelihood -20028.904252, best rearrangement setting 10
Bootstrap[53]: Time 0.615819 seconds, bootstrap likelihood -20691.173011, best rearrangement setting 14
Bootstrap[54]: Time 0.452773 seconds, bootstrap likelihood -20861.474063, best rearrangement setting 5
Bootstrap[55]: Time 0.515532 seconds, bootstrap likelihood -20598.442333, best rearrangement setting 6
Bootstrap[56]: Time 0.500392 seconds, bootstrap likelihood -20472.805149, best rearrangement setting 9
Bootstrap[57]: Time 0.479993 seconds, bootstrap likelihood -19902.036083, best rearrangement setting 7
Bootstrap[58]: Time 0.564800 seconds, bootstrap likelihood -21157.412479, best rearrangement setting 8
Bootstrap[59]: Time 0.564742 seconds, bootstrap likelihood -19978.790532, best rearrangement setting 9
Bootstrap[60]: Time 0.537365 seconds, bootstrap likelihood -22029.822197, best rearrangement setting 9
Bootstrap[61]: Time 0.547415 seconds, bootstrap likelihood -20701.086058, best rearrangement setting 6
Bootstrap[62]: Time 0.481540 seconds, bootstrap likelihood -20369.418245, best rearrangement setting 5
Bootstrap[63]: Time 0.492564 seconds, bootstrap likelihood -19896.220068, best rearrangement setting 12
Bootstrap[64]: Time 0.561074 seconds, bootstrap likelihood -20346.690976, best rearrangement setting 6
Bootstrap[65]: Time 0.497871 seconds, bootstrap likelihood -20296.753076, best rearrangement setting 15
Bootstrap[66]: Time 1.132572 seconds, bootstrap likelihood -20555.636714, best rearrangement setting 9
Bootstrap[67]: Time 0.492486 seconds, bootstrap likelihood -20249.443282, best rearrangement setting 9
Bootstrap[68]: Time 0.516560 seconds, bootstrap likelihood -20405.791040, best rearrangement setting 15
Bootstrap[69]: Time 0.586386 seconds, bootstrap likelihood -20964.048692, best rearrangement setting 10
Bootstrap[70]: Time 0.474071 seconds, bootstrap likelihood -20538.429701, best rearrangement setting 7
Bootstrap[71]: Time 0.631077 seconds, bootstrap likelihood -19526.301008, best rearrangement setting 12
Bootstrap[72]: Time 0.579842 seconds, bootstrap likelihood -20281.864056, best rearrangement setting 11
Bootstrap[73]: Time 0.508567 seconds, bootstrap likelihood -21432.490573, best rearrangement setting 5
Bootstrap[74]: Time 0.501579 seconds, bootstrap likelihood -20921.451944, best rearrangement setting 9
Bootstrap[75]: Time 0.554360 seconds, bootstrap likelihood -21140.726373, best rearrangement setting 7
Bootstrap[76]: Time 0.627854 seconds, bootstrap likelihood -20229.491876, best rearrangement setting 14
Bootstrap[77]: Time 0.489067 seconds, bootstrap likelihood -20773.180145, best rearrangement setting 8
Bootstrap[78]: Time 0.565162 seconds, bootstrap likelihood -20695.217439, best rearrangement setting 12
Bootstrap[79]: Time 0.558376 seconds, bootstrap likelihood -21128.474582, best rearrangement setting 6
Bootstrap[80]: Time 0.632390 seconds, bootstrap likelihood -21320.426678, best rearrangement setting 11
Bootstrap[81]: Time 0.665511 seconds, bootstrap likelihood -21110.566513, best rearrangement setting 15
Bootstrap[82]: Time 0.574620 seconds, bootstrap likelihood -20652.828247, best rearrangement setting 7
Bootstrap[83]: Time 0.576590 seconds, bootstrap likelihood -19806.637011, best rearrangement setting 11
Bootstrap[84]: Time 0.524582 seconds, bootstrap likelihood -20692.661665, best rearrangement setting 11
Bootstrap[85]: Time 0.550586 seconds, bootstrap likelihood -20571.578470, best rearrangement setting 10
Bootstrap[86]: Time 0.547713 seconds, bootstrap likelihood -20907.869987, best rearrangement setting 7
Bootstrap[87]: Time 0.440765 seconds, bootstrap likelihood -20728.512137, best rearrangement setting 7
Bootstrap[88]: Time 0.573441 seconds, bootstrap likelihood -20582.395970, best rearrangement setting 9
Bootstrap[89]: Time 0.597867 seconds, bootstrap likelihood -20706.390147, best rearrangement setting 12
Bootstrap[90]: Time 0.540643 seconds, bootstrap likelihood -20331.152649, best rearrangement setting 7
Bootstrap[91]: Time 0.546840 seconds, bootstrap likelihood -20664.999818, best rearrangement setting 6
Bootstrap[92]: Time 0.575275 seconds, bootstrap likelihood -20925.616868, best rearrangement setting 15
Bootstrap[93]: Time 0.677858 seconds, bootstrap likelihood -21000.225917, best rearrangement setting 7
Bootstrap[94]: Time 0.615851 seconds, bootstrap likelihood -19895.921075, best rearrangement setting 15
Bootstrap[95]: Time 0.518236 seconds, bootstrap likelihood -21605.902028, best rearrangement setting 8
Bootstrap[96]: Time 0.663000 seconds, bootstrap likelihood -20453.131850, best rearrangement setting 15
Bootstrap[97]: Time 0.590721 seconds, bootstrap likelihood -20248.236510, best rearrangement setting 11
Bootstrap[98]: Time 0.532195 seconds, bootstrap likelihood -21074.813195, best rearrangement setting 14
Bootstrap[99]: Time 0.509280 seconds, bootstrap likelihood -21078.395352, best rearrangement setting 11


Overall Time for 100 Rapid Bootstraps 69.019683 seconds
Average Time per Rapid Bootstrap 0.690197 seconds

Starting ML Search ...

Fast ML optimization finished

Fast ML search Time: 56.442663 seconds

Slow ML Search 0 Likelihood: -20741.038985
Slow ML Search 1 Likelihood: -20741.039725
Slow ML Search 2 Likelihood: -20741.039725
Slow ML Search 3 Likelihood: -20742.649837
Slow ML Search 4 Likelihood: -20743.374981
Slow ML Search 5 Likelihood: -20743.390679
Slow ML Search 6 Likelihood: -20743.390681
Slow ML Search 7 Likelihood: -20744.548231
Slow ML Search 8 Likelihood: -20744.668695
Slow ML Search 9 Likelihood: -20744.967131
Slow ML optimization finished

Slow ML search Time: 11.298593 seconds
Thorough ML search Time: 1.070088 seconds

Final ML Optimization Likelihood: -20741.038985

Model Information:

Model Parameters of Partition 0, Name: No Name Provided, Type of Data: DNA
alpha: 0.305778
Tree-Length: 1.556912
rate A <-> C: 2.392447
rate A <-> G: 9.070116
rate A <-> T: 1.016594
rate C <-> G: 1.078607
rate C <-> T: 11.198437
rate G <-> T: 1.000000

freq pi(A): 0.390267
freq pi(C): 0.165983
freq pi(G): 0.227477
freq pi(T): 0.216273


ML search took 68.842638 secs or 0.019123 hours

Combined Bootstrap and ML search took 137.862455 secs or 0.038295 hours

Drawing Bootstrap Support Values on best-scoring ML tree ...



Found 1 tree in File /gpfs_home/mhowison/code/hiv-profile-sampling/scratch/trees/pol/RAxML_bestTree.sample.442



Found 1 tree in File /gpfs_home/mhowison/code/hiv-profile-sampling/scratch/trees/pol/RAxML_bestTree.sample.442

Program execution info written to /gpfs_home/mhowison/code/hiv-profile-sampling/scratch/trees/pol/RAxML_info.sample.442
All 100 bootstrapped trees written to: /gpfs_home/mhowison/code/hiv-profile-sampling/scratch/trees/pol/RAxML_bootstrap.sample.442

Best-scoring ML tree written to: /gpfs_home/mhowison/code/hiv-profile-sampling/scratch/trees/pol/RAxML_bestTree.sample.442

Best-scoring ML tree with support values written to: /gpfs_home/mhowison/code/hiv-profile-sampling/scratch/trees/pol/RAxML_bipartitions.sample.442

Best-scoring ML tree with support values as branch labels written to: /gpfs_home/mhowison/code/hiv-profile-sampling/scratch/trees/pol/RAxML_bipartitionsBranchLabels.sample.442

Overall execution time for full ML analysis: 137.866593 secs or 0.038296 hours or 0.001596 days

