srun: job 262009 queued and waiting for resources
srun: job 262009 has been allocated resources
Warning, you specified a working directory via "-w"
Keep in mind that RAxML only accepts absolute path names, not relative ones!

RAxML can't, parse the alignment file as phylip file 
it will now try to parse it as FASTA file



Using BFGS method to optimize GTR rate parameters, to disable this specify "--no-bfgs" 


This is the RAxML Master Pthread

This is RAxML Worker Pthread Number: 4

This is RAxML Worker Pthread Number: 1

This is RAxML Worker Pthread Number: 2

This is RAxML Worker Pthread Number: 3

This is RAxML Worker Pthread Number: 5

This is RAxML Worker Pthread Number: 6

This is RAxML Worker Pthread Number: 7

This is RAxML Worker Pthread Number: 8

This is RAxML Worker Pthread Number: 9

This is RAxML Worker Pthread Number: 11

This is RAxML Worker Pthread Number: 10

This is RAxML Worker Pthread Number: 12

This is RAxML Worker Pthread Number: 13

This is RAxML Worker Pthread Number: 14

This is RAxML Worker Pthread Number: 15

This is RAxML Worker Pthread Number: 17

This is RAxML Worker Pthread Number: 18

This is RAxML Worker Pthread Number: 16

This is RAxML Worker Pthread Number: 19


This is RAxML version 8.2.12 released by Alexandros Stamatakis on May 2018.

With greatly appreciated code contributions by:
Andre Aberer      (HITS)
Simon Berger      (HITS)
Alexey Kozlov     (HITS)
Kassian Kobert    (HITS)
David Dao         (KIT and HITS)
Sarah Lutteropp   (KIT and HITS)
Nick Pattengale   (Sandia)
Wayne Pfeiffer    (SDSC)
Akifumi S. Tanabe (NRIFS)
Charlie Taylor    (UF)


Alignment has 1164 distinct alignment patterns

Proportion of gaps and completely undetermined characters in this alignment: 5.95%

RAxML rapid bootstrapping and subsequent ML search

Using 1 distinct models/data partitions with joint branch length optimization



Executing 100 rapid bootstrap inferences and thereafter a thorough ML search 

All free model parameters will be estimated by RAxML
GAMMA model of rate heterogeneity, ML estimate of alpha-parameter

GAMMA Model parameters will be estimated up to an accuracy of 0.1000000000 Log Likelihood units

Partition: 0
Alignment Patterns: 1164
Name: No Name Provided
DataType: DNA
Substitution Matrix: GTR




RAxML was called as follows:

raxmlHPC-PTHREADS-AVX -T 20 -s scratch/aligned/pol/sample.306.fa -p 9684274334 -x 9684274334 -f a -N 100 -m GTRGAMMA -w /gpfs_home/mhowison/code/hiv-profile-sampling/scratch/trees/pol -n sample.306 



Time for BS model parameter optimization 0.051050
Bootstrap[0]: Time 4.366937 seconds, bootstrap likelihood -20363.525892, best rearrangement setting 5
Bootstrap[1]: Time 0.488171 seconds, bootstrap likelihood -20405.345560, best rearrangement setting 15
Bootstrap[2]: Time 0.426297 seconds, bootstrap likelihood -19930.268569, best rearrangement setting 6
Bootstrap[3]: Time 0.449563 seconds, bootstrap likelihood -20386.853352, best rearrangement setting 8
Bootstrap[4]: Time 0.487875 seconds, bootstrap likelihood -20628.133303, best rearrangement setting 11
Bootstrap[5]: Time 0.440598 seconds, bootstrap likelihood -20174.631585, best rearrangement setting 9
Bootstrap[6]: Time 0.563990 seconds, bootstrap likelihood -20228.375602, best rearrangement setting 12
Bootstrap[7]: Time 0.536938 seconds, bootstrap likelihood -20914.207510, best rearrangement setting 14
Bootstrap[8]: Time 0.523429 seconds, bootstrap likelihood -20061.218080, best rearrangement setting 14
Bootstrap[9]: Time 0.485076 seconds, bootstrap likelihood -20966.175746, best rearrangement setting 11
Bootstrap[10]: Time 0.551230 seconds, bootstrap likelihood -21390.660811, best rearrangement setting 15
Bootstrap[11]: Time 0.500189 seconds, bootstrap likelihood -20718.949266, best rearrangement setting 6
Bootstrap[12]: Time 0.565684 seconds, bootstrap likelihood -20823.530571, best rearrangement setting 15
Bootstrap[13]: Time 0.546638 seconds, bootstrap likelihood -21235.060277, best rearrangement setting 11
Bootstrap[14]: Time 0.475287 seconds, bootstrap likelihood -19792.619292, best rearrangement setting 10
Bootstrap[15]: Time 0.502295 seconds, bootstrap likelihood -20418.079668, best rearrangement setting 10
Bootstrap[16]: Time 2.323731 seconds, bootstrap likelihood -20498.280831, best rearrangement setting 6
Bootstrap[17]: Time 4.177729 seconds, bootstrap likelihood -19996.512419, best rearrangement setting 5
Bootstrap[18]: Time 0.525948 seconds, bootstrap likelihood -19720.239664, best rearrangement setting 9
Bootstrap[19]: Time 0.440189 seconds, bootstrap likelihood -20622.658669, best rearrangement setting 15
Bootstrap[20]: Time 3.884292 seconds, bootstrap likelihood -20730.870473, best rearrangement setting 8
Bootstrap[21]: Time 0.541239 seconds, bootstrap likelihood -20462.135466, best rearrangement setting 10
Bootstrap[22]: Time 0.450098 seconds, bootstrap likelihood -20618.553020, best rearrangement setting 8
Bootstrap[23]: Time 0.497691 seconds, bootstrap likelihood -19862.538862, best rearrangement setting 15
Bootstrap[24]: Time 0.590397 seconds, bootstrap likelihood -20893.090346, best rearrangement setting 14
Bootstrap[25]: Time 0.562788 seconds, bootstrap likelihood -20434.538509, best rearrangement setting 13
Bootstrap[26]: Time 0.533129 seconds, bootstrap likelihood -21280.027395, best rearrangement setting 11
Bootstrap[27]: Time 0.521912 seconds, bootstrap likelihood -20460.025851, best rearrangement setting 14
Bootstrap[28]: Time 0.673986 seconds, bootstrap likelihood -20999.987351, best rearrangement setting 11
Bootstrap[29]: Time 1.950311 seconds, bootstrap likelihood -20921.825572, best rearrangement setting 8
Bootstrap[30]: Time 0.485892 seconds, bootstrap likelihood -20283.342871, best rearrangement setting 9
Bootstrap[31]: Time 0.480471 seconds, bootstrap likelihood -20129.392472, best rearrangement setting 14
Bootstrap[32]: Time 0.581072 seconds, bootstrap likelihood -21026.591958, best rearrangement setting 10
Bootstrap[33]: Time 0.585426 seconds, bootstrap likelihood -20607.114579, best rearrangement setting 7
Bootstrap[34]: Time 7.582560 seconds, bootstrap likelihood -20480.684292, best rearrangement setting 14
Bootstrap[35]: Time 0.560308 seconds, bootstrap likelihood -20665.206174, best rearrangement setting 9
Bootstrap[36]: Time 0.977081 seconds, bootstrap likelihood -20889.720292, best rearrangement setting 5
Bootstrap[37]: Time 0.539449 seconds, bootstrap likelihood -19940.663081, best rearrangement setting 14
Bootstrap[38]: Time 0.427705 seconds, bootstrap likelihood -19922.964813, best rearrangement setting 11
Bootstrap[39]: Time 0.714855 seconds, bootstrap likelihood -20959.796090, best rearrangement setting 14
Bootstrap[40]: Time 1.672554 seconds, bootstrap likelihood -21399.374969, best rearrangement setting 15
Bootstrap[41]: Time 0.437523 seconds, bootstrap likelihood -20143.110274, best rearrangement setting 7
Bootstrap[42]: Time 0.471853 seconds, bootstrap likelihood -20456.053547, best rearrangement setting 15
Bootstrap[43]: Time 0.454082 seconds, bootstrap likelihood -20533.226444, best rearrangement setting 13
Bootstrap[44]: Time 0.496401 seconds, bootstrap likelihood -19642.219997, best rearrangement setting 6
Bootstrap[45]: Time 0.461955 seconds, bootstrap likelihood -20255.227759, best rearrangement setting 6
Bootstrap[46]: Time 0.530160 seconds, bootstrap likelihood -20410.949309, best rearrangement setting 14
Bootstrap[47]: Time 0.525620 seconds, bootstrap likelihood -19951.016810, best rearrangement setting 8
Bootstrap[48]: Time 0.535157 seconds, bootstrap likelihood -21615.633525, best rearrangement setting 9
Bootstrap[49]: Time 0.417273 seconds, bootstrap likelihood -20375.942972, best rearrangement setting 13
Bootstrap[50]: Time 0.502271 seconds, bootstrap likelihood -20574.430988, best rearrangement setting 15
Bootstrap[51]: Time 0.588735 seconds, bootstrap likelihood -20814.309729, best rearrangement setting 14
Bootstrap[52]: Time 0.518519 seconds, bootstrap likelihood -20571.565286, best rearrangement setting 11
Bootstrap[53]: Time 0.505576 seconds, bootstrap likelihood -20273.026838, best rearrangement setting 14
Bootstrap[54]: Time 0.512020 seconds, bootstrap likelihood -20072.991039, best rearrangement setting 11
Bootstrap[55]: Time 0.630160 seconds, bootstrap likelihood -19719.495287, best rearrangement setting 11
Bootstrap[56]: Time 0.444217 seconds, bootstrap likelihood -21051.750287, best rearrangement setting 6
Bootstrap[57]: Time 0.488882 seconds, bootstrap likelihood -20643.850291, best rearrangement setting 8
Bootstrap[58]: Time 0.465225 seconds, bootstrap likelihood -21493.609775, best rearrangement setting 10
Bootstrap[59]: Time 0.567355 seconds, bootstrap likelihood -19879.144604, best rearrangement setting 12
Bootstrap[60]: Time 0.499991 seconds, bootstrap likelihood -20105.675748, best rearrangement setting 10
Bootstrap[61]: Time 0.497107 seconds, bootstrap likelihood -20631.468797, best rearrangement setting 14
Bootstrap[62]: Time 0.562192 seconds, bootstrap likelihood -20191.387781, best rearrangement setting 5
Bootstrap[63]: Time 4.142762 seconds, bootstrap likelihood -20647.114127, best rearrangement setting 12
Bootstrap[64]: Time 0.561078 seconds, bootstrap likelihood -20236.822614, best rearrangement setting 15
Bootstrap[65]: Time 0.604173 seconds, bootstrap likelihood -20148.166997, best rearrangement setting 9
Bootstrap[66]: Time 0.520960 seconds, bootstrap likelihood -20707.480230, best rearrangement setting 8
Bootstrap[67]: Time 0.507038 seconds, bootstrap likelihood -21015.727849, best rearrangement setting 9
Bootstrap[68]: Time 0.477382 seconds, bootstrap likelihood -20160.073678, best rearrangement setting 9
Bootstrap[69]: Time 0.468139 seconds, bootstrap likelihood -20573.815072, best rearrangement setting 6
Bootstrap[70]: Time 0.450652 seconds, bootstrap likelihood -20182.375822, best rearrangement setting 15
Bootstrap[71]: Time 0.502327 seconds, bootstrap likelihood -19787.877954, best rearrangement setting 14
Bootstrap[72]: Time 0.774302 seconds, bootstrap likelihood -20705.279750, best rearrangement setting 12
Bootstrap[73]: Time 4.135501 seconds, bootstrap likelihood -20954.179695, best rearrangement setting 9
Bootstrap[74]: Time 0.480331 seconds, bootstrap likelihood -20986.731295, best rearrangement setting 13
Bootstrap[75]: Time 0.745608 seconds, bootstrap likelihood -20182.645028, best rearrangement setting 15
Bootstrap[76]: Time 4.492985 seconds, bootstrap likelihood -20363.781975, best rearrangement setting 7
Bootstrap[77]: Time 1.402489 seconds, bootstrap likelihood -20332.422608, best rearrangement setting 8
Bootstrap[78]: Time 0.521129 seconds, bootstrap likelihood -20586.565767, best rearrangement setting 12
Bootstrap[79]: Time 3.486772 seconds, bootstrap likelihood -20627.309554, best rearrangement setting 11
Bootstrap[80]: Time 0.422797 seconds, bootstrap likelihood -19902.094679, best rearrangement setting 5
Bootstrap[81]: Time 0.528781 seconds, bootstrap likelihood -20533.155152, best rearrangement setting 9
Bootstrap[82]: Time 0.554027 seconds, bootstrap likelihood -20824.617571, best rearrangement setting 12
Bootstrap[83]: Time 0.490469 seconds, bootstrap likelihood -20355.614162, best rearrangement setting 13
Bootstrap[84]: Time 0.561703 seconds, bootstrap likelihood -20882.364869, best rearrangement setting 10
Bootstrap[85]: Time 0.608365 seconds, bootstrap likelihood -21241.678432, best rearrangement setting 15
Bootstrap[86]: Time 0.464816 seconds, bootstrap likelihood -20997.200457, best rearrangement setting 13
Bootstrap[87]: Time 0.601483 seconds, bootstrap likelihood -19867.912763, best rearrangement setting 14
Bootstrap[88]: Time 0.551636 seconds, bootstrap likelihood -21017.059672, best rearrangement setting 10
Bootstrap[89]: Time 4.784684 seconds, bootstrap likelihood -20506.945103, best rearrangement setting 9
Bootstrap[90]: Time 0.409282 seconds, bootstrap likelihood -20146.590665, best rearrangement setting 5
Bootstrap[91]: Time 3.893955 seconds, bootstrap likelihood -20954.410253, best rearrangement setting 8
Bootstrap[92]: Time 0.694507 seconds, bootstrap likelihood -20762.925999, best rearrangement setting 6
Bootstrap[93]: Time 0.531344 seconds, bootstrap likelihood -20739.671815, best rearrangement setting 10
Bootstrap[94]: Time 0.458742 seconds, bootstrap likelihood -20201.531984, best rearrangement setting 10
Bootstrap[95]: Time 0.551892 seconds, bootstrap likelihood -20618.507908, best rearrangement setting 12
Bootstrap[96]: Time 0.506762 seconds, bootstrap likelihood -19885.319965, best rearrangement setting 7
Bootstrap[97]: Time 0.499722 seconds, bootstrap likelihood -20494.652275, best rearrangement setting 13
Bootstrap[98]: Time 0.542565 seconds, bootstrap likelihood -20734.673767, best rearrangement setting 8
Bootstrap[99]: Time 0.550429 seconds, bootstrap likelihood -20396.790536, best rearrangement setting 9


Overall Time for 100 Rapid Bootstraps 97.908131 seconds
Average Time per Rapid Bootstrap 0.979081 seconds

Starting ML Search ...

Fast ML optimization finished

Fast ML search Time: 164.835025 seconds

Slow ML Search 0 Likelihood: -20624.347305
Slow ML Search 1 Likelihood: -20624.347308
Slow ML Search 2 Likelihood: -20624.311173
Slow ML Search 3 Likelihood: -20624.543541
Slow ML Search 4 Likelihood: -20624.635040
Slow ML Search 5 Likelihood: -20624.635040
Slow ML Search 6 Likelihood: -20625.267194
Slow ML Search 7 Likelihood: -20625.724474
Slow ML Search 8 Likelihood: -20625.961667
Slow ML Search 9 Likelihood: -20626.160872
Slow ML optimization finished

Slow ML search Time: 17.222501 seconds
Thorough ML search Time: 1.185924 seconds

Final ML Optimization Likelihood: -20624.241764

Model Information:

Model Parameters of Partition 0, Name: No Name Provided, Type of Data: DNA
alpha: 0.298954
Tree-Length: 1.567974
rate A <-> C: 2.444516
rate A <-> G: 9.090157
rate A <-> T: 0.917295
rate C <-> G: 1.099005
rate C <-> T: 11.202084
rate G <-> T: 1.000000

freq pi(A): 0.390108
freq pi(C): 0.166002
freq pi(G): 0.227432
freq pi(T): 0.216458


ML search took 183.255865 secs or 0.050904 hours

Combined Bootstrap and ML search took 281.164139 secs or 0.078101 hours

Drawing Bootstrap Support Values on best-scoring ML tree ...



Found 1 tree in File /gpfs_home/mhowison/code/hiv-profile-sampling/scratch/trees/pol/RAxML_bestTree.sample.306



Found 1 tree in File /gpfs_home/mhowison/code/hiv-profile-sampling/scratch/trees/pol/RAxML_bestTree.sample.306

Program execution info written to /gpfs_home/mhowison/code/hiv-profile-sampling/scratch/trees/pol/RAxML_info.sample.306
All 100 bootstrapped trees written to: /gpfs_home/mhowison/code/hiv-profile-sampling/scratch/trees/pol/RAxML_bootstrap.sample.306

Best-scoring ML tree written to: /gpfs_home/mhowison/code/hiv-profile-sampling/scratch/trees/pol/RAxML_bestTree.sample.306

Best-scoring ML tree with support values written to: /gpfs_home/mhowison/code/hiv-profile-sampling/scratch/trees/pol/RAxML_bipartitions.sample.306

Best-scoring ML tree with support values as branch labels written to: /gpfs_home/mhowison/code/hiv-profile-sampling/scratch/trees/pol/RAxML_bipartitionsBranchLabels.sample.306

Overall execution time for full ML analysis: 281.168430 secs or 0.078102 hours or 0.003254 days

