srun: job 262139 queued and waiting for resources
srun: job 262139 has been allocated resources
Warning, you specified a working directory via "-w"
Keep in mind that RAxML only accepts absolute path names, not relative ones!

RAxML can't, parse the alignment file as phylip file 
it will now try to parse it as FASTA file



Using BFGS method to optimize GTR rate parameters, to disable this specify "--no-bfgs" 


This is the RAxML Master Pthread

This is RAxML Worker Pthread Number: 4

This is RAxML Worker Pthread Number: 2

This is RAxML Worker Pthread Number: 1

This is RAxML Worker Pthread Number: 3

This is RAxML Worker Pthread Number: 5

This is RAxML Worker Pthread Number: 7

This is RAxML Worker Pthread Number: 8

This is RAxML Worker Pthread Number: 9

This is RAxML Worker Pthread Number: 10

This is RAxML Worker Pthread Number: 11

This is RAxML Worker Pthread Number: 12

This is RAxML Worker Pthread Number: 6

This is RAxML Worker Pthread Number: 13

This is RAxML Worker Pthread Number: 14

This is RAxML Worker Pthread Number: 16

This is RAxML Worker Pthread Number: 15

This is RAxML Worker Pthread Number: 18

This is RAxML Worker Pthread Number: 17

This is RAxML Worker Pthread Number: 19


This is RAxML version 8.2.12 released by Alexandros Stamatakis on May 2018.

With greatly appreciated code contributions by:
Andre Aberer      (HITS)
Simon Berger      (HITS)
Alexey Kozlov     (HITS)
Kassian Kobert    (HITS)
David Dao         (KIT and HITS)
Sarah Lutteropp   (KIT and HITS)
Nick Pattengale   (Sandia)
Wayne Pfeiffer    (SDSC)
Akifumi S. Tanabe (NRIFS)
Charlie Taylor    (UF)


Alignment has 1188 distinct alignment patterns

Proportion of gaps and completely undetermined characters in this alignment: 5.95%

RAxML rapid bootstrapping and subsequent ML search

Using 1 distinct models/data partitions with joint branch length optimization



Executing 100 rapid bootstrap inferences and thereafter a thorough ML search 

All free model parameters will be estimated by RAxML
GAMMA model of rate heterogeneity, ML estimate of alpha-parameter

GAMMA Model parameters will be estimated up to an accuracy of 0.1000000000 Log Likelihood units

Partition: 0
Alignment Patterns: 1188
Name: No Name Provided
DataType: DNA
Substitution Matrix: GTR




RAxML was called as follows:

raxmlHPC-PTHREADS-AVX -T 20 -s scratch/aligned/pol/sample.363.fa -p 8600756164 -x 8600756164 -f a -N 100 -m GTRGAMMA -w /gpfs_home/mhowison/code/hiv-profile-sampling/scratch/trees/pol -n sample.363 



Time for BS model parameter optimization 0.051451
Bootstrap[0]: Time 1.141431 seconds, bootstrap likelihood -20309.086431, best rearrangement setting 15
Bootstrap[1]: Time 0.597183 seconds, bootstrap likelihood -20072.117135, best rearrangement setting 8
Bootstrap[2]: Time 0.622640 seconds, bootstrap likelihood -21003.317520, best rearrangement setting 14
Bootstrap[3]: Time 0.551642 seconds, bootstrap likelihood -20751.186596, best rearrangement setting 7
Bootstrap[4]: Time 0.531299 seconds, bootstrap likelihood -20719.539923, best rearrangement setting 11
Bootstrap[5]: Time 0.532363 seconds, bootstrap likelihood -20132.026614, best rearrangement setting 15
Bootstrap[6]: Time 0.487512 seconds, bootstrap likelihood -20757.246860, best rearrangement setting 8
Bootstrap[7]: Time 0.426078 seconds, bootstrap likelihood -20180.488737, best rearrangement setting 7
Bootstrap[8]: Time 0.848298 seconds, bootstrap likelihood -20274.273303, best rearrangement setting 9
Bootstrap[9]: Time 6.131649 seconds, bootstrap likelihood -20602.635885, best rearrangement setting 5
Bootstrap[10]: Time 0.469921 seconds, bootstrap likelihood -20692.176660, best rearrangement setting 13
Bootstrap[11]: Time 0.445946 seconds, bootstrap likelihood -20315.562122, best rearrangement setting 7
Bootstrap[12]: Time 0.433184 seconds, bootstrap likelihood -20947.929329, best rearrangement setting 7
Bootstrap[13]: Time 0.540201 seconds, bootstrap likelihood -20484.161900, best rearrangement setting 15
Bootstrap[14]: Time 0.506284 seconds, bootstrap likelihood -19420.923686, best rearrangement setting 11
Bootstrap[15]: Time 0.414415 seconds, bootstrap likelihood -20591.765220, best rearrangement setting 5
Bootstrap[16]: Time 0.451718 seconds, bootstrap likelihood -20364.016932, best rearrangement setting 8
Bootstrap[17]: Time 0.488173 seconds, bootstrap likelihood -20851.178779, best rearrangement setting 7
Bootstrap[18]: Time 0.542840 seconds, bootstrap likelihood -20528.629517, best rearrangement setting 11
Bootstrap[19]: Time 0.455613 seconds, bootstrap likelihood -20488.982617, best rearrangement setting 10
Bootstrap[20]: Time 0.518381 seconds, bootstrap likelihood -21038.519069, best rearrangement setting 11
Bootstrap[21]: Time 0.504820 seconds, bootstrap likelihood -19742.817543, best rearrangement setting 13
Bootstrap[22]: Time 0.532869 seconds, bootstrap likelihood -20656.317170, best rearrangement setting 8
Bootstrap[23]: Time 0.515561 seconds, bootstrap likelihood -20725.702197, best rearrangement setting 11
Bootstrap[24]: Time 0.518397 seconds, bootstrap likelihood -20539.559135, best rearrangement setting 14
Bootstrap[25]: Time 0.575239 seconds, bootstrap likelihood -20532.689408, best rearrangement setting 10
Bootstrap[26]: Time 0.713218 seconds, bootstrap likelihood -20768.975189, best rearrangement setting 7
Bootstrap[27]: Time 0.580536 seconds, bootstrap likelihood -20840.364757, best rearrangement setting 7
Bootstrap[28]: Time 0.513599 seconds, bootstrap likelihood -20765.633577, best rearrangement setting 14
Bootstrap[29]: Time 0.578265 seconds, bootstrap likelihood -21027.502201, best rearrangement setting 9
Bootstrap[30]: Time 0.613240 seconds, bootstrap likelihood -20643.653011, best rearrangement setting 9
Bootstrap[31]: Time 0.563962 seconds, bootstrap likelihood -20890.264462, best rearrangement setting 7
Bootstrap[32]: Time 0.508915 seconds, bootstrap likelihood -20943.188281, best rearrangement setting 12
Bootstrap[33]: Time 0.571389 seconds, bootstrap likelihood -20065.748623, best rearrangement setting 11
Bootstrap[34]: Time 0.516871 seconds, bootstrap likelihood -20769.034412, best rearrangement setting 6
Bootstrap[35]: Time 1.611654 seconds, bootstrap likelihood -20978.528330, best rearrangement setting 7
Bootstrap[36]: Time 0.529462 seconds, bootstrap likelihood -21041.493086, best rearrangement setting 6
Bootstrap[37]: Time 0.543005 seconds, bootstrap likelihood -21116.015222, best rearrangement setting 9
Bootstrap[38]: Time 0.543704 seconds, bootstrap likelihood -21383.188648, best rearrangement setting 12
Bootstrap[39]: Time 0.503284 seconds, bootstrap likelihood -20196.718649, best rearrangement setting 12
Bootstrap[40]: Time 1.541837 seconds, bootstrap likelihood -21232.672491, best rearrangement setting 11
Bootstrap[41]: Time 1.779673 seconds, bootstrap likelihood -20562.018842, best rearrangement setting 13
Bootstrap[42]: Time 0.450312 seconds, bootstrap likelihood -20126.821209, best rearrangement setting 5
Bootstrap[43]: Time 0.558403 seconds, bootstrap likelihood -20257.150074, best rearrangement setting 14
Bootstrap[44]: Time 0.535577 seconds, bootstrap likelihood -20318.303441, best rearrangement setting 7
Bootstrap[45]: Time 0.578137 seconds, bootstrap likelihood -21276.374494, best rearrangement setting 12
Bootstrap[46]: Time 0.456687 seconds, bootstrap likelihood -20250.717594, best rearrangement setting 6
Bootstrap[47]: Time 0.596480 seconds, bootstrap likelihood -20901.223038, best rearrangement setting 12
Bootstrap[48]: Time 0.600038 seconds, bootstrap likelihood -20593.214064, best rearrangement setting 10
Bootstrap[49]: Time 0.597364 seconds, bootstrap likelihood -20352.025150, best rearrangement setting 9
Bootstrap[50]: Time 0.569772 seconds, bootstrap likelihood -20568.483418, best rearrangement setting 9
Bootstrap[51]: Time 0.531456 seconds, bootstrap likelihood -20601.250522, best rearrangement setting 6
Bootstrap[52]: Time 0.541922 seconds, bootstrap likelihood -20266.828899, best rearrangement setting 10
Bootstrap[53]: Time 0.544413 seconds, bootstrap likelihood -20800.215424, best rearrangement setting 6
Bootstrap[54]: Time 0.495393 seconds, bootstrap likelihood -20239.546320, best rearrangement setting 6
Bootstrap[55]: Time 2.416844 seconds, bootstrap likelihood -20426.397493, best rearrangement setting 12
Bootstrap[56]: Time 0.612629 seconds, bootstrap likelihood -20708.122266, best rearrangement setting 10
Bootstrap[57]: Time 0.582308 seconds, bootstrap likelihood -20146.040679, best rearrangement setting 11
Bootstrap[58]: Time 0.547405 seconds, bootstrap likelihood -20479.857196, best rearrangement setting 9
Bootstrap[59]: Time 0.515934 seconds, bootstrap likelihood -20531.382060, best rearrangement setting 14
Bootstrap[60]: Time 2.881616 seconds, bootstrap likelihood -20491.679703, best rearrangement setting 8
Bootstrap[61]: Time 34.359177 seconds, bootstrap likelihood -19998.017559, best rearrangement setting 10
Bootstrap[62]: Time 0.670695 seconds, bootstrap likelihood -20913.948834, best rearrangement setting 11
Bootstrap[63]: Time 0.451138 seconds, bootstrap likelihood -19763.934443, best rearrangement setting 5
Bootstrap[64]: Time 0.465370 seconds, bootstrap likelihood -20444.965762, best rearrangement setting 7
Bootstrap[65]: Time 0.447958 seconds, bootstrap likelihood -20442.168908, best rearrangement setting 7
Bootstrap[66]: Time 0.527903 seconds, bootstrap likelihood -20800.393567, best rearrangement setting 8
Bootstrap[67]: Time 0.454016 seconds, bootstrap likelihood -20561.767919, best rearrangement setting 13
Bootstrap[68]: Time 0.549065 seconds, bootstrap likelihood -20525.008693, best rearrangement setting 7
Bootstrap[69]: Time 0.603143 seconds, bootstrap likelihood -20280.483467, best rearrangement setting 10
Bootstrap[70]: Time 0.582299 seconds, bootstrap likelihood -20076.927861, best rearrangement setting 14
Bootstrap[71]: Time 0.409214 seconds, bootstrap likelihood -20855.630928, best rearrangement setting 5
Bootstrap[72]: Time 0.600488 seconds, bootstrap likelihood -21080.902682, best rearrangement setting 12
Bootstrap[73]: Time 0.578515 seconds, bootstrap likelihood -20613.483501, best rearrangement setting 10
Bootstrap[74]: Time 0.543992 seconds, bootstrap likelihood -20578.210270, best rearrangement setting 7
Bootstrap[75]: Time 7.969546 seconds, bootstrap likelihood -21646.037856, best rearrangement setting 15
Bootstrap[76]: Time 0.872994 seconds, bootstrap likelihood -20182.577980, best rearrangement setting 7
Bootstrap[77]: Time 0.565629 seconds, bootstrap likelihood -21113.342803, best rearrangement setting 14
Bootstrap[78]: Time 0.556465 seconds, bootstrap likelihood -20728.372213, best rearrangement setting 10
Bootstrap[79]: Time 0.557335 seconds, bootstrap likelihood -20858.966019, best rearrangement setting 15
Bootstrap[80]: Time 0.485012 seconds, bootstrap likelihood -20367.240203, best rearrangement setting 7
Bootstrap[81]: Time 0.636446 seconds, bootstrap likelihood -21083.915238, best rearrangement setting 14
Bootstrap[82]: Time 0.628639 seconds, bootstrap likelihood -21155.809138, best rearrangement setting 13
Bootstrap[83]: Time 0.526310 seconds, bootstrap likelihood -20474.732539, best rearrangement setting 13
Bootstrap[84]: Time 0.585725 seconds, bootstrap likelihood -20952.938110, best rearrangement setting 13
Bootstrap[85]: Time 0.559460 seconds, bootstrap likelihood -19945.595721, best rearrangement setting 15
Bootstrap[86]: Time 0.524085 seconds, bootstrap likelihood -20689.032160, best rearrangement setting 11
Bootstrap[87]: Time 0.678415 seconds, bootstrap likelihood -20187.237781, best rearrangement setting 13
Bootstrap[88]: Time 0.469836 seconds, bootstrap likelihood -20815.477219, best rearrangement setting 5
Bootstrap[89]: Time 0.457472 seconds, bootstrap likelihood -19704.718038, best rearrangement setting 15
Bootstrap[90]: Time 0.548699 seconds, bootstrap likelihood -21714.866959, best rearrangement setting 14
Bootstrap[91]: Time 0.488149 seconds, bootstrap likelihood -20856.108127, best rearrangement setting 5
Bootstrap[92]: Time 0.575284 seconds, bootstrap likelihood -20210.259886, best rearrangement setting 11
Bootstrap[93]: Time 0.468535 seconds, bootstrap likelihood -20607.894018, best rearrangement setting 14
Bootstrap[94]: Time 0.446489 seconds, bootstrap likelihood -19908.872343, best rearrangement setting 10
Bootstrap[95]: Time 0.433318 seconds, bootstrap likelihood -21063.748166, best rearrangement setting 12
Bootstrap[96]: Time 0.507491 seconds, bootstrap likelihood -20054.107917, best rearrangement setting 14
Bootstrap[97]: Time 0.518963 seconds, bootstrap likelihood -21176.648250, best rearrangement setting 13
Bootstrap[98]: Time 0.489124 seconds, bootstrap likelihood -20096.756709, best rearrangement setting 14
Bootstrap[99]: Time 0.546934 seconds, bootstrap likelihood -21238.811951, best rearrangement setting 14


Overall Time for 100 Rapid Bootstraps 109.087810 seconds
Average Time per Rapid Bootstrap 1.090878 seconds

Starting ML Search ...

Fast ML optimization finished

Fast ML search Time: 128.680749 seconds

Slow ML Search 0 Likelihood: -20684.634564
Slow ML Search 1 Likelihood: -20685.155855
Slow ML Search 2 Likelihood: -20686.362481
Slow ML Search 3 Likelihood: -20687.180399
Slow ML Search 4 Likelihood: -20686.362481
Slow ML Search 5 Likelihood: -20687.303433
Slow ML Search 6 Likelihood: -20687.587438
Slow ML Search 7 Likelihood: -20687.720667
Slow ML Search 8 Likelihood: -20688.117965
Slow ML Search 9 Likelihood: -20688.385933
Slow ML optimization finished

Slow ML search Time: 50.012858 seconds
Thorough ML search Time: 1.206941 seconds

Final ML Optimization Likelihood: -20684.634564

Model Information:

Model Parameters of Partition 0, Name: No Name Provided, Type of Data: DNA
alpha: 0.313456
Tree-Length: 1.568007
rate A <-> C: 2.347675
rate A <-> G: 8.376623
rate A <-> T: 0.949038
rate C <-> G: 0.959048
rate C <-> T: 10.930468
rate G <-> T: 1.000000

freq pi(A): 0.390308
freq pi(C): 0.165773
freq pi(G): 0.227260
freq pi(T): 0.216659


ML search took 179.907223 secs or 0.049974 hours

Combined Bootstrap and ML search took 288.995170 secs or 0.080276 hours

Drawing Bootstrap Support Values on best-scoring ML tree ...



Found 1 tree in File /gpfs_home/mhowison/code/hiv-profile-sampling/scratch/trees/pol/RAxML_bestTree.sample.363



Found 1 tree in File /gpfs_home/mhowison/code/hiv-profile-sampling/scratch/trees/pol/RAxML_bestTree.sample.363

Program execution info written to /gpfs_home/mhowison/code/hiv-profile-sampling/scratch/trees/pol/RAxML_info.sample.363
All 100 bootstrapped trees written to: /gpfs_home/mhowison/code/hiv-profile-sampling/scratch/trees/pol/RAxML_bootstrap.sample.363

Best-scoring ML tree written to: /gpfs_home/mhowison/code/hiv-profile-sampling/scratch/trees/pol/RAxML_bestTree.sample.363

Best-scoring ML tree with support values written to: /gpfs_home/mhowison/code/hiv-profile-sampling/scratch/trees/pol/RAxML_bipartitions.sample.363

Best-scoring ML tree with support values as branch labels written to: /gpfs_home/mhowison/code/hiv-profile-sampling/scratch/trees/pol/RAxML_bipartitionsBranchLabels.sample.363

Overall execution time for full ML analysis: 288.999337 secs or 0.080278 hours or 0.003345 days

