srun: job 262044 queued and waiting for resources
srun: job 262044 has been allocated resources
Warning, you specified a working directory via "-w"
Keep in mind that RAxML only accepts absolute path names, not relative ones!

RAxML can't, parse the alignment file as phylip file 
it will now try to parse it as FASTA file



Using BFGS method to optimize GTR rate parameters, to disable this specify "--no-bfgs" 


This is the RAxML Master Pthread

This is RAxML Worker Pthread Number: 1

This is RAxML Worker Pthread Number: 4

This is RAxML Worker Pthread Number: 2

This is RAxML Worker Pthread Number: 3

This is RAxML Worker Pthread Number: 5

This is RAxML Worker Pthread Number: 7

This is RAxML Worker Pthread Number: 6

This is RAxML Worker Pthread Number: 8

This is RAxML Worker Pthread Number: 9

This is RAxML Worker Pthread Number: 11

This is RAxML Worker Pthread Number: 10

This is RAxML Worker Pthread Number: 12

This is RAxML Worker Pthread Number: 13

This is RAxML Worker Pthread Number: 15

This is RAxML Worker Pthread Number: 14

This is RAxML Worker Pthread Number: 16

This is RAxML Worker Pthread Number: 18

This is RAxML Worker Pthread Number: 17

This is RAxML Worker Pthread Number: 19


This is RAxML version 8.2.12 released by Alexandros Stamatakis on May 2018.

With greatly appreciated code contributions by:
Andre Aberer      (HITS)
Simon Berger      (HITS)
Alexey Kozlov     (HITS)
Kassian Kobert    (HITS)
David Dao         (KIT and HITS)
Sarah Lutteropp   (KIT and HITS)
Nick Pattengale   (Sandia)
Wayne Pfeiffer    (SDSC)
Akifumi S. Tanabe (NRIFS)
Charlie Taylor    (UF)


Alignment has 1174 distinct alignment patterns

Proportion of gaps and completely undetermined characters in this alignment: 5.94%

RAxML rapid bootstrapping and subsequent ML search

Using 1 distinct models/data partitions with joint branch length optimization



Executing 100 rapid bootstrap inferences and thereafter a thorough ML search 

All free model parameters will be estimated by RAxML
GAMMA model of rate heterogeneity, ML estimate of alpha-parameter

GAMMA Model parameters will be estimated up to an accuracy of 0.1000000000 Log Likelihood units

Partition: 0
Alignment Patterns: 1174
Name: No Name Provided
DataType: DNA
Substitution Matrix: GTR




RAxML was called as follows:

raxmlHPC-PTHREADS-AVX -T 20 -s scratch/aligned/pol/sample.324.fa -p 5622077839 -x 5622077839 -f a -N 100 -m GTRGAMMA -w /gpfs_home/mhowison/code/hiv-profile-sampling/scratch/trees/pol -n sample.324 



Time for BS model parameter optimization 0.050748
Bootstrap[0]: Time 4.550134 seconds, bootstrap likelihood -19955.259816, best rearrangement setting 15
Bootstrap[1]: Time 0.444538 seconds, bootstrap likelihood -21311.641678, best rearrangement setting 5
Bootstrap[2]: Time 0.471319 seconds, bootstrap likelihood -20109.566522, best rearrangement setting 6
Bootstrap[3]: Time 0.553042 seconds, bootstrap likelihood -20640.837146, best rearrangement setting 10
Bootstrap[4]: Time 0.497810 seconds, bootstrap likelihood -20214.939501, best rearrangement setting 7
Bootstrap[5]: Time 0.507065 seconds, bootstrap likelihood -20429.861386, best rearrangement setting 14
Bootstrap[6]: Time 0.511497 seconds, bootstrap likelihood -20466.863507, best rearrangement setting 15
Bootstrap[7]: Time 0.570263 seconds, bootstrap likelihood -20338.989185, best rearrangement setting 11
Bootstrap[8]: Time 5.261260 seconds, bootstrap likelihood -20768.656670, best rearrangement setting 15
Bootstrap[9]: Time 3.019480 seconds, bootstrap likelihood -20939.093836, best rearrangement setting 10
Bootstrap[10]: Time 0.817476 seconds, bootstrap likelihood -20658.034394, best rearrangement setting 11
Bootstrap[11]: Time 0.492121 seconds, bootstrap likelihood -19954.421539, best rearrangement setting 10
Bootstrap[12]: Time 0.428906 seconds, bootstrap likelihood -20921.757194, best rearrangement setting 12
Bootstrap[13]: Time 0.411160 seconds, bootstrap likelihood -19997.646637, best rearrangement setting 5
Bootstrap[14]: Time 0.470337 seconds, bootstrap likelihood -20469.111628, best rearrangement setting 10
Bootstrap[15]: Time 2.982191 seconds, bootstrap likelihood -20013.271790, best rearrangement setting 6
Bootstrap[16]: Time 0.498404 seconds, bootstrap likelihood -21119.715451, best rearrangement setting 14
Bootstrap[17]: Time 0.582743 seconds, bootstrap likelihood -20558.415734, best rearrangement setting 12
Bootstrap[18]: Time 0.483598 seconds, bootstrap likelihood -20383.556150, best rearrangement setting 13
Bootstrap[19]: Time 0.523163 seconds, bootstrap likelihood -20707.275727, best rearrangement setting 8
Bootstrap[20]: Time 0.523468 seconds, bootstrap likelihood -20252.099871, best rearrangement setting 7
Bootstrap[21]: Time 0.500029 seconds, bootstrap likelihood -21852.413566, best rearrangement setting 13
Bootstrap[22]: Time 0.563344 seconds, bootstrap likelihood -19698.952251, best rearrangement setting 14
Bootstrap[23]: Time 0.515544 seconds, bootstrap likelihood -20771.742522, best rearrangement setting 9
Bootstrap[24]: Time 0.523502 seconds, bootstrap likelihood -20975.878493, best rearrangement setting 10
Bootstrap[25]: Time 0.509586 seconds, bootstrap likelihood -21116.053318, best rearrangement setting 8
Bootstrap[26]: Time 0.519602 seconds, bootstrap likelihood -21122.120952, best rearrangement setting 8
Bootstrap[27]: Time 0.465785 seconds, bootstrap likelihood -19351.475782, best rearrangement setting 8
Bootstrap[28]: Time 0.489910 seconds, bootstrap likelihood -20088.067945, best rearrangement setting 9
Bootstrap[29]: Time 0.525740 seconds, bootstrap likelihood -20073.281017, best rearrangement setting 7
Bootstrap[30]: Time 0.509844 seconds, bootstrap likelihood -20518.238220, best rearrangement setting 7
Bootstrap[31]: Time 4.443081 seconds, bootstrap likelihood -20013.626401, best rearrangement setting 7
Bootstrap[32]: Time 0.520699 seconds, bootstrap likelihood -20182.552322, best rearrangement setting 6
Bootstrap[33]: Time 0.515370 seconds, bootstrap likelihood -20034.320394, best rearrangement setting 7
Bootstrap[34]: Time 0.497142 seconds, bootstrap likelihood -20698.560259, best rearrangement setting 8
Bootstrap[35]: Time 0.454329 seconds, bootstrap likelihood -20100.465245, best rearrangement setting 6
Bootstrap[36]: Time 0.425867 seconds, bootstrap likelihood -21417.660723, best rearrangement setting 5
Bootstrap[37]: Time 0.585979 seconds, bootstrap likelihood -20062.879563, best rearrangement setting 13
Bootstrap[38]: Time 0.442497 seconds, bootstrap likelihood -20449.285420, best rearrangement setting 5
Bootstrap[39]: Time 0.468878 seconds, bootstrap likelihood -20045.259533, best rearrangement setting 10
Bootstrap[40]: Time 0.474391 seconds, bootstrap likelihood -21657.207000, best rearrangement setting 6
Bootstrap[41]: Time 0.439497 seconds, bootstrap likelihood -21060.320592, best rearrangement setting 5
Bootstrap[42]: Time 0.576211 seconds, bootstrap likelihood -20654.417257, best rearrangement setting 11
Bootstrap[43]: Time 0.505526 seconds, bootstrap likelihood -21014.139218, best rearrangement setting 8
Bootstrap[44]: Time 0.629366 seconds, bootstrap likelihood -21279.163232, best rearrangement setting 12
Bootstrap[45]: Time 0.482759 seconds, bootstrap likelihood -21206.781855, best rearrangement setting 14
Bootstrap[46]: Time 0.374028 seconds, bootstrap likelihood -20778.955182, best rearrangement setting 5
Bootstrap[47]: Time 0.535047 seconds, bootstrap likelihood -19674.989606, best rearrangement setting 8
Bootstrap[48]: Time 0.482539 seconds, bootstrap likelihood -20860.688692, best rearrangement setting 13
Bootstrap[49]: Time 0.524236 seconds, bootstrap likelihood -20651.078817, best rearrangement setting 8
Bootstrap[50]: Time 1.258449 seconds, bootstrap likelihood -20578.497767, best rearrangement setting 15
Bootstrap[51]: Time 0.484810 seconds, bootstrap likelihood -20984.256759, best rearrangement setting 10
Bootstrap[52]: Time 0.501129 seconds, bootstrap likelihood -20981.502835, best rearrangement setting 11
Bootstrap[53]: Time 0.531630 seconds, bootstrap likelihood -20339.973792, best rearrangement setting 10
Bootstrap[54]: Time 0.518773 seconds, bootstrap likelihood -20259.209495, best rearrangement setting 10
Bootstrap[55]: Time 0.420248 seconds, bootstrap likelihood -20609.713812, best rearrangement setting 6
Bootstrap[56]: Time 0.549068 seconds, bootstrap likelihood -20597.090109, best rearrangement setting 12
Bootstrap[57]: Time 0.393376 seconds, bootstrap likelihood -20259.221690, best rearrangement setting 7
Bootstrap[58]: Time 0.600378 seconds, bootstrap likelihood -19851.972506, best rearrangement setting 10
Bootstrap[59]: Time 0.635317 seconds, bootstrap likelihood -20553.705550, best rearrangement setting 13
Bootstrap[60]: Time 0.527725 seconds, bootstrap likelihood -20823.500114, best rearrangement setting 6
Bootstrap[61]: Time 0.472313 seconds, bootstrap likelihood -20684.496568, best rearrangement setting 9
Bootstrap[62]: Time 0.839718 seconds, bootstrap likelihood -20318.582486, best rearrangement setting 14
Bootstrap[63]: Time 0.525702 seconds, bootstrap likelihood -20375.465371, best rearrangement setting 7
Bootstrap[64]: Time 0.515660 seconds, bootstrap likelihood -20614.975267, best rearrangement setting 9
Bootstrap[65]: Time 0.509989 seconds, bootstrap likelihood -20818.322638, best rearrangement setting 5
Bootstrap[66]: Time 0.546874 seconds, bootstrap likelihood -21091.787700, best rearrangement setting 14
Bootstrap[67]: Time 1.158933 seconds, bootstrap likelihood -21095.427972, best rearrangement setting 14
Bootstrap[68]: Time 5.148206 seconds, bootstrap likelihood -20533.607299, best rearrangement setting 13
Bootstrap[69]: Time 0.594527 seconds, bootstrap likelihood -20276.295645, best rearrangement setting 13
Bootstrap[70]: Time 0.528084 seconds, bootstrap likelihood -20484.965264, best rearrangement setting 10
Bootstrap[71]: Time 0.416004 seconds, bootstrap likelihood -20106.506241, best rearrangement setting 5
Bootstrap[72]: Time 0.508722 seconds, bootstrap likelihood -20790.594684, best rearrangement setting 6
Bootstrap[73]: Time 0.576803 seconds, bootstrap likelihood -20973.870997, best rearrangement setting 11
Bootstrap[74]: Time 0.545889 seconds, bootstrap likelihood -19958.595669, best rearrangement setting 14
Bootstrap[75]: Time 0.586949 seconds, bootstrap likelihood -20430.560280, best rearrangement setting 15
Bootstrap[76]: Time 0.558820 seconds, bootstrap likelihood -20077.009411, best rearrangement setting 13
Bootstrap[77]: Time 0.497269 seconds, bootstrap likelihood -19971.315373, best rearrangement setting 8
Bootstrap[78]: Time 0.541466 seconds, bootstrap likelihood -20900.741137, best rearrangement setting 14
Bootstrap[79]: Time 0.538772 seconds, bootstrap likelihood -20659.756329, best rearrangement setting 15
Bootstrap[80]: Time 0.439982 seconds, bootstrap likelihood -18968.523112, best rearrangement setting 13
Bootstrap[81]: Time 3.592620 seconds, bootstrap likelihood -20732.528663, best rearrangement setting 6
Bootstrap[82]: Time 0.539599 seconds, bootstrap likelihood -20704.938420, best rearrangement setting 13
Bootstrap[83]: Time 0.550021 seconds, bootstrap likelihood -20363.443317, best rearrangement setting 15
Bootstrap[84]: Time 3.947358 seconds, bootstrap likelihood -20381.996497, best rearrangement setting 10
Bootstrap[85]: Time 0.438138 seconds, bootstrap likelihood -19950.706800, best rearrangement setting 7
Bootstrap[86]: Time 0.384962 seconds, bootstrap likelihood -20274.280849, best rearrangement setting 5
Bootstrap[87]: Time 0.469753 seconds, bootstrap likelihood -20178.146909, best rearrangement setting 9
Bootstrap[88]: Time 3.731836 seconds, bootstrap likelihood -20797.352627, best rearrangement setting 14
Bootstrap[89]: Time 2.064514 seconds, bootstrap likelihood -20600.211351, best rearrangement setting 11
Bootstrap[90]: Time 0.527076 seconds, bootstrap likelihood -20756.736493, best rearrangement setting 8
Bootstrap[91]: Time 0.516601 seconds, bootstrap likelihood -20618.630031, best rearrangement setting 9
Bootstrap[92]: Time 0.474095 seconds, bootstrap likelihood -20588.154605, best rearrangement setting 6
Bootstrap[93]: Time 0.481737 seconds, bootstrap likelihood -20738.285726, best rearrangement setting 13
Bootstrap[94]: Time 0.454719 seconds, bootstrap likelihood -19587.220609, best rearrangement setting 13
Bootstrap[95]: Time 0.492650 seconds, bootstrap likelihood -19939.476179, best rearrangement setting 9
Bootstrap[96]: Time 5.025940 seconds, bootstrap likelihood -20087.132334, best rearrangement setting 14
Bootstrap[97]: Time 0.535358 seconds, bootstrap likelihood -20698.687197, best rearrangement setting 7
Bootstrap[98]: Time 0.534163 seconds, bootstrap likelihood -21039.984608, best rearrangement setting 7
Bootstrap[99]: Time 0.423451 seconds, bootstrap likelihood -20286.922121, best rearrangement setting 5


Overall Time for 100 Rapid Bootstraps 90.912472 seconds
Average Time per Rapid Bootstrap 0.909125 seconds

Starting ML Search ...

Fast ML optimization finished

Fast ML search Time: 226.821972 seconds

Slow ML Search 0 Likelihood: -20607.384156
Slow ML Search 1 Likelihood: -20607.384156
Slow ML Search 2 Likelihood: -20607.384156
Slow ML Search 3 Likelihood: -20607.384156
Slow ML Search 4 Likelihood: -20607.384156
Slow ML Search 5 Likelihood: -20607.384156
Slow ML Search 6 Likelihood: -20607.384156
Slow ML Search 7 Likelihood: -20607.384156
Slow ML Search 8 Likelihood: -20613.912451
Slow ML Search 9 Likelihood: -20613.853150
Slow ML optimization finished

Slow ML search Time: 58.623810 seconds
Thorough ML search Time: 1.105402 seconds

Final ML Optimization Likelihood: -20607.384167

Model Information:

Model Parameters of Partition 0, Name: No Name Provided, Type of Data: DNA
alpha: 0.303263
Tree-Length: 1.573775
rate A <-> C: 2.554234
rate A <-> G: 9.803703
rate A <-> T: 1.050553
rate C <-> G: 1.058465
rate C <-> T: 11.600844
rate G <-> T: 1.000000

freq pi(A): 0.390030
freq pi(C): 0.165739
freq pi(G): 0.227588
freq pi(T): 0.216643


ML search took 286.559405 secs or 0.079600 hours

Combined Bootstrap and ML search took 377.472008 secs or 0.104853 hours

Drawing Bootstrap Support Values on best-scoring ML tree ...



Found 1 tree in File /gpfs_home/mhowison/code/hiv-profile-sampling/scratch/trees/pol/RAxML_bestTree.sample.324



Found 1 tree in File /gpfs_home/mhowison/code/hiv-profile-sampling/scratch/trees/pol/RAxML_bestTree.sample.324

Program execution info written to /gpfs_home/mhowison/code/hiv-profile-sampling/scratch/trees/pol/RAxML_info.sample.324
All 100 bootstrapped trees written to: /gpfs_home/mhowison/code/hiv-profile-sampling/scratch/trees/pol/RAxML_bootstrap.sample.324

Best-scoring ML tree written to: /gpfs_home/mhowison/code/hiv-profile-sampling/scratch/trees/pol/RAxML_bestTree.sample.324

Best-scoring ML tree with support values written to: /gpfs_home/mhowison/code/hiv-profile-sampling/scratch/trees/pol/RAxML_bipartitions.sample.324

Best-scoring ML tree with support values as branch labels written to: /gpfs_home/mhowison/code/hiv-profile-sampling/scratch/trees/pol/RAxML_bipartitionsBranchLabels.sample.324

Overall execution time for full ML analysis: 377.476171 secs or 0.104854 hours or 0.004369 days

