srun: job 261730 queued and waiting for resources
srun: job 261730 has been allocated resources
Warning, you specified a working directory via "-w"
Keep in mind that RAxML only accepts absolute path names, not relative ones!

RAxML can't, parse the alignment file as phylip file 
it will now try to parse it as FASTA file



Using BFGS method to optimize GTR rate parameters, to disable this specify "--no-bfgs" 


This is the RAxML Master Pthread

This is RAxML Worker Pthread Number: 2

This is RAxML Worker Pthread Number: 1

This is RAxML Worker Pthread Number: 3

This is RAxML Worker Pthread Number: 5

This is RAxML Worker Pthread Number: 4

This is RAxML Worker Pthread Number: 6

This is RAxML Worker Pthread Number: 7

This is RAxML Worker Pthread Number: 8

This is RAxML Worker Pthread Number: 10

This is RAxML Worker Pthread Number: 11

This is RAxML Worker Pthread Number: 9

This is RAxML Worker Pthread Number: 12

This is RAxML Worker Pthread Number: 13

This is RAxML Worker Pthread Number: 14

This is RAxML Worker Pthread Number: 16

This is RAxML Worker Pthread Number: 15

This is RAxML Worker Pthread Number: 17

This is RAxML Worker Pthread Number: 18

This is RAxML Worker Pthread Number: 19


This is RAxML version 8.2.12 released by Alexandros Stamatakis on May 2018.

With greatly appreciated code contributions by:
Andre Aberer      (HITS)
Simon Berger      (HITS)
Alexey Kozlov     (HITS)
Kassian Kobert    (HITS)
David Dao         (KIT and HITS)
Sarah Lutteropp   (KIT and HITS)
Nick Pattengale   (Sandia)
Wayne Pfeiffer    (SDSC)
Akifumi S. Tanabe (NRIFS)
Charlie Taylor    (UF)


Alignment has 1185 distinct alignment patterns

Proportion of gaps and completely undetermined characters in this alignment: 5.94%

RAxML rapid bootstrapping and subsequent ML search

Using 1 distinct models/data partitions with joint branch length optimization



Executing 100 rapid bootstrap inferences and thereafter a thorough ML search 

All free model parameters will be estimated by RAxML
GAMMA model of rate heterogeneity, ML estimate of alpha-parameter

GAMMA Model parameters will be estimated up to an accuracy of 0.1000000000 Log Likelihood units

Partition: 0
Alignment Patterns: 1185
Name: No Name Provided
DataType: DNA
Substitution Matrix: GTR




RAxML was called as follows:

raxmlHPC-PTHREADS-AVX -T 20 -s scratch/aligned/pol/sample.210.fa -p 9613190891 -x 9613190891 -f a -N 100 -m GTRGAMMA -w /gpfs_home/mhowison/code/hiv-profile-sampling/scratch/trees/pol -n sample.210 



Time for BS model parameter optimization 0.058246
Bootstrap[0]: Time 0.666976 seconds, bootstrap likelihood -20824.606080, best rearrangement setting 10
Bootstrap[1]: Time 0.483068 seconds, bootstrap likelihood -20996.663698, best rearrangement setting 5
Bootstrap[2]: Time 0.563889 seconds, bootstrap likelihood -20193.026658, best rearrangement setting 12
Bootstrap[3]: Time 0.628709 seconds, bootstrap likelihood -20679.007877, best rearrangement setting 11
Bootstrap[4]: Time 0.613502 seconds, bootstrap likelihood -20047.248454, best rearrangement setting 8
Bootstrap[5]: Time 0.616106 seconds, bootstrap likelihood -20351.071585, best rearrangement setting 11
Bootstrap[6]: Time 0.562720 seconds, bootstrap likelihood -20368.958736, best rearrangement setting 9
Bootstrap[7]: Time 0.526791 seconds, bootstrap likelihood -20412.256228, best rearrangement setting 15
Bootstrap[8]: Time 0.625289 seconds, bootstrap likelihood -20528.517737, best rearrangement setting 12
Bootstrap[9]: Time 0.656499 seconds, bootstrap likelihood -21016.363511, best rearrangement setting 14
Bootstrap[10]: Time 0.656525 seconds, bootstrap likelihood -20620.133790, best rearrangement setting 12
Bootstrap[11]: Time 0.588800 seconds, bootstrap likelihood -20652.132755, best rearrangement setting 8
Bootstrap[12]: Time 0.540126 seconds, bootstrap likelihood -21048.191546, best rearrangement setting 13
Bootstrap[13]: Time 0.671027 seconds, bootstrap likelihood -20852.732356, best rearrangement setting 14
Bootstrap[14]: Time 0.608708 seconds, bootstrap likelihood -20026.533195, best rearrangement setting 15
Bootstrap[15]: Time 0.513002 seconds, bootstrap likelihood -19892.633007, best rearrangement setting 6
Bootstrap[16]: Time 0.561274 seconds, bootstrap likelihood -20533.941788, best rearrangement setting 9
Bootstrap[17]: Time 0.681619 seconds, bootstrap likelihood -20833.822131, best rearrangement setting 10
Bootstrap[18]: Time 0.888117 seconds, bootstrap likelihood -20590.237724, best rearrangement setting 10
Bootstrap[19]: Time 0.511345 seconds, bootstrap likelihood -20305.926602, best rearrangement setting 12
Bootstrap[20]: Time 0.488566 seconds, bootstrap likelihood -21123.144724, best rearrangement setting 5
Bootstrap[21]: Time 0.662689 seconds, bootstrap likelihood -20662.769031, best rearrangement setting 15
Bootstrap[22]: Time 0.662321 seconds, bootstrap likelihood -20733.653740, best rearrangement setting 15
Bootstrap[23]: Time 0.652131 seconds, bootstrap likelihood -20509.570525, best rearrangement setting 12
Bootstrap[24]: Time 0.611438 seconds, bootstrap likelihood -20526.130133, best rearrangement setting 12
Bootstrap[25]: Time 0.468908 seconds, bootstrap likelihood -20322.679468, best rearrangement setting 11
Bootstrap[26]: Time 0.538209 seconds, bootstrap likelihood -20637.451469, best rearrangement setting 7
Bootstrap[27]: Time 0.651008 seconds, bootstrap likelihood -20967.844129, best rearrangement setting 7
Bootstrap[28]: Time 0.549050 seconds, bootstrap likelihood -20082.630056, best rearrangement setting 13
Bootstrap[29]: Time 0.558087 seconds, bootstrap likelihood -21421.674515, best rearrangement setting 13
Bootstrap[30]: Time 0.578409 seconds, bootstrap likelihood -19892.920823, best rearrangement setting 13
Bootstrap[31]: Time 0.593613 seconds, bootstrap likelihood -20430.547352, best rearrangement setting 15
Bootstrap[32]: Time 0.701855 seconds, bootstrap likelihood -20434.836245, best rearrangement setting 15
Bootstrap[33]: Time 0.692974 seconds, bootstrap likelihood -20466.214431, best rearrangement setting 15
Bootstrap[34]: Time 0.534459 seconds, bootstrap likelihood -20101.401422, best rearrangement setting 8
Bootstrap[35]: Time 0.563017 seconds, bootstrap likelihood -20646.871725, best rearrangement setting 7
Bootstrap[36]: Time 0.482346 seconds, bootstrap likelihood -20518.877254, best rearrangement setting 11
Bootstrap[37]: Time 0.494699 seconds, bootstrap likelihood -21130.290329, best rearrangement setting 10
Bootstrap[38]: Time 5.700076 seconds, bootstrap likelihood -21185.059808, best rearrangement setting 7
Bootstrap[39]: Time 0.519552 seconds, bootstrap likelihood -20789.007203, best rearrangement setting 12
Bootstrap[40]: Time 0.641904 seconds, bootstrap likelihood -20705.512483, best rearrangement setting 11
Bootstrap[41]: Time 0.494670 seconds, bootstrap likelihood -20088.908170, best rearrangement setting 5
Bootstrap[42]: Time 0.601926 seconds, bootstrap likelihood -20014.670904, best rearrangement setting 15
Bootstrap[43]: Time 0.595042 seconds, bootstrap likelihood -20048.854667, best rearrangement setting 11
Bootstrap[44]: Time 0.589530 seconds, bootstrap likelihood -20337.825556, best rearrangement setting 10
Bootstrap[45]: Time 0.601177 seconds, bootstrap likelihood -21115.139957, best rearrangement setting 8
Bootstrap[46]: Time 0.540801 seconds, bootstrap likelihood -21008.923080, best rearrangement setting 6
Bootstrap[47]: Time 0.609221 seconds, bootstrap likelihood -20845.728702, best rearrangement setting 9
Bootstrap[48]: Time 0.439332 seconds, bootstrap likelihood -20735.922544, best rearrangement setting 5
Bootstrap[49]: Time 0.605650 seconds, bootstrap likelihood -21408.066303, best rearrangement setting 6
Bootstrap[50]: Time 0.509676 seconds, bootstrap likelihood -20723.535225, best rearrangement setting 11
Bootstrap[51]: Time 0.581683 seconds, bootstrap likelihood -21050.819326, best rearrangement setting 14
Bootstrap[52]: Time 0.592928 seconds, bootstrap likelihood -21097.419165, best rearrangement setting 9
Bootstrap[53]: Time 0.581628 seconds, bootstrap likelihood -20536.949843, best rearrangement setting 14
Bootstrap[54]: Time 0.490098 seconds, bootstrap likelihood -21112.415911, best rearrangement setting 5
Bootstrap[55]: Time 0.680439 seconds, bootstrap likelihood -21200.202608, best rearrangement setting 13
Bootstrap[56]: Time 0.513730 seconds, bootstrap likelihood -20669.023284, best rearrangement setting 8
Bootstrap[57]: Time 0.634190 seconds, bootstrap likelihood -20527.857141, best rearrangement setting 11
Bootstrap[58]: Time 0.652694 seconds, bootstrap likelihood -20682.209663, best rearrangement setting 15
Bootstrap[59]: Time 0.468896 seconds, bootstrap likelihood -20596.229975, best rearrangement setting 5
Bootstrap[60]: Time 0.568054 seconds, bootstrap likelihood -20430.596922, best rearrangement setting 9
Bootstrap[61]: Time 1.003726 seconds, bootstrap likelihood -21176.117396, best rearrangement setting 8
Bootstrap[62]: Time 0.506047 seconds, bootstrap likelihood -21069.181501, best rearrangement setting 8
Bootstrap[63]: Time 0.586312 seconds, bootstrap likelihood -20785.797368, best rearrangement setting 13
Bootstrap[64]: Time 0.595407 seconds, bootstrap likelihood -20790.978361, best rearrangement setting 7
Bootstrap[65]: Time 0.557390 seconds, bootstrap likelihood -20600.437248, best rearrangement setting 15
Bootstrap[66]: Time 0.540983 seconds, bootstrap likelihood -20133.372011, best rearrangement setting 11
Bootstrap[67]: Time 0.515159 seconds, bootstrap likelihood -21031.102471, best rearrangement setting 5
Bootstrap[68]: Time 0.504937 seconds, bootstrap likelihood -20426.897517, best rearrangement setting 14
Bootstrap[69]: Time 0.495381 seconds, bootstrap likelihood -20849.972857, best rearrangement setting 6
Bootstrap[70]: Time 0.569999 seconds, bootstrap likelihood -20289.138202, best rearrangement setting 6
Bootstrap[71]: Time 0.657907 seconds, bootstrap likelihood -20495.191680, best rearrangement setting 11
Bootstrap[72]: Time 0.518512 seconds, bootstrap likelihood -21194.802460, best rearrangement setting 7
Bootstrap[73]: Time 0.609816 seconds, bootstrap likelihood -21033.011420, best rearrangement setting 14
Bootstrap[74]: Time 0.525965 seconds, bootstrap likelihood -20116.854914, best rearrangement setting 13
Bootstrap[75]: Time 0.554255 seconds, bootstrap likelihood -20119.181665, best rearrangement setting 12
Bootstrap[76]: Time 0.579084 seconds, bootstrap likelihood -20674.565730, best rearrangement setting 14
Bootstrap[77]: Time 0.544729 seconds, bootstrap likelihood -20236.472689, best rearrangement setting 9
Bootstrap[78]: Time 0.497903 seconds, bootstrap likelihood -21158.694099, best rearrangement setting 12
Bootstrap[79]: Time 0.610036 seconds, bootstrap likelihood -19901.198731, best rearrangement setting 15
Bootstrap[80]: Time 0.661495 seconds, bootstrap likelihood -20581.304576, best rearrangement setting 13
Bootstrap[81]: Time 0.515815 seconds, bootstrap likelihood -20638.056628, best rearrangement setting 5
Bootstrap[82]: Time 0.736367 seconds, bootstrap likelihood -20806.041493, best rearrangement setting 11
Bootstrap[83]: Time 0.546016 seconds, bootstrap likelihood -20704.230905, best rearrangement setting 13
Bootstrap[84]: Time 0.511626 seconds, bootstrap likelihood -20710.252418, best rearrangement setting 6
Bootstrap[85]: Time 0.515751 seconds, bootstrap likelihood -20280.746186, best rearrangement setting 5
Bootstrap[86]: Time 0.450534 seconds, bootstrap likelihood -21263.498924, best rearrangement setting 5
Bootstrap[87]: Time 0.890353 seconds, bootstrap likelihood -20196.136696, best rearrangement setting 12
Bootstrap[88]: Time 0.476473 seconds, bootstrap likelihood -20770.992771, best rearrangement setting 5
Bootstrap[89]: Time 0.596905 seconds, bootstrap likelihood -20617.131833, best rearrangement setting 8
Bootstrap[90]: Time 0.508558 seconds, bootstrap likelihood -20109.312367, best rearrangement setting 6
Bootstrap[91]: Time 0.622011 seconds, bootstrap likelihood -21021.249709, best rearrangement setting 7
Bootstrap[92]: Time 0.569158 seconds, bootstrap likelihood -19880.811525, best rearrangement setting 15
Bootstrap[93]: Time 0.451034 seconds, bootstrap likelihood -19856.637695, best rearrangement setting 6
Bootstrap[94]: Time 0.554598 seconds, bootstrap likelihood -20743.963683, best rearrangement setting 12
Bootstrap[95]: Time 0.609260 seconds, bootstrap likelihood -20936.728497, best rearrangement setting 12
Bootstrap[96]: Time 0.474783 seconds, bootstrap likelihood -20708.413195, best rearrangement setting 13
Bootstrap[97]: Time 0.494069 seconds, bootstrap likelihood -21298.729685, best rearrangement setting 5
Bootstrap[98]: Time 0.563142 seconds, bootstrap likelihood -20415.571410, best rearrangement setting 6
Bootstrap[99]: Time 0.554126 seconds, bootstrap likelihood -21422.983712, best rearrangement setting 11


Overall Time for 100 Rapid Bootstraps 63.204040 seconds
Average Time per Rapid Bootstrap 0.632040 seconds

Starting ML Search ...

Fast ML optimization finished

Fast ML search Time: 58.539442 seconds

Slow ML Search 0 Likelihood: -20687.914744
Slow ML Search 1 Likelihood: -20688.589792
Slow ML Search 2 Likelihood: -20691.166138
Slow ML Search 3 Likelihood: -20691.767898
Slow ML Search 4 Likelihood: -20691.767898
Slow ML Search 5 Likelihood: -20694.740440
Slow ML Search 6 Likelihood: -20694.871531
Slow ML Search 7 Likelihood: -20694.961313
Slow ML Search 8 Likelihood: -20696.697390
Slow ML Search 9 Likelihood: -20696.767216
Slow ML optimization finished

Slow ML search Time: 9.981584 seconds
Thorough ML search Time: 1.192814 seconds

Final ML Optimization Likelihood: -20687.914743

Model Information:

Model Parameters of Partition 0, Name: No Name Provided, Type of Data: DNA
alpha: 0.306028
Tree-Length: 1.601056
rate A <-> C: 2.502608
rate A <-> G: 9.358569
rate A <-> T: 1.020863
rate C <-> G: 1.016838
rate C <-> T: 11.651879
rate G <-> T: 1.000000

freq pi(A): 0.390350
freq pi(C): 0.165802
freq pi(G): 0.227100
freq pi(T): 0.216748


ML search took 69.720198 secs or 0.019367 hours

Combined Bootstrap and ML search took 132.924378 secs or 0.036923 hours

Drawing Bootstrap Support Values on best-scoring ML tree ...



Found 1 tree in File /gpfs_home/mhowison/code/hiv-profile-sampling/scratch/trees/pol/RAxML_bestTree.sample.210



Found 1 tree in File /gpfs_home/mhowison/code/hiv-profile-sampling/scratch/trees/pol/RAxML_bestTree.sample.210

Program execution info written to /gpfs_home/mhowison/code/hiv-profile-sampling/scratch/trees/pol/RAxML_info.sample.210
All 100 bootstrapped trees written to: /gpfs_home/mhowison/code/hiv-profile-sampling/scratch/trees/pol/RAxML_bootstrap.sample.210

Best-scoring ML tree written to: /gpfs_home/mhowison/code/hiv-profile-sampling/scratch/trees/pol/RAxML_bestTree.sample.210

Best-scoring ML tree with support values written to: /gpfs_home/mhowison/code/hiv-profile-sampling/scratch/trees/pol/RAxML_bipartitions.sample.210

Best-scoring ML tree with support values as branch labels written to: /gpfs_home/mhowison/code/hiv-profile-sampling/scratch/trees/pol/RAxML_bipartitionsBranchLabels.sample.210

Overall execution time for full ML analysis: 132.928413 secs or 0.036925 hours or 0.001539 days

