srun: job 262073 queued and waiting for resources
srun: job 262073 has been allocated resources
Warning, you specified a working directory via "-w"
Keep in mind that RAxML only accepts absolute path names, not relative ones!

RAxML can't, parse the alignment file as phylip file 
it will now try to parse it as FASTA file



Using BFGS method to optimize GTR rate parameters, to disable this specify "--no-bfgs" 


This is the RAxML Master Pthread

This is RAxML Worker Pthread Number: 3

This is RAxML Worker Pthread Number: 5

This is RAxML Worker Pthread Number: 1

This is RAxML Worker Pthread Number: 2

This is RAxML Worker Pthread Number: 4

This is RAxML Worker Pthread Number: 6

This is RAxML Worker Pthread Number: 8

This is RAxML Worker Pthread Number: 7

This is RAxML Worker Pthread Number: 9

This is RAxML Worker Pthread Number: 10

This is RAxML Worker Pthread Number: 12

This is RAxML Worker Pthread Number: 13

This is RAxML Worker Pthread Number: 11

This is RAxML Worker Pthread Number: 14

This is RAxML Worker Pthread Number: 16

This is RAxML Worker Pthread Number: 15

This is RAxML Worker Pthread Number: 17

This is RAxML Worker Pthread Number: 19

This is RAxML Worker Pthread Number: 18


This is RAxML version 8.2.12 released by Alexandros Stamatakis on May 2018.

With greatly appreciated code contributions by:
Andre Aberer      (HITS)
Simon Berger      (HITS)
Alexey Kozlov     (HITS)
Kassian Kobert    (HITS)
David Dao         (KIT and HITS)
Sarah Lutteropp   (KIT and HITS)
Nick Pattengale   (Sandia)
Wayne Pfeiffer    (SDSC)
Akifumi S. Tanabe (NRIFS)
Charlie Taylor    (UF)


Alignment has 1185 distinct alignment patterns

Proportion of gaps and completely undetermined characters in this alignment: 5.95%

RAxML rapid bootstrapping and subsequent ML search

Using 1 distinct models/data partitions with joint branch length optimization



Executing 100 rapid bootstrap inferences and thereafter a thorough ML search 

All free model parameters will be estimated by RAxML
GAMMA model of rate heterogeneity, ML estimate of alpha-parameter

GAMMA Model parameters will be estimated up to an accuracy of 0.1000000000 Log Likelihood units

Partition: 0
Alignment Patterns: 1185
Name: No Name Provided
DataType: DNA
Substitution Matrix: GTR




RAxML was called as follows:

raxmlHPC-PTHREADS-AVX -T 20 -s scratch/aligned/pol/sample.330.fa -p 9293091772 -x 9293091772 -f a -N 100 -m GTRGAMMA -w /gpfs_home/mhowison/code/hiv-profile-sampling/scratch/trees/pol -n sample.330 



Time for BS model parameter optimization 0.051575
Bootstrap[0]: Time 1.531814 seconds, bootstrap likelihood -20705.757430, best rearrangement setting 7
Bootstrap[1]: Time 0.475616 seconds, bootstrap likelihood -20737.775772, best rearrangement setting 13
Bootstrap[2]: Time 0.495680 seconds, bootstrap likelihood -20957.899181, best rearrangement setting 14
Bootstrap[3]: Time 0.531475 seconds, bootstrap likelihood -21039.415021, best rearrangement setting 10
Bootstrap[4]: Time 0.520265 seconds, bootstrap likelihood -20343.574185, best rearrangement setting 9
Bootstrap[5]: Time 0.550735 seconds, bootstrap likelihood -20852.734124, best rearrangement setting 13
Bootstrap[6]: Time 0.442796 seconds, bootstrap likelihood -19897.919584, best rearrangement setting 6
Bootstrap[7]: Time 0.435084 seconds, bootstrap likelihood -20668.861021, best rearrangement setting 5
Bootstrap[8]: Time 0.519417 seconds, bootstrap likelihood -21122.191416, best rearrangement setting 11
Bootstrap[9]: Time 0.454673 seconds, bootstrap likelihood -20134.329809, best rearrangement setting 12
Bootstrap[10]: Time 0.498165 seconds, bootstrap likelihood -20636.608022, best rearrangement setting 9
Bootstrap[11]: Time 0.462689 seconds, bootstrap likelihood -20960.993007, best rearrangement setting 6
Bootstrap[12]: Time 0.473126 seconds, bootstrap likelihood -20487.008224, best rearrangement setting 7
Bootstrap[13]: Time 0.499779 seconds, bootstrap likelihood -20526.012241, best rearrangement setting 9
Bootstrap[14]: Time 0.392482 seconds, bootstrap likelihood -21022.994582, best rearrangement setting 5
Bootstrap[15]: Time 0.506998 seconds, bootstrap likelihood -21502.222124, best rearrangement setting 10
Bootstrap[16]: Time 0.433128 seconds, bootstrap likelihood -19796.277272, best rearrangement setting 5
Bootstrap[17]: Time 0.518196 seconds, bootstrap likelihood -20678.370318, best rearrangement setting 7
Bootstrap[18]: Time 0.419205 seconds, bootstrap likelihood -20535.145401, best rearrangement setting 5
Bootstrap[19]: Time 0.518040 seconds, bootstrap likelihood -20861.424460, best rearrangement setting 14
Bootstrap[20]: Time 0.431578 seconds, bootstrap likelihood -20831.029791, best rearrangement setting 6
Bootstrap[21]: Time 0.530900 seconds, bootstrap likelihood -20360.965225, best rearrangement setting 15
Bootstrap[22]: Time 0.544924 seconds, bootstrap likelihood -20059.222714, best rearrangement setting 12
Bootstrap[23]: Time 0.640218 seconds, bootstrap likelihood -20982.920125, best rearrangement setting 10
Bootstrap[24]: Time 0.895092 seconds, bootstrap likelihood -21110.278430, best rearrangement setting 11
Bootstrap[25]: Time 0.466111 seconds, bootstrap likelihood -20262.445822, best rearrangement setting 15
Bootstrap[26]: Time 0.484930 seconds, bootstrap likelihood -21007.506242, best rearrangement setting 5
Bootstrap[27]: Time 0.475337 seconds, bootstrap likelihood -20188.314193, best rearrangement setting 12
Bootstrap[28]: Time 0.462414 seconds, bootstrap likelihood -20962.375773, best rearrangement setting 14
Bootstrap[29]: Time 0.478809 seconds, bootstrap likelihood -19725.983394, best rearrangement setting 14
Bootstrap[30]: Time 0.578261 seconds, bootstrap likelihood -20274.809666, best rearrangement setting 11
Bootstrap[31]: Time 0.522953 seconds, bootstrap likelihood -21263.667060, best rearrangement setting 6
Bootstrap[32]: Time 0.488258 seconds, bootstrap likelihood -20921.503231, best rearrangement setting 15
Bootstrap[33]: Time 0.446837 seconds, bootstrap likelihood -20307.469437, best rearrangement setting 5
Bootstrap[34]: Time 0.486568 seconds, bootstrap likelihood -20776.776932, best rearrangement setting 11
Bootstrap[35]: Time 0.432355 seconds, bootstrap likelihood -21336.731436, best rearrangement setting 8
Bootstrap[36]: Time 0.597558 seconds, bootstrap likelihood -21515.434354, best rearrangement setting 13
Bootstrap[37]: Time 0.431103 seconds, bootstrap likelihood -20815.806433, best rearrangement setting 5
Bootstrap[38]: Time 0.594508 seconds, bootstrap likelihood -21569.509029, best rearrangement setting 12
Bootstrap[39]: Time 0.639258 seconds, bootstrap likelihood -20731.133049, best rearrangement setting 10
Bootstrap[40]: Time 0.551934 seconds, bootstrap likelihood -19820.750776, best rearrangement setting 9
Bootstrap[41]: Time 0.543600 seconds, bootstrap likelihood -21006.844680, best rearrangement setting 9
Bootstrap[42]: Time 0.529145 seconds, bootstrap likelihood -20561.429115, best rearrangement setting 9
Bootstrap[43]: Time 0.488141 seconds, bootstrap likelihood -20170.800670, best rearrangement setting 15
Bootstrap[44]: Time 0.495205 seconds, bootstrap likelihood -20498.703658, best rearrangement setting 12
Bootstrap[45]: Time 0.566416 seconds, bootstrap likelihood -21000.610644, best rearrangement setting 15
Bootstrap[46]: Time 0.502475 seconds, bootstrap likelihood -20005.773161, best rearrangement setting 10
Bootstrap[47]: Time 0.507042 seconds, bootstrap likelihood -20525.729109, best rearrangement setting 11
Bootstrap[48]: Time 0.454809 seconds, bootstrap likelihood -21353.729950, best rearrangement setting 5
Bootstrap[49]: Time 0.528053 seconds, bootstrap likelihood -20824.841678, best rearrangement setting 12
Bootstrap[50]: Time 0.519193 seconds, bootstrap likelihood -21004.556543, best rearrangement setting 14
Bootstrap[51]: Time 7.774659 seconds, bootstrap likelihood -20980.982658, best rearrangement setting 11
Bootstrap[52]: Time 0.440388 seconds, bootstrap likelihood -20512.240254, best rearrangement setting 6
Bootstrap[53]: Time 7.526645 seconds, bootstrap likelihood -20374.461382, best rearrangement setting 7
Bootstrap[54]: Time 0.492292 seconds, bootstrap likelihood -21096.811794, best rearrangement setting 11
Bootstrap[55]: Time 0.435721 seconds, bootstrap likelihood -20655.617099, best rearrangement setting 6
Bootstrap[56]: Time 0.441800 seconds, bootstrap likelihood -20744.975090, best rearrangement setting 13
Bootstrap[57]: Time 0.475306 seconds, bootstrap likelihood -21230.504023, best rearrangement setting 14
Bootstrap[58]: Time 0.512680 seconds, bootstrap likelihood -20944.546221, best rearrangement setting 6
Bootstrap[59]: Time 0.484046 seconds, bootstrap likelihood -20982.646805, best rearrangement setting 6
Bootstrap[60]: Time 0.508653 seconds, bootstrap likelihood -21210.068439, best rearrangement setting 7
Bootstrap[61]: Time 0.459110 seconds, bootstrap likelihood -20819.929824, best rearrangement setting 8
Bootstrap[62]: Time 0.538045 seconds, bootstrap likelihood -20039.589386, best rearrangement setting 15
Bootstrap[63]: Time 0.592756 seconds, bootstrap likelihood -20925.182057, best rearrangement setting 14
Bootstrap[64]: Time 0.480283 seconds, bootstrap likelihood -20114.565523, best rearrangement setting 6
Bootstrap[65]: Time 0.515018 seconds, bootstrap likelihood -21853.309336, best rearrangement setting 14
Bootstrap[66]: Time 0.479949 seconds, bootstrap likelihood -20597.783933, best rearrangement setting 7
Bootstrap[67]: Time 2.064628 seconds, bootstrap likelihood -20535.992115, best rearrangement setting 12
Bootstrap[68]: Time 0.494282 seconds, bootstrap likelihood -20824.033411, best rearrangement setting 5
Bootstrap[69]: Time 0.477797 seconds, bootstrap likelihood -20761.186588, best rearrangement setting 15
Bootstrap[70]: Time 0.484211 seconds, bootstrap likelihood -20919.701045, best rearrangement setting 6
Bootstrap[71]: Time 0.455323 seconds, bootstrap likelihood -21076.671973, best rearrangement setting 9
Bootstrap[72]: Time 0.450033 seconds, bootstrap likelihood -20144.551407, best rearrangement setting 5
Bootstrap[73]: Time 0.560645 seconds, bootstrap likelihood -20368.032914, best rearrangement setting 10
Bootstrap[74]: Time 0.501273 seconds, bootstrap likelihood -20545.257053, best rearrangement setting 12
Bootstrap[75]: Time 0.458798 seconds, bootstrap likelihood -20476.413784, best rearrangement setting 6
Bootstrap[76]: Time 0.598716 seconds, bootstrap likelihood -20980.020549, best rearrangement setting 12
Bootstrap[77]: Time 0.571284 seconds, bootstrap likelihood -21170.486341, best rearrangement setting 10
Bootstrap[78]: Time 0.547578 seconds, bootstrap likelihood -20786.139882, best rearrangement setting 14
Bootstrap[79]: Time 0.915189 seconds, bootstrap likelihood -21256.984812, best rearrangement setting 5
Bootstrap[80]: Time 0.529898 seconds, bootstrap likelihood -20260.881434, best rearrangement setting 8
Bootstrap[81]: Time 0.462549 seconds, bootstrap likelihood -20984.292191, best rearrangement setting 7
Bootstrap[82]: Time 0.534069 seconds, bootstrap likelihood -20307.488603, best rearrangement setting 15
Bootstrap[83]: Time 0.501394 seconds, bootstrap likelihood -20039.727534, best rearrangement setting 8
Bootstrap[84]: Time 0.457820 seconds, bootstrap likelihood -19855.773878, best rearrangement setting 15
Bootstrap[85]: Time 0.450715 seconds, bootstrap likelihood -20075.248790, best rearrangement setting 6
Bootstrap[86]: Time 0.536729 seconds, bootstrap likelihood -20711.607303, best rearrangement setting 7
Bootstrap[87]: Time 0.675896 seconds, bootstrap likelihood -20826.390080, best rearrangement setting 13
Bootstrap[88]: Time 0.417355 seconds, bootstrap likelihood -20341.811033, best rearrangement setting 5
Bootstrap[89]: Time 0.533941 seconds, bootstrap likelihood -20764.562198, best rearrangement setting 9
Bootstrap[90]: Time 0.555337 seconds, bootstrap likelihood -20978.623390, best rearrangement setting 8
Bootstrap[91]: Time 0.411178 seconds, bootstrap likelihood -21221.626516, best rearrangement setting 5
Bootstrap[92]: Time 0.484695 seconds, bootstrap likelihood -20730.170950, best rearrangement setting 6
Bootstrap[93]: Time 0.542347 seconds, bootstrap likelihood -20502.470288, best rearrangement setting 13
Bootstrap[94]: Time 0.447892 seconds, bootstrap likelihood -20392.309180, best rearrangement setting 14
Bootstrap[95]: Time 0.478771 seconds, bootstrap likelihood -20417.759847, best rearrangement setting 11
Bootstrap[96]: Time 0.582411 seconds, bootstrap likelihood -21063.362093, best rearrangement setting 9
Bootstrap[97]: Time 0.475982 seconds, bootstrap likelihood -20601.232520, best rearrangement setting 11
Bootstrap[98]: Time 0.639194 seconds, bootstrap likelihood -19913.380080, best rearrangement setting 10
Bootstrap[99]: Time 0.568517 seconds, bootstrap likelihood -20672.140647, best rearrangement setting 13


Overall Time for 100 Rapid Bootstraps 68.170255 seconds
Average Time per Rapid Bootstrap 0.681703 seconds

Starting ML Search ...

Fast ML optimization finished

Fast ML search Time: 48.359395 seconds

Slow ML Search 0 Likelihood: -20737.215694
Slow ML Search 1 Likelihood: -20737.215693
Slow ML Search 2 Likelihood: -20737.215694
Slow ML Search 3 Likelihood: -20737.215694
Slow ML Search 4 Likelihood: -20737.215694
Slow ML Search 5 Likelihood: -20737.215694
Slow ML Search 6 Likelihood: -20738.740699
Slow ML Search 7 Likelihood: -20738.740699
Slow ML Search 8 Likelihood: -20740.047383
Slow ML Search 9 Likelihood: -20740.677021
Slow ML optimization finished

Slow ML search Time: 10.179879 seconds
Thorough ML search Time: 1.094664 seconds

Final ML Optimization Likelihood: -20737.215564

Model Information:

Model Parameters of Partition 0, Name: No Name Provided, Type of Data: DNA
alpha: 0.306594
Tree-Length: 1.591615
rate A <-> C: 2.452800
rate A <-> G: 9.189679
rate A <-> T: 0.959592
rate C <-> G: 1.060303
rate C <-> T: 11.096146
rate G <-> T: 1.000000

freq pi(A): 0.390197
freq pi(C): 0.165840
freq pi(G): 0.227512
freq pi(T): 0.216451


ML search took 59.683763 secs or 0.016579 hours

Combined Bootstrap and ML search took 127.854149 secs or 0.035515 hours

Drawing Bootstrap Support Values on best-scoring ML tree ...



Found 1 tree in File /gpfs_home/mhowison/code/hiv-profile-sampling/scratch/trees/pol/RAxML_bestTree.sample.330



Found 1 tree in File /gpfs_home/mhowison/code/hiv-profile-sampling/scratch/trees/pol/RAxML_bestTree.sample.330

Program execution info written to /gpfs_home/mhowison/code/hiv-profile-sampling/scratch/trees/pol/RAxML_info.sample.330
All 100 bootstrapped trees written to: /gpfs_home/mhowison/code/hiv-profile-sampling/scratch/trees/pol/RAxML_bootstrap.sample.330

Best-scoring ML tree written to: /gpfs_home/mhowison/code/hiv-profile-sampling/scratch/trees/pol/RAxML_bestTree.sample.330

Best-scoring ML tree with support values written to: /gpfs_home/mhowison/code/hiv-profile-sampling/scratch/trees/pol/RAxML_bipartitions.sample.330

Best-scoring ML tree with support values as branch labels written to: /gpfs_home/mhowison/code/hiv-profile-sampling/scratch/trees/pol/RAxML_bipartitionsBranchLabels.sample.330

Overall execution time for full ML analysis: 127.912149 secs or 0.035531 hours or 0.001480 days

