srun: job 262035 queued and waiting for resources
srun: job 262035 has been allocated resources
Warning, you specified a working directory via "-w"
Keep in mind that RAxML only accepts absolute path names, not relative ones!

RAxML can't, parse the alignment file as phylip file 
it will now try to parse it as FASTA file



Using BFGS method to optimize GTR rate parameters, to disable this specify "--no-bfgs" 


This is the RAxML Master Pthread

This is RAxML Worker Pthread Number: 4

This is RAxML Worker Pthread Number: 2

This is RAxML Worker Pthread Number: 1

This is RAxML Worker Pthread Number: 5

This is RAxML Worker Pthread Number: 3

This is RAxML Worker Pthread Number: 7

This is RAxML Worker Pthread Number: 6

This is RAxML Worker Pthread Number: 8

This is RAxML Worker Pthread Number: 12

This is RAxML Worker Pthread Number: 10

This is RAxML Worker Pthread Number: 13

This is RAxML Worker Pthread Number: 9

This is RAxML Worker Pthread Number: 11

This is RAxML Worker Pthread Number: 14

This is RAxML Worker Pthread Number: 16

This is RAxML Worker Pthread Number: 18

This is RAxML Worker Pthread Number: 17

This is RAxML Worker Pthread Number: 15

This is RAxML Worker Pthread Number: 19


This is RAxML version 8.2.12 released by Alexandros Stamatakis on May 2018.

With greatly appreciated code contributions by:
Andre Aberer      (HITS)
Simon Berger      (HITS)
Alexey Kozlov     (HITS)
Kassian Kobert    (HITS)
David Dao         (KIT and HITS)
Sarah Lutteropp   (KIT and HITS)
Nick Pattengale   (Sandia)
Wayne Pfeiffer    (SDSC)
Akifumi S. Tanabe (NRIFS)
Charlie Taylor    (UF)


Alignment has 1184 distinct alignment patterns

Proportion of gaps and completely undetermined characters in this alignment: 5.94%

RAxML rapid bootstrapping and subsequent ML search

Using 1 distinct models/data partitions with joint branch length optimization



Executing 100 rapid bootstrap inferences and thereafter a thorough ML search 

All free model parameters will be estimated by RAxML
GAMMA model of rate heterogeneity, ML estimate of alpha-parameter

GAMMA Model parameters will be estimated up to an accuracy of 0.1000000000 Log Likelihood units

Partition: 0
Alignment Patterns: 1184
Name: No Name Provided
DataType: DNA
Substitution Matrix: GTR




RAxML was called as follows:

raxmlHPC-PTHREADS-AVX -T 20 -s scratch/aligned/pol/sample.320.fa -p 8044215842 -x 8044215842 -f a -N 100 -m GTRGAMMA -w /gpfs_home/mhowison/code/hiv-profile-sampling/scratch/trees/pol -n sample.320 



Time for BS model parameter optimization 0.053019
Bootstrap[0]: Time 1.196053 seconds, bootstrap likelihood -20173.340257, best rearrangement setting 9
Bootstrap[1]: Time 0.563639 seconds, bootstrap likelihood -21125.455512, best rearrangement setting 12
Bootstrap[2]: Time 0.540038 seconds, bootstrap likelihood -20006.573603, best rearrangement setting 10
Bootstrap[3]: Time 0.444935 seconds, bootstrap likelihood -20439.033780, best rearrangement setting 5
Bootstrap[4]: Time 0.541181 seconds, bootstrap likelihood -20769.261939, best rearrangement setting 14
Bootstrap[5]: Time 0.478137 seconds, bootstrap likelihood -20735.676923, best rearrangement setting 7
Bootstrap[6]: Time 0.524551 seconds, bootstrap likelihood -20808.533099, best rearrangement setting 10
Bootstrap[7]: Time 0.528922 seconds, bootstrap likelihood -21015.400260, best rearrangement setting 14
Bootstrap[8]: Time 0.541713 seconds, bootstrap likelihood -21119.537739, best rearrangement setting 8
Bootstrap[9]: Time 1.410249 seconds, bootstrap likelihood -21025.939930, best rearrangement setting 15
Bootstrap[10]: Time 0.553919 seconds, bootstrap likelihood -21205.760106, best rearrangement setting 8
Bootstrap[11]: Time 0.625621 seconds, bootstrap likelihood -20504.746471, best rearrangement setting 13
Bootstrap[12]: Time 0.532587 seconds, bootstrap likelihood -21033.854764, best rearrangement setting 9
Bootstrap[13]: Time 0.601010 seconds, bootstrap likelihood -21583.125543, best rearrangement setting 13
Bootstrap[14]: Time 0.568093 seconds, bootstrap likelihood -20374.295724, best rearrangement setting 14
Bootstrap[15]: Time 0.588874 seconds, bootstrap likelihood -20897.730083, best rearrangement setting 14
Bootstrap[16]: Time 0.591573 seconds, bootstrap likelihood -21236.959456, best rearrangement setting 12
Bootstrap[17]: Time 0.553843 seconds, bootstrap likelihood -20278.483922, best rearrangement setting 15
Bootstrap[18]: Time 0.525247 seconds, bootstrap likelihood -20924.094245, best rearrangement setting 11
Bootstrap[19]: Time 0.530043 seconds, bootstrap likelihood -20478.209138, best rearrangement setting 12
Bootstrap[20]: Time 0.547256 seconds, bootstrap likelihood -20292.364244, best rearrangement setting 12
Bootstrap[21]: Time 0.661223 seconds, bootstrap likelihood -21311.099989, best rearrangement setting 10
Bootstrap[22]: Time 1.739684 seconds, bootstrap likelihood -20580.252548, best rearrangement setting 6
Bootstrap[23]: Time 1.057140 seconds, bootstrap likelihood -20908.865856, best rearrangement setting 11
Bootstrap[24]: Time 0.560900 seconds, bootstrap likelihood -20988.317016, best rearrangement setting 8
Bootstrap[25]: Time 1.111502 seconds, bootstrap likelihood -20070.001341, best rearrangement setting 15
Bootstrap[26]: Time 2.602935 seconds, bootstrap likelihood -20787.184291, best rearrangement setting 7
Bootstrap[27]: Time 0.575370 seconds, bootstrap likelihood -20416.697844, best rearrangement setting 15
Bootstrap[28]: Time 0.624633 seconds, bootstrap likelihood -20969.822841, best rearrangement setting 15
Bootstrap[29]: Time 0.926967 seconds, bootstrap likelihood -21339.861931, best rearrangement setting 10
Bootstrap[30]: Time 0.544462 seconds, bootstrap likelihood -20538.741766, best rearrangement setting 10
Bootstrap[31]: Time 4.238608 seconds, bootstrap likelihood -20127.311740, best rearrangement setting 13
Bootstrap[32]: Time 0.462170 seconds, bootstrap likelihood -20186.667294, best rearrangement setting 6
Bootstrap[33]: Time 1.794267 seconds, bootstrap likelihood -20232.698662, best rearrangement setting 12
Bootstrap[34]: Time 1.800352 seconds, bootstrap likelihood -21076.732634, best rearrangement setting 13
Bootstrap[35]: Time 0.647900 seconds, bootstrap likelihood -20859.438399, best rearrangement setting 13
Bootstrap[36]: Time 0.537635 seconds, bootstrap likelihood -20539.599258, best rearrangement setting 10
Bootstrap[37]: Time 0.520527 seconds, bootstrap likelihood -20194.007775, best rearrangement setting 11
Bootstrap[38]: Time 1.444781 seconds, bootstrap likelihood -20855.293931, best rearrangement setting 12
Bootstrap[39]: Time 0.682780 seconds, bootstrap likelihood -20976.439789, best rearrangement setting 9
Bootstrap[40]: Time 0.598322 seconds, bootstrap likelihood -21207.526883, best rearrangement setting 12
Bootstrap[41]: Time 2.299573 seconds, bootstrap likelihood -20550.215780, best rearrangement setting 12
Bootstrap[42]: Time 0.582885 seconds, bootstrap likelihood -20887.135106, best rearrangement setting 10
Bootstrap[43]: Time 0.539234 seconds, bootstrap likelihood -21210.597269, best rearrangement setting 12
Bootstrap[44]: Time 0.596015 seconds, bootstrap likelihood -20451.605859, best rearrangement setting 9
Bootstrap[45]: Time 0.560503 seconds, bootstrap likelihood -21089.275001, best rearrangement setting 5
Bootstrap[46]: Time 0.581284 seconds, bootstrap likelihood -21287.496307, best rearrangement setting 12
Bootstrap[47]: Time 0.551928 seconds, bootstrap likelihood -20732.557715, best rearrangement setting 7
Bootstrap[48]: Time 0.548252 seconds, bootstrap likelihood -21331.320060, best rearrangement setting 7
Bootstrap[49]: Time 0.609045 seconds, bootstrap likelihood -21276.880938, best rearrangement setting 12
Bootstrap[50]: Time 9.884275 seconds, bootstrap likelihood -21281.525947, best rearrangement setting 15
Bootstrap[51]: Time 0.555251 seconds, bootstrap likelihood -21463.553088, best rearrangement setting 13
Bootstrap[52]: Time 0.555999 seconds, bootstrap likelihood -20692.564319, best rearrangement setting 15
Bootstrap[53]: Time 9.017407 seconds, bootstrap likelihood -20399.531161, best rearrangement setting 14
Bootstrap[54]: Time 0.559151 seconds, bootstrap likelihood -20840.131307, best rearrangement setting 13
Bootstrap[55]: Time 0.446726 seconds, bootstrap likelihood -21297.232480, best rearrangement setting 5
Bootstrap[56]: Time 0.498288 seconds, bootstrap likelihood -20430.762565, best rearrangement setting 6
Bootstrap[57]: Time 0.464336 seconds, bootstrap likelihood -21130.230478, best rearrangement setting 5
Bootstrap[58]: Time 0.467756 seconds, bootstrap likelihood -20908.687294, best rearrangement setting 5
Bootstrap[59]: Time 0.477240 seconds, bootstrap likelihood -20426.416147, best rearrangement setting 5
Bootstrap[60]: Time 0.607232 seconds, bootstrap likelihood -20825.843591, best rearrangement setting 6
Bootstrap[61]: Time 0.597410 seconds, bootstrap likelihood -20722.349474, best rearrangement setting 11
Bootstrap[62]: Time 0.536789 seconds, bootstrap likelihood -20684.216172, best rearrangement setting 11
Bootstrap[63]: Time 0.458086 seconds, bootstrap likelihood -21168.302577, best rearrangement setting 5
Bootstrap[64]: Time 0.544822 seconds, bootstrap likelihood -21348.894064, best rearrangement setting 13
Bootstrap[65]: Time 0.580100 seconds, bootstrap likelihood -21718.377813, best rearrangement setting 12
Bootstrap[66]: Time 3.687922 seconds, bootstrap likelihood -21357.021336, best rearrangement setting 11
Bootstrap[67]: Time 0.710636 seconds, bootstrap likelihood -19779.893830, best rearrangement setting 11
Bootstrap[68]: Time 2.886105 seconds, bootstrap likelihood -20269.540404, best rearrangement setting 14
Bootstrap[69]: Time 0.568072 seconds, bootstrap likelihood -21332.095421, best rearrangement setting 14
Bootstrap[70]: Time 0.589799 seconds, bootstrap likelihood -20970.306572, best rearrangement setting 10
Bootstrap[71]: Time 0.552343 seconds, bootstrap likelihood -21215.143408, best rearrangement setting 6
Bootstrap[72]: Time 0.658066 seconds, bootstrap likelihood -20172.598952, best rearrangement setting 15
Bootstrap[73]: Time 0.569097 seconds, bootstrap likelihood -20651.958586, best rearrangement setting 13
Bootstrap[74]: Time 0.592568 seconds, bootstrap likelihood -20234.639168, best rearrangement setting 7
Bootstrap[75]: Time 0.499851 seconds, bootstrap likelihood -20156.466134, best rearrangement setting 5
Bootstrap[76]: Time 0.614074 seconds, bootstrap likelihood -20354.055054, best rearrangement setting 12
Bootstrap[77]: Time 0.606661 seconds, bootstrap likelihood -20900.460515, best rearrangement setting 15
Bootstrap[78]: Time 0.531204 seconds, bootstrap likelihood -20979.612176, best rearrangement setting 8
Bootstrap[79]: Time 1.135403 seconds, bootstrap likelihood -20435.076607, best rearrangement setting 10
Bootstrap[80]: Time 0.823624 seconds, bootstrap likelihood -21193.841625, best rearrangement setting 7
Bootstrap[81]: Time 3.767441 seconds, bootstrap likelihood -20804.453167, best rearrangement setting 5
Bootstrap[82]: Time 5.096194 seconds, bootstrap likelihood -20342.286022, best rearrangement setting 11
Bootstrap[83]: Time 0.608028 seconds, bootstrap likelihood -20663.810512, best rearrangement setting 11
Bootstrap[84]: Time 0.597422 seconds, bootstrap likelihood -21015.987440, best rearrangement setting 6
Bootstrap[85]: Time 0.598813 seconds, bootstrap likelihood -21022.414449, best rearrangement setting 13
Bootstrap[86]: Time 2.711177 seconds, bootstrap likelihood -21300.770720, best rearrangement setting 11
Bootstrap[87]: Time 0.640183 seconds, bootstrap likelihood -20739.116803, best rearrangement setting 10
Bootstrap[88]: Time 0.601836 seconds, bootstrap likelihood -21226.261384, best rearrangement setting 12
Bootstrap[89]: Time 0.603744 seconds, bootstrap likelihood -20777.162090, best rearrangement setting 13
Bootstrap[90]: Time 0.564829 seconds, bootstrap likelihood -20222.504354, best rearrangement setting 10
Bootstrap[91]: Time 0.580859 seconds, bootstrap likelihood -21016.449194, best rearrangement setting 9
Bootstrap[92]: Time 0.540321 seconds, bootstrap likelihood -20490.423743, best rearrangement setting 6
Bootstrap[93]: Time 0.533196 seconds, bootstrap likelihood -20380.111613, best rearrangement setting 12
Bootstrap[94]: Time 0.662581 seconds, bootstrap likelihood -19182.536504, best rearrangement setting 12
Bootstrap[95]: Time 0.588644 seconds, bootstrap likelihood -20968.759369, best rearrangement setting 10
Bootstrap[96]: Time 0.608309 seconds, bootstrap likelihood -20853.233122, best rearrangement setting 9
Bootstrap[97]: Time 0.596960 seconds, bootstrap likelihood -20753.236640, best rearrangement setting 15
Bootstrap[98]: Time 0.578332 seconds, bootstrap likelihood -20724.359859, best rearrangement setting 10
Bootstrap[99]: Time 0.650154 seconds, bootstrap likelihood -20530.540255, best rearrangement setting 14


Overall Time for 100 Rapid Bootstraps 105.451904 seconds
Average Time per Rapid Bootstrap 1.054519 seconds

Starting ML Search ...

Fast ML optimization finished

Fast ML search Time: 320.505695 seconds

Slow ML Search 0 Likelihood: -20832.635706
Slow ML Search 1 Likelihood: -20832.635707
Slow ML Search 2 Likelihood: -20832.635706
Slow ML Search 3 Likelihood: -20832.635707
Slow ML Search 4 Likelihood: -20832.635707
Slow ML Search 5 Likelihood: -20833.762262
Slow ML Search 6 Likelihood: -20833.762263
Slow ML Search 7 Likelihood: -20833.762263
Slow ML Search 8 Likelihood: -20833.762263
Slow ML Search 9 Likelihood: -20833.976698
Slow ML optimization finished

Slow ML search Time: 12.291946 seconds
Thorough ML search Time: 1.207781 seconds

Final ML Optimization Likelihood: -20832.635604

Model Information:

Model Parameters of Partition 0, Name: No Name Provided, Type of Data: DNA
alpha: 0.311039
Tree-Length: 1.581057
rate A <-> C: 2.718316
rate A <-> G: 9.993523
rate A <-> T: 1.091875
rate C <-> G: 1.119416
rate C <-> T: 12.479239
rate G <-> T: 1.000000

freq pi(A): 0.390284
freq pi(C): 0.166074
freq pi(G): 0.227212
freq pi(T): 0.216430


ML search took 334.013782 secs or 0.092782 hours

Combined Bootstrap and ML search took 439.465832 secs or 0.122074 hours

Drawing Bootstrap Support Values on best-scoring ML tree ...



Found 1 tree in File /gpfs_home/mhowison/code/hiv-profile-sampling/scratch/trees/pol/RAxML_bestTree.sample.320



Found 1 tree in File /gpfs_home/mhowison/code/hiv-profile-sampling/scratch/trees/pol/RAxML_bestTree.sample.320

Program execution info written to /gpfs_home/mhowison/code/hiv-profile-sampling/scratch/trees/pol/RAxML_info.sample.320
All 100 bootstrapped trees written to: /gpfs_home/mhowison/code/hiv-profile-sampling/scratch/trees/pol/RAxML_bootstrap.sample.320

Best-scoring ML tree written to: /gpfs_home/mhowison/code/hiv-profile-sampling/scratch/trees/pol/RAxML_bestTree.sample.320

Best-scoring ML tree with support values written to: /gpfs_home/mhowison/code/hiv-profile-sampling/scratch/trees/pol/RAxML_bipartitions.sample.320

Best-scoring ML tree with support values as branch labels written to: /gpfs_home/mhowison/code/hiv-profile-sampling/scratch/trees/pol/RAxML_bipartitionsBranchLabels.sample.320

Overall execution time for full ML analysis: 439.470025 secs or 0.122075 hours or 0.005086 days

