srun: job 261706 queued and waiting for resources
srun: job 261706 has been allocated resources
Warning, you specified a working directory via "-w"
Keep in mind that RAxML only accepts absolute path names, not relative ones!

RAxML can't, parse the alignment file as phylip file 
it will now try to parse it as FASTA file



Using BFGS method to optimize GTR rate parameters, to disable this specify "--no-bfgs" 


This is the RAxML Master Pthread

This is RAxML Worker Pthread Number: 2

This is RAxML Worker Pthread Number: 6

This is RAxML Worker Pthread Number: 3

This is RAxML Worker Pthread Number: 1

This is RAxML Worker Pthread Number: 4

This is RAxML Worker Pthread Number: 5

This is RAxML Worker Pthread Number: 8

This is RAxML Worker Pthread Number: 7

This is RAxML Worker Pthread Number: 11

This is RAxML Worker Pthread Number: 9

This is RAxML Worker Pthread Number: 10

This is RAxML Worker Pthread Number: 13

This is RAxML Worker Pthread Number: 12

This is RAxML Worker Pthread Number: 16

This is RAxML Worker Pthread Number: 14

This is RAxML Worker Pthread Number: 15

This is RAxML Worker Pthread Number: 19

This is RAxML Worker Pthread Number: 17

This is RAxML Worker Pthread Number: 18


This is RAxML version 8.2.12 released by Alexandros Stamatakis on May 2018.

With greatly appreciated code contributions by:
Andre Aberer      (HITS)
Simon Berger      (HITS)
Alexey Kozlov     (HITS)
Kassian Kobert    (HITS)
David Dao         (KIT and HITS)
Sarah Lutteropp   (KIT and HITS)
Nick Pattengale   (Sandia)
Wayne Pfeiffer    (SDSC)
Akifumi S. Tanabe (NRIFS)
Charlie Taylor    (UF)


Alignment has 1185 distinct alignment patterns

Proportion of gaps and completely undetermined characters in this alignment: 5.94%

RAxML rapid bootstrapping and subsequent ML search

Using 1 distinct models/data partitions with joint branch length optimization



Executing 100 rapid bootstrap inferences and thereafter a thorough ML search 

All free model parameters will be estimated by RAxML
GAMMA model of rate heterogeneity, ML estimate of alpha-parameter

GAMMA Model parameters will be estimated up to an accuracy of 0.1000000000 Log Likelihood units

Partition: 0
Alignment Patterns: 1185
Name: No Name Provided
DataType: DNA
Substitution Matrix: GTR




RAxML was called as follows:

raxmlHPC-PTHREADS-AVX -T 20 -s scratch/aligned/pol/sample.204.fa -p 1273825675 -x 1273825675 -f a -N 100 -m GTRGAMMA -w /gpfs_home/mhowison/code/hiv-profile-sampling/scratch/trees/pol -n sample.204 



Time for BS model parameter optimization 0.052140
Bootstrap[0]: Time 0.582204 seconds, bootstrap likelihood -20674.915880, best rearrangement setting 7
Bootstrap[1]: Time 0.661327 seconds, bootstrap likelihood -20843.781136, best rearrangement setting 14
Bootstrap[2]: Time 0.540211 seconds, bootstrap likelihood -21198.637282, best rearrangement setting 7
Bootstrap[3]: Time 0.585008 seconds, bootstrap likelihood -20078.352720, best rearrangement setting 8
Bootstrap[4]: Time 0.584244 seconds, bootstrap likelihood -21268.368969, best rearrangement setting 12
Bootstrap[5]: Time 0.641412 seconds, bootstrap likelihood -20390.778969, best rearrangement setting 15
Bootstrap[6]: Time 0.615852 seconds, bootstrap likelihood -21127.226388, best rearrangement setting 11
Bootstrap[7]: Time 0.510227 seconds, bootstrap likelihood -20566.394402, best rearrangement setting 15
Bootstrap[8]: Time 0.486418 seconds, bootstrap likelihood -20763.533395, best rearrangement setting 7
Bootstrap[9]: Time 0.540119 seconds, bootstrap likelihood -20631.930562, best rearrangement setting 5
Bootstrap[10]: Time 0.650744 seconds, bootstrap likelihood -21608.039701, best rearrangement setting 7
Bootstrap[11]: Time 0.552961 seconds, bootstrap likelihood -20746.675719, best rearrangement setting 9
Bootstrap[12]: Time 0.686662 seconds, bootstrap likelihood -20372.593035, best rearrangement setting 11
Bootstrap[13]: Time 2.803522 seconds, bootstrap likelihood -20802.882770, best rearrangement setting 12
Bootstrap[14]: Time 0.574955 seconds, bootstrap likelihood -20610.906705, best rearrangement setting 11
Bootstrap[15]: Time 4.250431 seconds, bootstrap likelihood -20780.155409, best rearrangement setting 12
Bootstrap[16]: Time 0.653214 seconds, bootstrap likelihood -20972.738878, best rearrangement setting 14
Bootstrap[17]: Time 0.555218 seconds, bootstrap likelihood -21281.416101, best rearrangement setting 6
Bootstrap[18]: Time 0.719836 seconds, bootstrap likelihood -20316.751955, best rearrangement setting 9
Bootstrap[19]: Time 0.583260 seconds, bootstrap likelihood -20171.484001, best rearrangement setting 8
Bootstrap[20]: Time 0.505758 seconds, bootstrap likelihood -21431.972458, best rearrangement setting 10
Bootstrap[21]: Time 0.510953 seconds, bootstrap likelihood -21123.046795, best rearrangement setting 9
Bootstrap[22]: Time 0.590159 seconds, bootstrap likelihood -20538.711759, best rearrangement setting 8
Bootstrap[23]: Time 0.647087 seconds, bootstrap likelihood -20715.065606, best rearrangement setting 11
Bootstrap[24]: Time 0.556985 seconds, bootstrap likelihood -20238.788013, best rearrangement setting 9
Bootstrap[25]: Time 0.561989 seconds, bootstrap likelihood -20455.976392, best rearrangement setting 15
Bootstrap[26]: Time 4.325355 seconds, bootstrap likelihood -20500.216947, best rearrangement setting 10
Bootstrap[27]: Time 1.341661 seconds, bootstrap likelihood -20946.539963, best rearrangement setting 13
Bootstrap[28]: Time 0.964672 seconds, bootstrap likelihood -20428.598163, best rearrangement setting 10
Bootstrap[29]: Time 0.616802 seconds, bootstrap likelihood -20899.604215, best rearrangement setting 7
Bootstrap[30]: Time 0.585928 seconds, bootstrap likelihood -20728.847492, best rearrangement setting 7
Bootstrap[31]: Time 0.593553 seconds, bootstrap likelihood -20676.016376, best rearrangement setting 9
Bootstrap[32]: Time 0.508161 seconds, bootstrap likelihood -20328.629720, best rearrangement setting 5
Bootstrap[33]: Time 0.508043 seconds, bootstrap likelihood -21392.093783, best rearrangement setting 9
Bootstrap[34]: Time 0.586649 seconds, bootstrap likelihood -20671.083937, best rearrangement setting 8
Bootstrap[35]: Time 4.144098 seconds, bootstrap likelihood -19933.163867, best rearrangement setting 15
Bootstrap[36]: Time 5.254173 seconds, bootstrap likelihood -20812.470607, best rearrangement setting 15
Bootstrap[37]: Time 0.457976 seconds, bootstrap likelihood -20863.576318, best rearrangement setting 5
Bootstrap[38]: Time 0.603001 seconds, bootstrap likelihood -20816.942017, best rearrangement setting 8
Bootstrap[39]: Time 0.537577 seconds, bootstrap likelihood -20349.451369, best rearrangement setting 12
Bootstrap[40]: Time 0.573935 seconds, bootstrap likelihood -20636.361935, best rearrangement setting 14
Bootstrap[41]: Time 0.504801 seconds, bootstrap likelihood -20741.916852, best rearrangement setting 6
Bootstrap[42]: Time 2.098117 seconds, bootstrap likelihood -21116.399026, best rearrangement setting 5
Bootstrap[43]: Time 0.654001 seconds, bootstrap likelihood -21133.957445, best rearrangement setting 13
Bootstrap[44]: Time 0.621046 seconds, bootstrap likelihood -21287.517212, best rearrangement setting 15
Bootstrap[45]: Time 0.528794 seconds, bootstrap likelihood -20901.606114, best rearrangement setting 5
Bootstrap[46]: Time 0.645874 seconds, bootstrap likelihood -20487.003678, best rearrangement setting 10
Bootstrap[47]: Time 0.591896 seconds, bootstrap likelihood -19970.606690, best rearrangement setting 9
Bootstrap[48]: Time 0.533962 seconds, bootstrap likelihood -21039.320998, best rearrangement setting 14
Bootstrap[49]: Time 1.144333 seconds, bootstrap likelihood -20010.438801, best rearrangement setting 8
Bootstrap[50]: Time 0.584928 seconds, bootstrap likelihood -20930.432542, best rearrangement setting 15
Bootstrap[51]: Time 0.597969 seconds, bootstrap likelihood -20886.022601, best rearrangement setting 14
Bootstrap[52]: Time 4.221418 seconds, bootstrap likelihood -20963.795951, best rearrangement setting 9
Bootstrap[53]: Time 0.593496 seconds, bootstrap likelihood -20377.651804, best rearrangement setting 7
Bootstrap[54]: Time 0.631806 seconds, bootstrap likelihood -20693.646237, best rearrangement setting 11
Bootstrap[55]: Time 0.663808 seconds, bootstrap likelihood -20846.634611, best rearrangement setting 9
Bootstrap[56]: Time 2.703587 seconds, bootstrap likelihood -20712.524392, best rearrangement setting 11
Bootstrap[57]: Time 0.602002 seconds, bootstrap likelihood -20290.334894, best rearrangement setting 9
Bootstrap[58]: Time 4.906649 seconds, bootstrap likelihood -20745.591157, best rearrangement setting 15
Bootstrap[59]: Time 0.639328 seconds, bootstrap likelihood -21181.128079, best rearrangement setting 7
Bootstrap[60]: Time 0.564853 seconds, bootstrap likelihood -20351.045596, best rearrangement setting 8
Bootstrap[61]: Time 0.621291 seconds, bootstrap likelihood -20595.190857, best rearrangement setting 11
Bootstrap[62]: Time 0.708430 seconds, bootstrap likelihood -19606.940737, best rearrangement setting 12
Bootstrap[63]: Time 0.648203 seconds, bootstrap likelihood -19951.640986, best rearrangement setting 9
Bootstrap[64]: Time 0.578264 seconds, bootstrap likelihood -20850.681068, best rearrangement setting 7
Bootstrap[65]: Time 0.511411 seconds, bootstrap likelihood -20886.276416, best rearrangement setting 5
Bootstrap[66]: Time 0.546794 seconds, bootstrap likelihood -19715.313057, best rearrangement setting 6
Bootstrap[67]: Time 0.512804 seconds, bootstrap likelihood -20359.638148, best rearrangement setting 5
Bootstrap[68]: Time 4.122637 seconds, bootstrap likelihood -20825.640705, best rearrangement setting 6
Bootstrap[69]: Time 0.577312 seconds, bootstrap likelihood -20679.642175, best rearrangement setting 10
Bootstrap[70]: Time 0.554899 seconds, bootstrap likelihood -20279.543902, best rearrangement setting 14
Bootstrap[71]: Time 0.556316 seconds, bootstrap likelihood -20161.109517, best rearrangement setting 8
Bootstrap[72]: Time 0.601821 seconds, bootstrap likelihood -20631.887921, best rearrangement setting 7
Bootstrap[73]: Time 0.657728 seconds, bootstrap likelihood -19819.371854, best rearrangement setting 9
Bootstrap[74]: Time 0.526390 seconds, bootstrap likelihood -20675.989227, best rearrangement setting 5
Bootstrap[75]: Time 0.554161 seconds, bootstrap likelihood -20530.699259, best rearrangement setting 14
Bootstrap[76]: Time 1.029311 seconds, bootstrap likelihood -19931.740018, best rearrangement setting 14
Bootstrap[77]: Time 5.076654 seconds, bootstrap likelihood -19891.969421, best rearrangement setting 12
Bootstrap[78]: Time 0.574169 seconds, bootstrap likelihood -20732.949052, best rearrangement setting 7
Bootstrap[79]: Time 0.613353 seconds, bootstrap likelihood -20205.963027, best rearrangement setting 11
Bootstrap[80]: Time 0.647167 seconds, bootstrap likelihood -21131.884500, best rearrangement setting 12
Bootstrap[81]: Time 0.641049 seconds, bootstrap likelihood -21091.837518, best rearrangement setting 14
Bootstrap[82]: Time 0.594890 seconds, bootstrap likelihood -20222.006623, best rearrangement setting 15
Bootstrap[83]: Time 0.588073 seconds, bootstrap likelihood -19728.326274, best rearrangement setting 11
Bootstrap[84]: Time 0.595827 seconds, bootstrap likelihood -20732.207501, best rearrangement setting 11
Bootstrap[85]: Time 0.699533 seconds, bootstrap likelihood -19755.268081, best rearrangement setting 11
Bootstrap[86]: Time 0.470417 seconds, bootstrap likelihood -20931.199427, best rearrangement setting 5
Bootstrap[87]: Time 0.575255 seconds, bootstrap likelihood -20942.849706, best rearrangement setting 11
Bootstrap[88]: Time 0.560510 seconds, bootstrap likelihood -20240.985701, best rearrangement setting 6
Bootstrap[89]: Time 0.591493 seconds, bootstrap likelihood -20536.794240, best rearrangement setting 9
Bootstrap[90]: Time 0.580941 seconds, bootstrap likelihood -21098.186873, best rearrangement setting 7
Bootstrap[91]: Time 0.627289 seconds, bootstrap likelihood -20553.803501, best rearrangement setting 7
Bootstrap[92]: Time 0.500568 seconds, bootstrap likelihood -20705.766582, best rearrangement setting 6
Bootstrap[93]: Time 0.518457 seconds, bootstrap likelihood -19896.176511, best rearrangement setting 13
Bootstrap[94]: Time 0.575531 seconds, bootstrap likelihood -21270.416293, best rearrangement setting 5
Bootstrap[95]: Time 0.592620 seconds, bootstrap likelihood -20404.380843, best rearrangement setting 13
Bootstrap[96]: Time 0.560241 seconds, bootstrap likelihood -20681.757596, best rearrangement setting 14
Bootstrap[97]: Time 0.558428 seconds, bootstrap likelihood -20753.403595, best rearrangement setting 7
Bootstrap[98]: Time 0.556045 seconds, bootstrap likelihood -20830.783816, best rearrangement setting 11
Bootstrap[99]: Time 0.672806 seconds, bootstrap likelihood -20357.910975, best rearrangement setting 13


Overall Time for 100 Rapid Bootstraps 98.142621 seconds
Average Time per Rapid Bootstrap 0.981426 seconds

Starting ML Search ...

Fast ML optimization finished

Fast ML search Time: 185.422677 seconds

Slow ML Search 0 Likelihood: -20818.988759
Slow ML Search 1 Likelihood: -20818.988757
Slow ML Search 2 Likelihood: -20818.988757
Slow ML Search 3 Likelihood: -20818.988757
Slow ML Search 4 Likelihood: -20818.988759
Slow ML Search 5 Likelihood: -20819.073745
Slow ML Search 6 Likelihood: -20819.712346
Slow ML Search 7 Likelihood: -20821.878267
Slow ML Search 8 Likelihood: -20821.879023
Slow ML Search 9 Likelihood: -20822.128043
Slow ML optimization finished

Slow ML search Time: 9.494534 seconds
Thorough ML search Time: 31.885485 seconds

Final ML Optimization Likelihood: -20818.988679

Model Information:

Model Parameters of Partition 0, Name: No Name Provided, Type of Data: DNA
alpha: 0.309316
Tree-Length: 1.583293
rate A <-> C: 2.568248
rate A <-> G: 9.545299
rate A <-> T: 1.049154
rate C <-> G: 1.076576
rate C <-> T: 11.929567
rate G <-> T: 1.000000

freq pi(A): 0.390087
freq pi(C): 0.165845
freq pi(G): 0.227454
freq pi(T): 0.216614


ML search took 226.824134 secs or 0.063007 hours

Combined Bootstrap and ML search took 324.966906 secs or 0.090269 hours

Drawing Bootstrap Support Values on best-scoring ML tree ...



Found 1 tree in File /gpfs_home/mhowison/code/hiv-profile-sampling/scratch/trees/pol/RAxML_bestTree.sample.204



Found 1 tree in File /gpfs_home/mhowison/code/hiv-profile-sampling/scratch/trees/pol/RAxML_bestTree.sample.204

Program execution info written to /gpfs_home/mhowison/code/hiv-profile-sampling/scratch/trees/pol/RAxML_info.sample.204
All 100 bootstrapped trees written to: /gpfs_home/mhowison/code/hiv-profile-sampling/scratch/trees/pol/RAxML_bootstrap.sample.204

Best-scoring ML tree written to: /gpfs_home/mhowison/code/hiv-profile-sampling/scratch/trees/pol/RAxML_bestTree.sample.204

Best-scoring ML tree with support values written to: /gpfs_home/mhowison/code/hiv-profile-sampling/scratch/trees/pol/RAxML_bipartitions.sample.204

Best-scoring ML tree with support values as branch labels written to: /gpfs_home/mhowison/code/hiv-profile-sampling/scratch/trees/pol/RAxML_bipartitionsBranchLabels.sample.204

Overall execution time for full ML analysis: 324.971553 secs or 0.090270 hours or 0.003761 days

