srun: job 262678 queued and waiting for resources
srun: job 262678 has been allocated resources
Warning, you specified a working directory via "-w"
Keep in mind that RAxML only accepts absolute path names, not relative ones!

RAxML can't, parse the alignment file as phylip file 
it will now try to parse it as FASTA file



Using BFGS method to optimize GTR rate parameters, to disable this specify "--no-bfgs" 


This is the RAxML Master Pthread

This is RAxML Worker Pthread Number: 1

This is RAxML Worker Pthread Number: 2

This is RAxML Worker Pthread Number: 3

This is RAxML Worker Pthread Number: 4

This is RAxML Worker Pthread Number: 5

This is RAxML Worker Pthread Number: 8

This is RAxML Worker Pthread Number: 6

This is RAxML Worker Pthread Number: 7

This is RAxML Worker Pthread Number: 9

This is RAxML Worker Pthread Number: 10

This is RAxML Worker Pthread Number: 11

This is RAxML Worker Pthread Number: 12

This is RAxML Worker Pthread Number: 13

This is RAxML Worker Pthread Number: 14

This is RAxML Worker Pthread Number: 16

This is RAxML Worker Pthread Number: 15

This is RAxML Worker Pthread Number: 17

This is RAxML Worker Pthread Number: 18

This is RAxML Worker Pthread Number: 19


This is RAxML version 8.2.12 released by Alexandros Stamatakis on May 2018.

With greatly appreciated code contributions by:
Andre Aberer      (HITS)
Simon Berger      (HITS)
Alexey Kozlov     (HITS)
Kassian Kobert    (HITS)
David Dao         (KIT and HITS)
Sarah Lutteropp   (KIT and HITS)
Nick Pattengale   (Sandia)
Wayne Pfeiffer    (SDSC)
Akifumi S. Tanabe (NRIFS)
Charlie Taylor    (UF)


Alignment has 1174 distinct alignment patterns

Proportion of gaps and completely undetermined characters in this alignment: 5.94%

RAxML rapid bootstrapping and subsequent ML search

Using 1 distinct models/data partitions with joint branch length optimization



Executing 100 rapid bootstrap inferences and thereafter a thorough ML search 

All free model parameters will be estimated by RAxML
GAMMA model of rate heterogeneity, ML estimate of alpha-parameter

GAMMA Model parameters will be estimated up to an accuracy of 0.1000000000 Log Likelihood units

Partition: 0
Alignment Patterns: 1174
Name: No Name Provided
DataType: DNA
Substitution Matrix: GTR




RAxML was called as follows:

raxmlHPC-PTHREADS-AVX -T 20 -s scratch/aligned/pol/sample.61.fa -p 8977155311 -x 8977155311 -f a -N 100 -m GTRGAMMA -w /gpfs_home/mhowison/code/hiv-profile-sampling/scratch/trees/pol -n sample.61 



Time for BS model parameter optimization 0.053122
Bootstrap[0]: Time 0.668081 seconds, bootstrap likelihood -21070.517526, best rearrangement setting 8
Bootstrap[1]: Time 0.519982 seconds, bootstrap likelihood -21177.883176, best rearrangement setting 6
Bootstrap[2]: Time 0.820679 seconds, bootstrap likelihood -20517.044723, best rearrangement setting 10
Bootstrap[3]: Time 0.497768 seconds, bootstrap likelihood -20361.381030, best rearrangement setting 14
Bootstrap[4]: Time 0.565826 seconds, bootstrap likelihood -19422.048933, best rearrangement setting 10
Bootstrap[5]: Time 0.675706 seconds, bootstrap likelihood -19829.021396, best rearrangement setting 11
Bootstrap[6]: Time 0.616965 seconds, bootstrap likelihood -21013.304434, best rearrangement setting 11
Bootstrap[7]: Time 0.591192 seconds, bootstrap likelihood -20529.380562, best rearrangement setting 11
Bootstrap[8]: Time 0.641959 seconds, bootstrap likelihood -21406.234225, best rearrangement setting 13
Bootstrap[9]: Time 0.598473 seconds, bootstrap likelihood -19975.519376, best rearrangement setting 15
Bootstrap[10]: Time 0.580836 seconds, bootstrap likelihood -19961.347960, best rearrangement setting 13
Bootstrap[11]: Time 0.569492 seconds, bootstrap likelihood -20495.857837, best rearrangement setting 13
Bootstrap[12]: Time 0.653987 seconds, bootstrap likelihood -20301.654410, best rearrangement setting 14
Bootstrap[13]: Time 0.476527 seconds, bootstrap likelihood -20350.769949, best rearrangement setting 7
Bootstrap[14]: Time 0.539753 seconds, bootstrap likelihood -20736.578192, best rearrangement setting 15
Bootstrap[15]: Time 6.411953 seconds, bootstrap likelihood -20928.440782, best rearrangement setting 14
Bootstrap[16]: Time 0.624585 seconds, bootstrap likelihood -21468.492678, best rearrangement setting 7
Bootstrap[17]: Time 0.565362 seconds, bootstrap likelihood -20392.223073, best rearrangement setting 11
Bootstrap[18]: Time 0.540086 seconds, bootstrap likelihood -20948.116922, best rearrangement setting 11
Bootstrap[19]: Time 0.413602 seconds, bootstrap likelihood -21072.609557, best rearrangement setting 5
Bootstrap[20]: Time 0.448022 seconds, bootstrap likelihood -20579.782424, best rearrangement setting 5
Bootstrap[21]: Time 0.476959 seconds, bootstrap likelihood -20531.712753, best rearrangement setting 5
Bootstrap[22]: Time 0.515769 seconds, bootstrap likelihood -21057.975686, best rearrangement setting 14
Bootstrap[23]: Time 0.494530 seconds, bootstrap likelihood -20346.587599, best rearrangement setting 5
Bootstrap[24]: Time 0.487587 seconds, bootstrap likelihood -20161.255519, best rearrangement setting 15
Bootstrap[25]: Time 0.582323 seconds, bootstrap likelihood -20796.025790, best rearrangement setting 12
Bootstrap[26]: Time 0.502469 seconds, bootstrap likelihood -21766.657548, best rearrangement setting 5
Bootstrap[27]: Time 0.630058 seconds, bootstrap likelihood -21336.517775, best rearrangement setting 13
Bootstrap[28]: Time 0.569984 seconds, bootstrap likelihood -20481.386880, best rearrangement setting 6
Bootstrap[29]: Time 0.635984 seconds, bootstrap likelihood -20523.387089, best rearrangement setting 9
Bootstrap[30]: Time 0.578845 seconds, bootstrap likelihood -21042.425210, best rearrangement setting 15
Bootstrap[31]: Time 0.470889 seconds, bootstrap likelihood -20530.056717, best rearrangement setting 10
Bootstrap[32]: Time 0.728072 seconds, bootstrap likelihood -20178.709957, best rearrangement setting 5
Bootstrap[33]: Time 0.585439 seconds, bootstrap likelihood -20397.496140, best rearrangement setting 10
Bootstrap[34]: Time 0.599792 seconds, bootstrap likelihood -19786.745585, best rearrangement setting 15
Bootstrap[35]: Time 0.560717 seconds, bootstrap likelihood -21415.935063, best rearrangement setting 7
Bootstrap[36]: Time 0.564735 seconds, bootstrap likelihood -20240.799786, best rearrangement setting 11
Bootstrap[37]: Time 0.508175 seconds, bootstrap likelihood -21084.607494, best rearrangement setting 8
Bootstrap[38]: Time 0.550120 seconds, bootstrap likelihood -20436.340829, best rearrangement setting 13
Bootstrap[39]: Time 0.610872 seconds, bootstrap likelihood -19753.162243, best rearrangement setting 13
Bootstrap[40]: Time 0.506760 seconds, bootstrap likelihood -20799.342213, best rearrangement setting 5
Bootstrap[41]: Time 0.547622 seconds, bootstrap likelihood -20128.108439, best rearrangement setting 6
Bootstrap[42]: Time 0.520003 seconds, bootstrap likelihood -20860.707676, best rearrangement setting 7
Bootstrap[43]: Time 0.697824 seconds, bootstrap likelihood -21373.424667, best rearrangement setting 13
Bootstrap[44]: Time 0.835567 seconds, bootstrap likelihood -20158.273862, best rearrangement setting 10
Bootstrap[45]: Time 0.551413 seconds, bootstrap likelihood -20362.043094, best rearrangement setting 9
Bootstrap[46]: Time 0.494380 seconds, bootstrap likelihood -20512.816144, best rearrangement setting 13
Bootstrap[47]: Time 0.584995 seconds, bootstrap likelihood -20966.031830, best rearrangement setting 8
Bootstrap[48]: Time 0.606561 seconds, bootstrap likelihood -20324.385123, best rearrangement setting 13
Bootstrap[49]: Time 0.552363 seconds, bootstrap likelihood -20076.437290, best rearrangement setting 12
Bootstrap[50]: Time 0.607288 seconds, bootstrap likelihood -21822.066749, best rearrangement setting 10
Bootstrap[51]: Time 0.674845 seconds, bootstrap likelihood -20639.702916, best rearrangement setting 8
Bootstrap[52]: Time 0.387242 seconds, bootstrap likelihood -20714.850872, best rearrangement setting 6
Bootstrap[53]: Time 0.517076 seconds, bootstrap likelihood -20162.831086, best rearrangement setting 9
Bootstrap[54]: Time 0.558765 seconds, bootstrap likelihood -20814.717527, best rearrangement setting 8
Bootstrap[55]: Time 0.656864 seconds, bootstrap likelihood -20692.612133, best rearrangement setting 10
Bootstrap[56]: Time 0.638524 seconds, bootstrap likelihood -20210.525136, best rearrangement setting 12
Bootstrap[57]: Time 0.689685 seconds, bootstrap likelihood -20780.712264, best rearrangement setting 14
Bootstrap[58]: Time 0.647553 seconds, bootstrap likelihood -20526.521603, best rearrangement setting 10
Bootstrap[59]: Time 0.528481 seconds, bootstrap likelihood -20155.099276, best rearrangement setting 8
Bootstrap[60]: Time 0.577044 seconds, bootstrap likelihood -20275.638254, best rearrangement setting 9
Bootstrap[61]: Time 0.651925 seconds, bootstrap likelihood -20784.277357, best rearrangement setting 15
Bootstrap[62]: Time 0.655913 seconds, bootstrap likelihood -20760.210518, best rearrangement setting 14
Bootstrap[63]: Time 0.508173 seconds, bootstrap likelihood -20020.214290, best rearrangement setting 8
Bootstrap[64]: Time 0.572771 seconds, bootstrap likelihood -19996.492276, best rearrangement setting 9
Bootstrap[65]: Time 0.555262 seconds, bootstrap likelihood -21031.736216, best rearrangement setting 7
Bootstrap[66]: Time 0.602837 seconds, bootstrap likelihood -20690.467114, best rearrangement setting 14
Bootstrap[67]: Time 0.601493 seconds, bootstrap likelihood -21303.051066, best rearrangement setting 8
Bootstrap[68]: Time 0.570462 seconds, bootstrap likelihood -20796.652188, best rearrangement setting 7
Bootstrap[69]: Time 0.650740 seconds, bootstrap likelihood -20626.213566, best rearrangement setting 9
Bootstrap[70]: Time 0.458902 seconds, bootstrap likelihood -20780.104479, best rearrangement setting 13
Bootstrap[71]: Time 0.578126 seconds, bootstrap likelihood -20694.729029, best rearrangement setting 11
Bootstrap[72]: Time 0.507194 seconds, bootstrap likelihood -20942.281632, best rearrangement setting 6
Bootstrap[73]: Time 0.475523 seconds, bootstrap likelihood -21027.270655, best rearrangement setting 5
Bootstrap[74]: Time 0.602498 seconds, bootstrap likelihood -20624.811757, best rearrangement setting 12
Bootstrap[75]: Time 0.548853 seconds, bootstrap likelihood -19652.276180, best rearrangement setting 15
Bootstrap[76]: Time 0.572408 seconds, bootstrap likelihood -20168.669198, best rearrangement setting 10
Bootstrap[77]: Time 0.614365 seconds, bootstrap likelihood -20449.807258, best rearrangement setting 8
Bootstrap[78]: Time 0.667346 seconds, bootstrap likelihood -20437.245411, best rearrangement setting 14
Bootstrap[79]: Time 0.632329 seconds, bootstrap likelihood -19817.994569, best rearrangement setting 6
Bootstrap[80]: Time 0.605439 seconds, bootstrap likelihood -20633.292298, best rearrangement setting 10
Bootstrap[81]: Time 0.638588 seconds, bootstrap likelihood -20213.128852, best rearrangement setting 10
Bootstrap[82]: Time 0.566863 seconds, bootstrap likelihood -20965.067133, best rearrangement setting 7
Bootstrap[83]: Time 0.873670 seconds, bootstrap likelihood -21025.060124, best rearrangement setting 6
Bootstrap[84]: Time 0.543843 seconds, bootstrap likelihood -20915.252584, best rearrangement setting 11
Bootstrap[85]: Time 0.461387 seconds, bootstrap likelihood -21418.011890, best rearrangement setting 5
Bootstrap[86]: Time 0.549952 seconds, bootstrap likelihood -20632.739022, best rearrangement setting 15
Bootstrap[87]: Time 0.558926 seconds, bootstrap likelihood -20449.240806, best rearrangement setting 11
Bootstrap[88]: Time 0.630351 seconds, bootstrap likelihood -20749.350478, best rearrangement setting 11
Bootstrap[89]: Time 0.511045 seconds, bootstrap likelihood -19893.893566, best rearrangement setting 14
Bootstrap[90]: Time 0.544254 seconds, bootstrap likelihood -19895.731060, best rearrangement setting 7
Bootstrap[91]: Time 0.603352 seconds, bootstrap likelihood -20789.115067, best rearrangement setting 14
Bootstrap[92]: Time 0.533168 seconds, bootstrap likelihood -20758.881041, best rearrangement setting 6
Bootstrap[93]: Time 0.516956 seconds, bootstrap likelihood -20108.430245, best rearrangement setting 12
Bootstrap[94]: Time 0.672769 seconds, bootstrap likelihood -20872.369364, best rearrangement setting 12
Bootstrap[95]: Time 0.847347 seconds, bootstrap likelihood -20353.943882, best rearrangement setting 7
Bootstrap[96]: Time 0.691720 seconds, bootstrap likelihood -20147.608055, best rearrangement setting 15
Bootstrap[97]: Time 0.458595 seconds, bootstrap likelihood -20271.197318, best rearrangement setting 5
Bootstrap[98]: Time 0.550049 seconds, bootstrap likelihood -20275.151882, best rearrangement setting 8
Bootstrap[99]: Time 0.553965 seconds, bootstrap likelihood -20875.608989, best rearrangement setting 8


Overall Time for 100 Rapid Bootstraps 64.048970 seconds
Average Time per Rapid Bootstrap 0.640490 seconds

Starting ML Search ...

Fast ML optimization finished

Fast ML search Time: 49.542566 seconds

Slow ML Search 0 Likelihood: -20712.324004
Slow ML Search 1 Likelihood: -20712.324005
Slow ML Search 2 Likelihood: -20712.324004
Slow ML Search 3 Likelihood: -20712.324005
Slow ML Search 4 Likelihood: -20713.111133
Slow ML Search 5 Likelihood: -20713.115993
Slow ML Search 6 Likelihood: -20713.237087
Slow ML Search 7 Likelihood: -20713.237087
Slow ML Search 8 Likelihood: -20714.854262
Slow ML Search 9 Likelihood: -20714.854262
Slow ML optimization finished

Slow ML search Time: 10.037312 seconds
Thorough ML search Time: 1.136506 seconds

Final ML Optimization Likelihood: -20712.324003

Model Information:

Model Parameters of Partition 0, Name: No Name Provided, Type of Data: DNA
alpha: 0.305001
Tree-Length: 1.592085
rate A <-> C: 2.512281
rate A <-> G: 9.507035
rate A <-> T: 1.068404
rate C <-> G: 1.040116
rate C <-> T: 11.683149
rate G <-> T: 1.000000

freq pi(A): 0.389924
freq pi(C): 0.166131
freq pi(G): 0.227540
freq pi(T): 0.216404


ML search took 62.378885 secs or 0.017327 hours

Combined Bootstrap and ML search took 126.427986 secs or 0.035119 hours

Drawing Bootstrap Support Values on best-scoring ML tree ...



Found 1 tree in File /gpfs_home/mhowison/code/hiv-profile-sampling/scratch/trees/pol/RAxML_bestTree.sample.61



Found 1 tree in File /gpfs_home/mhowison/code/hiv-profile-sampling/scratch/trees/pol/RAxML_bestTree.sample.61

Program execution info written to /gpfs_home/mhowison/code/hiv-profile-sampling/scratch/trees/pol/RAxML_info.sample.61
All 100 bootstrapped trees written to: /gpfs_home/mhowison/code/hiv-profile-sampling/scratch/trees/pol/RAxML_bootstrap.sample.61

Best-scoring ML tree written to: /gpfs_home/mhowison/code/hiv-profile-sampling/scratch/trees/pol/RAxML_bestTree.sample.61

Best-scoring ML tree with support values written to: /gpfs_home/mhowison/code/hiv-profile-sampling/scratch/trees/pol/RAxML_bipartitions.sample.61

Best-scoring ML tree with support values as branch labels written to: /gpfs_home/mhowison/code/hiv-profile-sampling/scratch/trees/pol/RAxML_bipartitionsBranchLabels.sample.61

Overall execution time for full ML analysis: 126.484383 secs or 0.035135 hours or 0.001464 days

