srun: job 261473 queued and waiting for resources
srun: job 261473 has been allocated resources
Warning, you specified a working directory via "-w"
Keep in mind that RAxML only accepts absolute path names, not relative ones!

RAxML can't, parse the alignment file as phylip file 
it will now try to parse it as FASTA file



Using BFGS method to optimize GTR rate parameters, to disable this specify "--no-bfgs" 


This is the RAxML Master Pthread

This is RAxML Worker Pthread Number: 4

This is RAxML Worker Pthread Number: 5

This is RAxML Worker Pthread Number: 2

This is RAxML Worker Pthread Number: 3

This is RAxML Worker Pthread Number: 1

This is RAxML Worker Pthread Number: 6

This is RAxML Worker Pthread Number: 8

This is RAxML Worker Pthread Number: 7

This is RAxML Worker Pthread Number: 9

This is RAxML Worker Pthread Number: 10

This is RAxML Worker Pthread Number: 11

This is RAxML Worker Pthread Number: 12

This is RAxML Worker Pthread Number: 13

This is RAxML Worker Pthread Number: 15

This is RAxML Worker Pthread Number: 14

This is RAxML Worker Pthread Number: 16

This is RAxML Worker Pthread Number: 19

This is RAxML Worker Pthread Number: 17

This is RAxML Worker Pthread Number: 18


This is RAxML version 8.2.12 released by Alexandros Stamatakis on May 2018.

With greatly appreciated code contributions by:
Andre Aberer      (HITS)
Simon Berger      (HITS)
Alexey Kozlov     (HITS)
Kassian Kobert    (HITS)
David Dao         (KIT and HITS)
Sarah Lutteropp   (KIT and HITS)
Nick Pattengale   (Sandia)
Wayne Pfeiffer    (SDSC)
Akifumi S. Tanabe (NRIFS)
Charlie Taylor    (UF)


Alignment has 1181 distinct alignment patterns

Proportion of gaps and completely undetermined characters in this alignment: 5.94%

RAxML rapid bootstrapping and subsequent ML search

Using 1 distinct models/data partitions with joint branch length optimization



Executing 100 rapid bootstrap inferences and thereafter a thorough ML search 

All free model parameters will be estimated by RAxML
GAMMA model of rate heterogeneity, ML estimate of alpha-parameter

GAMMA Model parameters will be estimated up to an accuracy of 0.1000000000 Log Likelihood units

Partition: 0
Alignment Patterns: 1181
Name: No Name Provided
DataType: DNA
Substitution Matrix: GTR




RAxML was called as follows:

raxmlHPC-PTHREADS-AVX -T 20 -s scratch/aligned/pol/sample.127.fa -p 7207729123 -x 7207729123 -f a -N 100 -m GTRGAMMA -w /gpfs_home/mhowison/code/hiv-profile-sampling/scratch/trees/pol -n sample.127 



Time for BS model parameter optimization 0.051966
Bootstrap[0]: Time 1.057742 seconds, bootstrap likelihood -20667.902801, best rearrangement setting 15
Bootstrap[1]: Time 0.495481 seconds, bootstrap likelihood -20824.754817, best rearrangement setting 13
Bootstrap[2]: Time 0.488539 seconds, bootstrap likelihood -20984.184274, best rearrangement setting 8
Bootstrap[3]: Time 2.394407 seconds, bootstrap likelihood -20157.610989, best rearrangement setting 11
Bootstrap[4]: Time 0.579373 seconds, bootstrap likelihood -20331.306819, best rearrangement setting 11
Bootstrap[5]: Time 0.511562 seconds, bootstrap likelihood -21320.849634, best rearrangement setting 8
Bootstrap[6]: Time 0.548316 seconds, bootstrap likelihood -20288.832061, best rearrangement setting 12
Bootstrap[7]: Time 0.478008 seconds, bootstrap likelihood -21015.335441, best rearrangement setting 13
Bootstrap[8]: Time 0.488722 seconds, bootstrap likelihood -20534.008689, best rearrangement setting 9
Bootstrap[9]: Time 0.405885 seconds, bootstrap likelihood -21387.235375, best rearrangement setting 5
Bootstrap[10]: Time 0.483903 seconds, bootstrap likelihood -20470.319600, best rearrangement setting 9
Bootstrap[11]: Time 0.576665 seconds, bootstrap likelihood -20291.911859, best rearrangement setting 12
Bootstrap[12]: Time 0.486927 seconds, bootstrap likelihood -20739.298141, best rearrangement setting 12
Bootstrap[13]: Time 5.558719 seconds, bootstrap likelihood -20586.897182, best rearrangement setting 10
Bootstrap[14]: Time 0.577433 seconds, bootstrap likelihood -20745.748975, best rearrangement setting 15
Bootstrap[15]: Time 0.460733 seconds, bootstrap likelihood -20298.897562, best rearrangement setting 15
Bootstrap[16]: Time 0.494223 seconds, bootstrap likelihood -20589.418303, best rearrangement setting 7
Bootstrap[17]: Time 1.375370 seconds, bootstrap likelihood -20136.768821, best rearrangement setting 7
Bootstrap[18]: Time 0.487972 seconds, bootstrap likelihood -20173.710283, best rearrangement setting 6
Bootstrap[19]: Time 0.496351 seconds, bootstrap likelihood -20806.485524, best rearrangement setting 6
Bootstrap[20]: Time 0.530353 seconds, bootstrap likelihood -20530.255932, best rearrangement setting 10
Bootstrap[21]: Time 39.441025 seconds, bootstrap likelihood -20364.987361, best rearrangement setting 6
Bootstrap[22]: Time 0.478036 seconds, bootstrap likelihood -20654.410281, best rearrangement setting 11
Bootstrap[23]: Time 0.520115 seconds, bootstrap likelihood -20885.453690, best rearrangement setting 11
Bootstrap[24]: Time 0.515544 seconds, bootstrap likelihood -19977.456061, best rearrangement setting 13
Bootstrap[25]: Time 0.408958 seconds, bootstrap likelihood -20639.709351, best rearrangement setting 10
Bootstrap[26]: Time 0.452555 seconds, bootstrap likelihood -20450.521315, best rearrangement setting 7
Bootstrap[27]: Time 0.541314 seconds, bootstrap likelihood -20632.905657, best rearrangement setting 10
Bootstrap[28]: Time 0.528153 seconds, bootstrap likelihood -21115.690269, best rearrangement setting 13
Bootstrap[29]: Time 0.598775 seconds, bootstrap likelihood -20177.410131, best rearrangement setting 14
Bootstrap[30]: Time 0.532600 seconds, bootstrap likelihood -21174.397174, best rearrangement setting 15
Bootstrap[31]: Time 0.495139 seconds, bootstrap likelihood -20970.250622, best rearrangement setting 10
Bootstrap[32]: Time 0.482001 seconds, bootstrap likelihood -21304.490601, best rearrangement setting 8
Bootstrap[33]: Time 0.746678 seconds, bootstrap likelihood -20385.090476, best rearrangement setting 10
Bootstrap[34]: Time 0.493190 seconds, bootstrap likelihood -20682.273917, best rearrangement setting 12
Bootstrap[35]: Time 0.538100 seconds, bootstrap likelihood -21735.107460, best rearrangement setting 10
Bootstrap[36]: Time 0.562313 seconds, bootstrap likelihood -20423.197274, best rearrangement setting 8
Bootstrap[37]: Time 0.567406 seconds, bootstrap likelihood -20646.476994, best rearrangement setting 8
Bootstrap[38]: Time 0.494137 seconds, bootstrap likelihood -20777.078434, best rearrangement setting 9
Bootstrap[39]: Time 0.606687 seconds, bootstrap likelihood -21002.808698, best rearrangement setting 15
Bootstrap[40]: Time 0.572882 seconds, bootstrap likelihood -21055.694242, best rearrangement setting 10
Bootstrap[41]: Time 0.425384 seconds, bootstrap likelihood -21019.404543, best rearrangement setting 6
Bootstrap[42]: Time 0.537316 seconds, bootstrap likelihood -20545.816516, best rearrangement setting 8
Bootstrap[43]: Time 0.452335 seconds, bootstrap likelihood -20036.419219, best rearrangement setting 9
Bootstrap[44]: Time 0.579930 seconds, bootstrap likelihood -20685.168945, best rearrangement setting 11
Bootstrap[45]: Time 0.485310 seconds, bootstrap likelihood -20831.618305, best rearrangement setting 11
Bootstrap[46]: Time 0.476510 seconds, bootstrap likelihood -20761.309261, best rearrangement setting 12
Bootstrap[47]: Time 0.519811 seconds, bootstrap likelihood -20458.924869, best rearrangement setting 12
Bootstrap[48]: Time 0.511608 seconds, bootstrap likelihood -20766.112719, best rearrangement setting 10
Bootstrap[49]: Time 0.441420 seconds, bootstrap likelihood -20600.043277, best rearrangement setting 6
Bootstrap[50]: Time 0.558099 seconds, bootstrap likelihood -21097.637993, best rearrangement setting 7
Bootstrap[51]: Time 0.544997 seconds, bootstrap likelihood -20575.241252, best rearrangement setting 13
Bootstrap[52]: Time 0.483470 seconds, bootstrap likelihood -21415.641994, best rearrangement setting 13
Bootstrap[53]: Time 0.476397 seconds, bootstrap likelihood -19944.791457, best rearrangement setting 9
Bootstrap[54]: Time 0.444142 seconds, bootstrap likelihood -20761.145922, best rearrangement setting 5
Bootstrap[55]: Time 0.530808 seconds, bootstrap likelihood -20073.470168, best rearrangement setting 14
Bootstrap[56]: Time 0.507743 seconds, bootstrap likelihood -20465.010128, best rearrangement setting 9
Bootstrap[57]: Time 0.454090 seconds, bootstrap likelihood -20821.940121, best rearrangement setting 5
Bootstrap[58]: Time 0.432746 seconds, bootstrap likelihood -20041.651995, best rearrangement setting 15
Bootstrap[59]: Time 0.521510 seconds, bootstrap likelihood -21078.837230, best rearrangement setting 7
Bootstrap[60]: Time 0.551275 seconds, bootstrap likelihood -21294.098451, best rearrangement setting 8
Bootstrap[61]: Time 0.554399 seconds, bootstrap likelihood -20892.984457, best rearrangement setting 8
Bootstrap[62]: Time 24.640875 seconds, bootstrap likelihood -21112.036000, best rearrangement setting 11
Bootstrap[63]: Time 0.541083 seconds, bootstrap likelihood -21398.825854, best rearrangement setting 9
Bootstrap[64]: Time 0.533461 seconds, bootstrap likelihood -20386.150108, best rearrangement setting 9
Bootstrap[65]: Time 0.542511 seconds, bootstrap likelihood -20737.318673, best rearrangement setting 9
Bootstrap[66]: Time 1.826885 seconds, bootstrap likelihood -20698.058382, best rearrangement setting 14
Bootstrap[67]: Time 15.061488 seconds, bootstrap likelihood -21594.262091, best rearrangement setting 10
Bootstrap[68]: Time 0.920966 seconds, bootstrap likelihood -21028.366060, best rearrangement setting 11
Bootstrap[69]: Time 0.534753 seconds, bootstrap likelihood -21393.978281, best rearrangement setting 11
Bootstrap[70]: Time 56.132628 seconds, bootstrap likelihood -20671.340690, best rearrangement setting 8
Bootstrap[71]: Time 0.461336 seconds, bootstrap likelihood -20610.521236, best rearrangement setting 9
Bootstrap[72]: Time 0.565123 seconds, bootstrap likelihood -20230.609598, best rearrangement setting 6
Bootstrap[73]: Time 0.511561 seconds, bootstrap likelihood -20805.079519, best rearrangement setting 8
Bootstrap[74]: Time 0.444395 seconds, bootstrap likelihood -20904.172610, best rearrangement setting 6
Bootstrap[75]: Time 0.512023 seconds, bootstrap likelihood -19849.790430, best rearrangement setting 8
Bootstrap[76]: Time 0.433023 seconds, bootstrap likelihood -20944.386435, best rearrangement setting 5
Bootstrap[77]: Time 0.530081 seconds, bootstrap likelihood -20541.921245, best rearrangement setting 11
Bootstrap[78]: Time 0.534135 seconds, bootstrap likelihood -21057.239051, best rearrangement setting 8
Bootstrap[79]: Time 0.879508 seconds, bootstrap likelihood -20592.783527, best rearrangement setting 5
Bootstrap[80]: Time 0.451847 seconds, bootstrap likelihood -21258.093121, best rearrangement setting 8
Bootstrap[81]: Time 0.418136 seconds, bootstrap likelihood -21744.452518, best rearrangement setting 5
Bootstrap[82]: Time 13.017307 seconds, bootstrap likelihood -20596.086964, best rearrangement setting 8
Bootstrap[83]: Time 0.443901 seconds, bootstrap likelihood -20288.071078, best rearrangement setting 8
Bootstrap[84]: Time 0.841021 seconds, bootstrap likelihood -20262.149096, best rearrangement setting 12
Bootstrap[85]: Time 3.154590 seconds, bootstrap likelihood -21357.057100, best rearrangement setting 11
Bootstrap[86]: Time 0.436390 seconds, bootstrap likelihood -20091.746455, best rearrangement setting 9
Bootstrap[87]: Time 0.486885 seconds, bootstrap likelihood -21307.807474, best rearrangement setting 8
Bootstrap[88]: Time 0.571741 seconds, bootstrap likelihood -19857.268779, best rearrangement setting 9
Bootstrap[89]: Time 0.585043 seconds, bootstrap likelihood -20636.564931, best rearrangement setting 15
Bootstrap[90]: Time 0.547156 seconds, bootstrap likelihood -20678.199800, best rearrangement setting 9
Bootstrap[91]: Time 4.440285 seconds, bootstrap likelihood -21228.733252, best rearrangement setting 11
Bootstrap[92]: Time 4.876281 seconds, bootstrap likelihood -21207.963928, best rearrangement setting 13
Bootstrap[93]: Time 0.505534 seconds, bootstrap likelihood -20894.346084, best rearrangement setting 6
Bootstrap[94]: Time 0.546462 seconds, bootstrap likelihood -20571.870381, best rearrangement setting 8
Bootstrap[95]: Time 0.510671 seconds, bootstrap likelihood -20113.702591, best rearrangement setting 15
Bootstrap[96]: Time 0.486103 seconds, bootstrap likelihood -20173.867584, best rearrangement setting 13
Bootstrap[97]: Time 0.499181 seconds, bootstrap likelihood -20896.399187, best rearrangement setting 12
Bootstrap[98]: Time 0.512533 seconds, bootstrap likelihood -20550.922284, best rearrangement setting 12
Bootstrap[99]: Time 1.638064 seconds, bootstrap likelihood -20966.443228, best rearrangement setting 9


Overall Time for 100 Rapid Bootstraps 219.660860 seconds
Average Time per Rapid Bootstrap 2.196609 seconds

Starting ML Search ...

Fast ML optimization finished

Fast ML search Time: 241.109227 seconds

Slow ML Search 0 Likelihood: -20734.974306
Slow ML Search 1 Likelihood: -20734.974306
Slow ML Search 2 Likelihood: -20735.167852
Slow ML Search 3 Likelihood: -20735.904130
Slow ML Search 4 Likelihood: -20736.488122
Slow ML Search 5 Likelihood: -20736.557216
Slow ML Search 6 Likelihood: -20737.082938
Slow ML Search 7 Likelihood: -20738.452671
Slow ML Search 8 Likelihood: -20738.683363
Slow ML Search 9 Likelihood: -20740.142262
Slow ML optimization finished

Slow ML search Time: 89.674793 seconds
Thorough ML search Time: 1.074492 seconds

Final ML Optimization Likelihood: -20734.974314

Model Information:

Model Parameters of Partition 0, Name: No Name Provided, Type of Data: DNA
alpha: 0.306436
Tree-Length: 1.593077
rate A <-> C: 2.369681
rate A <-> G: 9.018916
rate A <-> T: 0.946338
rate C <-> G: 1.057325
rate C <-> T: 11.348691
rate G <-> T: 1.000000

freq pi(A): 0.390192
freq pi(C): 0.166026
freq pi(G): 0.227359
freq pi(T): 0.216423


ML search took 331.864501 secs or 0.092185 hours

Combined Bootstrap and ML search took 551.525496 secs or 0.153202 hours

Drawing Bootstrap Support Values on best-scoring ML tree ...



Found 1 tree in File /gpfs_home/mhowison/code/hiv-profile-sampling/scratch/trees/pol/RAxML_bestTree.sample.127



Found 1 tree in File /gpfs_home/mhowison/code/hiv-profile-sampling/scratch/trees/pol/RAxML_bestTree.sample.127

Program execution info written to /gpfs_home/mhowison/code/hiv-profile-sampling/scratch/trees/pol/RAxML_info.sample.127
All 100 bootstrapped trees written to: /gpfs_home/mhowison/code/hiv-profile-sampling/scratch/trees/pol/RAxML_bootstrap.sample.127

Best-scoring ML tree written to: /gpfs_home/mhowison/code/hiv-profile-sampling/scratch/trees/pol/RAxML_bestTree.sample.127

Best-scoring ML tree with support values written to: /gpfs_home/mhowison/code/hiv-profile-sampling/scratch/trees/pol/RAxML_bipartitions.sample.127

Best-scoring ML tree with support values as branch labels written to: /gpfs_home/mhowison/code/hiv-profile-sampling/scratch/trees/pol/RAxML_bipartitionsBranchLabels.sample.127

Overall execution time for full ML analysis: 551.529708 secs or 0.153203 hours or 0.006383 days

