srun: job 262193 queued and waiting for resources
srun: job 262193 has been allocated resources
Warning, you specified a working directory via "-w"
Keep in mind that RAxML only accepts absolute path names, not relative ones!

RAxML can't, parse the alignment file as phylip file 
it will now try to parse it as FASTA file



Using BFGS method to optimize GTR rate parameters, to disable this specify "--no-bfgs" 


This is the RAxML Master Pthread

This is RAxML Worker Pthread Number: 2

This is RAxML Worker Pthread Number: 1

This is RAxML Worker Pthread Number: 5

This is RAxML Worker Pthread Number: 4

This is RAxML Worker Pthread Number: 3

This is RAxML Worker Pthread Number: 6

This is RAxML Worker Pthread Number: 7

This is RAxML Worker Pthread Number: 8

This is RAxML Worker Pthread Number: 9

This is RAxML Worker Pthread Number: 10

This is RAxML Worker Pthread Number: 11

This is RAxML Worker Pthread Number: 13

This is RAxML Worker Pthread Number: 12

This is RAxML Worker Pthread Number: 14

This is RAxML Worker Pthread Number: 15

This is RAxML Worker Pthread Number: 17

This is RAxML Worker Pthread Number: 16

This is RAxML Worker Pthread Number: 18

This is RAxML Worker Pthread Number: 19


This is RAxML version 8.2.12 released by Alexandros Stamatakis on May 2018.

With greatly appreciated code contributions by:
Andre Aberer      (HITS)
Simon Berger      (HITS)
Alexey Kozlov     (HITS)
Kassian Kobert    (HITS)
David Dao         (KIT and HITS)
Sarah Lutteropp   (KIT and HITS)
Nick Pattengale   (Sandia)
Wayne Pfeiffer    (SDSC)
Akifumi S. Tanabe (NRIFS)
Charlie Taylor    (UF)


Alignment has 1179 distinct alignment patterns

Proportion of gaps and completely undetermined characters in this alignment: 5.95%

RAxML rapid bootstrapping and subsequent ML search

Using 1 distinct models/data partitions with joint branch length optimization



Executing 100 rapid bootstrap inferences and thereafter a thorough ML search 

All free model parameters will be estimated by RAxML
GAMMA model of rate heterogeneity, ML estimate of alpha-parameter

GAMMA Model parameters will be estimated up to an accuracy of 0.1000000000 Log Likelihood units

Partition: 0
Alignment Patterns: 1179
Name: No Name Provided
DataType: DNA
Substitution Matrix: GTR




RAxML was called as follows:

raxmlHPC-PTHREADS-AVX -T 20 -s scratch/aligned/pol/sample.400.fa -p 0886060403 -x 0886060403 -f a -N 100 -m GTRGAMMA -w /gpfs_home/mhowison/code/hiv-profile-sampling/scratch/trees/pol -n sample.400 



Time for BS model parameter optimization 0.051797
Bootstrap[0]: Time 0.609063 seconds, bootstrap likelihood -20505.677899, best rearrangement setting 14
Bootstrap[1]: Time 0.522698 seconds, bootstrap likelihood -20749.940503, best rearrangement setting 12
Bootstrap[2]: Time 0.495866 seconds, bootstrap likelihood -21147.387168, best rearrangement setting 12
Bootstrap[3]: Time 0.523557 seconds, bootstrap likelihood -20162.856652, best rearrangement setting 6
Bootstrap[4]: Time 0.508763 seconds, bootstrap likelihood -20678.046165, best rearrangement setting 15
Bootstrap[5]: Time 0.571607 seconds, bootstrap likelihood -21096.789348, best rearrangement setting 7
Bootstrap[6]: Time 0.545712 seconds, bootstrap likelihood -20975.678679, best rearrangement setting 10
Bootstrap[7]: Time 0.532838 seconds, bootstrap likelihood -20402.452965, best rearrangement setting 10
Bootstrap[8]: Time 0.444420 seconds, bootstrap likelihood -20545.526217, best rearrangement setting 6
Bootstrap[9]: Time 0.593525 seconds, bootstrap likelihood -20622.536936, best rearrangement setting 8
Bootstrap[10]: Time 0.480500 seconds, bootstrap likelihood -20768.200838, best rearrangement setting 14
Bootstrap[11]: Time 0.511766 seconds, bootstrap likelihood -21178.340219, best rearrangement setting 6
Bootstrap[12]: Time 0.429843 seconds, bootstrap likelihood -20855.725964, best rearrangement setting 5
Bootstrap[13]: Time 0.506972 seconds, bootstrap likelihood -20794.393073, best rearrangement setting 8
Bootstrap[14]: Time 0.534180 seconds, bootstrap likelihood -20851.146080, best rearrangement setting 11
Bootstrap[15]: Time 1.600714 seconds, bootstrap likelihood -20632.794997, best rearrangement setting 7
Bootstrap[16]: Time 0.442687 seconds, bootstrap likelihood -20780.907400, best rearrangement setting 5
Bootstrap[17]: Time 0.709357 seconds, bootstrap likelihood -20338.585450, best rearrangement setting 6
Bootstrap[18]: Time 0.592458 seconds, bootstrap likelihood -20419.819931, best rearrangement setting 14
Bootstrap[19]: Time 0.447531 seconds, bootstrap likelihood -20184.265925, best rearrangement setting 6
Bootstrap[20]: Time 0.486234 seconds, bootstrap likelihood -19482.654948, best rearrangement setting 15
Bootstrap[21]: Time 0.439426 seconds, bootstrap likelihood -20438.550519, best rearrangement setting 8
Bootstrap[22]: Time 0.518887 seconds, bootstrap likelihood -20779.172380, best rearrangement setting 7
Bootstrap[23]: Time 1.665394 seconds, bootstrap likelihood -20226.598528, best rearrangement setting 15
Bootstrap[24]: Time 0.529331 seconds, bootstrap likelihood -20213.452108, best rearrangement setting 6
Bootstrap[25]: Time 0.565957 seconds, bootstrap likelihood -20009.270585, best rearrangement setting 12
Bootstrap[26]: Time 0.591019 seconds, bootstrap likelihood -20604.959192, best rearrangement setting 6
Bootstrap[27]: Time 0.575409 seconds, bootstrap likelihood -20579.416603, best rearrangement setting 15
Bootstrap[28]: Time 0.534723 seconds, bootstrap likelihood -21203.941114, best rearrangement setting 10
Bootstrap[29]: Time 0.487042 seconds, bootstrap likelihood -20798.000892, best rearrangement setting 11
Bootstrap[30]: Time 0.573620 seconds, bootstrap likelihood -20916.745902, best rearrangement setting 14
Bootstrap[31]: Time 0.531121 seconds, bootstrap likelihood -21206.602554, best rearrangement setting 12
Bootstrap[32]: Time 0.482694 seconds, bootstrap likelihood -20880.407517, best rearrangement setting 8
Bootstrap[33]: Time 0.505503 seconds, bootstrap likelihood -20263.622138, best rearrangement setting 5
Bootstrap[34]: Time 0.897030 seconds, bootstrap likelihood -20152.295799, best rearrangement setting 6
Bootstrap[35]: Time 0.506263 seconds, bootstrap likelihood -20498.882646, best rearrangement setting 15
Bootstrap[36]: Time 0.452629 seconds, bootstrap likelihood -21267.405097, best rearrangement setting 10
Bootstrap[37]: Time 0.467627 seconds, bootstrap likelihood -20847.497867, best rearrangement setting 9
Bootstrap[38]: Time 0.483630 seconds, bootstrap likelihood -20951.458545, best rearrangement setting 11
Bootstrap[39]: Time 0.452021 seconds, bootstrap likelihood -20590.536621, best rearrangement setting 10
Bootstrap[40]: Time 0.506804 seconds, bootstrap likelihood -20967.177250, best rearrangement setting 15
Bootstrap[41]: Time 0.556990 seconds, bootstrap likelihood -20378.193860, best rearrangement setting 7
Bootstrap[42]: Time 0.490885 seconds, bootstrap likelihood -20552.962788, best rearrangement setting 8
Bootstrap[43]: Time 0.505289 seconds, bootstrap likelihood -20761.549233, best rearrangement setting 13
Bootstrap[44]: Time 0.478134 seconds, bootstrap likelihood -20324.661842, best rearrangement setting 10
Bootstrap[45]: Time 0.537434 seconds, bootstrap likelihood -20343.586053, best rearrangement setting 5
Bootstrap[46]: Time 0.546829 seconds, bootstrap likelihood -20468.537238, best rearrangement setting 15
Bootstrap[47]: Time 0.622550 seconds, bootstrap likelihood -20882.445072, best rearrangement setting 11
Bootstrap[48]: Time 1.915099 seconds, bootstrap likelihood -21293.482749, best rearrangement setting 15
Bootstrap[49]: Time 0.562799 seconds, bootstrap likelihood -20563.530878, best rearrangement setting 8
Bootstrap[50]: Time 0.581903 seconds, bootstrap likelihood -20620.478320, best rearrangement setting 15
Bootstrap[51]: Time 0.576386 seconds, bootstrap likelihood -20515.463167, best rearrangement setting 12
Bootstrap[52]: Time 0.580092 seconds, bootstrap likelihood -20693.633536, best rearrangement setting 7
Bootstrap[53]: Time 0.477878 seconds, bootstrap likelihood -20537.989952, best rearrangement setting 15
Bootstrap[54]: Time 0.429785 seconds, bootstrap likelihood -20184.904363, best rearrangement setting 5
Bootstrap[55]: Time 0.541280 seconds, bootstrap likelihood -21228.153853, best rearrangement setting 9
Bootstrap[56]: Time 0.471968 seconds, bootstrap likelihood -20798.787217, best rearrangement setting 15
Bootstrap[57]: Time 0.523904 seconds, bootstrap likelihood -20139.421666, best rearrangement setting 5
Bootstrap[58]: Time 0.589384 seconds, bootstrap likelihood -20873.310636, best rearrangement setting 13
Bootstrap[59]: Time 4.579824 seconds, bootstrap likelihood -20723.114187, best rearrangement setting 5
Bootstrap[60]: Time 0.648424 seconds, bootstrap likelihood -20384.385742, best rearrangement setting 10
Bootstrap[61]: Time 0.523522 seconds, bootstrap likelihood -20303.411672, best rearrangement setting 6
Bootstrap[62]: Time 0.581417 seconds, bootstrap likelihood -20175.088815, best rearrangement setting 7
Bootstrap[63]: Time 0.598650 seconds, bootstrap likelihood -20361.094929, best rearrangement setting 11
Bootstrap[64]: Time 0.578283 seconds, bootstrap likelihood -20106.872058, best rearrangement setting 12
Bootstrap[65]: Time 0.516671 seconds, bootstrap likelihood -20931.484860, best rearrangement setting 13
Bootstrap[66]: Time 0.550547 seconds, bootstrap likelihood -21004.218587, best rearrangement setting 8
Bootstrap[67]: Time 0.518700 seconds, bootstrap likelihood -20696.382076, best rearrangement setting 7
Bootstrap[68]: Time 0.532019 seconds, bootstrap likelihood -21428.308506, best rearrangement setting 13
Bootstrap[69]: Time 0.457483 seconds, bootstrap likelihood -20453.699536, best rearrangement setting 6
Bootstrap[70]: Time 0.525006 seconds, bootstrap likelihood -20566.177606, best rearrangement setting 13
Bootstrap[71]: Time 0.517267 seconds, bootstrap likelihood -21053.861986, best rearrangement setting 8
Bootstrap[72]: Time 0.622475 seconds, bootstrap likelihood -20605.662167, best rearrangement setting 15
Bootstrap[73]: Time 0.498562 seconds, bootstrap likelihood -19784.533271, best rearrangement setting 7
Bootstrap[74]: Time 0.505045 seconds, bootstrap likelihood -20167.175396, best rearrangement setting 9
Bootstrap[75]: Time 0.550933 seconds, bootstrap likelihood -20412.670463, best rearrangement setting 9
Bootstrap[76]: Time 0.506772 seconds, bootstrap likelihood -21312.204604, best rearrangement setting 6
Bootstrap[77]: Time 0.459547 seconds, bootstrap likelihood -21868.047268, best rearrangement setting 13
Bootstrap[78]: Time 0.477114 seconds, bootstrap likelihood -21380.219276, best rearrangement setting 5
Bootstrap[79]: Time 38.812321 seconds, bootstrap likelihood -20750.941219, best rearrangement setting 13
Bootstrap[80]: Time 0.504763 seconds, bootstrap likelihood -20864.255464, best rearrangement setting 12
Bootstrap[81]: Time 5.994413 seconds, bootstrap likelihood -20213.560403, best rearrangement setting 9
Bootstrap[82]: Time 0.561186 seconds, bootstrap likelihood -21077.527406, best rearrangement setting 14
Bootstrap[83]: Time 0.494613 seconds, bootstrap likelihood -20496.739900, best rearrangement setting 6
Bootstrap[84]: Time 0.595730 seconds, bootstrap likelihood -20258.268680, best rearrangement setting 10
Bootstrap[85]: Time 0.474102 seconds, bootstrap likelihood -21005.182164, best rearrangement setting 5
Bootstrap[86]: Time 0.524755 seconds, bootstrap likelihood -20637.542251, best rearrangement setting 7
Bootstrap[87]: Time 0.512980 seconds, bootstrap likelihood -19935.235630, best rearrangement setting 9
Bootstrap[88]: Time 0.569712 seconds, bootstrap likelihood -20421.728934, best rearrangement setting 13
Bootstrap[89]: Time 0.547211 seconds, bootstrap likelihood -20316.716686, best rearrangement setting 11
Bootstrap[90]: Time 0.595056 seconds, bootstrap likelihood -20623.850791, best rearrangement setting 7
Bootstrap[91]: Time 0.509847 seconds, bootstrap likelihood -21232.404334, best rearrangement setting 10
Bootstrap[92]: Time 0.557770 seconds, bootstrap likelihood -20279.751115, best rearrangement setting 9
Bootstrap[93]: Time 0.425201 seconds, bootstrap likelihood -20007.033846, best rearrangement setting 10
Bootstrap[94]: Time 0.513233 seconds, bootstrap likelihood -20171.108035, best rearrangement setting 9
Bootstrap[95]: Time 0.512020 seconds, bootstrap likelihood -20295.878932, best rearrangement setting 8
Bootstrap[96]: Time 0.467251 seconds, bootstrap likelihood -20776.837481, best rearrangement setting 6
Bootstrap[97]: Time 2.043695 seconds, bootstrap likelihood -20427.798458, best rearrangement setting 11
Bootstrap[98]: Time 0.618616 seconds, bootstrap likelihood -20520.948446, best rearrangement setting 9
Bootstrap[99]: Time 0.504682 seconds, bootstrap likelihood -20085.783782, best rearrangement setting 8


Overall Time for 100 Rapid Bootstraps 106.138382 seconds
Average Time per Rapid Bootstrap 1.061384 seconds

Starting ML Search ...

Fast ML optimization finished

Fast ML search Time: 543.970430 seconds

Slow ML Search 0 Likelihood: -20676.919672
Slow ML Search 1 Likelihood: -20676.919764
Slow ML Search 2 Likelihood: -20676.919763
Slow ML Search 3 Likelihood: -20676.919764
Slow ML Search 4 Likelihood: -20676.919764
Slow ML Search 5 Likelihood: -20679.029045
Slow ML Search 6 Likelihood: -20679.350248
Slow ML Search 7 Likelihood: -20679.640530
Slow ML Search 8 Likelihood: -20679.640530
Slow ML Search 9 Likelihood: -20679.640531
Slow ML optimization finished

Slow ML search Time: 51.085793 seconds
Thorough ML search Time: 1.094880 seconds

Final ML Optimization Likelihood: -20676.919672

Model Information:

Model Parameters of Partition 0, Name: No Name Provided, Type of Data: DNA
alpha: 0.298583
Tree-Length: 1.579293
rate A <-> C: 2.432866
rate A <-> G: 9.083839
rate A <-> T: 0.990970
rate C <-> G: 0.947109
rate C <-> T: 11.330316
rate G <-> T: 1.000000

freq pi(A): 0.390127
freq pi(C): 0.165993
freq pi(G): 0.227423
freq pi(T): 0.216458


ML search took 596.162972 secs or 0.165601 hours

Combined Bootstrap and ML search took 702.301483 secs or 0.195084 hours

Drawing Bootstrap Support Values on best-scoring ML tree ...



Found 1 tree in File /gpfs_home/mhowison/code/hiv-profile-sampling/scratch/trees/pol/RAxML_bestTree.sample.400



Found 1 tree in File /gpfs_home/mhowison/code/hiv-profile-sampling/scratch/trees/pol/RAxML_bestTree.sample.400

Program execution info written to /gpfs_home/mhowison/code/hiv-profile-sampling/scratch/trees/pol/RAxML_info.sample.400
All 100 bootstrapped trees written to: /gpfs_home/mhowison/code/hiv-profile-sampling/scratch/trees/pol/RAxML_bootstrap.sample.400

Best-scoring ML tree written to: /gpfs_home/mhowison/code/hiv-profile-sampling/scratch/trees/pol/RAxML_bestTree.sample.400

Best-scoring ML tree with support values written to: /gpfs_home/mhowison/code/hiv-profile-sampling/scratch/trees/pol/RAxML_bipartitions.sample.400

Best-scoring ML tree with support values as branch labels written to: /gpfs_home/mhowison/code/hiv-profile-sampling/scratch/trees/pol/RAxML_bipartitionsBranchLabels.sample.400

Overall execution time for full ML analysis: 702.305779 secs or 0.195085 hours or 0.008129 days

