srun: job 262177 queued and waiting for resources
srun: job 262177 has been allocated resources
Warning, you specified a working directory via "-w"
Keep in mind that RAxML only accepts absolute path names, not relative ones!

RAxML can't, parse the alignment file as phylip file 
it will now try to parse it as FASTA file



Using BFGS method to optimize GTR rate parameters, to disable this specify "--no-bfgs" 


This is the RAxML Master Pthread

This is RAxML Worker Pthread Number: 2

This is RAxML Worker Pthread Number: 1

This is RAxML Worker Pthread Number: 3

This is RAxML Worker Pthread Number: 5

This is RAxML Worker Pthread Number: 4

This is RAxML Worker Pthread Number: 6

This is RAxML Worker Pthread Number: 7

This is RAxML Worker Pthread Number: 8

This is RAxML Worker Pthread Number: 12

This is RAxML Worker Pthread Number: 10

This is RAxML Worker Pthread Number: 9

This is RAxML Worker Pthread Number: 13

This is RAxML Worker Pthread Number: 11

This is RAxML Worker Pthread Number: 14

This is RAxML Worker Pthread Number: 17

This is RAxML Worker Pthread Number: 15

This is RAxML Worker Pthread Number: 18

This is RAxML Worker Pthread Number: 16

This is RAxML Worker Pthread Number: 19


This is RAxML version 8.2.12 released by Alexandros Stamatakis on May 2018.

With greatly appreciated code contributions by:
Andre Aberer      (HITS)
Simon Berger      (HITS)
Alexey Kozlov     (HITS)
Kassian Kobert    (HITS)
David Dao         (KIT and HITS)
Sarah Lutteropp   (KIT and HITS)
Nick Pattengale   (Sandia)
Wayne Pfeiffer    (SDSC)
Akifumi S. Tanabe (NRIFS)
Charlie Taylor    (UF)


Alignment has 1180 distinct alignment patterns

Proportion of gaps and completely undetermined characters in this alignment: 5.93%

RAxML rapid bootstrapping and subsequent ML search

Using 1 distinct models/data partitions with joint branch length optimization



Executing 100 rapid bootstrap inferences and thereafter a thorough ML search 

All free model parameters will be estimated by RAxML
GAMMA model of rate heterogeneity, ML estimate of alpha-parameter

GAMMA Model parameters will be estimated up to an accuracy of 0.1000000000 Log Likelihood units

Partition: 0
Alignment Patterns: 1180
Name: No Name Provided
DataType: DNA
Substitution Matrix: GTR




RAxML was called as follows:

raxmlHPC-PTHREADS-AVX -T 20 -s scratch/aligned/pol/sample.387.fa -p 0697712090 -x 0697712090 -f a -N 100 -m GTRGAMMA -w /gpfs_home/mhowison/code/hiv-profile-sampling/scratch/trees/pol -n sample.387 



Time for BS model parameter optimization 0.052794
Bootstrap[0]: Time 3.375042 seconds, bootstrap likelihood -20632.012038, best rearrangement setting 5
Bootstrap[1]: Time 0.479481 seconds, bootstrap likelihood -20462.517906, best rearrangement setting 11
Bootstrap[2]: Time 0.575529 seconds, bootstrap likelihood -19808.353768, best rearrangement setting 13
Bootstrap[3]: Time 0.468681 seconds, bootstrap likelihood -21029.802027, best rearrangement setting 5
Bootstrap[4]: Time 0.639518 seconds, bootstrap likelihood -20304.699951, best rearrangement setting 11
Bootstrap[5]: Time 0.603297 seconds, bootstrap likelihood -20413.309092, best rearrangement setting 13
Bootstrap[6]: Time 0.591228 seconds, bootstrap likelihood -20655.234618, best rearrangement setting 12
Bootstrap[7]: Time 0.621174 seconds, bootstrap likelihood -21443.942623, best rearrangement setting 12
Bootstrap[8]: Time 0.576494 seconds, bootstrap likelihood -20617.789846, best rearrangement setting 15
Bootstrap[9]: Time 0.763839 seconds, bootstrap likelihood -20630.140022, best rearrangement setting 10
Bootstrap[10]: Time 9.800272 seconds, bootstrap likelihood -20710.471882, best rearrangement setting 9
Bootstrap[11]: Time 0.491360 seconds, bootstrap likelihood -20780.575377, best rearrangement setting 7
Bootstrap[12]: Time 0.511594 seconds, bootstrap likelihood -21096.594378, best rearrangement setting 14
Bootstrap[13]: Time 0.605975 seconds, bootstrap likelihood -20951.896632, best rearrangement setting 13
Bootstrap[14]: Time 0.495675 seconds, bootstrap likelihood -20516.815178, best rearrangement setting 12
Bootstrap[15]: Time 0.458784 seconds, bootstrap likelihood -20904.144386, best rearrangement setting 5
Bootstrap[16]: Time 0.449651 seconds, bootstrap likelihood -20866.935950, best rearrangement setting 10
Bootstrap[17]: Time 0.743279 seconds, bootstrap likelihood -20884.341556, best rearrangement setting 6
Bootstrap[18]: Time 0.469735 seconds, bootstrap likelihood -21080.737929, best rearrangement setting 6
Bootstrap[19]: Time 45.783104 seconds, bootstrap likelihood -20246.112240, best rearrangement setting 5
Bootstrap[20]: Time 13.939210 seconds, bootstrap likelihood -21415.809580, best rearrangement setting 8
Bootstrap[21]: Time 0.621275 seconds, bootstrap likelihood -21071.286066, best rearrangement setting 8
Bootstrap[22]: Time 1.141695 seconds, bootstrap likelihood -20987.924710, best rearrangement setting 8
Bootstrap[23]: Time 14.272803 seconds, bootstrap likelihood -21169.215802, best rearrangement setting 7
Bootstrap[24]: Time 5.596897 seconds, bootstrap likelihood -20323.505971, best rearrangement setting 9
Bootstrap[25]: Time 9.486948 seconds, bootstrap likelihood -21047.480775, best rearrangement setting 13
Bootstrap[26]: Time 0.570038 seconds, bootstrap likelihood -20045.325240, best rearrangement setting 11
Bootstrap[27]: Time 0.577190 seconds, bootstrap likelihood -20936.627711, best rearrangement setting 8
Bootstrap[28]: Time 0.597499 seconds, bootstrap likelihood -21007.089898, best rearrangement setting 7
Bootstrap[29]: Time 0.520111 seconds, bootstrap likelihood -21058.598067, best rearrangement setting 9
Bootstrap[30]: Time 0.420673 seconds, bootstrap likelihood -20809.410544, best rearrangement setting 7
Bootstrap[31]: Time 0.567154 seconds, bootstrap likelihood -20918.644891, best rearrangement setting 7
Bootstrap[32]: Time 0.431217 seconds, bootstrap likelihood -20829.673648, best rearrangement setting 5
Bootstrap[33]: Time 0.534671 seconds, bootstrap likelihood -20800.771138, best rearrangement setting 11
Bootstrap[34]: Time 0.481075 seconds, bootstrap likelihood -20869.114671, best rearrangement setting 11
Bootstrap[35]: Time 0.608179 seconds, bootstrap likelihood -20700.891324, best rearrangement setting 13
Bootstrap[36]: Time 0.560685 seconds, bootstrap likelihood -20184.303440, best rearrangement setting 8
Bootstrap[37]: Time 0.507618 seconds, bootstrap likelihood -21378.880017, best rearrangement setting 9
Bootstrap[38]: Time 0.472961 seconds, bootstrap likelihood -20485.708611, best rearrangement setting 5
Bootstrap[39]: Time 0.573162 seconds, bootstrap likelihood -21742.945166, best rearrangement setting 11
Bootstrap[40]: Time 0.537017 seconds, bootstrap likelihood -20181.916652, best rearrangement setting 9
Bootstrap[41]: Time 0.520896 seconds, bootstrap likelihood -21038.899115, best rearrangement setting 7
Bootstrap[42]: Time 0.575414 seconds, bootstrap likelihood -21025.151396, best rearrangement setting 14
Bootstrap[43]: Time 0.449600 seconds, bootstrap likelihood -20932.594124, best rearrangement setting 5
Bootstrap[44]: Time 0.579578 seconds, bootstrap likelihood -20511.744784, best rearrangement setting 8
Bootstrap[45]: Time 0.567497 seconds, bootstrap likelihood -20794.018004, best rearrangement setting 7
Bootstrap[46]: Time 0.506190 seconds, bootstrap likelihood -21335.266227, best rearrangement setting 11
Bootstrap[47]: Time 0.514187 seconds, bootstrap likelihood -20186.604430, best rearrangement setting 10
Bootstrap[48]: Time 0.473308 seconds, bootstrap likelihood -20279.260358, best rearrangement setting 13
Bootstrap[49]: Time 0.551833 seconds, bootstrap likelihood -20277.639602, best rearrangement setting 9
Bootstrap[50]: Time 0.576765 seconds, bootstrap likelihood -21351.329079, best rearrangement setting 13
Bootstrap[51]: Time 0.468635 seconds, bootstrap likelihood -20836.497234, best rearrangement setting 5
Bootstrap[52]: Time 0.548923 seconds, bootstrap likelihood -20632.957114, best rearrangement setting 11
Bootstrap[53]: Time 0.540514 seconds, bootstrap likelihood -20543.544739, best rearrangement setting 15
Bootstrap[54]: Time 0.531951 seconds, bootstrap likelihood -21330.336287, best rearrangement setting 8
Bootstrap[55]: Time 4.659972 seconds, bootstrap likelihood -20803.091716, best rearrangement setting 14
Bootstrap[56]: Time 0.572992 seconds, bootstrap likelihood -20422.501658, best rearrangement setting 13
Bootstrap[57]: Time 0.530746 seconds, bootstrap likelihood -21096.753191, best rearrangement setting 12
Bootstrap[58]: Time 0.427086 seconds, bootstrap likelihood -20575.183765, best rearrangement setting 8
Bootstrap[59]: Time 0.587015 seconds, bootstrap likelihood -20704.056330, best rearrangement setting 14
Bootstrap[60]: Time 0.440064 seconds, bootstrap likelihood -21485.539042, best rearrangement setting 13
Bootstrap[61]: Time 0.553269 seconds, bootstrap likelihood -21015.884888, best rearrangement setting 11
Bootstrap[62]: Time 0.508093 seconds, bootstrap likelihood -20646.538483, best rearrangement setting 7
Bootstrap[63]: Time 0.498336 seconds, bootstrap likelihood -21092.963337, best rearrangement setting 5
Bootstrap[64]: Time 0.546112 seconds, bootstrap likelihood -20698.111913, best rearrangement setting 9
Bootstrap[65]: Time 0.503851 seconds, bootstrap likelihood -20912.336462, best rearrangement setting 12
Bootstrap[66]: Time 3.303016 seconds, bootstrap likelihood -20873.998396, best rearrangement setting 5
Bootstrap[67]: Time 0.588272 seconds, bootstrap likelihood -20390.113743, best rearrangement setting 11
Bootstrap[68]: Time 21.247228 seconds, bootstrap likelihood -20635.087686, best rearrangement setting 12
Bootstrap[69]: Time 4.592080 seconds, bootstrap likelihood -20977.245245, best rearrangement setting 5
Bootstrap[70]: Time 10.251963 seconds, bootstrap likelihood -20329.036555, best rearrangement setting 8
Bootstrap[71]: Time 0.529979 seconds, bootstrap likelihood -20248.208709, best rearrangement setting 15
Bootstrap[72]: Time 0.544587 seconds, bootstrap likelihood -21104.186861, best rearrangement setting 8
Bootstrap[73]: Time 0.442567 seconds, bootstrap likelihood -20973.067632, best rearrangement setting 15
Bootstrap[74]: Time 0.458878 seconds, bootstrap likelihood -20977.693214, best rearrangement setting 9
Bootstrap[75]: Time 0.532163 seconds, bootstrap likelihood -21256.783864, best rearrangement setting 11
Bootstrap[76]: Time 0.584633 seconds, bootstrap likelihood -20928.241634, best rearrangement setting 8
Bootstrap[77]: Time 0.494947 seconds, bootstrap likelihood -20445.821307, best rearrangement setting 14
Bootstrap[78]: Time 0.445034 seconds, bootstrap likelihood -20414.711940, best rearrangement setting 5
Bootstrap[79]: Time 0.442195 seconds, bootstrap likelihood -20660.319221, best rearrangement setting 14
Bootstrap[80]: Time 0.542539 seconds, bootstrap likelihood -19864.298974, best rearrangement setting 11
Bootstrap[81]: Time 0.565963 seconds, bootstrap likelihood -20779.663644, best rearrangement setting 9
Bootstrap[82]: Time 0.532606 seconds, bootstrap likelihood -20777.513486, best rearrangement setting 8
Bootstrap[83]: Time 0.622395 seconds, bootstrap likelihood -20299.615908, best rearrangement setting 13
Bootstrap[84]: Time 0.487815 seconds, bootstrap likelihood -20804.484048, best rearrangement setting 7
Bootstrap[85]: Time 0.576242 seconds, bootstrap likelihood -20998.105882, best rearrangement setting 7
Bootstrap[86]: Time 0.452072 seconds, bootstrap likelihood -20784.461524, best rearrangement setting 7
Bootstrap[87]: Time 0.575728 seconds, bootstrap likelihood -20627.881075, best rearrangement setting 12
Bootstrap[88]: Time 2.894671 seconds, bootstrap likelihood -19774.613934, best rearrangement setting 15
Bootstrap[89]: Time 0.575099 seconds, bootstrap likelihood -20524.763168, best rearrangement setting 14
Bootstrap[90]: Time 0.637770 seconds, bootstrap likelihood -20801.643172, best rearrangement setting 14
Bootstrap[91]: Time 0.550080 seconds, bootstrap likelihood -20711.470109, best rearrangement setting 12
Bootstrap[92]: Time 0.564315 seconds, bootstrap likelihood -20654.008798, best rearrangement setting 13
Bootstrap[93]: Time 0.475935 seconds, bootstrap likelihood -20417.063893, best rearrangement setting 9
Bootstrap[94]: Time 0.470997 seconds, bootstrap likelihood -20344.106856, best rearrangement setting 10
Bootstrap[95]: Time 0.582534 seconds, bootstrap likelihood -20366.065868, best rearrangement setting 9
Bootstrap[96]: Time 0.439316 seconds, bootstrap likelihood -19872.640403, best rearrangement setting 14
Bootstrap[97]: Time 0.608812 seconds, bootstrap likelihood -20453.189396, best rearrangement setting 14
Bootstrap[98]: Time 0.445029 seconds, bootstrap likelihood -20769.906324, best rearrangement setting 7
Bootstrap[99]: Time 0.552354 seconds, bootstrap likelihood -20678.636563, best rearrangement setting 12


Overall Time for 100 Rapid Bootstraps 196.526529 seconds
Average Time per Rapid Bootstrap 1.965265 seconds

Starting ML Search ...

Fast ML optimization finished

Fast ML search Time: 244.323058 seconds

Slow ML Search 0 Likelihood: -20835.707595
Slow ML Search 1 Likelihood: -20835.707595
Slow ML Search 2 Likelihood: -20835.707896
Slow ML Search 3 Likelihood: -20835.707896
Slow ML Search 4 Likelihood: -20835.708052
Slow ML Search 5 Likelihood: -20835.708051
Slow ML Search 6 Likelihood: -20839.146405
Slow ML Search 7 Likelihood: -20840.233650
Slow ML Search 8 Likelihood: -20840.233650
Slow ML Search 9 Likelihood: -20840.845894
Slow ML optimization finished

Slow ML search Time: 38.114593 seconds
Thorough ML search Time: 1.130008 seconds

Final ML Optimization Likelihood: -20835.707594

Model Information:

Model Parameters of Partition 0, Name: No Name Provided, Type of Data: DNA
alpha: 0.309907
Tree-Length: 1.603471
rate A <-> C: 2.380335
rate A <-> G: 9.067741
rate A <-> T: 0.990585
rate C <-> G: 0.995519
rate C <-> T: 10.843588
rate G <-> T: 1.000000

freq pi(A): 0.390566
freq pi(C): 0.165754
freq pi(G): 0.227154
freq pi(T): 0.216526


ML search took 283.574418 secs or 0.078771 hours

Combined Bootstrap and ML search took 480.101078 secs or 0.133361 hours

Drawing Bootstrap Support Values on best-scoring ML tree ...



Found 1 tree in File /gpfs_home/mhowison/code/hiv-profile-sampling/scratch/trees/pol/RAxML_bestTree.sample.387



Found 1 tree in File /gpfs_home/mhowison/code/hiv-profile-sampling/scratch/trees/pol/RAxML_bestTree.sample.387

Program execution info written to /gpfs_home/mhowison/code/hiv-profile-sampling/scratch/trees/pol/RAxML_info.sample.387
All 100 bootstrapped trees written to: /gpfs_home/mhowison/code/hiv-profile-sampling/scratch/trees/pol/RAxML_bootstrap.sample.387

Best-scoring ML tree written to: /gpfs_home/mhowison/code/hiv-profile-sampling/scratch/trees/pol/RAxML_bestTree.sample.387

Best-scoring ML tree with support values written to: /gpfs_home/mhowison/code/hiv-profile-sampling/scratch/trees/pol/RAxML_bipartitions.sample.387

Best-scoring ML tree with support values as branch labels written to: /gpfs_home/mhowison/code/hiv-profile-sampling/scratch/trees/pol/RAxML_bipartitionsBranchLabels.sample.387

Overall execution time for full ML analysis: 480.105280 secs or 0.133363 hours or 0.005557 days

