srun: job 262236 queued and waiting for resources
srun: job 262236 has been allocated resources
Warning, you specified a working directory via "-w"
Keep in mind that RAxML only accepts absolute path names, not relative ones!

RAxML can't, parse the alignment file as phylip file 
it will now try to parse it as FASTA file



Using BFGS method to optimize GTR rate parameters, to disable this specify "--no-bfgs" 


This is the RAxML Master Pthread

This is RAxML Worker Pthread Number: 2

This is RAxML Worker Pthread Number: 4

This is RAxML Worker Pthread Number: 1

This is RAxML Worker Pthread Number: 3

This is RAxML Worker Pthread Number: 5

This is RAxML Worker Pthread Number: 7

This is RAxML Worker Pthread Number: 6

This is RAxML Worker Pthread Number: 8

This is RAxML Worker Pthread Number: 10

This is RAxML Worker Pthread Number: 13

This is RAxML Worker Pthread Number: 11

This is RAxML Worker Pthread Number: 12

This is RAxML Worker Pthread Number: 9

This is RAxML Worker Pthread Number: 14

This is RAxML Worker Pthread Number: 15

This is RAxML Worker Pthread Number: 16

This is RAxML Worker Pthread Number: 17

This is RAxML Worker Pthread Number: 18

This is RAxML Worker Pthread Number: 19


This is RAxML version 8.2.12 released by Alexandros Stamatakis on May 2018.

With greatly appreciated code contributions by:
Andre Aberer      (HITS)
Simon Berger      (HITS)
Alexey Kozlov     (HITS)
Kassian Kobert    (HITS)
David Dao         (KIT and HITS)
Sarah Lutteropp   (KIT and HITS)
Nick Pattengale   (Sandia)
Wayne Pfeiffer    (SDSC)
Akifumi S. Tanabe (NRIFS)
Charlie Taylor    (UF)


Alignment has 1191 distinct alignment patterns

Proportion of gaps and completely undetermined characters in this alignment: 5.94%

RAxML rapid bootstrapping and subsequent ML search

Using 1 distinct models/data partitions with joint branch length optimization



Executing 100 rapid bootstrap inferences and thereafter a thorough ML search 

All free model parameters will be estimated by RAxML
GAMMA model of rate heterogeneity, ML estimate of alpha-parameter

GAMMA Model parameters will be estimated up to an accuracy of 0.1000000000 Log Likelihood units

Partition: 0
Alignment Patterns: 1191
Name: No Name Provided
DataType: DNA
Substitution Matrix: GTR




RAxML was called as follows:

raxmlHPC-PTHREADS-AVX -T 20 -s scratch/aligned/pol/sample.431.fa -p 5999065172 -x 5999065172 -f a -N 100 -m GTRGAMMA -w /gpfs_home/mhowison/code/hiv-profile-sampling/scratch/trees/pol -n sample.431 



Time for BS model parameter optimization 0.053487
Bootstrap[0]: Time 0.679921 seconds, bootstrap likelihood -21014.801596, best rearrangement setting 7
Bootstrap[1]: Time 0.535598 seconds, bootstrap likelihood -20091.060916, best rearrangement setting 11
Bootstrap[2]: Time 0.605746 seconds, bootstrap likelihood -20393.755609, best rearrangement setting 11
Bootstrap[3]: Time 0.574562 seconds, bootstrap likelihood -20291.035389, best rearrangement setting 10
Bootstrap[4]: Time 0.640505 seconds, bootstrap likelihood -20118.074236, best rearrangement setting 8
Bootstrap[5]: Time 0.591952 seconds, bootstrap likelihood -20429.026958, best rearrangement setting 10
Bootstrap[6]: Time 0.585814 seconds, bootstrap likelihood -20172.095761, best rearrangement setting 7
Bootstrap[7]: Time 0.565579 seconds, bootstrap likelihood -20185.055999, best rearrangement setting 7
Bootstrap[8]: Time 0.568977 seconds, bootstrap likelihood -20550.203908, best rearrangement setting 8
Bootstrap[9]: Time 0.454642 seconds, bootstrap likelihood -19497.156232, best rearrangement setting 14
Bootstrap[10]: Time 0.569391 seconds, bootstrap likelihood -20667.396888, best rearrangement setting 11
Bootstrap[11]: Time 0.543830 seconds, bootstrap likelihood -21206.824257, best rearrangement setting 15
Bootstrap[12]: Time 0.537019 seconds, bootstrap likelihood -20492.447956, best rearrangement setting 9
Bootstrap[13]: Time 0.575252 seconds, bootstrap likelihood -20546.433976, best rearrangement setting 5
Bootstrap[14]: Time 0.640718 seconds, bootstrap likelihood -20532.349531, best rearrangement setting 10
Bootstrap[15]: Time 4.185270 seconds, bootstrap likelihood -20139.653403, best rearrangement setting 12
Bootstrap[16]: Time 0.549021 seconds, bootstrap likelihood -20517.050046, best rearrangement setting 14
Bootstrap[17]: Time 0.758051 seconds, bootstrap likelihood -20438.536347, best rearrangement setting 11
Bootstrap[18]: Time 0.515073 seconds, bootstrap likelihood -19854.003360, best rearrangement setting 13
Bootstrap[19]: Time 0.562192 seconds, bootstrap likelihood -19914.893901, best rearrangement setting 14
Bootstrap[20]: Time 0.483352 seconds, bootstrap likelihood -20444.833692, best rearrangement setting 9
Bootstrap[21]: Time 0.478789 seconds, bootstrap likelihood -20958.317474, best rearrangement setting 5
Bootstrap[22]: Time 0.562135 seconds, bootstrap likelihood -20417.979719, best rearrangement setting 15
Bootstrap[23]: Time 0.519434 seconds, bootstrap likelihood -20671.156853, best rearrangement setting 7
Bootstrap[24]: Time 0.545414 seconds, bootstrap likelihood -20428.234177, best rearrangement setting 8
Bootstrap[25]: Time 0.588876 seconds, bootstrap likelihood -20303.872013, best rearrangement setting 12
Bootstrap[26]: Time 0.560786 seconds, bootstrap likelihood -20277.297450, best rearrangement setting 15
Bootstrap[27]: Time 0.529609 seconds, bootstrap likelihood -20912.980926, best rearrangement setting 13
Bootstrap[28]: Time 0.505646 seconds, bootstrap likelihood -20289.760784, best rearrangement setting 14
Bootstrap[29]: Time 0.526095 seconds, bootstrap likelihood -20755.478222, best rearrangement setting 12
Bootstrap[30]: Time 0.488037 seconds, bootstrap likelihood -20770.777964, best rearrangement setting 5
Bootstrap[31]: Time 0.521740 seconds, bootstrap likelihood -21571.180377, best rearrangement setting 7
Bootstrap[32]: Time 0.603742 seconds, bootstrap likelihood -20423.901096, best rearrangement setting 8
Bootstrap[33]: Time 0.675698 seconds, bootstrap likelihood -21101.980008, best rearrangement setting 12
Bootstrap[34]: Time 0.511898 seconds, bootstrap likelihood -20837.333622, best rearrangement setting 15
Bootstrap[35]: Time 1.154648 seconds, bootstrap likelihood -20434.445120, best rearrangement setting 6
Bootstrap[36]: Time 0.516986 seconds, bootstrap likelihood -20120.794873, best rearrangement setting 8
Bootstrap[37]: Time 0.522381 seconds, bootstrap likelihood -20210.628157, best rearrangement setting 8
Bootstrap[38]: Time 0.498855 seconds, bootstrap likelihood -20882.180849, best rearrangement setting 5
Bootstrap[39]: Time 0.443512 seconds, bootstrap likelihood -20978.767225, best rearrangement setting 5
Bootstrap[40]: Time 0.548006 seconds, bootstrap likelihood -20458.771886, best rearrangement setting 11
Bootstrap[41]: Time 0.533528 seconds, bootstrap likelihood -20628.874715, best rearrangement setting 8
Bootstrap[42]: Time 1.530256 seconds, bootstrap likelihood -20304.780797, best rearrangement setting 11
Bootstrap[43]: Time 0.518052 seconds, bootstrap likelihood -21568.037430, best rearrangement setting 7
Bootstrap[44]: Time 0.503879 seconds, bootstrap likelihood -20947.272976, best rearrangement setting 8
Bootstrap[45]: Time 0.562621 seconds, bootstrap likelihood -20909.607241, best rearrangement setting 9
Bootstrap[46]: Time 0.594965 seconds, bootstrap likelihood -21314.936903, best rearrangement setting 8
Bootstrap[47]: Time 0.496533 seconds, bootstrap likelihood -20166.224962, best rearrangement setting 13
Bootstrap[48]: Time 0.573311 seconds, bootstrap likelihood -20679.413467, best rearrangement setting 15
Bootstrap[49]: Time 0.539183 seconds, bootstrap likelihood -20591.992035, best rearrangement setting 14
Bootstrap[50]: Time 0.477187 seconds, bootstrap likelihood -20981.868856, best rearrangement setting 6
Bootstrap[51]: Time 0.535917 seconds, bootstrap likelihood -20366.015390, best rearrangement setting 8
Bootstrap[52]: Time 0.494292 seconds, bootstrap likelihood -20517.578857, best rearrangement setting 5
Bootstrap[53]: Time 0.655446 seconds, bootstrap likelihood -20583.753117, best rearrangement setting 14
Bootstrap[54]: Time 0.552096 seconds, bootstrap likelihood -20374.007606, best rearrangement setting 12
Bootstrap[55]: Time 0.617135 seconds, bootstrap likelihood -20890.162952, best rearrangement setting 6
Bootstrap[56]: Time 0.524696 seconds, bootstrap likelihood -20693.533683, best rearrangement setting 6
Bootstrap[57]: Time 0.549689 seconds, bootstrap likelihood -20542.828055, best rearrangement setting 8
Bootstrap[58]: Time 0.534843 seconds, bootstrap likelihood -21131.100455, best rearrangement setting 9
Bootstrap[59]: Time 0.540449 seconds, bootstrap likelihood -20735.404555, best rearrangement setting 14
Bootstrap[60]: Time 0.809011 seconds, bootstrap likelihood -21365.137971, best rearrangement setting 7
Bootstrap[61]: Time 0.595987 seconds, bootstrap likelihood -20800.199472, best rearrangement setting 14
Bootstrap[62]: Time 0.561209 seconds, bootstrap likelihood -20611.739851, best rearrangement setting 11
Bootstrap[63]: Time 0.565283 seconds, bootstrap likelihood -21160.748818, best rearrangement setting 15
Bootstrap[64]: Time 0.534874 seconds, bootstrap likelihood -20058.360246, best rearrangement setting 6
Bootstrap[65]: Time 1.992759 seconds, bootstrap likelihood -20098.585186, best rearrangement setting 10
Bootstrap[66]: Time 2.829369 seconds, bootstrap likelihood -20772.042991, best rearrangement setting 8
Bootstrap[67]: Time 0.589695 seconds, bootstrap likelihood -20725.049935, best rearrangement setting 14
Bootstrap[68]: Time 0.459625 seconds, bootstrap likelihood -20714.284654, best rearrangement setting 5
Bootstrap[69]: Time 0.640949 seconds, bootstrap likelihood -20705.530228, best rearrangement setting 12
Bootstrap[70]: Time 0.548339 seconds, bootstrap likelihood -21099.406227, best rearrangement setting 9
Bootstrap[71]: Time 0.512397 seconds, bootstrap likelihood -20348.367756, best rearrangement setting 15
Bootstrap[72]: Time 0.490185 seconds, bootstrap likelihood -20731.159395, best rearrangement setting 7
Bootstrap[73]: Time 0.586109 seconds, bootstrap likelihood -20866.642573, best rearrangement setting 8
Bootstrap[74]: Time 0.521486 seconds, bootstrap likelihood -20075.299375, best rearrangement setting 14
Bootstrap[75]: Time 0.550996 seconds, bootstrap likelihood -20175.986948, best rearrangement setting 10
Bootstrap[76]: Time 0.535143 seconds, bootstrap likelihood -20753.150884, best rearrangement setting 7
Bootstrap[77]: Time 0.622956 seconds, bootstrap likelihood -20625.808494, best rearrangement setting 14
Bootstrap[78]: Time 0.646591 seconds, bootstrap likelihood -20602.290578, best rearrangement setting 12
Bootstrap[79]: Time 0.510477 seconds, bootstrap likelihood -21088.716006, best rearrangement setting 7
Bootstrap[80]: Time 0.963254 seconds, bootstrap likelihood -20949.052834, best rearrangement setting 12
Bootstrap[81]: Time 0.585592 seconds, bootstrap likelihood -20318.790890, best rearrangement setting 10
Bootstrap[82]: Time 0.642660 seconds, bootstrap likelihood -21217.873030, best rearrangement setting 10
Bootstrap[83]: Time 0.535514 seconds, bootstrap likelihood -20166.157526, best rearrangement setting 15
Bootstrap[84]: Time 0.518144 seconds, bootstrap likelihood -20833.146226, best rearrangement setting 7
Bootstrap[85]: Time 0.548892 seconds, bootstrap likelihood -20515.629836, best rearrangement setting 12
Bootstrap[86]: Time 0.567141 seconds, bootstrap likelihood -20491.733929, best rearrangement setting 11
Bootstrap[87]: Time 0.555150 seconds, bootstrap likelihood -20110.251901, best rearrangement setting 14
Bootstrap[88]: Time 0.560501 seconds, bootstrap likelihood -20029.918740, best rearrangement setting 6
Bootstrap[89]: Time 0.606196 seconds, bootstrap likelihood -20466.754270, best rearrangement setting 14
Bootstrap[90]: Time 0.512070 seconds, bootstrap likelihood -20482.054582, best rearrangement setting 10
Bootstrap[91]: Time 0.655731 seconds, bootstrap likelihood -21027.893410, best rearrangement setting 13
Bootstrap[92]: Time 0.640207 seconds, bootstrap likelihood -20825.851708, best rearrangement setting 15
Bootstrap[93]: Time 0.517931 seconds, bootstrap likelihood -20006.048825, best rearrangement setting 10
Bootstrap[94]: Time 0.525156 seconds, bootstrap likelihood -20401.282573, best rearrangement setting 15
Bootstrap[95]: Time 0.599792 seconds, bootstrap likelihood -20122.058115, best rearrangement setting 15
Bootstrap[96]: Time 0.563138 seconds, bootstrap likelihood -20916.755016, best rearrangement setting 10
Bootstrap[97]: Time 0.594968 seconds, bootstrap likelihood -20724.504011, best rearrangement setting 9
Bootstrap[98]: Time 0.531657 seconds, bootstrap likelihood -20307.458949, best rearrangement setting 9
Bootstrap[99]: Time 0.474587 seconds, bootstrap likelihood -19613.445673, best rearrangement setting 5


Overall Time for 100 Rapid Bootstraps 65.216524 seconds
Average Time per Rapid Bootstrap 0.652165 seconds

Starting ML Search ...

Fast ML optimization finished

Fast ML search Time: 58.588535 seconds

Slow ML Search 0 Likelihood: -20706.986370
Slow ML Search 1 Likelihood: -20707.964300
Slow ML Search 2 Likelihood: -20707.964300
Slow ML Search 3 Likelihood: -20709.328265
Slow ML Search 4 Likelihood: -20709.328265
Slow ML Search 5 Likelihood: -20709.328265
Slow ML Search 6 Likelihood: -20709.328265
Slow ML Search 7 Likelihood: -20711.373137
Slow ML Search 8 Likelihood: -20711.373138
Slow ML Search 9 Likelihood: -20711.594792
Slow ML optimization finished

Slow ML search Time: 14.094390 seconds
Thorough ML search Time: 1.140467 seconds

Final ML Optimization Likelihood: -20706.986369

Model Information:

Model Parameters of Partition 0, Name: No Name Provided, Type of Data: DNA
alpha: 0.307730
Tree-Length: 1.597097
rate A <-> C: 2.379728
rate A <-> G: 8.752818
rate A <-> T: 0.899397
rate C <-> G: 1.010981
rate C <-> T: 10.871659
rate G <-> T: 1.000000

freq pi(A): 0.390114
freq pi(C): 0.165763
freq pi(G): 0.227582
freq pi(T): 0.216541


ML search took 73.892775 secs or 0.020526 hours

Combined Bootstrap and ML search took 139.109431 secs or 0.038642 hours

Drawing Bootstrap Support Values on best-scoring ML tree ...



Found 1 tree in File /gpfs_home/mhowison/code/hiv-profile-sampling/scratch/trees/pol/RAxML_bestTree.sample.431



Found 1 tree in File /gpfs_home/mhowison/code/hiv-profile-sampling/scratch/trees/pol/RAxML_bestTree.sample.431

Program execution info written to /gpfs_home/mhowison/code/hiv-profile-sampling/scratch/trees/pol/RAxML_info.sample.431
All 100 bootstrapped trees written to: /gpfs_home/mhowison/code/hiv-profile-sampling/scratch/trees/pol/RAxML_bootstrap.sample.431

Best-scoring ML tree written to: /gpfs_home/mhowison/code/hiv-profile-sampling/scratch/trees/pol/RAxML_bestTree.sample.431

Best-scoring ML tree with support values written to: /gpfs_home/mhowison/code/hiv-profile-sampling/scratch/trees/pol/RAxML_bipartitions.sample.431

Best-scoring ML tree with support values as branch labels written to: /gpfs_home/mhowison/code/hiv-profile-sampling/scratch/trees/pol/RAxML_bipartitionsBranchLabels.sample.431

Overall execution time for full ML analysis: 139.167432 secs or 0.038658 hours or 0.001611 days

