srun: job 262087 queued and waiting for resources
srun: job 262087 has been allocated resources
Warning, you specified a working directory via "-w"
Keep in mind that RAxML only accepts absolute path names, not relative ones!

RAxML can't, parse the alignment file as phylip file 
it will now try to parse it as FASTA file



Using BFGS method to optimize GTR rate parameters, to disable this specify "--no-bfgs" 


This is the RAxML Master Pthread

This is RAxML Worker Pthread Number: 4

This is RAxML Worker Pthread Number: 1

This is RAxML Worker Pthread Number: 3

This is RAxML Worker Pthread Number: 5

This is RAxML Worker Pthread Number: 2

This is RAxML Worker Pthread Number: 7

This is RAxML Worker Pthread Number: 6

This is RAxML Worker Pthread Number: 8

This is RAxML Worker Pthread Number: 9

This is RAxML Worker Pthread Number: 11

This is RAxML Worker Pthread Number: 10

This is RAxML Worker Pthread Number: 12

This is RAxML Worker Pthread Number: 13

This is RAxML Worker Pthread Number: 15

This is RAxML Worker Pthread Number: 14

This is RAxML Worker Pthread Number: 16

This is RAxML Worker Pthread Number: 19

This is RAxML Worker Pthread Number: 17

This is RAxML Worker Pthread Number: 18


This is RAxML version 8.2.12 released by Alexandros Stamatakis on May 2018.

With greatly appreciated code contributions by:
Andre Aberer      (HITS)
Simon Berger      (HITS)
Alexey Kozlov     (HITS)
Kassian Kobert    (HITS)
David Dao         (KIT and HITS)
Sarah Lutteropp   (KIT and HITS)
Nick Pattengale   (Sandia)
Wayne Pfeiffer    (SDSC)
Akifumi S. Tanabe (NRIFS)
Charlie Taylor    (UF)


Alignment has 1172 distinct alignment patterns

Proportion of gaps and completely undetermined characters in this alignment: 5.95%

RAxML rapid bootstrapping and subsequent ML search

Using 1 distinct models/data partitions with joint branch length optimization



Executing 100 rapid bootstrap inferences and thereafter a thorough ML search 

All free model parameters will be estimated by RAxML
GAMMA model of rate heterogeneity, ML estimate of alpha-parameter

GAMMA Model parameters will be estimated up to an accuracy of 0.1000000000 Log Likelihood units

Partition: 0
Alignment Patterns: 1172
Name: No Name Provided
DataType: DNA
Substitution Matrix: GTR




RAxML was called as follows:

raxmlHPC-PTHREADS-AVX -T 20 -s scratch/aligned/pol/sample.338.fa -p 4477868489 -x 4477868489 -f a -N 100 -m GTRGAMMA -w /gpfs_home/mhowison/code/hiv-profile-sampling/scratch/trees/pol -n sample.338 



Time for BS model parameter optimization 0.052543
Bootstrap[0]: Time 0.673580 seconds, bootstrap likelihood -20528.832891, best rearrangement setting 13
Bootstrap[1]: Time 0.556037 seconds, bootstrap likelihood -20768.894486, best rearrangement setting 14
Bootstrap[2]: Time 0.584554 seconds, bootstrap likelihood -20408.557786, best rearrangement setting 14
Bootstrap[3]: Time 0.588940 seconds, bootstrap likelihood -20634.086546, best rearrangement setting 10
Bootstrap[4]: Time 0.423596 seconds, bootstrap likelihood -20678.872617, best rearrangement setting 12
Bootstrap[5]: Time 0.581249 seconds, bootstrap likelihood -20785.439886, best rearrangement setting 11
Bootstrap[6]: Time 0.498050 seconds, bootstrap likelihood -21033.082489, best rearrangement setting 9
Bootstrap[7]: Time 0.440517 seconds, bootstrap likelihood -19977.151210, best rearrangement setting 12
Bootstrap[8]: Time 0.500848 seconds, bootstrap likelihood -20173.418735, best rearrangement setting 13
Bootstrap[9]: Time 0.438009 seconds, bootstrap likelihood -19817.901479, best rearrangement setting 5
Bootstrap[10]: Time 0.578147 seconds, bootstrap likelihood -20107.568763, best rearrangement setting 9
Bootstrap[11]: Time 0.528716 seconds, bootstrap likelihood -20608.235574, best rearrangement setting 14
Bootstrap[12]: Time 0.457830 seconds, bootstrap likelihood -20610.326934, best rearrangement setting 13
Bootstrap[13]: Time 0.479371 seconds, bootstrap likelihood -20300.305153, best rearrangement setting 12
Bootstrap[14]: Time 0.461614 seconds, bootstrap likelihood -20540.354249, best rearrangement setting 5
Bootstrap[15]: Time 0.523686 seconds, bootstrap likelihood -20871.361532, best rearrangement setting 11
Bootstrap[16]: Time 0.432806 seconds, bootstrap likelihood -20199.255028, best rearrangement setting 6
Bootstrap[17]: Time 0.486360 seconds, bootstrap likelihood -19706.663693, best rearrangement setting 6
Bootstrap[18]: Time 0.505086 seconds, bootstrap likelihood -20916.487945, best rearrangement setting 13
Bootstrap[19]: Time 0.461101 seconds, bootstrap likelihood -20763.227694, best rearrangement setting 5
Bootstrap[20]: Time 2.683823 seconds, bootstrap likelihood -20087.258614, best rearrangement setting 15
Bootstrap[21]: Time 0.460518 seconds, bootstrap likelihood -20163.518770, best rearrangement setting 13
Bootstrap[22]: Time 0.579863 seconds, bootstrap likelihood -20383.183006, best rearrangement setting 15
Bootstrap[23]: Time 0.466440 seconds, bootstrap likelihood -20424.267704, best rearrangement setting 15
Bootstrap[24]: Time 0.498072 seconds, bootstrap likelihood -20957.553356, best rearrangement setting 7
Bootstrap[25]: Time 0.603738 seconds, bootstrap likelihood -20406.613819, best rearrangement setting 14
Bootstrap[26]: Time 0.516570 seconds, bootstrap likelihood -20129.290766, best rearrangement setting 10
Bootstrap[27]: Time 0.457602 seconds, bootstrap likelihood -21860.101917, best rearrangement setting 5
Bootstrap[28]: Time 0.566243 seconds, bootstrap likelihood -20378.757566, best rearrangement setting 11
Bootstrap[29]: Time 0.503959 seconds, bootstrap likelihood -20538.584077, best rearrangement setting 11
Bootstrap[30]: Time 0.573283 seconds, bootstrap likelihood -20292.218547, best rearrangement setting 9
Bootstrap[31]: Time 0.563680 seconds, bootstrap likelihood -20562.741162, best rearrangement setting 11
Bootstrap[32]: Time 0.457623 seconds, bootstrap likelihood -20208.305510, best rearrangement setting 14
Bootstrap[33]: Time 0.432600 seconds, bootstrap likelihood -19936.122329, best rearrangement setting 5
Bootstrap[34]: Time 0.480839 seconds, bootstrap likelihood -21198.123665, best rearrangement setting 14
Bootstrap[35]: Time 0.483773 seconds, bootstrap likelihood -20174.267411, best rearrangement setting 9
Bootstrap[36]: Time 0.527589 seconds, bootstrap likelihood -21102.123338, best rearrangement setting 13
Bootstrap[37]: Time 0.519666 seconds, bootstrap likelihood -20264.407202, best rearrangement setting 12
Bootstrap[38]: Time 0.503228 seconds, bootstrap likelihood -20393.709885, best rearrangement setting 6
Bootstrap[39]: Time 0.549614 seconds, bootstrap likelihood -19970.018618, best rearrangement setting 11
Bootstrap[40]: Time 0.534253 seconds, bootstrap likelihood -20820.575941, best rearrangement setting 11
Bootstrap[41]: Time 0.505524 seconds, bootstrap likelihood -20224.240533, best rearrangement setting 14
Bootstrap[42]: Time 0.584725 seconds, bootstrap likelihood -20472.526608, best rearrangement setting 15
Bootstrap[43]: Time 0.532789 seconds, bootstrap likelihood -20684.057235, best rearrangement setting 15
Bootstrap[44]: Time 0.581643 seconds, bootstrap likelihood -20261.154748, best rearrangement setting 14
Bootstrap[45]: Time 2.236372 seconds, bootstrap likelihood -20455.639325, best rearrangement setting 14
Bootstrap[46]: Time 0.483673 seconds, bootstrap likelihood -19548.330454, best rearrangement setting 11
Bootstrap[47]: Time 0.598500 seconds, bootstrap likelihood -20793.753325, best rearrangement setting 14
Bootstrap[48]: Time 0.529695 seconds, bootstrap likelihood -20960.224219, best rearrangement setting 7
Bootstrap[49]: Time 2.910772 seconds, bootstrap likelihood -21036.199383, best rearrangement setting 13
Bootstrap[50]: Time 0.554082 seconds, bootstrap likelihood -19942.328304, best rearrangement setting 12
Bootstrap[51]: Time 0.404598 seconds, bootstrap likelihood -20339.031819, best rearrangement setting 12
Bootstrap[52]: Time 0.529901 seconds, bootstrap likelihood -20782.233088, best rearrangement setting 13
Bootstrap[53]: Time 0.521927 seconds, bootstrap likelihood -20796.927929, best rearrangement setting 15
Bootstrap[54]: Time 0.533437 seconds, bootstrap likelihood -20297.176744, best rearrangement setting 6
Bootstrap[55]: Time 0.550210 seconds, bootstrap likelihood -20474.223685, best rearrangement setting 12
Bootstrap[56]: Time 1.984639 seconds, bootstrap likelihood -20262.150539, best rearrangement setting 15
Bootstrap[57]: Time 1.387388 seconds, bootstrap likelihood -20579.765965, best rearrangement setting 7
Bootstrap[58]: Time 0.502290 seconds, bootstrap likelihood -20401.256011, best rearrangement setting 10
Bootstrap[59]: Time 3.371273 seconds, bootstrap likelihood -20237.309547, best rearrangement setting 7
Bootstrap[60]: Time 0.574660 seconds, bootstrap likelihood -20389.749768, best rearrangement setting 14
Bootstrap[61]: Time 0.531709 seconds, bootstrap likelihood -20303.816088, best rearrangement setting 13
Bootstrap[62]: Time 0.497175 seconds, bootstrap likelihood -20400.493509, best rearrangement setting 6
Bootstrap[63]: Time 0.529902 seconds, bootstrap likelihood -20343.957421, best rearrangement setting 8
Bootstrap[64]: Time 0.573188 seconds, bootstrap likelihood -20170.407728, best rearrangement setting 11
Bootstrap[65]: Time 0.510732 seconds, bootstrap likelihood -20333.380385, best rearrangement setting 11
Bootstrap[66]: Time 0.498584 seconds, bootstrap likelihood -20587.004080, best rearrangement setting 14
Bootstrap[67]: Time 0.422569 seconds, bootstrap likelihood -20784.993768, best rearrangement setting 5
Bootstrap[68]: Time 0.499016 seconds, bootstrap likelihood -20613.266582, best rearrangement setting 10
Bootstrap[69]: Time 0.623288 seconds, bootstrap likelihood -20734.021839, best rearrangement setting 10
Bootstrap[70]: Time 0.509023 seconds, bootstrap likelihood -20017.812653, best rearrangement setting 15
Bootstrap[71]: Time 0.482572 seconds, bootstrap likelihood -20651.921369, best rearrangement setting 8
Bootstrap[72]: Time 0.519240 seconds, bootstrap likelihood -20551.005994, best rearrangement setting 11
Bootstrap[73]: Time 0.452711 seconds, bootstrap likelihood -20496.582696, best rearrangement setting 6
Bootstrap[74]: Time 0.530268 seconds, bootstrap likelihood -20637.036677, best rearrangement setting 10
Bootstrap[75]: Time 0.500530 seconds, bootstrap likelihood -20613.395858, best rearrangement setting 6
Bootstrap[76]: Time 0.421742 seconds, bootstrap likelihood -20505.432511, best rearrangement setting 5
Bootstrap[77]: Time 0.502709 seconds, bootstrap likelihood -20225.363549, best rearrangement setting 6
Bootstrap[78]: Time 0.447903 seconds, bootstrap likelihood -20512.528674, best rearrangement setting 5
Bootstrap[79]: Time 0.566535 seconds, bootstrap likelihood -19816.094334, best rearrangement setting 15
Bootstrap[80]: Time 0.488170 seconds, bootstrap likelihood -19613.428694, best rearrangement setting 7
Bootstrap[81]: Time 0.594290 seconds, bootstrap likelihood -19913.501599, best rearrangement setting 14
Bootstrap[82]: Time 0.606427 seconds, bootstrap likelihood -20095.331031, best rearrangement setting 10
Bootstrap[83]: Time 0.469624 seconds, bootstrap likelihood -20144.519375, best rearrangement setting 5
Bootstrap[84]: Time 1.717583 seconds, bootstrap likelihood -21067.695384, best rearrangement setting 8
Bootstrap[85]: Time 0.546541 seconds, bootstrap likelihood -20370.118286, best rearrangement setting 8
Bootstrap[86]: Time 0.448741 seconds, bootstrap likelihood -20519.199016, best rearrangement setting 7
Bootstrap[87]: Time 0.497267 seconds, bootstrap likelihood -21217.357239, best rearrangement setting 7
Bootstrap[88]: Time 0.441177 seconds, bootstrap likelihood -20576.736033, best rearrangement setting 6
Bootstrap[89]: Time 0.423213 seconds, bootstrap likelihood -20439.081050, best rearrangement setting 5
Bootstrap[90]: Time 0.534506 seconds, bootstrap likelihood -20647.609540, best rearrangement setting 12
Bootstrap[91]: Time 0.420717 seconds, bootstrap likelihood -20562.353675, best rearrangement setting 5
Bootstrap[92]: Time 0.566886 seconds, bootstrap likelihood -21471.935779, best rearrangement setting 14
Bootstrap[93]: Time 0.555748 seconds, bootstrap likelihood -20446.871683, best rearrangement setting 15
Bootstrap[94]: Time 0.510222 seconds, bootstrap likelihood -20582.228541, best rearrangement setting 9
Bootstrap[95]: Time 0.493229 seconds, bootstrap likelihood -20167.698200, best rearrangement setting 9
Bootstrap[96]: Time 0.546258 seconds, bootstrap likelihood -20088.852838, best rearrangement setting 10
Bootstrap[97]: Time 0.505381 seconds, bootstrap likelihood -20436.484448, best rearrangement setting 7
Bootstrap[98]: Time 0.464561 seconds, bootstrap likelihood -20702.861081, best rearrangement setting 10
Bootstrap[99]: Time 0.465088 seconds, bootstrap likelihood -21321.324220, best rearrangement setting 12


Overall Time for 100 Rapid Bootstraps 63.995631 seconds
Average Time per Rapid Bootstrap 0.639956 seconds

Starting ML Search ...

Fast ML optimization finished

Fast ML search Time: 58.396098 seconds

Slow ML Search 0 Likelihood: -20580.290472
Slow ML Search 1 Likelihood: -20580.557314
Slow ML Search 2 Likelihood: -20581.232483
Slow ML Search 3 Likelihood: -20583.393128
Slow ML Search 4 Likelihood: -20583.756066
Slow ML Search 5 Likelihood: -20583.756066
Slow ML Search 6 Likelihood: -20584.297683
Slow ML Search 7 Likelihood: -20585.769317
Slow ML Search 8 Likelihood: -20585.952718
Slow ML Search 9 Likelihood: -20585.756316
Slow ML optimization finished

Slow ML search Time: 9.558241 seconds
Thorough ML search Time: 1.104755 seconds

Final ML Optimization Likelihood: -20580.290473

Model Information:

Model Parameters of Partition 0, Name: No Name Provided, Type of Data: DNA
alpha: 0.298242
Tree-Length: 1.547089
rate A <-> C: 2.198807
rate A <-> G: 8.267298
rate A <-> T: 0.914427
rate C <-> G: 0.868180
rate C <-> T: 10.627658
rate G <-> T: 1.000000

freq pi(A): 0.390079
freq pi(C): 0.165782
freq pi(G): 0.227461
freq pi(T): 0.216678


ML search took 69.066353 secs or 0.019185 hours

Combined Bootstrap and ML search took 133.062119 secs or 0.036962 hours

Drawing Bootstrap Support Values on best-scoring ML tree ...



Found 1 tree in File /gpfs_home/mhowison/code/hiv-profile-sampling/scratch/trees/pol/RAxML_bestTree.sample.338



Found 1 tree in File /gpfs_home/mhowison/code/hiv-profile-sampling/scratch/trees/pol/RAxML_bestTree.sample.338

Program execution info written to /gpfs_home/mhowison/code/hiv-profile-sampling/scratch/trees/pol/RAxML_info.sample.338
All 100 bootstrapped trees written to: /gpfs_home/mhowison/code/hiv-profile-sampling/scratch/trees/pol/RAxML_bootstrap.sample.338

Best-scoring ML tree written to: /gpfs_home/mhowison/code/hiv-profile-sampling/scratch/trees/pol/RAxML_bestTree.sample.338

Best-scoring ML tree with support values written to: /gpfs_home/mhowison/code/hiv-profile-sampling/scratch/trees/pol/RAxML_bipartitions.sample.338

Best-scoring ML tree with support values as branch labels written to: /gpfs_home/mhowison/code/hiv-profile-sampling/scratch/trees/pol/RAxML_bipartitionsBranchLabels.sample.338

Overall execution time for full ML analysis: 133.066358 secs or 0.036963 hours or 0.001540 days

