srun: job 261459 queued and waiting for resources
srun: job 261459 has been allocated resources
Warning, you specified a working directory via "-w"
Keep in mind that RAxML only accepts absolute path names, not relative ones!

RAxML can't, parse the alignment file as phylip file 
it will now try to parse it as FASTA file



Using BFGS method to optimize GTR rate parameters, to disable this specify "--no-bfgs" 


This is the RAxML Master Pthread

This is RAxML Worker Pthread Number: 2

This is RAxML Worker Pthread Number: 6

This is RAxML Worker Pthread Number: 5

This is RAxML Worker Pthread Number: 3

This is RAxML Worker Pthread Number: 1

This is RAxML Worker Pthread Number: 4

This is RAxML Worker Pthread Number: 7

This is RAxML Worker Pthread Number: 8

This is RAxML Worker Pthread Number: 9

This is RAxML Worker Pthread Number: 10

This is RAxML Worker Pthread Number: 13

This is RAxML Worker Pthread Number: 12

This is RAxML Worker Pthread Number: 11

This is RAxML Worker Pthread Number: 14

This is RAxML Worker Pthread Number: 15

This is RAxML Worker Pthread Number: 16

This is RAxML Worker Pthread Number: 17

This is RAxML Worker Pthread Number: 19

This is RAxML Worker Pthread Number: 18


This is RAxML version 8.2.12 released by Alexandros Stamatakis on May 2018.

With greatly appreciated code contributions by:
Andre Aberer      (HITS)
Simon Berger      (HITS)
Alexey Kozlov     (HITS)
Kassian Kobert    (HITS)
David Dao         (KIT and HITS)
Sarah Lutteropp   (KIT and HITS)
Nick Pattengale   (Sandia)
Wayne Pfeiffer    (SDSC)
Akifumi S. Tanabe (NRIFS)
Charlie Taylor    (UF)


Alignment has 1177 distinct alignment patterns

Proportion of gaps and completely undetermined characters in this alignment: 5.93%

RAxML rapid bootstrapping and subsequent ML search

Using 1 distinct models/data partitions with joint branch length optimization



Executing 100 rapid bootstrap inferences and thereafter a thorough ML search 

All free model parameters will be estimated by RAxML
GAMMA model of rate heterogeneity, ML estimate of alpha-parameter

GAMMA Model parameters will be estimated up to an accuracy of 0.1000000000 Log Likelihood units

Partition: 0
Alignment Patterns: 1177
Name: No Name Provided
DataType: DNA
Substitution Matrix: GTR




RAxML was called as follows:

raxmlHPC-PTHREADS-AVX -T 20 -s scratch/aligned/pol/sample.12.fa -p 6338463478 -x 6338463478 -f a -N 100 -m GTRGAMMA -w /gpfs_home/mhowison/code/hiv-profile-sampling/scratch/trees/pol -n sample.12 



Time for BS model parameter optimization 0.050987
Bootstrap[0]: Time 1.133949 seconds, bootstrap likelihood -20497.405603, best rearrangement setting 14
Bootstrap[1]: Time 0.604581 seconds, bootstrap likelihood -21021.962536, best rearrangement setting 13
Bootstrap[2]: Time 0.559647 seconds, bootstrap likelihood -20412.062328, best rearrangement setting 8
Bootstrap[3]: Time 0.636167 seconds, bootstrap likelihood -20468.404547, best rearrangement setting 9
Bootstrap[4]: Time 0.537612 seconds, bootstrap likelihood -20354.771198, best rearrangement setting 6
Bootstrap[5]: Time 0.489265 seconds, bootstrap likelihood -21169.566552, best rearrangement setting 6
Bootstrap[6]: Time 0.526350 seconds, bootstrap likelihood -20638.539652, best rearrangement setting 13
Bootstrap[7]: Time 0.518010 seconds, bootstrap likelihood -21093.757428, best rearrangement setting 10
Bootstrap[8]: Time 1.477221 seconds, bootstrap likelihood -20972.749230, best rearrangement setting 14
Bootstrap[9]: Time 0.910872 seconds, bootstrap likelihood -20686.251171, best rearrangement setting 7
Bootstrap[10]: Time 0.462953 seconds, bootstrap likelihood -20551.178842, best rearrangement setting 5
Bootstrap[11]: Time 0.423991 seconds, bootstrap likelihood -20452.067997, best rearrangement setting 8
Bootstrap[12]: Time 0.549217 seconds, bootstrap likelihood -21698.112924, best rearrangement setting 13
Bootstrap[13]: Time 0.614488 seconds, bootstrap likelihood -20610.090587, best rearrangement setting 14
Bootstrap[14]: Time 0.495361 seconds, bootstrap likelihood -20718.454886, best rearrangement setting 12
Bootstrap[15]: Time 0.536633 seconds, bootstrap likelihood -20673.239627, best rearrangement setting 7
Bootstrap[16]: Time 0.431676 seconds, bootstrap likelihood -20399.307711, best rearrangement setting 5
Bootstrap[17]: Time 0.445790 seconds, bootstrap likelihood -20640.145831, best rearrangement setting 11
Bootstrap[18]: Time 0.497932 seconds, bootstrap likelihood -20233.982014, best rearrangement setting 14
Bootstrap[19]: Time 0.532665 seconds, bootstrap likelihood -20705.922090, best rearrangement setting 12
Bootstrap[20]: Time 0.424332 seconds, bootstrap likelihood -20617.042282, best rearrangement setting 7
Bootstrap[21]: Time 0.601256 seconds, bootstrap likelihood -20419.913695, best rearrangement setting 15
Bootstrap[22]: Time 0.538296 seconds, bootstrap likelihood -20177.002912, best rearrangement setting 7
Bootstrap[23]: Time 0.433857 seconds, bootstrap likelihood -21236.268014, best rearrangement setting 15
Bootstrap[24]: Time 0.588002 seconds, bootstrap likelihood -20381.179034, best rearrangement setting 15
Bootstrap[25]: Time 4.109413 seconds, bootstrap likelihood -20816.858427, best rearrangement setting 6
Bootstrap[26]: Time 0.568219 seconds, bootstrap likelihood -19949.423475, best rearrangement setting 15
Bootstrap[27]: Time 4.544372 seconds, bootstrap likelihood -20804.569421, best rearrangement setting 11
Bootstrap[28]: Time 5.201363 seconds, bootstrap likelihood -20977.496083, best rearrangement setting 15
Bootstrap[29]: Time 0.552340 seconds, bootstrap likelihood -20120.115743, best rearrangement setting 7
Bootstrap[30]: Time 15.690447 seconds, bootstrap likelihood -20740.026666, best rearrangement setting 5
Bootstrap[31]: Time 3.605258 seconds, bootstrap likelihood -20491.117995, best rearrangement setting 11
Bootstrap[32]: Time 0.481434 seconds, bootstrap likelihood -20651.621238, best rearrangement setting 15
Bootstrap[33]: Time 0.501611 seconds, bootstrap likelihood -19499.008926, best rearrangement setting 15
Bootstrap[34]: Time 0.671749 seconds, bootstrap likelihood -20909.073464, best rearrangement setting 8
Bootstrap[35]: Time 0.543406 seconds, bootstrap likelihood -20218.885597, best rearrangement setting 9
Bootstrap[36]: Time 0.570069 seconds, bootstrap likelihood -20051.128191, best rearrangement setting 13
Bootstrap[37]: Time 0.484622 seconds, bootstrap likelihood -19865.489536, best rearrangement setting 13
Bootstrap[38]: Time 0.551276 seconds, bootstrap likelihood -20871.836564, best rearrangement setting 7
Bootstrap[39]: Time 1.123297 seconds, bootstrap likelihood -20876.073958, best rearrangement setting 7
Bootstrap[40]: Time 0.480370 seconds, bootstrap likelihood -20930.907484, best rearrangement setting 8
Bootstrap[41]: Time 0.406269 seconds, bootstrap likelihood -21011.335289, best rearrangement setting 5
Bootstrap[42]: Time 0.579916 seconds, bootstrap likelihood -20217.482772, best rearrangement setting 15
Bootstrap[43]: Time 5.370774 seconds, bootstrap likelihood -20908.026591, best rearrangement setting 7
Bootstrap[44]: Time 3.063799 seconds, bootstrap likelihood -19773.946644, best rearrangement setting 13
Bootstrap[45]: Time 0.503037 seconds, bootstrap likelihood -20308.869828, best rearrangement setting 7
Bootstrap[46]: Time 4.814081 seconds, bootstrap likelihood -21086.784181, best rearrangement setting 7
Bootstrap[47]: Time 0.480378 seconds, bootstrap likelihood -20721.844094, best rearrangement setting 5
Bootstrap[48]: Time 0.568192 seconds, bootstrap likelihood -20308.341101, best rearrangement setting 11
Bootstrap[49]: Time 0.580615 seconds, bootstrap likelihood -20920.980429, best rearrangement setting 11
Bootstrap[50]: Time 0.546490 seconds, bootstrap likelihood -20703.638145, best rearrangement setting 8
Bootstrap[51]: Time 0.539221 seconds, bootstrap likelihood -20135.841209, best rearrangement setting 9
Bootstrap[52]: Time 3.465363 seconds, bootstrap likelihood -21152.765974, best rearrangement setting 9
Bootstrap[53]: Time 3.639596 seconds, bootstrap likelihood -20900.406472, best rearrangement setting 10
Bootstrap[54]: Time 3.805235 seconds, bootstrap likelihood -21091.579895, best rearrangement setting 9
Bootstrap[55]: Time 1.186173 seconds, bootstrap likelihood -20646.520547, best rearrangement setting 12
Bootstrap[56]: Time 0.517288 seconds, bootstrap likelihood -20970.669322, best rearrangement setting 14
Bootstrap[57]: Time 0.545464 seconds, bootstrap likelihood -20843.906116, best rearrangement setting 11
Bootstrap[58]: Time 0.516095 seconds, bootstrap likelihood -21636.873549, best rearrangement setting 8
Bootstrap[59]: Time 0.519561 seconds, bootstrap likelihood -20460.460269, best rearrangement setting 14
Bootstrap[60]: Time 0.513664 seconds, bootstrap likelihood -21187.884340, best rearrangement setting 8
Bootstrap[61]: Time 0.480683 seconds, bootstrap likelihood -20514.307700, best rearrangement setting 8
Bootstrap[62]: Time 0.539019 seconds, bootstrap likelihood -20511.619228, best rearrangement setting 9
Bootstrap[63]: Time 0.573060 seconds, bootstrap likelihood -20041.429575, best rearrangement setting 14
Bootstrap[64]: Time 0.546240 seconds, bootstrap likelihood -20237.703169, best rearrangement setting 15
Bootstrap[65]: Time 1.061101 seconds, bootstrap likelihood -20685.791326, best rearrangement setting 8
Bootstrap[66]: Time 0.580061 seconds, bootstrap likelihood -20451.501359, best rearrangement setting 14
Bootstrap[67]: Time 3.788003 seconds, bootstrap likelihood -19946.912433, best rearrangement setting 12
Bootstrap[68]: Time 0.513222 seconds, bootstrap likelihood -19987.866512, best rearrangement setting 11
Bootstrap[69]: Time 2.298905 seconds, bootstrap likelihood -20989.894203, best rearrangement setting 8
Bootstrap[70]: Time 0.462184 seconds, bootstrap likelihood -20700.587623, best rearrangement setting 12
Bootstrap[71]: Time 0.576175 seconds, bootstrap likelihood -21963.450312, best rearrangement setting 11
Bootstrap[72]: Time 0.478059 seconds, bootstrap likelihood -21235.121121, best rearrangement setting 10
Bootstrap[73]: Time 0.433567 seconds, bootstrap likelihood -20967.937659, best rearrangement setting 5
Bootstrap[74]: Time 0.630941 seconds, bootstrap likelihood -21303.604438, best rearrangement setting 15
Bootstrap[75]: Time 4.132089 seconds, bootstrap likelihood -20600.682291, best rearrangement setting 15
Bootstrap[76]: Time 0.516655 seconds, bootstrap likelihood -20907.945263, best rearrangement setting 7
Bootstrap[77]: Time 1.628207 seconds, bootstrap likelihood -20436.562002, best rearrangement setting 14
Bootstrap[78]: Time 0.548492 seconds, bootstrap likelihood -20828.605463, best rearrangement setting 9
Bootstrap[79]: Time 0.498497 seconds, bootstrap likelihood -20360.870186, best rearrangement setting 5
Bootstrap[80]: Time 0.554525 seconds, bootstrap likelihood -19669.521113, best rearrangement setting 10
Bootstrap[81]: Time 0.499011 seconds, bootstrap likelihood -20778.375105, best rearrangement setting 8
Bootstrap[82]: Time 0.579945 seconds, bootstrap likelihood -20934.910440, best rearrangement setting 7
Bootstrap[83]: Time 5.156601 seconds, bootstrap likelihood -20937.725646, best rearrangement setting 6
Bootstrap[84]: Time 0.608870 seconds, bootstrap likelihood -21309.957804, best rearrangement setting 15
Bootstrap[85]: Time 0.454872 seconds, bootstrap likelihood -20048.087708, best rearrangement setting 7
Bootstrap[86]: Time 0.542069 seconds, bootstrap likelihood -20947.301844, best rearrangement setting 8
Bootstrap[87]: Time 0.584778 seconds, bootstrap likelihood -19996.296349, best rearrangement setting 15
Bootstrap[88]: Time 0.562253 seconds, bootstrap likelihood -20299.254291, best rearrangement setting 7
Bootstrap[89]: Time 0.532345 seconds, bootstrap likelihood -21140.664774, best rearrangement setting 13
Bootstrap[90]: Time 0.576075 seconds, bootstrap likelihood -20630.694964, best rearrangement setting 10
Bootstrap[91]: Time 0.523961 seconds, bootstrap likelihood -20922.542231, best rearrangement setting 11
Bootstrap[92]: Time 0.558435 seconds, bootstrap likelihood -20569.099878, best rearrangement setting 8
Bootstrap[93]: Time 8.329977 seconds, bootstrap likelihood -19924.006354, best rearrangement setting 12
Bootstrap[94]: Time 7.061183 seconds, bootstrap likelihood -20679.021917, best rearrangement setting 12
Bootstrap[95]: Time 8.051932 seconds, bootstrap likelihood -20785.333510, best rearrangement setting 15
Bootstrap[96]: Time 6.654481 seconds, bootstrap likelihood -20572.567973, best rearrangement setting 13
Bootstrap[97]: Time 0.631632 seconds, bootstrap likelihood -20072.347865, best rearrangement setting 10
Bootstrap[98]: Time 0.581362 seconds, bootstrap likelihood -20977.264629, best rearrangement setting 9
Bootstrap[99]: Time 4.125882 seconds, bootstrap likelihood -20928.842759, best rearrangement setting 14


Overall Time for 100 Rapid Bootstraps 154.410854 seconds
Average Time per Rapid Bootstrap 1.544109 seconds

Starting ML Search ...

Fast ML optimization finished

Fast ML search Time: 376.734705 seconds

Slow ML Search 0 Likelihood: -20738.940399
Slow ML Search 1 Likelihood: -20738.940400
Slow ML Search 2 Likelihood: -20738.940399
Slow ML Search 3 Likelihood: -20739.230252
Slow ML Search 4 Likelihood: -20739.230252
Slow ML Search 5 Likelihood: -20740.270580
Slow ML Search 6 Likelihood: -20740.239984
Slow ML Search 7 Likelihood: -20740.507984
Slow ML Search 8 Likelihood: -20740.507984
Slow ML Search 9 Likelihood: -20740.481225
Slow ML optimization finished

Slow ML search Time: 17.671773 seconds
Thorough ML search Time: 1.152262 seconds

Final ML Optimization Likelihood: -20738.940399

Model Information:

Model Parameters of Partition 0, Name: No Name Provided, Type of Data: DNA
alpha: 0.306133
Tree-Length: 1.579092
rate A <-> C: 2.348519
rate A <-> G: 8.726749
rate A <-> T: 0.921562
rate C <-> G: 0.935001
rate C <-> T: 10.977999
rate G <-> T: 1.000000

freq pi(A): 0.390214
freq pi(C): 0.165940
freq pi(G): 0.227390
freq pi(T): 0.216455


ML search took 395.570026 secs or 0.109881 hours

Combined Bootstrap and ML search took 549.981046 secs or 0.152773 hours

Drawing Bootstrap Support Values on best-scoring ML tree ...



Found 1 tree in File /gpfs_home/mhowison/code/hiv-profile-sampling/scratch/trees/pol/RAxML_bestTree.sample.12



Found 1 tree in File /gpfs_home/mhowison/code/hiv-profile-sampling/scratch/trees/pol/RAxML_bestTree.sample.12

Program execution info written to /gpfs_home/mhowison/code/hiv-profile-sampling/scratch/trees/pol/RAxML_info.sample.12
All 100 bootstrapped trees written to: /gpfs_home/mhowison/code/hiv-profile-sampling/scratch/trees/pol/RAxML_bootstrap.sample.12

Best-scoring ML tree written to: /gpfs_home/mhowison/code/hiv-profile-sampling/scratch/trees/pol/RAxML_bestTree.sample.12

Best-scoring ML tree with support values written to: /gpfs_home/mhowison/code/hiv-profile-sampling/scratch/trees/pol/RAxML_bipartitions.sample.12

Best-scoring ML tree with support values as branch labels written to: /gpfs_home/mhowison/code/hiv-profile-sampling/scratch/trees/pol/RAxML_bipartitionsBranchLabels.sample.12

Overall execution time for full ML analysis: 549.985346 secs or 0.152774 hours or 0.006366 days

