srun: job 262014 queued and waiting for resources
srun: job 262014 has been allocated resources
Warning, you specified a working directory via "-w"
Keep in mind that RAxML only accepts absolute path names, not relative ones!

RAxML can't, parse the alignment file as phylip file 
it will now try to parse it as FASTA file



Using BFGS method to optimize GTR rate parameters, to disable this specify "--no-bfgs" 


This is the RAxML Master Pthread

This is RAxML Worker Pthread Number: 2

This is RAxML Worker Pthread Number: 1

This is RAxML Worker Pthread Number: 4

This is RAxML Worker Pthread Number: 3

This is RAxML Worker Pthread Number: 5

This is RAxML Worker Pthread Number: 6

This is RAxML Worker Pthread Number: 8

This is RAxML Worker Pthread Number: 7

This is RAxML Worker Pthread Number: 9

This is RAxML Worker Pthread Number: 10

This is RAxML Worker Pthread Number: 12

This is RAxML Worker Pthread Number: 11

This is RAxML Worker Pthread Number: 13

This is RAxML Worker Pthread Number: 16

This is RAxML Worker Pthread Number: 15

This is RAxML Worker Pthread Number: 17

This is RAxML Worker Pthread Number: 14

This is RAxML Worker Pthread Number: 18

This is RAxML Worker Pthread Number: 19


This is RAxML version 8.2.12 released by Alexandros Stamatakis on May 2018.

With greatly appreciated code contributions by:
Andre Aberer      (HITS)
Simon Berger      (HITS)
Alexey Kozlov     (HITS)
Kassian Kobert    (HITS)
David Dao         (KIT and HITS)
Sarah Lutteropp   (KIT and HITS)
Nick Pattengale   (Sandia)
Wayne Pfeiffer    (SDSC)
Akifumi S. Tanabe (NRIFS)
Charlie Taylor    (UF)


Alignment has 1164 distinct alignment patterns

Proportion of gaps and completely undetermined characters in this alignment: 5.95%

RAxML rapid bootstrapping and subsequent ML search

Using 1 distinct models/data partitions with joint branch length optimization



Executing 100 rapid bootstrap inferences and thereafter a thorough ML search 

All free model parameters will be estimated by RAxML
GAMMA model of rate heterogeneity, ML estimate of alpha-parameter

GAMMA Model parameters will be estimated up to an accuracy of 0.1000000000 Log Likelihood units

Partition: 0
Alignment Patterns: 1164
Name: No Name Provided
DataType: DNA
Substitution Matrix: GTR




RAxML was called as follows:

raxmlHPC-PTHREADS-AVX -T 20 -s scratch/aligned/pol/sample.31.fa -p 0385869125 -x 0385869125 -f a -N 100 -m GTRGAMMA -w /gpfs_home/mhowison/code/hiv-profile-sampling/scratch/trees/pol -n sample.31 



Time for BS model parameter optimization 0.052101
Bootstrap[0]: Time 0.686927 seconds, bootstrap likelihood -19980.313575, best rearrangement setting 10
Bootstrap[1]: Time 0.517880 seconds, bootstrap likelihood -19880.612557, best rearrangement setting 10
Bootstrap[2]: Time 0.591455 seconds, bootstrap likelihood -19850.877652, best rearrangement setting 15
Bootstrap[3]: Time 0.557638 seconds, bootstrap likelihood -20615.456554, best rearrangement setting 12
Bootstrap[4]: Time 0.546846 seconds, bootstrap likelihood -20521.034948, best rearrangement setting 12
Bootstrap[5]: Time 0.450674 seconds, bootstrap likelihood -20464.598490, best rearrangement setting 5
Bootstrap[6]: Time 0.828375 seconds, bootstrap likelihood -20756.948793, best rearrangement setting 10
Bootstrap[7]: Time 0.552471 seconds, bootstrap likelihood -20150.483482, best rearrangement setting 13
Bootstrap[8]: Time 0.542798 seconds, bootstrap likelihood -20192.392056, best rearrangement setting 9
Bootstrap[9]: Time 0.537155 seconds, bootstrap likelihood -20261.532585, best rearrangement setting 15
Bootstrap[10]: Time 0.528081 seconds, bootstrap likelihood -20913.068252, best rearrangement setting 15
Bootstrap[11]: Time 0.591219 seconds, bootstrap likelihood -21112.481148, best rearrangement setting 13
Bootstrap[12]: Time 0.516453 seconds, bootstrap likelihood -20430.104384, best rearrangement setting 5
Bootstrap[13]: Time 0.514281 seconds, bootstrap likelihood -20056.055849, best rearrangement setting 7
Bootstrap[14]: Time 0.546480 seconds, bootstrap likelihood -20271.674321, best rearrangement setting 5
Bootstrap[15]: Time 0.721404 seconds, bootstrap likelihood -20828.028382, best rearrangement setting 8
Bootstrap[16]: Time 0.529502 seconds, bootstrap likelihood -20425.021492, best rearrangement setting 14
Bootstrap[17]: Time 0.453338 seconds, bootstrap likelihood -20516.666926, best rearrangement setting 15
Bootstrap[18]: Time 0.509104 seconds, bootstrap likelihood -20628.893831, best rearrangement setting 15
Bootstrap[19]: Time 0.487868 seconds, bootstrap likelihood -20482.237274, best rearrangement setting 10
Bootstrap[20]: Time 0.633559 seconds, bootstrap likelihood -19302.538304, best rearrangement setting 15
Bootstrap[21]: Time 0.583679 seconds, bootstrap likelihood -21188.440520, best rearrangement setting 15
Bootstrap[22]: Time 0.554568 seconds, bootstrap likelihood -20117.706547, best rearrangement setting 9
Bootstrap[23]: Time 0.485646 seconds, bootstrap likelihood -20756.384642, best rearrangement setting 5
Bootstrap[24]: Time 0.632397 seconds, bootstrap likelihood -21050.447095, best rearrangement setting 15
Bootstrap[25]: Time 0.646611 seconds, bootstrap likelihood -20477.903048, best rearrangement setting 10
Bootstrap[26]: Time 0.579241 seconds, bootstrap likelihood -20460.296687, best rearrangement setting 8
Bootstrap[27]: Time 0.578918 seconds, bootstrap likelihood -21150.883331, best rearrangement setting 11
Bootstrap[28]: Time 0.548159 seconds, bootstrap likelihood -20322.955795, best rearrangement setting 12
Bootstrap[29]: Time 0.594938 seconds, bootstrap likelihood -20766.767987, best rearrangement setting 15
Bootstrap[30]: Time 0.457528 seconds, bootstrap likelihood -20666.106615, best rearrangement setting 7
Bootstrap[31]: Time 0.514508 seconds, bootstrap likelihood -20321.511901, best rearrangement setting 5
Bootstrap[32]: Time 0.523093 seconds, bootstrap likelihood -20565.641366, best rearrangement setting 12
Bootstrap[33]: Time 0.547917 seconds, bootstrap likelihood -20591.763291, best rearrangement setting 6
Bootstrap[34]: Time 0.567480 seconds, bootstrap likelihood -19650.117795, best rearrangement setting 12
Bootstrap[35]: Time 0.502139 seconds, bootstrap likelihood -20752.493962, best rearrangement setting 6
Bootstrap[36]: Time 0.591236 seconds, bootstrap likelihood -20537.143323, best rearrangement setting 8
Bootstrap[37]: Time 0.497513 seconds, bootstrap likelihood -20174.009175, best rearrangement setting 6
Bootstrap[38]: Time 0.644358 seconds, bootstrap likelihood -20360.981677, best rearrangement setting 10
Bootstrap[39]: Time 0.543215 seconds, bootstrap likelihood -20259.628137, best rearrangement setting 14
Bootstrap[40]: Time 0.565036 seconds, bootstrap likelihood -21076.751962, best rearrangement setting 10
Bootstrap[41]: Time 0.837646 seconds, bootstrap likelihood -20473.312937, best rearrangement setting 14
Bootstrap[42]: Time 4.461939 seconds, bootstrap likelihood -20772.484833, best rearrangement setting 5
Bootstrap[43]: Time 0.518633 seconds, bootstrap likelihood -20698.463613, best rearrangement setting 13
Bootstrap[44]: Time 0.437025 seconds, bootstrap likelihood -20515.711599, best rearrangement setting 10
Bootstrap[45]: Time 0.483023 seconds, bootstrap likelihood -21295.983514, best rearrangement setting 6
Bootstrap[46]: Time 0.483035 seconds, bootstrap likelihood -21050.037051, best rearrangement setting 8
Bootstrap[47]: Time 0.530495 seconds, bootstrap likelihood -20300.138571, best rearrangement setting 7
Bootstrap[48]: Time 0.420822 seconds, bootstrap likelihood -21411.699507, best rearrangement setting 6
Bootstrap[49]: Time 0.574597 seconds, bootstrap likelihood -20267.399690, best rearrangement setting 9
Bootstrap[50]: Time 0.486811 seconds, bootstrap likelihood -20786.818224, best rearrangement setting 11
Bootstrap[51]: Time 0.636313 seconds, bootstrap likelihood -20016.051783, best rearrangement setting 10
Bootstrap[52]: Time 0.637166 seconds, bootstrap likelihood -20275.042596, best rearrangement setting 9
Bootstrap[53]: Time 16.016694 seconds, bootstrap likelihood -20277.985390, best rearrangement setting 6
Bootstrap[54]: Time 0.566531 seconds, bootstrap likelihood -21052.165783, best rearrangement setting 11
Bootstrap[55]: Time 0.505284 seconds, bootstrap likelihood -20108.147715, best rearrangement setting 13
Bootstrap[56]: Time 0.516747 seconds, bootstrap likelihood -19958.780292, best rearrangement setting 6
Bootstrap[57]: Time 0.556404 seconds, bootstrap likelihood -20789.851043, best rearrangement setting 7
Bootstrap[58]: Time 0.565363 seconds, bootstrap likelihood -20720.380434, best rearrangement setting 9
Bootstrap[59]: Time 0.546033 seconds, bootstrap likelihood -20984.304486, best rearrangement setting 9
Bootstrap[60]: Time 0.516258 seconds, bootstrap likelihood -20354.502625, best rearrangement setting 11
Bootstrap[61]: Time 0.989416 seconds, bootstrap likelihood -20250.585612, best rearrangement setting 11
Bootstrap[62]: Time 0.558124 seconds, bootstrap likelihood -20720.902810, best rearrangement setting 12
Bootstrap[63]: Time 0.461700 seconds, bootstrap likelihood -20551.800571, best rearrangement setting 5
Bootstrap[64]: Time 0.601980 seconds, bootstrap likelihood -20643.095724, best rearrangement setting 15
Bootstrap[65]: Time 0.524564 seconds, bootstrap likelihood -19862.412837, best rearrangement setting 13
Bootstrap[66]: Time 0.587204 seconds, bootstrap likelihood -19968.802807, best rearrangement setting 11
Bootstrap[67]: Time 0.609861 seconds, bootstrap likelihood -20794.707688, best rearrangement setting 13
Bootstrap[68]: Time 0.553889 seconds, bootstrap likelihood -20806.419345, best rearrangement setting 9
Bootstrap[69]: Time 0.519608 seconds, bootstrap likelihood -19757.207870, best rearrangement setting 8
Bootstrap[70]: Time 0.470479 seconds, bootstrap likelihood -20532.271794, best rearrangement setting 5
Bootstrap[71]: Time 0.498854 seconds, bootstrap likelihood -20927.614767, best rearrangement setting 8
Bootstrap[72]: Time 0.557026 seconds, bootstrap likelihood -20133.491210, best rearrangement setting 10
Bootstrap[73]: Time 0.515224 seconds, bootstrap likelihood -20300.228887, best rearrangement setting 7
Bootstrap[74]: Time 0.581374 seconds, bootstrap likelihood -20186.857908, best rearrangement setting 10
Bootstrap[75]: Time 0.444766 seconds, bootstrap likelihood -20016.159219, best rearrangement setting 6
Bootstrap[76]: Time 0.462393 seconds, bootstrap likelihood -20512.411137, best rearrangement setting 5
Bootstrap[77]: Time 0.561847 seconds, bootstrap likelihood -19912.719056, best rearrangement setting 8
Bootstrap[78]: Time 0.568454 seconds, bootstrap likelihood -20363.819371, best rearrangement setting 6
Bootstrap[79]: Time 0.919228 seconds, bootstrap likelihood -20324.195159, best rearrangement setting 15
Bootstrap[80]: Time 0.579978 seconds, bootstrap likelihood -20890.714102, best rearrangement setting 15
Bootstrap[81]: Time 0.527572 seconds, bootstrap likelihood -21020.569751, best rearrangement setting 9
Bootstrap[82]: Time 0.494417 seconds, bootstrap likelihood -19643.423395, best rearrangement setting 7
Bootstrap[83]: Time 0.531521 seconds, bootstrap likelihood -21067.249294, best rearrangement setting 14
Bootstrap[84]: Time 0.548433 seconds, bootstrap likelihood -20699.156875, best rearrangement setting 15
Bootstrap[85]: Time 0.561522 seconds, bootstrap likelihood -21132.051467, best rearrangement setting 12
Bootstrap[86]: Time 0.474543 seconds, bootstrap likelihood -21117.366620, best rearrangement setting 14
Bootstrap[87]: Time 0.926278 seconds, bootstrap likelihood -20088.126058, best rearrangement setting 12
Bootstrap[88]: Time 0.610043 seconds, bootstrap likelihood -19746.651047, best rearrangement setting 12
Bootstrap[89]: Time 0.653042 seconds, bootstrap likelihood -20406.035378, best rearrangement setting 8
Bootstrap[90]: Time 0.571748 seconds, bootstrap likelihood -21004.487190, best rearrangement setting 13
Bootstrap[91]: Time 0.575059 seconds, bootstrap likelihood -20743.599234, best rearrangement setting 7
Bootstrap[92]: Time 0.492048 seconds, bootstrap likelihood -20478.022979, best rearrangement setting 5
Bootstrap[93]: Time 0.511875 seconds, bootstrap likelihood -20501.917935, best rearrangement setting 15
Bootstrap[94]: Time 0.496318 seconds, bootstrap likelihood -20746.780264, best rearrangement setting 10
Bootstrap[95]: Time 0.564195 seconds, bootstrap likelihood -20279.437074, best rearrangement setting 15
Bootstrap[96]: Time 0.619047 seconds, bootstrap likelihood -20296.040750, best rearrangement setting 8
Bootstrap[97]: Time 0.561511 seconds, bootstrap likelihood -20374.434654, best rearrangement setting 11
Bootstrap[98]: Time 0.591681 seconds, bootstrap likelihood -21812.891668, best rearrangement setting 15
Bootstrap[99]: Time 0.617212 seconds, bootstrap likelihood -20924.922524, best rearrangement setting 8


Overall Time for 100 Rapid Bootstraps 75.986689 seconds
Average Time per Rapid Bootstrap 0.759867 seconds

Starting ML Search ...

Fast ML optimization finished

Fast ML search Time: 54.322173 seconds

Slow ML Search 0 Likelihood: -20520.791815
Slow ML Search 1 Likelihood: -20520.791816
Slow ML Search 2 Likelihood: -20520.791816
Slow ML Search 3 Likelihood: -20520.791816
Slow ML Search 4 Likelihood: -20520.791815
Slow ML Search 5 Likelihood: -20520.791816
Slow ML Search 6 Likelihood: -20520.791815
Slow ML Search 7 Likelihood: -20520.791816
Slow ML Search 8 Likelihood: -20528.038071
Slow ML Search 9 Likelihood: -20528.621025
Slow ML optimization finished

Slow ML search Time: 14.152975 seconds
Thorough ML search Time: 1.163445 seconds

Final ML Optimization Likelihood: -20520.791815

Model Information:

Model Parameters of Partition 0, Name: No Name Provided, Type of Data: DNA
alpha: 0.297941
Tree-Length: 1.570332
rate A <-> C: 2.370460
rate A <-> G: 8.751023
rate A <-> T: 0.873373
rate C <-> G: 0.931323
rate C <-> T: 10.321828
rate G <-> T: 1.000000

freq pi(A): 0.390119
freq pi(C): 0.165854
freq pi(G): 0.227544
freq pi(T): 0.216483


ML search took 69.646537 secs or 0.019346 hours

Combined Bootstrap and ML search took 145.633358 secs or 0.040454 hours

Drawing Bootstrap Support Values on best-scoring ML tree ...



Found 1 tree in File /gpfs_home/mhowison/code/hiv-profile-sampling/scratch/trees/pol/RAxML_bestTree.sample.31



Found 1 tree in File /gpfs_home/mhowison/code/hiv-profile-sampling/scratch/trees/pol/RAxML_bestTree.sample.31

Program execution info written to /gpfs_home/mhowison/code/hiv-profile-sampling/scratch/trees/pol/RAxML_info.sample.31
All 100 bootstrapped trees written to: /gpfs_home/mhowison/code/hiv-profile-sampling/scratch/trees/pol/RAxML_bootstrap.sample.31

Best-scoring ML tree written to: /gpfs_home/mhowison/code/hiv-profile-sampling/scratch/trees/pol/RAxML_bestTree.sample.31

Best-scoring ML tree with support values written to: /gpfs_home/mhowison/code/hiv-profile-sampling/scratch/trees/pol/RAxML_bipartitions.sample.31

Best-scoring ML tree with support values as branch labels written to: /gpfs_home/mhowison/code/hiv-profile-sampling/scratch/trees/pol/RAxML_bipartitionsBranchLabels.sample.31

Overall execution time for full ML analysis: 145.637688 secs or 0.040455 hours or 0.001686 days

