srun: job 262674 queued and waiting for resources
srun: job 262674 has been allocated resources
Warning, you specified a working directory via "-w"
Keep in mind that RAxML only accepts absolute path names, not relative ones!

RAxML can't, parse the alignment file as phylip file 
it will now try to parse it as FASTA file



Using BFGS method to optimize GTR rate parameters, to disable this specify "--no-bfgs" 


This is the RAxML Master Pthread

This is RAxML Worker Pthread Number: 2

This is RAxML Worker Pthread Number: 4

This is RAxML Worker Pthread Number: 1

This is RAxML Worker Pthread Number: 3

This is RAxML Worker Pthread Number: 5

This is RAxML Worker Pthread Number: 6

This is RAxML Worker Pthread Number: 8

This is RAxML Worker Pthread Number: 7

This is RAxML Worker Pthread Number: 10

This is RAxML Worker Pthread Number: 9

This is RAxML Worker Pthread Number: 11

This is RAxML Worker Pthread Number: 12

This is RAxML Worker Pthread Number: 13

This is RAxML Worker Pthread Number: 15

This is RAxML Worker Pthread Number: 14

This is RAxML Worker Pthread Number: 16

This is RAxML Worker Pthread Number: 19

This is RAxML Worker Pthread Number: 18

This is RAxML Worker Pthread Number: 17


This is RAxML version 8.2.12 released by Alexandros Stamatakis on May 2018.

With greatly appreciated code contributions by:
Andre Aberer      (HITS)
Simon Berger      (HITS)
Alexey Kozlov     (HITS)
Kassian Kobert    (HITS)
David Dao         (KIT and HITS)
Sarah Lutteropp   (KIT and HITS)
Nick Pattengale   (Sandia)
Wayne Pfeiffer    (SDSC)
Akifumi S. Tanabe (NRIFS)
Charlie Taylor    (UF)


Alignment has 1169 distinct alignment patterns

Proportion of gaps and completely undetermined characters in this alignment: 5.93%

RAxML rapid bootstrapping and subsequent ML search

Using 1 distinct models/data partitions with joint branch length optimization



Executing 100 rapid bootstrap inferences and thereafter a thorough ML search 

All free model parameters will be estimated by RAxML
GAMMA model of rate heterogeneity, ML estimate of alpha-parameter

GAMMA Model parameters will be estimated up to an accuracy of 0.1000000000 Log Likelihood units

Partition: 0
Alignment Patterns: 1169
Name: No Name Provided
DataType: DNA
Substitution Matrix: GTR




RAxML was called as follows:

raxmlHPC-PTHREADS-AVX -T 20 -s scratch/aligned/pol/sample.58.fa -p 9889300632 -x 9889300632 -f a -N 100 -m GTRGAMMA -w /gpfs_home/mhowison/code/hiv-profile-sampling/scratch/trees/pol -n sample.58 



Time for BS model parameter optimization 0.055556
Bootstrap[0]: Time 0.780262 seconds, bootstrap likelihood -20211.659960, best rearrangement setting 10
Bootstrap[1]: Time 0.552460 seconds, bootstrap likelihood -20771.870321, best rearrangement setting 6
Bootstrap[2]: Time 0.592112 seconds, bootstrap likelihood -20221.179437, best rearrangement setting 9
Bootstrap[3]: Time 0.631522 seconds, bootstrap likelihood -20110.327923, best rearrangement setting 13
Bootstrap[4]: Time 0.609325 seconds, bootstrap likelihood -20671.856696, best rearrangement setting 6
Bootstrap[5]: Time 0.698307 seconds, bootstrap likelihood -20719.191474, best rearrangement setting 9
Bootstrap[6]: Time 0.714574 seconds, bootstrap likelihood -20821.078979, best rearrangement setting 12
Bootstrap[7]: Time 0.703370 seconds, bootstrap likelihood -20824.683710, best rearrangement setting 15
Bootstrap[8]: Time 1.152679 seconds, bootstrap likelihood -20663.816138, best rearrangement setting 9
Bootstrap[9]: Time 1.024398 seconds, bootstrap likelihood -21009.802711, best rearrangement setting 11
Bootstrap[10]: Time 0.710621 seconds, bootstrap likelihood -20865.571484, best rearrangement setting 15
Bootstrap[11]: Time 0.754467 seconds, bootstrap likelihood -20007.918492, best rearrangement setting 6
Bootstrap[12]: Time 0.671873 seconds, bootstrap likelihood -20603.191660, best rearrangement setting 6
Bootstrap[13]: Time 0.687973 seconds, bootstrap likelihood -21014.079601, best rearrangement setting 6
Bootstrap[14]: Time 0.778005 seconds, bootstrap likelihood -21211.593207, best rearrangement setting 8
Bootstrap[15]: Time 0.794119 seconds, bootstrap likelihood -20471.228784, best rearrangement setting 13
Bootstrap[16]: Time 0.818863 seconds, bootstrap likelihood -20355.774297, best rearrangement setting 8
Bootstrap[17]: Time 0.711214 seconds, bootstrap likelihood -20164.812723, best rearrangement setting 11
Bootstrap[18]: Time 0.627790 seconds, bootstrap likelihood -20390.624202, best rearrangement setting 6
Bootstrap[19]: Time 0.841626 seconds, bootstrap likelihood -20507.718530, best rearrangement setting 13
Bootstrap[20]: Time 0.789202 seconds, bootstrap likelihood -20777.000434, best rearrangement setting 8
Bootstrap[21]: Time 0.743320 seconds, bootstrap likelihood -21119.788577, best rearrangement setting 9
Bootstrap[22]: Time 0.775356 seconds, bootstrap likelihood -20860.291452, best rearrangement setting 15
Bootstrap[23]: Time 0.769428 seconds, bootstrap likelihood -20534.260731, best rearrangement setting 7
Bootstrap[24]: Time 0.616642 seconds, bootstrap likelihood -19788.531291, best rearrangement setting 5
Bootstrap[25]: Time 0.764889 seconds, bootstrap likelihood -21286.078102, best rearrangement setting 8
Bootstrap[26]: Time 0.719514 seconds, bootstrap likelihood -19920.045173, best rearrangement setting 12
Bootstrap[27]: Time 0.791527 seconds, bootstrap likelihood -20560.710920, best rearrangement setting 13
Bootstrap[28]: Time 0.769391 seconds, bootstrap likelihood -20339.821012, best rearrangement setting 11
Bootstrap[29]: Time 1.154682 seconds, bootstrap likelihood -19995.316070, best rearrangement setting 6
Bootstrap[30]: Time 0.758906 seconds, bootstrap likelihood -20442.191463, best rearrangement setting 13
Bootstrap[31]: Time 0.870281 seconds, bootstrap likelihood -21108.514250, best rearrangement setting 14
Bootstrap[32]: Time 0.704284 seconds, bootstrap likelihood -20742.878036, best rearrangement setting 14
Bootstrap[33]: Time 0.867160 seconds, bootstrap likelihood -20561.814262, best rearrangement setting 15
Bootstrap[34]: Time 0.629566 seconds, bootstrap likelihood -20430.368190, best rearrangement setting 13
Bootstrap[35]: Time 0.742799 seconds, bootstrap likelihood -20385.598594, best rearrangement setting 9
Bootstrap[36]: Time 0.716929 seconds, bootstrap likelihood -20740.260144, best rearrangement setting 9
Bootstrap[37]: Time 0.751695 seconds, bootstrap likelihood -19997.528612, best rearrangement setting 6
Bootstrap[38]: Time 0.810443 seconds, bootstrap likelihood -20140.680519, best rearrangement setting 8
Bootstrap[39]: Time 0.769765 seconds, bootstrap likelihood -20529.766906, best rearrangement setting 9
Bootstrap[40]: Time 0.719846 seconds, bootstrap likelihood -20401.533819, best rearrangement setting 15
Bootstrap[41]: Time 0.828466 seconds, bootstrap likelihood -19856.326331, best rearrangement setting 13
Bootstrap[42]: Time 0.804657 seconds, bootstrap likelihood -20785.671927, best rearrangement setting 15
Bootstrap[43]: Time 0.689688 seconds, bootstrap likelihood -20210.066126, best rearrangement setting 14
Bootstrap[44]: Time 0.735700 seconds, bootstrap likelihood -20720.522874, best rearrangement setting 5
Bootstrap[45]: Time 0.653410 seconds, bootstrap likelihood -20025.239834, best rearrangement setting 13
Bootstrap[46]: Time 0.675971 seconds, bootstrap likelihood -19559.162220, best rearrangement setting 5
Bootstrap[47]: Time 1.260631 seconds, bootstrap likelihood -19908.919305, best rearrangement setting 5
Bootstrap[48]: Time 1.167995 seconds, bootstrap likelihood -20272.934311, best rearrangement setting 13
Bootstrap[49]: Time 0.853802 seconds, bootstrap likelihood -20242.470563, best rearrangement setting 12
Bootstrap[50]: Time 0.826154 seconds, bootstrap likelihood -20231.739392, best rearrangement setting 8
Bootstrap[51]: Time 0.768763 seconds, bootstrap likelihood -20947.485219, best rearrangement setting 10
Bootstrap[52]: Time 0.711686 seconds, bootstrap likelihood -20309.459938, best rearrangement setting 7
Bootstrap[53]: Time 0.777435 seconds, bootstrap likelihood -21125.450182, best rearrangement setting 12
Bootstrap[54]: Time 0.731452 seconds, bootstrap likelihood -20804.379518, best rearrangement setting 14
Bootstrap[55]: Time 0.732846 seconds, bootstrap likelihood -20450.806821, best rearrangement setting 11
Bootstrap[56]: Time 0.671950 seconds, bootstrap likelihood -20192.008815, best rearrangement setting 14
Bootstrap[57]: Time 0.780994 seconds, bootstrap likelihood -20211.283648, best rearrangement setting 14
Bootstrap[58]: Time 0.684880 seconds, bootstrap likelihood -21158.883947, best rearrangement setting 7
Bootstrap[59]: Time 0.753973 seconds, bootstrap likelihood -20472.032492, best rearrangement setting 8
Bootstrap[60]: Time 0.688625 seconds, bootstrap likelihood -20369.057113, best rearrangement setting 8
Bootstrap[61]: Time 0.812262 seconds, bootstrap likelihood -20580.698945, best rearrangement setting 7
Bootstrap[62]: Time 0.717720 seconds, bootstrap likelihood -19867.995576, best rearrangement setting 8
Bootstrap[63]: Time 0.755635 seconds, bootstrap likelihood -20567.520804, best rearrangement setting 11
Bootstrap[64]: Time 0.689546 seconds, bootstrap likelihood -20360.650951, best rearrangement setting 12
Bootstrap[65]: Time 0.781437 seconds, bootstrap likelihood -20142.583780, best rearrangement setting 10
Bootstrap[66]: Time 0.797917 seconds, bootstrap likelihood -19849.523978, best rearrangement setting 8
Bootstrap[67]: Time 1.196317 seconds, bootstrap likelihood -20375.375402, best rearrangement setting 12
Bootstrap[68]: Time 0.786237 seconds, bootstrap likelihood -20628.669079, best rearrangement setting 15
Bootstrap[69]: Time 0.671233 seconds, bootstrap likelihood -20805.268363, best rearrangement setting 13
Bootstrap[70]: Time 0.757135 seconds, bootstrap likelihood -21359.245472, best rearrangement setting 8
Bootstrap[71]: Time 0.849271 seconds, bootstrap likelihood -21025.651564, best rearrangement setting 10
Bootstrap[72]: Time 0.949015 seconds, bootstrap likelihood -20228.252063, best rearrangement setting 11
Bootstrap[73]: Time 0.889523 seconds, bootstrap likelihood -20118.456758, best rearrangement setting 12
Bootstrap[74]: Time 0.803097 seconds, bootstrap likelihood -20920.591885, best rearrangement setting 10
Bootstrap[75]: Time 0.612265 seconds, bootstrap likelihood -21130.728349, best rearrangement setting 6
Bootstrap[76]: Time 0.717084 seconds, bootstrap likelihood -20513.025904, best rearrangement setting 9
Bootstrap[77]: Time 0.862922 seconds, bootstrap likelihood -20429.515458, best rearrangement setting 11
Bootstrap[78]: Time 0.710675 seconds, bootstrap likelihood -20627.569235, best rearrangement setting 11
Bootstrap[79]: Time 0.663221 seconds, bootstrap likelihood -20490.832577, best rearrangement setting 6
Bootstrap[80]: Time 0.713853 seconds, bootstrap likelihood -20123.674081, best rearrangement setting 13
Bootstrap[81]: Time 0.779536 seconds, bootstrap likelihood -21050.523948, best rearrangement setting 11
Bootstrap[82]: Time 0.861436 seconds, bootstrap likelihood -20108.232444, best rearrangement setting 14
Bootstrap[83]: Time 0.766423 seconds, bootstrap likelihood -20131.537672, best rearrangement setting 15
Bootstrap[84]: Time 0.689703 seconds, bootstrap likelihood -20643.829290, best rearrangement setting 5
Bootstrap[85]: Time 1.427021 seconds, bootstrap likelihood -19705.001928, best rearrangement setting 5
Bootstrap[86]: Time 0.802029 seconds, bootstrap likelihood -20202.253942, best rearrangement setting 11
Bootstrap[87]: Time 0.966510 seconds, bootstrap likelihood -20351.815235, best rearrangement setting 10
Bootstrap[88]: Time 0.840375 seconds, bootstrap likelihood -20915.985279, best rearrangement setting 8
Bootstrap[89]: Time 0.874240 seconds, bootstrap likelihood -20597.076068, best rearrangement setting 13
Bootstrap[90]: Time 0.768920 seconds, bootstrap likelihood -20267.412721, best rearrangement setting 10
Bootstrap[91]: Time 0.727635 seconds, bootstrap likelihood -19770.268999, best rearrangement setting 11
Bootstrap[92]: Time 0.759588 seconds, bootstrap likelihood -20744.998438, best rearrangement setting 11
Bootstrap[93]: Time 0.797167 seconds, bootstrap likelihood -20156.440607, best rearrangement setting 10
Bootstrap[94]: Time 0.878954 seconds, bootstrap likelihood -20284.486566, best rearrangement setting 15
Bootstrap[95]: Time 0.719615 seconds, bootstrap likelihood -20480.506962, best rearrangement setting 6
Bootstrap[96]: Time 0.727158 seconds, bootstrap likelihood -20436.169525, best rearrangement setting 15
Bootstrap[97]: Time 0.731209 seconds, bootstrap likelihood -20106.237038, best rearrangement setting 9
Bootstrap[98]: Time 0.773797 seconds, bootstrap likelihood -20108.552708, best rearrangement setting 10
Bootstrap[99]: Time 0.657798 seconds, bootstrap likelihood -21325.161979, best rearrangement setting 6


Overall Time for 100 Rapid Bootstraps 78.223262 seconds
Average Time per Rapid Bootstrap 0.782233 seconds

Starting ML Search ...

Fast ML optimization finished

Fast ML search Time: 60.642164 seconds

Slow ML Search 0 Likelihood: -20661.157172
Slow ML Search 1 Likelihood: -20661.752664
Slow ML Search 2 Likelihood: -20662.193778
Slow ML Search 3 Likelihood: -20662.194107
Slow ML Search 4 Likelihood: -20662.643804
Slow ML Search 5 Likelihood: -20662.643804
Slow ML Search 6 Likelihood: -20663.463799
Slow ML Search 7 Likelihood: -20663.729923
Slow ML Search 8 Likelihood: -20664.175880
Slow ML Search 9 Likelihood: -20665.998869
Slow ML optimization finished

Slow ML search Time: 11.491825 seconds
Thorough ML search Time: 1.289311 seconds

Final ML Optimization Likelihood: -20661.157172

Model Information:

Model Parameters of Partition 0, Name: No Name Provided, Type of Data: DNA
alpha: 0.297431
Tree-Length: 1.597750
rate A <-> C: 2.366930
rate A <-> G: 9.030504
rate A <-> T: 0.918509
rate C <-> G: 0.989301
rate C <-> T: 11.065071
rate G <-> T: 1.000000

freq pi(A): 0.389889
freq pi(C): 0.166055
freq pi(G): 0.227648
freq pi(T): 0.216408


ML search took 108.840887 secs or 0.030234 hours

Combined Bootstrap and ML search took 187.064309 secs or 0.051962 hours

Drawing Bootstrap Support Values on best-scoring ML tree ...



Found 1 tree in File /gpfs_home/mhowison/code/hiv-profile-sampling/scratch/trees/pol/RAxML_bestTree.sample.58



Found 1 tree in File /gpfs_home/mhowison/code/hiv-profile-sampling/scratch/trees/pol/RAxML_bestTree.sample.58

Program execution info written to /gpfs_home/mhowison/code/hiv-profile-sampling/scratch/trees/pol/RAxML_info.sample.58
All 100 bootstrapped trees written to: /gpfs_home/mhowison/code/hiv-profile-sampling/scratch/trees/pol/RAxML_bootstrap.sample.58

Best-scoring ML tree written to: /gpfs_home/mhowison/code/hiv-profile-sampling/scratch/trees/pol/RAxML_bestTree.sample.58

Best-scoring ML tree with support values written to: /gpfs_home/mhowison/code/hiv-profile-sampling/scratch/trees/pol/RAxML_bipartitions.sample.58

Best-scoring ML tree with support values as branch labels written to: /gpfs_home/mhowison/code/hiv-profile-sampling/scratch/trees/pol/RAxML_bipartitionsBranchLabels.sample.58

Overall execution time for full ML analysis: 187.119550 secs or 0.051978 hours or 0.002166 days

