srun: job 261838 queued and waiting for resources
srun: job 261838 has been allocated resources
Warning, you specified a working directory via "-w"
Keep in mind that RAxML only accepts absolute path names, not relative ones!

RAxML can't, parse the alignment file as phylip file 
it will now try to parse it as FASTA file



Using BFGS method to optimize GTR rate parameters, to disable this specify "--no-bfgs" 


This is the RAxML Master Pthread

This is RAxML Worker Pthread Number: 2

This is RAxML Worker Pthread Number: 5

This is RAxML Worker Pthread Number: 6

This is RAxML Worker Pthread Number: 3

This is RAxML Worker Pthread Number: 1

This is RAxML Worker Pthread Number: 4

This is RAxML Worker Pthread Number: 7

This is RAxML Worker Pthread Number: 8

This is RAxML Worker Pthread Number: 12

This is RAxML Worker Pthread Number: 13

This is RAxML Worker Pthread Number: 10

This is RAxML Worker Pthread Number: 11

This is RAxML Worker Pthread Number: 9

This is RAxML Worker Pthread Number: 14

This is RAxML Worker Pthread Number: 15

This is RAxML Worker Pthread Number: 17

This is RAxML Worker Pthread Number: 16

This is RAxML Worker Pthread Number: 19

This is RAxML Worker Pthread Number: 18


This is RAxML version 8.2.12 released by Alexandros Stamatakis on May 2018.

With greatly appreciated code contributions by:
Andre Aberer      (HITS)
Simon Berger      (HITS)
Alexey Kozlov     (HITS)
Kassian Kobert    (HITS)
David Dao         (KIT and HITS)
Sarah Lutteropp   (KIT and HITS)
Nick Pattengale   (Sandia)
Wayne Pfeiffer    (SDSC)
Akifumi S. Tanabe (NRIFS)
Charlie Taylor    (UF)


Alignment has 1184 distinct alignment patterns

Proportion of gaps and completely undetermined characters in this alignment: 5.94%

RAxML rapid bootstrapping and subsequent ML search

Using 1 distinct models/data partitions with joint branch length optimization



Executing 100 rapid bootstrap inferences and thereafter a thorough ML search 

All free model parameters will be estimated by RAxML
GAMMA model of rate heterogeneity, ML estimate of alpha-parameter

GAMMA Model parameters will be estimated up to an accuracy of 0.1000000000 Log Likelihood units

Partition: 0
Alignment Patterns: 1184
Name: No Name Provided
DataType: DNA
Substitution Matrix: GTR




RAxML was called as follows:

raxmlHPC-PTHREADS-AVX -T 20 -s scratch/aligned/pol/sample.26.fa -p 6108130576 -x 6108130576 -f a -N 100 -m GTRGAMMA -w /gpfs_home/mhowison/code/hiv-profile-sampling/scratch/trees/pol -n sample.26 



Time for BS model parameter optimization 0.051835
Bootstrap[0]: Time 2.997138 seconds, bootstrap likelihood -20835.539753, best rearrangement setting 14
Bootstrap[1]: Time 0.522187 seconds, bootstrap likelihood -20596.411046, best rearrangement setting 8
Bootstrap[2]: Time 0.583220 seconds, bootstrap likelihood -21522.690062, best rearrangement setting 15
Bootstrap[3]: Time 0.632828 seconds, bootstrap likelihood -20515.240082, best rearrangement setting 9
Bootstrap[4]: Time 0.520037 seconds, bootstrap likelihood -20681.087878, best rearrangement setting 15
Bootstrap[5]: Time 0.570627 seconds, bootstrap likelihood -21053.752260, best rearrangement setting 7
Bootstrap[6]: Time 0.566680 seconds, bootstrap likelihood -21259.613681, best rearrangement setting 7
Bootstrap[7]: Time 0.496649 seconds, bootstrap likelihood -20677.203691, best rearrangement setting 6
Bootstrap[8]: Time 0.728671 seconds, bootstrap likelihood -21112.737216, best rearrangement setting 14
Bootstrap[9]: Time 4.870194 seconds, bootstrap likelihood -20507.248632, best rearrangement setting 15
Bootstrap[10]: Time 0.476135 seconds, bootstrap likelihood -20828.916350, best rearrangement setting 13
Bootstrap[11]: Time 0.530835 seconds, bootstrap likelihood -20761.633694, best rearrangement setting 14
Bootstrap[12]: Time 0.498459 seconds, bootstrap likelihood -20284.351010, best rearrangement setting 5
Bootstrap[13]: Time 0.948640 seconds, bootstrap likelihood -20546.188101, best rearrangement setting 11
Bootstrap[14]: Time 3.681482 seconds, bootstrap likelihood -20977.437363, best rearrangement setting 5
Bootstrap[15]: Time 4.035932 seconds, bootstrap likelihood -20888.663266, best rearrangement setting 11
Bootstrap[16]: Time 0.587829 seconds, bootstrap likelihood -21021.415301, best rearrangement setting 14
Bootstrap[17]: Time 6.732532 seconds, bootstrap likelihood -20368.912294, best rearrangement setting 13
Bootstrap[18]: Time 0.616051 seconds, bootstrap likelihood -20765.326461, best rearrangement setting 11
Bootstrap[19]: Time 0.551104 seconds, bootstrap likelihood -20769.793689, best rearrangement setting 7
Bootstrap[20]: Time 0.589893 seconds, bootstrap likelihood -20501.636066, best rearrangement setting 10
Bootstrap[21]: Time 0.578017 seconds, bootstrap likelihood -20557.431363, best rearrangement setting 10
Bootstrap[22]: Time 0.524231 seconds, bootstrap likelihood -20615.161120, best rearrangement setting 7
Bootstrap[23]: Time 0.509092 seconds, bootstrap likelihood -20147.545772, best rearrangement setting 13
Bootstrap[24]: Time 0.458890 seconds, bootstrap likelihood -20171.316307, best rearrangement setting 6
Bootstrap[25]: Time 0.501267 seconds, bootstrap likelihood -20106.096481, best rearrangement setting 8
Bootstrap[26]: Time 0.516188 seconds, bootstrap likelihood -21102.354486, best rearrangement setting 14
Bootstrap[27]: Time 0.578612 seconds, bootstrap likelihood -21907.481038, best rearrangement setting 14
Bootstrap[28]: Time 0.502783 seconds, bootstrap likelihood -20162.054679, best rearrangement setting 15
Bootstrap[29]: Time 0.458526 seconds, bootstrap likelihood -21029.923444, best rearrangement setting 5
Bootstrap[30]: Time 0.550013 seconds, bootstrap likelihood -20709.701083, best rearrangement setting 15
Bootstrap[31]: Time 1.809143 seconds, bootstrap likelihood -21422.663937, best rearrangement setting 12
Bootstrap[32]: Time 4.265977 seconds, bootstrap likelihood -20857.504270, best rearrangement setting 12
Bootstrap[33]: Time 2.019792 seconds, bootstrap likelihood -20642.034735, best rearrangement setting 11
Bootstrap[34]: Time 0.570871 seconds, bootstrap likelihood -20596.273677, best rearrangement setting 10
Bootstrap[35]: Time 0.585196 seconds, bootstrap likelihood -20432.849374, best rearrangement setting 12
Bootstrap[36]: Time 0.565283 seconds, bootstrap likelihood -21470.713680, best rearrangement setting 12
Bootstrap[37]: Time 0.553365 seconds, bootstrap likelihood -21010.385380, best rearrangement setting 8
Bootstrap[38]: Time 0.452987 seconds, bootstrap likelihood -21391.957497, best rearrangement setting 8
Bootstrap[39]: Time 0.459488 seconds, bootstrap likelihood -20818.228802, best rearrangement setting 5
Bootstrap[40]: Time 0.433561 seconds, bootstrap likelihood -20665.042677, best rearrangement setting 10
Bootstrap[41]: Time 0.432317 seconds, bootstrap likelihood -20127.744959, best rearrangement setting 6
Bootstrap[42]: Time 0.399341 seconds, bootstrap likelihood -21115.145897, best rearrangement setting 5
Bootstrap[43]: Time 0.415206 seconds, bootstrap likelihood -20587.555513, best rearrangement setting 6
Bootstrap[44]: Time 0.535009 seconds, bootstrap likelihood -20791.737971, best rearrangement setting 11
Bootstrap[45]: Time 0.596865 seconds, bootstrap likelihood -20763.150999, best rearrangement setting 11
Bootstrap[46]: Time 6.533661 seconds, bootstrap likelihood -20417.277921, best rearrangement setting 5
Bootstrap[47]: Time 0.544123 seconds, bootstrap likelihood -20405.658590, best rearrangement setting 15
Bootstrap[48]: Time 0.590180 seconds, bootstrap likelihood -20838.253289, best rearrangement setting 14
Bootstrap[49]: Time 0.510586 seconds, bootstrap likelihood -20357.947212, best rearrangement setting 6
Bootstrap[50]: Time 0.557131 seconds, bootstrap likelihood -20698.761354, best rearrangement setting 11
Bootstrap[51]: Time 0.456568 seconds, bootstrap likelihood -20767.477511, best rearrangement setting 5
Bootstrap[52]: Time 0.541072 seconds, bootstrap likelihood -20745.519462, best rearrangement setting 13
Bootstrap[53]: Time 0.611171 seconds, bootstrap likelihood -21222.088479, best rearrangement setting 11
Bootstrap[54]: Time 0.505411 seconds, bootstrap likelihood -20422.226390, best rearrangement setting 6
Bootstrap[55]: Time 0.504255 seconds, bootstrap likelihood -20888.781336, best rearrangement setting 8
Bootstrap[56]: Time 0.497440 seconds, bootstrap likelihood -20731.663699, best rearrangement setting 7
Bootstrap[57]: Time 0.512581 seconds, bootstrap likelihood -21527.114890, best rearrangement setting 5
Bootstrap[58]: Time 0.618368 seconds, bootstrap likelihood -20078.220331, best rearrangement setting 15
Bootstrap[59]: Time 0.584357 seconds, bootstrap likelihood -20267.792999, best rearrangement setting 8
Bootstrap[60]: Time 0.480399 seconds, bootstrap likelihood -20408.727655, best rearrangement setting 5
Bootstrap[61]: Time 0.483491 seconds, bootstrap likelihood -20136.912539, best rearrangement setting 5
Bootstrap[62]: Time 0.579350 seconds, bootstrap likelihood -20841.425503, best rearrangement setting 6
Bootstrap[63]: Time 0.574821 seconds, bootstrap likelihood -20018.114369, best rearrangement setting 11
Bootstrap[64]: Time 0.913671 seconds, bootstrap likelihood -21019.511664, best rearrangement setting 6
Bootstrap[65]: Time 0.525513 seconds, bootstrap likelihood -21037.196770, best rearrangement setting 11
Bootstrap[66]: Time 0.460808 seconds, bootstrap likelihood -20695.473063, best rearrangement setting 5
Bootstrap[67]: Time 0.617462 seconds, bootstrap likelihood -20742.475611, best rearrangement setting 9
Bootstrap[68]: Time 0.563347 seconds, bootstrap likelihood -20995.879495, best rearrangement setting 14
Bootstrap[69]: Time 0.532968 seconds, bootstrap likelihood -21189.904338, best rearrangement setting 13
Bootstrap[70]: Time 0.656590 seconds, bootstrap likelihood -21068.962144, best rearrangement setting 11
Bootstrap[71]: Time 1.964683 seconds, bootstrap likelihood -20334.782589, best rearrangement setting 13
Bootstrap[72]: Time 0.425722 seconds, bootstrap likelihood -20675.459875, best rearrangement setting 5
Bootstrap[73]: Time 0.579584 seconds, bootstrap likelihood -20938.646812, best rearrangement setting 8
Bootstrap[74]: Time 0.522751 seconds, bootstrap likelihood -21298.587740, best rearrangement setting 10
Bootstrap[75]: Time 0.784339 seconds, bootstrap likelihood -20623.739604, best rearrangement setting 6
Bootstrap[76]: Time 1.112707 seconds, bootstrap likelihood -21066.918118, best rearrangement setting 10
Bootstrap[77]: Time 0.600678 seconds, bootstrap likelihood -20495.694752, best rearrangement setting 12
Bootstrap[78]: Time 0.622699 seconds, bootstrap likelihood -21393.406921, best rearrangement setting 8
Bootstrap[79]: Time 0.456693 seconds, bootstrap likelihood -20793.032832, best rearrangement setting 6
Bootstrap[80]: Time 0.580363 seconds, bootstrap likelihood -20775.044238, best rearrangement setting 13
Bootstrap[81]: Time 0.561366 seconds, bootstrap likelihood -20346.497250, best rearrangement setting 9
Bootstrap[82]: Time 3.632692 seconds, bootstrap likelihood -20761.264105, best rearrangement setting 8
Bootstrap[83]: Time 0.561506 seconds, bootstrap likelihood -21111.762238, best rearrangement setting 6
Bootstrap[84]: Time 0.587826 seconds, bootstrap likelihood -20668.246378, best rearrangement setting 15
Bootstrap[85]: Time 0.501314 seconds, bootstrap likelihood -20708.396117, best rearrangement setting 15
Bootstrap[86]: Time 0.538134 seconds, bootstrap likelihood -20151.234459, best rearrangement setting 13
Bootstrap[87]: Time 1.009101 seconds, bootstrap likelihood -19891.292380, best rearrangement setting 14
Bootstrap[88]: Time 0.416619 seconds, bootstrap likelihood -20289.725506, best rearrangement setting 5
Bootstrap[89]: Time 0.592088 seconds, bootstrap likelihood -21108.218016, best rearrangement setting 13
Bootstrap[90]: Time 0.507489 seconds, bootstrap likelihood -20897.772649, best rearrangement setting 12
Bootstrap[91]: Time 0.575949 seconds, bootstrap likelihood -20548.047704, best rearrangement setting 10
Bootstrap[92]: Time 0.480923 seconds, bootstrap likelihood -20577.520750, best rearrangement setting 13
Bootstrap[93]: Time 0.512087 seconds, bootstrap likelihood -21162.835805, best rearrangement setting 8
Bootstrap[94]: Time 0.516778 seconds, bootstrap likelihood -20587.240021, best rearrangement setting 15
Bootstrap[95]: Time 0.456027 seconds, bootstrap likelihood -21136.712247, best rearrangement setting 15
Bootstrap[96]: Time 0.634912 seconds, bootstrap likelihood -21313.379186, best rearrangement setting 6
Bootstrap[97]: Time 0.528448 seconds, bootstrap likelihood -20513.565223, best rearrangement setting 11
Bootstrap[98]: Time 0.537508 seconds, bootstrap likelihood -21396.788908, best rearrangement setting 8
Bootstrap[99]: Time 0.490333 seconds, bootstrap likelihood -20612.001773, best rearrangement setting 10


Overall Time for 100 Rapid Bootstraps 92.395662 seconds
Average Time per Rapid Bootstrap 0.923957 seconds

Starting ML Search ...

Fast ML optimization finished

Fast ML search Time: 171.911490 seconds

Slow ML Search 0 Likelihood: -20851.646636
Slow ML Search 1 Likelihood: -20851.646637
Slow ML Search 2 Likelihood: -20851.646637
Slow ML Search 3 Likelihood: -20851.646637
Slow ML Search 4 Likelihood: -20851.751038
Slow ML Search 5 Likelihood: -20851.751038
Slow ML Search 6 Likelihood: -20851.759872
Slow ML Search 7 Likelihood: -20851.759872
Slow ML Search 8 Likelihood: -20851.753755
Slow ML Search 9 Likelihood: -20851.753756
Slow ML optimization finished

Slow ML search Time: 20.817583 seconds
Thorough ML search Time: 3.483028 seconds

Final ML Optimization Likelihood: -20851.646636

Model Information:

Model Parameters of Partition 0, Name: No Name Provided, Type of Data: DNA
alpha: 0.308437
Tree-Length: 1.622212
rate A <-> C: 2.314513
rate A <-> G: 8.754091
rate A <-> T: 0.912279
rate C <-> G: 1.013514
rate C <-> T: 10.878669
rate G <-> T: 1.000000

freq pi(A): 0.390106
freq pi(C): 0.166189
freq pi(G): 0.227550
freq pi(T): 0.216155


ML search took 196.218605 secs or 0.054505 hours

Combined Bootstrap and ML search took 288.614454 secs or 0.080171 hours

Drawing Bootstrap Support Values on best-scoring ML tree ...



Found 1 tree in File /gpfs_home/mhowison/code/hiv-profile-sampling/scratch/trees/pol/RAxML_bestTree.sample.26



Found 1 tree in File /gpfs_home/mhowison/code/hiv-profile-sampling/scratch/trees/pol/RAxML_bestTree.sample.26

Program execution info written to /gpfs_home/mhowison/code/hiv-profile-sampling/scratch/trees/pol/RAxML_info.sample.26
All 100 bootstrapped trees written to: /gpfs_home/mhowison/code/hiv-profile-sampling/scratch/trees/pol/RAxML_bootstrap.sample.26

Best-scoring ML tree written to: /gpfs_home/mhowison/code/hiv-profile-sampling/scratch/trees/pol/RAxML_bestTree.sample.26

Best-scoring ML tree with support values written to: /gpfs_home/mhowison/code/hiv-profile-sampling/scratch/trees/pol/RAxML_bipartitions.sample.26

Best-scoring ML tree with support values as branch labels written to: /gpfs_home/mhowison/code/hiv-profile-sampling/scratch/trees/pol/RAxML_bipartitionsBranchLabels.sample.26

Overall execution time for full ML analysis: 288.618606 secs or 0.080172 hours or 0.003340 days

