srun: job 261853 queued and waiting for resources
srun: job 261853 has been allocated resources
Warning, you specified a working directory via "-w"
Keep in mind that RAxML only accepts absolute path names, not relative ones!

RAxML can't, parse the alignment file as phylip file 
it will now try to parse it as FASTA file



Using BFGS method to optimize GTR rate parameters, to disable this specify "--no-bfgs" 


This is the RAxML Master Pthread

This is RAxML Worker Pthread Number: 3

This is RAxML Worker Pthread Number: 5

This is RAxML Worker Pthread Number: 1

This is RAxML Worker Pthread Number: 4

This is RAxML Worker Pthread Number: 2

This is RAxML Worker Pthread Number: 7

This is RAxML Worker Pthread Number: 6

This is RAxML Worker Pthread Number: 8

This is RAxML Worker Pthread Number: 9

This is RAxML Worker Pthread Number: 10

This is RAxML Worker Pthread Number: 11

This is RAxML Worker Pthread Number: 12

This is RAxML Worker Pthread Number: 13

This is RAxML Worker Pthread Number: 14

This is RAxML Worker Pthread Number: 15

This is RAxML Worker Pthread Number: 17

This is RAxML Worker Pthread Number: 16

This is RAxML Worker Pthread Number: 19

This is RAxML Worker Pthread Number: 18


This is RAxML version 8.2.12 released by Alexandros Stamatakis on May 2018.

With greatly appreciated code contributions by:
Andre Aberer      (HITS)
Simon Berger      (HITS)
Alexey Kozlov     (HITS)
Kassian Kobert    (HITS)
David Dao         (KIT and HITS)
Sarah Lutteropp   (KIT and HITS)
Nick Pattengale   (Sandia)
Wayne Pfeiffer    (SDSC)
Akifumi S. Tanabe (NRIFS)
Charlie Taylor    (UF)


Alignment has 1178 distinct alignment patterns

Proportion of gaps and completely undetermined characters in this alignment: 5.95%

RAxML rapid bootstrapping and subsequent ML search

Using 1 distinct models/data partitions with joint branch length optimization



Executing 100 rapid bootstrap inferences and thereafter a thorough ML search 

All free model parameters will be estimated by RAxML
GAMMA model of rate heterogeneity, ML estimate of alpha-parameter

GAMMA Model parameters will be estimated up to an accuracy of 0.1000000000 Log Likelihood units

Partition: 0
Alignment Patterns: 1178
Name: No Name Provided
DataType: DNA
Substitution Matrix: GTR




RAxML was called as follows:

raxmlHPC-PTHREADS-AVX -T 20 -s scratch/aligned/pol/sample.269.fa -p 7827540124 -x 7827540124 -f a -N 100 -m GTRGAMMA -w /gpfs_home/mhowison/code/hiv-profile-sampling/scratch/trees/pol -n sample.269 



Time for BS model parameter optimization 0.052351
Bootstrap[0]: Time 4.586679 seconds, bootstrap likelihood -20461.822435, best rearrangement setting 6
Bootstrap[1]: Time 0.429145 seconds, bootstrap likelihood -20659.436799, best rearrangement setting 7
Bootstrap[2]: Time 3.022959 seconds, bootstrap likelihood -20921.437186, best rearrangement setting 15
Bootstrap[3]: Time 0.512805 seconds, bootstrap likelihood -20216.724177, best rearrangement setting 9
Bootstrap[4]: Time 0.487500 seconds, bootstrap likelihood -21006.569793, best rearrangement setting 15
Bootstrap[5]: Time 4.225849 seconds, bootstrap likelihood -21176.899987, best rearrangement setting 7
Bootstrap[6]: Time 0.430259 seconds, bootstrap likelihood -20760.005646, best rearrangement setting 5
Bootstrap[7]: Time 0.468165 seconds, bootstrap likelihood -20477.056563, best rearrangement setting 6
Bootstrap[8]: Time 3.453068 seconds, bootstrap likelihood -20167.572977, best rearrangement setting 10
Bootstrap[9]: Time 0.439777 seconds, bootstrap likelihood -20045.114752, best rearrangement setting 8
Bootstrap[10]: Time 0.496326 seconds, bootstrap likelihood -20587.880074, best rearrangement setting 12
Bootstrap[11]: Time 0.405319 seconds, bootstrap likelihood -20438.387709, best rearrangement setting 6
Bootstrap[12]: Time 0.481634 seconds, bootstrap likelihood -20301.768682, best rearrangement setting 8
Bootstrap[13]: Time 0.543808 seconds, bootstrap likelihood -20309.849302, best rearrangement setting 15
Bootstrap[14]: Time 0.926503 seconds, bootstrap likelihood -20268.788366, best rearrangement setting 12
Bootstrap[15]: Time 2.875325 seconds, bootstrap likelihood -20802.653135, best rearrangement setting 10
Bootstrap[16]: Time 0.551338 seconds, bootstrap likelihood -21172.403440, best rearrangement setting 13
Bootstrap[17]: Time 0.580343 seconds, bootstrap likelihood -20285.814798, best rearrangement setting 11
Bootstrap[18]: Time 0.613747 seconds, bootstrap likelihood -19751.100438, best rearrangement setting 15
Bootstrap[19]: Time 0.579389 seconds, bootstrap likelihood -20653.578056, best rearrangement setting 13
Bootstrap[20]: Time 0.481922 seconds, bootstrap likelihood -21097.976561, best rearrangement setting 6
Bootstrap[21]: Time 0.464865 seconds, bootstrap likelihood -21059.593478, best rearrangement setting 6
Bootstrap[22]: Time 0.507681 seconds, bootstrap likelihood -20568.044233, best rearrangement setting 8
Bootstrap[23]: Time 0.462692 seconds, bootstrap likelihood -21425.885340, best rearrangement setting 6
Bootstrap[24]: Time 0.618487 seconds, bootstrap likelihood -20798.602928, best rearrangement setting 14
Bootstrap[25]: Time 0.519107 seconds, bootstrap likelihood -19819.991619, best rearrangement setting 10
Bootstrap[26]: Time 0.480734 seconds, bootstrap likelihood -20720.188696, best rearrangement setting 6
Bootstrap[27]: Time 0.422881 seconds, bootstrap likelihood -20198.242424, best rearrangement setting 6
Bootstrap[28]: Time 0.484240 seconds, bootstrap likelihood -20970.076127, best rearrangement setting 14
Bootstrap[29]: Time 0.521363 seconds, bootstrap likelihood -20589.815396, best rearrangement setting 12
Bootstrap[30]: Time 0.391405 seconds, bootstrap likelihood -20254.970938, best rearrangement setting 5
Bootstrap[31]: Time 0.572444 seconds, bootstrap likelihood -20301.092828, best rearrangement setting 14
Bootstrap[32]: Time 0.482858 seconds, bootstrap likelihood -21080.146588, best rearrangement setting 13
Bootstrap[33]: Time 0.441785 seconds, bootstrap likelihood -20833.687397, best rearrangement setting 11
Bootstrap[34]: Time 0.554470 seconds, bootstrap likelihood -20674.610045, best rearrangement setting 10
Bootstrap[35]: Time 0.586501 seconds, bootstrap likelihood -20702.861432, best rearrangement setting 11
Bootstrap[36]: Time 0.521118 seconds, bootstrap likelihood -20143.541205, best rearrangement setting 15
Bootstrap[37]: Time 0.940111 seconds, bootstrap likelihood -20706.703536, best rearrangement setting 12
Bootstrap[38]: Time 0.556361 seconds, bootstrap likelihood -20671.058069, best rearrangement setting 15
Bootstrap[39]: Time 0.460210 seconds, bootstrap likelihood -20518.693394, best rearrangement setting 6
Bootstrap[40]: Time 0.592607 seconds, bootstrap likelihood -21181.997130, best rearrangement setting 8
Bootstrap[41]: Time 0.562661 seconds, bootstrap likelihood -20773.921117, best rearrangement setting 8
Bootstrap[42]: Time 0.558724 seconds, bootstrap likelihood -20377.205383, best rearrangement setting 10
Bootstrap[43]: Time 0.547842 seconds, bootstrap likelihood -21274.534619, best rearrangement setting 10
Bootstrap[44]: Time 0.579712 seconds, bootstrap likelihood -20063.549744, best rearrangement setting 9
Bootstrap[45]: Time 1.909333 seconds, bootstrap likelihood -20640.274703, best rearrangement setting 11
Bootstrap[46]: Time 0.444630 seconds, bootstrap likelihood -20765.651248, best rearrangement setting 10
Bootstrap[47]: Time 1.588282 seconds, bootstrap likelihood -20984.379261, best rearrangement setting 9
Bootstrap[48]: Time 0.436579 seconds, bootstrap likelihood -20701.459864, best rearrangement setting 5
Bootstrap[49]: Time 4.531259 seconds, bootstrap likelihood -20585.037007, best rearrangement setting 14
Bootstrap[50]: Time 0.503427 seconds, bootstrap likelihood -20792.844541, best rearrangement setting 8
Bootstrap[51]: Time 0.546115 seconds, bootstrap likelihood -20539.783702, best rearrangement setting 12
Bootstrap[52]: Time 0.492342 seconds, bootstrap likelihood -21236.418320, best rearrangement setting 12
Bootstrap[53]: Time 0.455089 seconds, bootstrap likelihood -20425.601378, best rearrangement setting 5
Bootstrap[54]: Time 3.055229 seconds, bootstrap likelihood -20341.091789, best rearrangement setting 7
Bootstrap[55]: Time 0.499758 seconds, bootstrap likelihood -20844.551742, best rearrangement setting 9
Bootstrap[56]: Time 0.536402 seconds, bootstrap likelihood -20430.551567, best rearrangement setting 14
Bootstrap[57]: Time 0.573623 seconds, bootstrap likelihood -20778.825563, best rearrangement setting 9
Bootstrap[58]: Time 0.472367 seconds, bootstrap likelihood -19699.834035, best rearrangement setting 13
Bootstrap[59]: Time 0.489231 seconds, bootstrap likelihood -21244.735177, best rearrangement setting 12
Bootstrap[60]: Time 0.622474 seconds, bootstrap likelihood -21343.304566, best rearrangement setting 9
Bootstrap[61]: Time 0.576795 seconds, bootstrap likelihood -20995.330037, best rearrangement setting 15
Bootstrap[62]: Time 0.543330 seconds, bootstrap likelihood -20600.919380, best rearrangement setting 7
Bootstrap[63]: Time 0.547271 seconds, bootstrap likelihood -21240.980956, best rearrangement setting 7
Bootstrap[64]: Time 0.500177 seconds, bootstrap likelihood -20127.308610, best rearrangement setting 9
Bootstrap[65]: Time 0.570139 seconds, bootstrap likelihood -19983.052202, best rearrangement setting 14
Bootstrap[66]: Time 0.502372 seconds, bootstrap likelihood -21168.115503, best rearrangement setting 11
Bootstrap[67]: Time 0.440692 seconds, bootstrap likelihood -20452.113344, best rearrangement setting 5
Bootstrap[68]: Time 3.391727 seconds, bootstrap likelihood -19434.649153, best rearrangement setting 14
Bootstrap[69]: Time 3.042883 seconds, bootstrap likelihood -20148.292138, best rearrangement setting 7
Bootstrap[70]: Time 0.530686 seconds, bootstrap likelihood -21652.412699, best rearrangement setting 15
Bootstrap[71]: Time 0.562773 seconds, bootstrap likelihood -20142.454414, best rearrangement setting 10
Bootstrap[72]: Time 0.559550 seconds, bootstrap likelihood -21173.156848, best rearrangement setting 15
Bootstrap[73]: Time 0.471235 seconds, bootstrap likelihood -20131.564281, best rearrangement setting 15
Bootstrap[74]: Time 0.455732 seconds, bootstrap likelihood -20219.988060, best rearrangement setting 9
Bootstrap[75]: Time 0.484143 seconds, bootstrap likelihood -20632.598944, best rearrangement setting 6
Bootstrap[76]: Time 0.473703 seconds, bootstrap likelihood -20700.793856, best rearrangement setting 12
Bootstrap[77]: Time 0.447837 seconds, bootstrap likelihood -20700.563710, best rearrangement setting 6
Bootstrap[78]: Time 0.430884 seconds, bootstrap likelihood -20488.187165, best rearrangement setting 10
Bootstrap[79]: Time 0.514492 seconds, bootstrap likelihood -21053.227426, best rearrangement setting 13
Bootstrap[80]: Time 0.785810 seconds, bootstrap likelihood -20396.279012, best rearrangement setting 10
Bootstrap[81]: Time 0.488079 seconds, bootstrap likelihood -20562.620865, best rearrangement setting 6
Bootstrap[82]: Time 0.536924 seconds, bootstrap likelihood -20018.419001, best rearrangement setting 12
Bootstrap[83]: Time 0.489178 seconds, bootstrap likelihood -20376.863935, best rearrangement setting 15
Bootstrap[84]: Time 0.625108 seconds, bootstrap likelihood -20900.432355, best rearrangement setting 15
Bootstrap[85]: Time 3.871300 seconds, bootstrap likelihood -20423.688939, best rearrangement setting 13
Bootstrap[86]: Time 6.309186 seconds, bootstrap likelihood -21339.501625, best rearrangement setting 10
Bootstrap[87]: Time 3.916764 seconds, bootstrap likelihood -20754.968517, best rearrangement setting 13
Bootstrap[88]: Time 0.523604 seconds, bootstrap likelihood -19966.387428, best rearrangement setting 8
Bootstrap[89]: Time 0.525056 seconds, bootstrap likelihood -21439.274148, best rearrangement setting 11
Bootstrap[90]: Time 0.486208 seconds, bootstrap likelihood -20244.101190, best rearrangement setting 5
Bootstrap[91]: Time 0.537876 seconds, bootstrap likelihood -20349.530610, best rearrangement setting 14
Bootstrap[92]: Time 0.443778 seconds, bootstrap likelihood -20761.672149, best rearrangement setting 5
Bootstrap[93]: Time 0.507490 seconds, bootstrap likelihood -20105.754673, best rearrangement setting 11
Bootstrap[94]: Time 0.444497 seconds, bootstrap likelihood -20498.057396, best rearrangement setting 10
Bootstrap[95]: Time 0.521045 seconds, bootstrap likelihood -19942.719336, best rearrangement setting 8
Bootstrap[96]: Time 0.593677 seconds, bootstrap likelihood -20770.251256, best rearrangement setting 15
Bootstrap[97]: Time 0.500553 seconds, bootstrap likelihood -21093.355322, best rearrangement setting 6
Bootstrap[98]: Time 0.483527 seconds, bootstrap likelihood -20442.605281, best rearrangement setting 10
Bootstrap[99]: Time 0.482952 seconds, bootstrap likelihood -19896.670751, best rearrangement setting 7


Overall Time for 100 Rapid Bootstraps 94.830202 seconds
Average Time per Rapid Bootstrap 0.948302 seconds

Starting ML Search ...

Fast ML optimization finished

Fast ML search Time: 110.368887 seconds

Slow ML Search 0 Likelihood: -20658.233877
Slow ML Search 1 Likelihood: -20658.233877
Slow ML Search 2 Likelihood: -20658.233877
Slow ML Search 3 Likelihood: -20658.233877
Slow ML Search 4 Likelihood: -20658.233878
Slow ML Search 5 Likelihood: -20658.233878
Slow ML Search 6 Likelihood: -20658.233878
Slow ML Search 7 Likelihood: -20659.531744
Slow ML Search 8 Likelihood: -20659.531744
Slow ML Search 9 Likelihood: -20661.770018
Slow ML optimization finished

Slow ML search Time: 14.193219 seconds
Thorough ML search Time: 3.009782 seconds

Final ML Optimization Likelihood: -20658.233897

Model Information:

Model Parameters of Partition 0, Name: No Name Provided, Type of Data: DNA
alpha: 0.303919
Tree-Length: 1.570891
rate A <-> C: 2.270718
rate A <-> G: 8.454199
rate A <-> T: 0.834395
rate C <-> G: 0.907339
rate C <-> T: 10.371012
rate G <-> T: 1.000000

freq pi(A): 0.390194
freq pi(C): 0.165878
freq pi(G): 0.227394
freq pi(T): 0.216534


ML search took 127.591824 secs or 0.035442 hours

Combined Bootstrap and ML search took 222.422205 secs or 0.061784 hours

Drawing Bootstrap Support Values on best-scoring ML tree ...



Found 1 tree in File /gpfs_home/mhowison/code/hiv-profile-sampling/scratch/trees/pol/RAxML_bestTree.sample.269



Found 1 tree in File /gpfs_home/mhowison/code/hiv-profile-sampling/scratch/trees/pol/RAxML_bestTree.sample.269

Program execution info written to /gpfs_home/mhowison/code/hiv-profile-sampling/scratch/trees/pol/RAxML_info.sample.269
All 100 bootstrapped trees written to: /gpfs_home/mhowison/code/hiv-profile-sampling/scratch/trees/pol/RAxML_bootstrap.sample.269

Best-scoring ML tree written to: /gpfs_home/mhowison/code/hiv-profile-sampling/scratch/trees/pol/RAxML_bestTree.sample.269

Best-scoring ML tree with support values written to: /gpfs_home/mhowison/code/hiv-profile-sampling/scratch/trees/pol/RAxML_bipartitions.sample.269

Best-scoring ML tree with support values as branch labels written to: /gpfs_home/mhowison/code/hiv-profile-sampling/scratch/trees/pol/RAxML_bipartitionsBranchLabels.sample.269

Overall execution time for full ML analysis: 222.448544 secs or 0.061791 hours or 0.002575 days

