srun: job 262022 queued and waiting for resources
srun: job 262022 has been allocated resources
Warning, you specified a working directory via "-w"
Keep in mind that RAxML only accepts absolute path names, not relative ones!

RAxML can't, parse the alignment file as phylip file 
it will now try to parse it as FASTA file



Using BFGS method to optimize GTR rate parameters, to disable this specify "--no-bfgs" 


This is the RAxML Master Pthread

This is RAxML Worker Pthread Number: 2

This is RAxML Worker Pthread Number: 5

This is RAxML Worker Pthread Number: 4

This is RAxML Worker Pthread Number: 1

This is RAxML Worker Pthread Number: 3

This is RAxML Worker Pthread Number: 6

This is RAxML Worker Pthread Number: 7

This is RAxML Worker Pthread Number: 8

This is RAxML Worker Pthread Number: 9

This is RAxML Worker Pthread Number: 10

This is RAxML Worker Pthread Number: 11

This is RAxML Worker Pthread Number: 12

This is RAxML Worker Pthread Number: 15

This is RAxML Worker Pthread Number: 14

This is RAxML Worker Pthread Number: 13

This is RAxML Worker Pthread Number: 17

This is RAxML Worker Pthread Number: 16

This is RAxML Worker Pthread Number: 18

This is RAxML Worker Pthread Number: 19


This is RAxML version 8.2.12 released by Alexandros Stamatakis on May 2018.

With greatly appreciated code contributions by:
Andre Aberer      (HITS)
Simon Berger      (HITS)
Alexey Kozlov     (HITS)
Kassian Kobert    (HITS)
David Dao         (KIT and HITS)
Sarah Lutteropp   (KIT and HITS)
Nick Pattengale   (Sandia)
Wayne Pfeiffer    (SDSC)
Akifumi S. Tanabe (NRIFS)
Charlie Taylor    (UF)


Alignment has 1181 distinct alignment patterns

Proportion of gaps and completely undetermined characters in this alignment: 5.95%

RAxML rapid bootstrapping and subsequent ML search

Using 1 distinct models/data partitions with joint branch length optimization



Executing 100 rapid bootstrap inferences and thereafter a thorough ML search 

All free model parameters will be estimated by RAxML
GAMMA model of rate heterogeneity, ML estimate of alpha-parameter

GAMMA Model parameters will be estimated up to an accuracy of 0.1000000000 Log Likelihood units

Partition: 0
Alignment Patterns: 1181
Name: No Name Provided
DataType: DNA
Substitution Matrix: GTR




RAxML was called as follows:

raxmlHPC-PTHREADS-AVX -T 20 -s scratch/aligned/pol/sample.316.fa -p 6611470864 -x 6611470864 -f a -N 100 -m GTRGAMMA -w /gpfs_home/mhowison/code/hiv-profile-sampling/scratch/trees/pol -n sample.316 



Time for BS model parameter optimization 0.053178
Bootstrap[0]: Time 1.103668 seconds, bootstrap likelihood -20995.932855, best rearrangement setting 11
Bootstrap[1]: Time 0.514318 seconds, bootstrap likelihood -20392.741576, best rearrangement setting 11
Bootstrap[2]: Time 0.591155 seconds, bootstrap likelihood -20324.231423, best rearrangement setting 15
Bootstrap[3]: Time 0.504125 seconds, bootstrap likelihood -20494.385265, best rearrangement setting 12
Bootstrap[4]: Time 0.442227 seconds, bootstrap likelihood -20252.728152, best rearrangement setting 5
Bootstrap[5]: Time 0.637629 seconds, bootstrap likelihood -20148.031841, best rearrangement setting 9
Bootstrap[6]: Time 0.554486 seconds, bootstrap likelihood -20826.033361, best rearrangement setting 7
Bootstrap[7]: Time 0.837770 seconds, bootstrap likelihood -20824.081021, best rearrangement setting 13
Bootstrap[8]: Time 0.525328 seconds, bootstrap likelihood -20813.030104, best rearrangement setting 12
Bootstrap[9]: Time 0.467427 seconds, bootstrap likelihood -20481.462113, best rearrangement setting 8
Bootstrap[10]: Time 0.575316 seconds, bootstrap likelihood -20482.947082, best rearrangement setting 8
Bootstrap[11]: Time 0.587270 seconds, bootstrap likelihood -20477.595471, best rearrangement setting 12
Bootstrap[12]: Time 0.576322 seconds, bootstrap likelihood -20338.861065, best rearrangement setting 13
Bootstrap[13]: Time 0.514721 seconds, bootstrap likelihood -20690.613206, best rearrangement setting 15
Bootstrap[14]: Time 0.664380 seconds, bootstrap likelihood -20272.070011, best rearrangement setting 11
Bootstrap[15]: Time 0.494372 seconds, bootstrap likelihood -20709.723843, best rearrangement setting 5
Bootstrap[16]: Time 0.488052 seconds, bootstrap likelihood -20322.922522, best rearrangement setting 7
Bootstrap[17]: Time 0.586851 seconds, bootstrap likelihood -20762.503570, best rearrangement setting 15
Bootstrap[18]: Time 0.582059 seconds, bootstrap likelihood -20855.823787, best rearrangement setting 7
Bootstrap[19]: Time 0.623920 seconds, bootstrap likelihood -21089.567082, best rearrangement setting 7
Bootstrap[20]: Time 0.619179 seconds, bootstrap likelihood -19975.827739, best rearrangement setting 8
Bootstrap[21]: Time 0.529438 seconds, bootstrap likelihood -20809.253117, best rearrangement setting 10
Bootstrap[22]: Time 0.629620 seconds, bootstrap likelihood -20398.722087, best rearrangement setting 10
Bootstrap[23]: Time 21.699447 seconds, bootstrap likelihood -20198.501569, best rearrangement setting 9
Bootstrap[24]: Time 0.519874 seconds, bootstrap likelihood -20382.418387, best rearrangement setting 15
Bootstrap[25]: Time 0.418854 seconds, bootstrap likelihood -20444.364507, best rearrangement setting 5
Bootstrap[26]: Time 1.570959 seconds, bootstrap likelihood -20391.954684, best rearrangement setting 8
Bootstrap[27]: Time 4.929746 seconds, bootstrap likelihood -20077.405202, best rearrangement setting 12
Bootstrap[28]: Time 0.453761 seconds, bootstrap likelihood -20990.078599, best rearrangement setting 6
Bootstrap[29]: Time 0.523076 seconds, bootstrap likelihood -21350.825785, best rearrangement setting 15
Bootstrap[30]: Time 0.534795 seconds, bootstrap likelihood -20250.516178, best rearrangement setting 12
Bootstrap[31]: Time 0.604699 seconds, bootstrap likelihood -20752.369275, best rearrangement setting 15
Bootstrap[32]: Time 0.533961 seconds, bootstrap likelihood -20654.511249, best rearrangement setting 12
Bootstrap[33]: Time 0.646653 seconds, bootstrap likelihood -21261.119568, best rearrangement setting 8
Bootstrap[34]: Time 0.675257 seconds, bootstrap likelihood -20770.662046, best rearrangement setting 12
Bootstrap[35]: Time 0.641554 seconds, bootstrap likelihood -20866.243855, best rearrangement setting 10
Bootstrap[36]: Time 0.612024 seconds, bootstrap likelihood -21269.342280, best rearrangement setting 14
Bootstrap[37]: Time 4.540033 seconds, bootstrap likelihood -20475.310996, best rearrangement setting 7
Bootstrap[38]: Time 0.644261 seconds, bootstrap likelihood -20240.128855, best rearrangement setting 9
Bootstrap[39]: Time 0.538014 seconds, bootstrap likelihood -21068.079406, best rearrangement setting 7
Bootstrap[40]: Time 0.597697 seconds, bootstrap likelihood -21171.368793, best rearrangement setting 7
Bootstrap[41]: Time 0.581802 seconds, bootstrap likelihood -20866.640570, best rearrangement setting 15
Bootstrap[42]: Time 0.662756 seconds, bootstrap likelihood -20999.982567, best rearrangement setting 14
Bootstrap[43]: Time 0.564979 seconds, bootstrap likelihood -20493.105095, best rearrangement setting 12
Bootstrap[44]: Time 0.619726 seconds, bootstrap likelihood -20607.349418, best rearrangement setting 12
Bootstrap[45]: Time 0.517126 seconds, bootstrap likelihood -21793.199665, best rearrangement setting 14
Bootstrap[46]: Time 0.496377 seconds, bootstrap likelihood -20603.083186, best rearrangement setting 6
Bootstrap[47]: Time 0.564723 seconds, bootstrap likelihood -20619.060662, best rearrangement setting 13
Bootstrap[48]: Time 0.473121 seconds, bootstrap likelihood -20446.455971, best rearrangement setting 10
Bootstrap[49]: Time 0.534264 seconds, bootstrap likelihood -20070.164255, best rearrangement setting 11
Bootstrap[50]: Time 0.535982 seconds, bootstrap likelihood -20466.184195, best rearrangement setting 8
Bootstrap[51]: Time 0.604900 seconds, bootstrap likelihood -20812.849424, best rearrangement setting 8
Bootstrap[52]: Time 0.468065 seconds, bootstrap likelihood -21093.699830, best rearrangement setting 5
Bootstrap[53]: Time 0.502101 seconds, bootstrap likelihood -20007.961482, best rearrangement setting 15
Bootstrap[54]: Time 0.560663 seconds, bootstrap likelihood -20936.273213, best rearrangement setting 6
Bootstrap[55]: Time 0.488454 seconds, bootstrap likelihood -20585.052418, best rearrangement setting 7
Bootstrap[56]: Time 0.540144 seconds, bootstrap likelihood -20759.460494, best rearrangement setting 13
Bootstrap[57]: Time 0.630971 seconds, bootstrap likelihood -20519.182048, best rearrangement setting 11
Bootstrap[58]: Time 0.494588 seconds, bootstrap likelihood -21178.863972, best rearrangement setting 7
Bootstrap[59]: Time 0.883851 seconds, bootstrap likelihood -20139.931482, best rearrangement setting 8
Bootstrap[60]: Time 0.503773 seconds, bootstrap likelihood -20119.374704, best rearrangement setting 5
Bootstrap[61]: Time 0.574838 seconds, bootstrap likelihood -20454.722810, best rearrangement setting 9
Bootstrap[62]: Time 0.590002 seconds, bootstrap likelihood -20021.784490, best rearrangement setting 14
Bootstrap[63]: Time 0.474264 seconds, bootstrap likelihood -20777.449175, best rearrangement setting 5
Bootstrap[64]: Time 0.697262 seconds, bootstrap likelihood -21077.154653, best rearrangement setting 13
Bootstrap[65]: Time 0.621166 seconds, bootstrap likelihood -20567.372659, best rearrangement setting 15
Bootstrap[66]: Time 0.549572 seconds, bootstrap likelihood -20151.611180, best rearrangement setting 12
Bootstrap[67]: Time 0.586321 seconds, bootstrap likelihood -20079.131640, best rearrangement setting 6
Bootstrap[68]: Time 0.558511 seconds, bootstrap likelihood -20220.878935, best rearrangement setting 12
Bootstrap[69]: Time 0.631700 seconds, bootstrap likelihood -20942.250456, best rearrangement setting 14
Bootstrap[70]: Time 0.540193 seconds, bootstrap likelihood -20959.582826, best rearrangement setting 15
Bootstrap[71]: Time 0.607264 seconds, bootstrap likelihood -20956.090978, best rearrangement setting 9
Bootstrap[72]: Time 0.575423 seconds, bootstrap likelihood -20343.367763, best rearrangement setting 12
Bootstrap[73]: Time 0.591711 seconds, bootstrap likelihood -19761.834986, best rearrangement setting 14
Bootstrap[74]: Time 0.542279 seconds, bootstrap likelihood -20081.092445, best rearrangement setting 15
Bootstrap[75]: Time 0.551076 seconds, bootstrap likelihood -20726.175258, best rearrangement setting 7
Bootstrap[76]: Time 0.608597 seconds, bootstrap likelihood -20665.469360, best rearrangement setting 12
Bootstrap[77]: Time 0.497322 seconds, bootstrap likelihood -21334.526783, best rearrangement setting 15
Bootstrap[78]: Time 0.570088 seconds, bootstrap likelihood -20839.779592, best rearrangement setting 13
Bootstrap[79]: Time 0.499223 seconds, bootstrap likelihood -20885.153227, best rearrangement setting 9
Bootstrap[80]: Time 0.664357 seconds, bootstrap likelihood -20354.734102, best rearrangement setting 11
Bootstrap[81]: Time 0.583964 seconds, bootstrap likelihood -19606.824544, best rearrangement setting 9
Bootstrap[82]: Time 0.535737 seconds, bootstrap likelihood -21135.247400, best rearrangement setting 11
Bootstrap[83]: Time 61.710790 seconds, bootstrap likelihood -20749.480985, best rearrangement setting 14
Bootstrap[84]: Time 0.636195 seconds, bootstrap likelihood -20365.037366, best rearrangement setting 14
Bootstrap[85]: Time 0.648637 seconds, bootstrap likelihood -20386.494418, best rearrangement setting 11
Bootstrap[86]: Time 0.588403 seconds, bootstrap likelihood -20390.889758, best rearrangement setting 13
Bootstrap[87]: Time 0.446938 seconds, bootstrap likelihood -19929.102943, best rearrangement setting 14
Bootstrap[88]: Time 0.479946 seconds, bootstrap likelihood -21009.212064, best rearrangement setting 5
Bootstrap[89]: Time 0.555615 seconds, bootstrap likelihood -20743.546311, best rearrangement setting 12
Bootstrap[90]: Time 0.513008 seconds, bootstrap likelihood -20585.464566, best rearrangement setting 6
Bootstrap[91]: Time 0.552775 seconds, bootstrap likelihood -20614.644575, best rearrangement setting 8
Bootstrap[92]: Time 3.681612 seconds, bootstrap likelihood -19734.657029, best rearrangement setting 14
Bootstrap[93]: Time 0.498139 seconds, bootstrap likelihood -20364.000350, best rearrangement setting 10
Bootstrap[94]: Time 0.512453 seconds, bootstrap likelihood -20289.918804, best rearrangement setting 9
Bootstrap[95]: Time 0.598724 seconds, bootstrap likelihood -20995.110924, best rearrangement setting 8
Bootstrap[96]: Time 0.476064 seconds, bootstrap likelihood -20884.923572, best rearrangement setting 13
Bootstrap[97]: Time 0.515861 seconds, bootstrap likelihood -20650.445343, best rearrangement setting 7
Bootstrap[98]: Time 0.435248 seconds, bootstrap likelihood -20587.326769, best rearrangement setting 5
Bootstrap[99]: Time 0.450551 seconds, bootstrap likelihood -20458.787098, best rearrangement setting 6


Overall Time for 100 Rapid Bootstraps 151.646279 seconds
Average Time per Rapid Bootstrap 1.516463 seconds

Starting ML Search ...

Fast ML optimization finished

Fast ML search Time: 217.527854 seconds

Slow ML Search 0 Likelihood: -20682.057607
Slow ML Search 1 Likelihood: -20682.057607
Slow ML Search 2 Likelihood: -20682.058608
Slow ML Search 3 Likelihood: -20682.058607
Slow ML Search 4 Likelihood: -20682.059424
Slow ML Search 5 Likelihood: -20682.059424
Slow ML Search 6 Likelihood: -20682.611531
Slow ML Search 7 Likelihood: -20682.625195
Slow ML Search 8 Likelihood: -20682.625195
Slow ML Search 9 Likelihood: -20682.625195
Slow ML optimization finished

Slow ML search Time: 30.116097 seconds
Thorough ML search Time: 1.175147 seconds

Final ML Optimization Likelihood: -20682.057624

Model Information:

Model Parameters of Partition 0, Name: No Name Provided, Type of Data: DNA
alpha: 0.304542
Tree-Length: 1.571094
rate A <-> C: 2.179234
rate A <-> G: 8.514347
rate A <-> T: 0.892684
rate C <-> G: 0.927776
rate C <-> T: 10.261566
rate G <-> T: 1.000000

freq pi(A): 0.390031
freq pi(C): 0.165849
freq pi(G): 0.227423
freq pi(T): 0.216697


ML search took 248.829848 secs or 0.069119 hours

Combined Bootstrap and ML search took 400.476273 secs or 0.111243 hours

Drawing Bootstrap Support Values on best-scoring ML tree ...



Found 1 tree in File /gpfs_home/mhowison/code/hiv-profile-sampling/scratch/trees/pol/RAxML_bestTree.sample.316



Found 1 tree in File /gpfs_home/mhowison/code/hiv-profile-sampling/scratch/trees/pol/RAxML_bestTree.sample.316

Program execution info written to /gpfs_home/mhowison/code/hiv-profile-sampling/scratch/trees/pol/RAxML_info.sample.316
All 100 bootstrapped trees written to: /gpfs_home/mhowison/code/hiv-profile-sampling/scratch/trees/pol/RAxML_bootstrap.sample.316

Best-scoring ML tree written to: /gpfs_home/mhowison/code/hiv-profile-sampling/scratch/trees/pol/RAxML_bestTree.sample.316

Best-scoring ML tree with support values written to: /gpfs_home/mhowison/code/hiv-profile-sampling/scratch/trees/pol/RAxML_bipartitions.sample.316

Best-scoring ML tree with support values as branch labels written to: /gpfs_home/mhowison/code/hiv-profile-sampling/scratch/trees/pol/RAxML_bipartitionsBranchLabels.sample.316

Overall execution time for full ML analysis: 400.480547 secs or 0.111245 hours or 0.004635 days

