srun: job 262620 queued and waiting for resources
srun: job 262620 has been allocated resources
Warning, you specified a working directory via "-w"
Keep in mind that RAxML only accepts absolute path names, not relative ones!

RAxML can't, parse the alignment file as phylip file 
it will now try to parse it as FASTA file



Using BFGS method to optimize GTR rate parameters, to disable this specify "--no-bfgs" 


This is the RAxML Master Pthread

This is RAxML Worker Pthread Number: 2

This is RAxML Worker Pthread Number: 4

This is RAxML Worker Pthread Number: 3

This is RAxML Worker Pthread Number: 1

This is RAxML Worker Pthread Number: 5

This is RAxML Worker Pthread Number: 6

This is RAxML Worker Pthread Number: 8

This is RAxML Worker Pthread Number: 7

This is RAxML Worker Pthread Number: 9

This is RAxML Worker Pthread Number: 11

This is RAxML Worker Pthread Number: 10

This is RAxML Worker Pthread Number: 12

This is RAxML Worker Pthread Number: 13

This is RAxML Worker Pthread Number: 16

This is RAxML Worker Pthread Number: 14

This is RAxML Worker Pthread Number: 15

This is RAxML Worker Pthread Number: 17

This is RAxML Worker Pthread Number: 19

This is RAxML Worker Pthread Number: 18


This is RAxML version 8.2.12 released by Alexandros Stamatakis on May 2018.

With greatly appreciated code contributions by:
Andre Aberer      (HITS)
Simon Berger      (HITS)
Alexey Kozlov     (HITS)
Kassian Kobert    (HITS)
David Dao         (KIT and HITS)
Sarah Lutteropp   (KIT and HITS)
Nick Pattengale   (Sandia)
Wayne Pfeiffer    (SDSC)
Akifumi S. Tanabe (NRIFS)
Charlie Taylor    (UF)


Alignment has 1177 distinct alignment patterns

Proportion of gaps and completely undetermined characters in this alignment: 5.94%

RAxML rapid bootstrapping and subsequent ML search

Using 1 distinct models/data partitions with joint branch length optimization



Executing 100 rapid bootstrap inferences and thereafter a thorough ML search 

All free model parameters will be estimated by RAxML
GAMMA model of rate heterogeneity, ML estimate of alpha-parameter

GAMMA Model parameters will be estimated up to an accuracy of 0.1000000000 Log Likelihood units

Partition: 0
Alignment Patterns: 1177
Name: No Name Provided
DataType: DNA
Substitution Matrix: GTR




RAxML was called as follows:

raxmlHPC-PTHREADS-AVX -T 20 -s scratch/aligned/pol/sample.47.fa -p 2710914896 -x 2710914896 -f a -N 100 -m GTRGAMMA -w /gpfs_home/mhowison/code/hiv-profile-sampling/scratch/trees/pol -n sample.47 



Time for BS model parameter optimization 0.053945
Bootstrap[0]: Time 0.656880 seconds, bootstrap likelihood -20478.270918, best rearrangement setting 12
Bootstrap[1]: Time 0.646936 seconds, bootstrap likelihood -20453.319444, best rearrangement setting 6
Bootstrap[2]: Time 0.649605 seconds, bootstrap likelihood -20617.656290, best rearrangement setting 14
Bootstrap[3]: Time 0.693946 seconds, bootstrap likelihood -19918.748765, best rearrangement setting 13
Bootstrap[4]: Time 0.601633 seconds, bootstrap likelihood -21400.513950, best rearrangement setting 14
Bootstrap[5]: Time 1.195793 seconds, bootstrap likelihood -20466.157687, best rearrangement setting 10
Bootstrap[6]: Time 0.621071 seconds, bootstrap likelihood -20457.254251, best rearrangement setting 10
Bootstrap[7]: Time 0.510794 seconds, bootstrap likelihood -20610.711002, best rearrangement setting 6
Bootstrap[8]: Time 0.594396 seconds, bootstrap likelihood -21354.943057, best rearrangement setting 15
Bootstrap[9]: Time 0.640263 seconds, bootstrap likelihood -20664.213350, best rearrangement setting 15
Bootstrap[10]: Time 0.598483 seconds, bootstrap likelihood -20312.600965, best rearrangement setting 13
Bootstrap[11]: Time 0.632673 seconds, bootstrap likelihood -20578.821602, best rearrangement setting 15
Bootstrap[12]: Time 0.524413 seconds, bootstrap likelihood -20534.019217, best rearrangement setting 14
Bootstrap[13]: Time 0.593411 seconds, bootstrap likelihood -21315.613476, best rearrangement setting 10
Bootstrap[14]: Time 0.538782 seconds, bootstrap likelihood -20690.425763, best rearrangement setting 9
Bootstrap[15]: Time 0.478907 seconds, bootstrap likelihood -21263.982832, best rearrangement setting 9
Bootstrap[16]: Time 2.191350 seconds, bootstrap likelihood -20742.914175, best rearrangement setting 10
Bootstrap[17]: Time 0.486415 seconds, bootstrap likelihood -20895.690286, best rearrangement setting 5
Bootstrap[18]: Time 0.583566 seconds, bootstrap likelihood -21199.131507, best rearrangement setting 6
Bootstrap[19]: Time 0.585087 seconds, bootstrap likelihood -20578.396579, best rearrangement setting 12
Bootstrap[20]: Time 0.594281 seconds, bootstrap likelihood -20758.187045, best rearrangement setting 12
Bootstrap[21]: Time 0.537164 seconds, bootstrap likelihood -20755.059737, best rearrangement setting 12
Bootstrap[22]: Time 0.583428 seconds, bootstrap likelihood -20807.092427, best rearrangement setting 11
Bootstrap[23]: Time 0.563313 seconds, bootstrap likelihood -20331.081942, best rearrangement setting 14
Bootstrap[24]: Time 0.531771 seconds, bootstrap likelihood -19749.924634, best rearrangement setting 5
Bootstrap[25]: Time 1.412225 seconds, bootstrap likelihood -19696.411154, best rearrangement setting 10
Bootstrap[26]: Time 0.578417 seconds, bootstrap likelihood -20866.780705, best rearrangement setting 10
Bootstrap[27]: Time 0.506411 seconds, bootstrap likelihood -20678.359418, best rearrangement setting 5
Bootstrap[28]: Time 0.647300 seconds, bootstrap likelihood -20628.770753, best rearrangement setting 13
Bootstrap[29]: Time 1.435910 seconds, bootstrap likelihood -21264.604487, best rearrangement setting 5
Bootstrap[30]: Time 0.560867 seconds, bootstrap likelihood -21089.157608, best rearrangement setting 10
Bootstrap[31]: Time 0.487761 seconds, bootstrap likelihood -20740.580493, best rearrangement setting 8
Bootstrap[32]: Time 0.564773 seconds, bootstrap likelihood -20893.843016, best rearrangement setting 12
Bootstrap[33]: Time 0.584660 seconds, bootstrap likelihood -19938.088715, best rearrangement setting 15
Bootstrap[34]: Time 0.608228 seconds, bootstrap likelihood -20715.625709, best rearrangement setting 10
Bootstrap[35]: Time 0.527090 seconds, bootstrap likelihood -21193.441512, best rearrangement setting 8
Bootstrap[36]: Time 0.514473 seconds, bootstrap likelihood -20222.224283, best rearrangement setting 6
Bootstrap[37]: Time 0.590793 seconds, bootstrap likelihood -20579.286072, best rearrangement setting 8
Bootstrap[38]: Time 0.542794 seconds, bootstrap likelihood -21470.137861, best rearrangement setting 13
Bootstrap[39]: Time 0.473984 seconds, bootstrap likelihood -20020.575632, best rearrangement setting 12
Bootstrap[40]: Time 0.463686 seconds, bootstrap likelihood -20401.824034, best rearrangement setting 9
Bootstrap[41]: Time 0.594484 seconds, bootstrap likelihood -21127.742964, best rearrangement setting 9
Bootstrap[42]: Time 0.502091 seconds, bootstrap likelihood -20505.388090, best rearrangement setting 6
Bootstrap[43]: Time 0.984180 seconds, bootstrap likelihood -21165.876691, best rearrangement setting 12
Bootstrap[44]: Time 0.505963 seconds, bootstrap likelihood -20690.048510, best rearrangement setting 8
Bootstrap[45]: Time 0.530463 seconds, bootstrap likelihood -20026.508401, best rearrangement setting 7
Bootstrap[46]: Time 0.460304 seconds, bootstrap likelihood -19990.058258, best rearrangement setting 8
Bootstrap[47]: Time 0.550515 seconds, bootstrap likelihood -20667.448850, best rearrangement setting 12
Bootstrap[48]: Time 0.555387 seconds, bootstrap likelihood -20445.706529, best rearrangement setting 8
Bootstrap[49]: Time 0.707721 seconds, bootstrap likelihood -19694.865636, best rearrangement setting 13
Bootstrap[50]: Time 0.639277 seconds, bootstrap likelihood -20770.499186, best rearrangement setting 10
Bootstrap[51]: Time 0.591471 seconds, bootstrap likelihood -21180.610858, best rearrangement setting 15
Bootstrap[52]: Time 0.475030 seconds, bootstrap likelihood -20510.601500, best rearrangement setting 13
Bootstrap[53]: Time 0.572125 seconds, bootstrap likelihood -20435.986354, best rearrangement setting 9
Bootstrap[54]: Time 0.624822 seconds, bootstrap likelihood -20503.880482, best rearrangement setting 10
Bootstrap[55]: Time 0.632443 seconds, bootstrap likelihood -20816.178765, best rearrangement setting 8
Bootstrap[56]: Time 0.495961 seconds, bootstrap likelihood -20170.010402, best rearrangement setting 5
Bootstrap[57]: Time 0.593860 seconds, bootstrap likelihood -21162.132851, best rearrangement setting 14
Bootstrap[58]: Time 0.548713 seconds, bootstrap likelihood -20619.083082, best rearrangement setting 9
Bootstrap[59]: Time 0.548194 seconds, bootstrap likelihood -20372.414735, best rearrangement setting 14
Bootstrap[60]: Time 0.567673 seconds, bootstrap likelihood -20116.090600, best rearrangement setting 11
Bootstrap[61]: Time 0.612332 seconds, bootstrap likelihood -20652.973153, best rearrangement setting 14
Bootstrap[62]: Time 0.514652 seconds, bootstrap likelihood -19771.101050, best rearrangement setting 6
Bootstrap[63]: Time 0.596101 seconds, bootstrap likelihood -20801.518047, best rearrangement setting 8
Bootstrap[64]: Time 0.591360 seconds, bootstrap likelihood -20018.408415, best rearrangement setting 10
Bootstrap[65]: Time 0.476985 seconds, bootstrap likelihood -20754.902277, best rearrangement setting 7
Bootstrap[66]: Time 0.501944 seconds, bootstrap likelihood -20611.031526, best rearrangement setting 6
Bootstrap[67]: Time 0.509319 seconds, bootstrap likelihood -20852.764178, best rearrangement setting 5
Bootstrap[68]: Time 0.481115 seconds, bootstrap likelihood -19968.741562, best rearrangement setting 5
Bootstrap[69]: Time 0.646261 seconds, bootstrap likelihood -20166.675601, best rearrangement setting 13
Bootstrap[70]: Time 0.681353 seconds, bootstrap likelihood -21080.903759, best rearrangement setting 13
Bootstrap[71]: Time 0.445138 seconds, bootstrap likelihood -21022.843568, best rearrangement setting 8
Bootstrap[72]: Time 0.552964 seconds, bootstrap likelihood -19633.960681, best rearrangement setting 7
Bootstrap[73]: Time 0.561484 seconds, bootstrap likelihood -20862.572865, best rearrangement setting 15
Bootstrap[74]: Time 0.599692 seconds, bootstrap likelihood -20993.919009, best rearrangement setting 11
Bootstrap[75]: Time 0.667021 seconds, bootstrap likelihood -21218.524157, best rearrangement setting 12
Bootstrap[76]: Time 0.543492 seconds, bootstrap likelihood -20487.094325, best rearrangement setting 9
Bootstrap[77]: Time 0.510335 seconds, bootstrap likelihood -21494.344750, best rearrangement setting 14
Bootstrap[78]: Time 0.486519 seconds, bootstrap likelihood -21211.370823, best rearrangement setting 13
Bootstrap[79]: Time 0.505180 seconds, bootstrap likelihood -20591.459050, best rearrangement setting 5
Bootstrap[80]: Time 0.570527 seconds, bootstrap likelihood -20426.720046, best rearrangement setting 9
Bootstrap[81]: Time 0.520469 seconds, bootstrap likelihood -21140.869054, best rearrangement setting 15
Bootstrap[82]: Time 0.552316 seconds, bootstrap likelihood -20313.519372, best rearrangement setting 14
Bootstrap[83]: Time 0.539099 seconds, bootstrap likelihood -21006.255885, best rearrangement setting 12
Bootstrap[84]: Time 0.553483 seconds, bootstrap likelihood -21392.435639, best rearrangement setting 9
Bootstrap[85]: Time 0.507571 seconds, bootstrap likelihood -20533.431506, best rearrangement setting 5
Bootstrap[86]: Time 0.520103 seconds, bootstrap likelihood -20831.361629, best rearrangement setting 7
Bootstrap[87]: Time 3.592040 seconds, bootstrap likelihood -21289.311746, best rearrangement setting 15
Bootstrap[88]: Time 0.426756 seconds, bootstrap likelihood -19948.325519, best rearrangement setting 5
Bootstrap[89]: Time 0.530643 seconds, bootstrap likelihood -19592.655846, best rearrangement setting 13
Bootstrap[90]: Time 1.425160 seconds, bootstrap likelihood -20552.545110, best rearrangement setting 12
Bootstrap[91]: Time 0.976225 seconds, bootstrap likelihood -20304.570094, best rearrangement setting 14
Bootstrap[92]: Time 0.532672 seconds, bootstrap likelihood -20780.353314, best rearrangement setting 5
Bootstrap[93]: Time 3.416350 seconds, bootstrap likelihood -21113.251106, best rearrangement setting 10
Bootstrap[94]: Time 0.670870 seconds, bootstrap likelihood -20674.662655, best rearrangement setting 10
Bootstrap[95]: Time 0.539005 seconds, bootstrap likelihood -20482.167376, best rearrangement setting 7
Bootstrap[96]: Time 0.549734 seconds, bootstrap likelihood -20875.009819, best rearrangement setting 6
Bootstrap[97]: Time 0.583052 seconds, bootstrap likelihood -20474.345799, best rearrangement setting 7
Bootstrap[98]: Time 0.485966 seconds, bootstrap likelihood -20900.933152, best rearrangement setting 15
Bootstrap[99]: Time 0.527577 seconds, bootstrap likelihood -20981.937718, best rearrangement setting 6


Overall Time for 100 Rapid Bootstraps 67.562275 seconds
Average Time per Rapid Bootstrap 0.675623 seconds

Starting ML Search ...

Fast ML optimization finished

Fast ML search Time: 84.973624 seconds

Slow ML Search 0 Likelihood: -20763.183639
Slow ML Search 1 Likelihood: -20763.183639
Slow ML Search 2 Likelihood: -20763.183639
Slow ML Search 3 Likelihood: -20763.198297
Slow ML Search 4 Likelihood: -20763.228797
Slow ML Search 5 Likelihood: -20763.228795
Slow ML Search 6 Likelihood: -20763.228797
Slow ML Search 7 Likelihood: -20766.713701
Slow ML Search 8 Likelihood: -20766.899155
Slow ML Search 9 Likelihood: -20768.237099
Slow ML optimization finished

Slow ML search Time: 10.721282 seconds
Thorough ML search Time: 1.105453 seconds

Final ML Optimization Likelihood: -20763.183632

Model Information:

Model Parameters of Partition 0, Name: No Name Provided, Type of Data: DNA
alpha: 0.306857
Tree-Length: 1.586748
rate A <-> C: 2.439591
rate A <-> G: 9.194467
rate A <-> T: 0.968333
rate C <-> G: 0.975340
rate C <-> T: 11.310606
rate G <-> T: 1.000000

freq pi(A): 0.390198
freq pi(C): 0.165912
freq pi(G): 0.227432
freq pi(T): 0.216458


ML search took 96.812856 secs or 0.026892 hours

Combined Bootstrap and ML search took 164.375269 secs or 0.045660 hours

Drawing Bootstrap Support Values on best-scoring ML tree ...



Found 1 tree in File /gpfs_home/mhowison/code/hiv-profile-sampling/scratch/trees/pol/RAxML_bestTree.sample.47



Found 1 tree in File /gpfs_home/mhowison/code/hiv-profile-sampling/scratch/trees/pol/RAxML_bestTree.sample.47

Program execution info written to /gpfs_home/mhowison/code/hiv-profile-sampling/scratch/trees/pol/RAxML_info.sample.47
All 100 bootstrapped trees written to: /gpfs_home/mhowison/code/hiv-profile-sampling/scratch/trees/pol/RAxML_bootstrap.sample.47

Best-scoring ML tree written to: /gpfs_home/mhowison/code/hiv-profile-sampling/scratch/trees/pol/RAxML_bestTree.sample.47

Best-scoring ML tree with support values written to: /gpfs_home/mhowison/code/hiv-profile-sampling/scratch/trees/pol/RAxML_bipartitions.sample.47

Best-scoring ML tree with support values as branch labels written to: /gpfs_home/mhowison/code/hiv-profile-sampling/scratch/trees/pol/RAxML_bipartitionsBranchLabels.sample.47

Overall execution time for full ML analysis: 164.379669 secs or 0.045661 hours or 0.001903 days

