srun: job 261644 queued and waiting for resources
srun: job 261644 has been allocated resources
Warning, you specified a working directory via "-w"
Keep in mind that RAxML only accepts absolute path names, not relative ones!

RAxML can't, parse the alignment file as phylip file 
it will now try to parse it as FASTA file



Using BFGS method to optimize GTR rate parameters, to disable this specify "--no-bfgs" 


This is the RAxML Master Pthread

This is RAxML Worker Pthread Number: 1

This is RAxML Worker Pthread Number: 5

This is RAxML Worker Pthread Number: 4

This is RAxML Worker Pthread Number: 2

This is RAxML Worker Pthread Number: 3

This is RAxML Worker Pthread Number: 6

This is RAxML Worker Pthread Number: 8

This is RAxML Worker Pthread Number: 7

This is RAxML Worker Pthread Number: 9

This is RAxML Worker Pthread Number: 10

This is RAxML Worker Pthread Number: 12

This is RAxML Worker Pthread Number: 13

This is RAxML Worker Pthread Number: 11

This is RAxML Worker Pthread Number: 14

This is RAxML Worker Pthread Number: 15

This is RAxML Worker Pthread Number: 16

This is RAxML Worker Pthread Number: 17

This is RAxML Worker Pthread Number: 19

This is RAxML Worker Pthread Number: 18


This is RAxML version 8.2.12 released by Alexandros Stamatakis on May 2018.

With greatly appreciated code contributions by:
Andre Aberer      (HITS)
Simon Berger      (HITS)
Alexey Kozlov     (HITS)
Kassian Kobert    (HITS)
David Dao         (KIT and HITS)
Sarah Lutteropp   (KIT and HITS)
Nick Pattengale   (Sandia)
Wayne Pfeiffer    (SDSC)
Akifumi S. Tanabe (NRIFS)
Charlie Taylor    (UF)


Alignment has 1168 distinct alignment patterns

Proportion of gaps and completely undetermined characters in this alignment: 5.94%

RAxML rapid bootstrapping and subsequent ML search

Using 1 distinct models/data partitions with joint branch length optimization



Executing 100 rapid bootstrap inferences and thereafter a thorough ML search 

All free model parameters will be estimated by RAxML
GAMMA model of rate heterogeneity, ML estimate of alpha-parameter

GAMMA Model parameters will be estimated up to an accuracy of 0.1000000000 Log Likelihood units

Partition: 0
Alignment Patterns: 1168
Name: No Name Provided
DataType: DNA
Substitution Matrix: GTR




RAxML was called as follows:

raxmlHPC-PTHREADS-AVX -T 20 -s scratch/aligned/pol/sample.181.fa -p 1716437191 -x 1716437191 -f a -N 100 -m GTRGAMMA -w /gpfs_home/mhowison/code/hiv-profile-sampling/scratch/trees/pol -n sample.181 



Time for BS model parameter optimization 0.055720
Bootstrap[0]: Time 0.572224 seconds, bootstrap likelihood -21453.612875, best rearrangement setting 9
Bootstrap[1]: Time 0.515380 seconds, bootstrap likelihood -19839.572528, best rearrangement setting 14
Bootstrap[2]: Time 0.490868 seconds, bootstrap likelihood -20517.394573, best rearrangement setting 11
Bootstrap[3]: Time 0.568220 seconds, bootstrap likelihood -20338.323001, best rearrangement setting 6
Bootstrap[4]: Time 0.556782 seconds, bootstrap likelihood -20512.366301, best rearrangement setting 9
Bootstrap[5]: Time 0.506343 seconds, bootstrap likelihood -20771.298362, best rearrangement setting 9
Bootstrap[6]: Time 0.551414 seconds, bootstrap likelihood -21012.570661, best rearrangement setting 14
Bootstrap[7]: Time 0.563917 seconds, bootstrap likelihood -20169.247618, best rearrangement setting 7
Bootstrap[8]: Time 0.534853 seconds, bootstrap likelihood -19857.160664, best rearrangement setting 11
Bootstrap[9]: Time 0.468090 seconds, bootstrap likelihood -20365.115751, best rearrangement setting 14
Bootstrap[10]: Time 0.485635 seconds, bootstrap likelihood -19939.444981, best rearrangement setting 8
Bootstrap[11]: Time 0.460977 seconds, bootstrap likelihood -20039.241915, best rearrangement setting 5
Bootstrap[12]: Time 0.523150 seconds, bootstrap likelihood -20521.433488, best rearrangement setting 15
Bootstrap[13]: Time 0.512007 seconds, bootstrap likelihood -20445.242100, best rearrangement setting 11
Bootstrap[14]: Time 0.536809 seconds, bootstrap likelihood -20527.346853, best rearrangement setting 8
Bootstrap[15]: Time 0.579890 seconds, bootstrap likelihood -20056.923465, best rearrangement setting 10
Bootstrap[16]: Time 0.512168 seconds, bootstrap likelihood -20516.122194, best rearrangement setting 15
Bootstrap[17]: Time 0.460288 seconds, bootstrap likelihood -20144.370033, best rearrangement setting 5
Bootstrap[18]: Time 0.584699 seconds, bootstrap likelihood -20083.747807, best rearrangement setting 10
Bootstrap[19]: Time 0.469557 seconds, bootstrap likelihood -20246.443474, best rearrangement setting 11
Bootstrap[20]: Time 0.552317 seconds, bootstrap likelihood -20217.545494, best rearrangement setting 9
Bootstrap[21]: Time 0.531634 seconds, bootstrap likelihood -20876.651913, best rearrangement setting 8
Bootstrap[22]: Time 2.140088 seconds, bootstrap likelihood -20917.957913, best rearrangement setting 7
Bootstrap[23]: Time 0.536947 seconds, bootstrap likelihood -21053.624512, best rearrangement setting 8
Bootstrap[24]: Time 0.559250 seconds, bootstrap likelihood -20008.370437, best rearrangement setting 13
Bootstrap[25]: Time 0.516651 seconds, bootstrap likelihood -21256.320429, best rearrangement setting 14
Bootstrap[26]: Time 0.427279 seconds, bootstrap likelihood -21118.395606, best rearrangement setting 10
Bootstrap[27]: Time 0.432851 seconds, bootstrap likelihood -20350.068886, best rearrangement setting 15
Bootstrap[28]: Time 0.492336 seconds, bootstrap likelihood -20659.431845, best rearrangement setting 11
Bootstrap[29]: Time 0.483294 seconds, bootstrap likelihood -19480.268698, best rearrangement setting 9
Bootstrap[30]: Time 0.495088 seconds, bootstrap likelihood -20431.596737, best rearrangement setting 15
Bootstrap[31]: Time 0.500015 seconds, bootstrap likelihood -20609.223015, best rearrangement setting 8
Bootstrap[32]: Time 0.589322 seconds, bootstrap likelihood -20160.992279, best rearrangement setting 13
Bootstrap[33]: Time 0.475185 seconds, bootstrap likelihood -20436.998112, best rearrangement setting 7
Bootstrap[34]: Time 0.518963 seconds, bootstrap likelihood -20061.888380, best rearrangement setting 12
Bootstrap[35]: Time 0.936980 seconds, bootstrap likelihood -20708.376536, best rearrangement setting 8
Bootstrap[36]: Time 0.571309 seconds, bootstrap likelihood -20377.637556, best rearrangement setting 11
Bootstrap[37]: Time 0.566041 seconds, bootstrap likelihood -20865.051430, best rearrangement setting 12
Bootstrap[38]: Time 0.535133 seconds, bootstrap likelihood -21219.838291, best rearrangement setting 15
Bootstrap[39]: Time 0.559410 seconds, bootstrap likelihood -20354.985361, best rearrangement setting 8
Bootstrap[40]: Time 0.545147 seconds, bootstrap likelihood -20368.208831, best rearrangement setting 6
Bootstrap[41]: Time 4.039433 seconds, bootstrap likelihood -19921.743323, best rearrangement setting 7
Bootstrap[42]: Time 0.456710 seconds, bootstrap likelihood -20431.381739, best rearrangement setting 7
Bootstrap[43]: Time 83.232910 seconds, bootstrap likelihood -20188.467999, best rearrangement setting 8
Bootstrap[44]: Time 0.522365 seconds, bootstrap likelihood -20540.400638, best rearrangement setting 6
Bootstrap[45]: Time 0.533874 seconds, bootstrap likelihood -20370.031909, best rearrangement setting 8
Bootstrap[46]: Time 0.564341 seconds, bootstrap likelihood -20535.817887, best rearrangement setting 8
Bootstrap[47]: Time 0.571528 seconds, bootstrap likelihood -20941.120690, best rearrangement setting 7
Bootstrap[48]: Time 0.624734 seconds, bootstrap likelihood -21415.062333, best rearrangement setting 9
Bootstrap[49]: Time 0.506239 seconds, bootstrap likelihood -20870.518520, best rearrangement setting 13
Bootstrap[50]: Time 0.537721 seconds, bootstrap likelihood -20038.554258, best rearrangement setting 7
Bootstrap[51]: Time 0.522553 seconds, bootstrap likelihood -20206.354494, best rearrangement setting 10
Bootstrap[52]: Time 23.289855 seconds, bootstrap likelihood -20467.541684, best rearrangement setting 13
Bootstrap[53]: Time 8.584434 seconds, bootstrap likelihood -20311.575505, best rearrangement setting 10
Bootstrap[54]: Time 0.479866 seconds, bootstrap likelihood -21052.416136, best rearrangement setting 14
Bootstrap[55]: Time 0.616666 seconds, bootstrap likelihood -19955.841074, best rearrangement setting 15
Bootstrap[56]: Time 0.580943 seconds, bootstrap likelihood -20156.094297, best rearrangement setting 9
Bootstrap[57]: Time 0.485858 seconds, bootstrap likelihood -20099.686135, best rearrangement setting 11
Bootstrap[58]: Time 0.482784 seconds, bootstrap likelihood -19829.985250, best rearrangement setting 11
Bootstrap[59]: Time 0.486228 seconds, bootstrap likelihood -20626.957150, best rearrangement setting 15
Bootstrap[60]: Time 0.451936 seconds, bootstrap likelihood -20219.894490, best rearrangement setting 5
Bootstrap[61]: Time 0.475805 seconds, bootstrap likelihood -20681.806518, best rearrangement setting 6
Bootstrap[62]: Time 0.560574 seconds, bootstrap likelihood -20053.628211, best rearrangement setting 11
Bootstrap[63]: Time 0.477526 seconds, bootstrap likelihood -20445.648052, best rearrangement setting 5
Bootstrap[64]: Time 0.507116 seconds, bootstrap likelihood -20058.278902, best rearrangement setting 8
Bootstrap[65]: Time 2.661119 seconds, bootstrap likelihood -20647.414267, best rearrangement setting 9
Bootstrap[66]: Time 1.026322 seconds, bootstrap likelihood -20720.309562, best rearrangement setting 14
Bootstrap[67]: Time 6.896251 seconds, bootstrap likelihood -20430.496575, best rearrangement setting 15
Bootstrap[68]: Time 0.570409 seconds, bootstrap likelihood -20724.645309, best rearrangement setting 9
Bootstrap[69]: Time 0.471967 seconds, bootstrap likelihood -20938.355412, best rearrangement setting 8
Bootstrap[70]: Time 0.501837 seconds, bootstrap likelihood -21380.788591, best rearrangement setting 15
Bootstrap[71]: Time 0.465819 seconds, bootstrap likelihood -20208.705676, best rearrangement setting 10
Bootstrap[72]: Time 0.521916 seconds, bootstrap likelihood -19813.203688, best rearrangement setting 8
Bootstrap[73]: Time 0.518449 seconds, bootstrap likelihood -20481.115198, best rearrangement setting 10
Bootstrap[74]: Time 0.472565 seconds, bootstrap likelihood -20688.668136, best rearrangement setting 14
Bootstrap[75]: Time 0.548997 seconds, bootstrap likelihood -20222.352041, best rearrangement setting 13
Bootstrap[76]: Time 0.465094 seconds, bootstrap likelihood -20148.118694, best rearrangement setting 14
Bootstrap[77]: Time 0.452970 seconds, bootstrap likelihood -20530.425063, best rearrangement setting 6
Bootstrap[78]: Time 0.519001 seconds, bootstrap likelihood -19828.851047, best rearrangement setting 13
Bootstrap[79]: Time 0.506319 seconds, bootstrap likelihood -20134.908637, best rearrangement setting 15
Bootstrap[80]: Time 0.484179 seconds, bootstrap likelihood -20502.164098, best rearrangement setting 9
Bootstrap[81]: Time 0.968972 seconds, bootstrap likelihood -20873.859256, best rearrangement setting 10
Bootstrap[82]: Time 2.593199 seconds, bootstrap likelihood -20401.019562, best rearrangement setting 9
Bootstrap[83]: Time 0.482157 seconds, bootstrap likelihood -20247.692323, best rearrangement setting 11
Bootstrap[84]: Time 0.439441 seconds, bootstrap likelihood -20431.375403, best rearrangement setting 5
Bootstrap[85]: Time 0.379935 seconds, bootstrap likelihood -20630.769794, best rearrangement setting 5
Bootstrap[86]: Time 0.509668 seconds, bootstrap likelihood -20996.265233, best rearrangement setting 7
Bootstrap[87]: Time 0.482915 seconds, bootstrap likelihood -20672.621854, best rearrangement setting 10
Bootstrap[88]: Time 0.607617 seconds, bootstrap likelihood -20601.236752, best rearrangement setting 14
Bootstrap[89]: Time 1.108392 seconds, bootstrap likelihood -20765.360479, best rearrangement setting 8
Bootstrap[90]: Time 1.391637 seconds, bootstrap likelihood -20448.933040, best rearrangement setting 14
Bootstrap[91]: Time 0.536247 seconds, bootstrap likelihood -20765.147854, best rearrangement setting 7
Bootstrap[92]: Time 0.513915 seconds, bootstrap likelihood -20507.940303, best rearrangement setting 11
Bootstrap[93]: Time 3.597844 seconds, bootstrap likelihood -20522.617094, best rearrangement setting 14
Bootstrap[94]: Time 0.450473 seconds, bootstrap likelihood -20670.374184, best rearrangement setting 5
Bootstrap[95]: Time 0.532603 seconds, bootstrap likelihood -20420.894557, best rearrangement setting 15
Bootstrap[96]: Time 4.068125 seconds, bootstrap likelihood -20901.273236, best rearrangement setting 6
Bootstrap[97]: Time 3.626677 seconds, bootstrap likelihood -20503.554292, best rearrangement setting 7
Bootstrap[98]: Time 0.510089 seconds, bootstrap likelihood -21218.845135, best rearrangement setting 14
Bootstrap[99]: Time 0.461779 seconds, bootstrap likelihood -20409.141833, best rearrangement setting 7


Overall Time for 100 Rapid Bootstraps 193.398719 seconds
Average Time per Rapid Bootstrap 1.933987 seconds

Starting ML Search ...

Fast ML optimization finished

Fast ML search Time: 78.026420 seconds

Slow ML Search 0 Likelihood: -20625.888347
Slow ML Search 1 Likelihood: -20625.888347
Slow ML Search 2 Likelihood: -20625.888346
Slow ML Search 3 Likelihood: -20625.888347
Slow ML Search 4 Likelihood: -20625.897632
Slow ML Search 5 Likelihood: -20625.902745
Slow ML Search 6 Likelihood: -20626.234582
Slow ML Search 7 Likelihood: -20627.965090
Slow ML Search 8 Likelihood: -20627.965091
Slow ML Search 9 Likelihood: -20627.965091
Slow ML optimization finished

Slow ML search Time: 9.490456 seconds
Thorough ML search Time: 2.887542 seconds

Final ML Optimization Likelihood: -20625.888446

Model Information:

Model Parameters of Partition 0, Name: No Name Provided, Type of Data: DNA
alpha: 0.294735
Tree-Length: 1.558314
rate A <-> C: 2.720214
rate A <-> G: 9.930924
rate A <-> T: 1.045111
rate C <-> G: 1.179311
rate C <-> T: 12.106884
rate G <-> T: 1.000000

freq pi(A): 0.390326
freq pi(C): 0.166064
freq pi(G): 0.227215
freq pi(T): 0.216394


ML search took 90.411331 secs or 0.025114 hours

Combined Bootstrap and ML search took 283.810205 secs or 0.078836 hours

Drawing Bootstrap Support Values on best-scoring ML tree ...



Found 1 tree in File /gpfs_home/mhowison/code/hiv-profile-sampling/scratch/trees/pol/RAxML_bestTree.sample.181



Found 1 tree in File /gpfs_home/mhowison/code/hiv-profile-sampling/scratch/trees/pol/RAxML_bestTree.sample.181

Program execution info written to /gpfs_home/mhowison/code/hiv-profile-sampling/scratch/trees/pol/RAxML_info.sample.181
All 100 bootstrapped trees written to: /gpfs_home/mhowison/code/hiv-profile-sampling/scratch/trees/pol/RAxML_bootstrap.sample.181

Best-scoring ML tree written to: /gpfs_home/mhowison/code/hiv-profile-sampling/scratch/trees/pol/RAxML_bestTree.sample.181

Best-scoring ML tree with support values written to: /gpfs_home/mhowison/code/hiv-profile-sampling/scratch/trees/pol/RAxML_bipartitions.sample.181

Best-scoring ML tree with support values as branch labels written to: /gpfs_home/mhowison/code/hiv-profile-sampling/scratch/trees/pol/RAxML_bipartitionsBranchLabels.sample.181

Overall execution time for full ML analysis: 283.814643 secs or 0.078837 hours or 0.003285 days

