srun: job 262037 queued and waiting for resources
srun: job 262037 has been allocated resources
Warning, you specified a working directory via "-w"
Keep in mind that RAxML only accepts absolute path names, not relative ones!

RAxML can't, parse the alignment file as phylip file 
it will now try to parse it as FASTA file



Using BFGS method to optimize GTR rate parameters, to disable this specify "--no-bfgs" 


This is the RAxML Master Pthread

This is RAxML Worker Pthread Number: 2

This is RAxML Worker Pthread Number: 4

This is RAxML Worker Pthread Number: 1

This is RAxML Worker Pthread Number: 3

This is RAxML Worker Pthread Number: 5

This is RAxML Worker Pthread Number: 6

This is RAxML Worker Pthread Number: 7

This is RAxML Worker Pthread Number: 8

This is RAxML Worker Pthread Number: 9

This is RAxML Worker Pthread Number: 10

This is RAxML Worker Pthread Number: 11

This is RAxML Worker Pthread Number: 13

This is RAxML Worker Pthread Number: 14

This is RAxML Worker Pthread Number: 12

This is RAxML Worker Pthread Number: 15

This is RAxML Worker Pthread Number: 17

This is RAxML Worker Pthread Number: 16

This is RAxML Worker Pthread Number: 18

This is RAxML Worker Pthread Number: 19


This is RAxML version 8.2.12 released by Alexandros Stamatakis on May 2018.

With greatly appreciated code contributions by:
Andre Aberer      (HITS)
Simon Berger      (HITS)
Alexey Kozlov     (HITS)
Kassian Kobert    (HITS)
David Dao         (KIT and HITS)
Sarah Lutteropp   (KIT and HITS)
Nick Pattengale   (Sandia)
Wayne Pfeiffer    (SDSC)
Akifumi S. Tanabe (NRIFS)
Charlie Taylor    (UF)


Alignment has 1175 distinct alignment patterns

Proportion of gaps and completely undetermined characters in this alignment: 5.94%

RAxML rapid bootstrapping and subsequent ML search

Using 1 distinct models/data partitions with joint branch length optimization



Executing 100 rapid bootstrap inferences and thereafter a thorough ML search 

All free model parameters will be estimated by RAxML
GAMMA model of rate heterogeneity, ML estimate of alpha-parameter

GAMMA Model parameters will be estimated up to an accuracy of 0.1000000000 Log Likelihood units

Partition: 0
Alignment Patterns: 1175
Name: No Name Provided
DataType: DNA
Substitution Matrix: GTR




RAxML was called as follows:

raxmlHPC-PTHREADS-AVX -T 20 -s scratch/aligned/pol/sample.321.fa -p 2303874956 -x 2303874956 -f a -N 100 -m GTRGAMMA -w /gpfs_home/mhowison/code/hiv-profile-sampling/scratch/trees/pol -n sample.321 



Time for BS model parameter optimization 0.051720
Bootstrap[0]: Time 0.527413 seconds, bootstrap likelihood -21465.440400, best rearrangement setting 8
Bootstrap[1]: Time 0.600595 seconds, bootstrap likelihood -19965.496200, best rearrangement setting 15
Bootstrap[2]: Time 0.618035 seconds, bootstrap likelihood -20908.420357, best rearrangement setting 13
Bootstrap[3]: Time 0.631327 seconds, bootstrap likelihood -20831.164192, best rearrangement setting 9
Bootstrap[4]: Time 0.456232 seconds, bootstrap likelihood -20354.389205, best rearrangement setting 8
Bootstrap[5]: Time 0.423174 seconds, bootstrap likelihood -20558.389102, best rearrangement setting 5
Bootstrap[6]: Time 0.578877 seconds, bootstrap likelihood -20729.293955, best rearrangement setting 13
Bootstrap[7]: Time 0.844254 seconds, bootstrap likelihood -20225.591719, best rearrangement setting 10
Bootstrap[8]: Time 0.571603 seconds, bootstrap likelihood -20677.173941, best rearrangement setting 11
Bootstrap[9]: Time 0.595329 seconds, bootstrap likelihood -20752.197911, best rearrangement setting 11
Bootstrap[10]: Time 0.527803 seconds, bootstrap likelihood -20696.807741, best rearrangement setting 6
Bootstrap[11]: Time 0.531120 seconds, bootstrap likelihood -20168.945134, best rearrangement setting 10
Bootstrap[12]: Time 0.531331 seconds, bootstrap likelihood -20641.097671, best rearrangement setting 7
Bootstrap[13]: Time 0.616787 seconds, bootstrap likelihood -20281.217964, best rearrangement setting 10
Bootstrap[14]: Time 0.562902 seconds, bootstrap likelihood -20637.325472, best rearrangement setting 11
Bootstrap[15]: Time 0.569373 seconds, bootstrap likelihood -20119.961048, best rearrangement setting 8
Bootstrap[16]: Time 0.424595 seconds, bootstrap likelihood -20339.772253, best rearrangement setting 5
Bootstrap[17]: Time 0.451255 seconds, bootstrap likelihood -20247.000914, best rearrangement setting 6
Bootstrap[18]: Time 0.505309 seconds, bootstrap likelihood -20454.987986, best rearrangement setting 5
Bootstrap[19]: Time 0.491200 seconds, bootstrap likelihood -21116.382941, best rearrangement setting 9
Bootstrap[20]: Time 0.462016 seconds, bootstrap likelihood -20856.860245, best rearrangement setting 15
Bootstrap[21]: Time 0.460156 seconds, bootstrap likelihood -19931.849205, best rearrangement setting 10
Bootstrap[22]: Time 0.538181 seconds, bootstrap likelihood -20042.347563, best rearrangement setting 14
Bootstrap[23]: Time 0.441066 seconds, bootstrap likelihood -20461.328234, best rearrangement setting 5
Bootstrap[24]: Time 0.570846 seconds, bootstrap likelihood -20425.556149, best rearrangement setting 12
Bootstrap[25]: Time 0.522771 seconds, bootstrap likelihood -21353.509554, best rearrangement setting 7
Bootstrap[26]: Time 0.501247 seconds, bootstrap likelihood -20438.862742, best rearrangement setting 7
Bootstrap[27]: Time 0.573926 seconds, bootstrap likelihood -20748.558428, best rearrangement setting 14
Bootstrap[28]: Time 0.567465 seconds, bootstrap likelihood -20338.024724, best rearrangement setting 9
Bootstrap[29]: Time 0.488612 seconds, bootstrap likelihood -20675.755114, best rearrangement setting 12
Bootstrap[30]: Time 0.511650 seconds, bootstrap likelihood -20223.290450, best rearrangement setting 12
Bootstrap[31]: Time 0.525774 seconds, bootstrap likelihood -20256.881265, best rearrangement setting 10
Bootstrap[32]: Time 0.499463 seconds, bootstrap likelihood -20188.477361, best rearrangement setting 15
Bootstrap[33]: Time 0.478954 seconds, bootstrap likelihood -19780.160857, best rearrangement setting 8
Bootstrap[34]: Time 5.019522 seconds, bootstrap likelihood -21256.653597, best rearrangement setting 14
Bootstrap[35]: Time 75.614485 seconds, bootstrap likelihood -21012.547148, best rearrangement setting 14
Bootstrap[36]: Time 10.583193 seconds, bootstrap likelihood -20328.811377, best rearrangement setting 8
Bootstrap[37]: Time 0.475197 seconds, bootstrap likelihood -20390.494498, best rearrangement setting 8
Bootstrap[38]: Time 0.445870 seconds, bootstrap likelihood -20206.582088, best rearrangement setting 10
Bootstrap[39]: Time 0.561353 seconds, bootstrap likelihood -20482.201431, best rearrangement setting 15
Bootstrap[40]: Time 0.472667 seconds, bootstrap likelihood -20796.067645, best rearrangement setting 7
Bootstrap[41]: Time 0.507276 seconds, bootstrap likelihood -21060.336787, best rearrangement setting 7
Bootstrap[42]: Time 0.490009 seconds, bootstrap likelihood -20741.787871, best rearrangement setting 5
Bootstrap[43]: Time 2.479246 seconds, bootstrap likelihood -20265.923290, best rearrangement setting 13
Bootstrap[44]: Time 0.400307 seconds, bootstrap likelihood -20581.912808, best rearrangement setting 5
Bootstrap[45]: Time 0.501412 seconds, bootstrap likelihood -20481.215449, best rearrangement setting 13
Bootstrap[46]: Time 0.418271 seconds, bootstrap likelihood -20159.479238, best rearrangement setting 8
Bootstrap[47]: Time 0.464324 seconds, bootstrap likelihood -21084.084278, best rearrangement setting 7
Bootstrap[48]: Time 0.556048 seconds, bootstrap likelihood -19924.721958, best rearrangement setting 6
Bootstrap[49]: Time 0.452548 seconds, bootstrap likelihood -20264.538170, best rearrangement setting 7
Bootstrap[50]: Time 0.444128 seconds, bootstrap likelihood -20274.850182, best rearrangement setting 11
Bootstrap[51]: Time 0.622241 seconds, bootstrap likelihood -20787.548758, best rearrangement setting 15
Bootstrap[52]: Time 0.529288 seconds, bootstrap likelihood -20830.379158, best rearrangement setting 8
Bootstrap[53]: Time 0.416902 seconds, bootstrap likelihood -20802.956478, best rearrangement setting 5
Bootstrap[54]: Time 0.525629 seconds, bootstrap likelihood -20114.149054, best rearrangement setting 15
Bootstrap[55]: Time 0.479310 seconds, bootstrap likelihood -21516.169745, best rearrangement setting 7
Bootstrap[56]: Time 4.069265 seconds, bootstrap likelihood -20751.491426, best rearrangement setting 8
Bootstrap[57]: Time 5.325893 seconds, bootstrap likelihood -20314.968942, best rearrangement setting 14
Bootstrap[58]: Time 0.558473 seconds, bootstrap likelihood -20949.491484, best rearrangement setting 13
Bootstrap[59]: Time 0.441694 seconds, bootstrap likelihood -20373.846096, best rearrangement setting 5
Bootstrap[60]: Time 3.941265 seconds, bootstrap likelihood -20618.360148, best rearrangement setting 13
Bootstrap[61]: Time 0.448892 seconds, bootstrap likelihood -20653.897653, best rearrangement setting 12
Bootstrap[62]: Time 0.468991 seconds, bootstrap likelihood -19765.690334, best rearrangement setting 10
Bootstrap[63]: Time 0.581085 seconds, bootstrap likelihood -20469.812549, best rearrangement setting 7
Bootstrap[64]: Time 0.524953 seconds, bootstrap likelihood -21196.595951, best rearrangement setting 6
Bootstrap[65]: Time 0.520050 seconds, bootstrap likelihood -20871.920643, best rearrangement setting 13
Bootstrap[66]: Time 0.466527 seconds, bootstrap likelihood -21210.514599, best rearrangement setting 15
Bootstrap[67]: Time 0.490014 seconds, bootstrap likelihood -20782.277085, best rearrangement setting 12
Bootstrap[68]: Time 0.843645 seconds, bootstrap likelihood -20350.241957, best rearrangement setting 13
Bootstrap[69]: Time 0.486108 seconds, bootstrap likelihood -20950.494594, best rearrangement setting 9
Bootstrap[70]: Time 0.543715 seconds, bootstrap likelihood -21078.646242, best rearrangement setting 13
Bootstrap[71]: Time 0.464076 seconds, bootstrap likelihood -20177.202599, best rearrangement setting 14
Bootstrap[72]: Time 0.550943 seconds, bootstrap likelihood -20285.673516, best rearrangement setting 11
Bootstrap[73]: Time 0.429900 seconds, bootstrap likelihood -20696.667716, best rearrangement setting 10
Bootstrap[74]: Time 0.502412 seconds, bootstrap likelihood -20580.366711, best rearrangement setting 13
Bootstrap[75]: Time 2.544396 seconds, bootstrap likelihood -20779.491362, best rearrangement setting 6
Bootstrap[76]: Time 0.456033 seconds, bootstrap likelihood -20066.777729, best rearrangement setting 7
Bootstrap[77]: Time 0.518989 seconds, bootstrap likelihood -20287.904553, best rearrangement setting 12
Bootstrap[78]: Time 0.438779 seconds, bootstrap likelihood -20911.807488, best rearrangement setting 5
Bootstrap[79]: Time 0.517451 seconds, bootstrap likelihood -20593.183734, best rearrangement setting 11
Bootstrap[80]: Time 0.474381 seconds, bootstrap likelihood -20931.719268, best rearrangement setting 10
Bootstrap[81]: Time 0.583409 seconds, bootstrap likelihood -20570.292658, best rearrangement setting 9
Bootstrap[82]: Time 0.462929 seconds, bootstrap likelihood -20439.906631, best rearrangement setting 9
Bootstrap[83]: Time 0.520155 seconds, bootstrap likelihood -20115.038562, best rearrangement setting 15
Bootstrap[84]: Time 0.535727 seconds, bootstrap likelihood -20322.941199, best rearrangement setting 8
Bootstrap[85]: Time 0.470050 seconds, bootstrap likelihood -19834.691596, best rearrangement setting 11
Bootstrap[86]: Time 0.460274 seconds, bootstrap likelihood -20759.524917, best rearrangement setting 14
Bootstrap[87]: Time 0.460619 seconds, bootstrap likelihood -20603.648295, best rearrangement setting 5
Bootstrap[88]: Time 0.448281 seconds, bootstrap likelihood -20614.124150, best rearrangement setting 6
Bootstrap[89]: Time 0.571523 seconds, bootstrap likelihood -20999.590209, best rearrangement setting 8
Bootstrap[90]: Time 0.431268 seconds, bootstrap likelihood -20127.726890, best rearrangement setting 5
Bootstrap[91]: Time 0.484519 seconds, bootstrap likelihood -20214.473236, best rearrangement setting 8
Bootstrap[92]: Time 0.555152 seconds, bootstrap likelihood -20476.954728, best rearrangement setting 13
Bootstrap[93]: Time 0.486715 seconds, bootstrap likelihood -20641.025338, best rearrangement setting 7
Bootstrap[94]: Time 0.893897 seconds, bootstrap likelihood -21289.972078, best rearrangement setting 9
Bootstrap[95]: Time 0.442354 seconds, bootstrap likelihood -20851.383627, best rearrangement setting 5
Bootstrap[96]: Time 0.499904 seconds, bootstrap likelihood -19923.535629, best rearrangement setting 13
Bootstrap[97]: Time 0.482379 seconds, bootstrap likelihood -20397.494640, best rearrangement setting 14
Bootstrap[98]: Time 0.482943 seconds, bootstrap likelihood -20461.566785, best rearrangement setting 14
Bootstrap[99]: Time 0.414532 seconds, bootstrap likelihood -20704.807001, best rearrangement setting 5


Overall Time for 100 Rapid Bootstraps 157.009850 seconds
Average Time per Rapid Bootstrap 1.570099 seconds

Starting ML Search ...

Fast ML optimization finished

Fast ML search Time: 74.576569 seconds

Slow ML Search 0 Likelihood: -20650.519008
Slow ML Search 1 Likelihood: -20651.585854
Slow ML Search 2 Likelihood: -20651.585854
Slow ML Search 3 Likelihood: -20652.488616
Slow ML Search 4 Likelihood: -20652.488616
Slow ML Search 5 Likelihood: -20652.488615
Slow ML Search 6 Likelihood: -20652.488616
Slow ML Search 7 Likelihood: -20652.750230
Slow ML Search 8 Likelihood: -20655.995575
Slow ML Search 9 Likelihood: -20656.053093
Slow ML optimization finished

Slow ML search Time: 9.121593 seconds
Thorough ML search Time: 1.147576 seconds

Final ML Optimization Likelihood: -20650.519008

Model Information:

Model Parameters of Partition 0, Name: No Name Provided, Type of Data: DNA
alpha: 0.299419
Tree-Length: 1.608297
rate A <-> C: 2.559198
rate A <-> G: 9.669856
rate A <-> T: 1.032645
rate C <-> G: 0.994310
rate C <-> T: 12.267414
rate G <-> T: 1.000000

freq pi(A): 0.390039
freq pi(C): 0.166036
freq pi(G): 0.227311
freq pi(T): 0.216614


ML search took 84.853554 secs or 0.023570 hours

Combined Bootstrap and ML search took 241.863540 secs or 0.067184 hours

Drawing Bootstrap Support Values on best-scoring ML tree ...



Found 1 tree in File /gpfs_home/mhowison/code/hiv-profile-sampling/scratch/trees/pol/RAxML_bestTree.sample.321



Found 1 tree in File /gpfs_home/mhowison/code/hiv-profile-sampling/scratch/trees/pol/RAxML_bestTree.sample.321

Program execution info written to /gpfs_home/mhowison/code/hiv-profile-sampling/scratch/trees/pol/RAxML_info.sample.321
All 100 bootstrapped trees written to: /gpfs_home/mhowison/code/hiv-profile-sampling/scratch/trees/pol/RAxML_bootstrap.sample.321

Best-scoring ML tree written to: /gpfs_home/mhowison/code/hiv-profile-sampling/scratch/trees/pol/RAxML_bestTree.sample.321

Best-scoring ML tree with support values written to: /gpfs_home/mhowison/code/hiv-profile-sampling/scratch/trees/pol/RAxML_bipartitions.sample.321

Best-scoring ML tree with support values as branch labels written to: /gpfs_home/mhowison/code/hiv-profile-sampling/scratch/trees/pol/RAxML_bipartitionsBranchLabels.sample.321

Overall execution time for full ML analysis: 241.867855 secs or 0.067186 hours or 0.002799 days

