srun: job 262197 queued and waiting for resources
srun: job 262197 has been allocated resources
Warning, you specified a working directory via "-w"
Keep in mind that RAxML only accepts absolute path names, not relative ones!

RAxML can't, parse the alignment file as phylip file 
it will now try to parse it as FASTA file



Using BFGS method to optimize GTR rate parameters, to disable this specify "--no-bfgs" 


This is the RAxML Master Pthread

This is RAxML Worker Pthread Number: 2

This is RAxML Worker Pthread Number: 1

This is RAxML Worker Pthread Number: 4

This is RAxML Worker Pthread Number: 3

This is RAxML Worker Pthread Number: 5

This is RAxML Worker Pthread Number: 6

This is RAxML Worker Pthread Number: 7

This is RAxML Worker Pthread Number: 8

This is RAxML Worker Pthread Number: 11

This is RAxML Worker Pthread Number: 9

This is RAxML Worker Pthread Number: 10

This is RAxML Worker Pthread Number: 12

This is RAxML Worker Pthread Number: 13

This is RAxML Worker Pthread Number: 14

This is RAxML Worker Pthread Number: 16

This is RAxML Worker Pthread Number: 17

This is RAxML Worker Pthread Number: 15

This is RAxML Worker Pthread Number: 18

This is RAxML Worker Pthread Number: 19


This is RAxML version 8.2.12 released by Alexandros Stamatakis on May 2018.

With greatly appreciated code contributions by:
Andre Aberer      (HITS)
Simon Berger      (HITS)
Alexey Kozlov     (HITS)
Kassian Kobert    (HITS)
David Dao         (KIT and HITS)
Sarah Lutteropp   (KIT and HITS)
Nick Pattengale   (Sandia)
Wayne Pfeiffer    (SDSC)
Akifumi S. Tanabe (NRIFS)
Charlie Taylor    (UF)


Alignment has 1180 distinct alignment patterns

Proportion of gaps and completely undetermined characters in this alignment: 5.93%

RAxML rapid bootstrapping and subsequent ML search

Using 1 distinct models/data partitions with joint branch length optimization



Executing 100 rapid bootstrap inferences and thereafter a thorough ML search 

All free model parameters will be estimated by RAxML
GAMMA model of rate heterogeneity, ML estimate of alpha-parameter

GAMMA Model parameters will be estimated up to an accuracy of 0.1000000000 Log Likelihood units

Partition: 0
Alignment Patterns: 1180
Name: No Name Provided
DataType: DNA
Substitution Matrix: GTR




RAxML was called as follows:

raxmlHPC-PTHREADS-AVX -T 20 -s scratch/aligned/pol/sample.404.fa -p 8218149686 -x 8218149686 -f a -N 100 -m GTRGAMMA -w /gpfs_home/mhowison/code/hiv-profile-sampling/scratch/trees/pol -n sample.404 



Time for BS model parameter optimization 0.051868
Bootstrap[0]: Time 1.241596 seconds, bootstrap likelihood -20296.431527, best rearrangement setting 14
Bootstrap[1]: Time 0.507921 seconds, bootstrap likelihood -20300.200335, best rearrangement setting 7
Bootstrap[2]: Time 0.556796 seconds, bootstrap likelihood -21134.087802, best rearrangement setting 8
Bootstrap[3]: Time 0.507951 seconds, bootstrap likelihood -21027.867010, best rearrangement setting 14
Bootstrap[4]: Time 0.514672 seconds, bootstrap likelihood -20263.254656, best rearrangement setting 5
Bootstrap[5]: Time 0.519995 seconds, bootstrap likelihood -20966.915430, best rearrangement setting 11
Bootstrap[6]: Time 0.677069 seconds, bootstrap likelihood -20964.677345, best rearrangement setting 10
Bootstrap[7]: Time 0.533039 seconds, bootstrap likelihood -20291.120895, best rearrangement setting 7
Bootstrap[8]: Time 0.577092 seconds, bootstrap likelihood -20722.358098, best rearrangement setting 15
Bootstrap[9]: Time 0.463911 seconds, bootstrap likelihood -21033.130484, best rearrangement setting 7
Bootstrap[10]: Time 0.562630 seconds, bootstrap likelihood -21583.739490, best rearrangement setting 10
Bootstrap[11]: Time 0.585885 seconds, bootstrap likelihood -20975.652362, best rearrangement setting 14
Bootstrap[12]: Time 0.595655 seconds, bootstrap likelihood -20943.055249, best rearrangement setting 10
Bootstrap[13]: Time 0.631197 seconds, bootstrap likelihood -20512.866091, best rearrangement setting 12
Bootstrap[14]: Time 0.504382 seconds, bootstrap likelihood -20701.265800, best rearrangement setting 15
Bootstrap[15]: Time 0.514970 seconds, bootstrap likelihood -20867.611832, best rearrangement setting 14
Bootstrap[16]: Time 0.467596 seconds, bootstrap likelihood -20651.849672, best rearrangement setting 11
Bootstrap[17]: Time 0.600255 seconds, bootstrap likelihood -20782.714672, best rearrangement setting 11
Bootstrap[18]: Time 0.528285 seconds, bootstrap likelihood -20936.252439, best rearrangement setting 10
Bootstrap[19]: Time 0.534798 seconds, bootstrap likelihood -21015.189720, best rearrangement setting 9
Bootstrap[20]: Time 0.594188 seconds, bootstrap likelihood -19849.091906, best rearrangement setting 9
Bootstrap[21]: Time 0.560993 seconds, bootstrap likelihood -21097.479689, best rearrangement setting 12
Bootstrap[22]: Time 0.609517 seconds, bootstrap likelihood -20343.821064, best rearrangement setting 11
Bootstrap[23]: Time 0.503568 seconds, bootstrap likelihood -21069.505566, best rearrangement setting 6
Bootstrap[24]: Time 0.524948 seconds, bootstrap likelihood -20958.106561, best rearrangement setting 8
Bootstrap[25]: Time 0.534880 seconds, bootstrap likelihood -20458.635212, best rearrangement setting 11
Bootstrap[26]: Time 126.409923 seconds, bootstrap likelihood -20631.155216, best rearrangement setting 8
Bootstrap[27]: Time 0.573293 seconds, bootstrap likelihood -21361.761120, best rearrangement setting 7
Bootstrap[28]: Time 0.622740 seconds, bootstrap likelihood -20972.211761, best rearrangement setting 13
Bootstrap[29]: Time 0.518199 seconds, bootstrap likelihood -20567.062435, best rearrangement setting 7
Bootstrap[30]: Time 3.917451 seconds, bootstrap likelihood -20721.184174, best rearrangement setting 14
Bootstrap[31]: Time 4.492603 seconds, bootstrap likelihood -20971.309534, best rearrangement setting 10
Bootstrap[32]: Time 74.279360 seconds, bootstrap likelihood -20432.451735, best rearrangement setting 9
Bootstrap[33]: Time 0.553657 seconds, bootstrap likelihood -21057.990006, best rearrangement setting 15
Bootstrap[34]: Time 0.482943 seconds, bootstrap likelihood -21097.733925, best rearrangement setting 10
Bootstrap[35]: Time 0.531830 seconds, bootstrap likelihood -20754.523405, best rearrangement setting 10
Bootstrap[36]: Time 0.479769 seconds, bootstrap likelihood -20658.705564, best rearrangement setting 8
Bootstrap[37]: Time 0.578253 seconds, bootstrap likelihood -21620.387106, best rearrangement setting 12
Bootstrap[38]: Time 0.526615 seconds, bootstrap likelihood -20088.461317, best rearrangement setting 14
Bootstrap[39]: Time 0.517793 seconds, bootstrap likelihood -20657.317678, best rearrangement setting 6
Bootstrap[40]: Time 0.562244 seconds, bootstrap likelihood -20097.453523, best rearrangement setting 11
Bootstrap[41]: Time 0.446357 seconds, bootstrap likelihood -20256.669455, best rearrangement setting 5
Bootstrap[42]: Time 0.429177 seconds, bootstrap likelihood -20752.254405, best rearrangement setting 5
Bootstrap[43]: Time 0.527634 seconds, bootstrap likelihood -20733.152644, best rearrangement setting 9
Bootstrap[44]: Time 0.453380 seconds, bootstrap likelihood -20778.727218, best rearrangement setting 13
Bootstrap[45]: Time 0.515154 seconds, bootstrap likelihood -21401.397722, best rearrangement setting 10
Bootstrap[46]: Time 0.501650 seconds, bootstrap likelihood -20553.605036, best rearrangement setting 15
Bootstrap[47]: Time 0.468347 seconds, bootstrap likelihood -20322.841216, best rearrangement setting 11
Bootstrap[48]: Time 0.536935 seconds, bootstrap likelihood -20849.039779, best rearrangement setting 14
Bootstrap[49]: Time 7.161341 seconds, bootstrap likelihood -21324.851333, best rearrangement setting 15
Bootstrap[50]: Time 3.145212 seconds, bootstrap likelihood -20574.153717, best rearrangement setting 14
Bootstrap[51]: Time 5.447056 seconds, bootstrap likelihood -20880.559774, best rearrangement setting 12
Bootstrap[52]: Time 5.031016 seconds, bootstrap likelihood -20759.227044, best rearrangement setting 8
Bootstrap[53]: Time 0.807943 seconds, bootstrap likelihood -20553.992366, best rearrangement setting 10
Bootstrap[54]: Time 0.686002 seconds, bootstrap likelihood -21118.323002, best rearrangement setting 14
Bootstrap[55]: Time 0.508856 seconds, bootstrap likelihood -21023.871750, best rearrangement setting 10
Bootstrap[56]: Time 2.823617 seconds, bootstrap likelihood -20515.749738, best rearrangement setting 7
Bootstrap[57]: Time 5.136817 seconds, bootstrap likelihood -20687.888337, best rearrangement setting 6
Bootstrap[58]: Time 0.575167 seconds, bootstrap likelihood -20220.553058, best rearrangement setting 13
Bootstrap[59]: Time 0.566258 seconds, bootstrap likelihood -21527.426625, best rearrangement setting 14
Bootstrap[60]: Time 0.411829 seconds, bootstrap likelihood -20573.935727, best rearrangement setting 5
Bootstrap[61]: Time 0.565211 seconds, bootstrap likelihood -20611.869965, best rearrangement setting 15
Bootstrap[62]: Time 4.979766 seconds, bootstrap likelihood -20825.625471, best rearrangement setting 7
Bootstrap[63]: Time 3.045506 seconds, bootstrap likelihood -20306.103345, best rearrangement setting 10
Bootstrap[64]: Time 0.505018 seconds, bootstrap likelihood -20321.347266, best rearrangement setting 6
Bootstrap[65]: Time 8.945357 seconds, bootstrap likelihood -20777.898007, best rearrangement setting 7
Bootstrap[66]: Time 0.495782 seconds, bootstrap likelihood -20564.930822, best rearrangement setting 8
Bootstrap[67]: Time 0.578607 seconds, bootstrap likelihood -20743.656308, best rearrangement setting 13
Bootstrap[68]: Time 0.592863 seconds, bootstrap likelihood -20712.091096, best rearrangement setting 14
Bootstrap[69]: Time 0.555450 seconds, bootstrap likelihood -20754.014352, best rearrangement setting 8
Bootstrap[70]: Time 0.560963 seconds, bootstrap likelihood -20674.175989, best rearrangement setting 15
Bootstrap[71]: Time 0.521967 seconds, bootstrap likelihood -20166.692173, best rearrangement setting 8
Bootstrap[72]: Time 0.509637 seconds, bootstrap likelihood -20565.480126, best rearrangement setting 10
Bootstrap[73]: Time 0.561420 seconds, bootstrap likelihood -20849.750630, best rearrangement setting 7
Bootstrap[74]: Time 0.544884 seconds, bootstrap likelihood -19923.986498, best rearrangement setting 8
Bootstrap[75]: Time 0.569068 seconds, bootstrap likelihood -21065.415704, best rearrangement setting 15
Bootstrap[76]: Time 0.586908 seconds, bootstrap likelihood -20861.299925, best rearrangement setting 8
Bootstrap[77]: Time 0.415269 seconds, bootstrap likelihood -21607.483153, best rearrangement setting 5
Bootstrap[78]: Time 0.455609 seconds, bootstrap likelihood -21234.663355, best rearrangement setting 8
Bootstrap[79]: Time 0.487218 seconds, bootstrap likelihood -20329.933645, best rearrangement setting 15
Bootstrap[80]: Time 0.511677 seconds, bootstrap likelihood -20103.927558, best rearrangement setting 11
Bootstrap[81]: Time 0.513551 seconds, bootstrap likelihood -20877.465634, best rearrangement setting 8
Bootstrap[82]: Time 0.589891 seconds, bootstrap likelihood -20977.682122, best rearrangement setting 12
Bootstrap[83]: Time 0.471930 seconds, bootstrap likelihood -20898.238238, best rearrangement setting 6
Bootstrap[84]: Time 5.479510 seconds, bootstrap likelihood -20310.138678, best rearrangement setting 9
Bootstrap[85]: Time 0.596499 seconds, bootstrap likelihood -20613.014633, best rearrangement setting 9
Bootstrap[86]: Time 1.527541 seconds, bootstrap likelihood -21155.094604, best rearrangement setting 12
Bootstrap[87]: Time 2.907296 seconds, bootstrap likelihood -20976.310856, best rearrangement setting 7
Bootstrap[88]: Time 1.799924 seconds, bootstrap likelihood -20048.000928, best rearrangement setting 8
Bootstrap[89]: Time 0.508907 seconds, bootstrap likelihood -21156.843430, best rearrangement setting 7
Bootstrap[90]: Time 0.515124 seconds, bootstrap likelihood -20614.374761, best rearrangement setting 12
Bootstrap[91]: Time 0.527078 seconds, bootstrap likelihood -21071.167010, best rearrangement setting 9
Bootstrap[92]: Time 0.487094 seconds, bootstrap likelihood -20938.782554, best rearrangement setting 7
Bootstrap[93]: Time 0.496992 seconds, bootstrap likelihood -20532.387266, best rearrangement setting 7
Bootstrap[94]: Time 0.661666 seconds, bootstrap likelihood -20725.442565, best rearrangement setting 12
Bootstrap[95]: Time 0.596588 seconds, bootstrap likelihood -21032.476329, best rearrangement setting 9
Bootstrap[96]: Time 3.809517 seconds, bootstrap likelihood -20326.796915, best rearrangement setting 8
Bootstrap[97]: Time 0.430106 seconds, bootstrap likelihood -20520.227778, best rearrangement setting 12
Bootstrap[98]: Time 0.460651 seconds, bootstrap likelihood -21061.223812, best rearrangement setting 5
Bootstrap[99]: Time 0.440957 seconds, bootstrap likelihood -20444.010384, best rearrangement setting 5


Overall Time for 100 Rapid Bootstraps 315.034443 seconds
Average Time per Rapid Bootstrap 3.150344 seconds

Starting ML Search ...

Fast ML optimization finished

Fast ML search Time: 143.899856 seconds

Slow ML Search 0 Likelihood: -20812.864681
Slow ML Search 1 Likelihood: -20813.629253
Slow ML Search 2 Likelihood: -20813.631012
Slow ML Search 3 Likelihood: -20813.795449
Slow ML Search 4 Likelihood: -20813.795449
Slow ML Search 5 Likelihood: -20813.997695
Slow ML Search 6 Likelihood: -20814.079934
Slow ML Search 7 Likelihood: -20814.302132
Slow ML Search 8 Likelihood: -20814.302132
Slow ML Search 9 Likelihood: -20814.405703
Slow ML optimization finished

Slow ML search Time: 25.945996 seconds
Thorough ML search Time: 1.144595 seconds

Final ML Optimization Likelihood: -20812.864682

Model Information:

Model Parameters of Partition 0, Name: No Name Provided, Type of Data: DNA
alpha: 0.309912
Tree-Length: 1.589833
rate A <-> C: 2.520203
rate A <-> G: 9.378525
rate A <-> T: 1.036924
rate C <-> G: 1.015286
rate C <-> T: 11.232452
rate G <-> T: 1.000000

freq pi(A): 0.390002
freq pi(C): 0.165888
freq pi(G): 0.227632
freq pi(T): 0.216478


ML search took 170.997656 secs or 0.047499 hours

Combined Bootstrap and ML search took 486.032295 secs or 0.135009 hours

Drawing Bootstrap Support Values on best-scoring ML tree ...



Found 1 tree in File /gpfs_home/mhowison/code/hiv-profile-sampling/scratch/trees/pol/RAxML_bestTree.sample.404



Found 1 tree in File /gpfs_home/mhowison/code/hiv-profile-sampling/scratch/trees/pol/RAxML_bestTree.sample.404

Program execution info written to /gpfs_home/mhowison/code/hiv-profile-sampling/scratch/trees/pol/RAxML_info.sample.404
All 100 bootstrapped trees written to: /gpfs_home/mhowison/code/hiv-profile-sampling/scratch/trees/pol/RAxML_bootstrap.sample.404

Best-scoring ML tree written to: /gpfs_home/mhowison/code/hiv-profile-sampling/scratch/trees/pol/RAxML_bestTree.sample.404

Best-scoring ML tree with support values written to: /gpfs_home/mhowison/code/hiv-profile-sampling/scratch/trees/pol/RAxML_bipartitions.sample.404

Best-scoring ML tree with support values as branch labels written to: /gpfs_home/mhowison/code/hiv-profile-sampling/scratch/trees/pol/RAxML_bipartitionsBranchLabels.sample.404

Overall execution time for full ML analysis: 486.036975 secs or 0.135010 hours or 0.005625 days

