srun: job 262081 queued and waiting for resources
srun: job 262081 has been allocated resources
Warning, you specified a working directory via "-w"
Keep in mind that RAxML only accepts absolute path names, not relative ones!

RAxML can't, parse the alignment file as phylip file 
it will now try to parse it as FASTA file



Using BFGS method to optimize GTR rate parameters, to disable this specify "--no-bfgs" 


This is the RAxML Master Pthread

This is RAxML Worker Pthread Number: 1

This is RAxML Worker Pthread Number: 3

This is RAxML Worker Pthread Number: 2

This is RAxML Worker Pthread Number: 5

This is RAxML Worker Pthread Number: 4

This is RAxML Worker Pthread Number: 7

This is RAxML Worker Pthread Number: 6

This is RAxML Worker Pthread Number: 8

This is RAxML Worker Pthread Number: 9

This is RAxML Worker Pthread Number: 10

This is RAxML Worker Pthread Number: 11

This is RAxML Worker Pthread Number: 13

This is RAxML Worker Pthread Number: 12

This is RAxML Worker Pthread Number: 14

This is RAxML Worker Pthread Number: 16

This is RAxML Worker Pthread Number: 15

This is RAxML Worker Pthread Number: 17

This is RAxML Worker Pthread Number: 18

This is RAxML Worker Pthread Number: 19


This is RAxML version 8.2.12 released by Alexandros Stamatakis on May 2018.

With greatly appreciated code contributions by:
Andre Aberer      (HITS)
Simon Berger      (HITS)
Alexey Kozlov     (HITS)
Kassian Kobert    (HITS)
David Dao         (KIT and HITS)
Sarah Lutteropp   (KIT and HITS)
Nick Pattengale   (Sandia)
Wayne Pfeiffer    (SDSC)
Akifumi S. Tanabe (NRIFS)
Charlie Taylor    (UF)


Alignment has 1164 distinct alignment patterns

Proportion of gaps and completely undetermined characters in this alignment: 5.94%

RAxML rapid bootstrapping and subsequent ML search

Using 1 distinct models/data partitions with joint branch length optimization



Executing 100 rapid bootstrap inferences and thereafter a thorough ML search 

All free model parameters will be estimated by RAxML
GAMMA model of rate heterogeneity, ML estimate of alpha-parameter

GAMMA Model parameters will be estimated up to an accuracy of 0.1000000000 Log Likelihood units

Partition: 0
Alignment Patterns: 1164
Name: No Name Provided
DataType: DNA
Substitution Matrix: GTR




RAxML was called as follows:

raxmlHPC-PTHREADS-AVX -T 20 -s scratch/aligned/pol/sample.333.fa -p 5684145967 -x 5684145967 -f a -N 100 -m GTRGAMMA -w /gpfs_home/mhowison/code/hiv-profile-sampling/scratch/trees/pol -n sample.333 



Time for BS model parameter optimization 0.044457
Bootstrap[0]: Time 0.614565 seconds, bootstrap likelihood -20262.283197, best rearrangement setting 11
Bootstrap[1]: Time 0.446492 seconds, bootstrap likelihood -20336.291329, best rearrangement setting 15
Bootstrap[2]: Time 0.487685 seconds, bootstrap likelihood -20779.874035, best rearrangement setting 13
Bootstrap[3]: Time 0.454169 seconds, bootstrap likelihood -20461.826146, best rearrangement setting 5
Bootstrap[4]: Time 0.523965 seconds, bootstrap likelihood -20769.750086, best rearrangement setting 7
Bootstrap[5]: Time 0.541704 seconds, bootstrap likelihood -20678.328721, best rearrangement setting 11
Bootstrap[6]: Time 0.587045 seconds, bootstrap likelihood -21416.895789, best rearrangement setting 12
Bootstrap[7]: Time 0.442374 seconds, bootstrap likelihood -21065.681194, best rearrangement setting 14
Bootstrap[8]: Time 0.504798 seconds, bootstrap likelihood -21454.879177, best rearrangement setting 15
Bootstrap[9]: Time 0.486140 seconds, bootstrap likelihood -20780.784349, best rearrangement setting 15
Bootstrap[10]: Time 0.455678 seconds, bootstrap likelihood -20068.632157, best rearrangement setting 6
Bootstrap[11]: Time 0.579110 seconds, bootstrap likelihood -20195.149471, best rearrangement setting 14
Bootstrap[12]: Time 0.407535 seconds, bootstrap likelihood -20604.171821, best rearrangement setting 5
Bootstrap[13]: Time 0.419173 seconds, bootstrap likelihood -20171.748676, best rearrangement setting 5
Bootstrap[14]: Time 0.523747 seconds, bootstrap likelihood -20163.982517, best rearrangement setting 6
Bootstrap[15]: Time 0.483530 seconds, bootstrap likelihood -20462.347529, best rearrangement setting 7
Bootstrap[16]: Time 0.462357 seconds, bootstrap likelihood -20460.366440, best rearrangement setting 5
Bootstrap[17]: Time 0.528734 seconds, bootstrap likelihood -20331.887986, best rearrangement setting 11
Bootstrap[18]: Time 0.539411 seconds, bootstrap likelihood -20704.004045, best rearrangement setting 14
Bootstrap[19]: Time 0.424072 seconds, bootstrap likelihood -21219.893206, best rearrangement setting 5
Bootstrap[20]: Time 0.502095 seconds, bootstrap likelihood -20779.527191, best rearrangement setting 11
Bootstrap[21]: Time 0.392073 seconds, bootstrap likelihood -20717.298484, best rearrangement setting 5
Bootstrap[22]: Time 0.429478 seconds, bootstrap likelihood -20678.589766, best rearrangement setting 9
Bootstrap[23]: Time 0.475894 seconds, bootstrap likelihood -20954.818800, best rearrangement setting 12
Bootstrap[24]: Time 0.494624 seconds, bootstrap likelihood -20360.647771, best rearrangement setting 7
Bootstrap[25]: Time 0.452626 seconds, bootstrap likelihood -20374.636007, best rearrangement setting 9
Bootstrap[26]: Time 0.458996 seconds, bootstrap likelihood -20554.657064, best rearrangement setting 5
Bootstrap[27]: Time 0.401239 seconds, bootstrap likelihood -20438.747542, best rearrangement setting 12
Bootstrap[28]: Time 0.429842 seconds, bootstrap likelihood -20683.844627, best rearrangement setting 5
Bootstrap[29]: Time 0.544269 seconds, bootstrap likelihood -20421.511177, best rearrangement setting 14
Bootstrap[30]: Time 0.519981 seconds, bootstrap likelihood -21079.641918, best rearrangement setting 14
Bootstrap[31]: Time 0.531457 seconds, bootstrap likelihood -20861.658884, best rearrangement setting 12
Bootstrap[32]: Time 0.475862 seconds, bootstrap likelihood -20186.214530, best rearrangement setting 13
Bootstrap[33]: Time 0.500059 seconds, bootstrap likelihood -20831.997238, best rearrangement setting 11
Bootstrap[34]: Time 0.497851 seconds, bootstrap likelihood -20645.087993, best rearrangement setting 8
Bootstrap[35]: Time 0.398017 seconds, bootstrap likelihood -20902.668071, best rearrangement setting 5
Bootstrap[36]: Time 0.438331 seconds, bootstrap likelihood -19630.574170, best rearrangement setting 6
Bootstrap[37]: Time 0.533071 seconds, bootstrap likelihood -20554.766061, best rearrangement setting 10
Bootstrap[38]: Time 0.518382 seconds, bootstrap likelihood -20334.549801, best rearrangement setting 10
Bootstrap[39]: Time 0.558099 seconds, bootstrap likelihood -20084.893410, best rearrangement setting 14
Bootstrap[40]: Time 0.826056 seconds, bootstrap likelihood -20411.365242, best rearrangement setting 12
Bootstrap[41]: Time 0.581382 seconds, bootstrap likelihood -20651.675727, best rearrangement setting 13
Bootstrap[42]: Time 0.531402 seconds, bootstrap likelihood -20993.853787, best rearrangement setting 6
Bootstrap[43]: Time 0.478135 seconds, bootstrap likelihood -20708.939803, best rearrangement setting 14
Bootstrap[44]: Time 0.439061 seconds, bootstrap likelihood -20182.507591, best rearrangement setting 11
Bootstrap[45]: Time 0.408919 seconds, bootstrap likelihood -20384.740703, best rearrangement setting 6
Bootstrap[46]: Time 0.516642 seconds, bootstrap likelihood -20112.322222, best rearrangement setting 10
Bootstrap[47]: Time 0.492916 seconds, bootstrap likelihood -20737.182179, best rearrangement setting 9
Bootstrap[48]: Time 0.473498 seconds, bootstrap likelihood -19825.512271, best rearrangement setting 7
Bootstrap[49]: Time 0.464005 seconds, bootstrap likelihood -20302.067389, best rearrangement setting 8
Bootstrap[50]: Time 0.449612 seconds, bootstrap likelihood -20822.454502, best rearrangement setting 12
Bootstrap[51]: Time 0.490999 seconds, bootstrap likelihood -20423.785895, best rearrangement setting 8
Bootstrap[52]: Time 0.475185 seconds, bootstrap likelihood -21176.169881, best rearrangement setting 15
Bootstrap[53]: Time 0.515728 seconds, bootstrap likelihood -20377.435755, best rearrangement setting 7
Bootstrap[54]: Time 0.388101 seconds, bootstrap likelihood -21765.440392, best rearrangement setting 8
Bootstrap[55]: Time 0.543762 seconds, bootstrap likelihood -20191.922985, best rearrangement setting 13
Bootstrap[56]: Time 0.551403 seconds, bootstrap likelihood -20664.408786, best rearrangement setting 7
Bootstrap[57]: Time 0.532349 seconds, bootstrap likelihood -20308.470319, best rearrangement setting 9
Bootstrap[58]: Time 0.479216 seconds, bootstrap likelihood -20982.403073, best rearrangement setting 9
Bootstrap[59]: Time 0.505880 seconds, bootstrap likelihood -20518.929667, best rearrangement setting 12
Bootstrap[60]: Time 0.582956 seconds, bootstrap likelihood -20320.320767, best rearrangement setting 7
Bootstrap[61]: Time 0.444755 seconds, bootstrap likelihood -21261.534615, best rearrangement setting 7
Bootstrap[62]: Time 0.446463 seconds, bootstrap likelihood -20136.350880, best rearrangement setting 5
Bootstrap[63]: Time 0.491490 seconds, bootstrap likelihood -20303.864982, best rearrangement setting 6
Bootstrap[64]: Time 0.417499 seconds, bootstrap likelihood -20908.474138, best rearrangement setting 6
Bootstrap[65]: Time 0.570716 seconds, bootstrap likelihood -20530.562828, best rearrangement setting 14
Bootstrap[66]: Time 0.530332 seconds, bootstrap likelihood -20393.775695, best rearrangement setting 12
Bootstrap[67]: Time 0.494069 seconds, bootstrap likelihood -21183.014044, best rearrangement setting 12
Bootstrap[68]: Time 0.449082 seconds, bootstrap likelihood -20767.064140, best rearrangement setting 7
Bootstrap[69]: Time 0.507431 seconds, bootstrap likelihood -20753.120146, best rearrangement setting 15
Bootstrap[70]: Time 0.513763 seconds, bootstrap likelihood -21118.597622, best rearrangement setting 8
Bootstrap[71]: Time 0.542228 seconds, bootstrap likelihood -20184.252212, best rearrangement setting 8
Bootstrap[72]: Time 0.537705 seconds, bootstrap likelihood -20249.190953, best rearrangement setting 10
Bootstrap[73]: Time 0.560085 seconds, bootstrap likelihood -21211.812393, best rearrangement setting 11
Bootstrap[74]: Time 0.497949 seconds, bootstrap likelihood -20426.158110, best rearrangement setting 5
Bootstrap[75]: Time 0.571292 seconds, bootstrap likelihood -20567.497601, best rearrangement setting 7
Bootstrap[76]: Time 0.441753 seconds, bootstrap likelihood -21017.252033, best rearrangement setting 13
Bootstrap[77]: Time 0.477266 seconds, bootstrap likelihood -20558.209805, best rearrangement setting 6
Bootstrap[78]: Time 0.553222 seconds, bootstrap likelihood -20130.798549, best rearrangement setting 9
Bootstrap[79]: Time 0.532298 seconds, bootstrap likelihood -20288.861877, best rearrangement setting 6
Bootstrap[80]: Time 0.525789 seconds, bootstrap likelihood -21442.265286, best rearrangement setting 15
Bootstrap[81]: Time 0.557544 seconds, bootstrap likelihood -20697.776843, best rearrangement setting 15
Bootstrap[82]: Time 0.576020 seconds, bootstrap likelihood -20075.209402, best rearrangement setting 15
Bootstrap[83]: Time 0.570737 seconds, bootstrap likelihood -20011.277660, best rearrangement setting 14
Bootstrap[84]: Time 0.496202 seconds, bootstrap likelihood -19968.760417, best rearrangement setting 11
Bootstrap[85]: Time 0.518366 seconds, bootstrap likelihood -20935.900247, best rearrangement setting 6
Bootstrap[86]: Time 0.448885 seconds, bootstrap likelihood -20799.211854, best rearrangement setting 6
Bootstrap[87]: Time 0.455202 seconds, bootstrap likelihood -21510.643054, best rearrangement setting 5
Bootstrap[88]: Time 0.468244 seconds, bootstrap likelihood -20943.999333, best rearrangement setting 7
Bootstrap[89]: Time 0.466233 seconds, bootstrap likelihood -20322.057165, best rearrangement setting 15
Bootstrap[90]: Time 0.550477 seconds, bootstrap likelihood -20684.353308, best rearrangement setting 11
Bootstrap[91]: Time 0.464442 seconds, bootstrap likelihood -20549.440468, best rearrangement setting 14
Bootstrap[92]: Time 0.526512 seconds, bootstrap likelihood -20307.880594, best rearrangement setting 15
Bootstrap[93]: Time 0.549216 seconds, bootstrap likelihood -20844.265271, best rearrangement setting 14
Bootstrap[94]: Time 0.536635 seconds, bootstrap likelihood -20714.670465, best rearrangement setting 10
Bootstrap[95]: Time 0.552391 seconds, bootstrap likelihood -20493.686199, best rearrangement setting 7
Bootstrap[96]: Time 0.436584 seconds, bootstrap likelihood -20729.036098, best rearrangement setting 5
Bootstrap[97]: Time 0.518923 seconds, bootstrap likelihood -20825.112663, best rearrangement setting 11
Bootstrap[98]: Time 0.412665 seconds, bootstrap likelihood -20804.390229, best rearrangement setting 10
Bootstrap[99]: Time 0.554740 seconds, bootstrap likelihood -20528.424397, best rearrangement setting 10


Overall Time for 100 Rapid Bootstraps 49.996488 seconds
Average Time per Rapid Bootstrap 0.499965 seconds

Starting ML Search ...

Fast ML optimization finished

Fast ML search Time: 45.504439 seconds

Slow ML Search 0 Likelihood: -20679.964803
Slow ML Search 1 Likelihood: -20680.384502
Slow ML Search 2 Likelihood: -20680.384502
Slow ML Search 3 Likelihood: -20680.463665
Slow ML Search 4 Likelihood: -20680.514970
Slow ML Search 5 Likelihood: -20680.633532
Slow ML Search 6 Likelihood: -20681.178649
Slow ML Search 7 Likelihood: -20681.125800
Slow ML Search 8 Likelihood: -20681.185388
Slow ML Search 9 Likelihood: -20681.185388
Slow ML optimization finished

Slow ML search Time: 8.917767 seconds
Thorough ML search Time: 1.109522 seconds

Final ML Optimization Likelihood: -20679.964803

Model Information:

Model Parameters of Partition 0, Name: No Name Provided, Type of Data: DNA
alpha: 0.298924
Tree-Length: 1.581244
rate A <-> C: 2.336791
rate A <-> G: 8.971879
rate A <-> T: 0.973746
rate C <-> G: 1.071008
rate C <-> T: 10.927223
rate G <-> T: 1.000000

freq pi(A): 0.390095
freq pi(C): 0.165935
freq pi(G): 0.227457
freq pi(T): 0.216512


ML search took 55.663804 secs or 0.015462 hours

Combined Bootstrap and ML search took 105.660401 secs or 0.029350 hours

Drawing Bootstrap Support Values on best-scoring ML tree ...



Found 1 tree in File /gpfs_home/mhowison/code/hiv-profile-sampling/scratch/trees/pol/RAxML_bestTree.sample.333



Found 1 tree in File /gpfs_home/mhowison/code/hiv-profile-sampling/scratch/trees/pol/RAxML_bestTree.sample.333

Program execution info written to /gpfs_home/mhowison/code/hiv-profile-sampling/scratch/trees/pol/RAxML_info.sample.333
All 100 bootstrapped trees written to: /gpfs_home/mhowison/code/hiv-profile-sampling/scratch/trees/pol/RAxML_bootstrap.sample.333

Best-scoring ML tree written to: /gpfs_home/mhowison/code/hiv-profile-sampling/scratch/trees/pol/RAxML_bestTree.sample.333

Best-scoring ML tree with support values written to: /gpfs_home/mhowison/code/hiv-profile-sampling/scratch/trees/pol/RAxML_bipartitions.sample.333

Best-scoring ML tree with support values as branch labels written to: /gpfs_home/mhowison/code/hiv-profile-sampling/scratch/trees/pol/RAxML_bipartitionsBranchLabels.sample.333

Overall execution time for full ML analysis: 105.707402 secs or 0.029363 hours or 0.001223 days

