srun: job 262636 queued and waiting for resources
srun: job 262636 has been allocated resources
Warning, you specified a working directory via "-w"
Keep in mind that RAxML only accepts absolute path names, not relative ones!

RAxML can't, parse the alignment file as phylip file 
it will now try to parse it as FASTA file



Using BFGS method to optimize GTR rate parameters, to disable this specify "--no-bfgs" 


This is the RAxML Master Pthread

This is RAxML Worker Pthread Number: 1

This is RAxML Worker Pthread Number: 2

This is RAxML Worker Pthread Number: 3

This is RAxML Worker Pthread Number: 4

This is RAxML Worker Pthread Number: 5

This is RAxML Worker Pthread Number: 6

This is RAxML Worker Pthread Number: 8

This is RAxML Worker Pthread Number: 7

This is RAxML Worker Pthread Number: 9

This is RAxML Worker Pthread Number: 11

This is RAxML Worker Pthread Number: 10

This is RAxML Worker Pthread Number: 12

This is RAxML Worker Pthread Number: 14

This is RAxML Worker Pthread Number: 13

This is RAxML Worker Pthread Number: 15

This is RAxML Worker Pthread Number: 16

This is RAxML Worker Pthread Number: 17

This is RAxML Worker Pthread Number: 18

This is RAxML Worker Pthread Number: 19


This is RAxML version 8.2.12 released by Alexandros Stamatakis on May 2018.

With greatly appreciated code contributions by:
Andre Aberer      (HITS)
Simon Berger      (HITS)
Alexey Kozlov     (HITS)
Kassian Kobert    (HITS)
David Dao         (KIT and HITS)
Sarah Lutteropp   (KIT and HITS)
Nick Pattengale   (Sandia)
Wayne Pfeiffer    (SDSC)
Akifumi S. Tanabe (NRIFS)
Charlie Taylor    (UF)


Alignment has 1185 distinct alignment patterns

Proportion of gaps and completely undetermined characters in this alignment: 5.95%

RAxML rapid bootstrapping and subsequent ML search

Using 1 distinct models/data partitions with joint branch length optimization



Executing 100 rapid bootstrap inferences and thereafter a thorough ML search 

All free model parameters will be estimated by RAxML
GAMMA model of rate heterogeneity, ML estimate of alpha-parameter

GAMMA Model parameters will be estimated up to an accuracy of 0.1000000000 Log Likelihood units

Partition: 0
Alignment Patterns: 1185
Name: No Name Provided
DataType: DNA
Substitution Matrix: GTR




RAxML was called as follows:

raxmlHPC-PTHREADS-AVX -T 20 -s scratch/aligned/pol/sample.483.fa -p 1690686630 -x 1690686630 -f a -N 100 -m GTRGAMMA -w /gpfs_home/mhowison/code/hiv-profile-sampling/scratch/trees/pol -n sample.483 



Time for BS model parameter optimization 0.053580
Bootstrap[0]: Time 0.710807 seconds, bootstrap likelihood -21301.986895, best rearrangement setting 12
Bootstrap[1]: Time 0.516162 seconds, bootstrap likelihood -21024.803836, best rearrangement setting 5
Bootstrap[2]: Time 0.633941 seconds, bootstrap likelihood -20481.940646, best rearrangement setting 10
Bootstrap[3]: Time 0.617217 seconds, bootstrap likelihood -20021.580299, best rearrangement setting 15
Bootstrap[4]: Time 0.578980 seconds, bootstrap likelihood -20392.861242, best rearrangement setting 8
Bootstrap[5]: Time 0.467301 seconds, bootstrap likelihood -20292.695254, best rearrangement setting 5
Bootstrap[6]: Time 0.490073 seconds, bootstrap likelihood -20829.705644, best rearrangement setting 10
Bootstrap[7]: Time 0.594213 seconds, bootstrap likelihood -20319.506472, best rearrangement setting 10
Bootstrap[8]: Time 0.565876 seconds, bootstrap likelihood -20552.048578, best rearrangement setting 10
Bootstrap[9]: Time 0.573223 seconds, bootstrap likelihood -20017.419905, best rearrangement setting 15
Bootstrap[10]: Time 0.588059 seconds, bootstrap likelihood -19984.932051, best rearrangement setting 8
Bootstrap[11]: Time 0.597706 seconds, bootstrap likelihood -20516.528508, best rearrangement setting 10
Bootstrap[12]: Time 0.413285 seconds, bootstrap likelihood -20552.366302, best rearrangement setting 5
Bootstrap[13]: Time 0.494127 seconds, bootstrap likelihood -20207.278340, best rearrangement setting 13
Bootstrap[14]: Time 0.581794 seconds, bootstrap likelihood -20884.309087, best rearrangement setting 7
Bootstrap[15]: Time 0.554748 seconds, bootstrap likelihood -20569.350871, best rearrangement setting 15
Bootstrap[16]: Time 0.486238 seconds, bootstrap likelihood -19800.930406, best rearrangement setting 5
Bootstrap[17]: Time 0.597773 seconds, bootstrap likelihood -20183.734123, best rearrangement setting 10
Bootstrap[18]: Time 0.592137 seconds, bootstrap likelihood -19904.485918, best rearrangement setting 10
Bootstrap[19]: Time 0.531105 seconds, bootstrap likelihood -20330.863308, best rearrangement setting 9
Bootstrap[20]: Time 0.568158 seconds, bootstrap likelihood -20260.126742, best rearrangement setting 13
Bootstrap[21]: Time 0.436763 seconds, bootstrap likelihood -20667.298623, best rearrangement setting 5
Bootstrap[22]: Time 0.470523 seconds, bootstrap likelihood -21220.495650, best rearrangement setting 9
Bootstrap[23]: Time 0.491127 seconds, bootstrap likelihood -20532.143598, best rearrangement setting 11
Bootstrap[24]: Time 0.501113 seconds, bootstrap likelihood -20198.428037, best rearrangement setting 11
Bootstrap[25]: Time 0.547247 seconds, bootstrap likelihood -21040.062649, best rearrangement setting 10
Bootstrap[26]: Time 0.580404 seconds, bootstrap likelihood -20690.823083, best rearrangement setting 6
Bootstrap[27]: Time 0.637423 seconds, bootstrap likelihood -20818.932330, best rearrangement setting 14
Bootstrap[28]: Time 0.539645 seconds, bootstrap likelihood -20278.475806, best rearrangement setting 12
Bootstrap[29]: Time 0.595525 seconds, bootstrap likelihood -20707.640508, best rearrangement setting 15
Bootstrap[30]: Time 0.580584 seconds, bootstrap likelihood -20919.617183, best rearrangement setting 9
Bootstrap[31]: Time 0.525424 seconds, bootstrap likelihood -21029.941071, best rearrangement setting 13
Bootstrap[32]: Time 0.622279 seconds, bootstrap likelihood -20444.319426, best rearrangement setting 10
Bootstrap[33]: Time 0.545119 seconds, bootstrap likelihood -20645.741166, best rearrangement setting 8
Bootstrap[34]: Time 0.514759 seconds, bootstrap likelihood -21346.183250, best rearrangement setting 13
Bootstrap[35]: Time 0.560406 seconds, bootstrap likelihood -20498.719604, best rearrangement setting 12
Bootstrap[36]: Time 0.668620 seconds, bootstrap likelihood -20173.705512, best rearrangement setting 13
Bootstrap[37]: Time 0.549633 seconds, bootstrap likelihood -20907.402016, best rearrangement setting 7
Bootstrap[38]: Time 0.520152 seconds, bootstrap likelihood -20172.720461, best rearrangement setting 5
Bootstrap[39]: Time 0.584060 seconds, bootstrap likelihood -21306.160588, best rearrangement setting 7
Bootstrap[40]: Time 0.502552 seconds, bootstrap likelihood -21293.670305, best rearrangement setting 6
Bootstrap[41]: Time 0.553619 seconds, bootstrap likelihood -20740.986416, best rearrangement setting 7
Bootstrap[42]: Time 0.539903 seconds, bootstrap likelihood -21020.519779, best rearrangement setting 14
Bootstrap[43]: Time 0.638811 seconds, bootstrap likelihood -20161.892001, best rearrangement setting 12
Bootstrap[44]: Time 0.506784 seconds, bootstrap likelihood -21044.166748, best rearrangement setting 5
Bootstrap[45]: Time 0.541777 seconds, bootstrap likelihood -21016.825853, best rearrangement setting 15
Bootstrap[46]: Time 0.537199 seconds, bootstrap likelihood -20498.038676, best rearrangement setting 6
Bootstrap[47]: Time 0.544585 seconds, bootstrap likelihood -20340.374689, best rearrangement setting 7
Bootstrap[48]: Time 0.581946 seconds, bootstrap likelihood -20661.026527, best rearrangement setting 6
Bootstrap[49]: Time 0.624575 seconds, bootstrap likelihood -20080.609343, best rearrangement setting 12
Bootstrap[50]: Time 0.566971 seconds, bootstrap likelihood -20152.162893, best rearrangement setting 15
Bootstrap[51]: Time 0.594073 seconds, bootstrap likelihood -21323.978676, best rearrangement setting 15
Bootstrap[52]: Time 0.647889 seconds, bootstrap likelihood -20431.244745, best rearrangement setting 13
Bootstrap[53]: Time 0.438141 seconds, bootstrap likelihood -20079.705306, best rearrangement setting 5
Bootstrap[54]: Time 0.617042 seconds, bootstrap likelihood -20666.751893, best rearrangement setting 9
Bootstrap[55]: Time 0.616005 seconds, bootstrap likelihood -20601.879457, best rearrangement setting 12
Bootstrap[56]: Time 0.555253 seconds, bootstrap likelihood -20195.615184, best rearrangement setting 15
Bootstrap[57]: Time 0.524434 seconds, bootstrap likelihood -20551.152483, best rearrangement setting 5
Bootstrap[58]: Time 0.481189 seconds, bootstrap likelihood -20918.880896, best rearrangement setting 5
Bootstrap[59]: Time 0.552927 seconds, bootstrap likelihood -20209.104948, best rearrangement setting 12
Bootstrap[60]: Time 0.628342 seconds, bootstrap likelihood -20723.851065, best rearrangement setting 15
Bootstrap[61]: Time 0.624653 seconds, bootstrap likelihood -20317.557154, best rearrangement setting 7
Bootstrap[62]: Time 0.543938 seconds, bootstrap likelihood -20355.581621, best rearrangement setting 15
Bootstrap[63]: Time 0.534500 seconds, bootstrap likelihood -21446.790504, best rearrangement setting 13
Bootstrap[64]: Time 0.588279 seconds, bootstrap likelihood -21160.332245, best rearrangement setting 13
Bootstrap[65]: Time 0.507133 seconds, bootstrap likelihood -20870.811655, best rearrangement setting 13
Bootstrap[66]: Time 0.626283 seconds, bootstrap likelihood -20258.472268, best rearrangement setting 14
Bootstrap[67]: Time 0.602021 seconds, bootstrap likelihood -20097.034015, best rearrangement setting 10
Bootstrap[68]: Time 0.616376 seconds, bootstrap likelihood -20111.720289, best rearrangement setting 13
Bootstrap[69]: Time 0.565559 seconds, bootstrap likelihood -20331.464142, best rearrangement setting 8
Bootstrap[70]: Time 0.664797 seconds, bootstrap likelihood -20716.972894, best rearrangement setting 9
Bootstrap[71]: Time 0.669336 seconds, bootstrap likelihood -20867.598548, best rearrangement setting 14
Bootstrap[72]: Time 0.530954 seconds, bootstrap likelihood -21513.142810, best rearrangement setting 15
Bootstrap[73]: Time 0.586602 seconds, bootstrap likelihood -21292.490268, best rearrangement setting 14
Bootstrap[74]: Time 0.524807 seconds, bootstrap likelihood -21148.017957, best rearrangement setting 10
Bootstrap[75]: Time 0.534845 seconds, bootstrap likelihood -20252.362402, best rearrangement setting 11
Bootstrap[76]: Time 0.587860 seconds, bootstrap likelihood -20953.862078, best rearrangement setting 13
Bootstrap[77]: Time 0.509339 seconds, bootstrap likelihood -20405.552075, best rearrangement setting 9
Bootstrap[78]: Time 0.576841 seconds, bootstrap likelihood -20674.484466, best rearrangement setting 6
Bootstrap[79]: Time 0.535627 seconds, bootstrap likelihood -20789.223532, best rearrangement setting 11
Bootstrap[80]: Time 0.573954 seconds, bootstrap likelihood -21019.487157, best rearrangement setting 13
Bootstrap[81]: Time 0.495191 seconds, bootstrap likelihood -19523.948296, best rearrangement setting 8
Bootstrap[82]: Time 0.579292 seconds, bootstrap likelihood -20904.516929, best rearrangement setting 13
Bootstrap[83]: Time 0.579599 seconds, bootstrap likelihood -20168.482432, best rearrangement setting 15
Bootstrap[84]: Time 0.566515 seconds, bootstrap likelihood -20817.741674, best rearrangement setting 10
Bootstrap[85]: Time 0.709606 seconds, bootstrap likelihood -20062.632266, best rearrangement setting 14
Bootstrap[86]: Time 0.658284 seconds, bootstrap likelihood -20559.821626, best rearrangement setting 10
Bootstrap[87]: Time 0.545767 seconds, bootstrap likelihood -20733.393517, best rearrangement setting 11
Bootstrap[88]: Time 0.544285 seconds, bootstrap likelihood -20580.409098, best rearrangement setting 13
Bootstrap[89]: Time 0.576216 seconds, bootstrap likelihood -21236.868564, best rearrangement setting 12
Bootstrap[90]: Time 0.468951 seconds, bootstrap likelihood -21533.302725, best rearrangement setting 5
Bootstrap[91]: Time 0.449382 seconds, bootstrap likelihood -20813.027650, best rearrangement setting 5
Bootstrap[92]: Time 0.513865 seconds, bootstrap likelihood -20282.394002, best rearrangement setting 6
Bootstrap[93]: Time 0.573776 seconds, bootstrap likelihood -20525.929350, best rearrangement setting 14
Bootstrap[94]: Time 0.475714 seconds, bootstrap likelihood -21052.595355, best rearrangement setting 6
Bootstrap[95]: Time 0.541534 seconds, bootstrap likelihood -20821.211488, best rearrangement setting 15
Bootstrap[96]: Time 0.577120 seconds, bootstrap likelihood -20530.228715, best rearrangement setting 10
Bootstrap[97]: Time 0.498987 seconds, bootstrap likelihood -20819.523844, best rearrangement setting 8
Bootstrap[98]: Time 0.524003 seconds, bootstrap likelihood -20800.333083, best rearrangement setting 7
Bootstrap[99]: Time 0.597655 seconds, bootstrap likelihood -20291.007788, best rearrangement setting 9


Overall Time for 100 Rapid Bootstraps 56.044620 seconds
Average Time per Rapid Bootstrap 0.560446 seconds

Starting ML Search ...

Fast ML optimization finished

Fast ML search Time: 49.952056 seconds

Slow ML Search 0 Likelihood: -20648.196367
Slow ML Search 1 Likelihood: -20648.573597
Slow ML Search 2 Likelihood: -20649.012461
Slow ML Search 3 Likelihood: -20649.012461
Slow ML Search 4 Likelihood: -20649.304209
Slow ML Search 5 Likelihood: -20649.930095
Slow ML Search 6 Likelihood: -20651.588845
Slow ML Search 7 Likelihood: -20652.587580
Slow ML Search 8 Likelihood: -20652.971044
Slow ML Search 9 Likelihood: -20652.963064
Slow ML optimization finished

Slow ML search Time: 10.161185 seconds
Thorough ML search Time: 1.153698 seconds

Final ML Optimization Likelihood: -20648.196366

Model Information:

Model Parameters of Partition 0, Name: No Name Provided, Type of Data: DNA
alpha: 0.306840
Tree-Length: 1.602328
rate A <-> C: 2.343184
rate A <-> G: 8.612212
rate A <-> T: 0.879732
rate C <-> G: 0.894422
rate C <-> T: 10.849156
rate G <-> T: 1.000000

freq pi(A): 0.389987
freq pi(C): 0.166069
freq pi(G): 0.227503
freq pi(T): 0.216442


ML search took 61.277396 secs or 0.017021 hours

Combined Bootstrap and ML search took 117.322158 secs or 0.032589 hours

Drawing Bootstrap Support Values on best-scoring ML tree ...



Found 1 tree in File /gpfs_home/mhowison/code/hiv-profile-sampling/scratch/trees/pol/RAxML_bestTree.sample.483



Found 1 tree in File /gpfs_home/mhowison/code/hiv-profile-sampling/scratch/trees/pol/RAxML_bestTree.sample.483

Program execution info written to /gpfs_home/mhowison/code/hiv-profile-sampling/scratch/trees/pol/RAxML_info.sample.483
All 100 bootstrapped trees written to: /gpfs_home/mhowison/code/hiv-profile-sampling/scratch/trees/pol/RAxML_bootstrap.sample.483

Best-scoring ML tree written to: /gpfs_home/mhowison/code/hiv-profile-sampling/scratch/trees/pol/RAxML_bestTree.sample.483

Best-scoring ML tree with support values written to: /gpfs_home/mhowison/code/hiv-profile-sampling/scratch/trees/pol/RAxML_bipartitions.sample.483

Best-scoring ML tree with support values as branch labels written to: /gpfs_home/mhowison/code/hiv-profile-sampling/scratch/trees/pol/RAxML_bipartitionsBranchLabels.sample.483

Overall execution time for full ML analysis: 117.326279 secs or 0.032591 hours or 0.001358 days

