srun: job 261613 queued and waiting for resources
srun: job 261613 has been allocated resources
Warning, you specified a working directory via "-w"
Keep in mind that RAxML only accepts absolute path names, not relative ones!

RAxML can't, parse the alignment file as phylip file 
it will now try to parse it as FASTA file



Using BFGS method to optimize GTR rate parameters, to disable this specify "--no-bfgs" 


This is the RAxML Master Pthread

This is RAxML Worker Pthread Number: 1

This is RAxML Worker Pthread Number: 4

This is RAxML Worker Pthread Number: 2

This is RAxML Worker Pthread Number: 3

This is RAxML Worker Pthread Number: 5

This is RAxML Worker Pthread Number: 6

This is RAxML Worker Pthread Number: 7

This is RAxML Worker Pthread Number: 8

This is RAxML Worker Pthread Number: 10

This is RAxML Worker Pthread Number: 11

This is RAxML Worker Pthread Number: 9

This is RAxML Worker Pthread Number: 14

This is RAxML Worker Pthread Number: 12

This is RAxML Worker Pthread Number: 13

This is RAxML Worker Pthread Number: 16

This is RAxML Worker Pthread Number: 15

This is RAxML Worker Pthread Number: 17

This is RAxML Worker Pthread Number: 18

This is RAxML Worker Pthread Number: 19


This is RAxML version 8.2.12 released by Alexandros Stamatakis on May 2018.

With greatly appreciated code contributions by:
Andre Aberer      (HITS)
Simon Berger      (HITS)
Alexey Kozlov     (HITS)
Kassian Kobert    (HITS)
David Dao         (KIT and HITS)
Sarah Lutteropp   (KIT and HITS)
Nick Pattengale   (Sandia)
Wayne Pfeiffer    (SDSC)
Akifumi S. Tanabe (NRIFS)
Charlie Taylor    (UF)


Alignment has 1177 distinct alignment patterns

Proportion of gaps and completely undetermined characters in this alignment: 5.94%

RAxML rapid bootstrapping and subsequent ML search

Using 1 distinct models/data partitions with joint branch length optimization



Executing 100 rapid bootstrap inferences and thereafter a thorough ML search 

All free model parameters will be estimated by RAxML
GAMMA model of rate heterogeneity, ML estimate of alpha-parameter

GAMMA Model parameters will be estimated up to an accuracy of 0.1000000000 Log Likelihood units

Partition: 0
Alignment Patterns: 1177
Name: No Name Provided
DataType: DNA
Substitution Matrix: GTR




RAxML was called as follows:

raxmlHPC-PTHREADS-AVX -T 20 -s scratch/aligned/pol/sample.166.fa -p 4940401689 -x 4940401689 -f a -N 100 -m GTRGAMMA -w /gpfs_home/mhowison/code/hiv-profile-sampling/scratch/trees/pol -n sample.166 



Time for BS model parameter optimization 0.051342
Bootstrap[0]: Time 1.155605 seconds, bootstrap likelihood -20576.658313, best rearrangement setting 12
Bootstrap[1]: Time 0.475998 seconds, bootstrap likelihood -21559.648602, best rearrangement setting 11
Bootstrap[2]: Time 0.424530 seconds, bootstrap likelihood -20985.376228, best rearrangement setting 6
Bootstrap[3]: Time 0.527098 seconds, bootstrap likelihood -20769.336558, best rearrangement setting 12
Bootstrap[4]: Time 2.020432 seconds, bootstrap likelihood -20733.224950, best rearrangement setting 10
Bootstrap[5]: Time 0.582116 seconds, bootstrap likelihood -20669.684385, best rearrangement setting 12
Bootstrap[6]: Time 0.598543 seconds, bootstrap likelihood -20456.899447, best rearrangement setting 8
Bootstrap[7]: Time 0.488951 seconds, bootstrap likelihood -20635.259910, best rearrangement setting 13
Bootstrap[8]: Time 0.570948 seconds, bootstrap likelihood -20551.294313, best rearrangement setting 8
Bootstrap[9]: Time 0.539046 seconds, bootstrap likelihood -20669.701778, best rearrangement setting 11
Bootstrap[10]: Time 0.490273 seconds, bootstrap likelihood -20863.214227, best rearrangement setting 9
Bootstrap[11]: Time 0.484849 seconds, bootstrap likelihood -19803.309070, best rearrangement setting 6
Bootstrap[12]: Time 0.393317 seconds, bootstrap likelihood -21281.788935, best rearrangement setting 5
Bootstrap[13]: Time 2.512089 seconds, bootstrap likelihood -20041.390575, best rearrangement setting 10
Bootstrap[14]: Time 0.558052 seconds, bootstrap likelihood -20428.492981, best rearrangement setting 13
Bootstrap[15]: Time 0.473202 seconds, bootstrap likelihood -20714.672430, best rearrangement setting 6
Bootstrap[16]: Time 0.463203 seconds, bootstrap likelihood -20687.305122, best rearrangement setting 5
Bootstrap[17]: Time 3.513214 seconds, bootstrap likelihood -21092.385167, best rearrangement setting 14
Bootstrap[18]: Time 0.503250 seconds, bootstrap likelihood -21013.707034, best rearrangement setting 6
Bootstrap[19]: Time 0.445219 seconds, bootstrap likelihood -20829.283019, best rearrangement setting 14
Bootstrap[20]: Time 0.532367 seconds, bootstrap likelihood -20281.094817, best rearrangement setting 8
Bootstrap[21]: Time 0.530742 seconds, bootstrap likelihood -20667.666668, best rearrangement setting 14
Bootstrap[22]: Time 2.063806 seconds, bootstrap likelihood -21041.484056, best rearrangement setting 13
Bootstrap[23]: Time 0.418012 seconds, bootstrap likelihood -20699.574747, best rearrangement setting 5
Bootstrap[24]: Time 0.508530 seconds, bootstrap likelihood -21244.589439, best rearrangement setting 14
Bootstrap[25]: Time 0.612159 seconds, bootstrap likelihood -20813.291131, best rearrangement setting 12
Bootstrap[26]: Time 0.542475 seconds, bootstrap likelihood -20492.232228, best rearrangement setting 10
Bootstrap[27]: Time 0.542914 seconds, bootstrap likelihood -20967.199111, best rearrangement setting 11
Bootstrap[28]: Time 0.496269 seconds, bootstrap likelihood -21128.600956, best rearrangement setting 14
Bootstrap[29]: Time 0.484082 seconds, bootstrap likelihood -20682.257405, best rearrangement setting 8
Bootstrap[30]: Time 1.593774 seconds, bootstrap likelihood -20746.462893, best rearrangement setting 12
Bootstrap[31]: Time 0.451845 seconds, bootstrap likelihood -20561.933280, best rearrangement setting 6
Bootstrap[32]: Time 0.523484 seconds, bootstrap likelihood -20986.480780, best rearrangement setting 7
Bootstrap[33]: Time 5.142588 seconds, bootstrap likelihood -20471.578589, best rearrangement setting 12
Bootstrap[34]: Time 0.476630 seconds, bootstrap likelihood -20433.253184, best rearrangement setting 5
Bootstrap[35]: Time 0.530900 seconds, bootstrap likelihood -20628.611525, best rearrangement setting 12
Bootstrap[36]: Time 0.480873 seconds, bootstrap likelihood -20736.600419, best rearrangement setting 13
Bootstrap[37]: Time 0.630294 seconds, bootstrap likelihood -20795.441315, best rearrangement setting 12
Bootstrap[38]: Time 0.527051 seconds, bootstrap likelihood -20977.497043, best rearrangement setting 14
Bootstrap[39]: Time 0.481509 seconds, bootstrap likelihood -20405.327739, best rearrangement setting 13
Bootstrap[40]: Time 1.775207 seconds, bootstrap likelihood -20624.922119, best rearrangement setting 7
Bootstrap[41]: Time 0.450866 seconds, bootstrap likelihood -20346.588973, best rearrangement setting 5
Bootstrap[42]: Time 0.577079 seconds, bootstrap likelihood -21054.695778, best rearrangement setting 13
Bootstrap[43]: Time 0.614023 seconds, bootstrap likelihood -19888.790165, best rearrangement setting 9
Bootstrap[44]: Time 0.511635 seconds, bootstrap likelihood -20698.061953, best rearrangement setting 10
Bootstrap[45]: Time 0.492901 seconds, bootstrap likelihood -20711.512652, best rearrangement setting 12
Bootstrap[46]: Time 0.615884 seconds, bootstrap likelihood -21248.617170, best rearrangement setting 7
Bootstrap[47]: Time 0.424122 seconds, bootstrap likelihood -20641.590741, best rearrangement setting 5
Bootstrap[48]: Time 0.461814 seconds, bootstrap likelihood -21310.856762, best rearrangement setting 9
Bootstrap[49]: Time 0.517131 seconds, bootstrap likelihood -20862.666857, best rearrangement setting 14
Bootstrap[50]: Time 0.499900 seconds, bootstrap likelihood -20323.741378, best rearrangement setting 6
Bootstrap[51]: Time 0.507319 seconds, bootstrap likelihood -20694.126923, best rearrangement setting 8
Bootstrap[52]: Time 0.522025 seconds, bootstrap likelihood -20347.151988, best rearrangement setting 11
Bootstrap[53]: Time 0.429009 seconds, bootstrap likelihood -21686.268121, best rearrangement setting 5
Bootstrap[54]: Time 0.515015 seconds, bootstrap likelihood -20060.175136, best rearrangement setting 10
Bootstrap[55]: Time 2.966096 seconds, bootstrap likelihood -20578.783743, best rearrangement setting 15
Bootstrap[56]: Time 0.495580 seconds, bootstrap likelihood -20936.622895, best rearrangement setting 5
Bootstrap[57]: Time 1.800829 seconds, bootstrap likelihood -21048.738921, best rearrangement setting 10
Bootstrap[58]: Time 0.477035 seconds, bootstrap likelihood -20316.148632, best rearrangement setting 8
Bootstrap[59]: Time 0.528939 seconds, bootstrap likelihood -20420.217729, best rearrangement setting 10
Bootstrap[60]: Time 0.565537 seconds, bootstrap likelihood -19948.862835, best rearrangement setting 12
Bootstrap[61]: Time 0.454244 seconds, bootstrap likelihood -20559.134570, best rearrangement setting 5
Bootstrap[62]: Time 0.472433 seconds, bootstrap likelihood -19942.706588, best rearrangement setting 15
Bootstrap[63]: Time 0.488764 seconds, bootstrap likelihood -20115.441846, best rearrangement setting 9
Bootstrap[64]: Time 0.535137 seconds, bootstrap likelihood -19995.597075, best rearrangement setting 7
Bootstrap[65]: Time 0.538478 seconds, bootstrap likelihood -20111.586757, best rearrangement setting 8
Bootstrap[66]: Time 0.482931 seconds, bootstrap likelihood -20577.030051, best rearrangement setting 9
Bootstrap[67]: Time 0.534238 seconds, bootstrap likelihood -21012.228590, best rearrangement setting 7
Bootstrap[68]: Time 18.157641 seconds, bootstrap likelihood -19801.478562, best rearrangement setting 11
Bootstrap[69]: Time 2.738401 seconds, bootstrap likelihood -20246.894178, best rearrangement setting 10
Bootstrap[70]: Time 1.800292 seconds, bootstrap likelihood -20352.580204, best rearrangement setting 11
Bootstrap[71]: Time 0.548187 seconds, bootstrap likelihood -20283.898859, best rearrangement setting 14
Bootstrap[72]: Time 0.499277 seconds, bootstrap likelihood -20198.097335, best rearrangement setting 8
Bootstrap[73]: Time 0.606538 seconds, bootstrap likelihood -20673.018729, best rearrangement setting 13
Bootstrap[74]: Time 0.841181 seconds, bootstrap likelihood -19837.349268, best rearrangement setting 14
Bootstrap[75]: Time 2.618825 seconds, bootstrap likelihood -20687.132560, best rearrangement setting 9
Bootstrap[76]: Time 0.444420 seconds, bootstrap likelihood -20190.804304, best rearrangement setting 5
Bootstrap[77]: Time 0.664688 seconds, bootstrap likelihood -20230.616753, best rearrangement setting 15
Bootstrap[78]: Time 1.705100 seconds, bootstrap likelihood -20653.845480, best rearrangement setting 6
Bootstrap[79]: Time 0.494576 seconds, bootstrap likelihood -21667.183731, best rearrangement setting 7
Bootstrap[80]: Time 0.515393 seconds, bootstrap likelihood -20582.121094, best rearrangement setting 15
Bootstrap[81]: Time 0.512231 seconds, bootstrap likelihood -21102.573982, best rearrangement setting 11
Bootstrap[82]: Time 0.548812 seconds, bootstrap likelihood -20710.939345, best rearrangement setting 14
Bootstrap[83]: Time 0.496278 seconds, bootstrap likelihood -20646.389939, best rearrangement setting 9
Bootstrap[84]: Time 0.574535 seconds, bootstrap likelihood -20919.674685, best rearrangement setting 9
Bootstrap[85]: Time 0.551199 seconds, bootstrap likelihood -21033.034770, best rearrangement setting 15
Bootstrap[86]: Time 0.608622 seconds, bootstrap likelihood -20514.748505, best rearrangement setting 10
Bootstrap[87]: Time 0.542420 seconds, bootstrap likelihood -20741.726660, best rearrangement setting 13
Bootstrap[88]: Time 1.872263 seconds, bootstrap likelihood -20966.319314, best rearrangement setting 6
Bootstrap[89]: Time 0.537606 seconds, bootstrap likelihood -20477.651247, best rearrangement setting 10
Bootstrap[90]: Time 0.527649 seconds, bootstrap likelihood -20444.644261, best rearrangement setting 13
Bootstrap[91]: Time 0.546464 seconds, bootstrap likelihood -20992.299858, best rearrangement setting 10
Bootstrap[92]: Time 0.538822 seconds, bootstrap likelihood -20651.810599, best rearrangement setting 7
Bootstrap[93]: Time 1.275720 seconds, bootstrap likelihood -20686.388083, best rearrangement setting 13
Bootstrap[94]: Time 0.652939 seconds, bootstrap likelihood -20508.431460, best rearrangement setting 15
Bootstrap[95]: Time 0.634535 seconds, bootstrap likelihood -20871.909810, best rearrangement setting 8
Bootstrap[96]: Time 3.670811 seconds, bootstrap likelihood -20488.050588, best rearrangement setting 6
Bootstrap[97]: Time 0.583278 seconds, bootstrap likelihood -20751.944139, best rearrangement setting 11
Bootstrap[98]: Time 0.451752 seconds, bootstrap likelihood -20885.016373, best rearrangement setting 5
Bootstrap[99]: Time 0.740685 seconds, bootstrap likelihood -20987.780811, best rearrangement setting 5


Overall Time for 100 Rapid Bootstraps 101.768858 seconds
Average Time per Rapid Bootstrap 1.017689 seconds

Starting ML Search ...

Fast ML optimization finished

Fast ML search Time: 139.008054 seconds

Slow ML Search 0 Likelihood: -20701.327018
Slow ML Search 1 Likelihood: -20701.327018
Slow ML Search 2 Likelihood: -20701.327018
Slow ML Search 3 Likelihood: -20701.327018
Slow ML Search 4 Likelihood: -20702.232157
Slow ML Search 5 Likelihood: -20702.232157
Slow ML Search 6 Likelihood: -20704.291534
Slow ML Search 7 Likelihood: -20704.291534
Slow ML Search 8 Likelihood: -20704.291534
Slow ML Search 9 Likelihood: -20704.302352
Slow ML optimization finished

Slow ML search Time: 31.227379 seconds
Thorough ML search Time: 17.895022 seconds

Final ML Optimization Likelihood: -20701.326994

Model Information:

Model Parameters of Partition 0, Name: No Name Provided, Type of Data: DNA
alpha: 0.309637
Tree-Length: 1.590254
rate A <-> C: 2.435143
rate A <-> G: 9.192461
rate A <-> T: 0.987464
rate C <-> G: 1.028494
rate C <-> T: 11.291660
rate G <-> T: 1.000000

freq pi(A): 0.390095
freq pi(C): 0.165706
freq pi(G): 0.227400
freq pi(T): 0.216799


ML search took 188.138031 secs or 0.052261 hours

Combined Bootstrap and ML search took 289.907024 secs or 0.080530 hours

Drawing Bootstrap Support Values on best-scoring ML tree ...



Found 1 tree in File /gpfs_home/mhowison/code/hiv-profile-sampling/scratch/trees/pol/RAxML_bestTree.sample.166



Found 1 tree in File /gpfs_home/mhowison/code/hiv-profile-sampling/scratch/trees/pol/RAxML_bestTree.sample.166

Program execution info written to /gpfs_home/mhowison/code/hiv-profile-sampling/scratch/trees/pol/RAxML_info.sample.166
All 100 bootstrapped trees written to: /gpfs_home/mhowison/code/hiv-profile-sampling/scratch/trees/pol/RAxML_bootstrap.sample.166

Best-scoring ML tree written to: /gpfs_home/mhowison/code/hiv-profile-sampling/scratch/trees/pol/RAxML_bestTree.sample.166

Best-scoring ML tree with support values written to: /gpfs_home/mhowison/code/hiv-profile-sampling/scratch/trees/pol/RAxML_bipartitions.sample.166

Best-scoring ML tree with support values as branch labels written to: /gpfs_home/mhowison/code/hiv-profile-sampling/scratch/trees/pol/RAxML_bipartitionsBranchLabels.sample.166

Overall execution time for full ML analysis: 289.911159 secs or 0.080531 hours or 0.003355 days

