srun: job 261850 queued and waiting for resources
srun: job 261850 has been allocated resources
Warning, you specified a working directory via "-w"
Keep in mind that RAxML only accepts absolute path names, not relative ones!

RAxML can't, parse the alignment file as phylip file 
it will now try to parse it as FASTA file



Using BFGS method to optimize GTR rate parameters, to disable this specify "--no-bfgs" 


This is the RAxML Master Pthread

This is RAxML Worker Pthread Number: 1

This is RAxML Worker Pthread Number: 5

This is RAxML Worker Pthread Number: 6

This is RAxML Worker Pthread Number: 2

This is RAxML Worker Pthread Number: 4

This is RAxML Worker Pthread Number: 3

This is RAxML Worker Pthread Number: 7

This is RAxML Worker Pthread Number: 8

This is RAxML Worker Pthread Number: 9

This is RAxML Worker Pthread Number: 11

This is RAxML Worker Pthread Number: 10

This is RAxML Worker Pthread Number: 12

This is RAxML Worker Pthread Number: 14

This is RAxML Worker Pthread Number: 13

This is RAxML Worker Pthread Number: 16

This is RAxML Worker Pthread Number: 15

This is RAxML Worker Pthread Number: 17

This is RAxML Worker Pthread Number: 18

This is RAxML Worker Pthread Number: 19


This is RAxML version 8.2.12 released by Alexandros Stamatakis on May 2018.

With greatly appreciated code contributions by:
Andre Aberer      (HITS)
Simon Berger      (HITS)
Alexey Kozlov     (HITS)
Kassian Kobert    (HITS)
David Dao         (KIT and HITS)
Sarah Lutteropp   (KIT and HITS)
Nick Pattengale   (Sandia)
Wayne Pfeiffer    (SDSC)
Akifumi S. Tanabe (NRIFS)
Charlie Taylor    (UF)


Alignment has 1180 distinct alignment patterns

Proportion of gaps and completely undetermined characters in this alignment: 5.94%

RAxML rapid bootstrapping and subsequent ML search

Using 1 distinct models/data partitions with joint branch length optimization



Executing 100 rapid bootstrap inferences and thereafter a thorough ML search 

All free model parameters will be estimated by RAxML
GAMMA model of rate heterogeneity, ML estimate of alpha-parameter

GAMMA Model parameters will be estimated up to an accuracy of 0.1000000000 Log Likelihood units

Partition: 0
Alignment Patterns: 1180
Name: No Name Provided
DataType: DNA
Substitution Matrix: GTR




RAxML was called as follows:

raxmlHPC-PTHREADS-AVX -T 20 -s scratch/aligned/pol/sample.267.fa -p 6035967929 -x 6035967929 -f a -N 100 -m GTRGAMMA -w /gpfs_home/mhowison/code/hiv-profile-sampling/scratch/trees/pol -n sample.267 



Time for BS model parameter optimization 0.052627
Bootstrap[0]: Time 0.622705 seconds, bootstrap likelihood -21495.887538, best rearrangement setting 5
Bootstrap[1]: Time 0.630282 seconds, bootstrap likelihood -20527.513079, best rearrangement setting 11
Bootstrap[2]: Time 0.618920 seconds, bootstrap likelihood -20517.372431, best rearrangement setting 11
Bootstrap[3]: Time 0.666912 seconds, bootstrap likelihood -20753.581833, best rearrangement setting 10
Bootstrap[4]: Time 0.649676 seconds, bootstrap likelihood -19901.073582, best rearrangement setting 12
Bootstrap[5]: Time 0.639318 seconds, bootstrap likelihood -20729.984328, best rearrangement setting 14
Bootstrap[6]: Time 0.574057 seconds, bootstrap likelihood -19862.352638, best rearrangement setting 5
Bootstrap[7]: Time 0.625061 seconds, bootstrap likelihood -20601.499069, best rearrangement setting 9
Bootstrap[8]: Time 1.074591 seconds, bootstrap likelihood -20562.136138, best rearrangement setting 8
Bootstrap[9]: Time 0.715307 seconds, bootstrap likelihood -20477.899488, best rearrangement setting 11
Bootstrap[10]: Time 4.936962 seconds, bootstrap likelihood -20565.876334, best rearrangement setting 15
Bootstrap[11]: Time 0.540036 seconds, bootstrap likelihood -20709.388832, best rearrangement setting 5
Bootstrap[12]: Time 0.602454 seconds, bootstrap likelihood -20726.044466, best rearrangement setting 8
Bootstrap[13]: Time 0.586697 seconds, bootstrap likelihood -19905.952572, best rearrangement setting 10
Bootstrap[14]: Time 0.566398 seconds, bootstrap likelihood -20745.612036, best rearrangement setting 9
Bootstrap[15]: Time 0.663098 seconds, bootstrap likelihood -20500.003865, best rearrangement setting 10
Bootstrap[16]: Time 0.603989 seconds, bootstrap likelihood -20375.999370, best rearrangement setting 10
Bootstrap[17]: Time 0.550014 seconds, bootstrap likelihood -20738.869091, best rearrangement setting 5
Bootstrap[18]: Time 5.031139 seconds, bootstrap likelihood -20842.283123, best rearrangement setting 10
Bootstrap[19]: Time 0.628269 seconds, bootstrap likelihood -20943.386518, best rearrangement setting 11
Bootstrap[20]: Time 0.580571 seconds, bootstrap likelihood -20156.383438, best rearrangement setting 9
Bootstrap[21]: Time 0.569595 seconds, bootstrap likelihood -20417.342376, best rearrangement setting 14
Bootstrap[22]: Time 2.324502 seconds, bootstrap likelihood -20363.717186, best rearrangement setting 5
Bootstrap[23]: Time 0.557154 seconds, bootstrap likelihood -20887.416451, best rearrangement setting 10
Bootstrap[24]: Time 0.655080 seconds, bootstrap likelihood -20633.904333, best rearrangement setting 14
Bootstrap[25]: Time 0.744805 seconds, bootstrap likelihood -20237.167151, best rearrangement setting 14
Bootstrap[26]: Time 0.585106 seconds, bootstrap likelihood -20780.950627, best rearrangement setting 9
Bootstrap[27]: Time 0.705428 seconds, bootstrap likelihood -20108.197529, best rearrangement setting 11
Bootstrap[28]: Time 0.597751 seconds, bootstrap likelihood -20814.895632, best rearrangement setting 10
Bootstrap[29]: Time 0.658830 seconds, bootstrap likelihood -20309.861776, best rearrangement setting 13
Bootstrap[30]: Time 0.590903 seconds, bootstrap likelihood -21134.558495, best rearrangement setting 15
Bootstrap[31]: Time 0.526471 seconds, bootstrap likelihood -20962.032446, best rearrangement setting 6
Bootstrap[32]: Time 0.670200 seconds, bootstrap likelihood -20757.065284, best rearrangement setting 10
Bootstrap[33]: Time 0.518494 seconds, bootstrap likelihood -20621.064487, best rearrangement setting 5
Bootstrap[34]: Time 0.562039 seconds, bootstrap likelihood -20216.327425, best rearrangement setting 8
Bootstrap[35]: Time 0.543231 seconds, bootstrap likelihood -20845.733942, best rearrangement setting 5
Bootstrap[36]: Time 0.543937 seconds, bootstrap likelihood -21233.537113, best rearrangement setting 6
Bootstrap[37]: Time 0.637704 seconds, bootstrap likelihood -21367.033923, best rearrangement setting 12
Bootstrap[38]: Time 0.559329 seconds, bootstrap likelihood -19899.467031, best rearrangement setting 12
Bootstrap[39]: Time 0.635712 seconds, bootstrap likelihood -20273.929488, best rearrangement setting 14
Bootstrap[40]: Time 0.641692 seconds, bootstrap likelihood -20865.108619, best rearrangement setting 12
Bootstrap[41]: Time 0.725131 seconds, bootstrap likelihood -20849.760188, best rearrangement setting 11
Bootstrap[42]: Time 14.808462 seconds, bootstrap likelihood -20556.731115, best rearrangement setting 5
Bootstrap[43]: Time 0.683315 seconds, bootstrap likelihood -20242.738493, best rearrangement setting 12
Bootstrap[44]: Time 0.544806 seconds, bootstrap likelihood -20410.454908, best rearrangement setting 5
Bootstrap[45]: Time 0.665607 seconds, bootstrap likelihood -21308.966713, best rearrangement setting 12
Bootstrap[46]: Time 0.619352 seconds, bootstrap likelihood -20320.827286, best rearrangement setting 13
Bootstrap[47]: Time 0.585909 seconds, bootstrap likelihood -20339.873192, best rearrangement setting 14
Bootstrap[48]: Time 0.660947 seconds, bootstrap likelihood -21009.613175, best rearrangement setting 12
Bootstrap[49]: Time 0.534224 seconds, bootstrap likelihood -21389.037234, best rearrangement setting 5
Bootstrap[50]: Time 0.629258 seconds, bootstrap likelihood -20460.540292, best rearrangement setting 10
Bootstrap[51]: Time 0.614988 seconds, bootstrap likelihood -20656.300940, best rearrangement setting 7
Bootstrap[52]: Time 0.503725 seconds, bootstrap likelihood -21340.023320, best rearrangement setting 5
Bootstrap[53]: Time 0.538568 seconds, bootstrap likelihood -20258.391781, best rearrangement setting 10
Bootstrap[54]: Time 0.635827 seconds, bootstrap likelihood -20258.161114, best rearrangement setting 15
Bootstrap[55]: Time 0.685908 seconds, bootstrap likelihood -20164.502343, best rearrangement setting 11
Bootstrap[56]: Time 0.725786 seconds, bootstrap likelihood -21155.768275, best rearrangement setting 13
Bootstrap[57]: Time 0.696648 seconds, bootstrap likelihood -21068.397851, best rearrangement setting 9
Bootstrap[58]: Time 0.530242 seconds, bootstrap likelihood -20826.119718, best rearrangement setting 7
Bootstrap[59]: Time 0.566705 seconds, bootstrap likelihood -21285.981577, best rearrangement setting 8
Bootstrap[60]: Time 0.569509 seconds, bootstrap likelihood -20019.511376, best rearrangement setting 13
Bootstrap[61]: Time 0.595936 seconds, bootstrap likelihood -20367.527181, best rearrangement setting 14
Bootstrap[62]: Time 0.634755 seconds, bootstrap likelihood -20600.692355, best rearrangement setting 15
Bootstrap[63]: Time 0.616136 seconds, bootstrap likelihood -20626.293814, best rearrangement setting 14
Bootstrap[64]: Time 0.665940 seconds, bootstrap likelihood -21086.438913, best rearrangement setting 8
Bootstrap[65]: Time 0.648701 seconds, bootstrap likelihood -19804.168647, best rearrangement setting 15
Bootstrap[66]: Time 0.533905 seconds, bootstrap likelihood -21746.788016, best rearrangement setting 5
Bootstrap[67]: Time 4.952601 seconds, bootstrap likelihood -21278.497830, best rearrangement setting 13
Bootstrap[68]: Time 0.780496 seconds, bootstrap likelihood -20671.216710, best rearrangement setting 14
Bootstrap[69]: Time 0.758428 seconds, bootstrap likelihood -20685.307303, best rearrangement setting 7
Bootstrap[70]: Time 0.709286 seconds, bootstrap likelihood -21261.858551, best rearrangement setting 8
Bootstrap[71]: Time 0.578063 seconds, bootstrap likelihood -21067.303988, best rearrangement setting 14
Bootstrap[72]: Time 0.503524 seconds, bootstrap likelihood -20560.841714, best rearrangement setting 6
Bootstrap[73]: Time 0.624689 seconds, bootstrap likelihood -20469.424248, best rearrangement setting 11
Bootstrap[74]: Time 0.606326 seconds, bootstrap likelihood -20512.121804, best rearrangement setting 13
Bootstrap[75]: Time 0.885755 seconds, bootstrap likelihood -20249.928082, best rearrangement setting 6
Bootstrap[76]: Time 0.697258 seconds, bootstrap likelihood -20981.766934, best rearrangement setting 10
Bootstrap[77]: Time 0.626513 seconds, bootstrap likelihood -20800.370183, best rearrangement setting 13
Bootstrap[78]: Time 0.982231 seconds, bootstrap likelihood -20573.817991, best rearrangement setting 7
Bootstrap[79]: Time 2.232320 seconds, bootstrap likelihood -20117.613218, best rearrangement setting 11
Bootstrap[80]: Time 1.038722 seconds, bootstrap likelihood -20627.578086, best rearrangement setting 12
Bootstrap[81]: Time 0.693863 seconds, bootstrap likelihood -21305.581105, best rearrangement setting 7
Bootstrap[82]: Time 0.619751 seconds, bootstrap likelihood -21559.591834, best rearrangement setting 9
Bootstrap[83]: Time 0.656977 seconds, bootstrap likelihood -20958.814907, best rearrangement setting 10
Bootstrap[84]: Time 0.646576 seconds, bootstrap likelihood -21517.555668, best rearrangement setting 15
Bootstrap[85]: Time 0.539202 seconds, bootstrap likelihood -20623.823494, best rearrangement setting 5
Bootstrap[86]: Time 0.660114 seconds, bootstrap likelihood -20340.793599, best rearrangement setting 12
Bootstrap[87]: Time 0.578183 seconds, bootstrap likelihood -20584.009870, best rearrangement setting 6
Bootstrap[88]: Time 0.710161 seconds, bootstrap likelihood -20687.716392, best rearrangement setting 9
Bootstrap[89]: Time 3.123842 seconds, bootstrap likelihood -20606.759618, best rearrangement setting 14
Bootstrap[90]: Time 0.589916 seconds, bootstrap likelihood -20755.925523, best rearrangement setting 9
Bootstrap[91]: Time 0.709461 seconds, bootstrap likelihood -20915.735169, best rearrangement setting 13
Bootstrap[92]: Time 0.637277 seconds, bootstrap likelihood -20451.789719, best rearrangement setting 11
Bootstrap[93]: Time 0.589616 seconds, bootstrap likelihood -20589.484680, best rearrangement setting 7
Bootstrap[94]: Time 0.684333 seconds, bootstrap likelihood -20811.704464, best rearrangement setting 9
Bootstrap[95]: Time 0.694350 seconds, bootstrap likelihood -21046.033245, best rearrangement setting 7
Bootstrap[96]: Time 0.642361 seconds, bootstrap likelihood -20649.407424, best rearrangement setting 6
Bootstrap[97]: Time 0.588422 seconds, bootstrap likelihood -21098.938364, best rearrangement setting 6
Bootstrap[98]: Time 1.045977 seconds, bootstrap likelihood -21040.404297, best rearrangement setting 8
Bootstrap[99]: Time 14.985251 seconds, bootstrap likelihood -20539.689181, best rearrangement setting 12


Overall Time for 100 Rapid Bootstraps 111.728139 seconds
Average Time per Rapid Bootstrap 1.117281 seconds

Starting ML Search ...

Fast ML optimization finished

Fast ML search Time: 309.293811 seconds

Slow ML Search 0 Likelihood: -20802.910537
Slow ML Search 1 Likelihood: -20803.548659
Slow ML Search 2 Likelihood: -20805.571093
Slow ML Search 3 Likelihood: -20806.265032
Slow ML Search 4 Likelihood: -20806.716205
Slow ML Search 5 Likelihood: -20806.716205
Slow ML Search 6 Likelihood: -20806.814573
Slow ML Search 7 Likelihood: -20806.814573
Slow ML Search 8 Likelihood: -20806.814574
Slow ML Search 9 Likelihood: -20806.814344
Slow ML optimization finished

Slow ML search Time: 11.940688 seconds
Thorough ML search Time: 1.237881 seconds

Final ML Optimization Likelihood: -20802.910537

Model Information:

Model Parameters of Partition 0, Name: No Name Provided, Type of Data: DNA
alpha: 0.301140
Tree-Length: 1.593780
rate A <-> C: 2.326869
rate A <-> G: 8.846380
rate A <-> T: 0.954259
rate C <-> G: 1.008174
rate C <-> T: 11.045094
rate G <-> T: 1.000000

freq pi(A): 0.390181
freq pi(C): 0.165830
freq pi(G): 0.227448
freq pi(T): 0.216541


ML search took 322.479968 secs or 0.089578 hours

Combined Bootstrap and ML search took 434.208248 secs or 0.120613 hours

Drawing Bootstrap Support Values on best-scoring ML tree ...



Found 1 tree in File /gpfs_home/mhowison/code/hiv-profile-sampling/scratch/trees/pol/RAxML_bestTree.sample.267



Found 1 tree in File /gpfs_home/mhowison/code/hiv-profile-sampling/scratch/trees/pol/RAxML_bestTree.sample.267

Program execution info written to /gpfs_home/mhowison/code/hiv-profile-sampling/scratch/trees/pol/RAxML_info.sample.267
All 100 bootstrapped trees written to: /gpfs_home/mhowison/code/hiv-profile-sampling/scratch/trees/pol/RAxML_bootstrap.sample.267

Best-scoring ML tree written to: /gpfs_home/mhowison/code/hiv-profile-sampling/scratch/trees/pol/RAxML_bestTree.sample.267

Best-scoring ML tree with support values written to: /gpfs_home/mhowison/code/hiv-profile-sampling/scratch/trees/pol/RAxML_bipartitions.sample.267

Best-scoring ML tree with support values as branch labels written to: /gpfs_home/mhowison/code/hiv-profile-sampling/scratch/trees/pol/RAxML_bipartitionsBranchLabels.sample.267

Overall execution time for full ML analysis: 434.212363 secs or 0.120615 hours or 0.005026 days

