srun: job 261782 queued and waiting for resources
srun: job 261782 has been allocated resources
Warning, you specified a working directory via "-w"
Keep in mind that RAxML only accepts absolute path names, not relative ones!

RAxML can't, parse the alignment file as phylip file 
it will now try to parse it as FASTA file



Using BFGS method to optimize GTR rate parameters, to disable this specify "--no-bfgs" 


This is the RAxML Master Pthread

This is RAxML Worker Pthread Number: 4

This is RAxML Worker Pthread Number: 1

This is RAxML Worker Pthread Number: 5

This is RAxML Worker Pthread Number: 3

This is RAxML Worker Pthread Number: 7

This is RAxML Worker Pthread Number: 6

This is RAxML Worker Pthread Number: 2

This is RAxML Worker Pthread Number: 8

This is RAxML Worker Pthread Number: 9

This is RAxML Worker Pthread Number: 10

This is RAxML Worker Pthread Number: 11

This is RAxML Worker Pthread Number: 12

This is RAxML Worker Pthread Number: 13

This is RAxML Worker Pthread Number: 14

This is RAxML Worker Pthread Number: 15

This is RAxML Worker Pthread Number: 16

This is RAxML Worker Pthread Number: 17

This is RAxML Worker Pthread Number: 18

This is RAxML Worker Pthread Number: 19


This is RAxML version 8.2.12 released by Alexandros Stamatakis on May 2018.

With greatly appreciated code contributions by:
Andre Aberer      (HITS)
Simon Berger      (HITS)
Alexey Kozlov     (HITS)
Kassian Kobert    (HITS)
David Dao         (KIT and HITS)
Sarah Lutteropp   (KIT and HITS)
Nick Pattengale   (Sandia)
Wayne Pfeiffer    (SDSC)
Akifumi S. Tanabe (NRIFS)
Charlie Taylor    (UF)


Alignment has 1188 distinct alignment patterns

Proportion of gaps and completely undetermined characters in this alignment: 5.94%

RAxML rapid bootstrapping and subsequent ML search

Using 1 distinct models/data partitions with joint branch length optimization



Executing 100 rapid bootstrap inferences and thereafter a thorough ML search 

All free model parameters will be estimated by RAxML
GAMMA model of rate heterogeneity, ML estimate of alpha-parameter

GAMMA Model parameters will be estimated up to an accuracy of 0.1000000000 Log Likelihood units

Partition: 0
Alignment Patterns: 1188
Name: No Name Provided
DataType: DNA
Substitution Matrix: GTR




RAxML was called as follows:

raxmlHPC-PTHREADS-AVX -T 20 -s scratch/aligned/pol/sample.233.fa -p 0807687095 -x 0807687095 -f a -N 100 -m GTRGAMMA -w /gpfs_home/mhowison/code/hiv-profile-sampling/scratch/trees/pol -n sample.233 



Time for BS model parameter optimization 0.052638
Bootstrap[0]: Time 0.614216 seconds, bootstrap likelihood -20361.695629, best rearrangement setting 6
Bootstrap[1]: Time 0.581514 seconds, bootstrap likelihood -21090.133466, best rearrangement setting 11
Bootstrap[2]: Time 0.529114 seconds, bootstrap likelihood -21218.269404, best rearrangement setting 9
Bootstrap[3]: Time 0.490668 seconds, bootstrap likelihood -20631.533833, best rearrangement setting 5
Bootstrap[4]: Time 0.583858 seconds, bootstrap likelihood -20803.629210, best rearrangement setting 12
Bootstrap[5]: Time 0.514272 seconds, bootstrap likelihood -20850.131489, best rearrangement setting 6
Bootstrap[6]: Time 0.483888 seconds, bootstrap likelihood -20322.140857, best rearrangement setting 9
Bootstrap[7]: Time 0.502236 seconds, bootstrap likelihood -20230.195276, best rearrangement setting 8
Bootstrap[8]: Time 0.447655 seconds, bootstrap likelihood -20815.489758, best rearrangement setting 8
Bootstrap[9]: Time 0.560181 seconds, bootstrap likelihood -20220.190197, best rearrangement setting 14
Bootstrap[10]: Time 0.436290 seconds, bootstrap likelihood -20529.265788, best rearrangement setting 14
Bootstrap[11]: Time 0.392188 seconds, bootstrap likelihood -20385.847903, best rearrangement setting 5
Bootstrap[12]: Time 0.557815 seconds, bootstrap likelihood -20172.186561, best rearrangement setting 8
Bootstrap[13]: Time 0.502640 seconds, bootstrap likelihood -20483.990256, best rearrangement setting 11
Bootstrap[14]: Time 0.666004 seconds, bootstrap likelihood -20996.803879, best rearrangement setting 9
Bootstrap[15]: Time 0.532799 seconds, bootstrap likelihood -21187.105205, best rearrangement setting 12
Bootstrap[16]: Time 1.170966 seconds, bootstrap likelihood -20626.352611, best rearrangement setting 13
Bootstrap[17]: Time 0.731084 seconds, bootstrap likelihood -20332.554341, best rearrangement setting 10
Bootstrap[18]: Time 0.553180 seconds, bootstrap likelihood -20870.471482, best rearrangement setting 9
Bootstrap[19]: Time 0.459064 seconds, bootstrap likelihood -20773.278462, best rearrangement setting 5
Bootstrap[20]: Time 0.531864 seconds, bootstrap likelihood -20976.336003, best rearrangement setting 14
Bootstrap[21]: Time 0.549055 seconds, bootstrap likelihood -20984.833401, best rearrangement setting 10
Bootstrap[22]: Time 0.448050 seconds, bootstrap likelihood -20521.448888, best rearrangement setting 5
Bootstrap[23]: Time 0.532318 seconds, bootstrap likelihood -21044.272055, best rearrangement setting 13
Bootstrap[24]: Time 0.523782 seconds, bootstrap likelihood -21689.361939, best rearrangement setting 8
Bootstrap[25]: Time 0.516531 seconds, bootstrap likelihood -20470.481380, best rearrangement setting 7
Bootstrap[26]: Time 0.503462 seconds, bootstrap likelihood -20805.379063, best rearrangement setting 14
Bootstrap[27]: Time 0.530523 seconds, bootstrap likelihood -20697.117911, best rearrangement setting 13
Bootstrap[28]: Time 0.542244 seconds, bootstrap likelihood -20474.474199, best rearrangement setting 9
Bootstrap[29]: Time 0.563693 seconds, bootstrap likelihood -20973.356835, best rearrangement setting 10
Bootstrap[30]: Time 0.450308 seconds, bootstrap likelihood -21398.501203, best rearrangement setting 5
Bootstrap[31]: Time 0.414468 seconds, bootstrap likelihood -20499.132033, best rearrangement setting 5
Bootstrap[32]: Time 2.269038 seconds, bootstrap likelihood -21488.776733, best rearrangement setting 8
Bootstrap[33]: Time 0.490273 seconds, bootstrap likelihood -19958.907463, best rearrangement setting 11
Bootstrap[34]: Time 0.489869 seconds, bootstrap likelihood -20803.176307, best rearrangement setting 14
Bootstrap[35]: Time 0.488338 seconds, bootstrap likelihood -21212.074760, best rearrangement setting 13
Bootstrap[36]: Time 0.422244 seconds, bootstrap likelihood -20209.106964, best rearrangement setting 7
Bootstrap[37]: Time 0.521047 seconds, bootstrap likelihood -21310.831200, best rearrangement setting 12
Bootstrap[38]: Time 0.527464 seconds, bootstrap likelihood -20225.944366, best rearrangement setting 10
Bootstrap[39]: Time 0.489971 seconds, bootstrap likelihood -20312.318328, best rearrangement setting 15
Bootstrap[40]: Time 0.561823 seconds, bootstrap likelihood -20260.924414, best rearrangement setting 8
Bootstrap[41]: Time 0.558120 seconds, bootstrap likelihood -20794.794672, best rearrangement setting 14
Bootstrap[42]: Time 9.369604 seconds, bootstrap likelihood -20237.072570, best rearrangement setting 6
Bootstrap[43]: Time 0.497170 seconds, bootstrap likelihood -20013.073593, best rearrangement setting 9
Bootstrap[44]: Time 0.471430 seconds, bootstrap likelihood -20137.362043, best rearrangement setting 13
Bootstrap[45]: Time 0.522180 seconds, bootstrap likelihood -20288.507600, best rearrangement setting 13
Bootstrap[46]: Time 0.570841 seconds, bootstrap likelihood -20428.157721, best rearrangement setting 7
Bootstrap[47]: Time 0.534161 seconds, bootstrap likelihood -20111.787252, best rearrangement setting 9
Bootstrap[48]: Time 0.540668 seconds, bootstrap likelihood -20727.965650, best rearrangement setting 9
Bootstrap[49]: Time 0.547038 seconds, bootstrap likelihood -20422.180384, best rearrangement setting 15
Bootstrap[50]: Time 0.538486 seconds, bootstrap likelihood -20282.383806, best rearrangement setting 15
Bootstrap[51]: Time 0.513731 seconds, bootstrap likelihood -20544.995027, best rearrangement setting 9
Bootstrap[52]: Time 0.495880 seconds, bootstrap likelihood -20967.581540, best rearrangement setting 5
Bootstrap[53]: Time 0.542191 seconds, bootstrap likelihood -20969.342262, best rearrangement setting 12
Bootstrap[54]: Time 1.001949 seconds, bootstrap likelihood -21081.751026, best rearrangement setting 15
Bootstrap[55]: Time 0.519532 seconds, bootstrap likelihood -20645.756793, best rearrangement setting 9
Bootstrap[56]: Time 0.535999 seconds, bootstrap likelihood -20356.066686, best rearrangement setting 10
Bootstrap[57]: Time 0.500902 seconds, bootstrap likelihood -20920.183561, best rearrangement setting 9
Bootstrap[58]: Time 0.512201 seconds, bootstrap likelihood -20453.953092, best rearrangement setting 6
Bootstrap[59]: Time 0.451067 seconds, bootstrap likelihood -20276.945712, best rearrangement setting 6
Bootstrap[60]: Time 0.584383 seconds, bootstrap likelihood -20238.025578, best rearrangement setting 10
Bootstrap[61]: Time 0.579653 seconds, bootstrap likelihood -20740.369937, best rearrangement setting 9
Bootstrap[62]: Time 0.485530 seconds, bootstrap likelihood -19982.297504, best rearrangement setting 10
Bootstrap[63]: Time 0.481256 seconds, bootstrap likelihood -20891.482233, best rearrangement setting 7
Bootstrap[64]: Time 0.480161 seconds, bootstrap likelihood -21161.407237, best rearrangement setting 15
Bootstrap[65]: Time 0.456661 seconds, bootstrap likelihood -21040.400432, best rearrangement setting 6
Bootstrap[66]: Time 0.467162 seconds, bootstrap likelihood -21070.022367, best rearrangement setting 15
Bootstrap[67]: Time 0.455648 seconds, bootstrap likelihood -20571.495673, best rearrangement setting 10
Bootstrap[68]: Time 0.483722 seconds, bootstrap likelihood -19970.970774, best rearrangement setting 14
Bootstrap[69]: Time 0.511159 seconds, bootstrap likelihood -20325.647689, best rearrangement setting 12
Bootstrap[70]: Time 0.549471 seconds, bootstrap likelihood -20159.410463, best rearrangement setting 11
Bootstrap[71]: Time 0.438437 seconds, bootstrap likelihood -20595.519355, best rearrangement setting 5
Bootstrap[72]: Time 0.530801 seconds, bootstrap likelihood -20366.208909, best rearrangement setting 15
Bootstrap[73]: Time 0.556172 seconds, bootstrap likelihood -20680.437703, best rearrangement setting 7
Bootstrap[74]: Time 0.483802 seconds, bootstrap likelihood -20769.948757, best rearrangement setting 8
Bootstrap[75]: Time 0.456967 seconds, bootstrap likelihood -20911.680813, best rearrangement setting 7
Bootstrap[76]: Time 0.496902 seconds, bootstrap likelihood -20833.653426, best rearrangement setting 7
Bootstrap[77]: Time 0.603072 seconds, bootstrap likelihood -20588.187872, best rearrangement setting 10
Bootstrap[78]: Time 0.543649 seconds, bootstrap likelihood -20970.285677, best rearrangement setting 11
Bootstrap[79]: Time 0.459048 seconds, bootstrap likelihood -20941.546434, best rearrangement setting 7
Bootstrap[80]: Time 0.680837 seconds, bootstrap likelihood -21107.458249, best rearrangement setting 9
Bootstrap[81]: Time 0.467167 seconds, bootstrap likelihood -20365.845375, best rearrangement setting 6
Bootstrap[82]: Time 30.790654 seconds, bootstrap likelihood -20672.825500, best rearrangement setting 9
Bootstrap[83]: Time 0.573827 seconds, bootstrap likelihood -20725.193653, best rearrangement setting 12
Bootstrap[84]: Time 0.566154 seconds, bootstrap likelihood -20759.144747, best rearrangement setting 15
Bootstrap[85]: Time 0.538716 seconds, bootstrap likelihood -21082.407192, best rearrangement setting 9
Bootstrap[86]: Time 0.487429 seconds, bootstrap likelihood -20271.071692, best rearrangement setting 6
Bootstrap[87]: Time 0.485014 seconds, bootstrap likelihood -21069.656263, best rearrangement setting 14
Bootstrap[88]: Time 0.488381 seconds, bootstrap likelihood -19978.457593, best rearrangement setting 11
Bootstrap[89]: Time 0.605001 seconds, bootstrap likelihood -20574.287021, best rearrangement setting 15
Bootstrap[90]: Time 0.497174 seconds, bootstrap likelihood -20519.925477, best rearrangement setting 8
Bootstrap[91]: Time 0.509435 seconds, bootstrap likelihood -20146.084952, best rearrangement setting 6
Bootstrap[92]: Time 0.556225 seconds, bootstrap likelihood -21063.084706, best rearrangement setting 15
Bootstrap[93]: Time 9.714204 seconds, bootstrap likelihood -20416.378887, best rearrangement setting 12
Bootstrap[94]: Time 0.557744 seconds, bootstrap likelihood -20987.125317, best rearrangement setting 10
Bootstrap[95]: Time 0.444286 seconds, bootstrap likelihood -20812.956179, best rearrangement setting 5
Bootstrap[96]: Time 3.899313 seconds, bootstrap likelihood -21022.311164, best rearrangement setting 5
Bootstrap[97]: Time 0.495881 seconds, bootstrap likelihood -20520.274564, best rearrangement setting 15
Bootstrap[98]: Time 0.568678 seconds, bootstrap likelihood -21501.276873, best rearrangement setting 9
Bootstrap[99]: Time 1.713136 seconds, bootstrap likelihood -20529.377653, best rearrangement setting 12


Overall Time for 100 Rapid Bootstraps 107.803461 seconds
Average Time per Rapid Bootstrap 1.078035 seconds

Starting ML Search ...

Fast ML optimization finished

Fast ML search Time: 161.814770 seconds

Slow ML Search 0 Likelihood: -20742.311379
Slow ML Search 1 Likelihood: -20743.264326
Slow ML Search 2 Likelihood: -20743.545554
Slow ML Search 3 Likelihood: -20743.994486
Slow ML Search 4 Likelihood: -20743.994486
Slow ML Search 5 Likelihood: -20744.181592
Slow ML Search 6 Likelihood: -20744.181871
Slow ML Search 7 Likelihood: -20744.726960
Slow ML Search 8 Likelihood: -20744.726959
Slow ML Search 9 Likelihood: -20745.428704
Slow ML optimization finished

Slow ML search Time: 23.821828 seconds
Thorough ML search Time: 1.130908 seconds

Final ML Optimization Likelihood: -20742.311379

Model Information:

Model Parameters of Partition 0, Name: No Name Provided, Type of Data: DNA
alpha: 0.307905
Tree-Length: 1.580923
rate A <-> C: 2.502610
rate A <-> G: 9.374857
rate A <-> T: 1.035146
rate C <-> G: 1.011921
rate C <-> T: 11.806564
rate G <-> T: 1.000000

freq pi(A): 0.389848
freq pi(C): 0.166112
freq pi(G): 0.227493
freq pi(T): 0.216547


ML search took 186.773809 secs or 0.051882 hours

Combined Bootstrap and ML search took 294.577406 secs or 0.081827 hours

Drawing Bootstrap Support Values on best-scoring ML tree ...



Found 1 tree in File /gpfs_home/mhowison/code/hiv-profile-sampling/scratch/trees/pol/RAxML_bestTree.sample.233



Found 1 tree in File /gpfs_home/mhowison/code/hiv-profile-sampling/scratch/trees/pol/RAxML_bestTree.sample.233

Program execution info written to /gpfs_home/mhowison/code/hiv-profile-sampling/scratch/trees/pol/RAxML_info.sample.233
All 100 bootstrapped trees written to: /gpfs_home/mhowison/code/hiv-profile-sampling/scratch/trees/pol/RAxML_bootstrap.sample.233

Best-scoring ML tree written to: /gpfs_home/mhowison/code/hiv-profile-sampling/scratch/trees/pol/RAxML_bestTree.sample.233

Best-scoring ML tree with support values written to: /gpfs_home/mhowison/code/hiv-profile-sampling/scratch/trees/pol/RAxML_bipartitions.sample.233

Best-scoring ML tree with support values as branch labels written to: /gpfs_home/mhowison/code/hiv-profile-sampling/scratch/trees/pol/RAxML_bipartitionsBranchLabels.sample.233

Overall execution time for full ML analysis: 294.581639 secs or 0.081828 hours or 0.003410 days

