srun: job 262665 queued and waiting for resources
srun: job 262665 has been allocated resources
Warning, you specified a working directory via "-w"
Keep in mind that RAxML only accepts absolute path names, not relative ones!

RAxML can't, parse the alignment file as phylip file 
it will now try to parse it as FASTA file



Using BFGS method to optimize GTR rate parameters, to disable this specify "--no-bfgs" 


This is the RAxML Master Pthread

This is RAxML Worker Pthread Number: 5

This is RAxML Worker Pthread Number: 4

This is RAxML Worker Pthread Number: 3

This is RAxML Worker Pthread Number: 2

This is RAxML Worker Pthread Number: 1

This is RAxML Worker Pthread Number: 6

This is RAxML Worker Pthread Number: 8

This is RAxML Worker Pthread Number: 7

This is RAxML Worker Pthread Number: 9

This is RAxML Worker Pthread Number: 10

This is RAxML Worker Pthread Number: 11

This is RAxML Worker Pthread Number: 12

This is RAxML Worker Pthread Number: 13

This is RAxML Worker Pthread Number: 14

This is RAxML Worker Pthread Number: 15

This is RAxML Worker Pthread Number: 17

This is RAxML Worker Pthread Number: 16

This is RAxML Worker Pthread Number: 18

This is RAxML Worker Pthread Number: 19


This is RAxML version 8.2.12 released by Alexandros Stamatakis on May 2018.

With greatly appreciated code contributions by:
Andre Aberer      (HITS)
Simon Berger      (HITS)
Alexey Kozlov     (HITS)
Kassian Kobert    (HITS)
David Dao         (KIT and HITS)
Sarah Lutteropp   (KIT and HITS)
Nick Pattengale   (Sandia)
Wayne Pfeiffer    (SDSC)
Akifumi S. Tanabe (NRIFS)
Charlie Taylor    (UF)


Alignment has 1171 distinct alignment patterns

Proportion of gaps and completely undetermined characters in this alignment: 5.94%

RAxML rapid bootstrapping and subsequent ML search

Using 1 distinct models/data partitions with joint branch length optimization



Executing 100 rapid bootstrap inferences and thereafter a thorough ML search 

All free model parameters will be estimated by RAxML
GAMMA model of rate heterogeneity, ML estimate of alpha-parameter

GAMMA Model parameters will be estimated up to an accuracy of 0.1000000000 Log Likelihood units

Partition: 0
Alignment Patterns: 1171
Name: No Name Provided
DataType: DNA
Substitution Matrix: GTR




RAxML was called as follows:

raxmlHPC-PTHREADS-AVX -T 20 -s scratch/aligned/pol/sample.5.fa -p 6067252935 -x 6067252935 -f a -N 100 -m GTRGAMMA -w /gpfs_home/mhowison/code/hiv-profile-sampling/scratch/trees/pol -n sample.5 



Time for BS model parameter optimization 0.055620
Bootstrap[0]: Time 0.733434 seconds, bootstrap likelihood -20886.978892, best rearrangement setting 11
Bootstrap[1]: Time 0.691522 seconds, bootstrap likelihood -20597.520291, best rearrangement setting 9
Bootstrap[2]: Time 0.709039 seconds, bootstrap likelihood -19719.128745, best rearrangement setting 15
Bootstrap[3]: Time 0.676294 seconds, bootstrap likelihood -20255.335418, best rearrangement setting 12
Bootstrap[4]: Time 0.801016 seconds, bootstrap likelihood -21008.349877, best rearrangement setting 10
Bootstrap[5]: Time 1.148238 seconds, bootstrap likelihood -20296.860920, best rearrangement setting 14
Bootstrap[6]: Time 0.713042 seconds, bootstrap likelihood -19994.430596, best rearrangement setting 7
Bootstrap[7]: Time 0.843163 seconds, bootstrap likelihood -19860.598952, best rearrangement setting 8
Bootstrap[8]: Time 0.603509 seconds, bootstrap likelihood -20980.140716, best rearrangement setting 8
Bootstrap[9]: Time 0.661362 seconds, bootstrap likelihood -20247.882895, best rearrangement setting 6
Bootstrap[10]: Time 0.701932 seconds, bootstrap likelihood -20680.299850, best rearrangement setting 11
Bootstrap[11]: Time 0.704132 seconds, bootstrap likelihood -20225.426761, best rearrangement setting 14
Bootstrap[12]: Time 0.612322 seconds, bootstrap likelihood -21210.948520, best rearrangement setting 5
Bootstrap[13]: Time 0.676767 seconds, bootstrap likelihood -20360.982244, best rearrangement setting 11
Bootstrap[14]: Time 0.677461 seconds, bootstrap likelihood -20686.501546, best rearrangement setting 15
Bootstrap[15]: Time 0.636645 seconds, bootstrap likelihood -20650.985886, best rearrangement setting 8
Bootstrap[16]: Time 0.783508 seconds, bootstrap likelihood -20722.133200, best rearrangement setting 15
Bootstrap[17]: Time 0.664986 seconds, bootstrap likelihood -20989.477303, best rearrangement setting 14
Bootstrap[18]: Time 0.746503 seconds, bootstrap likelihood -21428.548461, best rearrangement setting 8
Bootstrap[19]: Time 0.752200 seconds, bootstrap likelihood -19954.092532, best rearrangement setting 15
Bootstrap[20]: Time 0.726026 seconds, bootstrap likelihood -20325.586127, best rearrangement setting 14
Bootstrap[21]: Time 0.619855 seconds, bootstrap likelihood -20267.575100, best rearrangement setting 9
Bootstrap[22]: Time 0.617056 seconds, bootstrap likelihood -20722.915458, best rearrangement setting 14
Bootstrap[23]: Time 0.570643 seconds, bootstrap likelihood -19841.800149, best rearrangement setting 5
Bootstrap[24]: Time 0.645168 seconds, bootstrap likelihood -20872.427039, best rearrangement setting 7
Bootstrap[25]: Time 0.713542 seconds, bootstrap likelihood -20934.296913, best rearrangement setting 8
Bootstrap[26]: Time 0.577845 seconds, bootstrap likelihood -20663.682914, best rearrangement setting 5
Bootstrap[27]: Time 1.086996 seconds, bootstrap likelihood -20306.044618, best rearrangement setting 6
Bootstrap[28]: Time 0.633753 seconds, bootstrap likelihood -20683.891540, best rearrangement setting 10
Bootstrap[29]: Time 0.633784 seconds, bootstrap likelihood -21476.266843, best rearrangement setting 11
Bootstrap[30]: Time 0.654012 seconds, bootstrap likelihood -20299.528121, best rearrangement setting 7
Bootstrap[31]: Time 0.625179 seconds, bootstrap likelihood -20694.537910, best rearrangement setting 11
Bootstrap[32]: Time 0.752520 seconds, bootstrap likelihood -20243.308191, best rearrangement setting 8
Bootstrap[33]: Time 0.763784 seconds, bootstrap likelihood -20564.210062, best rearrangement setting 11
Bootstrap[34]: Time 0.684129 seconds, bootstrap likelihood -21004.669824, best rearrangement setting 12
Bootstrap[35]: Time 0.640109 seconds, bootstrap likelihood -20609.533478, best rearrangement setting 10
Bootstrap[36]: Time 0.877147 seconds, bootstrap likelihood -20327.563356, best rearrangement setting 11
Bootstrap[37]: Time 1.165794 seconds, bootstrap likelihood -21351.242519, best rearrangement setting 13
Bootstrap[38]: Time 0.621544 seconds, bootstrap likelihood -20991.939730, best rearrangement setting 15
Bootstrap[39]: Time 0.699951 seconds, bootstrap likelihood -20236.586286, best rearrangement setting 15
Bootstrap[40]: Time 0.654363 seconds, bootstrap likelihood -20701.633499, best rearrangement setting 8
Bootstrap[41]: Time 0.736526 seconds, bootstrap likelihood -20618.876707, best rearrangement setting 10
Bootstrap[42]: Time 0.765188 seconds, bootstrap likelihood -20526.497422, best rearrangement setting 12
Bootstrap[43]: Time 0.628228 seconds, bootstrap likelihood -20176.363481, best rearrangement setting 9
Bootstrap[44]: Time 0.801036 seconds, bootstrap likelihood -20701.914286, best rearrangement setting 15
Bootstrap[45]: Time 0.692970 seconds, bootstrap likelihood -21130.152591, best rearrangement setting 6
Bootstrap[46]: Time 0.678049 seconds, bootstrap likelihood -21027.649489, best rearrangement setting 14
Bootstrap[47]: Time 0.875833 seconds, bootstrap likelihood -20737.429947, best rearrangement setting 11
Bootstrap[48]: Time 0.669783 seconds, bootstrap likelihood -20910.993227, best rearrangement setting 6
Bootstrap[49]: Time 0.713464 seconds, bootstrap likelihood -21168.735393, best rearrangement setting 15
Bootstrap[50]: Time 0.732050 seconds, bootstrap likelihood -20918.479538, best rearrangement setting 11
Bootstrap[51]: Time 0.704429 seconds, bootstrap likelihood -20656.052858, best rearrangement setting 6
Bootstrap[52]: Time 0.725252 seconds, bootstrap likelihood -20132.039087, best rearrangement setting 11
Bootstrap[53]: Time 0.620597 seconds, bootstrap likelihood -21376.844648, best rearrangement setting 9
Bootstrap[54]: Time 0.657021 seconds, bootstrap likelihood -20837.504459, best rearrangement setting 6
Bootstrap[55]: Time 0.563511 seconds, bootstrap likelihood -20732.805342, best rearrangement setting 5
Bootstrap[56]: Time 0.491543 seconds, bootstrap likelihood -20851.765139, best rearrangement setting 5
Bootstrap[57]: Time 0.737483 seconds, bootstrap likelihood -20866.150643, best rearrangement setting 6
Bootstrap[58]: Time 0.563180 seconds, bootstrap likelihood -20051.649409, best rearrangement setting 6
Bootstrap[59]: Time 0.638817 seconds, bootstrap likelihood -20624.538488, best rearrangement setting 7
Bootstrap[60]: Time 0.632754 seconds, bootstrap likelihood -20477.588628, best rearrangement setting 5
Bootstrap[61]: Time 0.696910 seconds, bootstrap likelihood -20785.822417, best rearrangement setting 10
Bootstrap[62]: Time 0.668076 seconds, bootstrap likelihood -20730.032465, best rearrangement setting 7
Bootstrap[63]: Time 1.091341 seconds, bootstrap likelihood -20177.466175, best rearrangement setting 10
Bootstrap[64]: Time 0.725450 seconds, bootstrap likelihood -21319.625880, best rearrangement setting 10
Bootstrap[65]: Time 0.687333 seconds, bootstrap likelihood -19873.180516, best rearrangement setting 10
Bootstrap[66]: Time 0.661361 seconds, bootstrap likelihood -20514.754191, best rearrangement setting 8
Bootstrap[67]: Time 0.658355 seconds, bootstrap likelihood -20924.161988, best rearrangement setting 10
Bootstrap[68]: Time 0.653097 seconds, bootstrap likelihood -20614.681797, best rearrangement setting 15
Bootstrap[69]: Time 0.940495 seconds, bootstrap likelihood -20411.732842, best rearrangement setting 11
Bootstrap[70]: Time 0.710659 seconds, bootstrap likelihood -21489.890280, best rearrangement setting 12
Bootstrap[71]: Time 0.587272 seconds, bootstrap likelihood -20582.198668, best rearrangement setting 5
Bootstrap[72]: Time 0.733742 seconds, bootstrap likelihood -20603.055070, best rearrangement setting 15
Bootstrap[73]: Time 0.772957 seconds, bootstrap likelihood -20761.147724, best rearrangement setting 13
Bootstrap[74]: Time 0.597946 seconds, bootstrap likelihood -20526.703811, best rearrangement setting 9
Bootstrap[75]: Time 0.671577 seconds, bootstrap likelihood -20521.150875, best rearrangement setting 8
Bootstrap[76]: Time 0.667809 seconds, bootstrap likelihood -20597.271094, best rearrangement setting 14
Bootstrap[77]: Time 0.712684 seconds, bootstrap likelihood -20835.074892, best rearrangement setting 10
Bootstrap[78]: Time 0.660672 seconds, bootstrap likelihood -21472.356008, best rearrangement setting 9
Bootstrap[79]: Time 0.888936 seconds, bootstrap likelihood -20564.388855, best rearrangement setting 10
Bootstrap[80]: Time 0.583384 seconds, bootstrap likelihood -20519.573198, best rearrangement setting 8
Bootstrap[81]: Time 0.643188 seconds, bootstrap likelihood -21184.924344, best rearrangement setting 13
Bootstrap[82]: Time 0.699134 seconds, bootstrap likelihood -20370.077563, best rearrangement setting 8
Bootstrap[83]: Time 0.650952 seconds, bootstrap likelihood -20403.405927, best rearrangement setting 6
Bootstrap[84]: Time 0.641470 seconds, bootstrap likelihood -20100.169177, best rearrangement setting 9
Bootstrap[85]: Time 0.687232 seconds, bootstrap likelihood -20194.076886, best rearrangement setting 9
Bootstrap[86]: Time 0.743062 seconds, bootstrap likelihood -21139.447478, best rearrangement setting 11
Bootstrap[87]: Time 0.707157 seconds, bootstrap likelihood -20805.036530, best rearrangement setting 7
Bootstrap[88]: Time 0.620181 seconds, bootstrap likelihood -20420.489306, best rearrangement setting 15
Bootstrap[89]: Time 0.616278 seconds, bootstrap likelihood -20150.028706, best rearrangement setting 11
Bootstrap[90]: Time 0.828192 seconds, bootstrap likelihood -21231.007093, best rearrangement setting 14
Bootstrap[91]: Time 0.934196 seconds, bootstrap likelihood -19873.425363, best rearrangement setting 13
Bootstrap[92]: Time 0.624787 seconds, bootstrap likelihood -20787.378212, best rearrangement setting 11
Bootstrap[93]: Time 0.585637 seconds, bootstrap likelihood -21275.208903, best rearrangement setting 14
Bootstrap[94]: Time 0.659728 seconds, bootstrap likelihood -21816.563589, best rearrangement setting 13
Bootstrap[95]: Time 0.585818 seconds, bootstrap likelihood -20328.297753, best rearrangement setting 5
Bootstrap[96]: Time 0.747194 seconds, bootstrap likelihood -20817.369759, best rearrangement setting 13
Bootstrap[97]: Time 0.748274 seconds, bootstrap likelihood -20426.593398, best rearrangement setting 13
Bootstrap[98]: Time 0.596615 seconds, bootstrap likelihood -19744.068444, best rearrangement setting 7
Bootstrap[99]: Time 0.746942 seconds, bootstrap likelihood -20189.118700, best rearrangement setting 12


Overall Time for 100 Rapid Bootstraps 70.609348 seconds
Average Time per Rapid Bootstrap 0.706093 seconds

Starting ML Search ...

Fast ML optimization finished

Fast ML search Time: 56.656856 seconds

Slow ML Search 0 Likelihood: -20716.456749
Slow ML Search 1 Likelihood: -20717.871343
Slow ML Search 2 Likelihood: -20717.871343
Slow ML Search 3 Likelihood: -20717.871343
Slow ML Search 4 Likelihood: -20717.988256
Slow ML Search 5 Likelihood: -20717.988254
Slow ML Search 6 Likelihood: -20717.988256
Slow ML Search 7 Likelihood: -20718.265327
Slow ML Search 8 Likelihood: -20718.745326
Slow ML Search 9 Likelihood: -20718.745326
Slow ML optimization finished

Slow ML search Time: 11.516693 seconds
Thorough ML search Time: 2.094766 seconds

Final ML Optimization Likelihood: -20716.456748

Model Information:

Model Parameters of Partition 0, Name: No Name Provided, Type of Data: DNA
alpha: 0.310670
Tree-Length: 1.589086
rate A <-> C: 2.460580
rate A <-> G: 9.032957
rate A <-> T: 0.947447
rate C <-> G: 0.993622
rate C <-> T: 11.297082
rate G <-> T: 1.000000

freq pi(A): 0.390286
freq pi(C): 0.165935
freq pi(G): 0.227276
freq pi(T): 0.216503


ML search took 70.298812 secs or 0.019527 hours

Combined Bootstrap and ML search took 140.908293 secs or 0.039141 hours

Drawing Bootstrap Support Values on best-scoring ML tree ...



Found 1 tree in File /gpfs_home/mhowison/code/hiv-profile-sampling/scratch/trees/pol/RAxML_bestTree.sample.5



Found 1 tree in File /gpfs_home/mhowison/code/hiv-profile-sampling/scratch/trees/pol/RAxML_bestTree.sample.5

Program execution info written to /gpfs_home/mhowison/code/hiv-profile-sampling/scratch/trees/pol/RAxML_info.sample.5
All 100 bootstrapped trees written to: /gpfs_home/mhowison/code/hiv-profile-sampling/scratch/trees/pol/RAxML_bootstrap.sample.5

Best-scoring ML tree written to: /gpfs_home/mhowison/code/hiv-profile-sampling/scratch/trees/pol/RAxML_bestTree.sample.5

Best-scoring ML tree with support values written to: /gpfs_home/mhowison/code/hiv-profile-sampling/scratch/trees/pol/RAxML_bipartitions.sample.5

Best-scoring ML tree with support values as branch labels written to: /gpfs_home/mhowison/code/hiv-profile-sampling/scratch/trees/pol/RAxML_bipartitionsBranchLabels.sample.5

Overall execution time for full ML analysis: 140.963307 secs or 0.039156 hours or 0.001632 days

