srun: job 261505 queued and waiting for resources
srun: job 261505 has been allocated resources
Warning, you specified a working directory via "-w"
Keep in mind that RAxML only accepts absolute path names, not relative ones!

RAxML can't, parse the alignment file as phylip file 
it will now try to parse it as FASTA file



Using BFGS method to optimize GTR rate parameters, to disable this specify "--no-bfgs" 


This is the RAxML Master Pthread

This is RAxML Worker Pthread Number: 1

This is RAxML Worker Pthread Number: 3

This is RAxML Worker Pthread Number: 2

This is RAxML Worker Pthread Number: 5

This is RAxML Worker Pthread Number: 6

This is RAxML Worker Pthread Number: 4

This is RAxML Worker Pthread Number: 7

This is RAxML Worker Pthread Number: 8

This is RAxML Worker Pthread Number: 10

This is RAxML Worker Pthread Number: 11

This is RAxML Worker Pthread Number: 13

This is RAxML Worker Pthread Number: 9

This is RAxML Worker Pthread Number: 12

This is RAxML Worker Pthread Number: 14

This is RAxML Worker Pthread Number: 15

This is RAxML Worker Pthread Number: 16

This is RAxML Worker Pthread Number: 17

This is RAxML Worker Pthread Number: 18

This is RAxML Worker Pthread Number: 19


This is RAxML version 8.2.12 released by Alexandros Stamatakis on May 2018.

With greatly appreciated code contributions by:
Andre Aberer      (HITS)
Simon Berger      (HITS)
Alexey Kozlov     (HITS)
Kassian Kobert    (HITS)
David Dao         (KIT and HITS)
Sarah Lutteropp   (KIT and HITS)
Nick Pattengale   (Sandia)
Wayne Pfeiffer    (SDSC)
Akifumi S. Tanabe (NRIFS)
Charlie Taylor    (UF)


Alignment has 1180 distinct alignment patterns

Proportion of gaps and completely undetermined characters in this alignment: 5.94%

RAxML rapid bootstrapping and subsequent ML search

Using 1 distinct models/data partitions with joint branch length optimization



Executing 100 rapid bootstrap inferences and thereafter a thorough ML search 

All free model parameters will be estimated by RAxML
GAMMA model of rate heterogeneity, ML estimate of alpha-parameter

GAMMA Model parameters will be estimated up to an accuracy of 0.1000000000 Log Likelihood units

Partition: 0
Alignment Patterns: 1180
Name: No Name Provided
DataType: DNA
Substitution Matrix: GTR




RAxML was called as follows:

raxmlHPC-PTHREADS-AVX -T 20 -s scratch/aligned/pol/sample.144.fa -p 9343333734 -x 9343333734 -f a -N 100 -m GTRGAMMA -w /gpfs_home/mhowison/code/hiv-profile-sampling/scratch/trees/pol -n sample.144 



Time for BS model parameter optimization 0.052149
Bootstrap[0]: Time 0.622175 seconds, bootstrap likelihood -19803.394208, best rearrangement setting 12
Bootstrap[1]: Time 0.582153 seconds, bootstrap likelihood -21321.200106, best rearrangement setting 14
Bootstrap[2]: Time 0.444939 seconds, bootstrap likelihood -20583.469216, best rearrangement setting 14
Bootstrap[3]: Time 0.744065 seconds, bootstrap likelihood -21024.593713, best rearrangement setting 8
Bootstrap[4]: Time 0.538572 seconds, bootstrap likelihood -20797.752313, best rearrangement setting 13
Bootstrap[5]: Time 0.525493 seconds, bootstrap likelihood -20554.165365, best rearrangement setting 12
Bootstrap[6]: Time 0.606802 seconds, bootstrap likelihood -20640.777685, best rearrangement setting 8
Bootstrap[7]: Time 0.563618 seconds, bootstrap likelihood -20819.296698, best rearrangement setting 8
Bootstrap[8]: Time 0.438237 seconds, bootstrap likelihood -20392.064907, best rearrangement setting 5
Bootstrap[9]: Time 0.501704 seconds, bootstrap likelihood -20155.835994, best rearrangement setting 13
Bootstrap[10]: Time 0.474788 seconds, bootstrap likelihood -20490.679947, best rearrangement setting 6
Bootstrap[11]: Time 0.452429 seconds, bootstrap likelihood -20814.255062, best rearrangement setting 6
Bootstrap[12]: Time 0.593694 seconds, bootstrap likelihood -21751.196707, best rearrangement setting 9
Bootstrap[13]: Time 0.427324 seconds, bootstrap likelihood -21711.223842, best rearrangement setting 7
Bootstrap[14]: Time 0.463728 seconds, bootstrap likelihood -20944.527792, best rearrangement setting 9
Bootstrap[15]: Time 0.430834 seconds, bootstrap likelihood -21015.779558, best rearrangement setting 5
Bootstrap[16]: Time 0.500311 seconds, bootstrap likelihood -21468.497817, best rearrangement setting 6
Bootstrap[17]: Time 0.514948 seconds, bootstrap likelihood -20796.651890, best rearrangement setting 12
Bootstrap[18]: Time 0.682903 seconds, bootstrap likelihood -20674.130283, best rearrangement setting 12
Bootstrap[19]: Time 0.502531 seconds, bootstrap likelihood -20127.234747, best rearrangement setting 10
Bootstrap[20]: Time 0.484556 seconds, bootstrap likelihood -20900.866546, best rearrangement setting 6
Bootstrap[21]: Time 0.440507 seconds, bootstrap likelihood -20506.380658, best rearrangement setting 5
Bootstrap[22]: Time 0.531291 seconds, bootstrap likelihood -21201.128516, best rearrangement setting 6
Bootstrap[23]: Time 0.516199 seconds, bootstrap likelihood -20501.665021, best rearrangement setting 7
Bootstrap[24]: Time 0.524486 seconds, bootstrap likelihood -20435.988641, best rearrangement setting 9
Bootstrap[25]: Time 0.512898 seconds, bootstrap likelihood -19374.068600, best rearrangement setting 13
Bootstrap[26]: Time 0.499111 seconds, bootstrap likelihood -21131.532000, best rearrangement setting 6
Bootstrap[27]: Time 0.555618 seconds, bootstrap likelihood -20059.381960, best rearrangement setting 11
Bootstrap[28]: Time 0.484973 seconds, bootstrap likelihood -20714.977344, best rearrangement setting 6
Bootstrap[29]: Time 0.535033 seconds, bootstrap likelihood -21182.701292, best rearrangement setting 14
Bootstrap[30]: Time 0.546225 seconds, bootstrap likelihood -20873.947964, best rearrangement setting 11
Bootstrap[31]: Time 0.543429 seconds, bootstrap likelihood -21034.886066, best rearrangement setting 9
Bootstrap[32]: Time 0.838562 seconds, bootstrap likelihood -20747.535152, best rearrangement setting 15
Bootstrap[33]: Time 0.488635 seconds, bootstrap likelihood -21889.593617, best rearrangement setting 11
Bootstrap[34]: Time 0.506937 seconds, bootstrap likelihood -20814.133367, best rearrangement setting 15
Bootstrap[35]: Time 0.621779 seconds, bootstrap likelihood -21525.853887, best rearrangement setting 14
Bootstrap[36]: Time 0.490522 seconds, bootstrap likelihood -21145.701288, best rearrangement setting 12
Bootstrap[37]: Time 0.477298 seconds, bootstrap likelihood -20669.086676, best rearrangement setting 12
Bootstrap[38]: Time 0.518999 seconds, bootstrap likelihood -21015.974294, best rearrangement setting 7
Bootstrap[39]: Time 0.597374 seconds, bootstrap likelihood -19729.449965, best rearrangement setting 14
Bootstrap[40]: Time 0.436069 seconds, bootstrap likelihood -20443.050733, best rearrangement setting 14
Bootstrap[41]: Time 0.465392 seconds, bootstrap likelihood -21142.469503, best rearrangement setting 5
Bootstrap[42]: Time 0.506406 seconds, bootstrap likelihood -20584.725954, best rearrangement setting 11
Bootstrap[43]: Time 0.793348 seconds, bootstrap likelihood -20594.903640, best rearrangement setting 6
Bootstrap[44]: Time 0.594713 seconds, bootstrap likelihood -21145.132489, best rearrangement setting 15
Bootstrap[45]: Time 0.480682 seconds, bootstrap likelihood -21129.346016, best rearrangement setting 15
Bootstrap[46]: Time 0.511838 seconds, bootstrap likelihood -21039.569968, best rearrangement setting 12
Bootstrap[47]: Time 0.784921 seconds, bootstrap likelihood -21128.003828, best rearrangement setting 11
Bootstrap[48]: Time 0.415302 seconds, bootstrap likelihood -20323.520299, best rearrangement setting 5
Bootstrap[49]: Time 0.494637 seconds, bootstrap likelihood -20695.965388, best rearrangement setting 7
Bootstrap[50]: Time 0.460491 seconds, bootstrap likelihood -21268.620428, best rearrangement setting 9
Bootstrap[51]: Time 0.499655 seconds, bootstrap likelihood -20806.300656, best rearrangement setting 6
Bootstrap[52]: Time 0.520186 seconds, bootstrap likelihood -21088.145582, best rearrangement setting 13
Bootstrap[53]: Time 0.510438 seconds, bootstrap likelihood -21215.955745, best rearrangement setting 13
Bootstrap[54]: Time 0.466144 seconds, bootstrap likelihood -20647.403425, best rearrangement setting 6
Bootstrap[55]: Time 0.498739 seconds, bootstrap likelihood -20599.437910, best rearrangement setting 13
Bootstrap[56]: Time 0.518342 seconds, bootstrap likelihood -21241.310384, best rearrangement setting 12
Bootstrap[57]: Time 0.521540 seconds, bootstrap likelihood -19962.746244, best rearrangement setting 10
Bootstrap[58]: Time 0.492537 seconds, bootstrap likelihood -20826.175969, best rearrangement setting 8
Bootstrap[59]: Time 0.473706 seconds, bootstrap likelihood -21335.775577, best rearrangement setting 9
Bootstrap[60]: Time 1.163360 seconds, bootstrap likelihood -20924.376185, best rearrangement setting 10
Bootstrap[61]: Time 0.459903 seconds, bootstrap likelihood -19755.919529, best rearrangement setting 5
Bootstrap[62]: Time 0.525196 seconds, bootstrap likelihood -20705.052454, best rearrangement setting 10
Bootstrap[63]: Time 0.518255 seconds, bootstrap likelihood -20384.416071, best rearrangement setting 15
Bootstrap[64]: Time 0.435037 seconds, bootstrap likelihood -20470.385374, best rearrangement setting 5
Bootstrap[65]: Time 0.464162 seconds, bootstrap likelihood -21458.643593, best rearrangement setting 7
Bootstrap[66]: Time 0.518447 seconds, bootstrap likelihood -20266.676886, best rearrangement setting 10
Bootstrap[67]: Time 0.539559 seconds, bootstrap likelihood -20674.579983, best rearrangement setting 8
Bootstrap[68]: Time 0.461393 seconds, bootstrap likelihood -21973.757788, best rearrangement setting 6
Bootstrap[69]: Time 0.578203 seconds, bootstrap likelihood -21037.492026, best rearrangement setting 11
Bootstrap[70]: Time 0.516823 seconds, bootstrap likelihood -21120.364383, best rearrangement setting 15
Bootstrap[71]: Time 0.472361 seconds, bootstrap likelihood -21239.425333, best rearrangement setting 8
Bootstrap[72]: Time 0.537997 seconds, bootstrap likelihood -20349.437535, best rearrangement setting 13
Bootstrap[73]: Time 0.534589 seconds, bootstrap likelihood -21691.729785, best rearrangement setting 11
Bootstrap[74]: Time 0.424459 seconds, bootstrap likelihood -21032.378601, best rearrangement setting 10
Bootstrap[75]: Time 0.396667 seconds, bootstrap likelihood -20935.173640, best rearrangement setting 7
Bootstrap[76]: Time 0.374189 seconds, bootstrap likelihood -20046.171472, best rearrangement setting 12
Bootstrap[77]: Time 0.441929 seconds, bootstrap likelihood -20226.845022, best rearrangement setting 11
Bootstrap[78]: Time 0.559500 seconds, bootstrap likelihood -20405.599171, best rearrangement setting 11
Bootstrap[79]: Time 0.439342 seconds, bootstrap likelihood -20561.619475, best rearrangement setting 8
Bootstrap[80]: Time 0.538169 seconds, bootstrap likelihood -20711.628630, best rearrangement setting 13
Bootstrap[81]: Time 0.514239 seconds, bootstrap likelihood -20950.582543, best rearrangement setting 7
Bootstrap[82]: Time 0.518946 seconds, bootstrap likelihood -20571.880166, best rearrangement setting 6
Bootstrap[83]: Time 0.469929 seconds, bootstrap likelihood -21133.019858, best rearrangement setting 6
Bootstrap[84]: Time 0.466630 seconds, bootstrap likelihood -20671.581575, best rearrangement setting 13
Bootstrap[85]: Time 0.484796 seconds, bootstrap likelihood -20669.904437, best rearrangement setting 7
Bootstrap[86]: Time 0.438392 seconds, bootstrap likelihood -20460.851017, best rearrangement setting 7
Bootstrap[87]: Time 0.501694 seconds, bootstrap likelihood -21196.378439, best rearrangement setting 15
Bootstrap[88]: Time 0.526127 seconds, bootstrap likelihood -20448.688340, best rearrangement setting 12
Bootstrap[89]: Time 0.632585 seconds, bootstrap likelihood -20461.587022, best rearrangement setting 15
Bootstrap[90]: Time 0.494525 seconds, bootstrap likelihood -20001.678701, best rearrangement setting 12
Bootstrap[91]: Time 0.517846 seconds, bootstrap likelihood -20074.501224, best rearrangement setting 13
Bootstrap[92]: Time 0.555951 seconds, bootstrap likelihood -20710.365211, best rearrangement setting 8
Bootstrap[93]: Time 0.468496 seconds, bootstrap likelihood -20999.670683, best rearrangement setting 10
Bootstrap[94]: Time 0.526298 seconds, bootstrap likelihood -19963.347967, best rearrangement setting 6
Bootstrap[95]: Time 0.468502 seconds, bootstrap likelihood -20628.762293, best rearrangement setting 6
Bootstrap[96]: Time 0.512341 seconds, bootstrap likelihood -20308.533387, best rearrangement setting 12
Bootstrap[97]: Time 0.603697 seconds, bootstrap likelihood -20726.511181, best rearrangement setting 15
Bootstrap[98]: Time 0.495601 seconds, bootstrap likelihood -20330.831069, best rearrangement setting 7
Bootstrap[99]: Time 0.506706 seconds, bootstrap likelihood -20641.649737, best rearrangement setting 14


Overall Time for 100 Rapid Bootstraps 52.412876 seconds
Average Time per Rapid Bootstrap 0.524129 seconds

Starting ML Search ...

Fast ML optimization finished

Fast ML search Time: 53.614579 seconds

Slow ML Search 0 Likelihood: -20861.422036
Slow ML Search 1 Likelihood: -20861.422036
Slow ML Search 2 Likelihood: -20861.422036
Slow ML Search 3 Likelihood: -20861.422555
Slow ML Search 4 Likelihood: -20862.011083
Slow ML Search 5 Likelihood: -20862.857249
Slow ML Search 6 Likelihood: -20863.187635
Slow ML Search 7 Likelihood: -20863.187879
Slow ML Search 8 Likelihood: -20863.489533
Slow ML Search 9 Likelihood: -20863.489533
Slow ML optimization finished

Slow ML search Time: 10.707647 seconds
Thorough ML search Time: 1.081746 seconds

Final ML Optimization Likelihood: -20861.422129

Model Information:

Model Parameters of Partition 0, Name: No Name Provided, Type of Data: DNA
alpha: 0.303303
Tree-Length: 1.591425
rate A <-> C: 2.247641
rate A <-> G: 8.843471
rate A <-> T: 0.952139
rate C <-> G: 1.008176
rate C <-> T: 10.975503
rate G <-> T: 1.000000

freq pi(A): 0.389952
freq pi(C): 0.165955
freq pi(G): 0.227572
freq pi(T): 0.216522


ML search took 65.415566 secs or 0.018171 hours

Combined Bootstrap and ML search took 117.828590 secs or 0.032730 hours

Drawing Bootstrap Support Values on best-scoring ML tree ...



Found 1 tree in File /gpfs_home/mhowison/code/hiv-profile-sampling/scratch/trees/pol/RAxML_bestTree.sample.144



Found 1 tree in File /gpfs_home/mhowison/code/hiv-profile-sampling/scratch/trees/pol/RAxML_bestTree.sample.144

Program execution info written to /gpfs_home/mhowison/code/hiv-profile-sampling/scratch/trees/pol/RAxML_info.sample.144
All 100 bootstrapped trees written to: /gpfs_home/mhowison/code/hiv-profile-sampling/scratch/trees/pol/RAxML_bootstrap.sample.144

Best-scoring ML tree written to: /gpfs_home/mhowison/code/hiv-profile-sampling/scratch/trees/pol/RAxML_bestTree.sample.144

Best-scoring ML tree with support values written to: /gpfs_home/mhowison/code/hiv-profile-sampling/scratch/trees/pol/RAxML_bipartitions.sample.144

Best-scoring ML tree with support values as branch labels written to: /gpfs_home/mhowison/code/hiv-profile-sampling/scratch/trees/pol/RAxML_bipartitionsBranchLabels.sample.144

Overall execution time for full ML analysis: 117.833261 secs or 0.032731 hours or 0.001364 days

