srun: job 261818 queued and waiting for resources
srun: job 261818 has been allocated resources
Warning, you specified a working directory via "-w"
Keep in mind that RAxML only accepts absolute path names, not relative ones!

RAxML can't, parse the alignment file as phylip file 
it will now try to parse it as FASTA file



Using BFGS method to optimize GTR rate parameters, to disable this specify "--no-bfgs" 


This is the RAxML Master Pthread

This is RAxML Worker Pthread Number: 2

This is RAxML Worker Pthread Number: 4

This is RAxML Worker Pthread Number: 3

This is RAxML Worker Pthread Number: 6

This is RAxML Worker Pthread Number: 1

This is RAxML Worker Pthread Number: 5

This is RAxML Worker Pthread Number: 9

This is RAxML Worker Pthread Number: 8

This is RAxML Worker Pthread Number: 7

This is RAxML Worker Pthread Number: 10

This is RAxML Worker Pthread Number: 11

This is RAxML Worker Pthread Number: 12

This is RAxML Worker Pthread Number: 13

This is RAxML Worker Pthread Number: 15

This is RAxML Worker Pthread Number: 14

This is RAxML Worker Pthread Number: 18

This is RAxML Worker Pthread Number: 19

This is RAxML Worker Pthread Number: 16

This is RAxML Worker Pthread Number: 17


This is RAxML version 8.2.12 released by Alexandros Stamatakis on May 2018.

With greatly appreciated code contributions by:
Andre Aberer      (HITS)
Simon Berger      (HITS)
Alexey Kozlov     (HITS)
Kassian Kobert    (HITS)
David Dao         (KIT and HITS)
Sarah Lutteropp   (KIT and HITS)
Nick Pattengale   (Sandia)
Wayne Pfeiffer    (SDSC)
Akifumi S. Tanabe (NRIFS)
Charlie Taylor    (UF)


Alignment has 1167 distinct alignment patterns

Proportion of gaps and completely undetermined characters in this alignment: 5.94%

RAxML rapid bootstrapping and subsequent ML search

Using 1 distinct models/data partitions with joint branch length optimization



Executing 100 rapid bootstrap inferences and thereafter a thorough ML search 

All free model parameters will be estimated by RAxML
GAMMA model of rate heterogeneity, ML estimate of alpha-parameter

GAMMA Model parameters will be estimated up to an accuracy of 0.1000000000 Log Likelihood units

Partition: 0
Alignment Patterns: 1167
Name: No Name Provided
DataType: DNA
Substitution Matrix: GTR




RAxML was called as follows:

raxmlHPC-PTHREADS-AVX -T 20 -s scratch/aligned/pol/sample.250.fa -p 8285949989 -x 8285949989 -f a -N 100 -m GTRGAMMA -w /gpfs_home/mhowison/code/hiv-profile-sampling/scratch/trees/pol -n sample.250 



Time for BS model parameter optimization 0.052372
Bootstrap[0]: Time 0.544507 seconds, bootstrap likelihood -20890.576969, best rearrangement setting 5
Bootstrap[1]: Time 2.477297 seconds, bootstrap likelihood -20842.256596, best rearrangement setting 15
Bootstrap[2]: Time 5.124730 seconds, bootstrap likelihood -20830.864832, best rearrangement setting 12
Bootstrap[3]: Time 0.547771 seconds, bootstrap likelihood -20168.342796, best rearrangement setting 12
Bootstrap[4]: Time 0.494670 seconds, bootstrap likelihood -20045.317694, best rearrangement setting 7
Bootstrap[5]: Time 0.563123 seconds, bootstrap likelihood -20707.002266, best rearrangement setting 15
Bootstrap[6]: Time 2.913821 seconds, bootstrap likelihood -19836.306981, best rearrangement setting 14
Bootstrap[7]: Time 0.524511 seconds, bootstrap likelihood -21053.965664, best rearrangement setting 11
Bootstrap[8]: Time 0.504711 seconds, bootstrap likelihood -20224.960743, best rearrangement setting 6
Bootstrap[9]: Time 0.552120 seconds, bootstrap likelihood -19922.061097, best rearrangement setting 10
Bootstrap[10]: Time 0.599642 seconds, bootstrap likelihood -20903.389306, best rearrangement setting 15
Bootstrap[11]: Time 0.549616 seconds, bootstrap likelihood -19767.856696, best rearrangement setting 9
Bootstrap[12]: Time 0.493299 seconds, bootstrap likelihood -20292.594519, best rearrangement setting 9
Bootstrap[13]: Time 0.462493 seconds, bootstrap likelihood -20503.203895, best rearrangement setting 14
Bootstrap[14]: Time 0.562673 seconds, bootstrap likelihood -20649.299722, best rearrangement setting 15
Bootstrap[15]: Time 0.610067 seconds, bootstrap likelihood -19450.051338, best rearrangement setting 8
Bootstrap[16]: Time 0.691125 seconds, bootstrap likelihood -21322.125086, best rearrangement setting 11
Bootstrap[17]: Time 0.572681 seconds, bootstrap likelihood -21273.813585, best rearrangement setting 8
Bootstrap[18]: Time 0.541049 seconds, bootstrap likelihood -20218.014422, best rearrangement setting 11
Bootstrap[19]: Time 0.774600 seconds, bootstrap likelihood -21149.790416, best rearrangement setting 10
Bootstrap[20]: Time 0.452934 seconds, bootstrap likelihood -20265.672500, best rearrangement setting 9
Bootstrap[21]: Time 7.432898 seconds, bootstrap likelihood -20885.116684, best rearrangement setting 9
Bootstrap[22]: Time 3.445104 seconds, bootstrap likelihood -21391.879638, best rearrangement setting 7
Bootstrap[23]: Time 0.573951 seconds, bootstrap likelihood -21740.561687, best rearrangement setting 8
Bootstrap[24]: Time 0.540647 seconds, bootstrap likelihood -19451.053678, best rearrangement setting 8
Bootstrap[25]: Time 0.490373 seconds, bootstrap likelihood -20205.706994, best rearrangement setting 6
Bootstrap[26]: Time 0.492463 seconds, bootstrap likelihood -20344.269149, best rearrangement setting 7
Bootstrap[27]: Time 0.496309 seconds, bootstrap likelihood -20602.833098, best rearrangement setting 12
Bootstrap[28]: Time 0.517150 seconds, bootstrap likelihood -20476.124314, best rearrangement setting 12
Bootstrap[29]: Time 0.524015 seconds, bootstrap likelihood -20338.561362, best rearrangement setting 8
Bootstrap[30]: Time 0.472951 seconds, bootstrap likelihood -21136.910687, best rearrangement setting 6
Bootstrap[31]: Time 2.556081 seconds, bootstrap likelihood -20979.871068, best rearrangement setting 6
Bootstrap[32]: Time 0.553331 seconds, bootstrap likelihood -20014.679959, best rearrangement setting 8
Bootstrap[33]: Time 0.498755 seconds, bootstrap likelihood -20298.068097, best rearrangement setting 15
Bootstrap[34]: Time 0.534174 seconds, bootstrap likelihood -20033.961269, best rearrangement setting 12
Bootstrap[35]: Time 0.685193 seconds, bootstrap likelihood -20246.928946, best rearrangement setting 9
Bootstrap[36]: Time 3.091781 seconds, bootstrap likelihood -21237.744105, best rearrangement setting 10
Bootstrap[37]: Time 0.452404 seconds, bootstrap likelihood -20388.071192, best rearrangement setting 9
Bootstrap[38]: Time 0.496993 seconds, bootstrap likelihood -20832.805640, best rearrangement setting 11
Bootstrap[39]: Time 0.444981 seconds, bootstrap likelihood -20085.289071, best rearrangement setting 9
Bootstrap[40]: Time 0.535727 seconds, bootstrap likelihood -20128.759869, best rearrangement setting 8
Bootstrap[41]: Time 0.513805 seconds, bootstrap likelihood -20444.038856, best rearrangement setting 15
Bootstrap[42]: Time 0.482386 seconds, bootstrap likelihood -20441.555866, best rearrangement setting 10
Bootstrap[43]: Time 0.575248 seconds, bootstrap likelihood -20022.941149, best rearrangement setting 10
Bootstrap[44]: Time 0.496956 seconds, bootstrap likelihood -20357.877788, best rearrangement setting 14
Bootstrap[45]: Time 0.584651 seconds, bootstrap likelihood -20372.601901, best rearrangement setting 12
Bootstrap[46]: Time 0.463489 seconds, bootstrap likelihood -20106.479766, best rearrangement setting 15
Bootstrap[47]: Time 15.047760 seconds, bootstrap likelihood -19734.962251, best rearrangement setting 12
Bootstrap[48]: Time 5.123913 seconds, bootstrap likelihood -20588.453362, best rearrangement setting 12
Bootstrap[49]: Time 0.583394 seconds, bootstrap likelihood -20275.409446, best rearrangement setting 8
Bootstrap[50]: Time 0.521116 seconds, bootstrap likelihood -20842.872535, best rearrangement setting 15
Bootstrap[51]: Time 3.389515 seconds, bootstrap likelihood -20698.368596, best rearrangement setting 7
Bootstrap[52]: Time 0.586998 seconds, bootstrap likelihood -20361.457713, best rearrangement setting 11
Bootstrap[53]: Time 0.500669 seconds, bootstrap likelihood -20953.308695, best rearrangement setting 14
Bootstrap[54]: Time 0.522975 seconds, bootstrap likelihood -20775.922500, best rearrangement setting 9
Bootstrap[55]: Time 0.529485 seconds, bootstrap likelihood -20229.702495, best rearrangement setting 5
Bootstrap[56]: Time 0.495391 seconds, bootstrap likelihood -21120.343806, best rearrangement setting 14
Bootstrap[57]: Time 0.482997 seconds, bootstrap likelihood -20432.287410, best rearrangement setting 6
Bootstrap[58]: Time 0.522333 seconds, bootstrap likelihood -20515.581310, best rearrangement setting 14
Bootstrap[59]: Time 0.414886 seconds, bootstrap likelihood -20560.090945, best rearrangement setting 5
Bootstrap[60]: Time 0.592708 seconds, bootstrap likelihood -20100.463083, best rearrangement setting 14
Bootstrap[61]: Time 0.513704 seconds, bootstrap likelihood -20440.532912, best rearrangement setting 6
Bootstrap[62]: Time 0.584904 seconds, bootstrap likelihood -20658.520816, best rearrangement setting 11
Bootstrap[63]: Time 0.830145 seconds, bootstrap likelihood -20199.735908, best rearrangement setting 10
Bootstrap[64]: Time 0.528414 seconds, bootstrap likelihood -20962.886101, best rearrangement setting 15
Bootstrap[65]: Time 0.552059 seconds, bootstrap likelihood -20540.501870, best rearrangement setting 9
Bootstrap[66]: Time 0.565639 seconds, bootstrap likelihood -20466.617889, best rearrangement setting 7
Bootstrap[67]: Time 0.516965 seconds, bootstrap likelihood -20641.623131, best rearrangement setting 14
Bootstrap[68]: Time 0.551190 seconds, bootstrap likelihood -19905.337731, best rearrangement setting 9
Bootstrap[69]: Time 0.551418 seconds, bootstrap likelihood -20379.743004, best rearrangement setting 9
Bootstrap[70]: Time 0.504113 seconds, bootstrap likelihood -20217.545206, best rearrangement setting 13
Bootstrap[71]: Time 4.864975 seconds, bootstrap likelihood -20899.028111, best rearrangement setting 12
Bootstrap[72]: Time 0.551576 seconds, bootstrap likelihood -19933.760371, best rearrangement setting 7
Bootstrap[73]: Time 0.448958 seconds, bootstrap likelihood -20854.704194, best rearrangement setting 8
Bootstrap[74]: Time 0.559183 seconds, bootstrap likelihood -20957.849393, best rearrangement setting 9
Bootstrap[75]: Time 0.522284 seconds, bootstrap likelihood -21045.621137, best rearrangement setting 8
Bootstrap[76]: Time 0.620250 seconds, bootstrap likelihood -20960.908753, best rearrangement setting 8
Bootstrap[77]: Time 0.549107 seconds, bootstrap likelihood -20952.804353, best rearrangement setting 11
Bootstrap[78]: Time 0.553578 seconds, bootstrap likelihood -20473.069683, best rearrangement setting 13
Bootstrap[79]: Time 0.541846 seconds, bootstrap likelihood -20400.677745, best rearrangement setting 14
Bootstrap[80]: Time 0.630033 seconds, bootstrap likelihood -20507.585659, best rearrangement setting 6
Bootstrap[81]: Time 0.558641 seconds, bootstrap likelihood -20961.346829, best rearrangement setting 6
Bootstrap[82]: Time 0.538897 seconds, bootstrap likelihood -19824.738170, best rearrangement setting 9
Bootstrap[83]: Time 0.539483 seconds, bootstrap likelihood -21419.143447, best rearrangement setting 12
Bootstrap[84]: Time 0.536033 seconds, bootstrap likelihood -20222.958582, best rearrangement setting 14
Bootstrap[85]: Time 0.506589 seconds, bootstrap likelihood -20469.383453, best rearrangement setting 15
Bootstrap[86]: Time 0.475813 seconds, bootstrap likelihood -20974.494658, best rearrangement setting 14
Bootstrap[87]: Time 0.542783 seconds, bootstrap likelihood -20287.389586, best rearrangement setting 12
Bootstrap[88]: Time 0.535496 seconds, bootstrap likelihood -20393.621262, best rearrangement setting 14
Bootstrap[89]: Time 0.536021 seconds, bootstrap likelihood -20762.566911, best rearrangement setting 12
Bootstrap[90]: Time 0.539640 seconds, bootstrap likelihood -20278.911265, best rearrangement setting 10
Bootstrap[91]: Time 0.579104 seconds, bootstrap likelihood -21201.886752, best rearrangement setting 8
Bootstrap[92]: Time 0.502581 seconds, bootstrap likelihood -21528.930800, best rearrangement setting 6
Bootstrap[93]: Time 3.674975 seconds, bootstrap likelihood -20169.093863, best rearrangement setting 5
Bootstrap[94]: Time 2.549354 seconds, bootstrap likelihood -20319.528165, best rearrangement setting 13
Bootstrap[95]: Time 3.881905 seconds, bootstrap likelihood -20594.005887, best rearrangement setting 5
Bootstrap[96]: Time 0.505579 seconds, bootstrap likelihood -20738.923537, best rearrangement setting 11
Bootstrap[97]: Time 2.396668 seconds, bootstrap likelihood -20897.462275, best rearrangement setting 13
Bootstrap[98]: Time 0.634779 seconds, bootstrap likelihood -20565.566567, best rearrangement setting 13
Bootstrap[99]: Time 0.480897 seconds, bootstrap likelihood -20990.130162, best rearrangement setting 12


Overall Time for 100 Rapid Bootstraps 114.008876 seconds
Average Time per Rapid Bootstrap 1.140089 seconds

Starting ML Search ...

Fast ML optimization finished

Fast ML search Time: 391.215875 seconds

Slow ML Search 0 Likelihood: -20619.587475
Slow ML Search 1 Likelihood: -20619.587475
Slow ML Search 2 Likelihood: -20619.587475
Slow ML Search 3 Likelihood: -20619.587475
Slow ML Search 4 Likelihood: -20619.587475
Slow ML Search 5 Likelihood: -20620.447763
Slow ML Search 6 Likelihood: -20620.447763
Slow ML Search 7 Likelihood: -20620.447763
Slow ML Search 8 Likelihood: -20620.818932
Slow ML Search 9 Likelihood: -20619.766519
Slow ML optimization finished

Slow ML search Time: 82.876809 seconds
Thorough ML search Time: 1.272584 seconds

Final ML Optimization Likelihood: -20619.587474

Model Information:

Model Parameters of Partition 0, Name: No Name Provided, Type of Data: DNA
alpha: 0.299598
Tree-Length: 1.607322
rate A <-> C: 2.539022
rate A <-> G: 9.549656
rate A <-> T: 1.004735
rate C <-> G: 1.145871
rate C <-> T: 12.230022
rate G <-> T: 1.000000

freq pi(A): 0.390284
freq pi(C): 0.165902
freq pi(G): 0.227250
freq pi(T): 0.216563


ML search took 475.407302 secs or 0.132058 hours

Combined Bootstrap and ML search took 589.416309 secs or 0.163727 hours

Drawing Bootstrap Support Values on best-scoring ML tree ...



Found 1 tree in File /gpfs_home/mhowison/code/hiv-profile-sampling/scratch/trees/pol/RAxML_bestTree.sample.250



Found 1 tree in File /gpfs_home/mhowison/code/hiv-profile-sampling/scratch/trees/pol/RAxML_bestTree.sample.250

Program execution info written to /gpfs_home/mhowison/code/hiv-profile-sampling/scratch/trees/pol/RAxML_info.sample.250
All 100 bootstrapped trees written to: /gpfs_home/mhowison/code/hiv-profile-sampling/scratch/trees/pol/RAxML_bootstrap.sample.250

Best-scoring ML tree written to: /gpfs_home/mhowison/code/hiv-profile-sampling/scratch/trees/pol/RAxML_bestTree.sample.250

Best-scoring ML tree with support values written to: /gpfs_home/mhowison/code/hiv-profile-sampling/scratch/trees/pol/RAxML_bipartitions.sample.250

Best-scoring ML tree with support values as branch labels written to: /gpfs_home/mhowison/code/hiv-profile-sampling/scratch/trees/pol/RAxML_bipartitionsBranchLabels.sample.250

Overall execution time for full ML analysis: 589.420697 secs or 0.163728 hours or 0.006822 days

