srun: job 262157 queued and waiting for resources
srun: job 262157 has been allocated resources
Warning, you specified a working directory via "-w"
Keep in mind that RAxML only accepts absolute path names, not relative ones!

RAxML can't, parse the alignment file as phylip file 
it will now try to parse it as FASTA file



Using BFGS method to optimize GTR rate parameters, to disable this specify "--no-bfgs" 


This is the RAxML Master Pthread

This is RAxML Worker Pthread Number: 1

This is RAxML Worker Pthread Number: 5

This is RAxML Worker Pthread Number: 6

This is RAxML Worker Pthread Number: 3

This is RAxML Worker Pthread Number: 7

This is RAxML Worker Pthread Number: 4

This is RAxML Worker Pthread Number: 2

This is RAxML Worker Pthread Number: 8

This is RAxML Worker Pthread Number: 10

This is RAxML Worker Pthread Number: 11

This is RAxML Worker Pthread Number: 9

This is RAxML Worker Pthread Number: 12

This is RAxML Worker Pthread Number: 14

This is RAxML Worker Pthread Number: 15

This is RAxML Worker Pthread Number: 16

This is RAxML Worker Pthread Number: 13

This is RAxML Worker Pthread Number: 17

This is RAxML Worker Pthread Number: 19

This is RAxML Worker Pthread Number: 18


This is RAxML version 8.2.12 released by Alexandros Stamatakis on May 2018.

With greatly appreciated code contributions by:
Andre Aberer      (HITS)
Simon Berger      (HITS)
Alexey Kozlov     (HITS)
Kassian Kobert    (HITS)
David Dao         (KIT and HITS)
Sarah Lutteropp   (KIT and HITS)
Nick Pattengale   (Sandia)
Wayne Pfeiffer    (SDSC)
Akifumi S. Tanabe (NRIFS)
Charlie Taylor    (UF)


Alignment has 1185 distinct alignment patterns

Proportion of gaps and completely undetermined characters in this alignment: 5.94%

RAxML rapid bootstrapping and subsequent ML search

Using 1 distinct models/data partitions with joint branch length optimization



Executing 100 rapid bootstrap inferences and thereafter a thorough ML search 

All free model parameters will be estimated by RAxML
GAMMA model of rate heterogeneity, ML estimate of alpha-parameter

GAMMA Model parameters will be estimated up to an accuracy of 0.1000000000 Log Likelihood units

Partition: 0
Alignment Patterns: 1185
Name: No Name Provided
DataType: DNA
Substitution Matrix: GTR




RAxML was called as follows:

raxmlHPC-PTHREADS-AVX -T 20 -s scratch/aligned/pol/sample.375.fa -p 8781059296 -x 8781059296 -f a -N 100 -m GTRGAMMA -w /gpfs_home/mhowison/code/hiv-profile-sampling/scratch/trees/pol -n sample.375 



Time for BS model parameter optimization 0.051503
Bootstrap[0]: Time 0.705527 seconds, bootstrap likelihood -21100.447483, best rearrangement setting 14
Bootstrap[1]: Time 0.463851 seconds, bootstrap likelihood -20156.159972, best rearrangement setting 7
Bootstrap[2]: Time 0.510275 seconds, bootstrap likelihood -20232.503518, best rearrangement setting 14
Bootstrap[3]: Time 0.485160 seconds, bootstrap likelihood -20657.902559, best rearrangement setting 15
Bootstrap[4]: Time 0.509612 seconds, bootstrap likelihood -21038.540376, best rearrangement setting 7
Bootstrap[5]: Time 0.367032 seconds, bootstrap likelihood -20966.829161, best rearrangement setting 6
Bootstrap[6]: Time 0.450629 seconds, bootstrap likelihood -21020.621982, best rearrangement setting 7
Bootstrap[7]: Time 0.592617 seconds, bootstrap likelihood -20511.721378, best rearrangement setting 12
Bootstrap[8]: Time 0.602313 seconds, bootstrap likelihood -21065.039820, best rearrangement setting 8
Bootstrap[9]: Time 0.415155 seconds, bootstrap likelihood -20521.452780, best rearrangement setting 8
Bootstrap[10]: Time 2.867564 seconds, bootstrap likelihood -21431.188253, best rearrangement setting 7
Bootstrap[11]: Time 0.565864 seconds, bootstrap likelihood -20567.981450, best rearrangement setting 7
Bootstrap[12]: Time 0.571699 seconds, bootstrap likelihood -20261.011355, best rearrangement setting 15
Bootstrap[13]: Time 0.420224 seconds, bootstrap likelihood -21047.247797, best rearrangement setting 9
Bootstrap[14]: Time 0.427398 seconds, bootstrap likelihood -19985.479332, best rearrangement setting 5
Bootstrap[15]: Time 0.574544 seconds, bootstrap likelihood -20957.374133, best rearrangement setting 13
Bootstrap[16]: Time 0.492904 seconds, bootstrap likelihood -21130.276590, best rearrangement setting 10
Bootstrap[17]: Time 0.414121 seconds, bootstrap likelihood -20278.998975, best rearrangement setting 5
Bootstrap[18]: Time 0.503193 seconds, bootstrap likelihood -19798.306416, best rearrangement setting 8
Bootstrap[19]: Time 0.438749 seconds, bootstrap likelihood -20366.979672, best rearrangement setting 6
Bootstrap[20]: Time 0.538660 seconds, bootstrap likelihood -20708.686198, best rearrangement setting 8
Bootstrap[21]: Time 0.463167 seconds, bootstrap likelihood -20493.626241, best rearrangement setting 15
Bootstrap[22]: Time 0.593673 seconds, bootstrap likelihood -19934.444265, best rearrangement setting 14
Bootstrap[23]: Time 0.434365 seconds, bootstrap likelihood -20711.726684, best rearrangement setting 6
Bootstrap[24]: Time 0.459667 seconds, bootstrap likelihood -20929.145243, best rearrangement setting 12
Bootstrap[25]: Time 0.494710 seconds, bootstrap likelihood -20317.775028, best rearrangement setting 7
Bootstrap[26]: Time 0.531461 seconds, bootstrap likelihood -20112.671067, best rearrangement setting 11
Bootstrap[27]: Time 0.500566 seconds, bootstrap likelihood -20919.812739, best rearrangement setting 7
Bootstrap[28]: Time 0.525508 seconds, bootstrap likelihood -21213.092723, best rearrangement setting 15
Bootstrap[29]: Time 0.474601 seconds, bootstrap likelihood -20727.954831, best rearrangement setting 7
Bootstrap[30]: Time 0.469835 seconds, bootstrap likelihood -20622.490064, best rearrangement setting 9
Bootstrap[31]: Time 0.590208 seconds, bootstrap likelihood -20811.345437, best rearrangement setting 11
Bootstrap[32]: Time 0.853413 seconds, bootstrap likelihood -20514.795811, best rearrangement setting 7
Bootstrap[33]: Time 0.453929 seconds, bootstrap likelihood -20148.826381, best rearrangement setting 5
Bootstrap[34]: Time 0.464869 seconds, bootstrap likelihood -20254.950682, best rearrangement setting 6
Bootstrap[35]: Time 0.515258 seconds, bootstrap likelihood -21189.823883, best rearrangement setting 9
Bootstrap[36]: Time 0.511637 seconds, bootstrap likelihood -20236.775624, best rearrangement setting 9
Bootstrap[37]: Time 0.428836 seconds, bootstrap likelihood -20576.557252, best rearrangement setting 8
Bootstrap[38]: Time 0.473718 seconds, bootstrap likelihood -20764.678208, best rearrangement setting 7
Bootstrap[39]: Time 0.521817 seconds, bootstrap likelihood -20868.563320, best rearrangement setting 8
Bootstrap[40]: Time 0.541380 seconds, bootstrap likelihood -20457.210471, best rearrangement setting 14
Bootstrap[41]: Time 0.417335 seconds, bootstrap likelihood -19787.010850, best rearrangement setting 5
Bootstrap[42]: Time 0.438963 seconds, bootstrap likelihood -20262.234299, best rearrangement setting 5
Bootstrap[43]: Time 0.488401 seconds, bootstrap likelihood -20829.304988, best rearrangement setting 7
Bootstrap[44]: Time 0.519113 seconds, bootstrap likelihood -20772.264610, best rearrangement setting 12
Bootstrap[45]: Time 0.427777 seconds, bootstrap likelihood -20751.045135, best rearrangement setting 7
Bootstrap[46]: Time 0.436012 seconds, bootstrap likelihood -20104.258189, best rearrangement setting 5
Bootstrap[47]: Time 0.380687 seconds, bootstrap likelihood -21017.056161, best rearrangement setting 5
Bootstrap[48]: Time 0.498197 seconds, bootstrap likelihood -20778.351156, best rearrangement setting 7
Bootstrap[49]: Time 0.468599 seconds, bootstrap likelihood -20305.204045, best rearrangement setting 13
Bootstrap[50]: Time 0.416953 seconds, bootstrap likelihood -20831.340374, best rearrangement setting 8
Bootstrap[51]: Time 0.774234 seconds, bootstrap likelihood -19855.989390, best rearrangement setting 6
Bootstrap[52]: Time 0.486286 seconds, bootstrap likelihood -19813.098751, best rearrangement setting 9
Bootstrap[53]: Time 0.562106 seconds, bootstrap likelihood -21794.095979, best rearrangement setting 12
Bootstrap[54]: Time 3.579070 seconds, bootstrap likelihood -21028.628442, best rearrangement setting 9
Bootstrap[55]: Time 0.834084 seconds, bootstrap likelihood -19433.398304, best rearrangement setting 7
Bootstrap[56]: Time 0.471219 seconds, bootstrap likelihood -19929.848924, best rearrangement setting 13
Bootstrap[57]: Time 0.487385 seconds, bootstrap likelihood -19595.285100, best rearrangement setting 9
Bootstrap[58]: Time 0.480491 seconds, bootstrap likelihood -20894.632424, best rearrangement setting 12
Bootstrap[59]: Time 0.392134 seconds, bootstrap likelihood -20361.018916, best rearrangement setting 5
Bootstrap[60]: Time 0.548750 seconds, bootstrap likelihood -20916.112431, best rearrangement setting 13
Bootstrap[61]: Time 0.521763 seconds, bootstrap likelihood -21043.417562, best rearrangement setting 8
Bootstrap[62]: Time 0.410707 seconds, bootstrap likelihood -21434.633559, best rearrangement setting 8
Bootstrap[63]: Time 0.446514 seconds, bootstrap likelihood -21598.218360, best rearrangement setting 9
Bootstrap[64]: Time 0.515376 seconds, bootstrap likelihood -20377.363204, best rearrangement setting 7
Bootstrap[65]: Time 0.472387 seconds, bootstrap likelihood -21143.286547, best rearrangement setting 12
Bootstrap[66]: Time 0.440265 seconds, bootstrap likelihood -20518.768377, best rearrangement setting 6
Bootstrap[67]: Time 0.482104 seconds, bootstrap likelihood -21078.622784, best rearrangement setting 13
Bootstrap[68]: Time 0.508165 seconds, bootstrap likelihood -20852.361659, best rearrangement setting 9
Bootstrap[69]: Time 0.423112 seconds, bootstrap likelihood -20108.579658, best rearrangement setting 5
Bootstrap[70]: Time 0.396577 seconds, bootstrap likelihood -21381.926679, best rearrangement setting 5
Bootstrap[71]: Time 0.517560 seconds, bootstrap likelihood -21068.409036, best rearrangement setting 10
Bootstrap[72]: Time 1.831445 seconds, bootstrap likelihood -21159.567210, best rearrangement setting 13
Bootstrap[73]: Time 1.696856 seconds, bootstrap likelihood -20321.154585, best rearrangement setting 10
Bootstrap[74]: Time 4.387756 seconds, bootstrap likelihood -20997.296604, best rearrangement setting 15
Bootstrap[75]: Time 0.555975 seconds, bootstrap likelihood -20734.203900, best rearrangement setting 9
Bootstrap[76]: Time 0.430958 seconds, bootstrap likelihood -20499.029971, best rearrangement setting 5
Bootstrap[77]: Time 0.540846 seconds, bootstrap likelihood -20498.090235, best rearrangement setting 14
Bootstrap[78]: Time 0.590463 seconds, bootstrap likelihood -21630.659207, best rearrangement setting 15
Bootstrap[79]: Time 0.439885 seconds, bootstrap likelihood -20857.548697, best rearrangement setting 5
Bootstrap[80]: Time 0.453632 seconds, bootstrap likelihood -20472.619391, best rearrangement setting 7
Bootstrap[81]: Time 0.564202 seconds, bootstrap likelihood -20974.938476, best rearrangement setting 15
Bootstrap[82]: Time 0.444321 seconds, bootstrap likelihood -20926.745259, best rearrangement setting 7
Bootstrap[83]: Time 0.482097 seconds, bootstrap likelihood -20720.727352, best rearrangement setting 10
Bootstrap[84]: Time 0.489004 seconds, bootstrap likelihood -20985.835838, best rearrangement setting 7
Bootstrap[85]: Time 0.462164 seconds, bootstrap likelihood -20857.897986, best rearrangement setting 10
Bootstrap[86]: Time 0.478317 seconds, bootstrap likelihood -20814.768346, best rearrangement setting 6
Bootstrap[87]: Time 0.442270 seconds, bootstrap likelihood -21031.845132, best rearrangement setting 15
Bootstrap[88]: Time 0.513569 seconds, bootstrap likelihood -21183.184473, best rearrangement setting 10
Bootstrap[89]: Time 0.464235 seconds, bootstrap likelihood -21377.893163, best rearrangement setting 12
Bootstrap[90]: Time 0.433591 seconds, bootstrap likelihood -20423.017991, best rearrangement setting 11
Bootstrap[91]: Time 0.444880 seconds, bootstrap likelihood -20092.467698, best rearrangement setting 6
Bootstrap[92]: Time 3.315865 seconds, bootstrap likelihood -20794.122349, best rearrangement setting 15
Bootstrap[93]: Time 1.959605 seconds, bootstrap likelihood -20796.218520, best rearrangement setting 11
Bootstrap[94]: Time 0.517031 seconds, bootstrap likelihood -20569.371890, best rearrangement setting 7
Bootstrap[95]: Time 0.563718 seconds, bootstrap likelihood -20800.683732, best rearrangement setting 14
Bootstrap[96]: Time 0.544149 seconds, bootstrap likelihood -20650.471483, best rearrangement setting 11
Bootstrap[97]: Time 0.561159 seconds, bootstrap likelihood -21044.899162, best rearrangement setting 14
Bootstrap[98]: Time 0.509820 seconds, bootstrap likelihood -20635.402778, best rearrangement setting 9
Bootstrap[99]: Time 0.509120 seconds, bootstrap likelihood -20655.551096, best rearrangement setting 9


Overall Time for 100 Rapid Bootstraps 66.208365 seconds
Average Time per Rapid Bootstrap 0.662084 seconds

Starting ML Search ...

Fast ML optimization finished

Fast ML search Time: 161.147780 seconds

Slow ML Search 0 Likelihood: -20771.106877
Slow ML Search 1 Likelihood: -20771.106877
Slow ML Search 2 Likelihood: -20771.106877
Slow ML Search 3 Likelihood: -20771.106877
Slow ML Search 4 Likelihood: -20771.106877
Slow ML Search 5 Likelihood: -20772.246721
Slow ML Search 6 Likelihood: -20772.246721
Slow ML Search 7 Likelihood: -20772.246721
Slow ML Search 8 Likelihood: -20772.246721
Slow ML Search 9 Likelihood: -20773.899292
Slow ML optimization finished

Slow ML search Time: 15.025898 seconds
Thorough ML search Time: 1.149535 seconds

Final ML Optimization Likelihood: -20771.107060

Model Information:

Model Parameters of Partition 0, Name: No Name Provided, Type of Data: DNA
alpha: 0.304104
Tree-Length: 1.554216
rate A <-> C: 2.315508
rate A <-> G: 8.728237
rate A <-> T: 0.963788
rate C <-> G: 0.994837
rate C <-> T: 10.903037
rate G <-> T: 1.000000

freq pi(A): 0.390116
freq pi(C): 0.165950
freq pi(G): 0.227464
freq pi(T): 0.216471


ML search took 177.329740 secs or 0.049258 hours

Combined Bootstrap and ML search took 243.538274 secs or 0.067650 hours

Drawing Bootstrap Support Values on best-scoring ML tree ...



Found 1 tree in File /gpfs_home/mhowison/code/hiv-profile-sampling/scratch/trees/pol/RAxML_bestTree.sample.375



Found 1 tree in File /gpfs_home/mhowison/code/hiv-profile-sampling/scratch/trees/pol/RAxML_bestTree.sample.375

Program execution info written to /gpfs_home/mhowison/code/hiv-profile-sampling/scratch/trees/pol/RAxML_info.sample.375
All 100 bootstrapped trees written to: /gpfs_home/mhowison/code/hiv-profile-sampling/scratch/trees/pol/RAxML_bootstrap.sample.375

Best-scoring ML tree written to: /gpfs_home/mhowison/code/hiv-profile-sampling/scratch/trees/pol/RAxML_bestTree.sample.375

Best-scoring ML tree with support values written to: /gpfs_home/mhowison/code/hiv-profile-sampling/scratch/trees/pol/RAxML_bipartitions.sample.375

Best-scoring ML tree with support values as branch labels written to: /gpfs_home/mhowison/code/hiv-profile-sampling/scratch/trees/pol/RAxML_bipartitionsBranchLabels.sample.375

Overall execution time for full ML analysis: 243.542556 secs or 0.067651 hours or 0.002819 days

