srun: job 262369 queued and waiting for resources
srun: job 262369 has been allocated resources
Warning, you specified a working directory via "-w"
Keep in mind that RAxML only accepts absolute path names, not relative ones!

RAxML can't, parse the alignment file as phylip file 
it will now try to parse it as FASTA file



Using BFGS method to optimize GTR rate parameters, to disable this specify "--no-bfgs" 


This is the RAxML Master Pthread

This is RAxML Worker Pthread Number: 2

This is RAxML Worker Pthread Number: 5

This is RAxML Worker Pthread Number: 1

This is RAxML Worker Pthread Number: 3

This is RAxML Worker Pthread Number: 6

This is RAxML Worker Pthread Number: 7

This is RAxML Worker Pthread Number: 4

This is RAxML Worker Pthread Number: 8

This is RAxML Worker Pthread Number: 9

This is RAxML Worker Pthread Number: 12

This is RAxML Worker Pthread Number: 11

This is RAxML Worker Pthread Number: 13

This is RAxML Worker Pthread Number: 10

This is RAxML Worker Pthread Number: 14

This is RAxML Worker Pthread Number: 16

This is RAxML Worker Pthread Number: 15

This is RAxML Worker Pthread Number: 17

This is RAxML Worker Pthread Number: 18

This is RAxML Worker Pthread Number: 19


This is RAxML version 8.2.12 released by Alexandros Stamatakis on May 2018.

With greatly appreciated code contributions by:
Andre Aberer      (HITS)
Simon Berger      (HITS)
Alexey Kozlov     (HITS)
Kassian Kobert    (HITS)
David Dao         (KIT and HITS)
Sarah Lutteropp   (KIT and HITS)
Nick Pattengale   (Sandia)
Wayne Pfeiffer    (SDSC)
Akifumi S. Tanabe (NRIFS)
Charlie Taylor    (UF)


Alignment has 1186 distinct alignment patterns

Proportion of gaps and completely undetermined characters in this alignment: 5.94%

RAxML rapid bootstrapping and subsequent ML search

Using 1 distinct models/data partitions with joint branch length optimization



Executing 100 rapid bootstrap inferences and thereafter a thorough ML search 

All free model parameters will be estimated by RAxML
GAMMA model of rate heterogeneity, ML estimate of alpha-parameter

GAMMA Model parameters will be estimated up to an accuracy of 0.1000000000 Log Likelihood units

Partition: 0
Alignment Patterns: 1186
Name: No Name Provided
DataType: DNA
Substitution Matrix: GTR




RAxML was called as follows:

raxmlHPC-PTHREADS-AVX -T 20 -s scratch/aligned/pol/sample.461.fa -p 8680630642 -x 8680630642 -f a -N 100 -m GTRGAMMA -w /gpfs_home/mhowison/code/hiv-profile-sampling/scratch/trees/pol -n sample.461 



Time for BS model parameter optimization 0.057147
Bootstrap[0]: Time 0.743478 seconds, bootstrap likelihood -19929.818369, best rearrangement setting 10
Bootstrap[1]: Time 0.670044 seconds, bootstrap likelihood -20176.729591, best rearrangement setting 7
Bootstrap[2]: Time 0.634331 seconds, bootstrap likelihood -21125.465342, best rearrangement setting 12
Bootstrap[3]: Time 0.690621 seconds, bootstrap likelihood -19789.895787, best rearrangement setting 6
Bootstrap[4]: Time 0.588049 seconds, bootstrap likelihood -20228.518446, best rearrangement setting 5
Bootstrap[5]: Time 0.771276 seconds, bootstrap likelihood -21007.739174, best rearrangement setting 7
Bootstrap[6]: Time 0.626859 seconds, bootstrap likelihood -20308.408837, best rearrangement setting 7
Bootstrap[7]: Time 0.775993 seconds, bootstrap likelihood -20951.291223, best rearrangement setting 14
Bootstrap[8]: Time 0.588494 seconds, bootstrap likelihood -20623.148114, best rearrangement setting 6
Bootstrap[9]: Time 0.730104 seconds, bootstrap likelihood -20809.859492, best rearrangement setting 9
Bootstrap[10]: Time 0.531885 seconds, bootstrap likelihood -21137.841833, best rearrangement setting 5
Bootstrap[11]: Time 0.672253 seconds, bootstrap likelihood -20697.428217, best rearrangement setting 13
Bootstrap[12]: Time 0.649021 seconds, bootstrap likelihood -20344.933095, best rearrangement setting 12
Bootstrap[13]: Time 0.706187 seconds, bootstrap likelihood -21145.374566, best rearrangement setting 12
Bootstrap[14]: Time 0.654523 seconds, bootstrap likelihood -19983.294855, best rearrangement setting 15
Bootstrap[15]: Time 0.712950 seconds, bootstrap likelihood -19580.375259, best rearrangement setting 13
Bootstrap[16]: Time 0.659255 seconds, bootstrap likelihood -20043.693299, best rearrangement setting 6
Bootstrap[17]: Time 0.682333 seconds, bootstrap likelihood -20936.759194, best rearrangement setting 7
Bootstrap[18]: Time 0.949603 seconds, bootstrap likelihood -20822.268374, best rearrangement setting 12
Bootstrap[19]: Time 0.956505 seconds, bootstrap likelihood -20674.912473, best rearrangement setting 7
Bootstrap[20]: Time 0.659099 seconds, bootstrap likelihood -20213.118430, best rearrangement setting 12
Bootstrap[21]: Time 0.789305 seconds, bootstrap likelihood -20993.194240, best rearrangement setting 8
Bootstrap[22]: Time 0.742883 seconds, bootstrap likelihood -21466.220707, best rearrangement setting 13
Bootstrap[23]: Time 0.683401 seconds, bootstrap likelihood -20488.905674, best rearrangement setting 14
Bootstrap[24]: Time 0.736669 seconds, bootstrap likelihood -20613.692539, best rearrangement setting 11
Bootstrap[25]: Time 0.777894 seconds, bootstrap likelihood -20889.332212, best rearrangement setting 9
Bootstrap[26]: Time 0.675415 seconds, bootstrap likelihood -20912.623675, best rearrangement setting 6
Bootstrap[27]: Time 0.641540 seconds, bootstrap likelihood -20266.009006, best rearrangement setting 12
Bootstrap[28]: Time 0.636358 seconds, bootstrap likelihood -20690.872342, best rearrangement setting 5
Bootstrap[29]: Time 0.593024 seconds, bootstrap likelihood -20251.937886, best rearrangement setting 5
Bootstrap[30]: Time 0.725669 seconds, bootstrap likelihood -20583.984490, best rearrangement setting 8
Bootstrap[31]: Time 0.611073 seconds, bootstrap likelihood -20580.596262, best rearrangement setting 13
Bootstrap[32]: Time 0.800153 seconds, bootstrap likelihood -21006.484692, best rearrangement setting 9
Bootstrap[33]: Time 1.102383 seconds, bootstrap likelihood -21525.358633, best rearrangement setting 7
Bootstrap[34]: Time 0.705859 seconds, bootstrap likelihood -20039.411267, best rearrangement setting 8
Bootstrap[35]: Time 0.617664 seconds, bootstrap likelihood -20167.312119, best rearrangement setting 12
Bootstrap[36]: Time 0.560768 seconds, bootstrap likelihood -20848.101815, best rearrangement setting 10
Bootstrap[37]: Time 0.600954 seconds, bootstrap likelihood -20863.626027, best rearrangement setting 5
Bootstrap[38]: Time 0.640598 seconds, bootstrap likelihood -20489.706211, best rearrangement setting 6
Bootstrap[39]: Time 1.064957 seconds, bootstrap likelihood -20566.659358, best rearrangement setting 12
Bootstrap[40]: Time 0.647302 seconds, bootstrap likelihood -20829.593756, best rearrangement setting 9
Bootstrap[41]: Time 0.628324 seconds, bootstrap likelihood -21346.447675, best rearrangement setting 10
Bootstrap[42]: Time 0.734997 seconds, bootstrap likelihood -20845.353278, best rearrangement setting 14
Bootstrap[43]: Time 0.576849 seconds, bootstrap likelihood -19924.927157, best rearrangement setting 10
Bootstrap[44]: Time 0.569886 seconds, bootstrap likelihood -20110.896760, best rearrangement setting 11
Bootstrap[45]: Time 0.751425 seconds, bootstrap likelihood -21504.556778, best rearrangement setting 15
Bootstrap[46]: Time 0.749171 seconds, bootstrap likelihood -21549.152694, best rearrangement setting 8
Bootstrap[47]: Time 0.653241 seconds, bootstrap likelihood -20829.514365, best rearrangement setting 9
Bootstrap[48]: Time 0.683044 seconds, bootstrap likelihood -20542.231944, best rearrangement setting 9
Bootstrap[49]: Time 0.530407 seconds, bootstrap likelihood -21407.252845, best rearrangement setting 5
Bootstrap[50]: Time 0.651923 seconds, bootstrap likelihood -21008.508889, best rearrangement setting 13
Bootstrap[51]: Time 0.595630 seconds, bootstrap likelihood -21161.653278, best rearrangement setting 11
Bootstrap[52]: Time 0.658572 seconds, bootstrap likelihood -21041.275125, best rearrangement setting 15
Bootstrap[53]: Time 0.675899 seconds, bootstrap likelihood -20784.232304, best rearrangement setting 13
Bootstrap[54]: Time 0.634743 seconds, bootstrap likelihood -20509.235028, best rearrangement setting 6
Bootstrap[55]: Time 0.696147 seconds, bootstrap likelihood -21405.486155, best rearrangement setting 15
Bootstrap[56]: Time 0.623799 seconds, bootstrap likelihood -20752.487427, best rearrangement setting 15
Bootstrap[57]: Time 0.776133 seconds, bootstrap likelihood -21211.172783, best rearrangement setting 14
Bootstrap[58]: Time 0.742244 seconds, bootstrap likelihood -20883.626119, best rearrangement setting 12
Bootstrap[59]: Time 0.678206 seconds, bootstrap likelihood -20173.033995, best rearrangement setting 14
Bootstrap[60]: Time 0.623737 seconds, bootstrap likelihood -20151.431718, best rearrangement setting 15
Bootstrap[61]: Time 0.798277 seconds, bootstrap likelihood -20082.811806, best rearrangement setting 14
Bootstrap[62]: Time 0.964397 seconds, bootstrap likelihood -19747.817532, best rearrangement setting 15
Bootstrap[63]: Time 0.582298 seconds, bootstrap likelihood -20766.355991, best rearrangement setting 15
Bootstrap[64]: Time 0.782350 seconds, bootstrap likelihood -20741.997166, best rearrangement setting 7
Bootstrap[65]: Time 0.758489 seconds, bootstrap likelihood -20811.611525, best rearrangement setting 9
Bootstrap[66]: Time 0.713975 seconds, bootstrap likelihood -20357.551372, best rearrangement setting 8
Bootstrap[67]: Time 0.856931 seconds, bootstrap likelihood -20374.251431, best rearrangement setting 7
Bootstrap[68]: Time 0.685481 seconds, bootstrap likelihood -20641.509213, best rearrangement setting 9
Bootstrap[69]: Time 0.577380 seconds, bootstrap likelihood -21035.835815, best rearrangement setting 15
Bootstrap[70]: Time 0.810264 seconds, bootstrap likelihood -20920.112374, best rearrangement setting 13
Bootstrap[71]: Time 0.576596 seconds, bootstrap likelihood -20337.737867, best rearrangement setting 11
Bootstrap[72]: Time 0.801081 seconds, bootstrap likelihood -20926.736175, best rearrangement setting 14
Bootstrap[73]: Time 0.657449 seconds, bootstrap likelihood -20676.147750, best rearrangement setting 12
Bootstrap[74]: Time 0.602535 seconds, bootstrap likelihood -20864.396676, best rearrangement setting 5
Bootstrap[75]: Time 0.723569 seconds, bootstrap likelihood -20094.636193, best rearrangement setting 12
Bootstrap[76]: Time 1.036666 seconds, bootstrap likelihood -20612.064672, best rearrangement setting 5
Bootstrap[77]: Time 0.683802 seconds, bootstrap likelihood -20528.087214, best rearrangement setting 6
Bootstrap[78]: Time 0.515293 seconds, bootstrap likelihood -21063.398882, best rearrangement setting 5
Bootstrap[79]: Time 0.615059 seconds, bootstrap likelihood -20768.691190, best rearrangement setting 6
Bootstrap[80]: Time 0.764217 seconds, bootstrap likelihood -20418.489124, best rearrangement setting 14
Bootstrap[81]: Time 0.552102 seconds, bootstrap likelihood -20849.804047, best rearrangement setting 5
Bootstrap[82]: Time 1.091541 seconds, bootstrap likelihood -20226.443571, best rearrangement setting 8
Bootstrap[83]: Time 0.709008 seconds, bootstrap likelihood -21098.090585, best rearrangement setting 8
Bootstrap[84]: Time 0.606004 seconds, bootstrap likelihood -20698.362071, best rearrangement setting 14
Bootstrap[85]: Time 0.663422 seconds, bootstrap likelihood -20675.255742, best rearrangement setting 7
Bootstrap[86]: Time 0.638090 seconds, bootstrap likelihood -21087.717552, best rearrangement setting 6
Bootstrap[87]: Time 0.659720 seconds, bootstrap likelihood -20824.335037, best rearrangement setting 8
Bootstrap[88]: Time 0.616953 seconds, bootstrap likelihood -21442.805033, best rearrangement setting 6
Bootstrap[89]: Time 0.662399 seconds, bootstrap likelihood -20749.095804, best rearrangement setting 12
Bootstrap[90]: Time 0.594459 seconds, bootstrap likelihood -20761.688275, best rearrangement setting 6
Bootstrap[91]: Time 0.614551 seconds, bootstrap likelihood -20425.253876, best rearrangement setting 14
Bootstrap[92]: Time 0.624866 seconds, bootstrap likelihood -21500.381678, best rearrangement setting 6
Bootstrap[93]: Time 0.549576 seconds, bootstrap likelihood -20734.637515, best rearrangement setting 5
Bootstrap[94]: Time 0.667150 seconds, bootstrap likelihood -20516.885763, best rearrangement setting 10
Bootstrap[95]: Time 0.818216 seconds, bootstrap likelihood -20728.708612, best rearrangement setting 10
Bootstrap[96]: Time 0.750497 seconds, bootstrap likelihood -20377.169485, best rearrangement setting 12
Bootstrap[97]: Time 0.647670 seconds, bootstrap likelihood -20172.579171, best rearrangement setting 11
Bootstrap[98]: Time 0.693707 seconds, bootstrap likelihood -20146.908479, best rearrangement setting 7
Bootstrap[99]: Time 0.759242 seconds, bootstrap likelihood -20897.331440, best rearrangement setting 13


Overall Time for 100 Rapid Bootstraps 69.708910 seconds
Average Time per Rapid Bootstrap 0.697089 seconds

Starting ML Search ...

Fast ML optimization finished

Fast ML search Time: 66.454867 seconds

Slow ML Search 0 Likelihood: -20757.767871
Slow ML Search 1 Likelihood: -20757.768091
Slow ML Search 2 Likelihood: -20757.768744
Slow ML Search 3 Likelihood: -20758.732986
Slow ML Search 4 Likelihood: -20759.155247
Slow ML Search 5 Likelihood: -20759.155246
Slow ML Search 6 Likelihood: -20759.155248
Slow ML Search 7 Likelihood: -20759.155246
Slow ML Search 8 Likelihood: -20759.155246
Slow ML Search 9 Likelihood: -20759.155246
Slow ML optimization finished

Slow ML search Time: 10.995317 seconds
Thorough ML search Time: 1.769050 seconds

Final ML Optimization Likelihood: -20757.767871

Model Information:

Model Parameters of Partition 0, Name: No Name Provided, Type of Data: DNA
alpha: 0.302026
Tree-Length: 1.581073
rate A <-> C: 2.449010
rate A <-> G: 9.267903
rate A <-> T: 1.003206
rate C <-> G: 1.066139
rate C <-> T: 11.761816
rate G <-> T: 1.000000

freq pi(A): 0.390210
freq pi(C): 0.166098
freq pi(G): 0.227257
freq pi(T): 0.216436


ML search took 79.229765 secs or 0.022008 hours

Combined Bootstrap and ML search took 148.938814 secs or 0.041372 hours

Drawing Bootstrap Support Values on best-scoring ML tree ...



Found 1 tree in File /gpfs_home/mhowison/code/hiv-profile-sampling/scratch/trees/pol/RAxML_bestTree.sample.461



Found 1 tree in File /gpfs_home/mhowison/code/hiv-profile-sampling/scratch/trees/pol/RAxML_bestTree.sample.461

Program execution info written to /gpfs_home/mhowison/code/hiv-profile-sampling/scratch/trees/pol/RAxML_info.sample.461
All 100 bootstrapped trees written to: /gpfs_home/mhowison/code/hiv-profile-sampling/scratch/trees/pol/RAxML_bootstrap.sample.461

Best-scoring ML tree written to: /gpfs_home/mhowison/code/hiv-profile-sampling/scratch/trees/pol/RAxML_bestTree.sample.461

Best-scoring ML tree with support values written to: /gpfs_home/mhowison/code/hiv-profile-sampling/scratch/trees/pol/RAxML_bipartitions.sample.461

Best-scoring ML tree with support values as branch labels written to: /gpfs_home/mhowison/code/hiv-profile-sampling/scratch/trees/pol/RAxML_bipartitionsBranchLabels.sample.461

Overall execution time for full ML analysis: 148.943075 secs or 0.041373 hours or 0.001724 days

