srun: job 262634 queued and waiting for resources
srun: job 262634 has been allocated resources
Warning, you specified a working directory via "-w"
Keep in mind that RAxML only accepts absolute path names, not relative ones!

RAxML can't, parse the alignment file as phylip file 
it will now try to parse it as FASTA file



Using BFGS method to optimize GTR rate parameters, to disable this specify "--no-bfgs" 


This is the RAxML Master Pthread

This is RAxML Worker Pthread Number: 4

This is RAxML Worker Pthread Number: 6

This is RAxML Worker Pthread Number: 2

This is RAxML Worker Pthread Number: 1

This is RAxML Worker Pthread Number: 5

This is RAxML Worker Pthread Number: 3

This is RAxML Worker Pthread Number: 7

This is RAxML Worker Pthread Number: 8

This is RAxML Worker Pthread Number: 9

This is RAxML Worker Pthread Number: 10

This is RAxML Worker Pthread Number: 12

This is RAxML Worker Pthread Number: 11

This is RAxML Worker Pthread Number: 13

This is RAxML Worker Pthread Number: 15

This is RAxML Worker Pthread Number: 14

This is RAxML Worker Pthread Number: 16

This is RAxML Worker Pthread Number: 18

This is RAxML Worker Pthread Number: 17

This is RAxML Worker Pthread Number: 19


This is RAxML version 8.2.12 released by Alexandros Stamatakis on May 2018.

With greatly appreciated code contributions by:
Andre Aberer      (HITS)
Simon Berger      (HITS)
Alexey Kozlov     (HITS)
Kassian Kobert    (HITS)
David Dao         (KIT and HITS)
Sarah Lutteropp   (KIT and HITS)
Nick Pattengale   (Sandia)
Wayne Pfeiffer    (SDSC)
Akifumi S. Tanabe (NRIFS)
Charlie Taylor    (UF)


Alignment has 1163 distinct alignment patterns

Proportion of gaps and completely undetermined characters in this alignment: 5.94%

RAxML rapid bootstrapping and subsequent ML search

Using 1 distinct models/data partitions with joint branch length optimization



Executing 100 rapid bootstrap inferences and thereafter a thorough ML search 

All free model parameters will be estimated by RAxML
GAMMA model of rate heterogeneity, ML estimate of alpha-parameter

GAMMA Model parameters will be estimated up to an accuracy of 0.1000000000 Log Likelihood units

Partition: 0
Alignment Patterns: 1163
Name: No Name Provided
DataType: DNA
Substitution Matrix: GTR




RAxML was called as follows:

raxmlHPC-PTHREADS-AVX -T 20 -s scratch/aligned/pol/sample.482.fa -p 0359863735 -x 0359863735 -f a -N 100 -m GTRGAMMA -w /gpfs_home/mhowison/code/hiv-profile-sampling/scratch/trees/pol -n sample.482 



Time for BS model parameter optimization 0.054416
Bootstrap[0]: Time 0.638971 seconds, bootstrap likelihood -21092.351102, best rearrangement setting 5
Bootstrap[1]: Time 0.868543 seconds, bootstrap likelihood -20082.662585, best rearrangement setting 12
Bootstrap[2]: Time 0.708213 seconds, bootstrap likelihood -21125.870533, best rearrangement setting 7
Bootstrap[3]: Time 0.612094 seconds, bootstrap likelihood -20117.449297, best rearrangement setting 12
Bootstrap[4]: Time 0.618548 seconds, bootstrap likelihood -20743.248561, best rearrangement setting 13
Bootstrap[5]: Time 0.738856 seconds, bootstrap likelihood -20511.093291, best rearrangement setting 8
Bootstrap[6]: Time 0.560444 seconds, bootstrap likelihood -20342.999567, best rearrangement setting 8
Bootstrap[7]: Time 0.552205 seconds, bootstrap likelihood -20359.537967, best rearrangement setting 12
Bootstrap[8]: Time 0.717934 seconds, bootstrap likelihood -20877.368517, best rearrangement setting 15
Bootstrap[9]: Time 0.718108 seconds, bootstrap likelihood -19838.997911, best rearrangement setting 10
Bootstrap[10]: Time 1.517699 seconds, bootstrap likelihood -20160.507952, best rearrangement setting 10
Bootstrap[11]: Time 0.597849 seconds, bootstrap likelihood -20204.826102, best rearrangement setting 6
Bootstrap[12]: Time 0.692546 seconds, bootstrap likelihood -20916.534294, best rearrangement setting 11
Bootstrap[13]: Time 0.681958 seconds, bootstrap likelihood -20169.848374, best rearrangement setting 12
Bootstrap[14]: Time 0.828240 seconds, bootstrap likelihood -20438.772278, best rearrangement setting 12
Bootstrap[15]: Time 0.714828 seconds, bootstrap likelihood -21044.075766, best rearrangement setting 7
Bootstrap[16]: Time 0.717743 seconds, bootstrap likelihood -20884.539640, best rearrangement setting 14
Bootstrap[17]: Time 0.694569 seconds, bootstrap likelihood -20653.385134, best rearrangement setting 14
Bootstrap[18]: Time 0.590098 seconds, bootstrap likelihood -20152.287656, best rearrangement setting 5
Bootstrap[19]: Time 0.680790 seconds, bootstrap likelihood -21295.570850, best rearrangement setting 14
Bootstrap[20]: Time 0.671731 seconds, bootstrap likelihood -20326.727657, best rearrangement setting 9
Bootstrap[21]: Time 0.781908 seconds, bootstrap likelihood -20024.091091, best rearrangement setting 10
Bootstrap[22]: Time 0.672705 seconds, bootstrap likelihood -20812.930150, best rearrangement setting 14
Bootstrap[23]: Time 0.693845 seconds, bootstrap likelihood -20740.000297, best rearrangement setting 12
Bootstrap[24]: Time 0.698630 seconds, bootstrap likelihood -20272.748867, best rearrangement setting 9
Bootstrap[25]: Time 0.678049 seconds, bootstrap likelihood -20512.100470, best rearrangement setting 14
Bootstrap[26]: Time 0.551880 seconds, bootstrap likelihood -20392.826025, best rearrangement setting 5
Bootstrap[27]: Time 0.671462 seconds, bootstrap likelihood -20634.941544, best rearrangement setting 9
Bootstrap[28]: Time 0.633535 seconds, bootstrap likelihood -20602.418435, best rearrangement setting 13
Bootstrap[29]: Time 0.682504 seconds, bootstrap likelihood -20831.741317, best rearrangement setting 10
Bootstrap[30]: Time 0.602537 seconds, bootstrap likelihood -20093.216499, best rearrangement setting 6
Bootstrap[31]: Time 0.602000 seconds, bootstrap likelihood -19974.834705, best rearrangement setting 15
Bootstrap[32]: Time 0.955494 seconds, bootstrap likelihood -19632.870342, best rearrangement setting 10
Bootstrap[33]: Time 0.689127 seconds, bootstrap likelihood -20139.307158, best rearrangement setting 15
Bootstrap[34]: Time 0.617365 seconds, bootstrap likelihood -20112.271487, best rearrangement setting 8
Bootstrap[35]: Time 0.675180 seconds, bootstrap likelihood -19532.850817, best rearrangement setting 8
Bootstrap[36]: Time 0.784543 seconds, bootstrap likelihood -20559.744495, best rearrangement setting 11
Bootstrap[37]: Time 0.621531 seconds, bootstrap likelihood -20317.294612, best rearrangement setting 14
Bootstrap[38]: Time 0.574563 seconds, bootstrap likelihood -20335.737064, best rearrangement setting 8
Bootstrap[39]: Time 0.676163 seconds, bootstrap likelihood -20717.889038, best rearrangement setting 15
Bootstrap[40]: Time 0.557506 seconds, bootstrap likelihood -19628.471070, best rearrangement setting 5
Bootstrap[41]: Time 0.679288 seconds, bootstrap likelihood -20153.793254, best rearrangement setting 12
Bootstrap[42]: Time 0.653282 seconds, bootstrap likelihood -20759.683545, best rearrangement setting 7
Bootstrap[43]: Time 0.679732 seconds, bootstrap likelihood -20154.044148, best rearrangement setting 8
Bootstrap[44]: Time 0.577292 seconds, bootstrap likelihood -20475.001218, best rearrangement setting 15
Bootstrap[45]: Time 0.633147 seconds, bootstrap likelihood -20472.845307, best rearrangement setting 14
Bootstrap[46]: Time 0.649412 seconds, bootstrap likelihood -19612.055027, best rearrangement setting 13
Bootstrap[47]: Time 0.660565 seconds, bootstrap likelihood -20611.091158, best rearrangement setting 11
Bootstrap[48]: Time 0.557314 seconds, bootstrap likelihood -20286.095005, best rearrangement setting 13
Bootstrap[49]: Time 0.614579 seconds, bootstrap likelihood -19573.606587, best rearrangement setting 11
Bootstrap[50]: Time 0.885867 seconds, bootstrap likelihood -21026.810273, best rearrangement setting 11
Bootstrap[51]: Time 0.603528 seconds, bootstrap likelihood -20479.925951, best rearrangement setting 7
Bootstrap[52]: Time 0.594916 seconds, bootstrap likelihood -20590.154571, best rearrangement setting 5
Bootstrap[53]: Time 1.137544 seconds, bootstrap likelihood -19971.816293, best rearrangement setting 14
Bootstrap[54]: Time 0.966738 seconds, bootstrap likelihood -19925.836529, best rearrangement setting 9
Bootstrap[55]: Time 0.781817 seconds, bootstrap likelihood -20473.898431, best rearrangement setting 12
Bootstrap[56]: Time 0.594749 seconds, bootstrap likelihood -20167.066568, best rearrangement setting 5
Bootstrap[57]: Time 0.737604 seconds, bootstrap likelihood -20730.159343, best rearrangement setting 12
Bootstrap[58]: Time 0.769506 seconds, bootstrap likelihood -20048.007975, best rearrangement setting 14
Bootstrap[59]: Time 0.566197 seconds, bootstrap likelihood -19859.759049, best rearrangement setting 5
Bootstrap[60]: Time 0.658589 seconds, bootstrap likelihood -20496.891584, best rearrangement setting 13
Bootstrap[61]: Time 0.589313 seconds, bootstrap likelihood -20010.831683, best rearrangement setting 8
Bootstrap[62]: Time 0.645836 seconds, bootstrap likelihood -20544.441151, best rearrangement setting 12
Bootstrap[63]: Time 0.678311 seconds, bootstrap likelihood -20682.966073, best rearrangement setting 9
Bootstrap[64]: Time 0.620068 seconds, bootstrap likelihood -21268.399307, best rearrangement setting 8
Bootstrap[65]: Time 0.572103 seconds, bootstrap likelihood -20891.037863, best rearrangement setting 9
Bootstrap[66]: Time 0.577287 seconds, bootstrap likelihood -20891.022308, best rearrangement setting 6
Bootstrap[67]: Time 0.631552 seconds, bootstrap likelihood -20454.028471, best rearrangement setting 6
Bootstrap[68]: Time 0.656772 seconds, bootstrap likelihood -19935.292557, best rearrangement setting 10
Bootstrap[69]: Time 0.569142 seconds, bootstrap likelihood -19932.142537, best rearrangement setting 12
Bootstrap[70]: Time 0.683341 seconds, bootstrap likelihood -20429.719170, best rearrangement setting 14
Bootstrap[71]: Time 0.581868 seconds, bootstrap likelihood -20186.668116, best rearrangement setting 6
Bootstrap[72]: Time 0.649736 seconds, bootstrap likelihood -20798.212480, best rearrangement setting 9
Bootstrap[73]: Time 0.673589 seconds, bootstrap likelihood -19809.413855, best rearrangement setting 13
Bootstrap[74]: Time 0.646643 seconds, bootstrap likelihood -20918.404011, best rearrangement setting 10
Bootstrap[75]: Time 0.515679 seconds, bootstrap likelihood -20499.149642, best rearrangement setting 5
Bootstrap[76]: Time 0.539208 seconds, bootstrap likelihood -19313.306801, best rearrangement setting 7
Bootstrap[77]: Time 1.055579 seconds, bootstrap likelihood -20583.602158, best rearrangement setting 15
Bootstrap[78]: Time 0.710828 seconds, bootstrap likelihood -21033.956003, best rearrangement setting 8
Bootstrap[79]: Time 0.659112 seconds, bootstrap likelihood -20219.089087, best rearrangement setting 10
Bootstrap[80]: Time 0.721769 seconds, bootstrap likelihood -20080.395157, best rearrangement setting 11
Bootstrap[81]: Time 0.574686 seconds, bootstrap likelihood -20918.802203, best rearrangement setting 5
Bootstrap[82]: Time 0.791191 seconds, bootstrap likelihood -20390.121122, best rearrangement setting 13
Bootstrap[83]: Time 0.686230 seconds, bootstrap likelihood -20509.050959, best rearrangement setting 14
Bootstrap[84]: Time 0.651277 seconds, bootstrap likelihood -20649.945941, best rearrangement setting 15
Bootstrap[85]: Time 0.620162 seconds, bootstrap likelihood -19781.579560, best rearrangement setting 11
Bootstrap[86]: Time 0.695514 seconds, bootstrap likelihood -20777.443368, best rearrangement setting 8
Bootstrap[87]: Time 0.549175 seconds, bootstrap likelihood -19675.605441, best rearrangement setting 5
Bootstrap[88]: Time 0.641860 seconds, bootstrap likelihood -20577.929402, best rearrangement setting 15
Bootstrap[89]: Time 0.753355 seconds, bootstrap likelihood -20025.201478, best rearrangement setting 7
Bootstrap[90]: Time 0.622799 seconds, bootstrap likelihood -21118.258056, best rearrangement setting 13
Bootstrap[91]: Time 0.645266 seconds, bootstrap likelihood -20935.915638, best rearrangement setting 12
Bootstrap[92]: Time 0.577379 seconds, bootstrap likelihood -20113.585052, best rearrangement setting 13
Bootstrap[93]: Time 0.634584 seconds, bootstrap likelihood -20718.203765, best rearrangement setting 14
Bootstrap[94]: Time 0.654725 seconds, bootstrap likelihood -20649.423335, best rearrangement setting 7
Bootstrap[95]: Time 0.646807 seconds, bootstrap likelihood -20135.903362, best rearrangement setting 7
Bootstrap[96]: Time 0.617334 seconds, bootstrap likelihood -20616.836884, best rearrangement setting 12
Bootstrap[97]: Time 0.586125 seconds, bootstrap likelihood -20579.561495, best rearrangement setting 6
Bootstrap[98]: Time 1.077906 seconds, bootstrap likelihood -21186.091152, best rearrangement setting 13
Bootstrap[99]: Time 1.023210 seconds, bootstrap likelihood -20152.198383, best rearrangement setting 13


Overall Time for 100 Rapid Bootstraps 68.615014 seconds
Average Time per Rapid Bootstrap 0.686150 seconds

Starting ML Search ...

Fast ML optimization finished

Fast ML search Time: 62.286256 seconds

Slow ML Search 0 Likelihood: -20608.114463
Slow ML Search 1 Likelihood: -20608.114463
Slow ML Search 2 Likelihood: -20608.313637
Slow ML Search 3 Likelihood: -20609.119766
Slow ML Search 4 Likelihood: -20609.216190
Slow ML Search 5 Likelihood: -20610.125295
Slow ML Search 6 Likelihood: -20610.561931
Slow ML Search 7 Likelihood: -20611.521440
Slow ML Search 8 Likelihood: -20611.857412
Slow ML Search 9 Likelihood: -20612.295019
Slow ML optimization finished

Slow ML search Time: 10.818957 seconds
Thorough ML search Time: 1.638927 seconds

Final ML Optimization Likelihood: -20608.114463

Model Information:

Model Parameters of Partition 0, Name: No Name Provided, Type of Data: DNA
alpha: 0.298729
Tree-Length: 1.578653
rate A <-> C: 2.296578
rate A <-> G: 8.461923
rate A <-> T: 0.870641
rate C <-> G: 0.939691
rate C <-> T: 10.059210
rate G <-> T: 1.000000

freq pi(A): 0.389991
freq pi(C): 0.165892
freq pi(G): 0.227684
freq pi(T): 0.216432


ML search took 74.754651 secs or 0.020765 hours

Combined Bootstrap and ML search took 143.369797 secs or 0.039825 hours

Drawing Bootstrap Support Values on best-scoring ML tree ...



Found 1 tree in File /gpfs_home/mhowison/code/hiv-profile-sampling/scratch/trees/pol/RAxML_bestTree.sample.482



Found 1 tree in File /gpfs_home/mhowison/code/hiv-profile-sampling/scratch/trees/pol/RAxML_bestTree.sample.482

Program execution info written to /gpfs_home/mhowison/code/hiv-profile-sampling/scratch/trees/pol/RAxML_info.sample.482
All 100 bootstrapped trees written to: /gpfs_home/mhowison/code/hiv-profile-sampling/scratch/trees/pol/RAxML_bootstrap.sample.482

Best-scoring ML tree written to: /gpfs_home/mhowison/code/hiv-profile-sampling/scratch/trees/pol/RAxML_bestTree.sample.482

Best-scoring ML tree with support values written to: /gpfs_home/mhowison/code/hiv-profile-sampling/scratch/trees/pol/RAxML_bipartitions.sample.482

Best-scoring ML tree with support values as branch labels written to: /gpfs_home/mhowison/code/hiv-profile-sampling/scratch/trees/pol/RAxML_bipartitionsBranchLabels.sample.482

Overall execution time for full ML analysis: 143.392011 secs or 0.039831 hours or 0.001660 days

