srun: job 262659 queued and waiting for resources
srun: job 262659 has been allocated resources
Warning, you specified a working directory via "-w"
Keep in mind that RAxML only accepts absolute path names, not relative ones!

RAxML can't, parse the alignment file as phylip file 
it will now try to parse it as FASTA file



Using BFGS method to optimize GTR rate parameters, to disable this specify "--no-bfgs" 


This is the RAxML Master Pthread

This is RAxML Worker Pthread Number: 2

This is RAxML Worker Pthread Number: 4

This is RAxML Worker Pthread Number: 1

This is RAxML Worker Pthread Number: 3

This is RAxML Worker Pthread Number: 5

This is RAxML Worker Pthread Number: 6

This is RAxML Worker Pthread Number: 7

This is RAxML Worker Pthread Number: 8

This is RAxML Worker Pthread Number: 11

This is RAxML Worker Pthread Number: 10

This is RAxML Worker Pthread Number: 12

This is RAxML Worker Pthread Number: 13

This is RAxML Worker Pthread Number: 9

This is RAxML Worker Pthread Number: 14

This is RAxML Worker Pthread Number: 15

This is RAxML Worker Pthread Number: 16

This is RAxML Worker Pthread Number: 17

This is RAxML Worker Pthread Number: 18

This is RAxML Worker Pthread Number: 19


This is RAxML version 8.2.12 released by Alexandros Stamatakis on May 2018.

With greatly appreciated code contributions by:
Andre Aberer      (HITS)
Simon Berger      (HITS)
Alexey Kozlov     (HITS)
Kassian Kobert    (HITS)
David Dao         (KIT and HITS)
Sarah Lutteropp   (KIT and HITS)
Nick Pattengale   (Sandia)
Wayne Pfeiffer    (SDSC)
Akifumi S. Tanabe (NRIFS)
Charlie Taylor    (UF)


Alignment has 1185 distinct alignment patterns

Proportion of gaps and completely undetermined characters in this alignment: 5.95%

RAxML rapid bootstrapping and subsequent ML search

Using 1 distinct models/data partitions with joint branch length optimization



Executing 100 rapid bootstrap inferences and thereafter a thorough ML search 

All free model parameters will be estimated by RAxML
GAMMA model of rate heterogeneity, ML estimate of alpha-parameter

GAMMA Model parameters will be estimated up to an accuracy of 0.1000000000 Log Likelihood units

Partition: 0
Alignment Patterns: 1185
Name: No Name Provided
DataType: DNA
Substitution Matrix: GTR




RAxML was called as follows:

raxmlHPC-PTHREADS-AVX -T 20 -s scratch/aligned/pol/sample.494.fa -p 2194684174 -x 2194684174 -f a -N 100 -m GTRGAMMA -w /gpfs_home/mhowison/code/hiv-profile-sampling/scratch/trees/pol -n sample.494 



Time for BS model parameter optimization 0.055266
Bootstrap[0]: Time 0.724989 seconds, bootstrap likelihood -21085.781116, best rearrangement setting 6
Bootstrap[1]: Time 0.809048 seconds, bootstrap likelihood -20364.875084, best rearrangement setting 15
Bootstrap[2]: Time 0.673538 seconds, bootstrap likelihood -20266.517896, best rearrangement setting 6
Bootstrap[3]: Time 0.642570 seconds, bootstrap likelihood -19863.567938, best rearrangement setting 9
Bootstrap[4]: Time 0.609424 seconds, bootstrap likelihood -20574.572964, best rearrangement setting 9
Bootstrap[5]: Time 0.587727 seconds, bootstrap likelihood -20292.147093, best rearrangement setting 12
Bootstrap[6]: Time 0.664091 seconds, bootstrap likelihood -21565.926647, best rearrangement setting 6
Bootstrap[7]: Time 0.676788 seconds, bootstrap likelihood -19719.071962, best rearrangement setting 7
Bootstrap[8]: Time 0.758059 seconds, bootstrap likelihood -19630.385452, best rearrangement setting 9
Bootstrap[9]: Time 0.784077 seconds, bootstrap likelihood -20492.609981, best rearrangement setting 11
Bootstrap[10]: Time 0.731689 seconds, bootstrap likelihood -21470.552316, best rearrangement setting 13
Bootstrap[11]: Time 0.612192 seconds, bootstrap likelihood -20212.307779, best rearrangement setting 6
Bootstrap[12]: Time 0.652469 seconds, bootstrap likelihood -20461.823189, best rearrangement setting 13
Bootstrap[13]: Time 0.858196 seconds, bootstrap likelihood -20002.861390, best rearrangement setting 15
Bootstrap[14]: Time 0.600625 seconds, bootstrap likelihood -20636.787072, best rearrangement setting 14
Bootstrap[15]: Time 0.710545 seconds, bootstrap likelihood -20545.163870, best rearrangement setting 7
Bootstrap[16]: Time 1.154067 seconds, bootstrap likelihood -20389.375875, best rearrangement setting 14
Bootstrap[17]: Time 0.640572 seconds, bootstrap likelihood -20010.539384, best rearrangement setting 7
Bootstrap[18]: Time 0.656791 seconds, bootstrap likelihood -19351.456012, best rearrangement setting 9
Bootstrap[19]: Time 0.675118 seconds, bootstrap likelihood -20416.010852, best rearrangement setting 8
Bootstrap[20]: Time 0.585675 seconds, bootstrap likelihood -20250.675408, best rearrangement setting 12
Bootstrap[21]: Time 0.586767 seconds, bootstrap likelihood -20158.832049, best rearrangement setting 12
Bootstrap[22]: Time 0.516077 seconds, bootstrap likelihood -20485.665568, best rearrangement setting 6
Bootstrap[23]: Time 0.696562 seconds, bootstrap likelihood -20881.533394, best rearrangement setting 12
Bootstrap[24]: Time 0.684655 seconds, bootstrap likelihood -20689.837115, best rearrangement setting 12
Bootstrap[25]: Time 0.736232 seconds, bootstrap likelihood -19642.069665, best rearrangement setting 7
Bootstrap[26]: Time 0.694482 seconds, bootstrap likelihood -19931.626447, best rearrangement setting 15
Bootstrap[27]: Time 0.590082 seconds, bootstrap likelihood -19995.869052, best rearrangement setting 8
Bootstrap[28]: Time 0.665355 seconds, bootstrap likelihood -20207.983973, best rearrangement setting 11
Bootstrap[29]: Time 0.627158 seconds, bootstrap likelihood -20395.202779, best rearrangement setting 15
Bootstrap[30]: Time 0.621262 seconds, bootstrap likelihood -21311.160897, best rearrangement setting 7
Bootstrap[31]: Time 1.069515 seconds, bootstrap likelihood -20272.157317, best rearrangement setting 6
Bootstrap[32]: Time 0.679375 seconds, bootstrap likelihood -20735.275721, best rearrangement setting 9
Bootstrap[33]: Time 0.542158 seconds, bootstrap likelihood -20837.300841, best rearrangement setting 7
Bootstrap[34]: Time 0.725742 seconds, bootstrap likelihood -20451.388893, best rearrangement setting 8
Bootstrap[35]: Time 0.672532 seconds, bootstrap likelihood -19996.793113, best rearrangement setting 14
Bootstrap[36]: Time 0.637903 seconds, bootstrap likelihood -20138.213931, best rearrangement setting 9
Bootstrap[37]: Time 0.616386 seconds, bootstrap likelihood -20236.433658, best rearrangement setting 10
Bootstrap[38]: Time 1.170642 seconds, bootstrap likelihood -20345.570447, best rearrangement setting 12
Bootstrap[39]: Time 0.598975 seconds, bootstrap likelihood -20231.469588, best rearrangement setting 13
Bootstrap[40]: Time 0.735645 seconds, bootstrap likelihood -20599.498791, best rearrangement setting 13
Bootstrap[41]: Time 0.669312 seconds, bootstrap likelihood -19998.416962, best rearrangement setting 11
Bootstrap[42]: Time 0.722874 seconds, bootstrap likelihood -20215.711988, best rearrangement setting 15
Bootstrap[43]: Time 0.641212 seconds, bootstrap likelihood -20186.301321, best rearrangement setting 9
Bootstrap[44]: Time 0.541623 seconds, bootstrap likelihood -20804.176787, best rearrangement setting 5
Bootstrap[45]: Time 0.645286 seconds, bootstrap likelihood -20051.558662, best rearrangement setting 8
Bootstrap[46]: Time 0.575160 seconds, bootstrap likelihood -20170.487810, best rearrangement setting 14
Bootstrap[47]: Time 0.530453 seconds, bootstrap likelihood -20515.295370, best rearrangement setting 7
Bootstrap[48]: Time 0.687643 seconds, bootstrap likelihood -20097.569603, best rearrangement setting 8
Bootstrap[49]: Time 0.720636 seconds, bootstrap likelihood -20265.233985, best rearrangement setting 6
Bootstrap[50]: Time 0.650890 seconds, bootstrap likelihood -20067.901969, best rearrangement setting 8
Bootstrap[51]: Time 0.625571 seconds, bootstrap likelihood -20709.705253, best rearrangement setting 5
Bootstrap[52]: Time 0.813960 seconds, bootstrap likelihood -20750.993430, best rearrangement setting 12
Bootstrap[53]: Time 0.625420 seconds, bootstrap likelihood -20335.925744, best rearrangement setting 7
Bootstrap[54]: Time 0.617267 seconds, bootstrap likelihood -19993.254134, best rearrangement setting 5
Bootstrap[55]: Time 0.708203 seconds, bootstrap likelihood -19997.210913, best rearrangement setting 9
Bootstrap[56]: Time 0.570981 seconds, bootstrap likelihood -20486.811465, best rearrangement setting 5
Bootstrap[57]: Time 0.719849 seconds, bootstrap likelihood -20343.734528, best rearrangement setting 14
Bootstrap[58]: Time 0.602442 seconds, bootstrap likelihood -21409.296307, best rearrangement setting 9
Bootstrap[59]: Time 0.774692 seconds, bootstrap likelihood -19969.461101, best rearrangement setting 15
Bootstrap[60]: Time 1.126690 seconds, bootstrap likelihood -20868.822016, best rearrangement setting 7
Bootstrap[61]: Time 0.617900 seconds, bootstrap likelihood -20357.706341, best rearrangement setting 10
Bootstrap[62]: Time 0.729202 seconds, bootstrap likelihood -20316.932678, best rearrangement setting 14
Bootstrap[63]: Time 0.645792 seconds, bootstrap likelihood -21269.834824, best rearrangement setting 7
Bootstrap[64]: Time 0.584074 seconds, bootstrap likelihood -20616.633852, best rearrangement setting 7
Bootstrap[65]: Time 0.662469 seconds, bootstrap likelihood -20195.397035, best rearrangement setting 13
Bootstrap[66]: Time 0.718808 seconds, bootstrap likelihood -20439.660542, best rearrangement setting 10
Bootstrap[67]: Time 0.534351 seconds, bootstrap likelihood -20549.531329, best rearrangement setting 5
Bootstrap[68]: Time 0.726185 seconds, bootstrap likelihood -19818.285124, best rearrangement setting 15
Bootstrap[69]: Time 0.648143 seconds, bootstrap likelihood -19782.766365, best rearrangement setting 12
Bootstrap[70]: Time 0.609433 seconds, bootstrap likelihood -19729.966777, best rearrangement setting 8
Bootstrap[71]: Time 0.684338 seconds, bootstrap likelihood -20286.597386, best rearrangement setting 13
Bootstrap[72]: Time 0.557939 seconds, bootstrap likelihood -20413.668461, best rearrangement setting 14
Bootstrap[73]: Time 0.609351 seconds, bootstrap likelihood -20118.552904, best rearrangement setting 11
Bootstrap[74]: Time 0.671268 seconds, bootstrap likelihood -20417.752015, best rearrangement setting 7
Bootstrap[75]: Time 1.172736 seconds, bootstrap likelihood -20468.903236, best rearrangement setting 13
Bootstrap[76]: Time 0.649537 seconds, bootstrap likelihood -20350.100582, best rearrangement setting 12
Bootstrap[77]: Time 0.687503 seconds, bootstrap likelihood -20967.200370, best rearrangement setting 7
Bootstrap[78]: Time 0.646330 seconds, bootstrap likelihood -20059.080421, best rearrangement setting 14
Bootstrap[79]: Time 0.646784 seconds, bootstrap likelihood -20200.397295, best rearrangement setting 13
Bootstrap[80]: Time 0.734332 seconds, bootstrap likelihood -20276.613960, best rearrangement setting 10
Bootstrap[81]: Time 1.226948 seconds, bootstrap likelihood -20176.319142, best rearrangement setting 8
Bootstrap[82]: Time 0.661951 seconds, bootstrap likelihood -20944.527830, best rearrangement setting 15
Bootstrap[83]: Time 0.596887 seconds, bootstrap likelihood -20364.382435, best rearrangement setting 8
Bootstrap[84]: Time 0.538240 seconds, bootstrap likelihood -20373.550055, best rearrangement setting 5
Bootstrap[85]: Time 0.606105 seconds, bootstrap likelihood -20241.631558, best rearrangement setting 12
Bootstrap[86]: Time 0.599133 seconds, bootstrap likelihood -20715.203336, best rearrangement setting 9
Bootstrap[87]: Time 0.796672 seconds, bootstrap likelihood -20954.015820, best rearrangement setting 15
Bootstrap[88]: Time 0.847682 seconds, bootstrap likelihood -20176.297863, best rearrangement setting 15
Bootstrap[89]: Time 0.711699 seconds, bootstrap likelihood -19760.543039, best rearrangement setting 7
Bootstrap[90]: Time 0.644289 seconds, bootstrap likelihood -20218.739821, best rearrangement setting 7
Bootstrap[91]: Time 0.695137 seconds, bootstrap likelihood -20113.005117, best rearrangement setting 11
Bootstrap[92]: Time 0.654395 seconds, bootstrap likelihood -19985.479115, best rearrangement setting 10
Bootstrap[93]: Time 0.720564 seconds, bootstrap likelihood -20269.189547, best rearrangement setting 8
Bootstrap[94]: Time 0.650211 seconds, bootstrap likelihood -19751.484626, best rearrangement setting 15
Bootstrap[95]: Time 0.644296 seconds, bootstrap likelihood -20822.179474, best rearrangement setting 7
Bootstrap[96]: Time 0.652454 seconds, bootstrap likelihood -20510.296251, best rearrangement setting 13
Bootstrap[97]: Time 0.621044 seconds, bootstrap likelihood -20432.056378, best rearrangement setting 10
Bootstrap[98]: Time 0.575618 seconds, bootstrap likelihood -20356.115893, best rearrangement setting 10
Bootstrap[99]: Time 0.601440 seconds, bootstrap likelihood -20520.860869, best rearrangement setting 10


Overall Time for 100 Rapid Bootstraps 68.865743 seconds
Average Time per Rapid Bootstrap 0.688657 seconds

Starting ML Search ...

Fast ML optimization finished

Fast ML search Time: 54.964462 seconds

Slow ML Search 0 Likelihood: -20467.311508
Slow ML Search 1 Likelihood: -20467.679160
Slow ML Search 2 Likelihood: -20468.180778
Slow ML Search 3 Likelihood: -20467.679160
Slow ML Search 4 Likelihood: -20469.145143
Slow ML Search 5 Likelihood: -20469.145143
Slow ML Search 6 Likelihood: -20469.234493
Slow ML Search 7 Likelihood: -20469.234494
Slow ML Search 8 Likelihood: -20469.923838
Slow ML Search 9 Likelihood: -20469.923838
Slow ML optimization finished

Slow ML search Time: 13.097489 seconds
Thorough ML search Time: 1.335444 seconds

Final ML Optimization Likelihood: -20467.311508

Model Information:

Model Parameters of Partition 0, Name: No Name Provided, Type of Data: DNA
alpha: 0.301301
Tree-Length: 1.576377
rate A <-> C: 2.527863
rate A <-> G: 9.405114
rate A <-> T: 1.056842
rate C <-> G: 0.936069
rate C <-> T: 11.730653
rate G <-> T: 1.000000

freq pi(A): 0.390041
freq pi(C): 0.165792
freq pi(G): 0.227518
freq pi(T): 0.216649


ML search took 69.403984 secs or 0.019279 hours

Combined Bootstrap and ML search took 138.269861 secs or 0.038408 hours

Drawing Bootstrap Support Values on best-scoring ML tree ...



Found 1 tree in File /gpfs_home/mhowison/code/hiv-profile-sampling/scratch/trees/pol/RAxML_bestTree.sample.494



Found 1 tree in File /gpfs_home/mhowison/code/hiv-profile-sampling/scratch/trees/pol/RAxML_bestTree.sample.494

Program execution info written to /gpfs_home/mhowison/code/hiv-profile-sampling/scratch/trees/pol/RAxML_info.sample.494
All 100 bootstrapped trees written to: /gpfs_home/mhowison/code/hiv-profile-sampling/scratch/trees/pol/RAxML_bootstrap.sample.494

Best-scoring ML tree written to: /gpfs_home/mhowison/code/hiv-profile-sampling/scratch/trees/pol/RAxML_bestTree.sample.494

Best-scoring ML tree with support values written to: /gpfs_home/mhowison/code/hiv-profile-sampling/scratch/trees/pol/RAxML_bipartitions.sample.494

Best-scoring ML tree with support values as branch labels written to: /gpfs_home/mhowison/code/hiv-profile-sampling/scratch/trees/pol/RAxML_bipartitionsBranchLabels.sample.494

Overall execution time for full ML analysis: 138.273957 secs or 0.038409 hours or 0.001600 days

