srun: job 261591 queued and waiting for resources
srun: job 261591 has been allocated resources
Warning, you specified a working directory via "-w"
Keep in mind that RAxML only accepts absolute path names, not relative ones!

RAxML can't, parse the alignment file as phylip file 
it will now try to parse it as FASTA file



Using BFGS method to optimize GTR rate parameters, to disable this specify "--no-bfgs" 


This is the RAxML Master Pthread

This is RAxML Worker Pthread Number: 1

This is RAxML Worker Pthread Number: 3

This is RAxML Worker Pthread Number: 6

This is RAxML Worker Pthread Number: 2

This is RAxML Worker Pthread Number: 4

This is RAxML Worker Pthread Number: 7

This is RAxML Worker Pthread Number: 5

This is RAxML Worker Pthread Number: 8

This is RAxML Worker Pthread Number: 10

This is RAxML Worker Pthread Number: 11

This is RAxML Worker Pthread Number: 9

This is RAxML Worker Pthread Number: 12

This is RAxML Worker Pthread Number: 13

This is RAxML Worker Pthread Number: 15

This is RAxML Worker Pthread Number: 14

This is RAxML Worker Pthread Number: 16

This is RAxML Worker Pthread Number: 18

This is RAxML Worker Pthread Number: 17

This is RAxML Worker Pthread Number: 19


This is RAxML version 8.2.12 released by Alexandros Stamatakis on May 2018.

With greatly appreciated code contributions by:
Andre Aberer      (HITS)
Simon Berger      (HITS)
Alexey Kozlov     (HITS)
Kassian Kobert    (HITS)
David Dao         (KIT and HITS)
Sarah Lutteropp   (KIT and HITS)
Nick Pattengale   (Sandia)
Wayne Pfeiffer    (SDSC)
Akifumi S. Tanabe (NRIFS)
Charlie Taylor    (UF)


Alignment has 1163 distinct alignment patterns

Proportion of gaps and completely undetermined characters in this alignment: 5.94%

RAxML rapid bootstrapping and subsequent ML search

Using 1 distinct models/data partitions with joint branch length optimization



Executing 100 rapid bootstrap inferences and thereafter a thorough ML search 

All free model parameters will be estimated by RAxML
GAMMA model of rate heterogeneity, ML estimate of alpha-parameter

GAMMA Model parameters will be estimated up to an accuracy of 0.1000000000 Log Likelihood units

Partition: 0
Alignment Patterns: 1163
Name: No Name Provided
DataType: DNA
Substitution Matrix: GTR




RAxML was called as follows:

raxmlHPC-PTHREADS-AVX -T 20 -s scratch/aligned/pol/sample.154.fa -p 5210850873 -x 5210850873 -f a -N 100 -m GTRGAMMA -w /gpfs_home/mhowison/code/hiv-profile-sampling/scratch/trees/pol -n sample.154 



Time for BS model parameter optimization 0.050997
Bootstrap[0]: Time 0.567619 seconds, bootstrap likelihood -20029.969454, best rearrangement setting 14
Bootstrap[1]: Time 0.561529 seconds, bootstrap likelihood -20174.942437, best rearrangement setting 14
Bootstrap[2]: Time 0.468482 seconds, bootstrap likelihood -20637.825527, best rearrangement setting 12
Bootstrap[3]: Time 0.456473 seconds, bootstrap likelihood -20550.564201, best rearrangement setting 11
Bootstrap[4]: Time 0.406573 seconds, bootstrap likelihood -21102.778482, best rearrangement setting 6
Bootstrap[5]: Time 0.564107 seconds, bootstrap likelihood -20393.919445, best rearrangement setting 10
Bootstrap[6]: Time 0.571545 seconds, bootstrap likelihood -21398.092627, best rearrangement setting 15
Bootstrap[7]: Time 0.596380 seconds, bootstrap likelihood -20184.306296, best rearrangement setting 12
Bootstrap[8]: Time 0.441560 seconds, bootstrap likelihood -20861.698729, best rearrangement setting 5
Bootstrap[9]: Time 0.514952 seconds, bootstrap likelihood -20723.700820, best rearrangement setting 13
Bootstrap[10]: Time 0.505852 seconds, bootstrap likelihood -20821.056402, best rearrangement setting 13
Bootstrap[11]: Time 0.442359 seconds, bootstrap likelihood -20173.647720, best rearrangement setting 11
Bootstrap[12]: Time 0.473948 seconds, bootstrap likelihood -20680.414463, best rearrangement setting 12
Bootstrap[13]: Time 0.428878 seconds, bootstrap likelihood -20088.432702, best rearrangement setting 14
Bootstrap[14]: Time 0.525181 seconds, bootstrap likelihood -20293.952963, best rearrangement setting 14
Bootstrap[15]: Time 0.509455 seconds, bootstrap likelihood -20507.897814, best rearrangement setting 7
Bootstrap[16]: Time 0.518738 seconds, bootstrap likelihood -20453.009844, best rearrangement setting 13
Bootstrap[17]: Time 0.635453 seconds, bootstrap likelihood -20727.692719, best rearrangement setting 12
Bootstrap[18]: Time 0.549538 seconds, bootstrap likelihood -20708.015182, best rearrangement setting 14
Bootstrap[19]: Time 0.375504 seconds, bootstrap likelihood -21448.308156, best rearrangement setting 5
Bootstrap[20]: Time 0.471841 seconds, bootstrap likelihood -20314.570742, best rearrangement setting 8
Bootstrap[21]: Time 0.504843 seconds, bootstrap likelihood -19851.809670, best rearrangement setting 12
Bootstrap[22]: Time 0.516889 seconds, bootstrap likelihood -20889.509559, best rearrangement setting 9
Bootstrap[23]: Time 1.128980 seconds, bootstrap likelihood -20733.844425, best rearrangement setting 9
Bootstrap[24]: Time 0.542483 seconds, bootstrap likelihood -20489.261472, best rearrangement setting 13
Bootstrap[25]: Time 0.575270 seconds, bootstrap likelihood -20919.873745, best rearrangement setting 11
Bootstrap[26]: Time 0.527403 seconds, bootstrap likelihood -20841.696154, best rearrangement setting 9
Bootstrap[27]: Time 0.525855 seconds, bootstrap likelihood -20838.719478, best rearrangement setting 9
Bootstrap[28]: Time 0.515623 seconds, bootstrap likelihood -20369.126579, best rearrangement setting 9
Bootstrap[29]: Time 0.601943 seconds, bootstrap likelihood -21282.616849, best rearrangement setting 12
Bootstrap[30]: Time 0.478556 seconds, bootstrap likelihood -20437.928894, best rearrangement setting 6
Bootstrap[31]: Time 0.446938 seconds, bootstrap likelihood -20637.538974, best rearrangement setting 8
Bootstrap[32]: Time 0.434892 seconds, bootstrap likelihood -20229.812520, best rearrangement setting 7
Bootstrap[33]: Time 0.543575 seconds, bootstrap likelihood -19793.840410, best rearrangement setting 12
Bootstrap[34]: Time 0.896160 seconds, bootstrap likelihood -21237.452950, best rearrangement setting 10
Bootstrap[35]: Time 0.507879 seconds, bootstrap likelihood -21163.974574, best rearrangement setting 8
Bootstrap[36]: Time 0.542975 seconds, bootstrap likelihood -20596.425008, best rearrangement setting 12
Bootstrap[37]: Time 0.477707 seconds, bootstrap likelihood -20882.686156, best rearrangement setting 10
Bootstrap[38]: Time 0.492068 seconds, bootstrap likelihood -20799.329091, best rearrangement setting 11
Bootstrap[39]: Time 0.534182 seconds, bootstrap likelihood -20756.586338, best rearrangement setting 14
Bootstrap[40]: Time 0.536626 seconds, bootstrap likelihood -21074.194764, best rearrangement setting 11
Bootstrap[41]: Time 0.460737 seconds, bootstrap likelihood -19973.291098, best rearrangement setting 5
Bootstrap[42]: Time 0.541572 seconds, bootstrap likelihood -20829.478962, best rearrangement setting 7
Bootstrap[43]: Time 0.553538 seconds, bootstrap likelihood -20754.695700, best rearrangement setting 10
Bootstrap[44]: Time 0.483682 seconds, bootstrap likelihood -20162.537430, best rearrangement setting 7
Bootstrap[45]: Time 0.449403 seconds, bootstrap likelihood -19734.052851, best rearrangement setting 9
Bootstrap[46]: Time 0.471088 seconds, bootstrap likelihood -19734.223639, best rearrangement setting 7
Bootstrap[47]: Time 0.554732 seconds, bootstrap likelihood -20600.774356, best rearrangement setting 10
Bootstrap[48]: Time 0.560725 seconds, bootstrap likelihood -20500.292392, best rearrangement setting 10
Bootstrap[49]: Time 0.461062 seconds, bootstrap likelihood -20518.850715, best rearrangement setting 5
Bootstrap[50]: Time 0.489703 seconds, bootstrap likelihood -20561.233993, best rearrangement setting 6
Bootstrap[51]: Time 9.499712 seconds, bootstrap likelihood -20116.698556, best rearrangement setting 8
Bootstrap[52]: Time 0.599441 seconds, bootstrap likelihood -20413.686460, best rearrangement setting 13
Bootstrap[53]: Time 0.515085 seconds, bootstrap likelihood -20635.993461, best rearrangement setting 10
Bootstrap[54]: Time 0.538501 seconds, bootstrap likelihood -19857.530862, best rearrangement setting 7
Bootstrap[55]: Time 0.452807 seconds, bootstrap likelihood -21168.544814, best rearrangement setting 7
Bootstrap[56]: Time 0.447662 seconds, bootstrap likelihood -20168.837138, best rearrangement setting 6
Bootstrap[57]: Time 0.497805 seconds, bootstrap likelihood -19861.087063, best rearrangement setting 14
Bootstrap[58]: Time 0.428198 seconds, bootstrap likelihood -20688.254369, best rearrangement setting 6
Bootstrap[59]: Time 0.641857 seconds, bootstrap likelihood -20915.806246, best rearrangement setting 13
Bootstrap[60]: Time 0.497552 seconds, bootstrap likelihood -20834.909451, best rearrangement setting 13
Bootstrap[61]: Time 0.519102 seconds, bootstrap likelihood -20444.080930, best rearrangement setting 7
Bootstrap[62]: Time 0.452226 seconds, bootstrap likelihood -19949.298188, best rearrangement setting 11
Bootstrap[63]: Time 0.461169 seconds, bootstrap likelihood -19660.450202, best rearrangement setting 9
Bootstrap[64]: Time 0.573061 seconds, bootstrap likelihood -19631.909771, best rearrangement setting 13
Bootstrap[65]: Time 0.471585 seconds, bootstrap likelihood -20974.690708, best rearrangement setting 14
Bootstrap[66]: Time 0.479160 seconds, bootstrap likelihood -20630.230254, best rearrangement setting 12
Bootstrap[67]: Time 0.534844 seconds, bootstrap likelihood -19750.751077, best rearrangement setting 8
Bootstrap[68]: Time 0.469375 seconds, bootstrap likelihood -20201.654761, best rearrangement setting 10
Bootstrap[69]: Time 0.558122 seconds, bootstrap likelihood -20234.026202, best rearrangement setting 11
Bootstrap[70]: Time 0.545430 seconds, bootstrap likelihood -20612.213339, best rearrangement setting 9
Bootstrap[71]: Time 0.514543 seconds, bootstrap likelihood -20160.346492, best rearrangement setting 15
Bootstrap[72]: Time 0.574765 seconds, bootstrap likelihood -20142.866644, best rearrangement setting 12
Bootstrap[73]: Time 0.566881 seconds, bootstrap likelihood -20646.880742, best rearrangement setting 12
Bootstrap[74]: Time 0.761816 seconds, bootstrap likelihood -20147.638866, best rearrangement setting 5
Bootstrap[75]: Time 0.484547 seconds, bootstrap likelihood -20658.120585, best rearrangement setting 12
Bootstrap[76]: Time 0.438017 seconds, bootstrap likelihood -20663.212081, best rearrangement setting 9
Bootstrap[77]: Time 0.631525 seconds, bootstrap likelihood -19888.281259, best rearrangement setting 13
Bootstrap[78]: Time 0.513398 seconds, bootstrap likelihood -20370.533621, best rearrangement setting 6
Bootstrap[79]: Time 0.465024 seconds, bootstrap likelihood -20773.066877, best rearrangement setting 8
Bootstrap[80]: Time 0.494229 seconds, bootstrap likelihood -20668.577941, best rearrangement setting 13
Bootstrap[81]: Time 0.571845 seconds, bootstrap likelihood -20836.688464, best rearrangement setting 11
Bootstrap[82]: Time 0.527416 seconds, bootstrap likelihood -21049.965266, best rearrangement setting 13
Bootstrap[83]: Time 0.530048 seconds, bootstrap likelihood -20898.075277, best rearrangement setting 10
Bootstrap[84]: Time 0.482001 seconds, bootstrap likelihood -20471.094154, best rearrangement setting 14
Bootstrap[85]: Time 0.414975 seconds, bootstrap likelihood -20167.171997, best rearrangement setting 8
Bootstrap[86]: Time 0.472223 seconds, bootstrap likelihood -20607.376371, best rearrangement setting 10
Bootstrap[87]: Time 0.496947 seconds, bootstrap likelihood -20653.467392, best rearrangement setting 12
Bootstrap[88]: Time 0.580651 seconds, bootstrap likelihood -19952.163154, best rearrangement setting 10
Bootstrap[89]: Time 0.472762 seconds, bootstrap likelihood -20764.834941, best rearrangement setting 9
Bootstrap[90]: Time 0.412437 seconds, bootstrap likelihood -19995.333407, best rearrangement setting 5
Bootstrap[91]: Time 0.536842 seconds, bootstrap likelihood -19753.573276, best rearrangement setting 12
Bootstrap[92]: Time 10.224356 seconds, bootstrap likelihood -19914.615075, best rearrangement setting 5
Bootstrap[93]: Time 0.580312 seconds, bootstrap likelihood -19293.930121, best rearrangement setting 11
Bootstrap[94]: Time 0.512319 seconds, bootstrap likelihood -20537.306775, best rearrangement setting 9
Bootstrap[95]: Time 0.519446 seconds, bootstrap likelihood -20338.816959, best rearrangement setting 8
Bootstrap[96]: Time 0.486954 seconds, bootstrap likelihood -20501.347209, best rearrangement setting 13
Bootstrap[97]: Time 0.477368 seconds, bootstrap likelihood -20473.068259, best rearrangement setting 12
Bootstrap[98]: Time 0.539350 seconds, bootstrap likelihood -20447.024788, best rearrangement setting 15
Bootstrap[99]: Time 0.514763 seconds, bootstrap likelihood -20382.848530, best rearrangement setting 6


Overall Time for 100 Rapid Bootstraps 70.962701 seconds
Average Time per Rapid Bootstrap 0.709627 seconds

Starting ML Search ...

Fast ML optimization finished

Fast ML search Time: 44.111883 seconds

Slow ML Search 0 Likelihood: -20587.603654
Slow ML Search 1 Likelihood: -20587.603654
Slow ML Search 2 Likelihood: -20587.603653
Slow ML Search 3 Likelihood: -20588.070094
Slow ML Search 4 Likelihood: -20588.071155
Slow ML Search 5 Likelihood: -20588.479769
Slow ML Search 6 Likelihood: -20588.647315
Slow ML Search 7 Likelihood: -20588.644351
Slow ML Search 8 Likelihood: -20588.652489
Slow ML Search 9 Likelihood: -20590.005689
Slow ML optimization finished

Slow ML search Time: 8.797321 seconds
Thorough ML search Time: 1.090753 seconds

Final ML Optimization Likelihood: -20587.603660

Model Information:

Model Parameters of Partition 0, Name: No Name Provided, Type of Data: DNA
alpha: 0.299408
Tree-Length: 1.566896
rate A <-> C: 2.431782
rate A <-> G: 9.261445
rate A <-> T: 1.039657
rate C <-> G: 1.051993
rate C <-> T: 11.432587
rate G <-> T: 1.000000

freq pi(A): 0.390076
freq pi(C): 0.165782
freq pi(G): 0.227572
freq pi(T): 0.216570


ML search took 54.023036 secs or 0.015006 hours

Combined Bootstrap and ML search took 124.985880 secs or 0.034718 hours

Drawing Bootstrap Support Values on best-scoring ML tree ...



Found 1 tree in File /gpfs_home/mhowison/code/hiv-profile-sampling/scratch/trees/pol/RAxML_bestTree.sample.154



Found 1 tree in File /gpfs_home/mhowison/code/hiv-profile-sampling/scratch/trees/pol/RAxML_bestTree.sample.154

Program execution info written to /gpfs_home/mhowison/code/hiv-profile-sampling/scratch/trees/pol/RAxML_info.sample.154
All 100 bootstrapped trees written to: /gpfs_home/mhowison/code/hiv-profile-sampling/scratch/trees/pol/RAxML_bootstrap.sample.154

Best-scoring ML tree written to: /gpfs_home/mhowison/code/hiv-profile-sampling/scratch/trees/pol/RAxML_bestTree.sample.154

Best-scoring ML tree with support values written to: /gpfs_home/mhowison/code/hiv-profile-sampling/scratch/trees/pol/RAxML_bipartitions.sample.154

Best-scoring ML tree with support values as branch labels written to: /gpfs_home/mhowison/code/hiv-profile-sampling/scratch/trees/pol/RAxML_bipartitionsBranchLabels.sample.154

Overall execution time for full ML analysis: 125.002652 secs or 0.034723 hours or 0.001447 days

