srun: job 262151 queued and waiting for resources
srun: job 262151 has been allocated resources
Warning, you specified a working directory via "-w"
Keep in mind that RAxML only accepts absolute path names, not relative ones!

RAxML can't, parse the alignment file as phylip file 
it will now try to parse it as FASTA file



Using BFGS method to optimize GTR rate parameters, to disable this specify "--no-bfgs" 


This is the RAxML Master Pthread

This is RAxML Worker Pthread Number: 4

This is RAxML Worker Pthread Number: 7

This is RAxML Worker Pthread Number: 6

This is RAxML Worker Pthread Number: 1

This is RAxML Worker Pthread Number: 2

This is RAxML Worker Pthread Number: 3

This is RAxML Worker Pthread Number: 5

This is RAxML Worker Pthread Number: 8

This is RAxML Worker Pthread Number: 9

This is RAxML Worker Pthread Number: 11

This is RAxML Worker Pthread Number: 10

This is RAxML Worker Pthread Number: 12

This is RAxML Worker Pthread Number: 13

This is RAxML Worker Pthread Number: 14

This is RAxML Worker Pthread Number: 15

This is RAxML Worker Pthread Number: 16

This is RAxML Worker Pthread Number: 17

This is RAxML Worker Pthread Number: 18

This is RAxML Worker Pthread Number: 19


This is RAxML version 8.2.12 released by Alexandros Stamatakis on May 2018.

With greatly appreciated code contributions by:
Andre Aberer      (HITS)
Simon Berger      (HITS)
Alexey Kozlov     (HITS)
Kassian Kobert    (HITS)
David Dao         (KIT and HITS)
Sarah Lutteropp   (KIT and HITS)
Nick Pattengale   (Sandia)
Wayne Pfeiffer    (SDSC)
Akifumi S. Tanabe (NRIFS)
Charlie Taylor    (UF)


Alignment has 1185 distinct alignment patterns

Proportion of gaps and completely undetermined characters in this alignment: 5.94%

RAxML rapid bootstrapping and subsequent ML search

Using 1 distinct models/data partitions with joint branch length optimization



Executing 100 rapid bootstrap inferences and thereafter a thorough ML search 

All free model parameters will be estimated by RAxML
GAMMA model of rate heterogeneity, ML estimate of alpha-parameter

GAMMA Model parameters will be estimated up to an accuracy of 0.1000000000 Log Likelihood units

Partition: 0
Alignment Patterns: 1185
Name: No Name Provided
DataType: DNA
Substitution Matrix: GTR




RAxML was called as follows:

raxmlHPC-PTHREADS-AVX -T 20 -s scratch/aligned/pol/sample.371.fa -p 4605572808 -x 4605572808 -f a -N 100 -m GTRGAMMA -w /gpfs_home/mhowison/code/hiv-profile-sampling/scratch/trees/pol -n sample.371 



Time for BS model parameter optimization 0.051750
Bootstrap[0]: Time 2.424002 seconds, bootstrap likelihood -20503.819093, best rearrangement setting 15
Bootstrap[1]: Time 0.549790 seconds, bootstrap likelihood -20673.828858, best rearrangement setting 9
Bootstrap[2]: Time 0.525382 seconds, bootstrap likelihood -20426.535485, best rearrangement setting 10
Bootstrap[3]: Time 0.556508 seconds, bootstrap likelihood -20682.635724, best rearrangement setting 8
Bootstrap[4]: Time 0.593841 seconds, bootstrap likelihood -21067.059022, best rearrangement setting 7
Bootstrap[5]: Time 0.623541 seconds, bootstrap likelihood -20938.319235, best rearrangement setting 12
Bootstrap[6]: Time 0.470755 seconds, bootstrap likelihood -20016.983721, best rearrangement setting 6
Bootstrap[7]: Time 0.671320 seconds, bootstrap likelihood -20047.716692, best rearrangement setting 13
Bootstrap[8]: Time 0.545845 seconds, bootstrap likelihood -21122.502228, best rearrangement setting 10
Bootstrap[9]: Time 0.543248 seconds, bootstrap likelihood -20565.911723, best rearrangement setting 13
Bootstrap[10]: Time 0.543774 seconds, bootstrap likelihood -21055.739485, best rearrangement setting 8
Bootstrap[11]: Time 0.492525 seconds, bootstrap likelihood -20244.549806, best rearrangement setting 11
Bootstrap[12]: Time 0.448871 seconds, bootstrap likelihood -21063.081181, best rearrangement setting 15
Bootstrap[13]: Time 0.444043 seconds, bootstrap likelihood -19975.508601, best rearrangement setting 5
Bootstrap[14]: Time 0.470973 seconds, bootstrap likelihood -20529.731971, best rearrangement setting 6
Bootstrap[15]: Time 0.580474 seconds, bootstrap likelihood -20884.334048, best rearrangement setting 13
Bootstrap[16]: Time 0.576398 seconds, bootstrap likelihood -20675.226334, best rearrangement setting 10
Bootstrap[17]: Time 0.529385 seconds, bootstrap likelihood -20912.336508, best rearrangement setting 11
Bootstrap[18]: Time 2.940366 seconds, bootstrap likelihood -20884.336600, best rearrangement setting 8
Bootstrap[19]: Time 0.476117 seconds, bootstrap likelihood -21011.314675, best rearrangement setting 5
Bootstrap[20]: Time 0.515161 seconds, bootstrap likelihood -20088.827884, best rearrangement setting 12
Bootstrap[21]: Time 0.503096 seconds, bootstrap likelihood -20725.984060, best rearrangement setting 6
Bootstrap[22]: Time 0.582364 seconds, bootstrap likelihood -20574.705668, best rearrangement setting 10
Bootstrap[23]: Time 0.553824 seconds, bootstrap likelihood -20221.619647, best rearrangement setting 7
Bootstrap[24]: Time 1.397077 seconds, bootstrap likelihood -20639.308591, best rearrangement setting 8
Bootstrap[25]: Time 0.532900 seconds, bootstrap likelihood -21098.998058, best rearrangement setting 14
Bootstrap[26]: Time 0.572596 seconds, bootstrap likelihood -21318.011506, best rearrangement setting 7
Bootstrap[27]: Time 0.538607 seconds, bootstrap likelihood -20558.384765, best rearrangement setting 7
Bootstrap[28]: Time 0.566564 seconds, bootstrap likelihood -19686.801839, best rearrangement setting 10
Bootstrap[29]: Time 0.512336 seconds, bootstrap likelihood -20830.012517, best rearrangement setting 11
Bootstrap[30]: Time 0.562895 seconds, bootstrap likelihood -19326.003628, best rearrangement setting 15
Bootstrap[31]: Time 0.487825 seconds, bootstrap likelihood -21109.269194, best rearrangement setting 11
Bootstrap[32]: Time 0.518704 seconds, bootstrap likelihood -20331.897427, best rearrangement setting 10
Bootstrap[33]: Time 0.524156 seconds, bootstrap likelihood -20136.646361, best rearrangement setting 7
Bootstrap[34]: Time 0.449520 seconds, bootstrap likelihood -19727.146134, best rearrangement setting 7
Bootstrap[35]: Time 0.443870 seconds, bootstrap likelihood -20927.942115, best rearrangement setting 5
Bootstrap[36]: Time 0.552685 seconds, bootstrap likelihood -20873.170906, best rearrangement setting 15
Bootstrap[37]: Time 0.485641 seconds, bootstrap likelihood -20702.781912, best rearrangement setting 6
Bootstrap[38]: Time 0.475649 seconds, bootstrap likelihood -20773.623713, best rearrangement setting 14
Bootstrap[39]: Time 0.611492 seconds, bootstrap likelihood -20882.688509, best rearrangement setting 9
Bootstrap[40]: Time 0.565399 seconds, bootstrap likelihood -20071.134417, best rearrangement setting 13
Bootstrap[41]: Time 0.677238 seconds, bootstrap likelihood -20821.394848, best rearrangement setting 6
Bootstrap[42]: Time 4.464336 seconds, bootstrap likelihood -20419.685482, best rearrangement setting 7
Bootstrap[43]: Time 0.598177 seconds, bootstrap likelihood -20410.902168, best rearrangement setting 11
Bootstrap[44]: Time 0.544454 seconds, bootstrap likelihood -20947.243822, best rearrangement setting 7
Bootstrap[45]: Time 0.429608 seconds, bootstrap likelihood -21085.954538, best rearrangement setting 5
Bootstrap[46]: Time 0.464727 seconds, bootstrap likelihood -21143.441756, best rearrangement setting 11
Bootstrap[47]: Time 2.349800 seconds, bootstrap likelihood -20743.828697, best rearrangement setting 13
Bootstrap[48]: Time 0.596577 seconds, bootstrap likelihood -20350.330182, best rearrangement setting 13
Bootstrap[49]: Time 0.560522 seconds, bootstrap likelihood -20202.812379, best rearrangement setting 11
Bootstrap[50]: Time 0.464633 seconds, bootstrap likelihood -20042.568399, best rearrangement setting 15
Bootstrap[51]: Time 0.498410 seconds, bootstrap likelihood -21201.068564, best rearrangement setting 6
Bootstrap[52]: Time 0.495800 seconds, bootstrap likelihood -19707.253795, best rearrangement setting 12
Bootstrap[53]: Time 1.841763 seconds, bootstrap likelihood -20704.621728, best rearrangement setting 9
Bootstrap[54]: Time 0.559239 seconds, bootstrap likelihood -20641.755166, best rearrangement setting 9
Bootstrap[55]: Time 0.572559 seconds, bootstrap likelihood -20830.449128, best rearrangement setting 14
Bootstrap[56]: Time 0.744862 seconds, bootstrap likelihood -20674.200612, best rearrangement setting 12
Bootstrap[57]: Time 4.236646 seconds, bootstrap likelihood -20523.713182, best rearrangement setting 10
Bootstrap[58]: Time 0.592932 seconds, bootstrap likelihood -20800.192542, best rearrangement setting 11
Bootstrap[59]: Time 0.635980 seconds, bootstrap likelihood -20495.030408, best rearrangement setting 12
Bootstrap[60]: Time 0.549551 seconds, bootstrap likelihood -20566.560706, best rearrangement setting 13
Bootstrap[61]: Time 0.526802 seconds, bootstrap likelihood -21408.675514, best rearrangement setting 10
Bootstrap[62]: Time 0.650892 seconds, bootstrap likelihood -21003.677670, best rearrangement setting 8
Bootstrap[63]: Time 0.569393 seconds, bootstrap likelihood -20455.186484, best rearrangement setting 10
Bootstrap[64]: Time 0.523025 seconds, bootstrap likelihood -20935.824269, best rearrangement setting 8
Bootstrap[65]: Time 0.623059 seconds, bootstrap likelihood -20863.461202, best rearrangement setting 11
Bootstrap[66]: Time 5.691656 seconds, bootstrap likelihood -19918.592182, best rearrangement setting 6
Bootstrap[67]: Time 0.540239 seconds, bootstrap likelihood -20243.514843, best rearrangement setting 10
Bootstrap[68]: Time 0.490109 seconds, bootstrap likelihood -20275.600041, best rearrangement setting 14
Bootstrap[69]: Time 16.588150 seconds, bootstrap likelihood -20595.081600, best rearrangement setting 10
Bootstrap[70]: Time 0.468523 seconds, bootstrap likelihood -20930.550864, best rearrangement setting 5
Bootstrap[71]: Time 0.485954 seconds, bootstrap likelihood -20886.608105, best rearrangement setting 13
Bootstrap[72]: Time 1.063210 seconds, bootstrap likelihood -20037.696506, best rearrangement setting 13
Bootstrap[73]: Time 0.521601 seconds, bootstrap likelihood -20872.917884, best rearrangement setting 12
Bootstrap[74]: Time 0.539089 seconds, bootstrap likelihood -20334.664701, best rearrangement setting 7
Bootstrap[75]: Time 0.570769 seconds, bootstrap likelihood -20299.791366, best rearrangement setting 7
Bootstrap[76]: Time 0.552435 seconds, bootstrap likelihood -20157.543117, best rearrangement setting 7
Bootstrap[77]: Time 0.541300 seconds, bootstrap likelihood -19983.968287, best rearrangement setting 7
Bootstrap[78]: Time 0.533628 seconds, bootstrap likelihood -21043.318096, best rearrangement setting 10
Bootstrap[79]: Time 0.553420 seconds, bootstrap likelihood -20661.489843, best rearrangement setting 11
Bootstrap[80]: Time 0.485316 seconds, bootstrap likelihood -20121.603694, best rearrangement setting 9
Bootstrap[81]: Time 0.549801 seconds, bootstrap likelihood -21368.375718, best rearrangement setting 10
Bootstrap[82]: Time 0.513648 seconds, bootstrap likelihood -21200.030853, best rearrangement setting 6
Bootstrap[83]: Time 13.837189 seconds, bootstrap likelihood -20501.220121, best rearrangement setting 9
Bootstrap[84]: Time 0.498684 seconds, bootstrap likelihood -20858.731798, best rearrangement setting 8
Bootstrap[85]: Time 0.572221 seconds, bootstrap likelihood -20714.541123, best rearrangement setting 8
Bootstrap[86]: Time 0.524258 seconds, bootstrap likelihood -20794.624000, best rearrangement setting 14
Bootstrap[87]: Time 0.538673 seconds, bootstrap likelihood -20858.363201, best rearrangement setting 7
Bootstrap[88]: Time 0.536647 seconds, bootstrap likelihood -20117.468899, best rearrangement setting 7
Bootstrap[89]: Time 0.666154 seconds, bootstrap likelihood -20521.096844, best rearrangement setting 12
Bootstrap[90]: Time 0.528370 seconds, bootstrap likelihood -20473.502680, best rearrangement setting 9
Bootstrap[91]: Time 0.596384 seconds, bootstrap likelihood -20616.149684, best rearrangement setting 15
Bootstrap[92]: Time 0.543254 seconds, bootstrap likelihood -20352.068427, best rearrangement setting 9
Bootstrap[93]: Time 0.490059 seconds, bootstrap likelihood -20501.440916, best rearrangement setting 7
Bootstrap[94]: Time 24.203034 seconds, bootstrap likelihood -20566.476093, best rearrangement setting 8
Bootstrap[95]: Time 0.756350 seconds, bootstrap likelihood -20401.413732, best rearrangement setting 13
Bootstrap[96]: Time 0.563579 seconds, bootstrap likelihood -20371.590503, best rearrangement setting 7
Bootstrap[97]: Time 0.474261 seconds, bootstrap likelihood -21174.735006, best rearrangement setting 8
Bootstrap[98]: Time 0.516133 seconds, bootstrap likelihood -20638.464265, best rearrangement setting 11
Bootstrap[99]: Time 0.602015 seconds, bootstrap likelihood -20444.845293, best rearrangement setting 11


Overall Time for 100 Rapid Bootstraps 129.054794 seconds
Average Time per Rapid Bootstrap 1.290548 seconds

Starting ML Search ...

Fast ML optimization finished

Fast ML search Time: 295.896044 seconds

Slow ML Search 0 Likelihood: -20737.840395
Slow ML Search 1 Likelihood: -20737.840395
Slow ML Search 2 Likelihood: -20737.840395
Slow ML Search 3 Likelihood: -20739.496499
Slow ML Search 4 Likelihood: -20739.503343
Slow ML Search 5 Likelihood: -20739.945328
Slow ML Search 6 Likelihood: -20739.945327
Slow ML Search 7 Likelihood: -20739.945327
Slow ML Search 8 Likelihood: -20739.945327
Slow ML Search 9 Likelihood: -20739.945327
Slow ML optimization finished

Slow ML search Time: 13.692282 seconds
Thorough ML search Time: 1.137014 seconds

Final ML Optimization Likelihood: -20737.840394

Model Information:

Model Parameters of Partition 0, Name: No Name Provided, Type of Data: DNA
alpha: 0.311022
Tree-Length: 1.602179
rate A <-> C: 2.620414
rate A <-> G: 9.892738
rate A <-> T: 1.103268
rate C <-> G: 1.161707
rate C <-> T: 12.427996
rate G <-> T: 1.000000

freq pi(A): 0.390154
freq pi(C): 0.166103
freq pi(G): 0.227311
freq pi(T): 0.216432


ML search took 310.732830 secs or 0.086315 hours

Combined Bootstrap and ML search took 439.787770 secs or 0.122163 hours

Drawing Bootstrap Support Values on best-scoring ML tree ...



Found 1 tree in File /gpfs_home/mhowison/code/hiv-profile-sampling/scratch/trees/pol/RAxML_bestTree.sample.371



Found 1 tree in File /gpfs_home/mhowison/code/hiv-profile-sampling/scratch/trees/pol/RAxML_bestTree.sample.371

Program execution info written to /gpfs_home/mhowison/code/hiv-profile-sampling/scratch/trees/pol/RAxML_info.sample.371
All 100 bootstrapped trees written to: /gpfs_home/mhowison/code/hiv-profile-sampling/scratch/trees/pol/RAxML_bootstrap.sample.371

Best-scoring ML tree written to: /gpfs_home/mhowison/code/hiv-profile-sampling/scratch/trees/pol/RAxML_bestTree.sample.371

Best-scoring ML tree with support values written to: /gpfs_home/mhowison/code/hiv-profile-sampling/scratch/trees/pol/RAxML_bipartitions.sample.371

Best-scoring ML tree with support values as branch labels written to: /gpfs_home/mhowison/code/hiv-profile-sampling/scratch/trees/pol/RAxML_bipartitionsBranchLabels.sample.371

Overall execution time for full ML analysis: 439.791737 secs or 0.122164 hours or 0.005090 days

