srun: job 261479 queued and waiting for resources
srun: job 261479 has been allocated resources
Warning, you specified a working directory via "-w"
Keep in mind that RAxML only accepts absolute path names, not relative ones!

RAxML can't, parse the alignment file as phylip file 
it will now try to parse it as FASTA file



Using BFGS method to optimize GTR rate parameters, to disable this specify "--no-bfgs" 


This is the RAxML Master Pthread

This is RAxML Worker Pthread Number: 1

This is RAxML Worker Pthread Number: 6

This is RAxML Worker Pthread Number: 2

This is RAxML Worker Pthread Number: 4

This is RAxML Worker Pthread Number: 5

This is RAxML Worker Pthread Number: 3

This is RAxML Worker Pthread Number: 7

This is RAxML Worker Pthread Number: 8

This is RAxML Worker Pthread Number: 9

This is RAxML Worker Pthread Number: 11

This is RAxML Worker Pthread Number: 10

This is RAxML Worker Pthread Number: 14

This is RAxML Worker Pthread Number: 13

This is RAxML Worker Pthread Number: 12

This is RAxML Worker Pthread Number: 16

This is RAxML Worker Pthread Number: 15

This is RAxML Worker Pthread Number: 17

This is RAxML Worker Pthread Number: 18

This is RAxML Worker Pthread Number: 19


This is RAxML version 8.2.12 released by Alexandros Stamatakis on May 2018.

With greatly appreciated code contributions by:
Andre Aberer      (HITS)
Simon Berger      (HITS)
Alexey Kozlov     (HITS)
Kassian Kobert    (HITS)
David Dao         (KIT and HITS)
Sarah Lutteropp   (KIT and HITS)
Nick Pattengale   (Sandia)
Wayne Pfeiffer    (SDSC)
Akifumi S. Tanabe (NRIFS)
Charlie Taylor    (UF)


Alignment has 1178 distinct alignment patterns

Proportion of gaps and completely undetermined characters in this alignment: 5.94%

RAxML rapid bootstrapping and subsequent ML search

Using 1 distinct models/data partitions with joint branch length optimization



Executing 100 rapid bootstrap inferences and thereafter a thorough ML search 

All free model parameters will be estimated by RAxML
GAMMA model of rate heterogeneity, ML estimate of alpha-parameter

GAMMA Model parameters will be estimated up to an accuracy of 0.1000000000 Log Likelihood units

Partition: 0
Alignment Patterns: 1178
Name: No Name Provided
DataType: DNA
Substitution Matrix: GTR




RAxML was called as follows:

raxmlHPC-PTHREADS-AVX -T 20 -s scratch/aligned/pol/sample.13.fa -p 9200467568 -x 9200467568 -f a -N 100 -m GTRGAMMA -w /gpfs_home/mhowison/code/hiv-profile-sampling/scratch/trees/pol -n sample.13 



Time for BS model parameter optimization 0.054189
Bootstrap[0]: Time 0.558470 seconds, bootstrap likelihood -19537.606534, best rearrangement setting 10
Bootstrap[1]: Time 0.495695 seconds, bootstrap likelihood -20621.361527, best rearrangement setting 12
Bootstrap[2]: Time 0.472933 seconds, bootstrap likelihood -20754.823726, best rearrangement setting 7
Bootstrap[3]: Time 0.446028 seconds, bootstrap likelihood -20671.872708, best rearrangement setting 5
Bootstrap[4]: Time 0.849145 seconds, bootstrap likelihood -20944.306195, best rearrangement setting 13
Bootstrap[5]: Time 0.532269 seconds, bootstrap likelihood -20976.804264, best rearrangement setting 14
Bootstrap[6]: Time 0.438129 seconds, bootstrap likelihood -20758.477469, best rearrangement setting 5
Bootstrap[7]: Time 0.504629 seconds, bootstrap likelihood -20593.282496, best rearrangement setting 7
Bootstrap[8]: Time 0.519195 seconds, bootstrap likelihood -20590.523529, best rearrangement setting 8
Bootstrap[9]: Time 0.653173 seconds, bootstrap likelihood -20888.660962, best rearrangement setting 13
Bootstrap[10]: Time 0.507096 seconds, bootstrap likelihood -20561.005043, best rearrangement setting 9
Bootstrap[11]: Time 0.449206 seconds, bootstrap likelihood -21232.743534, best rearrangement setting 5
Bootstrap[12]: Time 0.481468 seconds, bootstrap likelihood -20812.622184, best rearrangement setting 12
Bootstrap[13]: Time 0.540351 seconds, bootstrap likelihood -19839.012141, best rearrangement setting 13
Bootstrap[14]: Time 0.518805 seconds, bootstrap likelihood -20184.726079, best rearrangement setting 6
Bootstrap[15]: Time 0.387774 seconds, bootstrap likelihood -20924.044701, best rearrangement setting 9
Bootstrap[16]: Time 0.414857 seconds, bootstrap likelihood -20664.062818, best rearrangement setting 5
Bootstrap[17]: Time 0.520135 seconds, bootstrap likelihood -20458.170303, best rearrangement setting 9
Bootstrap[18]: Time 0.411527 seconds, bootstrap likelihood -19275.266895, best rearrangement setting 5
Bootstrap[19]: Time 0.562802 seconds, bootstrap likelihood -20319.106070, best rearrangement setting 14
Bootstrap[20]: Time 0.501633 seconds, bootstrap likelihood -19774.426009, best rearrangement setting 8
Bootstrap[21]: Time 0.434985 seconds, bootstrap likelihood -21047.824560, best rearrangement setting 15
Bootstrap[22]: Time 0.394835 seconds, bootstrap likelihood -20755.822293, best rearrangement setting 5
Bootstrap[23]: Time 0.487764 seconds, bootstrap likelihood -19880.612635, best rearrangement setting 13
Bootstrap[24]: Time 0.439118 seconds, bootstrap likelihood -20247.592290, best rearrangement setting 5
Bootstrap[25]: Time 0.576339 seconds, bootstrap likelihood -20253.192726, best rearrangement setting 12
Bootstrap[26]: Time 0.591579 seconds, bootstrap likelihood -20434.420676, best rearrangement setting 6
Bootstrap[27]: Time 0.562995 seconds, bootstrap likelihood -20991.473360, best rearrangement setting 15
Bootstrap[28]: Time 0.545198 seconds, bootstrap likelihood -20575.509311, best rearrangement setting 10
Bootstrap[29]: Time 0.525826 seconds, bootstrap likelihood -20717.014672, best rearrangement setting 13
Bootstrap[30]: Time 0.579299 seconds, bootstrap likelihood -21236.328097, best rearrangement setting 12
Bootstrap[31]: Time 0.656159 seconds, bootstrap likelihood -20592.883478, best rearrangement setting 12
Bootstrap[32]: Time 0.593830 seconds, bootstrap likelihood -20219.770666, best rearrangement setting 13
Bootstrap[33]: Time 3.487148 seconds, bootstrap likelihood -20867.670608, best rearrangement setting 13
Bootstrap[34]: Time 0.465553 seconds, bootstrap likelihood -20299.490380, best rearrangement setting 6
Bootstrap[35]: Time 0.548875 seconds, bootstrap likelihood -19846.084442, best rearrangement setting 9
Bootstrap[36]: Time 0.469607 seconds, bootstrap likelihood -21311.489228, best rearrangement setting 13
Bootstrap[37]: Time 0.510722 seconds, bootstrap likelihood -21206.026082, best rearrangement setting 12
Bootstrap[38]: Time 0.615386 seconds, bootstrap likelihood -20429.155892, best rearrangement setting 12
Bootstrap[39]: Time 0.460415 seconds, bootstrap likelihood -20341.045478, best rearrangement setting 14
Bootstrap[40]: Time 0.546332 seconds, bootstrap likelihood -20086.628107, best rearrangement setting 10
Bootstrap[41]: Time 0.546710 seconds, bootstrap likelihood -20575.061084, best rearrangement setting 10
Bootstrap[42]: Time 0.518179 seconds, bootstrap likelihood -20712.501283, best rearrangement setting 7
Bootstrap[43]: Time 0.499677 seconds, bootstrap likelihood -21020.241131, best rearrangement setting 7
Bootstrap[44]: Time 0.477034 seconds, bootstrap likelihood -20206.942273, best rearrangement setting 6
Bootstrap[45]: Time 0.430399 seconds, bootstrap likelihood -21233.415241, best rearrangement setting 11
Bootstrap[46]: Time 0.496891 seconds, bootstrap likelihood -21302.699724, best rearrangement setting 10
Bootstrap[47]: Time 0.465033 seconds, bootstrap likelihood -21040.429794, best rearrangement setting 6
Bootstrap[48]: Time 0.441784 seconds, bootstrap likelihood -20414.990157, best rearrangement setting 5
Bootstrap[49]: Time 0.516568 seconds, bootstrap likelihood -20863.779972, best rearrangement setting 13
Bootstrap[50]: Time 0.550622 seconds, bootstrap likelihood -21023.602140, best rearrangement setting 15
Bootstrap[51]: Time 0.588223 seconds, bootstrap likelihood -20566.450016, best rearrangement setting 14
Bootstrap[52]: Time 0.490254 seconds, bootstrap likelihood -20245.870072, best rearrangement setting 6
Bootstrap[53]: Time 0.466301 seconds, bootstrap likelihood -21270.546562, best rearrangement setting 9
Bootstrap[54]: Time 0.462212 seconds, bootstrap likelihood -20410.029150, best rearrangement setting 6
Bootstrap[55]: Time 0.465625 seconds, bootstrap likelihood -20975.387198, best rearrangement setting 8
Bootstrap[56]: Time 0.429510 seconds, bootstrap likelihood -20524.618342, best rearrangement setting 6
Bootstrap[57]: Time 0.703664 seconds, bootstrap likelihood -20528.290742, best rearrangement setting 12
Bootstrap[58]: Time 0.534426 seconds, bootstrap likelihood -20243.827679, best rearrangement setting 9
Bootstrap[59]: Time 1.578332 seconds, bootstrap likelihood -20378.203804, best rearrangement setting 6
Bootstrap[60]: Time 0.467370 seconds, bootstrap likelihood -20455.645349, best rearrangement setting 9
Bootstrap[61]: Time 0.491714 seconds, bootstrap likelihood -21300.387560, best rearrangement setting 10
Bootstrap[62]: Time 0.457687 seconds, bootstrap likelihood -20896.185451, best rearrangement setting 7
Bootstrap[63]: Time 0.461738 seconds, bootstrap likelihood -20628.515775, best rearrangement setting 6
Bootstrap[64]: Time 0.561800 seconds, bootstrap likelihood -20331.400219, best rearrangement setting 12
Bootstrap[65]: Time 0.598551 seconds, bootstrap likelihood -20656.698303, best rearrangement setting 9
Bootstrap[66]: Time 0.596011 seconds, bootstrap likelihood -20378.507382, best rearrangement setting 8
Bootstrap[67]: Time 0.604968 seconds, bootstrap likelihood -20841.684211, best rearrangement setting 10
Bootstrap[68]: Time 0.445637 seconds, bootstrap likelihood -20707.814405, best rearrangement setting 5
Bootstrap[69]: Time 0.541009 seconds, bootstrap likelihood -21006.401721, best rearrangement setting 12
Bootstrap[70]: Time 0.452213 seconds, bootstrap likelihood -20771.494128, best rearrangement setting 13
Bootstrap[71]: Time 0.438691 seconds, bootstrap likelihood -21118.249092, best rearrangement setting 8
Bootstrap[72]: Time 0.469035 seconds, bootstrap likelihood -20509.034052, best rearrangement setting 7
Bootstrap[73]: Time 0.501108 seconds, bootstrap likelihood -20486.886460, best rearrangement setting 14
Bootstrap[74]: Time 3.354095 seconds, bootstrap likelihood -20212.807921, best rearrangement setting 7
Bootstrap[75]: Time 1.516435 seconds, bootstrap likelihood -20860.340367, best rearrangement setting 9
Bootstrap[76]: Time 3.931199 seconds, bootstrap likelihood -20648.922792, best rearrangement setting 14
Bootstrap[77]: Time 0.519854 seconds, bootstrap likelihood -21051.068819, best rearrangement setting 15
Bootstrap[78]: Time 0.616328 seconds, bootstrap likelihood -21111.543058, best rearrangement setting 15
Bootstrap[79]: Time 0.618555 seconds, bootstrap likelihood -20637.750252, best rearrangement setting 13
Bootstrap[80]: Time 0.444937 seconds, bootstrap likelihood -20424.883875, best rearrangement setting 7
Bootstrap[81]: Time 0.437240 seconds, bootstrap likelihood -20947.232445, best rearrangement setting 12
Bootstrap[82]: Time 0.416463 seconds, bootstrap likelihood -20861.686892, best rearrangement setting 5
Bootstrap[83]: Time 0.523022 seconds, bootstrap likelihood -20359.040445, best rearrangement setting 9
Bootstrap[84]: Time 0.521186 seconds, bootstrap likelihood -21203.427823, best rearrangement setting 15
Bootstrap[85]: Time 0.544140 seconds, bootstrap likelihood -20249.678860, best rearrangement setting 11
Bootstrap[86]: Time 0.462484 seconds, bootstrap likelihood -20760.051779, best rearrangement setting 7
Bootstrap[87]: Time 0.459859 seconds, bootstrap likelihood -20898.545402, best rearrangement setting 9
Bootstrap[88]: Time 0.557671 seconds, bootstrap likelihood -20572.738968, best rearrangement setting 12
Bootstrap[89]: Time 0.529561 seconds, bootstrap likelihood -20731.636049, best rearrangement setting 8
Bootstrap[90]: Time 0.612316 seconds, bootstrap likelihood -20360.205193, best rearrangement setting 14
Bootstrap[91]: Time 0.455480 seconds, bootstrap likelihood -20698.970020, best rearrangement setting 5
Bootstrap[92]: Time 0.827629 seconds, bootstrap likelihood -19994.282762, best rearrangement setting 13
Bootstrap[93]: Time 0.448610 seconds, bootstrap likelihood -20709.955465, best rearrangement setting 5
Bootstrap[94]: Time 0.470794 seconds, bootstrap likelihood -20508.774921, best rearrangement setting 13
Bootstrap[95]: Time 0.536423 seconds, bootstrap likelihood -20306.306823, best rearrangement setting 7
Bootstrap[96]: Time 0.497039 seconds, bootstrap likelihood -20246.006876, best rearrangement setting 5
Bootstrap[97]: Time 4.308010 seconds, bootstrap likelihood -20536.250810, best rearrangement setting 10
Bootstrap[98]: Time 4.174772 seconds, bootstrap likelihood -21200.911915, best rearrangement setting 7
Bootstrap[99]: Time 0.542032 seconds, bootstrap likelihood -20085.746282, best rearrangement setting 13


Overall Time for 100 Rapid Bootstraps 70.381565 seconds
Average Time per Rapid Bootstrap 0.703816 seconds

Starting ML Search ...

Fast ML optimization finished

Fast ML search Time: 198.814926 seconds

Slow ML Search 0 Likelihood: -20666.559693
Slow ML Search 1 Likelihood: -20666.559693
Slow ML Search 2 Likelihood: -20666.559693
Slow ML Search 3 Likelihood: -20667.104461
Slow ML Search 4 Likelihood: -20667.144677
Slow ML Search 5 Likelihood: -20667.717192
Slow ML Search 6 Likelihood: -20667.717192
Slow ML Search 7 Likelihood: -20667.954056
Slow ML Search 8 Likelihood: -20667.954056
Slow ML Search 9 Likelihood: -20667.957464
Slow ML optimization finished

Slow ML search Time: 77.455065 seconds
Thorough ML search Time: 1.205755 seconds

Final ML Optimization Likelihood: -20666.559903

Model Information:

Model Parameters of Partition 0, Name: No Name Provided, Type of Data: DNA
alpha: 0.305241
Tree-Length: 1.570429
rate A <-> C: 2.262565
rate A <-> G: 9.002669
rate A <-> T: 0.990431
rate C <-> G: 1.043516
rate C <-> T: 10.741306
rate G <-> T: 1.000000

freq pi(A): 0.390104
freq pi(C): 0.165773
freq pi(G): 0.227563
freq pi(T): 0.216560


ML search took 277.481990 secs or 0.077078 hours

Combined Bootstrap and ML search took 347.863703 secs or 0.096629 hours

Drawing Bootstrap Support Values on best-scoring ML tree ...



Found 1 tree in File /gpfs_home/mhowison/code/hiv-profile-sampling/scratch/trees/pol/RAxML_bestTree.sample.13



Found 1 tree in File /gpfs_home/mhowison/code/hiv-profile-sampling/scratch/trees/pol/RAxML_bestTree.sample.13

Program execution info written to /gpfs_home/mhowison/code/hiv-profile-sampling/scratch/trees/pol/RAxML_info.sample.13
All 100 bootstrapped trees written to: /gpfs_home/mhowison/code/hiv-profile-sampling/scratch/trees/pol/RAxML_bootstrap.sample.13

Best-scoring ML tree written to: /gpfs_home/mhowison/code/hiv-profile-sampling/scratch/trees/pol/RAxML_bestTree.sample.13

Best-scoring ML tree with support values written to: /gpfs_home/mhowison/code/hiv-profile-sampling/scratch/trees/pol/RAxML_bipartitions.sample.13

Best-scoring ML tree with support values as branch labels written to: /gpfs_home/mhowison/code/hiv-profile-sampling/scratch/trees/pol/RAxML_bipartitionsBranchLabels.sample.13

Overall execution time for full ML analysis: 347.867910 secs or 0.096630 hours or 0.004026 days

