srun: job 262143 queued and waiting for resources
srun: job 262143 has been allocated resources
Warning, you specified a working directory via "-w"
Keep in mind that RAxML only accepts absolute path names, not relative ones!

RAxML can't, parse the alignment file as phylip file 
it will now try to parse it as FASTA file



Using BFGS method to optimize GTR rate parameters, to disable this specify "--no-bfgs" 


This is the RAxML Master Pthread

This is RAxML Worker Pthread Number: 4

This is RAxML Worker Pthread Number: 1

This is RAxML Worker Pthread Number: 2

This is RAxML Worker Pthread Number: 3

This is RAxML Worker Pthread Number: 5

This is RAxML Worker Pthread Number: 7

This is RAxML Worker Pthread Number: 6

This is RAxML Worker Pthread Number: 8

This is RAxML Worker Pthread Number: 13

This is RAxML Worker Pthread Number: 9

This is RAxML Worker Pthread Number: 12

This is RAxML Worker Pthread Number: 11

This is RAxML Worker Pthread Number: 10

This is RAxML Worker Pthread Number: 14

This is RAxML Worker Pthread Number: 16

This is RAxML Worker Pthread Number: 17

This is RAxML Worker Pthread Number: 15

This is RAxML Worker Pthread Number: 18

This is RAxML Worker Pthread Number: 19


This is RAxML version 8.2.12 released by Alexandros Stamatakis on May 2018.

With greatly appreciated code contributions by:
Andre Aberer      (HITS)
Simon Berger      (HITS)
Alexey Kozlov     (HITS)
Kassian Kobert    (HITS)
David Dao         (KIT and HITS)
Sarah Lutteropp   (KIT and HITS)
Nick Pattengale   (Sandia)
Wayne Pfeiffer    (SDSC)
Akifumi S. Tanabe (NRIFS)
Charlie Taylor    (UF)


Alignment has 1176 distinct alignment patterns

Proportion of gaps and completely undetermined characters in this alignment: 5.94%

RAxML rapid bootstrapping and subsequent ML search

Using 1 distinct models/data partitions with joint branch length optimization



Executing 100 rapid bootstrap inferences and thereafter a thorough ML search 

All free model parameters will be estimated by RAxML
GAMMA model of rate heterogeneity, ML estimate of alpha-parameter

GAMMA Model parameters will be estimated up to an accuracy of 0.1000000000 Log Likelihood units

Partition: 0
Alignment Patterns: 1176
Name: No Name Provided
DataType: DNA
Substitution Matrix: GTR




RAxML was called as follows:

raxmlHPC-PTHREADS-AVX -T 20 -s scratch/aligned/pol/sample.367.fa -p 4291690023 -x 4291690023 -f a -N 100 -m GTRGAMMA -w /gpfs_home/mhowison/code/hiv-profile-sampling/scratch/trees/pol -n sample.367 



Time for BS model parameter optimization 0.050169
Bootstrap[0]: Time 4.058851 seconds, bootstrap likelihood -20923.695825, best rearrangement setting 14
Bootstrap[1]: Time 0.592770 seconds, bootstrap likelihood -20462.386198, best rearrangement setting 15
Bootstrap[2]: Time 0.562160 seconds, bootstrap likelihood -21097.873379, best rearrangement setting 5
Bootstrap[3]: Time 0.492978 seconds, bootstrap likelihood -21294.762316, best rearrangement setting 7
Bootstrap[4]: Time 0.501568 seconds, bootstrap likelihood -20646.558551, best rearrangement setting 6
Bootstrap[5]: Time 0.570321 seconds, bootstrap likelihood -20904.685309, best rearrangement setting 8
Bootstrap[6]: Time 0.538434 seconds, bootstrap likelihood -20586.454885, best rearrangement setting 15
Bootstrap[7]: Time 0.635451 seconds, bootstrap likelihood -20463.319502, best rearrangement setting 11
Bootstrap[8]: Time 0.562892 seconds, bootstrap likelihood -20474.070699, best rearrangement setting 11
Bootstrap[9]: Time 0.522179 seconds, bootstrap likelihood -21106.553209, best rearrangement setting 11
Bootstrap[10]: Time 0.570115 seconds, bootstrap likelihood -19886.419819, best rearrangement setting 7
Bootstrap[11]: Time 0.508450 seconds, bootstrap likelihood -20358.989648, best rearrangement setting 11
Bootstrap[12]: Time 0.450483 seconds, bootstrap likelihood -20481.792074, best rearrangement setting 5
Bootstrap[13]: Time 0.553576 seconds, bootstrap likelihood -20028.499793, best rearrangement setting 13
Bootstrap[14]: Time 0.828576 seconds, bootstrap likelihood -20450.151853, best rearrangement setting 6
Bootstrap[15]: Time 1.512862 seconds, bootstrap likelihood -21284.121205, best rearrangement setting 12
Bootstrap[16]: Time 45.529637 seconds, bootstrap likelihood -20262.581006, best rearrangement setting 14
Bootstrap[17]: Time 0.533616 seconds, bootstrap likelihood -21627.302763, best rearrangement setting 9
Bootstrap[18]: Time 0.462376 seconds, bootstrap likelihood -20535.625509, best rearrangement setting 5
Bootstrap[19]: Time 0.517977 seconds, bootstrap likelihood -21012.075415, best rearrangement setting 10
Bootstrap[20]: Time 0.672015 seconds, bootstrap likelihood -20725.491008, best rearrangement setting 8
Bootstrap[21]: Time 0.580843 seconds, bootstrap likelihood -19524.751063, best rearrangement setting 7
Bootstrap[22]: Time 0.703759 seconds, bootstrap likelihood -20418.927344, best rearrangement setting 10
Bootstrap[23]: Time 0.430653 seconds, bootstrap likelihood -21344.584127, best rearrangement setting 12
Bootstrap[24]: Time 0.580527 seconds, bootstrap likelihood -20898.462238, best rearrangement setting 11
Bootstrap[25]: Time 1.321317 seconds, bootstrap likelihood -20524.928138, best rearrangement setting 9
Bootstrap[26]: Time 0.684662 seconds, bootstrap likelihood -20599.608800, best rearrangement setting 14
Bootstrap[27]: Time 3.279498 seconds, bootstrap likelihood -20712.259954, best rearrangement setting 7
Bootstrap[28]: Time 0.476784 seconds, bootstrap likelihood -21050.286369, best rearrangement setting 10
Bootstrap[29]: Time 1.475498 seconds, bootstrap likelihood -19979.010034, best rearrangement setting 9
Bootstrap[30]: Time 0.407297 seconds, bootstrap likelihood -20830.837917, best rearrangement setting 5
Bootstrap[31]: Time 0.870388 seconds, bootstrap likelihood -20523.463025, best rearrangement setting 14
Bootstrap[32]: Time 0.531790 seconds, bootstrap likelihood -20185.109887, best rearrangement setting 7
Bootstrap[33]: Time 0.582424 seconds, bootstrap likelihood -21161.438216, best rearrangement setting 9
Bootstrap[34]: Time 0.480765 seconds, bootstrap likelihood -20961.441458, best rearrangement setting 15
Bootstrap[35]: Time 0.534012 seconds, bootstrap likelihood -19974.771015, best rearrangement setting 10
Bootstrap[36]: Time 0.520169 seconds, bootstrap likelihood -19681.290033, best rearrangement setting 7
Bootstrap[37]: Time 0.541566 seconds, bootstrap likelihood -20999.014406, best rearrangement setting 15
Bootstrap[38]: Time 0.543823 seconds, bootstrap likelihood -21388.364706, best rearrangement setting 11
Bootstrap[39]: Time 0.620746 seconds, bootstrap likelihood -20556.887261, best rearrangement setting 13
Bootstrap[40]: Time 0.538875 seconds, bootstrap likelihood -20512.841662, best rearrangement setting 15
Bootstrap[41]: Time 0.537672 seconds, bootstrap likelihood -20964.458779, best rearrangement setting 6
Bootstrap[42]: Time 0.562236 seconds, bootstrap likelihood -19929.215828, best rearrangement setting 10
Bootstrap[43]: Time 0.483497 seconds, bootstrap likelihood -21103.377030, best rearrangement setting 7
Bootstrap[44]: Time 0.550779 seconds, bootstrap likelihood -21012.763999, best rearrangement setting 13
Bootstrap[45]: Time 4.734070 seconds, bootstrap likelihood -19868.591986, best rearrangement setting 5
Bootstrap[46]: Time 0.532242 seconds, bootstrap likelihood -20415.873398, best rearrangement setting 9
Bootstrap[47]: Time 4.304400 seconds, bootstrap likelihood -20624.116523, best rearrangement setting 7
Bootstrap[48]: Time 0.519618 seconds, bootstrap likelihood -20470.663390, best rearrangement setting 15
Bootstrap[49]: Time 0.456930 seconds, bootstrap likelihood -20311.446537, best rearrangement setting 7
Bootstrap[50]: Time 0.496701 seconds, bootstrap likelihood -20563.106655, best rearrangement setting 5
Bootstrap[51]: Time 0.484183 seconds, bootstrap likelihood -19982.760076, best rearrangement setting 6
Bootstrap[52]: Time 0.417881 seconds, bootstrap likelihood -20410.888215, best rearrangement setting 5
Bootstrap[53]: Time 4.237215 seconds, bootstrap likelihood -21197.720028, best rearrangement setting 7
Bootstrap[54]: Time 0.543764 seconds, bootstrap likelihood -20619.072882, best rearrangement setting 15
Bootstrap[55]: Time 0.453460 seconds, bootstrap likelihood -20100.567970, best rearrangement setting 15
Bootstrap[56]: Time 0.620133 seconds, bootstrap likelihood -20455.234112, best rearrangement setting 10
Bootstrap[57]: Time 0.586155 seconds, bootstrap likelihood -20910.938091, best rearrangement setting 8
Bootstrap[58]: Time 0.562226 seconds, bootstrap likelihood -20871.715523, best rearrangement setting 15
Bootstrap[59]: Time 0.611715 seconds, bootstrap likelihood -21903.262478, best rearrangement setting 12
Bootstrap[60]: Time 2.763488 seconds, bootstrap likelihood -20634.440904, best rearrangement setting 12
Bootstrap[61]: Time 0.475622 seconds, bootstrap likelihood -20805.239577, best rearrangement setting 10
Bootstrap[62]: Time 0.424562 seconds, bootstrap likelihood -20315.730284, best rearrangement setting 5
Bootstrap[63]: Time 0.619158 seconds, bootstrap likelihood -20180.137716, best rearrangement setting 9
Bootstrap[64]: Time 0.550110 seconds, bootstrap likelihood -20463.923525, best rearrangement setting 11
Bootstrap[65]: Time 0.499923 seconds, bootstrap likelihood -21350.888835, best rearrangement setting 12
Bootstrap[66]: Time 0.484565 seconds, bootstrap likelihood -20343.182123, best rearrangement setting 13
Bootstrap[67]: Time 0.488847 seconds, bootstrap likelihood -20152.694915, best rearrangement setting 6
Bootstrap[68]: Time 0.495690 seconds, bootstrap likelihood -21050.042312, best rearrangement setting 15
Bootstrap[69]: Time 0.558819 seconds, bootstrap likelihood -19670.975017, best rearrangement setting 13
Bootstrap[70]: Time 0.520600 seconds, bootstrap likelihood -20078.373588, best rearrangement setting 11
Bootstrap[71]: Time 0.465567 seconds, bootstrap likelihood -20167.057810, best rearrangement setting 5
Bootstrap[72]: Time 0.519666 seconds, bootstrap likelihood -20535.301119, best rearrangement setting 9
Bootstrap[73]: Time 0.524458 seconds, bootstrap likelihood -20945.147314, best rearrangement setting 15
Bootstrap[74]: Time 0.497921 seconds, bootstrap likelihood -20865.601426, best rearrangement setting 12
Bootstrap[75]: Time 0.541226 seconds, bootstrap likelihood -20864.180680, best rearrangement setting 8
Bootstrap[76]: Time 7.725535 seconds, bootstrap likelihood -21872.597863, best rearrangement setting 7
Bootstrap[77]: Time 1.740085 seconds, bootstrap likelihood -19967.456298, best rearrangement setting 7
Bootstrap[78]: Time 0.427222 seconds, bootstrap likelihood -20927.568049, best rearrangement setting 5
Bootstrap[79]: Time 12.700060 seconds, bootstrap likelihood -20967.118147, best rearrangement setting 15
Bootstrap[80]: Time 0.491175 seconds, bootstrap likelihood -20476.995826, best rearrangement setting 9
Bootstrap[81]: Time 0.529828 seconds, bootstrap likelihood -20858.426997, best rearrangement setting 14
Bootstrap[82]: Time 0.560093 seconds, bootstrap likelihood -21412.629010, best rearrangement setting 13
Bootstrap[83]: Time 0.518751 seconds, bootstrap likelihood -20293.403604, best rearrangement setting 12
Bootstrap[84]: Time 0.528688 seconds, bootstrap likelihood -20445.718497, best rearrangement setting 13
Bootstrap[85]: Time 0.490799 seconds, bootstrap likelihood -20368.781574, best rearrangement setting 13
Bootstrap[86]: Time 0.509955 seconds, bootstrap likelihood -20030.466726, best rearrangement setting 7
Bootstrap[87]: Time 0.617775 seconds, bootstrap likelihood -20821.593208, best rearrangement setting 8
Bootstrap[88]: Time 0.567972 seconds, bootstrap likelihood -20166.597640, best rearrangement setting 10
Bootstrap[89]: Time 0.427508 seconds, bootstrap likelihood -20915.483166, best rearrangement setting 5
Bootstrap[90]: Time 6.775623 seconds, bootstrap likelihood -20211.077867, best rearrangement setting 13
Bootstrap[91]: Time 0.538997 seconds, bootstrap likelihood -20891.936112, best rearrangement setting 8
Bootstrap[92]: Time 5.094928 seconds, bootstrap likelihood -19808.016117, best rearrangement setting 12
Bootstrap[93]: Time 0.605609 seconds, bootstrap likelihood -19580.080780, best rearrangement setting 9
Bootstrap[94]: Time 0.601237 seconds, bootstrap likelihood -20717.541829, best rearrangement setting 15
Bootstrap[95]: Time 0.638121 seconds, bootstrap likelihood -20680.138611, best rearrangement setting 10
Bootstrap[96]: Time 0.552308 seconds, bootstrap likelihood -19851.056762, best rearrangement setting 11
Bootstrap[97]: Time 0.544762 seconds, bootstrap likelihood -21205.226128, best rearrangement setting 14
Bootstrap[98]: Time 0.529540 seconds, bootstrap likelihood -21814.851641, best rearrangement setting 14
Bootstrap[99]: Time 0.618658 seconds, bootstrap likelihood -20496.037119, best rearrangement setting 11


Overall Time for 100 Rapid Bootstraps 153.521867 seconds
Average Time per Rapid Bootstrap 1.535219 seconds

Starting ML Search ...

Fast ML optimization finished

Fast ML search Time: 192.182117 seconds

Slow ML Search 0 Likelihood: -20707.832258
Slow ML Search 1 Likelihood: -20707.833026
Slow ML Search 2 Likelihood: -20707.807690
Slow ML Search 3 Likelihood: -20708.085455
Slow ML Search 4 Likelihood: -20708.396450
Slow ML Search 5 Likelihood: -20708.502785
Slow ML Search 6 Likelihood: -20708.502785
Slow ML Search 7 Likelihood: -20708.502785
Slow ML Search 8 Likelihood: -20709.957211
Slow ML Search 9 Likelihood: -20709.957211
Slow ML optimization finished

Slow ML search Time: 36.564704 seconds
Thorough ML search Time: 7.116709 seconds

Final ML Optimization Likelihood: -20707.798031

Model Information:

Model Parameters of Partition 0, Name: No Name Provided, Type of Data: DNA
alpha: 0.304771
Tree-Length: 1.588758
rate A <-> C: 2.797648
rate A <-> G: 10.550703
rate A <-> T: 1.140886
rate C <-> G: 1.169756
rate C <-> T: 13.311088
rate G <-> T: 1.000000

freq pi(A): 0.389837
freq pi(C): 0.166174
freq pi(G): 0.227572
freq pi(T): 0.216417


ML search took 235.889822 secs or 0.065525 hours

Combined Bootstrap and ML search took 389.411829 secs or 0.108170 hours

Drawing Bootstrap Support Values on best-scoring ML tree ...



Found 1 tree in File /gpfs_home/mhowison/code/hiv-profile-sampling/scratch/trees/pol/RAxML_bestTree.sample.367



Found 1 tree in File /gpfs_home/mhowison/code/hiv-profile-sampling/scratch/trees/pol/RAxML_bestTree.sample.367

Program execution info written to /gpfs_home/mhowison/code/hiv-profile-sampling/scratch/trees/pol/RAxML_info.sample.367
All 100 bootstrapped trees written to: /gpfs_home/mhowison/code/hiv-profile-sampling/scratch/trees/pol/RAxML_bootstrap.sample.367

Best-scoring ML tree written to: /gpfs_home/mhowison/code/hiv-profile-sampling/scratch/trees/pol/RAxML_bestTree.sample.367

Best-scoring ML tree with support values written to: /gpfs_home/mhowison/code/hiv-profile-sampling/scratch/trees/pol/RAxML_bipartitions.sample.367

Best-scoring ML tree with support values as branch labels written to: /gpfs_home/mhowison/code/hiv-profile-sampling/scratch/trees/pol/RAxML_bipartitionsBranchLabels.sample.367

Overall execution time for full ML analysis: 389.416295 secs or 0.108171 hours or 0.004507 days

