srun: job 261483 queued and waiting for resources
srun: job 261483 has been allocated resources
Warning, you specified a working directory via "-w"
Keep in mind that RAxML only accepts absolute path names, not relative ones!

RAxML can't, parse the alignment file as phylip file 
it will now try to parse it as FASTA file



Using BFGS method to optimize GTR rate parameters, to disable this specify "--no-bfgs" 


This is the RAxML Master Pthread

This is RAxML Worker Pthread Number: 4

This is RAxML Worker Pthread Number: 2

This is RAxML Worker Pthread Number: 3

This is RAxML Worker Pthread Number: 1

This is RAxML Worker Pthread Number: 5

This is RAxML Worker Pthread Number: 6

This is RAxML Worker Pthread Number: 7

This is RAxML Worker Pthread Number: 10

This is RAxML Worker Pthread Number: 9

This is RAxML Worker Pthread Number: 12

This is RAxML Worker Pthread Number: 11

This is RAxML Worker Pthread Number: 13

This is RAxML Worker Pthread Number: 14

This is RAxML Worker Pthread Number: 15

This is RAxML Worker Pthread Number: 17

This is RAxML Worker Pthread Number: 18

This is RAxML Worker Pthread Number: 16

This is RAxML Worker Pthread Number: 8

This is RAxML Worker Pthread Number: 19


This is RAxML version 8.2.12 released by Alexandros Stamatakis on May 2018.

With greatly appreciated code contributions by:
Andre Aberer      (HITS)
Simon Berger      (HITS)
Alexey Kozlov     (HITS)
Kassian Kobert    (HITS)
David Dao         (KIT and HITS)
Sarah Lutteropp   (KIT and HITS)
Nick Pattengale   (Sandia)
Wayne Pfeiffer    (SDSC)
Akifumi S. Tanabe (NRIFS)
Charlie Taylor    (UF)


Alignment has 1171 distinct alignment patterns

Proportion of gaps and completely undetermined characters in this alignment: 5.94%

RAxML rapid bootstrapping and subsequent ML search

Using 1 distinct models/data partitions with joint branch length optimization



Executing 100 rapid bootstrap inferences and thereafter a thorough ML search 

All free model parameters will be estimated by RAxML
GAMMA model of rate heterogeneity, ML estimate of alpha-parameter

GAMMA Model parameters will be estimated up to an accuracy of 0.1000000000 Log Likelihood units

Partition: 0
Alignment Patterns: 1171
Name: No Name Provided
DataType: DNA
Substitution Matrix: GTR




RAxML was called as follows:

raxmlHPC-PTHREADS-AVX -T 20 -s scratch/aligned/pol/sample.131.fa -p 7267672553 -x 7267672553 -f a -N 100 -m GTRGAMMA -w /gpfs_home/mhowison/code/hiv-profile-sampling/scratch/trees/pol -n sample.131 



Time for BS model parameter optimization 0.052191
Bootstrap[0]: Time 0.534103 seconds, bootstrap likelihood -20529.587671, best rearrangement setting 6
Bootstrap[1]: Time 0.661388 seconds, bootstrap likelihood -20490.242936, best rearrangement setting 10
Bootstrap[2]: Time 0.600231 seconds, bootstrap likelihood -20629.832404, best rearrangement setting 12
Bootstrap[3]: Time 0.568172 seconds, bootstrap likelihood -20722.957479, best rearrangement setting 10
Bootstrap[4]: Time 0.496498 seconds, bootstrap likelihood -20916.870780, best rearrangement setting 5
Bootstrap[5]: Time 0.579028 seconds, bootstrap likelihood -20886.303241, best rearrangement setting 8
Bootstrap[6]: Time 0.503915 seconds, bootstrap likelihood -20402.466451, best rearrangement setting 13
Bootstrap[7]: Time 0.503148 seconds, bootstrap likelihood -20499.269936, best rearrangement setting 12
Bootstrap[8]: Time 0.509096 seconds, bootstrap likelihood -20947.714121, best rearrangement setting 9
Bootstrap[9]: Time 0.585839 seconds, bootstrap likelihood -20594.403475, best rearrangement setting 13
Bootstrap[10]: Time 0.525287 seconds, bootstrap likelihood -20774.541899, best rearrangement setting 5
Bootstrap[11]: Time 0.504464 seconds, bootstrap likelihood -20935.637092, best rearrangement setting 5
Bootstrap[12]: Time 0.697240 seconds, bootstrap likelihood -21205.039158, best rearrangement setting 15
Bootstrap[13]: Time 1.683684 seconds, bootstrap likelihood -20451.560461, best rearrangement setting 10
Bootstrap[14]: Time 0.544150 seconds, bootstrap likelihood -20413.046729, best rearrangement setting 8
Bootstrap[15]: Time 1.477910 seconds, bootstrap likelihood -20110.085175, best rearrangement setting 9
Bootstrap[16]: Time 0.524788 seconds, bootstrap likelihood -20207.871254, best rearrangement setting 15
Bootstrap[17]: Time 0.521883 seconds, bootstrap likelihood -20551.781913, best rearrangement setting 5
Bootstrap[18]: Time 0.576890 seconds, bootstrap likelihood -19942.828867, best rearrangement setting 15
Bootstrap[19]: Time 0.605224 seconds, bootstrap likelihood -20445.173405, best rearrangement setting 11
Bootstrap[20]: Time 0.506398 seconds, bootstrap likelihood -19835.149741, best rearrangement setting 13
Bootstrap[21]: Time 0.447607 seconds, bootstrap likelihood -20432.787539, best rearrangement setting 6
Bootstrap[22]: Time 0.462188 seconds, bootstrap likelihood -20321.764771, best rearrangement setting 5
Bootstrap[23]: Time 0.457894 seconds, bootstrap likelihood -20863.287190, best rearrangement setting 5
Bootstrap[24]: Time 1.807889 seconds, bootstrap likelihood -20544.858880, best rearrangement setting 14
Bootstrap[25]: Time 0.529439 seconds, bootstrap likelihood -20601.046606, best rearrangement setting 10
Bootstrap[26]: Time 0.531847 seconds, bootstrap likelihood -20377.121175, best rearrangement setting 15
Bootstrap[27]: Time 0.447863 seconds, bootstrap likelihood -21153.630264, best rearrangement setting 12
Bootstrap[28]: Time 0.590816 seconds, bootstrap likelihood -20331.800143, best rearrangement setting 7
Bootstrap[29]: Time 0.569788 seconds, bootstrap likelihood -20855.125967, best rearrangement setting 9
Bootstrap[30]: Time 0.525653 seconds, bootstrap likelihood -21300.758822, best rearrangement setting 5
Bootstrap[31]: Time 0.601913 seconds, bootstrap likelihood -20511.946943, best rearrangement setting 14
Bootstrap[32]: Time 0.517904 seconds, bootstrap likelihood -20842.190155, best rearrangement setting 15
Bootstrap[33]: Time 0.496656 seconds, bootstrap likelihood -20756.526784, best rearrangement setting 5
Bootstrap[34]: Time 0.479406 seconds, bootstrap likelihood -21470.862772, best rearrangement setting 5
Bootstrap[35]: Time 0.552055 seconds, bootstrap likelihood -20917.239098, best rearrangement setting 8
Bootstrap[36]: Time 0.460681 seconds, bootstrap likelihood -20337.277877, best rearrangement setting 9
Bootstrap[37]: Time 0.539988 seconds, bootstrap likelihood -21033.554590, best rearrangement setting 9
Bootstrap[38]: Time 0.550255 seconds, bootstrap likelihood -20244.762069, best rearrangement setting 14
Bootstrap[39]: Time 3.284350 seconds, bootstrap likelihood -20525.357719, best rearrangement setting 8
Bootstrap[40]: Time 0.533469 seconds, bootstrap likelihood -20049.148384, best rearrangement setting 13
Bootstrap[41]: Time 1.204401 seconds, bootstrap likelihood -19549.527119, best rearrangement setting 8
Bootstrap[42]: Time 0.567929 seconds, bootstrap likelihood -20605.247161, best rearrangement setting 11
Bootstrap[43]: Time 0.597109 seconds, bootstrap likelihood -20344.089780, best rearrangement setting 10
Bootstrap[44]: Time 0.549079 seconds, bootstrap likelihood -20544.223714, best rearrangement setting 8
Bootstrap[45]: Time 0.569240 seconds, bootstrap likelihood -20758.792075, best rearrangement setting 11
Bootstrap[46]: Time 0.518760 seconds, bootstrap likelihood -21581.312636, best rearrangement setting 10
Bootstrap[47]: Time 0.523212 seconds, bootstrap likelihood -19995.273953, best rearrangement setting 11
Bootstrap[48]: Time 0.546816 seconds, bootstrap likelihood -20672.200216, best rearrangement setting 10
Bootstrap[49]: Time 0.566269 seconds, bootstrap likelihood -21186.511525, best rearrangement setting 9
Bootstrap[50]: Time 0.506410 seconds, bootstrap likelihood -20442.735135, best rearrangement setting 10
Bootstrap[51]: Time 0.599130 seconds, bootstrap likelihood -21496.110042, best rearrangement setting 14
Bootstrap[52]: Time 0.516666 seconds, bootstrap likelihood -20295.583233, best rearrangement setting 9
Bootstrap[53]: Time 0.588480 seconds, bootstrap likelihood -20700.179605, best rearrangement setting 15
Bootstrap[54]: Time 0.447838 seconds, bootstrap likelihood -20153.839442, best rearrangement setting 13
Bootstrap[55]: Time 0.572611 seconds, bootstrap likelihood -19748.857878, best rearrangement setting 9
Bootstrap[56]: Time 0.540876 seconds, bootstrap likelihood -20501.400688, best rearrangement setting 12
Bootstrap[57]: Time 0.589735 seconds, bootstrap likelihood -20200.459933, best rearrangement setting 15
Bootstrap[58]: Time 0.518644 seconds, bootstrap likelihood -20314.331950, best rearrangement setting 7
Bootstrap[59]: Time 0.545124 seconds, bootstrap likelihood -20404.791289, best rearrangement setting 10
Bootstrap[60]: Time 0.580979 seconds, bootstrap likelihood -20688.885412, best rearrangement setting 9
Bootstrap[61]: Time 1.554912 seconds, bootstrap likelihood -20050.371578, best rearrangement setting 8
Bootstrap[62]: Time 0.490491 seconds, bootstrap likelihood -20676.298035, best rearrangement setting 6
Bootstrap[63]: Time 0.565207 seconds, bootstrap likelihood -20779.067440, best rearrangement setting 8
Bootstrap[64]: Time 0.491819 seconds, bootstrap likelihood -20688.324549, best rearrangement setting 6
Bootstrap[65]: Time 0.616682 seconds, bootstrap likelihood -20362.706496, best rearrangement setting 9
Bootstrap[66]: Time 0.579336 seconds, bootstrap likelihood -20230.762894, best rearrangement setting 7
Bootstrap[67]: Time 0.593764 seconds, bootstrap likelihood -20770.254866, best rearrangement setting 9
Bootstrap[68]: Time 0.582929 seconds, bootstrap likelihood -21023.296499, best rearrangement setting 7
Bootstrap[69]: Time 0.564142 seconds, bootstrap likelihood -20355.070056, best rearrangement setting 9
Bootstrap[70]: Time 0.526836 seconds, bootstrap likelihood -21030.789176, best rearrangement setting 12
Bootstrap[71]: Time 0.544623 seconds, bootstrap likelihood -20397.768658, best rearrangement setting 9
Bootstrap[72]: Time 0.517374 seconds, bootstrap likelihood -20866.383026, best rearrangement setting 10
Bootstrap[73]: Time 0.435954 seconds, bootstrap likelihood -20976.649745, best rearrangement setting 5
Bootstrap[74]: Time 0.577996 seconds, bootstrap likelihood -20126.842855, best rearrangement setting 13
Bootstrap[75]: Time 0.542815 seconds, bootstrap likelihood -20347.404752, best rearrangement setting 14
Bootstrap[76]: Time 0.528809 seconds, bootstrap likelihood -20524.090517, best rearrangement setting 8
Bootstrap[77]: Time 0.482697 seconds, bootstrap likelihood -20369.597441, best rearrangement setting 9
Bootstrap[78]: Time 0.475286 seconds, bootstrap likelihood -20403.674599, best rearrangement setting 15
Bootstrap[79]: Time 0.503233 seconds, bootstrap likelihood -20800.391560, best rearrangement setting 15
Bootstrap[80]: Time 0.542490 seconds, bootstrap likelihood -20867.192445, best rearrangement setting 13
Bootstrap[81]: Time 0.486004 seconds, bootstrap likelihood -20924.254421, best rearrangement setting 8
Bootstrap[82]: Time 0.448192 seconds, bootstrap likelihood -20019.027686, best rearrangement setting 13
Bootstrap[83]: Time 0.601870 seconds, bootstrap likelihood -20504.980620, best rearrangement setting 13
Bootstrap[84]: Time 0.636257 seconds, bootstrap likelihood -20545.924685, best rearrangement setting 8
Bootstrap[85]: Time 0.610394 seconds, bootstrap likelihood -20668.820283, best rearrangement setting 6
Bootstrap[86]: Time 1.830927 seconds, bootstrap likelihood -20483.350793, best rearrangement setting 13
Bootstrap[87]: Time 0.480019 seconds, bootstrap likelihood -20256.752271, best rearrangement setting 5
Bootstrap[88]: Time 0.535625 seconds, bootstrap likelihood -20873.721463, best rearrangement setting 7
Bootstrap[89]: Time 0.551975 seconds, bootstrap likelihood -19737.231604, best rearrangement setting 12
Bootstrap[90]: Time 0.571054 seconds, bootstrap likelihood -20597.184618, best rearrangement setting 11
Bootstrap[91]: Time 0.520924 seconds, bootstrap likelihood -20901.120912, best rearrangement setting 9
Bootstrap[92]: Time 0.544652 seconds, bootstrap likelihood -20387.170629, best rearrangement setting 12
Bootstrap[93]: Time 0.562365 seconds, bootstrap likelihood -20499.048562, best rearrangement setting 14
Bootstrap[94]: Time 0.609040 seconds, bootstrap likelihood -20536.497279, best rearrangement setting 15
Bootstrap[95]: Time 0.560297 seconds, bootstrap likelihood -21161.279706, best rearrangement setting 9
Bootstrap[96]: Time 0.533045 seconds, bootstrap likelihood -20768.320793, best rearrangement setting 15
Bootstrap[97]: Time 0.505194 seconds, bootstrap likelihood -20679.172260, best rearrangement setting 6
Bootstrap[98]: Time 0.531751 seconds, bootstrap likelihood -20415.680830, best rearrangement setting 10
Bootstrap[99]: Time 0.538980 seconds, bootstrap likelihood -20684.442971, best rearrangement setting 11


Overall Time for 100 Rapid Bootstraps 63.266056 seconds
Average Time per Rapid Bootstrap 0.632661 seconds

Starting ML Search ...

Fast ML optimization finished

Fast ML search Time: 47.793501 seconds

Slow ML Search 0 Likelihood: -20607.188219
Slow ML Search 1 Likelihood: -20607.188219
Slow ML Search 2 Likelihood: -20607.188219
Slow ML Search 3 Likelihood: -20607.985650
Slow ML Search 4 Likelihood: -20607.985650
Slow ML Search 5 Likelihood: -20608.482194
Slow ML Search 6 Likelihood: -20608.654516
Slow ML Search 7 Likelihood: -20608.653257
Slow ML Search 8 Likelihood: -20609.819495
Slow ML Search 9 Likelihood: -20609.717242
Slow ML optimization finished

Slow ML search Time: 12.878863 seconds
Thorough ML search Time: 1.119865 seconds

Final ML Optimization Likelihood: -20607.188279

Model Information:

Model Parameters of Partition 0, Name: No Name Provided, Type of Data: DNA
alpha: 0.300574
Tree-Length: 1.566203
rate A <-> C: 2.541531
rate A <-> G: 9.549981
rate A <-> T: 1.009880
rate C <-> G: 1.096117
rate C <-> T: 11.621595
rate G <-> T: 1.000000

freq pi(A): 0.390151
freq pi(C): 0.165883
freq pi(G): 0.227432
freq pi(T): 0.216535


ML search took 61.798175 secs or 0.017166 hours

Combined Bootstrap and ML search took 125.064358 secs or 0.034740 hours

Drawing Bootstrap Support Values on best-scoring ML tree ...



Found 1 tree in File /gpfs_home/mhowison/code/hiv-profile-sampling/scratch/trees/pol/RAxML_bestTree.sample.131



Found 1 tree in File /gpfs_home/mhowison/code/hiv-profile-sampling/scratch/trees/pol/RAxML_bestTree.sample.131

Program execution info written to /gpfs_home/mhowison/code/hiv-profile-sampling/scratch/trees/pol/RAxML_info.sample.131
All 100 bootstrapped trees written to: /gpfs_home/mhowison/code/hiv-profile-sampling/scratch/trees/pol/RAxML_bootstrap.sample.131

Best-scoring ML tree written to: /gpfs_home/mhowison/code/hiv-profile-sampling/scratch/trees/pol/RAxML_bestTree.sample.131

Best-scoring ML tree with support values written to: /gpfs_home/mhowison/code/hiv-profile-sampling/scratch/trees/pol/RAxML_bipartitions.sample.131

Best-scoring ML tree with support values as branch labels written to: /gpfs_home/mhowison/code/hiv-profile-sampling/scratch/trees/pol/RAxML_bipartitionsBranchLabels.sample.131

Overall execution time for full ML analysis: 125.068518 secs or 0.034741 hours or 0.001448 days

