srun: job 262221 queued and waiting for resources
srun: job 262221 has been allocated resources
Warning, you specified a working directory via "-w"
Keep in mind that RAxML only accepts absolute path names, not relative ones!

RAxML can't, parse the alignment file as phylip file 
it will now try to parse it as FASTA file



Using BFGS method to optimize GTR rate parameters, to disable this specify "--no-bfgs" 


This is the RAxML Master Pthread

This is RAxML Worker Pthread Number: 2

This is RAxML Worker Pthread Number: 1

This is RAxML Worker Pthread Number: 3

This is RAxML Worker Pthread Number: 4

This is RAxML Worker Pthread Number: 6

This is RAxML Worker Pthread Number: 5

This is RAxML Worker Pthread Number: 8

This is RAxML Worker Pthread Number: 7

This is RAxML Worker Pthread Number: 10

This is RAxML Worker Pthread Number: 9

This is RAxML Worker Pthread Number: 12

This is RAxML Worker Pthread Number: 11

This is RAxML Worker Pthread Number: 14

This is RAxML Worker Pthread Number: 15

This is RAxML Worker Pthread Number: 13

This is RAxML Worker Pthread Number: 17

This is RAxML Worker Pthread Number: 18

This is RAxML Worker Pthread Number: 16

This is RAxML Worker Pthread Number: 19


This is RAxML version 8.2.12 released by Alexandros Stamatakis on May 2018.

With greatly appreciated code contributions by:
Andre Aberer      (HITS)
Simon Berger      (HITS)
Alexey Kozlov     (HITS)
Kassian Kobert    (HITS)
David Dao         (KIT and HITS)
Sarah Lutteropp   (KIT and HITS)
Nick Pattengale   (Sandia)
Wayne Pfeiffer    (SDSC)
Akifumi S. Tanabe (NRIFS)
Charlie Taylor    (UF)


Alignment has 1175 distinct alignment patterns

Proportion of gaps and completely undetermined characters in this alignment: 5.94%

RAxML rapid bootstrapping and subsequent ML search

Using 1 distinct models/data partitions with joint branch length optimization



Executing 100 rapid bootstrap inferences and thereafter a thorough ML search 

All free model parameters will be estimated by RAxML
GAMMA model of rate heterogeneity, ML estimate of alpha-parameter

GAMMA Model parameters will be estimated up to an accuracy of 0.1000000000 Log Likelihood units

Partition: 0
Alignment Patterns: 1175
Name: No Name Provided
DataType: DNA
Substitution Matrix: GTR




RAxML was called as follows:

raxmlHPC-PTHREADS-AVX -T 20 -s scratch/aligned/pol/sample.42.fa -p 1888988589 -x 1888988589 -f a -N 100 -m GTRGAMMA -w /gpfs_home/mhowison/code/hiv-profile-sampling/scratch/trees/pol -n sample.42 



Time for BS model parameter optimization 0.051198
Bootstrap[0]: Time 3.115682 seconds, bootstrap likelihood -20456.862226, best rearrangement setting 6
Bootstrap[1]: Time 0.569233 seconds, bootstrap likelihood -20305.809078, best rearrangement setting 9
Bootstrap[2]: Time 0.582625 seconds, bootstrap likelihood -20012.632650, best rearrangement setting 7
Bootstrap[3]: Time 0.609396 seconds, bootstrap likelihood -20493.474710, best rearrangement setting 13
Bootstrap[4]: Time 0.642873 seconds, bootstrap likelihood -20513.346012, best rearrangement setting 14
Bootstrap[5]: Time 0.579088 seconds, bootstrap likelihood -20220.707193, best rearrangement setting 13
Bootstrap[6]: Time 0.529914 seconds, bootstrap likelihood -20737.957956, best rearrangement setting 9
Bootstrap[7]: Time 0.650036 seconds, bootstrap likelihood -20645.347592, best rearrangement setting 11
Bootstrap[8]: Time 0.496646 seconds, bootstrap likelihood -20922.379963, best rearrangement setting 5
Bootstrap[9]: Time 0.615244 seconds, bootstrap likelihood -20554.111090, best rearrangement setting 13
Bootstrap[10]: Time 0.522548 seconds, bootstrap likelihood -19938.734465, best rearrangement setting 7
Bootstrap[11]: Time 0.577178 seconds, bootstrap likelihood -21015.673282, best rearrangement setting 8
Bootstrap[12]: Time 0.513564 seconds, bootstrap likelihood -20530.577483, best rearrangement setting 7
Bootstrap[13]: Time 0.628164 seconds, bootstrap likelihood -20475.932577, best rearrangement setting 15
Bootstrap[14]: Time 0.454937 seconds, bootstrap likelihood -20547.459133, best rearrangement setting 5
Bootstrap[15]: Time 0.445877 seconds, bootstrap likelihood -19829.863154, best rearrangement setting 5
Bootstrap[16]: Time 0.557007 seconds, bootstrap likelihood -21029.158031, best rearrangement setting 8
Bootstrap[17]: Time 0.402079 seconds, bootstrap likelihood -20378.225237, best rearrangement setting 5
Bootstrap[18]: Time 0.607724 seconds, bootstrap likelihood -19870.092494, best rearrangement setting 13
Bootstrap[19]: Time 1.769210 seconds, bootstrap likelihood -20262.860036, best rearrangement setting 15
Bootstrap[20]: Time 1.050385 seconds, bootstrap likelihood -20453.000955, best rearrangement setting 12
Bootstrap[21]: Time 0.466582 seconds, bootstrap likelihood -20700.580371, best rearrangement setting 5
Bootstrap[22]: Time 0.458917 seconds, bootstrap likelihood -20381.353783, best rearrangement setting 7
Bootstrap[23]: Time 0.573687 seconds, bootstrap likelihood -20103.207461, best rearrangement setting 10
Bootstrap[24]: Time 0.558942 seconds, bootstrap likelihood -20024.484834, best rearrangement setting 12
Bootstrap[25]: Time 0.569294 seconds, bootstrap likelihood -20026.751974, best rearrangement setting 10
Bootstrap[26]: Time 0.530432 seconds, bootstrap likelihood -20682.288428, best rearrangement setting 10
Bootstrap[27]: Time 11.452078 seconds, bootstrap likelihood -20728.664516, best rearrangement setting 7
Bootstrap[28]: Time 0.555769 seconds, bootstrap likelihood -20609.692770, best rearrangement setting 8
Bootstrap[29]: Time 0.473593 seconds, bootstrap likelihood -20287.908895, best rearrangement setting 7
Bootstrap[30]: Time 0.548710 seconds, bootstrap likelihood -20812.597216, best rearrangement setting 14
Bootstrap[31]: Time 0.522626 seconds, bootstrap likelihood -20144.560489, best rearrangement setting 13
Bootstrap[32]: Time 0.533688 seconds, bootstrap likelihood -20822.303708, best rearrangement setting 11
Bootstrap[33]: Time 0.581273 seconds, bootstrap likelihood -20251.228079, best rearrangement setting 12
Bootstrap[34]: Time 0.595964 seconds, bootstrap likelihood -20467.867561, best rearrangement setting 8
Bootstrap[35]: Time 0.576384 seconds, bootstrap likelihood -20740.892335, best rearrangement setting 8
Bootstrap[36]: Time 0.548830 seconds, bootstrap likelihood -20466.084702, best rearrangement setting 7
Bootstrap[37]: Time 0.611456 seconds, bootstrap likelihood -20559.931270, best rearrangement setting 8
Bootstrap[38]: Time 0.664395 seconds, bootstrap likelihood -20482.710465, best rearrangement setting 15
Bootstrap[39]: Time 0.606721 seconds, bootstrap likelihood -20790.289415, best rearrangement setting 12
Bootstrap[40]: Time 0.501888 seconds, bootstrap likelihood -20818.089068, best rearrangement setting 9
Bootstrap[41]: Time 0.497514 seconds, bootstrap likelihood -19816.470366, best rearrangement setting 10
Bootstrap[42]: Time 0.552639 seconds, bootstrap likelihood -20094.078471, best rearrangement setting 7
Bootstrap[43]: Time 4.213085 seconds, bootstrap likelihood -20755.626417, best rearrangement setting 13
Bootstrap[44]: Time 2.976784 seconds, bootstrap likelihood -20085.601200, best rearrangement setting 5
Bootstrap[45]: Time 0.525464 seconds, bootstrap likelihood -20474.593453, best rearrangement setting 15
Bootstrap[46]: Time 0.718332 seconds, bootstrap likelihood -20696.318524, best rearrangement setting 7
Bootstrap[47]: Time 0.651791 seconds, bootstrap likelihood -20578.781559, best rearrangement setting 15
Bootstrap[48]: Time 0.570216 seconds, bootstrap likelihood -20001.052314, best rearrangement setting 12
Bootstrap[49]: Time 0.596484 seconds, bootstrap likelihood -20468.033820, best rearrangement setting 9
Bootstrap[50]: Time 0.636641 seconds, bootstrap likelihood -20571.863905, best rearrangement setting 13
Bootstrap[51]: Time 0.549141 seconds, bootstrap likelihood -20407.717633, best rearrangement setting 8
Bootstrap[52]: Time 0.564094 seconds, bootstrap likelihood -19966.240909, best rearrangement setting 6
Bootstrap[53]: Time 0.617926 seconds, bootstrap likelihood -20321.930694, best rearrangement setting 13
Bootstrap[54]: Time 0.555458 seconds, bootstrap likelihood -21099.313096, best rearrangement setting 11
Bootstrap[55]: Time 0.620740 seconds, bootstrap likelihood -20336.159520, best rearrangement setting 15
Bootstrap[56]: Time 0.558130 seconds, bootstrap likelihood -20527.837589, best rearrangement setting 9
Bootstrap[57]: Time 0.441912 seconds, bootstrap likelihood -20456.045946, best rearrangement setting 5
Bootstrap[58]: Time 0.573033 seconds, bootstrap likelihood -20541.458939, best rearrangement setting 12
Bootstrap[59]: Time 0.553954 seconds, bootstrap likelihood -20502.688655, best rearrangement setting 11
Bootstrap[60]: Time 0.549772 seconds, bootstrap likelihood -20236.592319, best rearrangement setting 13
Bootstrap[61]: Time 0.592594 seconds, bootstrap likelihood -20422.282871, best rearrangement setting 8
Bootstrap[62]: Time 0.597316 seconds, bootstrap likelihood -20794.754791, best rearrangement setting 11
Bootstrap[63]: Time 0.562488 seconds, bootstrap likelihood -20051.538118, best rearrangement setting 12
Bootstrap[64]: Time 0.596478 seconds, bootstrap likelihood -20901.481855, best rearrangement setting 10
Bootstrap[65]: Time 0.512910 seconds, bootstrap likelihood -20726.088896, best rearrangement setting 7
Bootstrap[66]: Time 0.561008 seconds, bootstrap likelihood -20547.193379, best rearrangement setting 8
Bootstrap[67]: Time 0.600826 seconds, bootstrap likelihood -20298.147726, best rearrangement setting 10
Bootstrap[68]: Time 0.578532 seconds, bootstrap likelihood -20796.606858, best rearrangement setting 8
Bootstrap[69]: Time 0.692509 seconds, bootstrap likelihood -20652.289516, best rearrangement setting 5
Bootstrap[70]: Time 0.529919 seconds, bootstrap likelihood -20708.927764, best rearrangement setting 9
Bootstrap[71]: Time 0.597606 seconds, bootstrap likelihood -20172.336929, best rearrangement setting 10
Bootstrap[72]: Time 0.449229 seconds, bootstrap likelihood -20774.387613, best rearrangement setting 5
Bootstrap[73]: Time 0.651137 seconds, bootstrap likelihood -21488.997547, best rearrangement setting 12
Bootstrap[74]: Time 0.583175 seconds, bootstrap likelihood -20547.037560, best rearrangement setting 14
Bootstrap[75]: Time 0.455311 seconds, bootstrap likelihood -20041.241262, best rearrangement setting 5
Bootstrap[76]: Time 0.527543 seconds, bootstrap likelihood -21350.364875, best rearrangement setting 7
Bootstrap[77]: Time 0.540925 seconds, bootstrap likelihood -21131.599452, best rearrangement setting 8
Bootstrap[78]: Time 3.203211 seconds, bootstrap likelihood -20362.609701, best rearrangement setting 8
Bootstrap[79]: Time 0.563431 seconds, bootstrap likelihood -21069.478454, best rearrangement setting 8
Bootstrap[80]: Time 0.640254 seconds, bootstrap likelihood -20617.098953, best rearrangement setting 8
Bootstrap[81]: Time 0.565297 seconds, bootstrap likelihood -20001.165543, best rearrangement setting 9
Bootstrap[82]: Time 0.511920 seconds, bootstrap likelihood -20847.079919, best rearrangement setting 5
Bootstrap[83]: Time 0.556927 seconds, bootstrap likelihood -21393.836097, best rearrangement setting 6
Bootstrap[84]: Time 0.519969 seconds, bootstrap likelihood -19983.265713, best rearrangement setting 14
Bootstrap[85]: Time 0.556983 seconds, bootstrap likelihood -21152.240354, best rearrangement setting 14
Bootstrap[86]: Time 0.559484 seconds, bootstrap likelihood -20977.399785, best rearrangement setting 11
Bootstrap[87]: Time 0.513093 seconds, bootstrap likelihood -20089.531781, best rearrangement setting 11
Bootstrap[88]: Time 0.619429 seconds, bootstrap likelihood -19848.460321, best rearrangement setting 15
Bootstrap[89]: Time 0.495310 seconds, bootstrap likelihood -20744.269430, best rearrangement setting 5
Bootstrap[90]: Time 0.506657 seconds, bootstrap likelihood -20622.092729, best rearrangement setting 5
Bootstrap[91]: Time 1.423413 seconds, bootstrap likelihood -20214.552292, best rearrangement setting 12
Bootstrap[92]: Time 2.286742 seconds, bootstrap likelihood -19732.438515, best rearrangement setting 11
Bootstrap[93]: Time 0.562200 seconds, bootstrap likelihood -20184.196403, best rearrangement setting 6
Bootstrap[94]: Time 0.583611 seconds, bootstrap likelihood -20695.383834, best rearrangement setting 10
Bootstrap[95]: Time 0.669829 seconds, bootstrap likelihood -20745.816088, best rearrangement setting 10
Bootstrap[96]: Time 0.547131 seconds, bootstrap likelihood -20653.250694, best rearrangement setting 14
Bootstrap[97]: Time 0.556579 seconds, bootstrap likelihood -20710.958130, best rearrangement setting 11
Bootstrap[98]: Time 0.592290 seconds, bootstrap likelihood -20283.031667, best rearrangement setting 10
Bootstrap[99]: Time 0.607664 seconds, bootstrap likelihood -20299.417976, best rearrangement setting 15


Overall Time for 100 Rapid Bootstraps 82.686109 seconds
Average Time per Rapid Bootstrap 0.826861 seconds

Starting ML Search ...

Fast ML optimization finished

Fast ML search Time: 71.970562 seconds

Slow ML Search 0 Likelihood: -20624.496131
Slow ML Search 1 Likelihood: -20624.496131
Slow ML Search 2 Likelihood: -20625.505723
Slow ML Search 3 Likelihood: -20625.505724
Slow ML Search 4 Likelihood: -20625.505724
Slow ML Search 5 Likelihood: -20626.259068
Slow ML Search 6 Likelihood: -20626.259069
Slow ML Search 7 Likelihood: -20626.356437
Slow ML Search 8 Likelihood: -20626.420067
Slow ML Search 9 Likelihood: -20627.005772
Slow ML optimization finished

Slow ML search Time: 12.443340 seconds
Thorough ML search Time: 1.168556 seconds

Final ML Optimization Likelihood: -20624.496193

Model Information:

Model Parameters of Partition 0, Name: No Name Provided, Type of Data: DNA
alpha: 0.307011
Tree-Length: 1.585882
rate A <-> C: 2.444123
rate A <-> G: 9.300341
rate A <-> T: 0.968362
rate C <-> G: 1.074822
rate C <-> T: 11.594196
rate G <-> T: 1.000000

freq pi(A): 0.390200
freq pi(C): 0.165964
freq pi(G): 0.227266
freq pi(T): 0.216570


ML search took 85.611263 secs or 0.023781 hours

Combined Bootstrap and ML search took 168.297567 secs or 0.046749 hours

Drawing Bootstrap Support Values on best-scoring ML tree ...



Found 1 tree in File /gpfs_home/mhowison/code/hiv-profile-sampling/scratch/trees/pol/RAxML_bestTree.sample.42



Found 1 tree in File /gpfs_home/mhowison/code/hiv-profile-sampling/scratch/trees/pol/RAxML_bestTree.sample.42

Program execution info written to /gpfs_home/mhowison/code/hiv-profile-sampling/scratch/trees/pol/RAxML_info.sample.42
All 100 bootstrapped trees written to: /gpfs_home/mhowison/code/hiv-profile-sampling/scratch/trees/pol/RAxML_bootstrap.sample.42

Best-scoring ML tree written to: /gpfs_home/mhowison/code/hiv-profile-sampling/scratch/trees/pol/RAxML_bestTree.sample.42

Best-scoring ML tree with support values written to: /gpfs_home/mhowison/code/hiv-profile-sampling/scratch/trees/pol/RAxML_bipartitions.sample.42

Best-scoring ML tree with support values as branch labels written to: /gpfs_home/mhowison/code/hiv-profile-sampling/scratch/trees/pol/RAxML_bipartitionsBranchLabels.sample.42

Overall execution time for full ML analysis: 168.302238 secs or 0.046751 hours or 0.001948 days

