srun: job 262667 queued and waiting for resources
srun: job 262667 has been allocated resources
Warning, you specified a working directory via "-w"
Keep in mind that RAxML only accepts absolute path names, not relative ones!

RAxML can't, parse the alignment file as phylip file 
it will now try to parse it as FASTA file



Using BFGS method to optimize GTR rate parameters, to disable this specify "--no-bfgs" 


This is the RAxML Master Pthread

This is RAxML Worker Pthread Number: 1

This is RAxML Worker Pthread Number: 4

This is RAxML Worker Pthread Number: 2

This is RAxML Worker Pthread Number: 3

This is RAxML Worker Pthread Number: 5

This is RAxML Worker Pthread Number: 6

This is RAxML Worker Pthread Number: 7

This is RAxML Worker Pthread Number: 8

This is RAxML Worker Pthread Number: 9

This is RAxML Worker Pthread Number: 10

This is RAxML Worker Pthread Number: 12

This is RAxML Worker Pthread Number: 13

This is RAxML Worker Pthread Number: 11

This is RAxML Worker Pthread Number: 14

This is RAxML Worker Pthread Number: 16

This is RAxML Worker Pthread Number: 15

This is RAxML Worker Pthread Number: 18

This is RAxML Worker Pthread Number: 17

This is RAxML Worker Pthread Number: 19


This is RAxML version 8.2.12 released by Alexandros Stamatakis on May 2018.

With greatly appreciated code contributions by:
Andre Aberer      (HITS)
Simon Berger      (HITS)
Alexey Kozlov     (HITS)
Kassian Kobert    (HITS)
David Dao         (KIT and HITS)
Sarah Lutteropp   (KIT and HITS)
Nick Pattengale   (Sandia)
Wayne Pfeiffer    (SDSC)
Akifumi S. Tanabe (NRIFS)
Charlie Taylor    (UF)


Alignment has 1182 distinct alignment patterns

Proportion of gaps and completely undetermined characters in this alignment: 5.95%

RAxML rapid bootstrapping and subsequent ML search

Using 1 distinct models/data partitions with joint branch length optimization



Executing 100 rapid bootstrap inferences and thereafter a thorough ML search 

All free model parameters will be estimated by RAxML
GAMMA model of rate heterogeneity, ML estimate of alpha-parameter

GAMMA Model parameters will be estimated up to an accuracy of 0.1000000000 Log Likelihood units

Partition: 0
Alignment Patterns: 1182
Name: No Name Provided
DataType: DNA
Substitution Matrix: GTR




RAxML was called as follows:

raxmlHPC-PTHREADS-AVX -T 20 -s scratch/aligned/pol/sample.51.fa -p 2671884107 -x 2671884107 -f a -N 100 -m GTRGAMMA -w /gpfs_home/mhowison/code/hiv-profile-sampling/scratch/trees/pol -n sample.51 



Time for BS model parameter optimization 0.051155
Bootstrap[0]: Time 0.569358 seconds, bootstrap likelihood -20764.868323, best rearrangement setting 6
Bootstrap[1]: Time 0.513406 seconds, bootstrap likelihood -20473.944462, best rearrangement setting 11
Bootstrap[2]: Time 0.549553 seconds, bootstrap likelihood -20151.202341, best rearrangement setting 13
Bootstrap[3]: Time 0.527544 seconds, bootstrap likelihood -20560.446105, best rearrangement setting 13
Bootstrap[4]: Time 0.469756 seconds, bootstrap likelihood -21058.075496, best rearrangement setting 15
Bootstrap[5]: Time 0.460561 seconds, bootstrap likelihood -20814.395990, best rearrangement setting 9
Bootstrap[6]: Time 0.484558 seconds, bootstrap likelihood -21549.705475, best rearrangement setting 5
Bootstrap[7]: Time 0.501189 seconds, bootstrap likelihood -21402.579599, best rearrangement setting 6
Bootstrap[8]: Time 0.576300 seconds, bootstrap likelihood -19913.065944, best rearrangement setting 15
Bootstrap[9]: Time 0.544290 seconds, bootstrap likelihood -21141.807873, best rearrangement setting 14
Bootstrap[10]: Time 0.488465 seconds, bootstrap likelihood -20547.578358, best rearrangement setting 13
Bootstrap[11]: Time 0.487115 seconds, bootstrap likelihood -20598.088312, best rearrangement setting 12
Bootstrap[12]: Time 0.548478 seconds, bootstrap likelihood -21367.577184, best rearrangement setting 15
Bootstrap[13]: Time 0.573275 seconds, bootstrap likelihood -20808.143058, best rearrangement setting 12
Bootstrap[14]: Time 0.472741 seconds, bootstrap likelihood -20916.676466, best rearrangement setting 5
Bootstrap[15]: Time 0.480859 seconds, bootstrap likelihood -20564.383750, best rearrangement setting 5
Bootstrap[16]: Time 0.520432 seconds, bootstrap likelihood -20659.880556, best rearrangement setting 12
Bootstrap[17]: Time 0.511296 seconds, bootstrap likelihood -20736.518212, best rearrangement setting 14
Bootstrap[18]: Time 0.581580 seconds, bootstrap likelihood -20705.891058, best rearrangement setting 13
Bootstrap[19]: Time 0.444793 seconds, bootstrap likelihood -21060.927087, best rearrangement setting 7
Bootstrap[20]: Time 2.209382 seconds, bootstrap likelihood -20184.400296, best rearrangement setting 9
Bootstrap[21]: Time 0.546049 seconds, bootstrap likelihood -20803.387672, best rearrangement setting 5
Bootstrap[22]: Time 0.574489 seconds, bootstrap likelihood -20779.874373, best rearrangement setting 14
Bootstrap[23]: Time 0.550943 seconds, bootstrap likelihood -19935.773883, best rearrangement setting 12
Bootstrap[24]: Time 0.526374 seconds, bootstrap likelihood -20702.765664, best rearrangement setting 8
Bootstrap[25]: Time 0.509408 seconds, bootstrap likelihood -20134.415687, best rearrangement setting 7
Bootstrap[26]: Time 0.559927 seconds, bootstrap likelihood -20545.366484, best rearrangement setting 15
Bootstrap[27]: Time 0.517784 seconds, bootstrap likelihood -20839.584102, best rearrangement setting 12
Bootstrap[28]: Time 0.620458 seconds, bootstrap likelihood -20978.773040, best rearrangement setting 15
Bootstrap[29]: Time 0.501378 seconds, bootstrap likelihood -20781.012986, best rearrangement setting 14
Bootstrap[30]: Time 0.514905 seconds, bootstrap likelihood -20389.003207, best rearrangement setting 5
Bootstrap[31]: Time 0.505312 seconds, bootstrap likelihood -19650.900556, best rearrangement setting 6
Bootstrap[32]: Time 0.554260 seconds, bootstrap likelihood -20979.020445, best rearrangement setting 14
Bootstrap[33]: Time 1.832596 seconds, bootstrap likelihood -20377.393257, best rearrangement setting 5
Bootstrap[34]: Time 0.491002 seconds, bootstrap likelihood -21024.144426, best rearrangement setting 11
Bootstrap[35]: Time 0.438157 seconds, bootstrap likelihood -20336.466740, best rearrangement setting 5
Bootstrap[36]: Time 1.163621 seconds, bootstrap likelihood -20862.792158, best rearrangement setting 9
Bootstrap[37]: Time 0.528677 seconds, bootstrap likelihood -19753.551394, best rearrangement setting 12
Bootstrap[38]: Time 0.607043 seconds, bootstrap likelihood -20440.612508, best rearrangement setting 11
Bootstrap[39]: Time 0.590631 seconds, bootstrap likelihood -20845.864961, best rearrangement setting 8
Bootstrap[40]: Time 0.548592 seconds, bootstrap likelihood -20549.461401, best rearrangement setting 14
Bootstrap[41]: Time 0.807952 seconds, bootstrap likelihood -20273.167616, best rearrangement setting 11
Bootstrap[42]: Time 0.574316 seconds, bootstrap likelihood -19995.296165, best rearrangement setting 12
Bootstrap[43]: Time 0.503800 seconds, bootstrap likelihood -20439.129901, best rearrangement setting 6
Bootstrap[44]: Time 0.556573 seconds, bootstrap likelihood -20877.114296, best rearrangement setting 14
Bootstrap[45]: Time 0.507548 seconds, bootstrap likelihood -20591.844307, best rearrangement setting 11
Bootstrap[46]: Time 0.479109 seconds, bootstrap likelihood -19906.684618, best rearrangement setting 13
Bootstrap[47]: Time 0.573664 seconds, bootstrap likelihood -21262.691107, best rearrangement setting 12
Bootstrap[48]: Time 0.450327 seconds, bootstrap likelihood -20955.980986, best rearrangement setting 5
Bootstrap[49]: Time 0.592952 seconds, bootstrap likelihood -21376.060908, best rearrangement setting 9
Bootstrap[50]: Time 0.591980 seconds, bootstrap likelihood -20722.975087, best rearrangement setting 10
Bootstrap[51]: Time 0.573364 seconds, bootstrap likelihood -19855.488815, best rearrangement setting 11
Bootstrap[52]: Time 0.603716 seconds, bootstrap likelihood -21041.470952, best rearrangement setting 15
Bootstrap[53]: Time 0.544491 seconds, bootstrap likelihood -20240.389004, best rearrangement setting 12
Bootstrap[54]: Time 0.501972 seconds, bootstrap likelihood -20811.960304, best rearrangement setting 8
Bootstrap[55]: Time 0.492797 seconds, bootstrap likelihood -20389.904048, best rearrangement setting 15
Bootstrap[56]: Time 0.562689 seconds, bootstrap likelihood -21045.700212, best rearrangement setting 7
Bootstrap[57]: Time 0.552654 seconds, bootstrap likelihood -20762.375939, best rearrangement setting 8
Bootstrap[58]: Time 0.605844 seconds, bootstrap likelihood -20112.567593, best rearrangement setting 9
Bootstrap[59]: Time 0.534397 seconds, bootstrap likelihood -20718.680667, best rearrangement setting 13
Bootstrap[60]: Time 0.542234 seconds, bootstrap likelihood -20755.358683, best rearrangement setting 15
Bootstrap[61]: Time 0.593203 seconds, bootstrap likelihood -20817.088124, best rearrangement setting 8
Bootstrap[62]: Time 0.508095 seconds, bootstrap likelihood -21422.567177, best rearrangement setting 11
Bootstrap[63]: Time 0.708760 seconds, bootstrap likelihood -20830.519843, best rearrangement setting 9
Bootstrap[64]: Time 0.567013 seconds, bootstrap likelihood -20926.538224, best rearrangement setting 8
Bootstrap[65]: Time 0.532168 seconds, bootstrap likelihood -20901.807969, best rearrangement setting 8
Bootstrap[66]: Time 0.517310 seconds, bootstrap likelihood -21150.945440, best rearrangement setting 5
Bootstrap[67]: Time 0.497130 seconds, bootstrap likelihood -19886.930711, best rearrangement setting 11
Bootstrap[68]: Time 0.628644 seconds, bootstrap likelihood -20859.602208, best rearrangement setting 10
Bootstrap[69]: Time 0.547822 seconds, bootstrap likelihood -21318.105223, best rearrangement setting 10
Bootstrap[70]: Time 0.602056 seconds, bootstrap likelihood -21247.492254, best rearrangement setting 15
Bootstrap[71]: Time 0.500676 seconds, bootstrap likelihood -20934.674969, best rearrangement setting 15
Bootstrap[72]: Time 0.593374 seconds, bootstrap likelihood -20296.207087, best rearrangement setting 12
Bootstrap[73]: Time 0.513294 seconds, bootstrap likelihood -20197.352730, best rearrangement setting 7
Bootstrap[74]: Time 0.461316 seconds, bootstrap likelihood -21545.636615, best rearrangement setting 5
Bootstrap[75]: Time 0.450835 seconds, bootstrap likelihood -20532.682446, best rearrangement setting 5
Bootstrap[76]: Time 0.472205 seconds, bootstrap likelihood -20702.171373, best rearrangement setting 8
Bootstrap[77]: Time 0.622741 seconds, bootstrap likelihood -20872.955309, best rearrangement setting 12
Bootstrap[78]: Time 0.613498 seconds, bootstrap likelihood -21007.930266, best rearrangement setting 14
Bootstrap[79]: Time 0.625839 seconds, bootstrap likelihood -20620.466799, best rearrangement setting 14
Bootstrap[80]: Time 0.569641 seconds, bootstrap likelihood -20965.103178, best rearrangement setting 14
Bootstrap[81]: Time 0.577068 seconds, bootstrap likelihood -20819.590399, best rearrangement setting 9
Bootstrap[82]: Time 0.600711 seconds, bootstrap likelihood -21454.424094, best rearrangement setting 14
Bootstrap[83]: Time 0.555161 seconds, bootstrap likelihood -20811.330478, best rearrangement setting 14
Bootstrap[84]: Time 0.555517 seconds, bootstrap likelihood -21281.532293, best rearrangement setting 13
Bootstrap[85]: Time 0.524935 seconds, bootstrap likelihood -19982.883610, best rearrangement setting 7
Bootstrap[86]: Time 0.694138 seconds, bootstrap likelihood -20757.331832, best rearrangement setting 14
Bootstrap[87]: Time 0.598722 seconds, bootstrap likelihood -20522.412037, best rearrangement setting 12
Bootstrap[88]: Time 0.763129 seconds, bootstrap likelihood -21214.825610, best rearrangement setting 10
Bootstrap[89]: Time 0.537747 seconds, bootstrap likelihood -21069.604476, best rearrangement setting 11
Bootstrap[90]: Time 0.519056 seconds, bootstrap likelihood -20090.127626, best rearrangement setting 11
Bootstrap[91]: Time 0.561521 seconds, bootstrap likelihood -20311.121601, best rearrangement setting 10
Bootstrap[92]: Time 0.521994 seconds, bootstrap likelihood -20433.516361, best rearrangement setting 13
Bootstrap[93]: Time 0.522443 seconds, bootstrap likelihood -20708.974927, best rearrangement setting 8
Bootstrap[94]: Time 0.522578 seconds, bootstrap likelihood -20584.955156, best rearrangement setting 6
Bootstrap[95]: Time 4.969121 seconds, bootstrap likelihood -20187.022962, best rearrangement setting 6
Bootstrap[96]: Time 0.541133 seconds, bootstrap likelihood -20476.666654, best rearrangement setting 7
Bootstrap[97]: Time 0.545527 seconds, bootstrap likelihood -21305.604264, best rearrangement setting 14
Bootstrap[98]: Time 0.650312 seconds, bootstrap likelihood -21115.419170, best rearrangement setting 11
Bootstrap[99]: Time 0.630363 seconds, bootstrap likelihood -20322.938815, best rearrangement setting 12


Overall Time for 100 Rapid Bootstraps 62.911491 seconds
Average Time per Rapid Bootstrap 0.629115 seconds

Starting ML Search ...

Fast ML optimization finished

Fast ML search Time: 72.223113 seconds

Slow ML Search 0 Likelihood: -20713.417317
Slow ML Search 1 Likelihood: -20713.417317
Slow ML Search 2 Likelihood: -20713.417317
Slow ML Search 3 Likelihood: -20713.417317
Slow ML Search 4 Likelihood: -20714.238619
Slow ML Search 5 Likelihood: -20714.238619
Slow ML Search 6 Likelihood: -20714.238619
Slow ML Search 7 Likelihood: -20714.238620
Slow ML Search 8 Likelihood: -20716.350752
Slow ML Search 9 Likelihood: -20718.471631
Slow ML optimization finished

Slow ML search Time: 11.430516 seconds
Thorough ML search Time: 1.158104 seconds

Final ML Optimization Likelihood: -20713.417323

Model Information:

Model Parameters of Partition 0, Name: No Name Provided, Type of Data: DNA
alpha: 0.307767
Tree-Length: 1.601062
rate A <-> C: 2.372083
rate A <-> G: 8.860335
rate A <-> T: 0.957716
rate C <-> G: 0.899286
rate C <-> T: 10.783932
rate G <-> T: 1.000000

freq pi(A): 0.390060
freq pi(C): 0.166002
freq pi(G): 0.227528
freq pi(T): 0.216410


ML search took 84.819522 secs or 0.023561 hours

Combined Bootstrap and ML search took 147.731144 secs or 0.041036 hours

Drawing Bootstrap Support Values on best-scoring ML tree ...



Found 1 tree in File /gpfs_home/mhowison/code/hiv-profile-sampling/scratch/trees/pol/RAxML_bestTree.sample.51



Found 1 tree in File /gpfs_home/mhowison/code/hiv-profile-sampling/scratch/trees/pol/RAxML_bestTree.sample.51

Program execution info written to /gpfs_home/mhowison/code/hiv-profile-sampling/scratch/trees/pol/RAxML_info.sample.51
All 100 bootstrapped trees written to: /gpfs_home/mhowison/code/hiv-profile-sampling/scratch/trees/pol/RAxML_bootstrap.sample.51

Best-scoring ML tree written to: /gpfs_home/mhowison/code/hiv-profile-sampling/scratch/trees/pol/RAxML_bestTree.sample.51

Best-scoring ML tree with support values written to: /gpfs_home/mhowison/code/hiv-profile-sampling/scratch/trees/pol/RAxML_bipartitions.sample.51

Best-scoring ML tree with support values as branch labels written to: /gpfs_home/mhowison/code/hiv-profile-sampling/scratch/trees/pol/RAxML_bipartitionsBranchLabels.sample.51

Overall execution time for full ML analysis: 147.735640 secs or 0.041038 hours or 0.001710 days

