srun: job 262676 queued and waiting for resources
srun: job 262676 has been allocated resources
Warning, you specified a working directory via "-w"
Keep in mind that RAxML only accepts absolute path names, not relative ones!

RAxML can't, parse the alignment file as phylip file 
it will now try to parse it as FASTA file



Using BFGS method to optimize GTR rate parameters, to disable this specify "--no-bfgs" 


This is the RAxML Master Pthread

This is RAxML Worker Pthread Number: 1

This is RAxML Worker Pthread Number: 4

This is RAxML Worker Pthread Number: 3

This is RAxML Worker Pthread Number: 2

This is RAxML Worker Pthread Number: 5

This is RAxML Worker Pthread Number: 7

This is RAxML Worker Pthread Number: 8

This is RAxML Worker Pthread Number: 6

This is RAxML Worker Pthread Number: 9

This is RAxML Worker Pthread Number: 12

This is RAxML Worker Pthread Number: 10

This is RAxML Worker Pthread Number: 11

This is RAxML Worker Pthread Number: 14

This is RAxML Worker Pthread Number: 13

This is RAxML Worker Pthread Number: 15

This is RAxML Worker Pthread Number: 18

This is RAxML Worker Pthread Number: 16

This is RAxML Worker Pthread Number: 17

This is RAxML Worker Pthread Number: 19


This is RAxML version 8.2.12 released by Alexandros Stamatakis on May 2018.

With greatly appreciated code contributions by:
Andre Aberer      (HITS)
Simon Berger      (HITS)
Alexey Kozlov     (HITS)
Kassian Kobert    (HITS)
David Dao         (KIT and HITS)
Sarah Lutteropp   (KIT and HITS)
Nick Pattengale   (Sandia)
Wayne Pfeiffer    (SDSC)
Akifumi S. Tanabe (NRIFS)
Charlie Taylor    (UF)


Alignment has 1174 distinct alignment patterns

Proportion of gaps and completely undetermined characters in this alignment: 5.94%

RAxML rapid bootstrapping and subsequent ML search

Using 1 distinct models/data partitions with joint branch length optimization



Executing 100 rapid bootstrap inferences and thereafter a thorough ML search 

All free model parameters will be estimated by RAxML
GAMMA model of rate heterogeneity, ML estimate of alpha-parameter

GAMMA Model parameters will be estimated up to an accuracy of 0.1000000000 Log Likelihood units

Partition: 0
Alignment Patterns: 1174
Name: No Name Provided
DataType: DNA
Substitution Matrix: GTR




RAxML was called as follows:

raxmlHPC-PTHREADS-AVX -T 20 -s scratch/aligned/pol/sample.6.fa -p 8113926018 -x 8113926018 -f a -N 100 -m GTRGAMMA -w /gpfs_home/mhowison/code/hiv-profile-sampling/scratch/trees/pol -n sample.6 



Time for BS model parameter optimization 0.056900
Bootstrap[0]: Time 0.806050 seconds, bootstrap likelihood -20253.894191, best rearrangement setting 12
Bootstrap[1]: Time 0.573654 seconds, bootstrap likelihood -20500.041911, best rearrangement setting 5
Bootstrap[2]: Time 1.381289 seconds, bootstrap likelihood -20553.542953, best rearrangement setting 12
Bootstrap[3]: Time 0.693510 seconds, bootstrap likelihood -20564.505453, best rearrangement setting 9
Bootstrap[4]: Time 0.571443 seconds, bootstrap likelihood -20456.554701, best rearrangement setting 5
Bootstrap[5]: Time 0.606283 seconds, bootstrap likelihood -20154.424864, best rearrangement setting 9
Bootstrap[6]: Time 0.629507 seconds, bootstrap likelihood -20757.568440, best rearrangement setting 15
Bootstrap[7]: Time 0.516787 seconds, bootstrap likelihood -20308.099050, best rearrangement setting 6
Bootstrap[8]: Time 0.618509 seconds, bootstrap likelihood -19717.868359, best rearrangement setting 13
Bootstrap[9]: Time 0.575697 seconds, bootstrap likelihood -21122.218281, best rearrangement setting 10
Bootstrap[10]: Time 0.650283 seconds, bootstrap likelihood -20527.384173, best rearrangement setting 6
Bootstrap[11]: Time 0.645193 seconds, bootstrap likelihood -20285.971722, best rearrangement setting 11
Bootstrap[12]: Time 0.637680 seconds, bootstrap likelihood -19965.637919, best rearrangement setting 7
Bootstrap[13]: Time 0.640679 seconds, bootstrap likelihood -21526.313604, best rearrangement setting 13
Bootstrap[14]: Time 0.689305 seconds, bootstrap likelihood -21007.142859, best rearrangement setting 15
Bootstrap[15]: Time 0.707953 seconds, bootstrap likelihood -21573.422490, best rearrangement setting 15
Bootstrap[16]: Time 0.625995 seconds, bootstrap likelihood -19820.133970, best rearrangement setting 13
Bootstrap[17]: Time 0.645273 seconds, bootstrap likelihood -20928.310806, best rearrangement setting 9
Bootstrap[18]: Time 0.763222 seconds, bootstrap likelihood -20719.320467, best rearrangement setting 12
Bootstrap[19]: Time 0.718927 seconds, bootstrap likelihood -21196.441927, best rearrangement setting 7
Bootstrap[20]: Time 0.617095 seconds, bootstrap likelihood -20831.343613, best rearrangement setting 5
Bootstrap[21]: Time 0.611265 seconds, bootstrap likelihood -19820.815800, best rearrangement setting 13
Bootstrap[22]: Time 0.595109 seconds, bootstrap likelihood -20808.123574, best rearrangement setting 5
Bootstrap[23]: Time 0.588708 seconds, bootstrap likelihood -20815.100030, best rearrangement setting 12
Bootstrap[24]: Time 0.571038 seconds, bootstrap likelihood -21227.562872, best rearrangement setting 6
Bootstrap[25]: Time 1.134354 seconds, bootstrap likelihood -20400.526085, best rearrangement setting 11
Bootstrap[26]: Time 0.627086 seconds, bootstrap likelihood -20877.378430, best rearrangement setting 10
Bootstrap[27]: Time 0.758770 seconds, bootstrap likelihood -20537.729528, best rearrangement setting 11
Bootstrap[28]: Time 0.726845 seconds, bootstrap likelihood -20653.783606, best rearrangement setting 8
Bootstrap[29]: Time 0.560436 seconds, bootstrap likelihood -20040.113481, best rearrangement setting 11
Bootstrap[30]: Time 0.622775 seconds, bootstrap likelihood -19671.226925, best rearrangement setting 7
Bootstrap[31]: Time 0.647130 seconds, bootstrap likelihood -20960.635965, best rearrangement setting 8
Bootstrap[32]: Time 0.677697 seconds, bootstrap likelihood -20783.798615, best rearrangement setting 10
Bootstrap[33]: Time 0.647574 seconds, bootstrap likelihood -20498.954142, best rearrangement setting 8
Bootstrap[34]: Time 0.649091 seconds, bootstrap likelihood -20456.217494, best rearrangement setting 13
Bootstrap[35]: Time 0.562907 seconds, bootstrap likelihood -20080.778351, best rearrangement setting 7
Bootstrap[36]: Time 0.578758 seconds, bootstrap likelihood -20262.721935, best rearrangement setting 6
Bootstrap[37]: Time 0.623703 seconds, bootstrap likelihood -20307.447179, best rearrangement setting 11
Bootstrap[38]: Time 0.674533 seconds, bootstrap likelihood -20559.984454, best rearrangement setting 12
Bootstrap[39]: Time 0.624990 seconds, bootstrap likelihood -20137.871149, best rearrangement setting 6
Bootstrap[40]: Time 0.561147 seconds, bootstrap likelihood -21035.438412, best rearrangement setting 5
Bootstrap[41]: Time 0.651649 seconds, bootstrap likelihood -20341.382809, best rearrangement setting 12
Bootstrap[42]: Time 0.755740 seconds, bootstrap likelihood -20839.245008, best rearrangement setting 9
Bootstrap[43]: Time 0.610618 seconds, bootstrap likelihood -20829.572194, best rearrangement setting 9
Bootstrap[44]: Time 0.498130 seconds, bootstrap likelihood -20162.300571, best rearrangement setting 5
Bootstrap[45]: Time 0.621512 seconds, bootstrap likelihood -20229.838941, best rearrangement setting 14
Bootstrap[46]: Time 0.739373 seconds, bootstrap likelihood -20648.660648, best rearrangement setting 15
Bootstrap[47]: Time 1.399023 seconds, bootstrap likelihood -20828.230867, best rearrangement setting 13
Bootstrap[48]: Time 0.636660 seconds, bootstrap likelihood -20174.302583, best rearrangement setting 8
Bootstrap[49]: Time 0.725975 seconds, bootstrap likelihood -21000.790516, best rearrangement setting 14
Bootstrap[50]: Time 0.649029 seconds, bootstrap likelihood -20391.180509, best rearrangement setting 8
Bootstrap[51]: Time 0.544146 seconds, bootstrap likelihood -20411.908044, best rearrangement setting 5
Bootstrap[52]: Time 0.553076 seconds, bootstrap likelihood -20415.147822, best rearrangement setting 8
Bootstrap[53]: Time 0.562912 seconds, bootstrap likelihood -20903.260102, best rearrangement setting 6
Bootstrap[54]: Time 0.692982 seconds, bootstrap likelihood -19880.205929, best rearrangement setting 9
Bootstrap[55]: Time 0.631609 seconds, bootstrap likelihood -20496.243591, best rearrangement setting 8
Bootstrap[56]: Time 0.709921 seconds, bootstrap likelihood -20782.110571, best rearrangement setting 7
Bootstrap[57]: Time 0.632630 seconds, bootstrap likelihood -20967.756443, best rearrangement setting 14
Bootstrap[58]: Time 0.684262 seconds, bootstrap likelihood -20523.760017, best rearrangement setting 7
Bootstrap[59]: Time 0.619304 seconds, bootstrap likelihood -20349.106321, best rearrangement setting 8
Bootstrap[60]: Time 0.770616 seconds, bootstrap likelihood -20429.498990, best rearrangement setting 15
Bootstrap[61]: Time 0.569256 seconds, bootstrap likelihood -20448.606097, best rearrangement setting 6
Bootstrap[62]: Time 0.724129 seconds, bootstrap likelihood -20484.648747, best rearrangement setting 11
Bootstrap[63]: Time 0.685077 seconds, bootstrap likelihood -20539.232760, best rearrangement setting 15
Bootstrap[64]: Time 0.620920 seconds, bootstrap likelihood -20984.018624, best rearrangement setting 13
Bootstrap[65]: Time 0.715088 seconds, bootstrap likelihood -19925.802618, best rearrangement setting 10
Bootstrap[66]: Time 0.721633 seconds, bootstrap likelihood -20702.834965, best rearrangement setting 8
Bootstrap[67]: Time 0.623666 seconds, bootstrap likelihood -20383.433763, best rearrangement setting 9
Bootstrap[68]: Time 0.617750 seconds, bootstrap likelihood -20904.744585, best rearrangement setting 6
Bootstrap[69]: Time 0.706858 seconds, bootstrap likelihood -20873.391660, best rearrangement setting 10
Bootstrap[70]: Time 0.986830 seconds, bootstrap likelihood -20915.950508, best rearrangement setting 9
Bootstrap[71]: Time 0.624416 seconds, bootstrap likelihood -20401.568453, best rearrangement setting 5
Bootstrap[72]: Time 0.743304 seconds, bootstrap likelihood -20144.743173, best rearrangement setting 12
Bootstrap[73]: Time 0.651284 seconds, bootstrap likelihood -20327.570900, best rearrangement setting 15
Bootstrap[74]: Time 0.836290 seconds, bootstrap likelihood -20627.574868, best rearrangement setting 13
Bootstrap[75]: Time 0.676188 seconds, bootstrap likelihood -20614.341020, best rearrangement setting 14
Bootstrap[76]: Time 0.805554 seconds, bootstrap likelihood -20774.850311, best rearrangement setting 9
Bootstrap[77]: Time 0.695708 seconds, bootstrap likelihood -19821.392490, best rearrangement setting 14
Bootstrap[78]: Time 0.612569 seconds, bootstrap likelihood -20687.599342, best rearrangement setting 12
Bootstrap[79]: Time 0.641582 seconds, bootstrap likelihood -20152.507708, best rearrangement setting 7
Bootstrap[80]: Time 0.693732 seconds, bootstrap likelihood -20473.065955, best rearrangement setting 7
Bootstrap[81]: Time 0.628786 seconds, bootstrap likelihood -20299.480909, best rearrangement setting 8
Bootstrap[82]: Time 0.521640 seconds, bootstrap likelihood -20341.758220, best rearrangement setting 5
Bootstrap[83]: Time 0.812193 seconds, bootstrap likelihood -20068.113564, best rearrangement setting 14
Bootstrap[84]: Time 0.713247 seconds, bootstrap likelihood -20446.877578, best rearrangement setting 11
Bootstrap[85]: Time 0.707088 seconds, bootstrap likelihood -20649.336219, best rearrangement setting 8
Bootstrap[86]: Time 0.652405 seconds, bootstrap likelihood -20310.241019, best rearrangement setting 7
Bootstrap[87]: Time 0.601428 seconds, bootstrap likelihood -20504.731999, best rearrangement setting 15
Bootstrap[88]: Time 0.661732 seconds, bootstrap likelihood -20598.816787, best rearrangement setting 9
Bootstrap[89]: Time 0.719857 seconds, bootstrap likelihood -20339.456841, best rearrangement setting 12
Bootstrap[90]: Time 1.081286 seconds, bootstrap likelihood -20458.119799, best rearrangement setting 13
Bootstrap[91]: Time 1.018863 seconds, bootstrap likelihood -20753.323200, best rearrangement setting 9
Bootstrap[92]: Time 0.709165 seconds, bootstrap likelihood -21313.598370, best rearrangement setting 8
Bootstrap[93]: Time 0.621623 seconds, bootstrap likelihood -20519.458881, best rearrangement setting 8
Bootstrap[94]: Time 0.637928 seconds, bootstrap likelihood -20311.453836, best rearrangement setting 8
Bootstrap[95]: Time 0.666095 seconds, bootstrap likelihood -20031.042063, best rearrangement setting 12
Bootstrap[96]: Time 0.626666 seconds, bootstrap likelihood -20230.065891, best rearrangement setting 15
Bootstrap[97]: Time 0.730027 seconds, bootstrap likelihood -20082.849562, best rearrangement setting 13
Bootstrap[98]: Time 0.607785 seconds, bootstrap likelihood -20464.286404, best rearrangement setting 8
Bootstrap[99]: Time 0.634345 seconds, bootstrap likelihood -19817.264506, best rearrangement setting 15


Overall Time for 100 Rapid Bootstraps 68.389211 seconds
Average Time per Rapid Bootstrap 0.683892 seconds

Starting ML Search ...

Fast ML optimization finished

Fast ML search Time: 56.056137 seconds

Slow ML Search 0 Likelihood: -20554.418231
Slow ML Search 1 Likelihood: -20554.418231
Slow ML Search 2 Likelihood: -20554.528490
Slow ML Search 3 Likelihood: -20556.933206
Slow ML Search 4 Likelihood: -20557.616820
Slow ML Search 5 Likelihood: -20557.616815
Slow ML Search 6 Likelihood: -20557.616815
Slow ML Search 7 Likelihood: -20557.616817
Slow ML Search 8 Likelihood: -20557.618778
Slow ML Search 9 Likelihood: -20559.537126
Slow ML optimization finished

Slow ML search Time: 12.247661 seconds
Thorough ML search Time: 1.667705 seconds

Final ML Optimization Likelihood: -20554.418217

Model Information:

Model Parameters of Partition 0, Name: No Name Provided, Type of Data: DNA
alpha: 0.303827
Tree-Length: 1.589346
rate A <-> C: 2.438521
rate A <-> G: 9.552928
rate A <-> T: 0.980392
rate C <-> G: 0.994251
rate C <-> T: 11.457104
rate G <-> T: 1.000000

freq pi(A): 0.390144
freq pi(C): 0.165711
freq pi(G): 0.227560
freq pi(T): 0.216585


ML search took 88.448960 secs or 0.024569 hours

Combined Bootstrap and ML search took 156.838307 secs or 0.043566 hours

Drawing Bootstrap Support Values on best-scoring ML tree ...



Found 1 tree in File /gpfs_home/mhowison/code/hiv-profile-sampling/scratch/trees/pol/RAxML_bestTree.sample.6



Found 1 tree in File /gpfs_home/mhowison/code/hiv-profile-sampling/scratch/trees/pol/RAxML_bestTree.sample.6

Program execution info written to /gpfs_home/mhowison/code/hiv-profile-sampling/scratch/trees/pol/RAxML_info.sample.6
All 100 bootstrapped trees written to: /gpfs_home/mhowison/code/hiv-profile-sampling/scratch/trees/pol/RAxML_bootstrap.sample.6

Best-scoring ML tree written to: /gpfs_home/mhowison/code/hiv-profile-sampling/scratch/trees/pol/RAxML_bestTree.sample.6

Best-scoring ML tree with support values written to: /gpfs_home/mhowison/code/hiv-profile-sampling/scratch/trees/pol/RAxML_bipartitions.sample.6

Best-scoring ML tree with support values as branch labels written to: /gpfs_home/mhowison/code/hiv-profile-sampling/scratch/trees/pol/RAxML_bipartitionsBranchLabels.sample.6

Overall execution time for full ML analysis: 156.888035 secs or 0.043580 hours or 0.001816 days

