srun: job 261739 queued and waiting for resources
srun: job 261739 has been allocated resources
Warning, you specified a working directory via "-w"
Keep in mind that RAxML only accepts absolute path names, not relative ones!

RAxML can't, parse the alignment file as phylip file 
it will now try to parse it as FASTA file



Using BFGS method to optimize GTR rate parameters, to disable this specify "--no-bfgs" 


This is the RAxML Master Pthread

This is RAxML Worker Pthread Number: 1

This is RAxML Worker Pthread Number: 5

This is RAxML Worker Pthread Number: 2

This is RAxML Worker Pthread Number: 3

This is RAxML Worker Pthread Number: 4

This is RAxML Worker Pthread Number: 6

This is RAxML Worker Pthread Number: 8

This is RAxML Worker Pthread Number: 7

This is RAxML Worker Pthread Number: 10

This is RAxML Worker Pthread Number: 11

This is RAxML Worker Pthread Number: 9

This is RAxML Worker Pthread Number: 12

This is RAxML Worker Pthread Number: 13

This is RAxML Worker Pthread Number: 14

This is RAxML Worker Pthread Number: 16

This is RAxML Worker Pthread Number: 15

This is RAxML Worker Pthread Number: 18

This is RAxML Worker Pthread Number: 17

This is RAxML Worker Pthread Number: 19


This is RAxML version 8.2.12 released by Alexandros Stamatakis on May 2018.

With greatly appreciated code contributions by:
Andre Aberer      (HITS)
Simon Berger      (HITS)
Alexey Kozlov     (HITS)
Kassian Kobert    (HITS)
David Dao         (KIT and HITS)
Sarah Lutteropp   (KIT and HITS)
Nick Pattengale   (Sandia)
Wayne Pfeiffer    (SDSC)
Akifumi S. Tanabe (NRIFS)
Charlie Taylor    (UF)


Alignment has 1188 distinct alignment patterns

Proportion of gaps and completely undetermined characters in this alignment: 5.94%

RAxML rapid bootstrapping and subsequent ML search

Using 1 distinct models/data partitions with joint branch length optimization



Executing 100 rapid bootstrap inferences and thereafter a thorough ML search 

All free model parameters will be estimated by RAxML
GAMMA model of rate heterogeneity, ML estimate of alpha-parameter

GAMMA Model parameters will be estimated up to an accuracy of 0.1000000000 Log Likelihood units

Partition: 0
Alignment Patterns: 1188
Name: No Name Provided
DataType: DNA
Substitution Matrix: GTR




RAxML was called as follows:

raxmlHPC-PTHREADS-AVX -T 20 -s scratch/aligned/pol/sample.211.fa -p 0310888951 -x 0310888951 -f a -N 100 -m GTRGAMMA -w /gpfs_home/mhowison/code/hiv-profile-sampling/scratch/trees/pol -n sample.211 



Time for BS model parameter optimization 0.054579
Bootstrap[0]: Time 0.755044 seconds, bootstrap likelihood -21117.325063, best rearrangement setting 13
Bootstrap[1]: Time 0.615424 seconds, bootstrap likelihood -20385.555882, best rearrangement setting 9
Bootstrap[2]: Time 0.610121 seconds, bootstrap likelihood -20879.534110, best rearrangement setting 10
Bootstrap[3]: Time 0.502728 seconds, bootstrap likelihood -20733.629215, best rearrangement setting 6
Bootstrap[4]: Time 0.649501 seconds, bootstrap likelihood -20935.639365, best rearrangement setting 13
Bootstrap[5]: Time 0.598240 seconds, bootstrap likelihood -20798.811159, best rearrangement setting 6
Bootstrap[6]: Time 0.596231 seconds, bootstrap likelihood -21053.986991, best rearrangement setting 13
Bootstrap[7]: Time 0.539053 seconds, bootstrap likelihood -19840.630485, best rearrangement setting 7
Bootstrap[8]: Time 0.622384 seconds, bootstrap likelihood -21082.241890, best rearrangement setting 7
Bootstrap[9]: Time 0.615738 seconds, bootstrap likelihood -21094.964651, best rearrangement setting 14
Bootstrap[10]: Time 0.682385 seconds, bootstrap likelihood -21642.321896, best rearrangement setting 14
Bootstrap[11]: Time 0.638861 seconds, bootstrap likelihood -21148.065391, best rearrangement setting 5
Bootstrap[12]: Time 0.669378 seconds, bootstrap likelihood -20868.207696, best rearrangement setting 10
Bootstrap[13]: Time 0.596473 seconds, bootstrap likelihood -20208.383841, best rearrangement setting 7
Bootstrap[14]: Time 0.646347 seconds, bootstrap likelihood -20418.666949, best rearrangement setting 14
Bootstrap[15]: Time 0.630390 seconds, bootstrap likelihood -21149.067689, best rearrangement setting 8
Bootstrap[16]: Time 0.626786 seconds, bootstrap likelihood -19838.238666, best rearrangement setting 9
Bootstrap[17]: Time 1.100445 seconds, bootstrap likelihood -20623.384408, best rearrangement setting 15
Bootstrap[18]: Time 0.649439 seconds, bootstrap likelihood -20618.103093, best rearrangement setting 12
Bootstrap[19]: Time 0.691519 seconds, bootstrap likelihood -20328.901813, best rearrangement setting 7
Bootstrap[20]: Time 0.610238 seconds, bootstrap likelihood -19979.244193, best rearrangement setting 12
Bootstrap[21]: Time 0.662733 seconds, bootstrap likelihood -20403.482048, best rearrangement setting 13
Bootstrap[22]: Time 0.843395 seconds, bootstrap likelihood -20969.556136, best rearrangement setting 11
Bootstrap[23]: Time 0.735285 seconds, bootstrap likelihood -20881.840682, best rearrangement setting 9
Bootstrap[24]: Time 0.767284 seconds, bootstrap likelihood -20942.668676, best rearrangement setting 9
Bootstrap[25]: Time 0.628184 seconds, bootstrap likelihood -19957.247754, best rearrangement setting 8
Bootstrap[26]: Time 11.258025 seconds, bootstrap likelihood -20592.771025, best rearrangement setting 15
Bootstrap[27]: Time 0.596899 seconds, bootstrap likelihood -20217.807162, best rearrangement setting 8
Bootstrap[28]: Time 0.636207 seconds, bootstrap likelihood -20181.294266, best rearrangement setting 9
Bootstrap[29]: Time 0.677479 seconds, bootstrap likelihood -21048.775530, best rearrangement setting 14
Bootstrap[30]: Time 0.650760 seconds, bootstrap likelihood -20897.014661, best rearrangement setting 13
Bootstrap[31]: Time 0.692101 seconds, bootstrap likelihood -21014.450951, best rearrangement setting 8
Bootstrap[32]: Time 0.554114 seconds, bootstrap likelihood -21307.332768, best rearrangement setting 14
Bootstrap[33]: Time 0.714892 seconds, bootstrap likelihood -21007.072113, best rearrangement setting 10
Bootstrap[34]: Time 0.694762 seconds, bootstrap likelihood -20272.315042, best rearrangement setting 11
Bootstrap[35]: Time 0.618227 seconds, bootstrap likelihood -21322.592541, best rearrangement setting 6
Bootstrap[36]: Time 1.458674 seconds, bootstrap likelihood -20719.138994, best rearrangement setting 9
Bootstrap[37]: Time 0.701386 seconds, bootstrap likelihood -20675.067085, best rearrangement setting 8
Bootstrap[38]: Time 0.597910 seconds, bootstrap likelihood -20247.278267, best rearrangement setting 12
Bootstrap[39]: Time 1.310776 seconds, bootstrap likelihood -20660.316716, best rearrangement setting 6
Bootstrap[40]: Time 4.919030 seconds, bootstrap likelihood -20432.546193, best rearrangement setting 7
Bootstrap[41]: Time 0.641509 seconds, bootstrap likelihood -20223.034500, best rearrangement setting 10
Bootstrap[42]: Time 0.633798 seconds, bootstrap likelihood -20530.590873, best rearrangement setting 8
Bootstrap[43]: Time 3.117723 seconds, bootstrap likelihood -20736.247078, best rearrangement setting 14
Bootstrap[44]: Time 0.787258 seconds, bootstrap likelihood -20174.010333, best rearrangement setting 6
Bootstrap[45]: Time 0.566199 seconds, bootstrap likelihood -20892.336422, best rearrangement setting 10
Bootstrap[46]: Time 2.633219 seconds, bootstrap likelihood -20856.585971, best rearrangement setting 14
Bootstrap[47]: Time 0.795438 seconds, bootstrap likelihood -20953.451676, best rearrangement setting 10
Bootstrap[48]: Time 0.746207 seconds, bootstrap likelihood -20343.524895, best rearrangement setting 13
Bootstrap[49]: Time 4.919753 seconds, bootstrap likelihood -20944.428742, best rearrangement setting 13
Bootstrap[50]: Time 0.666175 seconds, bootstrap likelihood -20617.138756, best rearrangement setting 15
Bootstrap[51]: Time 4.703160 seconds, bootstrap likelihood -20244.784799, best rearrangement setting 9
Bootstrap[52]: Time 0.570174 seconds, bootstrap likelihood -20488.045383, best rearrangement setting 7
Bootstrap[53]: Time 0.623431 seconds, bootstrap likelihood -20277.673890, best rearrangement setting 14
Bootstrap[54]: Time 2.618665 seconds, bootstrap likelihood -20868.577782, best rearrangement setting 10
Bootstrap[55]: Time 33.374266 seconds, bootstrap likelihood -20589.813449, best rearrangement setting 10
Bootstrap[56]: Time 0.714556 seconds, bootstrap likelihood -21464.696869, best rearrangement setting 14
Bootstrap[57]: Time 0.680496 seconds, bootstrap likelihood -21463.019904, best rearrangement setting 14
Bootstrap[58]: Time 0.680772 seconds, bootstrap likelihood -20600.760306, best rearrangement setting 6
Bootstrap[59]: Time 0.723828 seconds, bootstrap likelihood -20436.531234, best rearrangement setting 11
Bootstrap[60]: Time 0.584349 seconds, bootstrap likelihood -20437.565825, best rearrangement setting 6
Bootstrap[61]: Time 0.677828 seconds, bootstrap likelihood -21199.174105, best rearrangement setting 6
Bootstrap[62]: Time 0.638895 seconds, bootstrap likelihood -20796.405941, best rearrangement setting 7
Bootstrap[63]: Time 0.594580 seconds, bootstrap likelihood -19641.667242, best rearrangement setting 7
Bootstrap[64]: Time 0.665286 seconds, bootstrap likelihood -21453.686014, best rearrangement setting 8
Bootstrap[65]: Time 0.611987 seconds, bootstrap likelihood -20528.534040, best rearrangement setting 14
Bootstrap[66]: Time 1.109672 seconds, bootstrap likelihood -20926.874342, best rearrangement setting 8
Bootstrap[67]: Time 0.673178 seconds, bootstrap likelihood -21036.697031, best rearrangement setting 10
Bootstrap[68]: Time 0.634912 seconds, bootstrap likelihood -20387.416465, best rearrangement setting 9
Bootstrap[69]: Time 0.637499 seconds, bootstrap likelihood -20104.996724, best rearrangement setting 13
Bootstrap[70]: Time 0.779823 seconds, bootstrap likelihood -20665.785102, best rearrangement setting 7
Bootstrap[71]: Time 0.663248 seconds, bootstrap likelihood -21176.965652, best rearrangement setting 10
Bootstrap[72]: Time 0.652421 seconds, bootstrap likelihood -20659.898322, best rearrangement setting 14
Bootstrap[73]: Time 0.635343 seconds, bootstrap likelihood -20339.259609, best rearrangement setting 9
Bootstrap[74]: Time 0.644701 seconds, bootstrap likelihood -20647.083832, best rearrangement setting 8
Bootstrap[75]: Time 0.566715 seconds, bootstrap likelihood -20867.032339, best rearrangement setting 15
Bootstrap[76]: Time 0.599809 seconds, bootstrap likelihood -20663.636855, best rearrangement setting 11
Bootstrap[77]: Time 0.574768 seconds, bootstrap likelihood -21372.186203, best rearrangement setting 9
Bootstrap[78]: Time 0.708594 seconds, bootstrap likelihood -20990.124924, best rearrangement setting 13
Bootstrap[79]: Time 0.723531 seconds, bootstrap likelihood -20792.352497, best rearrangement setting 9
Bootstrap[80]: Time 0.608429 seconds, bootstrap likelihood -20287.954458, best rearrangement setting 9
Bootstrap[81]: Time 0.715116 seconds, bootstrap likelihood -19297.532612, best rearrangement setting 12
Bootstrap[82]: Time 0.714465 seconds, bootstrap likelihood -20311.444210, best rearrangement setting 8
Bootstrap[83]: Time 4.585391 seconds, bootstrap likelihood -20870.197741, best rearrangement setting 7
Bootstrap[84]: Time 0.625428 seconds, bootstrap likelihood -20463.634827, best rearrangement setting 13
Bootstrap[85]: Time 0.726644 seconds, bootstrap likelihood -20233.114145, best rearrangement setting 8
Bootstrap[86]: Time 0.671850 seconds, bootstrap likelihood -20116.086345, best rearrangement setting 7
Bootstrap[87]: Time 2.664335 seconds, bootstrap likelihood -21039.482811, best rearrangement setting 5
Bootstrap[88]: Time 0.628921 seconds, bootstrap likelihood -20158.206573, best rearrangement setting 8
Bootstrap[89]: Time 0.686393 seconds, bootstrap likelihood -20096.389486, best rearrangement setting 14
Bootstrap[90]: Time 0.695296 seconds, bootstrap likelihood -21281.570659, best rearrangement setting 9
Bootstrap[91]: Time 1.263001 seconds, bootstrap likelihood -20463.682183, best rearrangement setting 10
Bootstrap[92]: Time 0.624503 seconds, bootstrap likelihood -20376.122252, best rearrangement setting 10
Bootstrap[93]: Time 0.732243 seconds, bootstrap likelihood -20292.085178, best rearrangement setting 9
Bootstrap[94]: Time 0.743852 seconds, bootstrap likelihood -20369.676161, best rearrangement setting 9
Bootstrap[95]: Time 0.581016 seconds, bootstrap likelihood -20764.042567, best rearrangement setting 13
Bootstrap[96]: Time 0.527149 seconds, bootstrap likelihood -20217.107087, best rearrangement setting 5
Bootstrap[97]: Time 0.659311 seconds, bootstrap likelihood -21331.847556, best rearrangement setting 11
Bootstrap[98]: Time 0.690929 seconds, bootstrap likelihood -20911.248162, best rearrangement setting 11
Bootstrap[99]: Time 0.631692 seconds, bootstrap likelihood -20183.663473, best rearrangement setting 11


Overall Time for 100 Rapid Bootstraps 136.812422 seconds
Average Time per Rapid Bootstrap 1.368124 seconds

Starting ML Search ...

Fast ML optimization finished

Fast ML search Time: 123.311509 seconds

Slow ML Search 0 Likelihood: -20694.503952
Slow ML Search 1 Likelihood: -20694.503952
Slow ML Search 2 Likelihood: -20694.953303
Slow ML Search 3 Likelihood: -20694.503952
Slow ML Search 4 Likelihood: -20695.576715
Slow ML Search 5 Likelihood: -20696.489340
Slow ML Search 6 Likelihood: -20697.124142
Slow ML Search 7 Likelihood: -20698.596354
Slow ML Search 8 Likelihood: -20698.749341
Slow ML Search 9 Likelihood: -20699.463514
Slow ML optimization finished

Slow ML search Time: 89.547974 seconds
Thorough ML search Time: 1.354924 seconds

Final ML Optimization Likelihood: -20694.503915

Model Information:

Model Parameters of Partition 0, Name: No Name Provided, Type of Data: DNA
alpha: 0.308525
Tree-Length: 1.559434
rate A <-> C: 2.361029
rate A <-> G: 8.882141
rate A <-> T: 0.960049
rate C <-> G: 0.978066
rate C <-> T: 10.819451
rate G <-> T: 1.000000

freq pi(A): 0.390336
freq pi(C): 0.165931
freq pi(G): 0.227311
freq pi(T): 0.216423


ML search took 214.221212 secs or 0.059506 hours

Combined Bootstrap and ML search took 351.033827 secs or 0.097509 hours

Drawing Bootstrap Support Values on best-scoring ML tree ...



Found 1 tree in File /gpfs_home/mhowison/code/hiv-profile-sampling/scratch/trees/pol/RAxML_bestTree.sample.211



Found 1 tree in File /gpfs_home/mhowison/code/hiv-profile-sampling/scratch/trees/pol/RAxML_bestTree.sample.211

Program execution info written to /gpfs_home/mhowison/code/hiv-profile-sampling/scratch/trees/pol/RAxML_info.sample.211
All 100 bootstrapped trees written to: /gpfs_home/mhowison/code/hiv-profile-sampling/scratch/trees/pol/RAxML_bootstrap.sample.211

Best-scoring ML tree written to: /gpfs_home/mhowison/code/hiv-profile-sampling/scratch/trees/pol/RAxML_bestTree.sample.211

Best-scoring ML tree with support values written to: /gpfs_home/mhowison/code/hiv-profile-sampling/scratch/trees/pol/RAxML_bipartitions.sample.211

Best-scoring ML tree with support values as branch labels written to: /gpfs_home/mhowison/code/hiv-profile-sampling/scratch/trees/pol/RAxML_bipartitionsBranchLabels.sample.211

Overall execution time for full ML analysis: 351.038170 secs or 0.097511 hours or 0.004063 days

