srun: job 261993 queued and waiting for resources
srun: job 261993 has been allocated resources
Warning, you specified a working directory via "-w"
Keep in mind that RAxML only accepts absolute path names, not relative ones!

RAxML can't, parse the alignment file as phylip file 
it will now try to parse it as FASTA file



Using BFGS method to optimize GTR rate parameters, to disable this specify "--no-bfgs" 


This is the RAxML Master Pthread

This is RAxML Worker Pthread Number: 1

This is RAxML Worker Pthread Number: 5

This is RAxML Worker Pthread Number: 3

This is RAxML Worker Pthread Number: 4

This is RAxML Worker Pthread Number: 2

This is RAxML Worker Pthread Number: 6

This is RAxML Worker Pthread Number: 8

This is RAxML Worker Pthread Number: 7

This is RAxML Worker Pthread Number: 9

This is RAxML Worker Pthread Number: 10

This is RAxML Worker Pthread Number: 12

This is RAxML Worker Pthread Number: 11

This is RAxML Worker Pthread Number: 13

This is RAxML Worker Pthread Number: 15

This is RAxML Worker Pthread Number: 14

This is RAxML Worker Pthread Number: 16

This is RAxML Worker Pthread Number: 18

This is RAxML Worker Pthread Number: 19

This is RAxML Worker Pthread Number: 17


This is RAxML version 8.2.12 released by Alexandros Stamatakis on May 2018.

With greatly appreciated code contributions by:
Andre Aberer      (HITS)
Simon Berger      (HITS)
Alexey Kozlov     (HITS)
Kassian Kobert    (HITS)
David Dao         (KIT and HITS)
Sarah Lutteropp   (KIT and HITS)
Nick Pattengale   (Sandia)
Wayne Pfeiffer    (SDSC)
Akifumi S. Tanabe (NRIFS)
Charlie Taylor    (UF)


Alignment has 1189 distinct alignment patterns

Proportion of gaps and completely undetermined characters in this alignment: 5.94%

RAxML rapid bootstrapping and subsequent ML search

Using 1 distinct models/data partitions with joint branch length optimization



Executing 100 rapid bootstrap inferences and thereafter a thorough ML search 

All free model parameters will be estimated by RAxML
GAMMA model of rate heterogeneity, ML estimate of alpha-parameter

GAMMA Model parameters will be estimated up to an accuracy of 0.1000000000 Log Likelihood units

Partition: 0
Alignment Patterns: 1189
Name: No Name Provided
DataType: DNA
Substitution Matrix: GTR




RAxML was called as follows:

raxmlHPC-PTHREADS-AVX -T 20 -s scratch/aligned/pol/sample.3.fa -p 8362750424 -x 8362750424 -f a -N 100 -m GTRGAMMA -w /gpfs_home/mhowison/code/hiv-profile-sampling/scratch/trees/pol -n sample.3 



Time for BS model parameter optimization 0.050461
Bootstrap[0]: Time 1.212793 seconds, bootstrap likelihood -20412.983965, best rearrangement setting 7
Bootstrap[1]: Time 0.540238 seconds, bootstrap likelihood -21244.031314, best rearrangement setting 11
Bootstrap[2]: Time 0.625276 seconds, bootstrap likelihood -20154.237424, best rearrangement setting 14
Bootstrap[3]: Time 0.505910 seconds, bootstrap likelihood -20300.575159, best rearrangement setting 12
Bootstrap[4]: Time 1.368836 seconds, bootstrap likelihood -20683.171326, best rearrangement setting 13
Bootstrap[5]: Time 0.529676 seconds, bootstrap likelihood -20217.667174, best rearrangement setting 13
Bootstrap[6]: Time 0.507162 seconds, bootstrap likelihood -20770.053628, best rearrangement setting 9
Bootstrap[7]: Time 0.454965 seconds, bootstrap likelihood -20054.413937, best rearrangement setting 11
Bootstrap[8]: Time 0.527051 seconds, bootstrap likelihood -20660.688966, best rearrangement setting 12
Bootstrap[9]: Time 0.432679 seconds, bootstrap likelihood -20598.945262, best rearrangement setting 13
Bootstrap[10]: Time 0.466611 seconds, bootstrap likelihood -21100.324745, best rearrangement setting 5
Bootstrap[11]: Time 0.507423 seconds, bootstrap likelihood -20690.407129, best rearrangement setting 15
Bootstrap[12]: Time 0.492148 seconds, bootstrap likelihood -20350.726651, best rearrangement setting 9
Bootstrap[13]: Time 0.717521 seconds, bootstrap likelihood -20284.879207, best rearrangement setting 8
Bootstrap[14]: Time 0.505595 seconds, bootstrap likelihood -20699.909365, best rearrangement setting 8
Bootstrap[15]: Time 0.443432 seconds, bootstrap likelihood -20798.572586, best rearrangement setting 7
Bootstrap[16]: Time 0.472965 seconds, bootstrap likelihood -20367.531892, best rearrangement setting 12
Bootstrap[17]: Time 0.545423 seconds, bootstrap likelihood -20345.448933, best rearrangement setting 14
Bootstrap[18]: Time 0.440989 seconds, bootstrap likelihood -20905.098883, best rearrangement setting 5
Bootstrap[19]: Time 0.478868 seconds, bootstrap likelihood -20975.089439, best rearrangement setting 6
Bootstrap[20]: Time 0.588569 seconds, bootstrap likelihood -20533.000999, best rearrangement setting 9
Bootstrap[21]: Time 0.545421 seconds, bootstrap likelihood -20493.108839, best rearrangement setting 14
Bootstrap[22]: Time 0.484613 seconds, bootstrap likelihood -19928.242511, best rearrangement setting 10
Bootstrap[23]: Time 0.514862 seconds, bootstrap likelihood -20061.248736, best rearrangement setting 13
Bootstrap[24]: Time 0.511967 seconds, bootstrap likelihood -20009.736323, best rearrangement setting 9
Bootstrap[25]: Time 1.378393 seconds, bootstrap likelihood -21051.706971, best rearrangement setting 14
Bootstrap[26]: Time 0.480359 seconds, bootstrap likelihood -19330.375260, best rearrangement setting 7
Bootstrap[27]: Time 0.414107 seconds, bootstrap likelihood -20126.959367, best rearrangement setting 5
Bootstrap[28]: Time 0.654884 seconds, bootstrap likelihood -20580.314623, best rearrangement setting 14
Bootstrap[29]: Time 0.535315 seconds, bootstrap likelihood -20857.410062, best rearrangement setting 13
Bootstrap[30]: Time 1.146194 seconds, bootstrap likelihood -20785.063856, best rearrangement setting 13
Bootstrap[31]: Time 5.038074 seconds, bootstrap likelihood -21110.024287, best rearrangement setting 5
Bootstrap[32]: Time 5.789558 seconds, bootstrap likelihood -20172.428738, best rearrangement setting 7
Bootstrap[33]: Time 0.457482 seconds, bootstrap likelihood -20520.910803, best rearrangement setting 6
Bootstrap[34]: Time 0.460877 seconds, bootstrap likelihood -20560.369803, best rearrangement setting 6
Bootstrap[35]: Time 0.483309 seconds, bootstrap likelihood -20907.139597, best rearrangement setting 11
Bootstrap[36]: Time 0.581269 seconds, bootstrap likelihood -20606.991022, best rearrangement setting 11
Bootstrap[37]: Time 0.504581 seconds, bootstrap likelihood -19936.626532, best rearrangement setting 9
Bootstrap[38]: Time 1.626136 seconds, bootstrap likelihood -20977.933424, best rearrangement setting 5
Bootstrap[39]: Time 0.451804 seconds, bootstrap likelihood -20196.208711, best rearrangement setting 14
Bootstrap[40]: Time 0.480394 seconds, bootstrap likelihood -21157.404253, best rearrangement setting 8
Bootstrap[41]: Time 0.548478 seconds, bootstrap likelihood -19978.012048, best rearrangement setting 15
Bootstrap[42]: Time 0.520388 seconds, bootstrap likelihood -20445.517323, best rearrangement setting 7
Bootstrap[43]: Time 2.202815 seconds, bootstrap likelihood -21286.760271, best rearrangement setting 14
Bootstrap[44]: Time 0.708934 seconds, bootstrap likelihood -20612.689723, best rearrangement setting 7
Bootstrap[45]: Time 0.535158 seconds, bootstrap likelihood -21063.459699, best rearrangement setting 14
Bootstrap[46]: Time 4.649730 seconds, bootstrap likelihood -21158.940714, best rearrangement setting 13
Bootstrap[47]: Time 0.534767 seconds, bootstrap likelihood -21065.079259, best rearrangement setting 10
Bootstrap[48]: Time 4.573583 seconds, bootstrap likelihood -20943.665901, best rearrangement setting 14
Bootstrap[49]: Time 0.528490 seconds, bootstrap likelihood -21124.010501, best rearrangement setting 8
Bootstrap[50]: Time 0.506285 seconds, bootstrap likelihood -20551.151115, best rearrangement setting 11
Bootstrap[51]: Time 0.454358 seconds, bootstrap likelihood -19728.359338, best rearrangement setting 8
Bootstrap[52]: Time 0.487262 seconds, bootstrap likelihood -20517.117360, best rearrangement setting 14
Bootstrap[53]: Time 0.449759 seconds, bootstrap likelihood -20372.023174, best rearrangement setting 15
Bootstrap[54]: Time 0.437140 seconds, bootstrap likelihood -20131.735360, best rearrangement setting 10
Bootstrap[55]: Time 2.021805 seconds, bootstrap likelihood -20614.556184, best rearrangement setting 9
Bootstrap[56]: Time 0.585322 seconds, bootstrap likelihood -20397.439282, best rearrangement setting 12
Bootstrap[57]: Time 0.492946 seconds, bootstrap likelihood -20408.975274, best rearrangement setting 8
Bootstrap[58]: Time 0.490313 seconds, bootstrap likelihood -20250.898193, best rearrangement setting 6
Bootstrap[59]: Time 0.512061 seconds, bootstrap likelihood -20534.243192, best rearrangement setting 12
Bootstrap[60]: Time 0.420860 seconds, bootstrap likelihood -21060.549511, best rearrangement setting 7
Bootstrap[61]: Time 0.536500 seconds, bootstrap likelihood -20515.390831, best rearrangement setting 8
Bootstrap[62]: Time 0.452457 seconds, bootstrap likelihood -20527.180879, best rearrangement setting 5
Bootstrap[63]: Time 0.487144 seconds, bootstrap likelihood -20242.802255, best rearrangement setting 14
Bootstrap[64]: Time 0.534741 seconds, bootstrap likelihood -21011.008704, best rearrangement setting 10
Bootstrap[65]: Time 0.391126 seconds, bootstrap likelihood -20551.247824, best rearrangement setting 5
Bootstrap[66]: Time 0.449357 seconds, bootstrap likelihood -20244.843438, best rearrangement setting 11
Bootstrap[67]: Time 0.639929 seconds, bootstrap likelihood -20467.669299, best rearrangement setting 13
Bootstrap[68]: Time 0.458423 seconds, bootstrap likelihood -20646.295785, best rearrangement setting 9
Bootstrap[69]: Time 0.508960 seconds, bootstrap likelihood -20780.609732, best rearrangement setting 10
Bootstrap[70]: Time 0.446923 seconds, bootstrap likelihood -20304.051901, best rearrangement setting 7
Bootstrap[71]: Time 2.388869 seconds, bootstrap likelihood -20971.303214, best rearrangement setting 12
Bootstrap[72]: Time 5.370045 seconds, bootstrap likelihood -21163.629094, best rearrangement setting 11
Bootstrap[73]: Time 0.463758 seconds, bootstrap likelihood -20457.783927, best rearrangement setting 7
Bootstrap[74]: Time 0.477278 seconds, bootstrap likelihood -21089.145080, best rearrangement setting 14
Bootstrap[75]: Time 0.462657 seconds, bootstrap likelihood -20910.999145, best rearrangement setting 14
Bootstrap[76]: Time 0.523636 seconds, bootstrap likelihood -19781.758200, best rearrangement setting 15
Bootstrap[77]: Time 0.547386 seconds, bootstrap likelihood -20066.170838, best rearrangement setting 12
Bootstrap[78]: Time 0.538019 seconds, bootstrap likelihood -20197.297999, best rearrangement setting 8
Bootstrap[79]: Time 0.419325 seconds, bootstrap likelihood -20259.095256, best rearrangement setting 5
Bootstrap[80]: Time 1.318747 seconds, bootstrap likelihood -20014.342899, best rearrangement setting 5
Bootstrap[81]: Time 0.442533 seconds, bootstrap likelihood -20183.329505, best rearrangement setting 8
Bootstrap[82]: Time 0.572179 seconds, bootstrap likelihood -19910.706920, best rearrangement setting 15
Bootstrap[83]: Time 2.586068 seconds, bootstrap likelihood -19721.214272, best rearrangement setting 14
Bootstrap[84]: Time 0.521806 seconds, bootstrap likelihood -20775.434785, best rearrangement setting 13
Bootstrap[85]: Time 0.439913 seconds, bootstrap likelihood -21035.724061, best rearrangement setting 5
Bootstrap[86]: Time 0.530942 seconds, bootstrap likelihood -20724.692587, best rearrangement setting 6
Bootstrap[87]: Time 11.283103 seconds, bootstrap likelihood -20135.580433, best rearrangement setting 14
Bootstrap[88]: Time 0.467527 seconds, bootstrap likelihood -20388.714480, best rearrangement setting 7
Bootstrap[89]: Time 0.487206 seconds, bootstrap likelihood -20468.857797, best rearrangement setting 6
Bootstrap[90]: Time 7.599761 seconds, bootstrap likelihood -20445.293765, best rearrangement setting 14
Bootstrap[91]: Time 0.475793 seconds, bootstrap likelihood -20702.645159, best rearrangement setting 8
Bootstrap[92]: Time 0.403510 seconds, bootstrap likelihood -20796.354653, best rearrangement setting 5
Bootstrap[93]: Time 0.424204 seconds, bootstrap likelihood -20514.456079, best rearrangement setting 13
Bootstrap[94]: Time 0.519662 seconds, bootstrap likelihood -20800.390189, best rearrangement setting 14
Bootstrap[95]: Time 0.544026 seconds, bootstrap likelihood -20497.174320, best rearrangement setting 14
Bootstrap[96]: Time 0.511748 seconds, bootstrap likelihood -20811.833887, best rearrangement setting 9
Bootstrap[97]: Time 0.528391 seconds, bootstrap likelihood -20174.884670, best rearrangement setting 14
Bootstrap[98]: Time 0.494983 seconds, bootstrap likelihood -20879.057729, best rearrangement setting 9
Bootstrap[99]: Time 0.482669 seconds, bootstrap likelihood -20422.263602, best rearrangement setting 13


Overall Time for 100 Rapid Bootstraps 103.423349 seconds
Average Time per Rapid Bootstrap 1.034233 seconds

Starting ML Search ...

Fast ML optimization finished

Fast ML search Time: 172.037353 seconds

Slow ML Search 0 Likelihood: -20684.476318
Slow ML Search 1 Likelihood: -20684.476319
Slow ML Search 2 Likelihood: -20684.476318
Slow ML Search 3 Likelihood: -20684.476318
Slow ML Search 4 Likelihood: -20685.250904
Slow ML Search 5 Likelihood: -20685.373867
Slow ML Search 6 Likelihood: -20685.373867
Slow ML Search 7 Likelihood: -20688.355440
Slow ML Search 8 Likelihood: -20688.355439
Slow ML Search 9 Likelihood: -20689.207542
Slow ML optimization finished

Slow ML search Time: 36.513828 seconds
Thorough ML search Time: 1.108653 seconds

Final ML Optimization Likelihood: -20684.476312

Model Information:

Model Parameters of Partition 0, Name: No Name Provided, Type of Data: DNA
alpha: 0.309619
Tree-Length: 1.566573
rate A <-> C: 2.337012
rate A <-> G: 8.516583
rate A <-> T: 0.938862
rate C <-> G: 0.995330
rate C <-> T: 10.809210
rate G <-> T: 1.000000

freq pi(A): 0.390087
freq pi(C): 0.166007
freq pi(G): 0.227330
freq pi(T): 0.216576


ML search took 209.669160 secs or 0.058241 hours

Combined Bootstrap and ML search took 313.092657 secs or 0.086970 hours

Drawing Bootstrap Support Values on best-scoring ML tree ...



Found 1 tree in File /gpfs_home/mhowison/code/hiv-profile-sampling/scratch/trees/pol/RAxML_bestTree.sample.3



Found 1 tree in File /gpfs_home/mhowison/code/hiv-profile-sampling/scratch/trees/pol/RAxML_bestTree.sample.3

Program execution info written to /gpfs_home/mhowison/code/hiv-profile-sampling/scratch/trees/pol/RAxML_info.sample.3
All 100 bootstrapped trees written to: /gpfs_home/mhowison/code/hiv-profile-sampling/scratch/trees/pol/RAxML_bootstrap.sample.3

Best-scoring ML tree written to: /gpfs_home/mhowison/code/hiv-profile-sampling/scratch/trees/pol/RAxML_bestTree.sample.3

Best-scoring ML tree with support values written to: /gpfs_home/mhowison/code/hiv-profile-sampling/scratch/trees/pol/RAxML_bipartitions.sample.3

Best-scoring ML tree with support values as branch labels written to: /gpfs_home/mhowison/code/hiv-profile-sampling/scratch/trees/pol/RAxML_bipartitionsBranchLabels.sample.3

Overall execution time for full ML analysis: 313.097049 secs or 0.086971 hours or 0.003624 days

