srun: job 261487 queued and waiting for resources
srun: job 261487 has been allocated resources
Warning, you specified a working directory via "-w"
Keep in mind that RAxML only accepts absolute path names, not relative ones!

RAxML can't, parse the alignment file as phylip file 
it will now try to parse it as FASTA file



Using BFGS method to optimize GTR rate parameters, to disable this specify "--no-bfgs" 


This is the RAxML Master Pthread

This is RAxML Worker Pthread Number: 3

This is RAxML Worker Pthread Number: 2

This is RAxML Worker Pthread Number: 1

This is RAxML Worker Pthread Number: 5

This is RAxML Worker Pthread Number: 4

This is RAxML Worker Pthread Number: 6

This is RAxML Worker Pthread Number: 7

This is RAxML Worker Pthread Number: 8

This is RAxML Worker Pthread Number: 10

This is RAxML Worker Pthread Number: 11

This is RAxML Worker Pthread Number: 9

This is RAxML Worker Pthread Number: 13

This is RAxML Worker Pthread Number: 12

This is RAxML Worker Pthread Number: 15

This is RAxML Worker Pthread Number: 14

This is RAxML Worker Pthread Number: 16

This is RAxML Worker Pthread Number: 17

This is RAxML Worker Pthread Number: 18

This is RAxML Worker Pthread Number: 19


This is RAxML version 8.2.12 released by Alexandros Stamatakis on May 2018.

With greatly appreciated code contributions by:
Andre Aberer      (HITS)
Simon Berger      (HITS)
Alexey Kozlov     (HITS)
Kassian Kobert    (HITS)
David Dao         (KIT and HITS)
Sarah Lutteropp   (KIT and HITS)
Nick Pattengale   (Sandia)
Wayne Pfeiffer    (SDSC)
Akifumi S. Tanabe (NRIFS)
Charlie Taylor    (UF)


Alignment has 1173 distinct alignment patterns

Proportion of gaps and completely undetermined characters in this alignment: 5.94%

RAxML rapid bootstrapping and subsequent ML search

Using 1 distinct models/data partitions with joint branch length optimization



Executing 100 rapid bootstrap inferences and thereafter a thorough ML search 

All free model parameters will be estimated by RAxML
GAMMA model of rate heterogeneity, ML estimate of alpha-parameter

GAMMA Model parameters will be estimated up to an accuracy of 0.1000000000 Log Likelihood units

Partition: 0
Alignment Patterns: 1173
Name: No Name Provided
DataType: DNA
Substitution Matrix: GTR




RAxML was called as follows:

raxmlHPC-PTHREADS-AVX -T 20 -s scratch/aligned/pol/sample.135.fa -p 6167332653 -x 6167332653 -f a -N 100 -m GTRGAMMA -w /gpfs_home/mhowison/code/hiv-profile-sampling/scratch/trees/pol -n sample.135 



Time for BS model parameter optimization 0.051865
Bootstrap[0]: Time 0.577066 seconds, bootstrap likelihood -20197.358460, best rearrangement setting 13
Bootstrap[1]: Time 0.470309 seconds, bootstrap likelihood -20172.145339, best rearrangement setting 12
Bootstrap[2]: Time 0.504397 seconds, bootstrap likelihood -20506.561843, best rearrangement setting 13
Bootstrap[3]: Time 1.065717 seconds, bootstrap likelihood -21376.112825, best rearrangement setting 6
Bootstrap[4]: Time 0.495913 seconds, bootstrap likelihood -20116.001606, best rearrangement setting 12
Bootstrap[5]: Time 0.556914 seconds, bootstrap likelihood -19870.036575, best rearrangement setting 11
Bootstrap[6]: Time 0.607485 seconds, bootstrap likelihood -21228.480647, best rearrangement setting 14
Bootstrap[7]: Time 0.477202 seconds, bootstrap likelihood -20274.391226, best rearrangement setting 8
Bootstrap[8]: Time 0.562570 seconds, bootstrap likelihood -20599.576120, best rearrangement setting 9
Bootstrap[9]: Time 0.426058 seconds, bootstrap likelihood -19712.078282, best rearrangement setting 6
Bootstrap[10]: Time 0.444164 seconds, bootstrap likelihood -20379.616046, best rearrangement setting 10
Bootstrap[11]: Time 0.465251 seconds, bootstrap likelihood -20287.805872, best rearrangement setting 12
Bootstrap[12]: Time 0.556944 seconds, bootstrap likelihood -20522.055923, best rearrangement setting 7
Bootstrap[13]: Time 0.599684 seconds, bootstrap likelihood -20153.695266, best rearrangement setting 13
Bootstrap[14]: Time 0.566884 seconds, bootstrap likelihood -20710.871785, best rearrangement setting 12
Bootstrap[15]: Time 0.544447 seconds, bootstrap likelihood -20294.548247, best rearrangement setting 15
Bootstrap[16]: Time 0.509249 seconds, bootstrap likelihood -20900.507864, best rearrangement setting 8
Bootstrap[17]: Time 0.464500 seconds, bootstrap likelihood -20314.963589, best rearrangement setting 13
Bootstrap[18]: Time 0.498522 seconds, bootstrap likelihood -20494.938128, best rearrangement setting 6
Bootstrap[19]: Time 0.462704 seconds, bootstrap likelihood -20621.877494, best rearrangement setting 6
Bootstrap[20]: Time 0.526185 seconds, bootstrap likelihood -20755.138333, best rearrangement setting 9
Bootstrap[21]: Time 0.596332 seconds, bootstrap likelihood -19831.404748, best rearrangement setting 12
Bootstrap[22]: Time 0.485086 seconds, bootstrap likelihood -20413.626399, best rearrangement setting 12
Bootstrap[23]: Time 0.600321 seconds, bootstrap likelihood -19899.703820, best rearrangement setting 7
Bootstrap[24]: Time 4.070913 seconds, bootstrap likelihood -20000.413305, best rearrangement setting 5
Bootstrap[25]: Time 1.153612 seconds, bootstrap likelihood -20705.620784, best rearrangement setting 8
Bootstrap[26]: Time 0.500147 seconds, bootstrap likelihood -20169.031474, best rearrangement setting 13
Bootstrap[27]: Time 0.517465 seconds, bootstrap likelihood -20456.719930, best rearrangement setting 11
Bootstrap[28]: Time 0.557009 seconds, bootstrap likelihood -20541.734032, best rearrangement setting 10
Bootstrap[29]: Time 0.593782 seconds, bootstrap likelihood -20287.663595, best rearrangement setting 9
Bootstrap[30]: Time 0.520061 seconds, bootstrap likelihood -21065.837859, best rearrangement setting 7
Bootstrap[31]: Time 0.553793 seconds, bootstrap likelihood -20988.009743, best rearrangement setting 11
Bootstrap[32]: Time 2.813273 seconds, bootstrap likelihood -20690.288276, best rearrangement setting 13
Bootstrap[33]: Time 0.504136 seconds, bootstrap likelihood -20713.122279, best rearrangement setting 7
Bootstrap[34]: Time 0.573606 seconds, bootstrap likelihood -20229.751587, best rearrangement setting 9
Bootstrap[35]: Time 0.450949 seconds, bootstrap likelihood -20541.187999, best rearrangement setting 13
Bootstrap[36]: Time 3.509503 seconds, bootstrap likelihood -20501.484775, best rearrangement setting 5
Bootstrap[37]: Time 0.521041 seconds, bootstrap likelihood -20677.883835, best rearrangement setting 6
Bootstrap[38]: Time 0.536251 seconds, bootstrap likelihood -20275.955257, best rearrangement setting 10
Bootstrap[39]: Time 0.588860 seconds, bootstrap likelihood -20364.068023, best rearrangement setting 9
Bootstrap[40]: Time 0.562435 seconds, bootstrap likelihood -20592.640856, best rearrangement setting 12
Bootstrap[41]: Time 0.499293 seconds, bootstrap likelihood -20449.743886, best rearrangement setting 13
Bootstrap[42]: Time 2.397807 seconds, bootstrap likelihood -20346.469784, best rearrangement setting 11
Bootstrap[43]: Time 0.496277 seconds, bootstrap likelihood -21054.443375, best rearrangement setting 8
Bootstrap[44]: Time 0.553085 seconds, bootstrap likelihood -20501.439451, best rearrangement setting 9
Bootstrap[45]: Time 0.517349 seconds, bootstrap likelihood -20698.446416, best rearrangement setting 9
Bootstrap[46]: Time 0.567305 seconds, bootstrap likelihood -21145.295502, best rearrangement setting 12
Bootstrap[47]: Time 0.477901 seconds, bootstrap likelihood -21061.449173, best rearrangement setting 7
Bootstrap[48]: Time 0.558587 seconds, bootstrap likelihood -20542.998878, best rearrangement setting 10
Bootstrap[49]: Time 0.464009 seconds, bootstrap likelihood -20996.587576, best rearrangement setting 14
Bootstrap[50]: Time 0.568509 seconds, bootstrap likelihood -20904.095045, best rearrangement setting 12
Bootstrap[51]: Time 0.438380 seconds, bootstrap likelihood -20369.609420, best rearrangement setting 9
Bootstrap[52]: Time 0.558424 seconds, bootstrap likelihood -21492.133476, best rearrangement setting 15
Bootstrap[53]: Time 0.521228 seconds, bootstrap likelihood -21582.756257, best rearrangement setting 15
Bootstrap[54]: Time 0.431485 seconds, bootstrap likelihood -20378.879314, best rearrangement setting 5
Bootstrap[55]: Time 0.431205 seconds, bootstrap likelihood -20369.401313, best rearrangement setting 14
Bootstrap[56]: Time 0.450879 seconds, bootstrap likelihood -20940.691483, best rearrangement setting 15
Bootstrap[57]: Time 0.443209 seconds, bootstrap likelihood -20031.364095, best rearrangement setting 15
Bootstrap[58]: Time 0.440439 seconds, bootstrap likelihood -20639.149357, best rearrangement setting 14
Bootstrap[59]: Time 0.444362 seconds, bootstrap likelihood -20775.001231, best rearrangement setting 5
Bootstrap[60]: Time 1.212029 seconds, bootstrap likelihood -20948.138820, best rearrangement setting 14
Bootstrap[61]: Time 0.556229 seconds, bootstrap likelihood -20719.498891, best rearrangement setting 12
Bootstrap[62]: Time 0.462154 seconds, bootstrap likelihood -20195.244222, best rearrangement setting 9
Bootstrap[63]: Time 0.430203 seconds, bootstrap likelihood -20501.952478, best rearrangement setting 13
Bootstrap[64]: Time 0.437202 seconds, bootstrap likelihood -21307.538573, best rearrangement setting 5
Bootstrap[65]: Time 0.468183 seconds, bootstrap likelihood -20534.377768, best rearrangement setting 7
Bootstrap[66]: Time 0.462943 seconds, bootstrap likelihood -20625.639388, best rearrangement setting 9
Bootstrap[67]: Time 0.437406 seconds, bootstrap likelihood -20665.578787, best rearrangement setting 5
Bootstrap[68]: Time 0.568974 seconds, bootstrap likelihood -21557.641235, best rearrangement setting 5
Bootstrap[69]: Time 0.526355 seconds, bootstrap likelihood -20565.448302, best rearrangement setting 15
Bootstrap[70]: Time 0.393342 seconds, bootstrap likelihood -20701.479988, best rearrangement setting 5
Bootstrap[71]: Time 0.462130 seconds, bootstrap likelihood -20350.025858, best rearrangement setting 13
Bootstrap[72]: Time 4.811810 seconds, bootstrap likelihood -20030.324048, best rearrangement setting 5
Bootstrap[73]: Time 0.465104 seconds, bootstrap likelihood -20769.124754, best rearrangement setting 5
Bootstrap[74]: Time 0.416747 seconds, bootstrap likelihood -20706.622835, best rearrangement setting 14
Bootstrap[75]: Time 0.488546 seconds, bootstrap likelihood -21205.005520, best rearrangement setting 9
Bootstrap[76]: Time 0.440009 seconds, bootstrap likelihood -20239.108444, best rearrangement setting 9
Bootstrap[77]: Time 0.451705 seconds, bootstrap likelihood -20798.871839, best rearrangement setting 7
Bootstrap[78]: Time 0.415493 seconds, bootstrap likelihood -20509.781123, best rearrangement setting 12
Bootstrap[79]: Time 0.527243 seconds, bootstrap likelihood -20350.154844, best rearrangement setting 7
Bootstrap[80]: Time 0.421427 seconds, bootstrap likelihood -19612.713181, best rearrangement setting 6
Bootstrap[81]: Time 1.816910 seconds, bootstrap likelihood -20115.847514, best rearrangement setting 10
Bootstrap[82]: Time 1.063177 seconds, bootstrap likelihood -20869.304447, best rearrangement setting 13
Bootstrap[83]: Time 0.465118 seconds, bootstrap likelihood -20767.914205, best rearrangement setting 11
Bootstrap[84]: Time 46.755196 seconds, bootstrap likelihood -21377.499951, best rearrangement setting 7
Bootstrap[85]: Time 1.577926 seconds, bootstrap likelihood -20400.706235, best rearrangement setting 15
Bootstrap[86]: Time 0.535963 seconds, bootstrap likelihood -20428.907033, best rearrangement setting 11
Bootstrap[87]: Time 0.381144 seconds, bootstrap likelihood -20748.160404, best rearrangement setting 10
Bootstrap[88]: Time 0.478026 seconds, bootstrap likelihood -20536.553743, best rearrangement setting 9
Bootstrap[89]: Time 23.377071 seconds, bootstrap likelihood -21414.621294, best rearrangement setting 7
Bootstrap[90]: Time 0.580385 seconds, bootstrap likelihood -20777.553168, best rearrangement setting 12
Bootstrap[91]: Time 0.474301 seconds, bootstrap likelihood -21376.027284, best rearrangement setting 13
Bootstrap[92]: Time 0.485897 seconds, bootstrap likelihood -20395.506312, best rearrangement setting 12
Bootstrap[93]: Time 0.422190 seconds, bootstrap likelihood -20280.496067, best rearrangement setting 5
Bootstrap[94]: Time 0.534426 seconds, bootstrap likelihood -21243.842411, best rearrangement setting 8
Bootstrap[95]: Time 0.396149 seconds, bootstrap likelihood -20844.478533, best rearrangement setting 8
Bootstrap[96]: Time 0.395992 seconds, bootstrap likelihood -21112.034378, best rearrangement setting 5
Bootstrap[97]: Time 2.547653 seconds, bootstrap likelihood -21394.321134, best rearrangement setting 15
Bootstrap[98]: Time 0.609317 seconds, bootstrap likelihood -20066.226954, best rearrangement setting 15
Bootstrap[99]: Time 13.759992 seconds, bootstrap likelihood -20333.969527, best rearrangement setting 9


Overall Time for 100 Rapid Bootstraps 154.491442 seconds
Average Time per Rapid Bootstrap 1.544914 seconds

Starting ML Search ...

Fast ML optimization finished

Fast ML search Time: 82.120910 seconds

Slow ML Search 0 Likelihood: -20665.849317
Slow ML Search 1 Likelihood: -20665.849317
Slow ML Search 2 Likelihood: -20665.849317
Slow ML Search 3 Likelihood: -20665.849317
Slow ML Search 4 Likelihood: -20666.293472
Slow ML Search 5 Likelihood: -20666.293472
Slow ML Search 6 Likelihood: -20666.931024
Slow ML Search 7 Likelihood: -20666.916202
Slow ML Search 8 Likelihood: -20666.916203
Slow ML Search 9 Likelihood: -20666.916203
Slow ML optimization finished

Slow ML search Time: 8.182383 seconds
Thorough ML search Time: 1.144916 seconds

Final ML Optimization Likelihood: -20665.849357

Model Information:

Model Parameters of Partition 0, Name: No Name Provided, Type of Data: DNA
alpha: 0.304404
Tree-Length: 1.573398
rate A <-> C: 2.410585
rate A <-> G: 9.150713
rate A <-> T: 0.994972
rate C <-> G: 0.961356
rate C <-> T: 11.257918
rate G <-> T: 1.000000

freq pi(A): 0.389781
freq pi(C): 0.165978
freq pi(G): 0.227722
freq pi(T): 0.216518


ML search took 91.459768 secs or 0.025405 hours

Combined Bootstrap and ML search took 245.951343 secs or 0.068320 hours

Drawing Bootstrap Support Values on best-scoring ML tree ...



Found 1 tree in File /gpfs_home/mhowison/code/hiv-profile-sampling/scratch/trees/pol/RAxML_bestTree.sample.135



Found 1 tree in File /gpfs_home/mhowison/code/hiv-profile-sampling/scratch/trees/pol/RAxML_bestTree.sample.135

Program execution info written to /gpfs_home/mhowison/code/hiv-profile-sampling/scratch/trees/pol/RAxML_info.sample.135
All 100 bootstrapped trees written to: /gpfs_home/mhowison/code/hiv-profile-sampling/scratch/trees/pol/RAxML_bootstrap.sample.135

Best-scoring ML tree written to: /gpfs_home/mhowison/code/hiv-profile-sampling/scratch/trees/pol/RAxML_bestTree.sample.135

Best-scoring ML tree with support values written to: /gpfs_home/mhowison/code/hiv-profile-sampling/scratch/trees/pol/RAxML_bipartitions.sample.135

Best-scoring ML tree with support values as branch labels written to: /gpfs_home/mhowison/code/hiv-profile-sampling/scratch/trees/pol/RAxML_bipartitionsBranchLabels.sample.135

Overall execution time for full ML analysis: 245.955716 secs or 0.068321 hours or 0.002847 days

