srun: job 262271 queued and waiting for resources
srun: job 262271 has been allocated resources
Warning, you specified a working directory via "-w"
Keep in mind that RAxML only accepts absolute path names, not relative ones!

RAxML can't, parse the alignment file as phylip file 
it will now try to parse it as FASTA file



Using BFGS method to optimize GTR rate parameters, to disable this specify "--no-bfgs" 


This is the RAxML Master Pthread

This is RAxML Worker Pthread Number: 1

This is RAxML Worker Pthread Number: 2

This is RAxML Worker Pthread Number: 4

This is RAxML Worker Pthread Number: 3

This is RAxML Worker Pthread Number: 6

This is RAxML Worker Pthread Number: 5

This is RAxML Worker Pthread Number: 7

This is RAxML Worker Pthread Number: 8

This is RAxML Worker Pthread Number: 9

This is RAxML Worker Pthread Number: 11

This is RAxML Worker Pthread Number: 10

This is RAxML Worker Pthread Number: 13

This is RAxML Worker Pthread Number: 12

This is RAxML Worker Pthread Number: 15

This is RAxML Worker Pthread Number: 14

This is RAxML Worker Pthread Number: 16

This is RAxML Worker Pthread Number: 19

This is RAxML Worker Pthread Number: 17

This is RAxML Worker Pthread Number: 18


This is RAxML version 8.2.12 released by Alexandros Stamatakis on May 2018.

With greatly appreciated code contributions by:
Andre Aberer      (HITS)
Simon Berger      (HITS)
Alexey Kozlov     (HITS)
Kassian Kobert    (HITS)
David Dao         (KIT and HITS)
Sarah Lutteropp   (KIT and HITS)
Nick Pattengale   (Sandia)
Wayne Pfeiffer    (SDSC)
Akifumi S. Tanabe (NRIFS)
Charlie Taylor    (UF)


Alignment has 1186 distinct alignment patterns

Proportion of gaps and completely undetermined characters in this alignment: 5.95%

RAxML rapid bootstrapping and subsequent ML search

Using 1 distinct models/data partitions with joint branch length optimization



Executing 100 rapid bootstrap inferences and thereafter a thorough ML search 

All free model parameters will be estimated by RAxML
GAMMA model of rate heterogeneity, ML estimate of alpha-parameter

GAMMA Model parameters will be estimated up to an accuracy of 0.1000000000 Log Likelihood units

Partition: 0
Alignment Patterns: 1186
Name: No Name Provided
DataType: DNA
Substitution Matrix: GTR




RAxML was called as follows:

raxmlHPC-PTHREADS-AVX -T 20 -s scratch/aligned/pol/sample.453.fa -p 3898352316 -x 3898352316 -f a -N 100 -m GTRGAMMA -w /gpfs_home/mhowison/code/hiv-profile-sampling/scratch/trees/pol -n sample.453 



Time for BS model parameter optimization 0.051919
Bootstrap[0]: Time 0.627797 seconds, bootstrap likelihood -20067.782424, best rearrangement setting 14
Bootstrap[1]: Time 0.464206 seconds, bootstrap likelihood -19732.284531, best rearrangement setting 15
Bootstrap[2]: Time 0.415100 seconds, bootstrap likelihood -20683.622565, best rearrangement setting 7
Bootstrap[3]: Time 0.452719 seconds, bootstrap likelihood -20307.871966, best rearrangement setting 13
Bootstrap[4]: Time 0.576936 seconds, bootstrap likelihood -21357.955149, best rearrangement setting 10
Bootstrap[5]: Time 0.521683 seconds, bootstrap likelihood -20624.745409, best rearrangement setting 9
Bootstrap[6]: Time 0.392412 seconds, bootstrap likelihood -20534.680047, best rearrangement setting 5
Bootstrap[7]: Time 0.528834 seconds, bootstrap likelihood -20948.894891, best rearrangement setting 9
Bootstrap[8]: Time 0.530770 seconds, bootstrap likelihood -20701.623001, best rearrangement setting 10
Bootstrap[9]: Time 0.564137 seconds, bootstrap likelihood -21312.679286, best rearrangement setting 14
Bootstrap[10]: Time 0.409927 seconds, bootstrap likelihood -21448.260348, best rearrangement setting 5
Bootstrap[11]: Time 0.466151 seconds, bootstrap likelihood -20762.572504, best rearrangement setting 15
Bootstrap[12]: Time 0.410770 seconds, bootstrap likelihood -21081.338658, best rearrangement setting 12
Bootstrap[13]: Time 0.493978 seconds, bootstrap likelihood -20742.842750, best rearrangement setting 11
Bootstrap[14]: Time 0.439412 seconds, bootstrap likelihood -20093.471920, best rearrangement setting 11
Bootstrap[15]: Time 0.459455 seconds, bootstrap likelihood -20661.152753, best rearrangement setting 15
Bootstrap[16]: Time 0.429815 seconds, bootstrap likelihood -21277.519992, best rearrangement setting 6
Bootstrap[17]: Time 0.549176 seconds, bootstrap likelihood -21142.561314, best rearrangement setting 13
Bootstrap[18]: Time 0.529128 seconds, bootstrap likelihood -20465.552769, best rearrangement setting 9
Bootstrap[19]: Time 0.557372 seconds, bootstrap likelihood -20254.609051, best rearrangement setting 8
Bootstrap[20]: Time 1.012555 seconds, bootstrap likelihood -20677.488374, best rearrangement setting 10
Bootstrap[21]: Time 0.463673 seconds, bootstrap likelihood -20688.533581, best rearrangement setting 15
Bootstrap[22]: Time 0.547712 seconds, bootstrap likelihood -20753.215787, best rearrangement setting 7
Bootstrap[23]: Time 0.629467 seconds, bootstrap likelihood -21008.280322, best rearrangement setting 15
Bootstrap[24]: Time 0.512356 seconds, bootstrap likelihood -20430.710945, best rearrangement setting 6
Bootstrap[25]: Time 0.503490 seconds, bootstrap likelihood -20766.301202, best rearrangement setting 11
Bootstrap[26]: Time 0.503094 seconds, bootstrap likelihood -20822.201162, best rearrangement setting 12
Bootstrap[27]: Time 0.491339 seconds, bootstrap likelihood -20679.127661, best rearrangement setting 13
Bootstrap[28]: Time 0.459672 seconds, bootstrap likelihood -21425.175723, best rearrangement setting 6
Bootstrap[29]: Time 0.526794 seconds, bootstrap likelihood -21015.484977, best rearrangement setting 12
Bootstrap[30]: Time 0.448092 seconds, bootstrap likelihood -20649.535470, best rearrangement setting 15
Bootstrap[31]: Time 0.758639 seconds, bootstrap likelihood -20690.805939, best rearrangement setting 5
Bootstrap[32]: Time 0.539739 seconds, bootstrap likelihood -20798.673207, best rearrangement setting 12
Bootstrap[33]: Time 0.572051 seconds, bootstrap likelihood -19992.065820, best rearrangement setting 10
Bootstrap[34]: Time 0.448494 seconds, bootstrap likelihood -20471.255167, best rearrangement setting 7
Bootstrap[35]: Time 0.505419 seconds, bootstrap likelihood -20554.785922, best rearrangement setting 9
Bootstrap[36]: Time 0.542449 seconds, bootstrap likelihood -21059.598716, best rearrangement setting 13
Bootstrap[37]: Time 0.647587 seconds, bootstrap likelihood -20903.982960, best rearrangement setting 14
Bootstrap[38]: Time 0.508096 seconds, bootstrap likelihood -21351.746114, best rearrangement setting 10
Bootstrap[39]: Time 0.576035 seconds, bootstrap likelihood -20154.667373, best rearrangement setting 8
Bootstrap[40]: Time 0.514533 seconds, bootstrap likelihood -20599.987434, best rearrangement setting 12
Bootstrap[41]: Time 0.528468 seconds, bootstrap likelihood -21405.666287, best rearrangement setting 9
Bootstrap[42]: Time 0.418293 seconds, bootstrap likelihood -20743.513057, best rearrangement setting 5
Bootstrap[43]: Time 0.456054 seconds, bootstrap likelihood -20374.339112, best rearrangement setting 5
Bootstrap[44]: Time 0.464817 seconds, bootstrap likelihood -20845.373546, best rearrangement setting 7
Bootstrap[45]: Time 0.540058 seconds, bootstrap likelihood -21037.686418, best rearrangement setting 13
Bootstrap[46]: Time 0.486548 seconds, bootstrap likelihood -20857.306035, best rearrangement setting 9
Bootstrap[47]: Time 0.675072 seconds, bootstrap likelihood -20637.739613, best rearrangement setting 6
Bootstrap[48]: Time 0.736330 seconds, bootstrap likelihood -20395.131375, best rearrangement setting 14
Bootstrap[49]: Time 0.452289 seconds, bootstrap likelihood -21098.027236, best rearrangement setting 11
Bootstrap[50]: Time 0.516152 seconds, bootstrap likelihood -20603.834707, best rearrangement setting 15
Bootstrap[51]: Time 0.567040 seconds, bootstrap likelihood -20997.607328, best rearrangement setting 14
Bootstrap[52]: Time 0.482189 seconds, bootstrap likelihood -20274.562800, best rearrangement setting 6
Bootstrap[53]: Time 0.439033 seconds, bootstrap likelihood -20948.215444, best rearrangement setting 5
Bootstrap[54]: Time 0.503454 seconds, bootstrap likelihood -20439.466500, best rearrangement setting 9
Bootstrap[55]: Time 0.493436 seconds, bootstrap likelihood -20639.259595, best rearrangement setting 8
Bootstrap[56]: Time 0.570559 seconds, bootstrap likelihood -20318.735820, best rearrangement setting 8
Bootstrap[57]: Time 0.475894 seconds, bootstrap likelihood -20846.169825, best rearrangement setting 6
Bootstrap[58]: Time 0.512397 seconds, bootstrap likelihood -20732.037496, best rearrangement setting 7
Bootstrap[59]: Time 0.560059 seconds, bootstrap likelihood -20927.401100, best rearrangement setting 11
Bootstrap[60]: Time 0.495851 seconds, bootstrap likelihood -21177.722288, best rearrangement setting 6
Bootstrap[61]: Time 0.519528 seconds, bootstrap likelihood -20991.303139, best rearrangement setting 10
Bootstrap[62]: Time 0.453262 seconds, bootstrap likelihood -20861.489567, best rearrangement setting 11
Bootstrap[63]: Time 0.422920 seconds, bootstrap likelihood -20952.028795, best rearrangement setting 13
Bootstrap[64]: Time 0.453033 seconds, bootstrap likelihood -20713.640597, best rearrangement setting 13
Bootstrap[65]: Time 0.559051 seconds, bootstrap likelihood -20696.910133, best rearrangement setting 11
Bootstrap[66]: Time 0.553795 seconds, bootstrap likelihood -20709.733842, best rearrangement setting 9
Bootstrap[67]: Time 0.493693 seconds, bootstrap likelihood -20741.729162, best rearrangement setting 6
Bootstrap[68]: Time 0.506622 seconds, bootstrap likelihood -20711.515035, best rearrangement setting 12
Bootstrap[69]: Time 0.513135 seconds, bootstrap likelihood -21320.338158, best rearrangement setting 7
Bootstrap[70]: Time 0.505815 seconds, bootstrap likelihood -21277.322163, best rearrangement setting 9
Bootstrap[71]: Time 0.418093 seconds, bootstrap likelihood -21076.487764, best rearrangement setting 5
Bootstrap[72]: Time 0.549359 seconds, bootstrap likelihood -20435.631923, best rearrangement setting 9
Bootstrap[73]: Time 0.531140 seconds, bootstrap likelihood -20563.786692, best rearrangement setting 11
Bootstrap[74]: Time 0.514807 seconds, bootstrap likelihood -20407.440983, best rearrangement setting 9
Bootstrap[75]: Time 0.466575 seconds, bootstrap likelihood -21850.113096, best rearrangement setting 6
Bootstrap[76]: Time 0.465306 seconds, bootstrap likelihood -21601.780589, best rearrangement setting 11
Bootstrap[77]: Time 0.872242 seconds, bootstrap likelihood -21531.841515, best rearrangement setting 14
Bootstrap[78]: Time 0.582828 seconds, bootstrap likelihood -20823.882887, best rearrangement setting 14
Bootstrap[79]: Time 0.481959 seconds, bootstrap likelihood -19922.698529, best rearrangement setting 10
Bootstrap[80]: Time 0.522231 seconds, bootstrap likelihood -21259.579640, best rearrangement setting 12
Bootstrap[81]: Time 0.506627 seconds, bootstrap likelihood -20510.182904, best rearrangement setting 15
Bootstrap[82]: Time 0.506117 seconds, bootstrap likelihood -20579.321865, best rearrangement setting 14
Bootstrap[83]: Time 0.541349 seconds, bootstrap likelihood -20828.080884, best rearrangement setting 6
Bootstrap[84]: Time 0.498694 seconds, bootstrap likelihood -20462.116987, best rearrangement setting 13
Bootstrap[85]: Time 0.477622 seconds, bootstrap likelihood -20835.043867, best rearrangement setting 8
Bootstrap[86]: Time 0.584395 seconds, bootstrap likelihood -20684.104928, best rearrangement setting 8
Bootstrap[87]: Time 0.492047 seconds, bootstrap likelihood -20515.493342, best rearrangement setting 15
Bootstrap[88]: Time 1.003579 seconds, bootstrap likelihood -21392.002999, best rearrangement setting 9
Bootstrap[89]: Time 0.427673 seconds, bootstrap likelihood -20264.608615, best rearrangement setting 5
Bootstrap[90]: Time 0.464791 seconds, bootstrap likelihood -20850.788817, best rearrangement setting 12
Bootstrap[91]: Time 0.459359 seconds, bootstrap likelihood -20781.897361, best rearrangement setting 10
Bootstrap[92]: Time 0.462132 seconds, bootstrap likelihood -21918.113755, best rearrangement setting 8
Bootstrap[93]: Time 0.529760 seconds, bootstrap likelihood -21047.221651, best rearrangement setting 15
Bootstrap[94]: Time 0.576769 seconds, bootstrap likelihood -20963.635534, best rearrangement setting 8
Bootstrap[95]: Time 0.427747 seconds, bootstrap likelihood -20379.251095, best rearrangement setting 7
Bootstrap[96]: Time 0.502825 seconds, bootstrap likelihood -20499.878736, best rearrangement setting 14
Bootstrap[97]: Time 0.585874 seconds, bootstrap likelihood -21103.080971, best rearrangement setting 10
Bootstrap[98]: Time 0.487127 seconds, bootstrap likelihood -20814.499602, best rearrangement setting 15
Bootstrap[99]: Time 0.493576 seconds, bootstrap likelihood -20437.986945, best rearrangement setting 7


Overall Time for 100 Rapid Bootstraps 52.359510 seconds
Average Time per Rapid Bootstrap 0.523595 seconds

Starting ML Search ...

Fast ML optimization finished

Fast ML search Time: 40.429906 seconds

Slow ML Search 0 Likelihood: -20844.135112
Slow ML Search 1 Likelihood: -20844.135112
Slow ML Search 2 Likelihood: -20844.135112
Slow ML Search 3 Likelihood: -20844.453010
Slow ML Search 4 Likelihood: -20844.453010
Slow ML Search 5 Likelihood: -20844.453010
Slow ML Search 6 Likelihood: -20844.453010
Slow ML Search 7 Likelihood: -20845.521344
Slow ML Search 8 Likelihood: -20845.521344
Slow ML Search 9 Likelihood: -20845.482859
Slow ML optimization finished

Slow ML search Time: 8.740811 seconds
Thorough ML search Time: 1.081864 seconds

Final ML Optimization Likelihood: -20844.135237

Model Information:

Model Parameters of Partition 0, Name: No Name Provided, Type of Data: DNA
alpha: 0.304970
Tree-Length: 1.597593
rate A <-> C: 2.459330
rate A <-> G: 9.672067
rate A <-> T: 1.049310
rate C <-> G: 1.156940
rate C <-> T: 12.179838
rate G <-> T: 1.000000

freq pi(A): 0.390014
freq pi(C): 0.165778
freq pi(G): 0.227716
freq pi(T): 0.216493


ML search took 50.260192 secs or 0.013961 hours

Combined Bootstrap and ML search took 102.619886 secs or 0.028506 hours

Drawing Bootstrap Support Values on best-scoring ML tree ...



Found 1 tree in File /gpfs_home/mhowison/code/hiv-profile-sampling/scratch/trees/pol/RAxML_bestTree.sample.453



Found 1 tree in File /gpfs_home/mhowison/code/hiv-profile-sampling/scratch/trees/pol/RAxML_bestTree.sample.453

Program execution info written to /gpfs_home/mhowison/code/hiv-profile-sampling/scratch/trees/pol/RAxML_info.sample.453
All 100 bootstrapped trees written to: /gpfs_home/mhowison/code/hiv-profile-sampling/scratch/trees/pol/RAxML_bootstrap.sample.453

Best-scoring ML tree written to: /gpfs_home/mhowison/code/hiv-profile-sampling/scratch/trees/pol/RAxML_bestTree.sample.453

Best-scoring ML tree with support values written to: /gpfs_home/mhowison/code/hiv-profile-sampling/scratch/trees/pol/RAxML_bipartitions.sample.453

Best-scoring ML tree with support values as branch labels written to: /gpfs_home/mhowison/code/hiv-profile-sampling/scratch/trees/pol/RAxML_bipartitionsBranchLabels.sample.453

Overall execution time for full ML analysis: 102.624119 secs or 0.028507 hours or 0.001188 days

