srun: job 261774 queued and waiting for resources
srun: job 261774 has been allocated resources
Warning, you specified a working directory via "-w"
Keep in mind that RAxML only accepts absolute path names, not relative ones!

RAxML can't, parse the alignment file as phylip file 
it will now try to parse it as FASTA file



Using BFGS method to optimize GTR rate parameters, to disable this specify "--no-bfgs" 


This is the RAxML Master Pthread

This is RAxML Worker Pthread Number: 3

This is RAxML Worker Pthread Number: 4

This is RAxML Worker Pthread Number: 5

This is RAxML Worker Pthread Number: 2

This is RAxML Worker Pthread Number: 1

This is RAxML Worker Pthread Number: 6

This is RAxML Worker Pthread Number: 7

This is RAxML Worker Pthread Number: 8

This is RAxML Worker Pthread Number: 9

This is RAxML Worker Pthread Number: 11

This is RAxML Worker Pthread Number: 10

This is RAxML Worker Pthread Number: 13

This is RAxML Worker Pthread Number: 12

This is RAxML Worker Pthread Number: 14

This is RAxML Worker Pthread Number: 15

This is RAxML Worker Pthread Number: 17

This is RAxML Worker Pthread Number: 16

This is RAxML Worker Pthread Number: 19

This is RAxML Worker Pthread Number: 18


This is RAxML version 8.2.12 released by Alexandros Stamatakis on May 2018.

With greatly appreciated code contributions by:
Andre Aberer      (HITS)
Simon Berger      (HITS)
Alexey Kozlov     (HITS)
Kassian Kobert    (HITS)
David Dao         (KIT and HITS)
Sarah Lutteropp   (KIT and HITS)
Nick Pattengale   (Sandia)
Wayne Pfeiffer    (SDSC)
Akifumi S. Tanabe (NRIFS)
Charlie Taylor    (UF)


Alignment has 1182 distinct alignment patterns

Proportion of gaps and completely undetermined characters in this alignment: 5.94%

RAxML rapid bootstrapping and subsequent ML search

Using 1 distinct models/data partitions with joint branch length optimization



Executing 100 rapid bootstrap inferences and thereafter a thorough ML search 

All free model parameters will be estimated by RAxML
GAMMA model of rate heterogeneity, ML estimate of alpha-parameter

GAMMA Model parameters will be estimated up to an accuracy of 0.1000000000 Log Likelihood units

Partition: 0
Alignment Patterns: 1182
Name: No Name Provided
DataType: DNA
Substitution Matrix: GTR




RAxML was called as follows:

raxmlHPC-PTHREADS-AVX -T 20 -s scratch/aligned/pol/sample.229.fa -p 4988763065 -x 4988763065 -f a -N 100 -m GTRGAMMA -w /gpfs_home/mhowison/code/hiv-profile-sampling/scratch/trees/pol -n sample.229 



Time for BS model parameter optimization 0.052441
Bootstrap[0]: Time 3.329740 seconds, bootstrap likelihood -20593.226710, best rearrangement setting 7
Bootstrap[1]: Time 0.475542 seconds, bootstrap likelihood -19897.381524, best rearrangement setting 10
Bootstrap[2]: Time 0.882458 seconds, bootstrap likelihood -19920.738095, best rearrangement setting 8
Bootstrap[3]: Time 0.497292 seconds, bootstrap likelihood -21314.363929, best rearrangement setting 5
Bootstrap[4]: Time 0.604351 seconds, bootstrap likelihood -20998.927436, best rearrangement setting 14
Bootstrap[5]: Time 0.425391 seconds, bootstrap likelihood -20698.776869, best rearrangement setting 5
Bootstrap[6]: Time 0.462776 seconds, bootstrap likelihood -20703.451928, best rearrangement setting 8
Bootstrap[7]: Time 0.555447 seconds, bootstrap likelihood -20368.304927, best rearrangement setting 12
Bootstrap[8]: Time 0.528754 seconds, bootstrap likelihood -20191.465236, best rearrangement setting 7
Bootstrap[9]: Time 0.473428 seconds, bootstrap likelihood -20321.664162, best rearrangement setting 13
Bootstrap[10]: Time 0.531000 seconds, bootstrap likelihood -20432.133641, best rearrangement setting 6
Bootstrap[11]: Time 0.517576 seconds, bootstrap likelihood -20719.555635, best rearrangement setting 15
Bootstrap[12]: Time 0.486871 seconds, bootstrap likelihood -20391.527470, best rearrangement setting 12
Bootstrap[13]: Time 0.540600 seconds, bootstrap likelihood -20442.119030, best rearrangement setting 9
Bootstrap[14]: Time 0.494778 seconds, bootstrap likelihood -20164.345971, best rearrangement setting 6
Bootstrap[15]: Time 2.263294 seconds, bootstrap likelihood -21398.632714, best rearrangement setting 10
Bootstrap[16]: Time 13.426158 seconds, bootstrap likelihood -20914.292474, best rearrangement setting 10
Bootstrap[17]: Time 0.518175 seconds, bootstrap likelihood -21089.370827, best rearrangement setting 14
Bootstrap[18]: Time 0.571175 seconds, bootstrap likelihood -20035.619941, best rearrangement setting 10
Bootstrap[19]: Time 0.489390 seconds, bootstrap likelihood -20821.496110, best rearrangement setting 5
Bootstrap[20]: Time 1.723960 seconds, bootstrap likelihood -20339.620121, best rearrangement setting 14
Bootstrap[21]: Time 5.081906 seconds, bootstrap likelihood -20749.800650, best rearrangement setting 15
Bootstrap[22]: Time 0.548327 seconds, bootstrap likelihood -20474.777741, best rearrangement setting 15
Bootstrap[23]: Time 3.073321 seconds, bootstrap likelihood -20472.545700, best rearrangement setting 6
Bootstrap[24]: Time 0.544501 seconds, bootstrap likelihood -21174.312634, best rearrangement setting 7
Bootstrap[25]: Time 0.527530 seconds, bootstrap likelihood -20706.774022, best rearrangement setting 13
Bootstrap[26]: Time 0.482096 seconds, bootstrap likelihood -20088.698957, best rearrangement setting 12
Bootstrap[27]: Time 0.494440 seconds, bootstrap likelihood -20504.590474, best rearrangement setting 12
Bootstrap[28]: Time 0.512190 seconds, bootstrap likelihood -20756.949448, best rearrangement setting 13
Bootstrap[29]: Time 0.515088 seconds, bootstrap likelihood -21140.473949, best rearrangement setting 11
Bootstrap[30]: Time 0.475039 seconds, bootstrap likelihood -20616.502064, best rearrangement setting 7
Bootstrap[31]: Time 19.452813 seconds, bootstrap likelihood -20982.741967, best rearrangement setting 10
Bootstrap[32]: Time 0.635507 seconds, bootstrap likelihood -20993.604495, best rearrangement setting 9
Bootstrap[33]: Time 0.498269 seconds, bootstrap likelihood -20992.421349, best rearrangement setting 5
Bootstrap[34]: Time 0.547112 seconds, bootstrap likelihood -20700.252511, best rearrangement setting 10
Bootstrap[35]: Time 0.488992 seconds, bootstrap likelihood -21034.937788, best rearrangement setting 8
Bootstrap[36]: Time 0.614674 seconds, bootstrap likelihood -20485.656817, best rearrangement setting 12
Bootstrap[37]: Time 30.104705 seconds, bootstrap likelihood -21094.759759, best rearrangement setting 15
Bootstrap[38]: Time 24.254721 seconds, bootstrap likelihood -20491.233866, best rearrangement setting 15
Bootstrap[39]: Time 0.571705 seconds, bootstrap likelihood -20351.167262, best rearrangement setting 12
Bootstrap[40]: Time 0.498802 seconds, bootstrap likelihood -20747.894474, best rearrangement setting 13
Bootstrap[41]: Time 0.498768 seconds, bootstrap likelihood -20675.536944, best rearrangement setting 6
Bootstrap[42]: Time 0.538989 seconds, bootstrap likelihood -21047.893807, best rearrangement setting 15
Bootstrap[43]: Time 0.513227 seconds, bootstrap likelihood -20070.566966, best rearrangement setting 6
Bootstrap[44]: Time 0.503067 seconds, bootstrap likelihood -20330.387590, best rearrangement setting 11
Bootstrap[45]: Time 0.497422 seconds, bootstrap likelihood -20325.111854, best rearrangement setting 14
Bootstrap[46]: Time 3.079919 seconds, bootstrap likelihood -20442.650443, best rearrangement setting 13
Bootstrap[47]: Time 0.629653 seconds, bootstrap likelihood -20872.743350, best rearrangement setting 15
Bootstrap[48]: Time 0.533801 seconds, bootstrap likelihood -20906.354088, best rearrangement setting 12
Bootstrap[49]: Time 0.547661 seconds, bootstrap likelihood -20487.188946, best rearrangement setting 13
Bootstrap[50]: Time 0.569575 seconds, bootstrap likelihood -20312.638453, best rearrangement setting 15
Bootstrap[51]: Time 0.631060 seconds, bootstrap likelihood -20159.630178, best rearrangement setting 15
Bootstrap[52]: Time 0.582844 seconds, bootstrap likelihood -20077.585275, best rearrangement setting 9
Bootstrap[53]: Time 0.511287 seconds, bootstrap likelihood -20230.285051, best rearrangement setting 9
Bootstrap[54]: Time 0.558145 seconds, bootstrap likelihood -21184.956765, best rearrangement setting 15
Bootstrap[55]: Time 0.429534 seconds, bootstrap likelihood -21033.204540, best rearrangement setting 5
Bootstrap[56]: Time 0.597780 seconds, bootstrap likelihood -21342.823647, best rearrangement setting 11
Bootstrap[57]: Time 0.553114 seconds, bootstrap likelihood -20580.770281, best rearrangement setting 13
Bootstrap[58]: Time 0.554588 seconds, bootstrap likelihood -21160.696134, best rearrangement setting 13
Bootstrap[59]: Time 0.751862 seconds, bootstrap likelihood -19893.188266, best rearrangement setting 7
Bootstrap[60]: Time 1.959421 seconds, bootstrap likelihood -20739.436449, best rearrangement setting 12
Bootstrap[61]: Time 10.227354 seconds, bootstrap likelihood -20948.323114, best rearrangement setting 14
Bootstrap[62]: Time 0.487399 seconds, bootstrap likelihood -20216.742650, best rearrangement setting 5
Bootstrap[63]: Time 0.470436 seconds, bootstrap likelihood -20636.661997, best rearrangement setting 5
Bootstrap[64]: Time 0.541614 seconds, bootstrap likelihood -20260.325839, best rearrangement setting 10
Bootstrap[65]: Time 0.452152 seconds, bootstrap likelihood -20154.238301, best rearrangement setting 6
Bootstrap[66]: Time 0.638799 seconds, bootstrap likelihood -20521.026750, best rearrangement setting 10
Bootstrap[67]: Time 0.566344 seconds, bootstrap likelihood -21102.125028, best rearrangement setting 8
Bootstrap[68]: Time 0.510884 seconds, bootstrap likelihood -20670.233358, best rearrangement setting 13
Bootstrap[69]: Time 0.494971 seconds, bootstrap likelihood -20514.799278, best rearrangement setting 10
Bootstrap[70]: Time 0.494423 seconds, bootstrap likelihood -20814.973241, best rearrangement setting 11
Bootstrap[71]: Time 0.422239 seconds, bootstrap likelihood -19988.801713, best rearrangement setting 5
Bootstrap[72]: Time 0.557668 seconds, bootstrap likelihood -20793.002972, best rearrangement setting 13
Bootstrap[73]: Time 3.335441 seconds, bootstrap likelihood -20698.590755, best rearrangement setting 5
Bootstrap[74]: Time 0.511278 seconds, bootstrap likelihood -21540.111893, best rearrangement setting 8
Bootstrap[75]: Time 5.511116 seconds, bootstrap likelihood -20395.968119, best rearrangement setting 6
Bootstrap[76]: Time 0.471589 seconds, bootstrap likelihood -20559.079452, best rearrangement setting 5
Bootstrap[77]: Time 0.575241 seconds, bootstrap likelihood -20710.061088, best rearrangement setting 8
Bootstrap[78]: Time 0.522460 seconds, bootstrap likelihood -21232.284339, best rearrangement setting 7
Bootstrap[79]: Time 0.915242 seconds, bootstrap likelihood -20835.135824, best rearrangement setting 14
Bootstrap[80]: Time 0.468781 seconds, bootstrap likelihood -20757.860036, best rearrangement setting 6
Bootstrap[81]: Time 0.566074 seconds, bootstrap likelihood -21041.295700, best rearrangement setting 12
Bootstrap[82]: Time 0.492105 seconds, bootstrap likelihood -20516.472045, best rearrangement setting 15
Bootstrap[83]: Time 0.568930 seconds, bootstrap likelihood -20253.642120, best rearrangement setting 14
Bootstrap[84]: Time 0.425939 seconds, bootstrap likelihood -19954.406822, best rearrangement setting 5
Bootstrap[85]: Time 0.536963 seconds, bootstrap likelihood -20807.323297, best rearrangement setting 9
Bootstrap[86]: Time 0.525106 seconds, bootstrap likelihood -20035.950566, best rearrangement setting 9
Bootstrap[87]: Time 3.162129 seconds, bootstrap likelihood -20503.175559, best rearrangement setting 14
Bootstrap[88]: Time 0.591690 seconds, bootstrap likelihood -21434.508705, best rearrangement setting 15
Bootstrap[89]: Time 0.668451 seconds, bootstrap likelihood -20987.805068, best rearrangement setting 14
Bootstrap[90]: Time 0.549868 seconds, bootstrap likelihood -20445.143513, best rearrangement setting 13
Bootstrap[91]: Time 0.513188 seconds, bootstrap likelihood -20603.120178, best rearrangement setting 6
Bootstrap[92]: Time 0.571906 seconds, bootstrap likelihood -21309.777872, best rearrangement setting 13
Bootstrap[93]: Time 0.570934 seconds, bootstrap likelihood -21184.277264, best rearrangement setting 7
Bootstrap[94]: Time 0.489211 seconds, bootstrap likelihood -20977.140119, best rearrangement setting 12
Bootstrap[95]: Time 0.437603 seconds, bootstrap likelihood -20560.256391, best rearrangement setting 6
Bootstrap[96]: Time 0.574178 seconds, bootstrap likelihood -20563.766584, best rearrangement setting 14
Bootstrap[97]: Time 0.453531 seconds, bootstrap likelihood -20162.975764, best rearrangement setting 5
Bootstrap[98]: Time 7.764543 seconds, bootstrap likelihood -20382.754300, best rearrangement setting 11
Bootstrap[99]: Time 13.305588 seconds, bootstrap likelihood -20469.759114, best rearrangement setting 10


Overall Time for 100 Rapid Bootstraps 196.013902 seconds
Average Time per Rapid Bootstrap 1.960139 seconds

Starting ML Search ...

Fast ML optimization finished

Fast ML search Time: 493.018046 seconds

Slow ML Search 0 Likelihood: -20723.676119
Slow ML Search 1 Likelihood: -20725.461951
Slow ML Search 2 Likelihood: -20725.496599
Slow ML Search 3 Likelihood: -20725.593121
Slow ML Search 4 Likelihood: -20725.762549
Slow ML Search 5 Likelihood: -20725.676269
Slow ML Search 6 Likelihood: -20724.212702
Slow ML Search 7 Likelihood: -20725.907372
Slow ML Search 8 Likelihood: -20725.907373
Slow ML Search 9 Likelihood: -20725.986759
Slow ML optimization finished

Slow ML search Time: 93.711613 seconds
Thorough ML search Time: 10.103637 seconds

Final ML Optimization Likelihood: -20723.676118

Model Information:

Model Parameters of Partition 0, Name: No Name Provided, Type of Data: DNA
alpha: 0.304529
Tree-Length: 1.572139
rate A <-> C: 2.503508
rate A <-> G: 9.386366
rate A <-> T: 1.047029
rate C <-> G: 1.088492
rate C <-> T: 11.868198
rate G <-> T: 1.000000

freq pi(A): 0.390026
freq pi(C): 0.165988
freq pi(G): 0.227575
freq pi(T): 0.216410


ML search took 596.840327 secs or 0.165789 hours

Combined Bootstrap and ML search took 792.854364 secs or 0.220237 hours

Drawing Bootstrap Support Values on best-scoring ML tree ...



Found 1 tree in File /gpfs_home/mhowison/code/hiv-profile-sampling/scratch/trees/pol/RAxML_bestTree.sample.229



Found 1 tree in File /gpfs_home/mhowison/code/hiv-profile-sampling/scratch/trees/pol/RAxML_bestTree.sample.229

Program execution info written to /gpfs_home/mhowison/code/hiv-profile-sampling/scratch/trees/pol/RAxML_info.sample.229
All 100 bootstrapped trees written to: /gpfs_home/mhowison/code/hiv-profile-sampling/scratch/trees/pol/RAxML_bootstrap.sample.229

Best-scoring ML tree written to: /gpfs_home/mhowison/code/hiv-profile-sampling/scratch/trees/pol/RAxML_bestTree.sample.229

Best-scoring ML tree with support values written to: /gpfs_home/mhowison/code/hiv-profile-sampling/scratch/trees/pol/RAxML_bipartitions.sample.229

Best-scoring ML tree with support values as branch labels written to: /gpfs_home/mhowison/code/hiv-profile-sampling/scratch/trees/pol/RAxML_bipartitionsBranchLabels.sample.229

Overall execution time for full ML analysis: 792.858761 secs or 0.220239 hours or 0.009177 days

