srun: job 261902 queued and waiting for resources
srun: job 261902 has been allocated resources
Warning, you specified a working directory via "-w"
Keep in mind that RAxML only accepts absolute path names, not relative ones!

RAxML can't, parse the alignment file as phylip file 
it will now try to parse it as FASTA file



Using BFGS method to optimize GTR rate parameters, to disable this specify "--no-bfgs" 


This is the RAxML Master Pthread

This is RAxML Worker Pthread Number: 1

This is RAxML Worker Pthread Number: 4

This is RAxML Worker Pthread Number: 3

This is RAxML Worker Pthread Number: 5

This is RAxML Worker Pthread Number: 2

This is RAxML Worker Pthread Number: 6

This is RAxML Worker Pthread Number: 7

This is RAxML Worker Pthread Number: 8

This is RAxML Worker Pthread Number: 9

This is RAxML Worker Pthread Number: 11

This is RAxML Worker Pthread Number: 10

This is RAxML Worker Pthread Number: 12

This is RAxML Worker Pthread Number: 13

This is RAxML Worker Pthread Number: 16

This is RAxML Worker Pthread Number: 14

This is RAxML Worker Pthread Number: 15

This is RAxML Worker Pthread Number: 17

This is RAxML Worker Pthread Number: 18

This is RAxML Worker Pthread Number: 19


This is RAxML version 8.2.12 released by Alexandros Stamatakis on May 2018.

With greatly appreciated code contributions by:
Andre Aberer      (HITS)
Simon Berger      (HITS)
Alexey Kozlov     (HITS)
Kassian Kobert    (HITS)
David Dao         (KIT and HITS)
Sarah Lutteropp   (KIT and HITS)
Nick Pattengale   (Sandia)
Wayne Pfeiffer    (SDSC)
Akifumi S. Tanabe (NRIFS)
Charlie Taylor    (UF)


Alignment has 1165 distinct alignment patterns

Proportion of gaps and completely undetermined characters in this alignment: 5.94%

RAxML rapid bootstrapping and subsequent ML search

Using 1 distinct models/data partitions with joint branch length optimization



Executing 100 rapid bootstrap inferences and thereafter a thorough ML search 

All free model parameters will be estimated by RAxML
GAMMA model of rate heterogeneity, ML estimate of alpha-parameter

GAMMA Model parameters will be estimated up to an accuracy of 0.1000000000 Log Likelihood units

Partition: 0
Alignment Patterns: 1165
Name: No Name Provided
DataType: DNA
Substitution Matrix: GTR




RAxML was called as follows:

raxmlHPC-PTHREADS-AVX -T 20 -s scratch/aligned/pol/sample.278.fa -p 7175674129 -x 7175674129 -f a -N 100 -m GTRGAMMA -w /gpfs_home/mhowison/code/hiv-profile-sampling/scratch/trees/pol -n sample.278 



Time for BS model parameter optimization 0.051745
Bootstrap[0]: Time 0.592698 seconds, bootstrap likelihood -20331.204624, best rearrangement setting 15
Bootstrap[1]: Time 0.440760 seconds, bootstrap likelihood -20582.307655, best rearrangement setting 5
Bootstrap[2]: Time 0.513964 seconds, bootstrap likelihood -20834.300780, best rearrangement setting 13
Bootstrap[3]: Time 0.522827 seconds, bootstrap likelihood -20481.046813, best rearrangement setting 7
Bootstrap[4]: Time 0.619637 seconds, bootstrap likelihood -20253.878074, best rearrangement setting 12
Bootstrap[5]: Time 0.517340 seconds, bootstrap likelihood -20554.382044, best rearrangement setting 15
Bootstrap[6]: Time 0.471640 seconds, bootstrap likelihood -20447.618041, best rearrangement setting 6
Bootstrap[7]: Time 0.991943 seconds, bootstrap likelihood -21011.480588, best rearrangement setting 5
Bootstrap[8]: Time 0.508369 seconds, bootstrap likelihood -20509.967767, best rearrangement setting 14
Bootstrap[9]: Time 0.518460 seconds, bootstrap likelihood -20441.465715, best rearrangement setting 15
Bootstrap[10]: Time 0.582690 seconds, bootstrap likelihood -20517.329599, best rearrangement setting 10
Bootstrap[11]: Time 0.564105 seconds, bootstrap likelihood -20091.117298, best rearrangement setting 13
Bootstrap[12]: Time 0.571182 seconds, bootstrap likelihood -19578.248468, best rearrangement setting 11
Bootstrap[13]: Time 0.479551 seconds, bootstrap likelihood -21139.786354, best rearrangement setting 8
Bootstrap[14]: Time 0.463442 seconds, bootstrap likelihood -19823.571671, best rearrangement setting 11
Bootstrap[15]: Time 0.460279 seconds, bootstrap likelihood -20452.933908, best rearrangement setting 8
Bootstrap[16]: Time 0.501292 seconds, bootstrap likelihood -19968.987942, best rearrangement setting 14
Bootstrap[17]: Time 2.372084 seconds, bootstrap likelihood -21011.884002, best rearrangement setting 8
Bootstrap[18]: Time 0.551973 seconds, bootstrap likelihood -21122.812254, best rearrangement setting 15
Bootstrap[19]: Time 0.509972 seconds, bootstrap likelihood -20564.093680, best rearrangement setting 7
Bootstrap[20]: Time 0.517117 seconds, bootstrap likelihood -20734.714567, best rearrangement setting 9
Bootstrap[21]: Time 0.513693 seconds, bootstrap likelihood -20656.150326, best rearrangement setting 6
Bootstrap[22]: Time 0.500505 seconds, bootstrap likelihood -20408.083317, best rearrangement setting 12
Bootstrap[23]: Time 0.564659 seconds, bootstrap likelihood -20438.249448, best rearrangement setting 12
Bootstrap[24]: Time 1.965462 seconds, bootstrap likelihood -20202.164046, best rearrangement setting 10
Bootstrap[25]: Time 0.453189 seconds, bootstrap likelihood -20692.957856, best rearrangement setting 13
Bootstrap[26]: Time 0.501801 seconds, bootstrap likelihood -20779.189184, best rearrangement setting 15
Bootstrap[27]: Time 0.644654 seconds, bootstrap likelihood -20342.377676, best rearrangement setting 8
Bootstrap[28]: Time 0.535242 seconds, bootstrap likelihood -21032.524383, best rearrangement setting 12
Bootstrap[29]: Time 0.757048 seconds, bootstrap likelihood -20571.096172, best rearrangement setting 15
Bootstrap[30]: Time 2.099955 seconds, bootstrap likelihood -21164.327496, best rearrangement setting 13
Bootstrap[31]: Time 0.590573 seconds, bootstrap likelihood -20140.730290, best rearrangement setting 13
Bootstrap[32]: Time 0.492756 seconds, bootstrap likelihood -20868.689916, best rearrangement setting 10
Bootstrap[33]: Time 0.495593 seconds, bootstrap likelihood -20104.589465, best rearrangement setting 5
Bootstrap[34]: Time 0.501138 seconds, bootstrap likelihood -21099.067725, best rearrangement setting 6
Bootstrap[35]: Time 7.772601 seconds, bootstrap likelihood -20875.579653, best rearrangement setting 8
Bootstrap[36]: Time 0.567177 seconds, bootstrap likelihood -20346.497618, best rearrangement setting 7
Bootstrap[37]: Time 47.454625 seconds, bootstrap likelihood -20722.236727, best rearrangement setting 5
Bootstrap[38]: Time 0.669949 seconds, bootstrap likelihood -20831.678549, best rearrangement setting 15
Bootstrap[39]: Time 0.483614 seconds, bootstrap likelihood -19880.543616, best rearrangement setting 8
Bootstrap[40]: Time 0.524680 seconds, bootstrap likelihood -20593.893109, best rearrangement setting 11
Bootstrap[41]: Time 0.424060 seconds, bootstrap likelihood -20931.061973, best rearrangement setting 5
Bootstrap[42]: Time 28.126137 seconds, bootstrap likelihood -20210.230339, best rearrangement setting 8
Bootstrap[43]: Time 0.484976 seconds, bootstrap likelihood -20112.087783, best rearrangement setting 9
Bootstrap[44]: Time 0.500596 seconds, bootstrap likelihood -20452.665910, best rearrangement setting 8
Bootstrap[45]: Time 0.634142 seconds, bootstrap likelihood -20592.648793, best rearrangement setting 9
Bootstrap[46]: Time 0.606810 seconds, bootstrap likelihood -19855.517771, best rearrangement setting 11
Bootstrap[47]: Time 4.796343 seconds, bootstrap likelihood -20104.326103, best rearrangement setting 12
Bootstrap[48]: Time 0.656154 seconds, bootstrap likelihood -20853.225090, best rearrangement setting 9
Bootstrap[49]: Time 0.526701 seconds, bootstrap likelihood -20943.887429, best rearrangement setting 8
Bootstrap[50]: Time 0.594597 seconds, bootstrap likelihood -20689.493723, best rearrangement setting 14
Bootstrap[51]: Time 36.251596 seconds, bootstrap likelihood -20636.177830, best rearrangement setting 5
Bootstrap[52]: Time 0.542338 seconds, bootstrap likelihood -20774.605883, best rearrangement setting 9
Bootstrap[53]: Time 0.543334 seconds, bootstrap likelihood -19606.455332, best rearrangement setting 6
Bootstrap[54]: Time 5.744149 seconds, bootstrap likelihood -19914.933342, best rearrangement setting 12
Bootstrap[55]: Time 0.577024 seconds, bootstrap likelihood -20202.131947, best rearrangement setting 8
Bootstrap[56]: Time 0.527659 seconds, bootstrap likelihood -19932.034919, best rearrangement setting 14
Bootstrap[57]: Time 0.572805 seconds, bootstrap likelihood -21467.811052, best rearrangement setting 14
Bootstrap[58]: Time 0.563197 seconds, bootstrap likelihood -19415.475593, best rearrangement setting 10
Bootstrap[59]: Time 0.433481 seconds, bootstrap likelihood -20101.149184, best rearrangement setting 5
Bootstrap[60]: Time 0.629330 seconds, bootstrap likelihood -20322.737341, best rearrangement setting 15
Bootstrap[61]: Time 0.519058 seconds, bootstrap likelihood -20768.942934, best rearrangement setting 5
Bootstrap[62]: Time 0.523929 seconds, bootstrap likelihood -20216.623134, best rearrangement setting 10
Bootstrap[63]: Time 0.567961 seconds, bootstrap likelihood -20384.418439, best rearrangement setting 15
Bootstrap[64]: Time 0.582194 seconds, bootstrap likelihood -20319.319705, best rearrangement setting 8
Bootstrap[65]: Time 0.558922 seconds, bootstrap likelihood -20045.661346, best rearrangement setting 11
Bootstrap[66]: Time 0.592969 seconds, bootstrap likelihood -20265.513284, best rearrangement setting 12
Bootstrap[67]: Time 1.027862 seconds, bootstrap likelihood -20895.888736, best rearrangement setting 15
Bootstrap[68]: Time 0.500505 seconds, bootstrap likelihood -20903.403182, best rearrangement setting 10
Bootstrap[69]: Time 0.535254 seconds, bootstrap likelihood -20959.093295, best rearrangement setting 7
Bootstrap[70]: Time 1.317353 seconds, bootstrap likelihood -21236.247017, best rearrangement setting 11
Bootstrap[71]: Time 0.515338 seconds, bootstrap likelihood -20572.129997, best rearrangement setting 8
Bootstrap[72]: Time 0.589074 seconds, bootstrap likelihood -21306.056007, best rearrangement setting 13
Bootstrap[73]: Time 0.501044 seconds, bootstrap likelihood -20954.334711, best rearrangement setting 13
Bootstrap[74]: Time 0.480986 seconds, bootstrap likelihood -20156.321179, best rearrangement setting 8
Bootstrap[75]: Time 0.509383 seconds, bootstrap likelihood -20407.983492, best rearrangement setting 5
Bootstrap[76]: Time 0.514944 seconds, bootstrap likelihood -21089.856065, best rearrangement setting 6
Bootstrap[77]: Time 0.490338 seconds, bootstrap likelihood -20530.537050, best rearrangement setting 12
Bootstrap[78]: Time 0.540843 seconds, bootstrap likelihood -19799.606929, best rearrangement setting 11
Bootstrap[79]: Time 0.496736 seconds, bootstrap likelihood -20582.608195, best rearrangement setting 5
Bootstrap[80]: Time 0.456646 seconds, bootstrap likelihood -20532.420074, best rearrangement setting 7
Bootstrap[81]: Time 4.115401 seconds, bootstrap likelihood -20887.521583, best rearrangement setting 8
Bootstrap[82]: Time 0.543676 seconds, bootstrap likelihood -19757.421336, best rearrangement setting 13
Bootstrap[83]: Time 0.588333 seconds, bootstrap likelihood -20831.150531, best rearrangement setting 9
Bootstrap[84]: Time 0.618286 seconds, bootstrap likelihood -20078.364841, best rearrangement setting 14
Bootstrap[85]: Time 0.521614 seconds, bootstrap likelihood -20164.557352, best rearrangement setting 5
Bootstrap[86]: Time 0.680669 seconds, bootstrap likelihood -20679.301553, best rearrangement setting 11
Bootstrap[87]: Time 150.761385 seconds, bootstrap likelihood -20540.272313, best rearrangement setting 12
Bootstrap[88]: Time 0.552588 seconds, bootstrap likelihood -20886.161447, best rearrangement setting 13
Bootstrap[89]: Time 0.457802 seconds, bootstrap likelihood -20391.269390, best rearrangement setting 7
Bootstrap[90]: Time 1.216583 seconds, bootstrap likelihood -19895.430324, best rearrangement setting 9
Bootstrap[91]: Time 0.526841 seconds, bootstrap likelihood -20720.454884, best rearrangement setting 13
Bootstrap[92]: Time 0.448893 seconds, bootstrap likelihood -19789.423222, best rearrangement setting 13
Bootstrap[93]: Time 0.529711 seconds, bootstrap likelihood -20597.379584, best rearrangement setting 10
Bootstrap[94]: Time 0.537457 seconds, bootstrap likelihood -20088.167637, best rearrangement setting 15
Bootstrap[95]: Time 0.464906 seconds, bootstrap likelihood -20356.552651, best rearrangement setting 7
Bootstrap[96]: Time 0.581676 seconds, bootstrap likelihood -20122.344721, best rearrangement setting 14
Bootstrap[97]: Time 0.511443 seconds, bootstrap likelihood -20477.153027, best rearrangement setting 12
Bootstrap[98]: Time 0.473717 seconds, bootstrap likelihood -19928.823668, best rearrangement setting 14
Bootstrap[99]: Time 0.529766 seconds, bootstrap likelihood -19949.943324, best rearrangement setting 10


Overall Time for 100 Rapid Bootstraps 341.647706 seconds
Average Time per Rapid Bootstrap 3.416477 seconds

Starting ML Search ...

Fast ML optimization finished

Fast ML search Time: 66.726078 seconds

Slow ML Search 0 Likelihood: -20524.003197
Slow ML Search 1 Likelihood: -20524.810190
Slow ML Search 2 Likelihood: -20525.550941
Slow ML Search 3 Likelihood: -20526.569518
Slow ML Search 4 Likelihood: -20527.181821
Slow ML Search 5 Likelihood: -20527.380060
Slow ML Search 6 Likelihood: -20527.707296
Slow ML Search 7 Likelihood: -20527.780148
Slow ML Search 8 Likelihood: -20527.780244
Slow ML Search 9 Likelihood: -20527.970718
Slow ML optimization finished

Slow ML search Time: 9.502134 seconds
Thorough ML search Time: 7.117844 seconds

Final ML Optimization Likelihood: -20524.003200

Model Information:

Model Parameters of Partition 0, Name: No Name Provided, Type of Data: DNA
alpha: 0.295495
Tree-Length: 1.536946
rate A <-> C: 2.462568
rate A <-> G: 9.644971
rate A <-> T: 1.050966
rate C <-> G: 1.101833
rate C <-> T: 11.900979
rate G <-> T: 1.000000

freq pi(A): 0.389885
freq pi(C): 0.165955
freq pi(G): 0.227649
freq pi(T): 0.216512


ML search took 83.410194 secs or 0.023169 hours

Combined Bootstrap and ML search took 425.058045 secs or 0.118072 hours

Drawing Bootstrap Support Values on best-scoring ML tree ...



Found 1 tree in File /gpfs_home/mhowison/code/hiv-profile-sampling/scratch/trees/pol/RAxML_bestTree.sample.278



Found 1 tree in File /gpfs_home/mhowison/code/hiv-profile-sampling/scratch/trees/pol/RAxML_bestTree.sample.278

Program execution info written to /gpfs_home/mhowison/code/hiv-profile-sampling/scratch/trees/pol/RAxML_info.sample.278
All 100 bootstrapped trees written to: /gpfs_home/mhowison/code/hiv-profile-sampling/scratch/trees/pol/RAxML_bootstrap.sample.278

Best-scoring ML tree written to: /gpfs_home/mhowison/code/hiv-profile-sampling/scratch/trees/pol/RAxML_bestTree.sample.278

Best-scoring ML tree with support values written to: /gpfs_home/mhowison/code/hiv-profile-sampling/scratch/trees/pol/RAxML_bipartitions.sample.278

Best-scoring ML tree with support values as branch labels written to: /gpfs_home/mhowison/code/hiv-profile-sampling/scratch/trees/pol/RAxML_bipartitionsBranchLabels.sample.278

Overall execution time for full ML analysis: 425.062504 secs or 0.118073 hours or 0.004920 days

