srun: job 261757 queued and waiting for resources
srun: job 261757 has been allocated resources
Warning, you specified a working directory via "-w"
Keep in mind that RAxML only accepts absolute path names, not relative ones!

RAxML can't, parse the alignment file as phylip file 
it will now try to parse it as FASTA file



Using BFGS method to optimize GTR rate parameters, to disable this specify "--no-bfgs" 


This is the RAxML Master Pthread

This is RAxML Worker Pthread Number: 2

This is RAxML Worker Pthread Number: 5

This is RAxML Worker Pthread Number: 7

This is RAxML Worker Pthread Number: 1

This is RAxML Worker Pthread Number: 3

This is RAxML Worker Pthread Number: 6

This is RAxML Worker Pthread Number: 4

This is RAxML Worker Pthread Number: 8

This is RAxML Worker Pthread Number: 9

This is RAxML Worker Pthread Number: 11

This is RAxML Worker Pthread Number: 10

This is RAxML Worker Pthread Number: 12

This is RAxML Worker Pthread Number: 15

This is RAxML Worker Pthread Number: 14

This is RAxML Worker Pthread Number: 13

This is RAxML Worker Pthread Number: 17

This is RAxML Worker Pthread Number: 16

This is RAxML Worker Pthread Number: 18

This is RAxML Worker Pthread Number: 19


This is RAxML version 8.2.12 released by Alexandros Stamatakis on May 2018.

With greatly appreciated code contributions by:
Andre Aberer      (HITS)
Simon Berger      (HITS)
Alexey Kozlov     (HITS)
Kassian Kobert    (HITS)
David Dao         (KIT and HITS)
Sarah Lutteropp   (KIT and HITS)
Nick Pattengale   (Sandia)
Wayne Pfeiffer    (SDSC)
Akifumi S. Tanabe (NRIFS)
Charlie Taylor    (UF)


Alignment has 1175 distinct alignment patterns

Proportion of gaps and completely undetermined characters in this alignment: 5.94%

RAxML rapid bootstrapping and subsequent ML search

Using 1 distinct models/data partitions with joint branch length optimization



Executing 100 rapid bootstrap inferences and thereafter a thorough ML search 

All free model parameters will be estimated by RAxML
GAMMA model of rate heterogeneity, ML estimate of alpha-parameter

GAMMA Model parameters will be estimated up to an accuracy of 0.1000000000 Log Likelihood units

Partition: 0
Alignment Patterns: 1175
Name: No Name Provided
DataType: DNA
Substitution Matrix: GTR




RAxML was called as follows:

raxmlHPC-PTHREADS-AVX -T 20 -s scratch/aligned/pol/sample.218.fa -p 3818146123 -x 3818146123 -f a -N 100 -m GTRGAMMA -w /gpfs_home/mhowison/code/hiv-profile-sampling/scratch/trees/pol -n sample.218 



Time for BS model parameter optimization 0.051723
Bootstrap[0]: Time 2.197746 seconds, bootstrap likelihood -20834.001047, best rearrangement setting 13
Bootstrap[1]: Time 0.510168 seconds, bootstrap likelihood -20201.182614, best rearrangement setting 8
Bootstrap[2]: Time 0.522437 seconds, bootstrap likelihood -20635.753512, best rearrangement setting 9
Bootstrap[3]: Time 0.546028 seconds, bootstrap likelihood -21000.561026, best rearrangement setting 15
Bootstrap[4]: Time 0.579869 seconds, bootstrap likelihood -20332.520630, best rearrangement setting 7
Bootstrap[5]: Time 0.643918 seconds, bootstrap likelihood -20284.979823, best rearrangement setting 8
Bootstrap[6]: Time 0.621433 seconds, bootstrap likelihood -20727.166122, best rearrangement setting 12
Bootstrap[7]: Time 0.963790 seconds, bootstrap likelihood -20290.739225, best rearrangement setting 6
Bootstrap[8]: Time 0.601828 seconds, bootstrap likelihood -20573.895852, best rearrangement setting 8
Bootstrap[9]: Time 0.635799 seconds, bootstrap likelihood -20437.285096, best rearrangement setting 15
Bootstrap[10]: Time 0.578670 seconds, bootstrap likelihood -20072.158648, best rearrangement setting 6
Bootstrap[11]: Time 0.574960 seconds, bootstrap likelihood -20755.445755, best rearrangement setting 15
Bootstrap[12]: Time 0.606886 seconds, bootstrap likelihood -21210.391898, best rearrangement setting 13
Bootstrap[13]: Time 0.622883 seconds, bootstrap likelihood -19397.558004, best rearrangement setting 12
Bootstrap[14]: Time 0.559118 seconds, bootstrap likelihood -19642.190287, best rearrangement setting 14
Bootstrap[15]: Time 0.779299 seconds, bootstrap likelihood -20104.432173, best rearrangement setting 9
Bootstrap[16]: Time 2.825678 seconds, bootstrap likelihood -20607.328529, best rearrangement setting 14
Bootstrap[17]: Time 0.654530 seconds, bootstrap likelihood -20235.960801, best rearrangement setting 11
Bootstrap[18]: Time 1.772584 seconds, bootstrap likelihood -20503.271948, best rearrangement setting 9
Bootstrap[19]: Time 0.539030 seconds, bootstrap likelihood -21377.712427, best rearrangement setting 6
Bootstrap[20]: Time 0.549743 seconds, bootstrap likelihood -20685.194893, best rearrangement setting 9
Bootstrap[21]: Time 0.594895 seconds, bootstrap likelihood -20333.583147, best rearrangement setting 12
Bootstrap[22]: Time 0.553072 seconds, bootstrap likelihood -19443.250506, best rearrangement setting 11
Bootstrap[23]: Time 0.572466 seconds, bootstrap likelihood -20122.116027, best rearrangement setting 12
Bootstrap[24]: Time 0.596700 seconds, bootstrap likelihood -21417.619456, best rearrangement setting 14
Bootstrap[25]: Time 0.563764 seconds, bootstrap likelihood -20479.253672, best rearrangement setting 8
Bootstrap[26]: Time 0.493262 seconds, bootstrap likelihood -20652.557304, best rearrangement setting 5
Bootstrap[27]: Time 0.476488 seconds, bootstrap likelihood -20660.875092, best rearrangement setting 5
Bootstrap[28]: Time 0.600913 seconds, bootstrap likelihood -20736.326110, best rearrangement setting 11
Bootstrap[29]: Time 0.454292 seconds, bootstrap likelihood -20949.450750, best rearrangement setting 8
Bootstrap[30]: Time 4.362007 seconds, bootstrap likelihood -20716.505254, best rearrangement setting 5
Bootstrap[31]: Time 0.571763 seconds, bootstrap likelihood -20678.219946, best rearrangement setting 6
Bootstrap[32]: Time 0.593395 seconds, bootstrap likelihood -21430.456180, best rearrangement setting 13
Bootstrap[33]: Time 0.670468 seconds, bootstrap likelihood -20910.956523, best rearrangement setting 9
Bootstrap[34]: Time 3.233379 seconds, bootstrap likelihood -20793.286745, best rearrangement setting 6
Bootstrap[35]: Time 0.544742 seconds, bootstrap likelihood -20404.830866, best rearrangement setting 8
Bootstrap[36]: Time 0.531106 seconds, bootstrap likelihood -21228.590333, best rearrangement setting 15
Bootstrap[37]: Time 2.780638 seconds, bootstrap likelihood -20258.831173, best rearrangement setting 5
Bootstrap[38]: Time 0.497473 seconds, bootstrap likelihood -20609.063587, best rearrangement setting 13
Bootstrap[39]: Time 0.550115 seconds, bootstrap likelihood -20544.786644, best rearrangement setting 8
Bootstrap[40]: Time 4.984706 seconds, bootstrap likelihood -20566.412643, best rearrangement setting 6
Bootstrap[41]: Time 0.460563 seconds, bootstrap likelihood -20653.065470, best rearrangement setting 11
Bootstrap[42]: Time 4.569689 seconds, bootstrap likelihood -20288.763864, best rearrangement setting 11
Bootstrap[43]: Time 0.543593 seconds, bootstrap likelihood -20009.717098, best rearrangement setting 7
Bootstrap[44]: Time 4.133643 seconds, bootstrap likelihood -20759.271464, best rearrangement setting 10
Bootstrap[45]: Time 0.535978 seconds, bootstrap likelihood -19785.953148, best rearrangement setting 6
Bootstrap[46]: Time 0.682266 seconds, bootstrap likelihood -19944.911890, best rearrangement setting 14
Bootstrap[47]: Time 0.521275 seconds, bootstrap likelihood -20220.957094, best rearrangement setting 9
Bootstrap[48]: Time 0.678141 seconds, bootstrap likelihood -20024.919988, best rearrangement setting 7
Bootstrap[49]: Time 0.544766 seconds, bootstrap likelihood -20467.914342, best rearrangement setting 14
Bootstrap[50]: Time 0.445853 seconds, bootstrap likelihood -20970.791953, best rearrangement setting 5
Bootstrap[51]: Time 0.519048 seconds, bootstrap likelihood -20134.057054, best rearrangement setting 6
Bootstrap[52]: Time 1.043466 seconds, bootstrap likelihood -20571.387238, best rearrangement setting 7
Bootstrap[53]: Time 0.630618 seconds, bootstrap likelihood -20140.694161, best rearrangement setting 10
Bootstrap[54]: Time 0.586985 seconds, bootstrap likelihood -20519.580479, best rearrangement setting 14
Bootstrap[55]: Time 0.576522 seconds, bootstrap likelihood -21346.085519, best rearrangement setting 14
Bootstrap[56]: Time 7.460332 seconds, bootstrap likelihood -21319.284903, best rearrangement setting 5
Bootstrap[57]: Time 0.608986 seconds, bootstrap likelihood -20509.798693, best rearrangement setting 15
Bootstrap[58]: Time 0.594092 seconds, bootstrap likelihood -20282.874948, best rearrangement setting 13
Bootstrap[59]: Time 0.543117 seconds, bootstrap likelihood -20776.626622, best rearrangement setting 9
Bootstrap[60]: Time 0.570758 seconds, bootstrap likelihood -20556.904702, best rearrangement setting 10
Bootstrap[61]: Time 0.520523 seconds, bootstrap likelihood -20515.241175, best rearrangement setting 5
Bootstrap[62]: Time 0.594167 seconds, bootstrap likelihood -20072.878508, best rearrangement setting 9
Bootstrap[63]: Time 0.557487 seconds, bootstrap likelihood -20854.887745, best rearrangement setting 14
Bootstrap[64]: Time 0.617766 seconds, bootstrap likelihood -20759.343023, best rearrangement setting 8
Bootstrap[65]: Time 0.615575 seconds, bootstrap likelihood -20483.140403, best rearrangement setting 11
Bootstrap[66]: Time 0.527682 seconds, bootstrap likelihood -19692.066861, best rearrangement setting 6
Bootstrap[67]: Time 0.600855 seconds, bootstrap likelihood -19897.659622, best rearrangement setting 13
Bootstrap[68]: Time 2.819051 seconds, bootstrap likelihood -19992.410666, best rearrangement setting 11
Bootstrap[69]: Time 0.553357 seconds, bootstrap likelihood -20628.400603, best rearrangement setting 15
Bootstrap[70]: Time 0.622081 seconds, bootstrap likelihood -20041.488237, best rearrangement setting 14
Bootstrap[71]: Time 0.671979 seconds, bootstrap likelihood -20643.187753, best rearrangement setting 9
Bootstrap[72]: Time 0.600222 seconds, bootstrap likelihood -20345.204109, best rearrangement setting 15
Bootstrap[73]: Time 0.723050 seconds, bootstrap likelihood -20409.202030, best rearrangement setting 9
Bootstrap[74]: Time 0.545586 seconds, bootstrap likelihood -20322.282287, best rearrangement setting 15
Bootstrap[75]: Time 0.575909 seconds, bootstrap likelihood -20287.535968, best rearrangement setting 8
Bootstrap[76]: Time 0.527465 seconds, bootstrap likelihood -20962.124266, best rearrangement setting 8
Bootstrap[77]: Time 0.533057 seconds, bootstrap likelihood -20629.933842, best rearrangement setting 7
Bootstrap[78]: Time 1.583306 seconds, bootstrap likelihood -20347.146453, best rearrangement setting 7
Bootstrap[79]: Time 0.561604 seconds, bootstrap likelihood -20916.475213, best rearrangement setting 14
Bootstrap[80]: Time 0.500351 seconds, bootstrap likelihood -20398.347373, best rearrangement setting 10
Bootstrap[81]: Time 12.989111 seconds, bootstrap likelihood -20506.573163, best rearrangement setting 5
Bootstrap[82]: Time 0.527623 seconds, bootstrap likelihood -21252.517283, best rearrangement setting 10
Bootstrap[83]: Time 0.518969 seconds, bootstrap likelihood -20273.953141, best rearrangement setting 6
Bootstrap[84]: Time 0.578670 seconds, bootstrap likelihood -20175.909281, best rearrangement setting 6
Bootstrap[85]: Time 0.430954 seconds, bootstrap likelihood -20699.785042, best rearrangement setting 5
Bootstrap[86]: Time 0.568458 seconds, bootstrap likelihood -20572.646887, best rearrangement setting 6
Bootstrap[87]: Time 0.520447 seconds, bootstrap likelihood -20572.169543, best rearrangement setting 6
Bootstrap[88]: Time 0.526717 seconds, bootstrap likelihood -20507.946459, best rearrangement setting 8
Bootstrap[89]: Time 0.527915 seconds, bootstrap likelihood -20702.016199, best rearrangement setting 7
Bootstrap[90]: Time 0.597608 seconds, bootstrap likelihood -20722.915089, best rearrangement setting 10
Bootstrap[91]: Time 0.517419 seconds, bootstrap likelihood -20990.355350, best rearrangement setting 14
Bootstrap[92]: Time 0.574778 seconds, bootstrap likelihood -20577.699897, best rearrangement setting 9
Bootstrap[93]: Time 0.483094 seconds, bootstrap likelihood -20639.871880, best rearrangement setting 5
Bootstrap[94]: Time 0.545960 seconds, bootstrap likelihood -20372.612981, best rearrangement setting 12
Bootstrap[95]: Time 0.514886 seconds, bootstrap likelihood -20441.658983, best rearrangement setting 7
Bootstrap[96]: Time 0.535660 seconds, bootstrap likelihood -19981.693974, best rearrangement setting 9
Bootstrap[97]: Time 0.631674 seconds, bootstrap likelihood -20557.959006, best rearrangement setting 10
Bootstrap[98]: Time 0.549245 seconds, bootstrap likelihood -20644.740633, best rearrangement setting 7
Bootstrap[99]: Time 0.558642 seconds, bootstrap likelihood -20399.834571, best rearrangement setting 15


Overall Time for 100 Rapid Bootstraps 106.067837 seconds
Average Time per Rapid Bootstrap 1.060678 seconds

Starting ML Search ...

Fast ML optimization finished

Fast ML search Time: 458.158657 seconds

Slow ML Search 0 Likelihood: -20649.632016
Slow ML Search 1 Likelihood: -20649.632016
Slow ML Search 2 Likelihood: -20649.632961
Slow ML Search 3 Likelihood: -20649.633256
Slow ML Search 4 Likelihood: -20651.357963
Slow ML Search 5 Likelihood: -20651.357963
Slow ML Search 6 Likelihood: -20651.357963
Slow ML Search 7 Likelihood: -20651.357963
Slow ML Search 8 Likelihood: -20651.357963
Slow ML Search 9 Likelihood: -20651.915761
Slow ML optimization finished

Slow ML search Time: 46.515166 seconds
Thorough ML search Time: 1.248864 seconds

Final ML Optimization Likelihood: -20649.632017

Model Information:

Model Parameters of Partition 0, Name: No Name Provided, Type of Data: DNA
alpha: 0.299234
Tree-Length: 1.555771
rate A <-> C: 2.332109
rate A <-> G: 9.028284
rate A <-> T: 0.991999
rate C <-> G: 0.975117
rate C <-> T: 11.374201
rate G <-> T: 1.000000

freq pi(A): 0.390160
freq pi(C): 0.165902
freq pi(G): 0.227365
freq pi(T): 0.216573


ML search took 505.952702 secs or 0.140542 hours

Combined Bootstrap and ML search took 612.020701 secs or 0.170006 hours

Drawing Bootstrap Support Values on best-scoring ML tree ...



Found 1 tree in File /gpfs_home/mhowison/code/hiv-profile-sampling/scratch/trees/pol/RAxML_bestTree.sample.218



Found 1 tree in File /gpfs_home/mhowison/code/hiv-profile-sampling/scratch/trees/pol/RAxML_bestTree.sample.218

Program execution info written to /gpfs_home/mhowison/code/hiv-profile-sampling/scratch/trees/pol/RAxML_info.sample.218
All 100 bootstrapped trees written to: /gpfs_home/mhowison/code/hiv-profile-sampling/scratch/trees/pol/RAxML_bootstrap.sample.218

Best-scoring ML tree written to: /gpfs_home/mhowison/code/hiv-profile-sampling/scratch/trees/pol/RAxML_bestTree.sample.218

Best-scoring ML tree with support values written to: /gpfs_home/mhowison/code/hiv-profile-sampling/scratch/trees/pol/RAxML_bipartitions.sample.218

Best-scoring ML tree with support values as branch labels written to: /gpfs_home/mhowison/code/hiv-profile-sampling/scratch/trees/pol/RAxML_bipartitionsBranchLabels.sample.218

Overall execution time for full ML analysis: 612.025208 secs or 0.170007 hours or 0.007084 days

