srun: job 262248 queued and waiting for resources
srun: job 262248 has been allocated resources
Warning, you specified a working directory via "-w"
Keep in mind that RAxML only accepts absolute path names, not relative ones!

RAxML can't, parse the alignment file as phylip file 
it will now try to parse it as FASTA file



Using BFGS method to optimize GTR rate parameters, to disable this specify "--no-bfgs" 


This is the RAxML Master Pthread

This is RAxML Worker Pthread Number: 2

This is RAxML Worker Pthread Number: 4

This is RAxML Worker Pthread Number: 5

This is RAxML Worker Pthread Number: 1

This is RAxML Worker Pthread Number: 3

This is RAxML Worker Pthread Number: 6

This is RAxML Worker Pthread Number: 7

This is RAxML Worker Pthread Number: 8

This is RAxML Worker Pthread Number: 12

This is RAxML Worker Pthread Number: 13

This is RAxML Worker Pthread Number: 9

This is RAxML Worker Pthread Number: 10

This is RAxML Worker Pthread Number: 11

This is RAxML Worker Pthread Number: 14

This is RAxML Worker Pthread Number: 15

This is RAxML Worker Pthread Number: 16

This is RAxML Worker Pthread Number: 17

This is RAxML Worker Pthread Number: 18

This is RAxML Worker Pthread Number: 19


This is RAxML version 8.2.12 released by Alexandros Stamatakis on May 2018.

With greatly appreciated code contributions by:
Andre Aberer      (HITS)
Simon Berger      (HITS)
Alexey Kozlov     (HITS)
Kassian Kobert    (HITS)
David Dao         (KIT and HITS)
Sarah Lutteropp   (KIT and HITS)
Nick Pattengale   (Sandia)
Wayne Pfeiffer    (SDSC)
Akifumi S. Tanabe (NRIFS)
Charlie Taylor    (UF)


Alignment has 1190 distinct alignment patterns

Proportion of gaps and completely undetermined characters in this alignment: 5.94%

RAxML rapid bootstrapping and subsequent ML search

Using 1 distinct models/data partitions with joint branch length optimization



Executing 100 rapid bootstrap inferences and thereafter a thorough ML search 

All free model parameters will be estimated by RAxML
GAMMA model of rate heterogeneity, ML estimate of alpha-parameter

GAMMA Model parameters will be estimated up to an accuracy of 0.1000000000 Log Likelihood units

Partition: 0
Alignment Patterns: 1190
Name: No Name Provided
DataType: DNA
Substitution Matrix: GTR




RAxML was called as follows:

raxmlHPC-PTHREADS-AVX -T 20 -s scratch/aligned/pol/sample.44.fa -p 9167487893 -x 9167487893 -f a -N 100 -m GTRGAMMA -w /gpfs_home/mhowison/code/hiv-profile-sampling/scratch/trees/pol -n sample.44 



Time for BS model parameter optimization 0.051316
Bootstrap[0]: Time 1.189412 seconds, bootstrap likelihood -20433.755641, best rearrangement setting 7
Bootstrap[1]: Time 0.628691 seconds, bootstrap likelihood -19988.236052, best rearrangement setting 15
Bootstrap[2]: Time 0.494486 seconds, bootstrap likelihood -20552.073846, best rearrangement setting 15
Bootstrap[3]: Time 0.499008 seconds, bootstrap likelihood -20336.969845, best rearrangement setting 8
Bootstrap[4]: Time 0.497722 seconds, bootstrap likelihood -20159.861464, best rearrangement setting 6
Bootstrap[5]: Time 0.515024 seconds, bootstrap likelihood -20404.836517, best rearrangement setting 10
Bootstrap[6]: Time 0.469602 seconds, bootstrap likelihood -21039.859184, best rearrangement setting 14
Bootstrap[7]: Time 0.561455 seconds, bootstrap likelihood -20932.593864, best rearrangement setting 8
Bootstrap[8]: Time 0.560548 seconds, bootstrap likelihood -20350.919626, best rearrangement setting 11
Bootstrap[9]: Time 0.430504 seconds, bootstrap likelihood -20561.428951, best rearrangement setting 5
Bootstrap[10]: Time 0.526979 seconds, bootstrap likelihood -20525.065917, best rearrangement setting 15
Bootstrap[11]: Time 0.463448 seconds, bootstrap likelihood -20661.677309, best rearrangement setting 7
Bootstrap[12]: Time 0.506509 seconds, bootstrap likelihood -21365.511424, best rearrangement setting 10
Bootstrap[13]: Time 0.545570 seconds, bootstrap likelihood -21376.100870, best rearrangement setting 14
Bootstrap[14]: Time 0.589215 seconds, bootstrap likelihood -20462.689967, best rearrangement setting 9
Bootstrap[15]: Time 0.521340 seconds, bootstrap likelihood -21941.660628, best rearrangement setting 8
Bootstrap[16]: Time 0.453683 seconds, bootstrap likelihood -20616.753318, best rearrangement setting 14
Bootstrap[17]: Time 0.490824 seconds, bootstrap likelihood -20662.240789, best rearrangement setting 6
Bootstrap[18]: Time 0.579338 seconds, bootstrap likelihood -20219.185434, best rearrangement setting 12
Bootstrap[19]: Time 0.493031 seconds, bootstrap likelihood -20901.995656, best rearrangement setting 12
Bootstrap[20]: Time 0.486155 seconds, bootstrap likelihood -19886.341130, best rearrangement setting 6
Bootstrap[21]: Time 0.594958 seconds, bootstrap likelihood -20264.446323, best rearrangement setting 14
Bootstrap[22]: Time 0.473022 seconds, bootstrap likelihood -20543.909111, best rearrangement setting 12
Bootstrap[23]: Time 0.487200 seconds, bootstrap likelihood -20599.792902, best rearrangement setting 10
Bootstrap[24]: Time 0.513111 seconds, bootstrap likelihood -20756.933831, best rearrangement setting 9
Bootstrap[25]: Time 0.587388 seconds, bootstrap likelihood -20331.668646, best rearrangement setting 11
Bootstrap[26]: Time 0.879469 seconds, bootstrap likelihood -20232.393907, best rearrangement setting 11
Bootstrap[27]: Time 0.570868 seconds, bootstrap likelihood -20603.180419, best rearrangement setting 14
Bootstrap[28]: Time 0.596614 seconds, bootstrap likelihood -20447.816786, best rearrangement setting 12
Bootstrap[29]: Time 0.416010 seconds, bootstrap likelihood -20935.531833, best rearrangement setting 6
Bootstrap[30]: Time 0.544550 seconds, bootstrap likelihood -21186.250566, best rearrangement setting 10
Bootstrap[31]: Time 0.539005 seconds, bootstrap likelihood -20051.637165, best rearrangement setting 8
Bootstrap[32]: Time 0.521705 seconds, bootstrap likelihood -21220.068878, best rearrangement setting 7
Bootstrap[33]: Time 0.554809 seconds, bootstrap likelihood -20192.070413, best rearrangement setting 13
Bootstrap[34]: Time 0.546898 seconds, bootstrap likelihood -20804.168488, best rearrangement setting 9
Bootstrap[35]: Time 0.460328 seconds, bootstrap likelihood -20875.620399, best rearrangement setting 13
Bootstrap[36]: Time 0.535026 seconds, bootstrap likelihood -19902.768713, best rearrangement setting 15
Bootstrap[37]: Time 0.578287 seconds, bootstrap likelihood -20613.199567, best rearrangement setting 8
Bootstrap[38]: Time 0.493397 seconds, bootstrap likelihood -20836.101487, best rearrangement setting 10
Bootstrap[39]: Time 0.443177 seconds, bootstrap likelihood -20587.094483, best rearrangement setting 10
Bootstrap[40]: Time 0.510589 seconds, bootstrap likelihood -21549.743448, best rearrangement setting 9
Bootstrap[41]: Time 0.452741 seconds, bootstrap likelihood -21347.563838, best rearrangement setting 5
Bootstrap[42]: Time 2.335348 seconds, bootstrap likelihood -20903.160152, best rearrangement setting 5
Bootstrap[43]: Time 0.492481 seconds, bootstrap likelihood -20390.194444, best rearrangement setting 12
Bootstrap[44]: Time 0.409291 seconds, bootstrap likelihood -20785.695382, best rearrangement setting 8
Bootstrap[45]: Time 0.521980 seconds, bootstrap likelihood -20394.263036, best rearrangement setting 11
Bootstrap[46]: Time 0.504492 seconds, bootstrap likelihood -20656.479598, best rearrangement setting 14
Bootstrap[47]: Time 0.488541 seconds, bootstrap likelihood -20102.138538, best rearrangement setting 13
Bootstrap[48]: Time 0.523322 seconds, bootstrap likelihood -20836.902782, best rearrangement setting 8
Bootstrap[49]: Time 0.457793 seconds, bootstrap likelihood -21271.149208, best rearrangement setting 6
Bootstrap[50]: Time 0.552138 seconds, bootstrap likelihood -20272.768151, best rearrangement setting 13
Bootstrap[51]: Time 1.202882 seconds, bootstrap likelihood -20798.725005, best rearrangement setting 8
Bootstrap[52]: Time 0.482393 seconds, bootstrap likelihood -20992.406900, best rearrangement setting 8
Bootstrap[53]: Time 0.502308 seconds, bootstrap likelihood -20573.927704, best rearrangement setting 15
Bootstrap[54]: Time 0.406417 seconds, bootstrap likelihood -20107.814067, best rearrangement setting 5
Bootstrap[55]: Time 0.472821 seconds, bootstrap likelihood -20797.154059, best rearrangement setting 8
Bootstrap[56]: Time 0.431380 seconds, bootstrap likelihood -20432.937907, best rearrangement setting 6
Bootstrap[57]: Time 0.460482 seconds, bootstrap likelihood -21073.221685, best rearrangement setting 8
Bootstrap[58]: Time 0.410279 seconds, bootstrap likelihood -20862.341093, best rearrangement setting 11
Bootstrap[59]: Time 0.470790 seconds, bootstrap likelihood -20087.762124, best rearrangement setting 7
Bootstrap[60]: Time 0.555627 seconds, bootstrap likelihood -20821.659803, best rearrangement setting 8
Bootstrap[61]: Time 0.531986 seconds, bootstrap likelihood -20456.871737, best rearrangement setting 11
Bootstrap[62]: Time 0.484277 seconds, bootstrap likelihood -19392.548358, best rearrangement setting 5
Bootstrap[63]: Time 0.601695 seconds, bootstrap likelihood -20597.320607, best rearrangement setting 11
Bootstrap[64]: Time 0.447770 seconds, bootstrap likelihood -19952.628168, best rearrangement setting 5
Bootstrap[65]: Time 0.592576 seconds, bootstrap likelihood -20836.843406, best rearrangement setting 15
Bootstrap[66]: Time 0.517196 seconds, bootstrap likelihood -20805.010710, best rearrangement setting 8
Bootstrap[67]: Time 0.481165 seconds, bootstrap likelihood -21051.698875, best rearrangement setting 8
Bootstrap[68]: Time 0.516003 seconds, bootstrap likelihood -21431.855762, best rearrangement setting 11
Bootstrap[69]: Time 0.533164 seconds, bootstrap likelihood -20376.006396, best rearrangement setting 15
Bootstrap[70]: Time 0.538290 seconds, bootstrap likelihood -20317.004975, best rearrangement setting 8
Bootstrap[71]: Time 0.519580 seconds, bootstrap likelihood -21021.814854, best rearrangement setting 11
Bootstrap[72]: Time 0.452022 seconds, bootstrap likelihood -20899.395882, best rearrangement setting 15
Bootstrap[73]: Time 0.508224 seconds, bootstrap likelihood -21053.375718, best rearrangement setting 14
Bootstrap[74]: Time 0.528179 seconds, bootstrap likelihood -19646.781245, best rearrangement setting 15
Bootstrap[75]: Time 0.606825 seconds, bootstrap likelihood -20039.006414, best rearrangement setting 11
Bootstrap[76]: Time 0.521345 seconds, bootstrap likelihood -21147.731220, best rearrangement setting 8
Bootstrap[77]: Time 0.429985 seconds, bootstrap likelihood -21057.766534, best rearrangement setting 12
Bootstrap[78]: Time 0.504057 seconds, bootstrap likelihood -19569.634998, best rearrangement setting 14
Bootstrap[79]: Time 0.502574 seconds, bootstrap likelihood -20383.636506, best rearrangement setting 9
Bootstrap[80]: Time 0.606363 seconds, bootstrap likelihood -20724.189218, best rearrangement setting 7
Bootstrap[81]: Time 0.518622 seconds, bootstrap likelihood -21431.560963, best rearrangement setting 13
Bootstrap[82]: Time 0.491143 seconds, bootstrap likelihood -20238.517631, best rearrangement setting 6
Bootstrap[83]: Time 0.522567 seconds, bootstrap likelihood -20796.887128, best rearrangement setting 6
Bootstrap[84]: Time 0.561996 seconds, bootstrap likelihood -20346.984184, best rearrangement setting 11
Bootstrap[85]: Time 0.482790 seconds, bootstrap likelihood -20846.377604, best rearrangement setting 10
Bootstrap[86]: Time 0.492553 seconds, bootstrap likelihood -20503.981474, best rearrangement setting 10
Bootstrap[87]: Time 0.551188 seconds, bootstrap likelihood -21284.353631, best rearrangement setting 11
Bootstrap[88]: Time 0.426971 seconds, bootstrap likelihood -20932.490784, best rearrangement setting 7
Bootstrap[89]: Time 0.564035 seconds, bootstrap likelihood -20902.177762, best rearrangement setting 8
Bootstrap[90]: Time 0.484327 seconds, bootstrap likelihood -20332.952868, best rearrangement setting 13
Bootstrap[91]: Time 0.534558 seconds, bootstrap likelihood -20307.166917, best rearrangement setting 8
Bootstrap[92]: Time 0.536087 seconds, bootstrap likelihood -20807.051349, best rearrangement setting 10
Bootstrap[93]: Time 0.567357 seconds, bootstrap likelihood -20585.316257, best rearrangement setting 11
Bootstrap[94]: Time 0.466317 seconds, bootstrap likelihood -20478.741513, best rearrangement setting 9
Bootstrap[95]: Time 0.433011 seconds, bootstrap likelihood -20690.116652, best rearrangement setting 8
Bootstrap[96]: Time 0.487553 seconds, bootstrap likelihood -20756.530114, best rearrangement setting 7
Bootstrap[97]: Time 0.513934 seconds, bootstrap likelihood -20255.243296, best rearrangement setting 10
Bootstrap[98]: Time 0.537674 seconds, bootstrap likelihood -20144.361894, best rearrangement setting 10
Bootstrap[99]: Time 0.529951 seconds, bootstrap likelihood -20792.868269, best rearrangement setting 13


Overall Time for 100 Rapid Bootstraps 54.738922 seconds
Average Time per Rapid Bootstrap 0.547389 seconds

Starting ML Search ...

Fast ML optimization finished

Fast ML search Time: 47.843054 seconds

Slow ML Search 0 Likelihood: -20727.714197
Slow ML Search 1 Likelihood: -20727.903765
Slow ML Search 2 Likelihood: -20727.903765
Slow ML Search 3 Likelihood: -20729.163525
Slow ML Search 4 Likelihood: -20729.163524
Slow ML Search 5 Likelihood: -20729.163524
Slow ML Search 6 Likelihood: -20729.163525
Slow ML Search 7 Likelihood: -20729.369332
Slow ML Search 8 Likelihood: -20729.369332
Slow ML Search 9 Likelihood: -20729.163525
Slow ML optimization finished

Slow ML search Time: 22.722882 seconds
Thorough ML search Time: 1.152386 seconds

Final ML Optimization Likelihood: -20727.714197

Model Information:

Model Parameters of Partition 0, Name: No Name Provided, Type of Data: DNA
alpha: 0.311239
Tree-Length: 1.584964
rate A <-> C: 2.503365
rate A <-> G: 9.652868
rate A <-> T: 1.095744
rate C <-> G: 1.046038
rate C <-> T: 11.532010
rate G <-> T: 1.000000

freq pi(A): 0.390353
freq pi(C): 0.165878
freq pi(G): 0.227419
freq pi(T): 0.216350


ML search took 71.725080 secs or 0.019924 hours

Combined Bootstrap and ML search took 126.464189 secs or 0.035129 hours

Drawing Bootstrap Support Values on best-scoring ML tree ...



Found 1 tree in File /gpfs_home/mhowison/code/hiv-profile-sampling/scratch/trees/pol/RAxML_bestTree.sample.44



Found 1 tree in File /gpfs_home/mhowison/code/hiv-profile-sampling/scratch/trees/pol/RAxML_bestTree.sample.44

Program execution info written to /gpfs_home/mhowison/code/hiv-profile-sampling/scratch/trees/pol/RAxML_info.sample.44
All 100 bootstrapped trees written to: /gpfs_home/mhowison/code/hiv-profile-sampling/scratch/trees/pol/RAxML_bootstrap.sample.44

Best-scoring ML tree written to: /gpfs_home/mhowison/code/hiv-profile-sampling/scratch/trees/pol/RAxML_bestTree.sample.44

Best-scoring ML tree with support values written to: /gpfs_home/mhowison/code/hiv-profile-sampling/scratch/trees/pol/RAxML_bipartitions.sample.44

Best-scoring ML tree with support values as branch labels written to: /gpfs_home/mhowison/code/hiv-profile-sampling/scratch/trees/pol/RAxML_bipartitionsBranchLabels.sample.44

Overall execution time for full ML analysis: 126.468566 secs or 0.035130 hours or 0.001464 days

