srun: job 261449 queued and waiting for resources
srun: job 261449 has been allocated resources
Warning, you specified a working directory via "-w"
Keep in mind that RAxML only accepts absolute path names, not relative ones!

RAxML can't, parse the alignment file as phylip file 
it will now try to parse it as FASTA file



Using BFGS method to optimize GTR rate parameters, to disable this specify "--no-bfgs" 


This is the RAxML Master Pthread

This is RAxML Worker Pthread Number: 3

This is RAxML Worker Pthread Number: 4

This is RAxML Worker Pthread Number: 5

This is RAxML Worker Pthread Number: 2

This is RAxML Worker Pthread Number: 1

This is RAxML Worker Pthread Number: 7

This is RAxML Worker Pthread Number: 8

This is RAxML Worker Pthread Number: 6

This is RAxML Worker Pthread Number: 10

This is RAxML Worker Pthread Number: 9

This is RAxML Worker Pthread Number: 11

This is RAxML Worker Pthread Number: 12

This is RAxML Worker Pthread Number: 14

This is RAxML Worker Pthread Number: 13

This is RAxML Worker Pthread Number: 15

This is RAxML Worker Pthread Number: 16

This is RAxML Worker Pthread Number: 19

This is RAxML Worker Pthread Number: 18

This is RAxML Worker Pthread Number: 17


This is RAxML version 8.2.12 released by Alexandros Stamatakis on May 2018.

With greatly appreciated code contributions by:
Andre Aberer      (HITS)
Simon Berger      (HITS)
Alexey Kozlov     (HITS)
Kassian Kobert    (HITS)
David Dao         (KIT and HITS)
Sarah Lutteropp   (KIT and HITS)
Nick Pattengale   (Sandia)
Wayne Pfeiffer    (SDSC)
Akifumi S. Tanabe (NRIFS)
Charlie Taylor    (UF)


Alignment has 1194 distinct alignment patterns

Proportion of gaps and completely undetermined characters in this alignment: 5.95%

RAxML rapid bootstrapping and subsequent ML search

Using 1 distinct models/data partitions with joint branch length optimization



Executing 100 rapid bootstrap inferences and thereafter a thorough ML search 

All free model parameters will be estimated by RAxML
GAMMA model of rate heterogeneity, ML estimate of alpha-parameter

GAMMA Model parameters will be estimated up to an accuracy of 0.1000000000 Log Likelihood units

Partition: 0
Alignment Patterns: 1194
Name: No Name Provided
DataType: DNA
Substitution Matrix: GTR




RAxML was called as follows:

raxmlHPC-PTHREADS-AVX -T 20 -s scratch/aligned/pol/sample.112.fa -p 3452944825 -x 3452944825 -f a -N 100 -m GTRGAMMA -w /gpfs_home/mhowison/code/hiv-profile-sampling/scratch/trees/pol -n sample.112 



Time for BS model parameter optimization 0.054861
Bootstrap[0]: Time 1.419416 seconds, bootstrap likelihood -21362.141883, best rearrangement setting 6
Bootstrap[1]: Time 0.707449 seconds, bootstrap likelihood -20832.553548, best rearrangement setting 10
Bootstrap[2]: Time 0.581631 seconds, bootstrap likelihood -20477.214672, best rearrangement setting 11
Bootstrap[3]: Time 0.693938 seconds, bootstrap likelihood -20227.940870, best rearrangement setting 6
Bootstrap[4]: Time 0.573887 seconds, bootstrap likelihood -21336.506168, best rearrangement setting 13
Bootstrap[5]: Time 0.548777 seconds, bootstrap likelihood -20600.684643, best rearrangement setting 6
Bootstrap[6]: Time 0.614569 seconds, bootstrap likelihood -20928.580905, best rearrangement setting 15
Bootstrap[7]: Time 0.581036 seconds, bootstrap likelihood -20492.417825, best rearrangement setting 8
Bootstrap[8]: Time 0.780971 seconds, bootstrap likelihood -20385.045746, best rearrangement setting 8
Bootstrap[9]: Time 0.565463 seconds, bootstrap likelihood -20558.614227, best rearrangement setting 10
Bootstrap[10]: Time 0.676387 seconds, bootstrap likelihood -21540.325116, best rearrangement setting 9
Bootstrap[11]: Time 0.563008 seconds, bootstrap likelihood -20757.715506, best rearrangement setting 12
Bootstrap[12]: Time 3.411127 seconds, bootstrap likelihood -20515.753568, best rearrangement setting 13
Bootstrap[13]: Time 3.276586 seconds, bootstrap likelihood -20461.525689, best rearrangement setting 9
Bootstrap[14]: Time 0.587492 seconds, bootstrap likelihood -20663.196141, best rearrangement setting 7
Bootstrap[15]: Time 0.706522 seconds, bootstrap likelihood -20671.532879, best rearrangement setting 11
Bootstrap[16]: Time 0.638691 seconds, bootstrap likelihood -20977.451353, best rearrangement setting 13
Bootstrap[17]: Time 0.596881 seconds, bootstrap likelihood -20621.828587, best rearrangement setting 6
Bootstrap[18]: Time 0.511800 seconds, bootstrap likelihood -21818.485995, best rearrangement setting 8
Bootstrap[19]: Time 0.685005 seconds, bootstrap likelihood -20874.971852, best rearrangement setting 7
Bootstrap[20]: Time 0.621698 seconds, bootstrap likelihood -20719.395915, best rearrangement setting 12
Bootstrap[21]: Time 0.598735 seconds, bootstrap likelihood -20793.008461, best rearrangement setting 13
Bootstrap[22]: Time 0.625702 seconds, bootstrap likelihood -20009.354349, best rearrangement setting 10
Bootstrap[23]: Time 0.686756 seconds, bootstrap likelihood -21120.075077, best rearrangement setting 10
Bootstrap[24]: Time 0.568079 seconds, bootstrap likelihood -20192.781783, best rearrangement setting 13
Bootstrap[25]: Time 0.515649 seconds, bootstrap likelihood -20228.102486, best rearrangement setting 15
Bootstrap[26]: Time 0.676154 seconds, bootstrap likelihood -20665.701171, best rearrangement setting 9
Bootstrap[27]: Time 13.443593 seconds, bootstrap likelihood -20572.939057, best rearrangement setting 11
Bootstrap[28]: Time 0.512147 seconds, bootstrap likelihood -20732.192925, best rearrangement setting 7
Bootstrap[29]: Time 0.458602 seconds, bootstrap likelihood -20724.802446, best rearrangement setting 5
Bootstrap[30]: Time 0.670310 seconds, bootstrap likelihood -20763.549204, best rearrangement setting 13
Bootstrap[31]: Time 0.592245 seconds, bootstrap likelihood -20396.921367, best rearrangement setting 6
Bootstrap[32]: Time 6.410726 seconds, bootstrap likelihood -20982.739743, best rearrangement setting 10
Bootstrap[33]: Time 0.716606 seconds, bootstrap likelihood -20767.888602, best rearrangement setting 11
Bootstrap[34]: Time 0.499179 seconds, bootstrap likelihood -20576.249402, best rearrangement setting 6
Bootstrap[35]: Time 0.602578 seconds, bootstrap likelihood -20498.890562, best rearrangement setting 13
Bootstrap[36]: Time 0.680793 seconds, bootstrap likelihood -20474.793711, best rearrangement setting 12
Bootstrap[37]: Time 0.620317 seconds, bootstrap likelihood -21152.868036, best rearrangement setting 14
Bootstrap[38]: Time 0.584017 seconds, bootstrap likelihood -20129.077497, best rearrangement setting 6
Bootstrap[39]: Time 0.528633 seconds, bootstrap likelihood -20475.016585, best rearrangement setting 5
Bootstrap[40]: Time 0.512544 seconds, bootstrap likelihood -21499.656779, best rearrangement setting 13
Bootstrap[41]: Time 0.568638 seconds, bootstrap likelihood -20548.891410, best rearrangement setting 12
Bootstrap[42]: Time 0.633210 seconds, bootstrap likelihood -20743.211081, best rearrangement setting 7
Bootstrap[43]: Time 0.624474 seconds, bootstrap likelihood -21711.042983, best rearrangement setting 6
Bootstrap[44]: Time 0.589639 seconds, bootstrap likelihood -21142.590492, best rearrangement setting 6
Bootstrap[45]: Time 0.544619 seconds, bootstrap likelihood -20653.317766, best rearrangement setting 12
Bootstrap[46]: Time 0.594897 seconds, bootstrap likelihood -20320.543552, best rearrangement setting 7
Bootstrap[47]: Time 0.493237 seconds, bootstrap likelihood -20329.139432, best rearrangement setting 5
Bootstrap[48]: Time 0.618335 seconds, bootstrap likelihood -20677.803974, best rearrangement setting 14
Bootstrap[49]: Time 0.584026 seconds, bootstrap likelihood -19933.060856, best rearrangement setting 14
Bootstrap[50]: Time 0.513600 seconds, bootstrap likelihood -20986.977822, best rearrangement setting 5
Bootstrap[51]: Time 0.595909 seconds, bootstrap likelihood -20700.183020, best rearrangement setting 15
Bootstrap[52]: Time 0.563522 seconds, bootstrap likelihood -21171.715322, best rearrangement setting 8
Bootstrap[53]: Time 0.565036 seconds, bootstrap likelihood -21153.923471, best rearrangement setting 9
Bootstrap[54]: Time 0.631338 seconds, bootstrap likelihood -21202.757208, best rearrangement setting 9
Bootstrap[55]: Time 0.560604 seconds, bootstrap likelihood -20526.818474, best rearrangement setting 7
Bootstrap[56]: Time 0.608055 seconds, bootstrap likelihood -20933.195838, best rearrangement setting 15
Bootstrap[57]: Time 0.571501 seconds, bootstrap likelihood -21052.240979, best rearrangement setting 5
Bootstrap[58]: Time 0.776322 seconds, bootstrap likelihood -21809.551273, best rearrangement setting 8
Bootstrap[59]: Time 0.499416 seconds, bootstrap likelihood -21104.467810, best rearrangement setting 8
Bootstrap[60]: Time 0.605262 seconds, bootstrap likelihood -21368.636039, best rearrangement setting 9
Bootstrap[61]: Time 0.632963 seconds, bootstrap likelihood -20765.958106, best rearrangement setting 13
Bootstrap[62]: Time 0.561022 seconds, bootstrap likelihood -21211.224847, best rearrangement setting 15
Bootstrap[63]: Time 0.515943 seconds, bootstrap likelihood -20044.702159, best rearrangement setting 5
Bootstrap[64]: Time 0.590061 seconds, bootstrap likelihood -20981.113970, best rearrangement setting 13
Bootstrap[65]: Time 2.699318 seconds, bootstrap likelihood -21444.457602, best rearrangement setting 10
Bootstrap[66]: Time 0.561663 seconds, bootstrap likelihood -20571.733092, best rearrangement setting 7
Bootstrap[67]: Time 0.502257 seconds, bootstrap likelihood -20864.852266, best rearrangement setting 15
Bootstrap[68]: Time 0.582622 seconds, bootstrap likelihood -21675.256858, best rearrangement setting 8
Bootstrap[69]: Time 0.617008 seconds, bootstrap likelihood -21408.651153, best rearrangement setting 11
Bootstrap[70]: Time 0.506234 seconds, bootstrap likelihood -20664.610098, best rearrangement setting 6
Bootstrap[71]: Time 6.947814 seconds, bootstrap likelihood -20880.062213, best rearrangement setting 11
Bootstrap[72]: Time 0.526296 seconds, bootstrap likelihood -20752.921705, best rearrangement setting 5
Bootstrap[73]: Time 2.776933 seconds, bootstrap likelihood -20876.264930, best rearrangement setting 10
Bootstrap[74]: Time 0.586747 seconds, bootstrap likelihood -20672.185778, best rearrangement setting 7
Bootstrap[75]: Time 0.614708 seconds, bootstrap likelihood -20504.093402, best rearrangement setting 8
Bootstrap[76]: Time 0.560998 seconds, bootstrap likelihood -20743.227821, best rearrangement setting 5
Bootstrap[77]: Time 0.715880 seconds, bootstrap likelihood -21310.579537, best rearrangement setting 15
Bootstrap[78]: Time 0.599138 seconds, bootstrap likelihood -20929.416785, best rearrangement setting 15
Bootstrap[79]: Time 0.688851 seconds, bootstrap likelihood -21526.326653, best rearrangement setting 13
Bootstrap[80]: Time 0.546900 seconds, bootstrap likelihood -21041.049177, best rearrangement setting 5
Bootstrap[81]: Time 0.618926 seconds, bootstrap likelihood -20563.255338, best rearrangement setting 8
Bootstrap[82]: Time 0.634586 seconds, bootstrap likelihood -21055.153352, best rearrangement setting 15
Bootstrap[83]: Time 0.590501 seconds, bootstrap likelihood -20386.220941, best rearrangement setting 11
Bootstrap[84]: Time 0.548807 seconds, bootstrap likelihood -21680.118882, best rearrangement setting 7
Bootstrap[85]: Time 0.635005 seconds, bootstrap likelihood -20309.876838, best rearrangement setting 10
Bootstrap[86]: Time 0.573771 seconds, bootstrap likelihood -21014.080313, best rearrangement setting 12
Bootstrap[87]: Time 0.670247 seconds, bootstrap likelihood -21241.653156, best rearrangement setting 14
Bootstrap[88]: Time 0.645730 seconds, bootstrap likelihood -20473.364085, best rearrangement setting 9
Bootstrap[89]: Time 0.729802 seconds, bootstrap likelihood -21090.084467, best rearrangement setting 10
Bootstrap[90]: Time 0.796509 seconds, bootstrap likelihood -20931.601254, best rearrangement setting 12
Bootstrap[91]: Time 0.610593 seconds, bootstrap likelihood -20454.910590, best rearrangement setting 12
Bootstrap[92]: Time 0.655382 seconds, bootstrap likelihood -19897.729899, best rearrangement setting 9
Bootstrap[93]: Time 0.632799 seconds, bootstrap likelihood -20580.999571, best rearrangement setting 6
Bootstrap[94]: Time 0.605985 seconds, bootstrap likelihood -21014.831119, best rearrangement setting 13
Bootstrap[95]: Time 0.569992 seconds, bootstrap likelihood -20621.120073, best rearrangement setting 12
Bootstrap[96]: Time 0.687468 seconds, bootstrap likelihood -20429.479443, best rearrangement setting 14
Bootstrap[97]: Time 0.603616 seconds, bootstrap likelihood -21058.099955, best rearrangement setting 9
Bootstrap[98]: Time 0.641727 seconds, bootstrap likelihood -21228.678535, best rearrangement setting 14
Bootstrap[99]: Time 0.625647 seconds, bootstrap likelihood -20881.501366, best rearrangement setting 13


Overall Time for 100 Rapid Bootstraps 96.135733 seconds
Average Time per Rapid Bootstrap 0.961357 seconds

Starting ML Search ...

Fast ML optimization finished

Fast ML search Time: 352.161135 seconds

Slow ML Search 0 Likelihood: -20891.403392
Slow ML Search 1 Likelihood: -20891.403726
Slow ML Search 2 Likelihood: -20891.403728
Slow ML Search 3 Likelihood: -20891.508084
Slow ML Search 4 Likelihood: -20891.508084
Slow ML Search 5 Likelihood: -20892.009969
Slow ML Search 6 Likelihood: -20892.107633
Slow ML Search 7 Likelihood: -20892.452632
Slow ML Search 8 Likelihood: -20892.452632
Slow ML Search 9 Likelihood: -20892.452632
Slow ML optimization finished

Slow ML search Time: 17.887898 seconds
Thorough ML search Time: 19.639265 seconds

Final ML Optimization Likelihood: -20891.403391

Model Information:

Model Parameters of Partition 0, Name: No Name Provided, Type of Data: DNA
alpha: 0.304785
Tree-Length: 1.618515
rate A <-> C: 2.556233
rate A <-> G: 9.723500
rate A <-> T: 1.053048
rate C <-> G: 1.025624
rate C <-> T: 12.023153
rate G <-> T: 1.000000

freq pi(A): 0.390012
freq pi(C): 0.165878
freq pi(G): 0.227633
freq pi(T): 0.216477


ML search took 389.698734 secs or 0.108250 hours

Combined Bootstrap and ML search took 485.834646 secs or 0.134954 hours

Drawing Bootstrap Support Values on best-scoring ML tree ...



Found 1 tree in File /gpfs_home/mhowison/code/hiv-profile-sampling/scratch/trees/pol/RAxML_bestTree.sample.112



Found 1 tree in File /gpfs_home/mhowison/code/hiv-profile-sampling/scratch/trees/pol/RAxML_bestTree.sample.112

Program execution info written to /gpfs_home/mhowison/code/hiv-profile-sampling/scratch/trees/pol/RAxML_info.sample.112
All 100 bootstrapped trees written to: /gpfs_home/mhowison/code/hiv-profile-sampling/scratch/trees/pol/RAxML_bootstrap.sample.112

Best-scoring ML tree written to: /gpfs_home/mhowison/code/hiv-profile-sampling/scratch/trees/pol/RAxML_bestTree.sample.112

Best-scoring ML tree with support values written to: /gpfs_home/mhowison/code/hiv-profile-sampling/scratch/trees/pol/RAxML_bipartitions.sample.112

Best-scoring ML tree with support values as branch labels written to: /gpfs_home/mhowison/code/hiv-profile-sampling/scratch/trees/pol/RAxML_bipartitionsBranchLabels.sample.112

Overall execution time for full ML analysis: 485.838963 secs or 0.134955 hours or 0.005623 days

