srun: job 262162 queued and waiting for resources
srun: job 262162 has been allocated resources
Warning, you specified a working directory via "-w"
Keep in mind that RAxML only accepts absolute path names, not relative ones!

RAxML can't, parse the alignment file as phylip file 
it will now try to parse it as FASTA file



Using BFGS method to optimize GTR rate parameters, to disable this specify "--no-bfgs" 


This is the RAxML Master Pthread

This is RAxML Worker Pthread Number: 1

This is RAxML Worker Pthread Number: 2

This is RAxML Worker Pthread Number: 3

This is RAxML Worker Pthread Number: 5

This is RAxML Worker Pthread Number: 4

This is RAxML Worker Pthread Number: 6

This is RAxML Worker Pthread Number: 7

This is RAxML Worker Pthread Number: 8

This is RAxML Worker Pthread Number: 9

This is RAxML Worker Pthread Number: 11

This is RAxML Worker Pthread Number: 12

This is RAxML Worker Pthread Number: 10

This is RAxML Worker Pthread Number: 13

This is RAxML Worker Pthread Number: 14

This is RAxML Worker Pthread Number: 15

This is RAxML Worker Pthread Number: 16

This is RAxML Worker Pthread Number: 18

This is RAxML Worker Pthread Number: 17

This is RAxML Worker Pthread Number: 19


This is RAxML version 8.2.12 released by Alexandros Stamatakis on May 2018.

With greatly appreciated code contributions by:
Andre Aberer      (HITS)
Simon Berger      (HITS)
Alexey Kozlov     (HITS)
Kassian Kobert    (HITS)
David Dao         (KIT and HITS)
Sarah Lutteropp   (KIT and HITS)
Nick Pattengale   (Sandia)
Wayne Pfeiffer    (SDSC)
Akifumi S. Tanabe (NRIFS)
Charlie Taylor    (UF)


Alignment has 1183 distinct alignment patterns

Proportion of gaps and completely undetermined characters in this alignment: 5.94%

RAxML rapid bootstrapping and subsequent ML search

Using 1 distinct models/data partitions with joint branch length optimization



Executing 100 rapid bootstrap inferences and thereafter a thorough ML search 

All free model parameters will be estimated by RAxML
GAMMA model of rate heterogeneity, ML estimate of alpha-parameter

GAMMA Model parameters will be estimated up to an accuracy of 0.1000000000 Log Likelihood units

Partition: 0
Alignment Patterns: 1183
Name: No Name Provided
DataType: DNA
Substitution Matrix: GTR




RAxML was called as follows:

raxmlHPC-PTHREADS-AVX -T 20 -s scratch/aligned/pol/sample.379.fa -p 6139891804 -x 6139891804 -f a -N 100 -m GTRGAMMA -w /gpfs_home/mhowison/code/hiv-profile-sampling/scratch/trees/pol -n sample.379 



Time for BS model parameter optimization 0.052176
Bootstrap[0]: Time 0.616458 seconds, bootstrap likelihood -20256.285049, best rearrangement setting 15
Bootstrap[1]: Time 0.521312 seconds, bootstrap likelihood -20367.736838, best rearrangement setting 8
Bootstrap[2]: Time 0.527309 seconds, bootstrap likelihood -20295.867415, best rearrangement setting 10
Bootstrap[3]: Time 0.557374 seconds, bootstrap likelihood -20136.394063, best rearrangement setting 12
Bootstrap[4]: Time 0.500423 seconds, bootstrap likelihood -20381.774844, best rearrangement setting 12
Bootstrap[5]: Time 0.579183 seconds, bootstrap likelihood -19931.204258, best rearrangement setting 11
Bootstrap[6]: Time 0.558285 seconds, bootstrap likelihood -20698.296710, best rearrangement setting 12
Bootstrap[7]: Time 0.514986 seconds, bootstrap likelihood -21370.684007, best rearrangement setting 8
Bootstrap[8]: Time 0.563696 seconds, bootstrap likelihood -20172.551929, best rearrangement setting 7
Bootstrap[9]: Time 0.530768 seconds, bootstrap likelihood -20282.440287, best rearrangement setting 12
Bootstrap[10]: Time 0.629036 seconds, bootstrap likelihood -21037.388536, best rearrangement setting 10
Bootstrap[11]: Time 0.519963 seconds, bootstrap likelihood -20289.913735, best rearrangement setting 8
Bootstrap[12]: Time 0.562310 seconds, bootstrap likelihood -21060.229329, best rearrangement setting 10
Bootstrap[13]: Time 0.513221 seconds, bootstrap likelihood -19722.250461, best rearrangement setting 6
Bootstrap[14]: Time 0.500269 seconds, bootstrap likelihood -20049.734957, best rearrangement setting 13
Bootstrap[15]: Time 0.707868 seconds, bootstrap likelihood -20597.474870, best rearrangement setting 8
Bootstrap[16]: Time 0.616082 seconds, bootstrap likelihood -21028.433278, best rearrangement setting 13
Bootstrap[17]: Time 0.577070 seconds, bootstrap likelihood -20362.553566, best rearrangement setting 8
Bootstrap[18]: Time 0.610530 seconds, bootstrap likelihood -21414.300982, best rearrangement setting 14
Bootstrap[19]: Time 0.546205 seconds, bootstrap likelihood -21403.948076, best rearrangement setting 6
Bootstrap[20]: Time 0.509974 seconds, bootstrap likelihood -19150.940970, best rearrangement setting 13
Bootstrap[21]: Time 0.540037 seconds, bootstrap likelihood -20743.663687, best rearrangement setting 11
Bootstrap[22]: Time 0.500626 seconds, bootstrap likelihood -19340.970325, best rearrangement setting 11
Bootstrap[23]: Time 0.483884 seconds, bootstrap likelihood -19994.891442, best rearrangement setting 15
Bootstrap[24]: Time 0.499805 seconds, bootstrap likelihood -20226.734936, best rearrangement setting 15
Bootstrap[25]: Time 0.452954 seconds, bootstrap likelihood -20555.079933, best rearrangement setting 5
Bootstrap[26]: Time 0.579928 seconds, bootstrap likelihood -20683.422821, best rearrangement setting 7
Bootstrap[27]: Time 0.594580 seconds, bootstrap likelihood -20606.579839, best rearrangement setting 10
Bootstrap[28]: Time 0.504148 seconds, bootstrap likelihood -20576.036330, best rearrangement setting 13
Bootstrap[29]: Time 0.557542 seconds, bootstrap likelihood -20595.868947, best rearrangement setting 10
Bootstrap[30]: Time 0.448913 seconds, bootstrap likelihood -20228.964444, best rearrangement setting 5
Bootstrap[31]: Time 0.540092 seconds, bootstrap likelihood -20649.725743, best rearrangement setting 13
Bootstrap[32]: Time 0.440709 seconds, bootstrap likelihood -20339.037040, best rearrangement setting 5
Bootstrap[33]: Time 0.450799 seconds, bootstrap likelihood -20512.389888, best rearrangement setting 10
Bootstrap[34]: Time 0.491241 seconds, bootstrap likelihood -19971.795237, best rearrangement setting 6
Bootstrap[35]: Time 0.618271 seconds, bootstrap likelihood -20212.433475, best rearrangement setting 11
Bootstrap[36]: Time 0.543661 seconds, bootstrap likelihood -20562.445091, best rearrangement setting 10
Bootstrap[37]: Time 0.579238 seconds, bootstrap likelihood -20338.158966, best rearrangement setting 10
Bootstrap[38]: Time 0.458459 seconds, bootstrap likelihood -20151.625583, best rearrangement setting 13
Bootstrap[39]: Time 0.504730 seconds, bootstrap likelihood -19238.599717, best rearrangement setting 14
Bootstrap[40]: Time 0.498085 seconds, bootstrap likelihood -20691.254475, best rearrangement setting 9
Bootstrap[41]: Time 0.524487 seconds, bootstrap likelihood -20146.903494, best rearrangement setting 12
Bootstrap[42]: Time 0.467610 seconds, bootstrap likelihood -19935.755937, best rearrangement setting 6
Bootstrap[43]: Time 1.041658 seconds, bootstrap likelihood -20657.184577, best rearrangement setting 6
Bootstrap[44]: Time 0.533439 seconds, bootstrap likelihood -20483.504783, best rearrangement setting 7
Bootstrap[45]: Time 0.533115 seconds, bootstrap likelihood -20181.730951, best rearrangement setting 11
Bootstrap[46]: Time 0.496792 seconds, bootstrap likelihood -20152.249682, best rearrangement setting 6
Bootstrap[47]: Time 0.516607 seconds, bootstrap likelihood -21003.260951, best rearrangement setting 6
Bootstrap[48]: Time 0.485786 seconds, bootstrap likelihood -20927.735189, best rearrangement setting 15
Bootstrap[49]: Time 0.500865 seconds, bootstrap likelihood -19790.385366, best rearrangement setting 7
Bootstrap[50]: Time 0.565658 seconds, bootstrap likelihood -19417.647085, best rearrangement setting 14
Bootstrap[51]: Time 0.479284 seconds, bootstrap likelihood -20012.251246, best rearrangement setting 5
Bootstrap[52]: Time 0.478182 seconds, bootstrap likelihood -20204.125519, best rearrangement setting 12
Bootstrap[53]: Time 0.499443 seconds, bootstrap likelihood -20179.610284, best rearrangement setting 9
Bootstrap[54]: Time 0.527488 seconds, bootstrap likelihood -20449.870562, best rearrangement setting 13
Bootstrap[55]: Time 0.539324 seconds, bootstrap likelihood -20520.218629, best rearrangement setting 8
Bootstrap[56]: Time 0.477693 seconds, bootstrap likelihood -20059.831258, best rearrangement setting 7
Bootstrap[57]: Time 0.559653 seconds, bootstrap likelihood -20559.703717, best rearrangement setting 15
Bootstrap[58]: Time 0.510501 seconds, bootstrap likelihood -20210.549479, best rearrangement setting 15
Bootstrap[59]: Time 0.487528 seconds, bootstrap likelihood -20479.712236, best rearrangement setting 6
Bootstrap[60]: Time 0.536535 seconds, bootstrap likelihood -20598.141720, best rearrangement setting 10
Bootstrap[61]: Time 0.448273 seconds, bootstrap likelihood -20126.285528, best rearrangement setting 6
Bootstrap[62]: Time 0.595578 seconds, bootstrap likelihood -21431.588035, best rearrangement setting 14
Bootstrap[63]: Time 0.429342 seconds, bootstrap likelihood -20795.507998, best rearrangement setting 6
Bootstrap[64]: Time 0.481196 seconds, bootstrap likelihood -19771.044244, best rearrangement setting 5
Bootstrap[65]: Time 0.548599 seconds, bootstrap likelihood -20150.706958, best rearrangement setting 10
Bootstrap[66]: Time 0.520325 seconds, bootstrap likelihood -21037.024598, best rearrangement setting 8
Bootstrap[67]: Time 0.495455 seconds, bootstrap likelihood -20364.007769, best rearrangement setting 13
Bootstrap[68]: Time 0.603887 seconds, bootstrap likelihood -20802.420901, best rearrangement setting 12
Bootstrap[69]: Time 0.567537 seconds, bootstrap likelihood -20236.310511, best rearrangement setting 10
Bootstrap[70]: Time 0.570248 seconds, bootstrap likelihood -20703.493828, best rearrangement setting 9
Bootstrap[71]: Time 0.642727 seconds, bootstrap likelihood -19993.295879, best rearrangement setting 5
Bootstrap[72]: Time 0.565987 seconds, bootstrap likelihood -20592.303622, best rearrangement setting 14
Bootstrap[73]: Time 0.564619 seconds, bootstrap likelihood -20185.775744, best rearrangement setting 9
Bootstrap[74]: Time 0.505578 seconds, bootstrap likelihood -20293.879578, best rearrangement setting 7
Bootstrap[75]: Time 0.543315 seconds, bootstrap likelihood -20038.476223, best rearrangement setting 13
Bootstrap[76]: Time 0.562076 seconds, bootstrap likelihood -20843.890046, best rearrangement setting 9
Bootstrap[77]: Time 0.540897 seconds, bootstrap likelihood -20307.248899, best rearrangement setting 12
Bootstrap[78]: Time 0.565911 seconds, bootstrap likelihood -20241.137174, best rearrangement setting 14
Bootstrap[79]: Time 0.496053 seconds, bootstrap likelihood -20324.906301, best rearrangement setting 14
Bootstrap[80]: Time 0.511470 seconds, bootstrap likelihood -20854.663070, best rearrangement setting 13
Bootstrap[81]: Time 0.442050 seconds, bootstrap likelihood -20558.932727, best rearrangement setting 5
Bootstrap[82]: Time 0.486451 seconds, bootstrap likelihood -21029.078380, best rearrangement setting 8
Bootstrap[83]: Time 0.548626 seconds, bootstrap likelihood -20420.933790, best rearrangement setting 14
Bootstrap[84]: Time 0.510729 seconds, bootstrap likelihood -20843.417932, best rearrangement setting 7
Bootstrap[85]: Time 0.562785 seconds, bootstrap likelihood -21445.882808, best rearrangement setting 10
Bootstrap[86]: Time 0.545655 seconds, bootstrap likelihood -21217.013313, best rearrangement setting 13
Bootstrap[87]: Time 0.491519 seconds, bootstrap likelihood -20530.641655, best rearrangement setting 6
Bootstrap[88]: Time 0.563135 seconds, bootstrap likelihood -20390.163167, best rearrangement setting 7
Bootstrap[89]: Time 0.395554 seconds, bootstrap likelihood -20340.926422, best rearrangement setting 13
Bootstrap[90]: Time 0.526913 seconds, bootstrap likelihood -20610.513587, best rearrangement setting 13
Bootstrap[91]: Time 0.577093 seconds, bootstrap likelihood -20722.782399, best rearrangement setting 14
Bootstrap[92]: Time 0.607092 seconds, bootstrap likelihood -20332.252668, best rearrangement setting 10
Bootstrap[93]: Time 0.424095 seconds, bootstrap likelihood -20957.943438, best rearrangement setting 5
Bootstrap[94]: Time 0.599448 seconds, bootstrap likelihood -20332.179295, best rearrangement setting 11
Bootstrap[95]: Time 0.599621 seconds, bootstrap likelihood -21028.324486, best rearrangement setting 11
Bootstrap[96]: Time 0.493472 seconds, bootstrap likelihood -20273.218241, best rearrangement setting 6
Bootstrap[97]: Time 0.528663 seconds, bootstrap likelihood -20918.207053, best rearrangement setting 10
Bootstrap[98]: Time 0.507685 seconds, bootstrap likelihood -20683.932027, best rearrangement setting 7
Bootstrap[99]: Time 35.610200 seconds, bootstrap likelihood -20968.870491, best rearrangement setting 13


Overall Time for 100 Rapid Bootstraps 88.629203 seconds
Average Time per Rapid Bootstrap 0.886292 seconds

Starting ML Search ...

Fast ML optimization finished

Fast ML search Time: 42.833093 seconds

Slow ML Search 0 Likelihood: -20623.122092
Slow ML Search 1 Likelihood: -20623.334163
Slow ML Search 2 Likelihood: -20623.601660
Slow ML Search 3 Likelihood: -20623.601815
Slow ML Search 4 Likelihood: -20624.117870
Slow ML Search 5 Likelihood: -20624.117869
Slow ML Search 6 Likelihood: -20625.116307
Slow ML Search 7 Likelihood: -20625.238081
Slow ML Search 8 Likelihood: -20626.166069
Slow ML Search 9 Likelihood: -20626.596957
Slow ML optimization finished

Slow ML search Time: 8.622855 seconds
Thorough ML search Time: 1.108103 seconds

Final ML Optimization Likelihood: -20623.122091

Model Information:

Model Parameters of Partition 0, Name: No Name Provided, Type of Data: DNA
alpha: 0.304679
Tree-Length: 1.583861
rate A <-> C: 2.494118
rate A <-> G: 9.767842
rate A <-> T: 1.066733
rate C <-> G: 1.084625
rate C <-> T: 11.768127
rate G <-> T: 1.000000

freq pi(A): 0.389779
freq pi(C): 0.165725
freq pi(G): 0.227821
freq pi(T): 0.216675


ML search took 52.586349 secs or 0.014607 hours

Combined Bootstrap and ML search took 141.215696 secs or 0.039227 hours

Drawing Bootstrap Support Values on best-scoring ML tree ...



Found 1 tree in File /gpfs_home/mhowison/code/hiv-profile-sampling/scratch/trees/pol/RAxML_bestTree.sample.379



Found 1 tree in File /gpfs_home/mhowison/code/hiv-profile-sampling/scratch/trees/pol/RAxML_bestTree.sample.379

Program execution info written to /gpfs_home/mhowison/code/hiv-profile-sampling/scratch/trees/pol/RAxML_info.sample.379
All 100 bootstrapped trees written to: /gpfs_home/mhowison/code/hiv-profile-sampling/scratch/trees/pol/RAxML_bootstrap.sample.379

Best-scoring ML tree written to: /gpfs_home/mhowison/code/hiv-profile-sampling/scratch/trees/pol/RAxML_bestTree.sample.379

Best-scoring ML tree with support values written to: /gpfs_home/mhowison/code/hiv-profile-sampling/scratch/trees/pol/RAxML_bipartitions.sample.379

Best-scoring ML tree with support values as branch labels written to: /gpfs_home/mhowison/code/hiv-profile-sampling/scratch/trees/pol/RAxML_bipartitionsBranchLabels.sample.379

Overall execution time for full ML analysis: 141.240037 secs or 0.039233 hours or 0.001635 days

