srun: job 261451 queued and waiting for resources
srun: job 261451 has been allocated resources
Warning, you specified a working directory via "-w"
Keep in mind that RAxML only accepts absolute path names, not relative ones!

RAxML can't, parse the alignment file as phylip file 
it will now try to parse it as FASTA file



Using BFGS method to optimize GTR rate parameters, to disable this specify "--no-bfgs" 


This is the RAxML Master Pthread

This is RAxML Worker Pthread Number: 3

This is RAxML Worker Pthread Number: 1

This is RAxML Worker Pthread Number: 2

This is RAxML Worker Pthread Number: 4

This is RAxML Worker Pthread Number: 5

This is RAxML Worker Pthread Number: 6

This is RAxML Worker Pthread Number: 7

This is RAxML Worker Pthread Number: 8

This is RAxML Worker Pthread Number: 9

This is RAxML Worker Pthread Number: 10

This is RAxML Worker Pthread Number: 11

This is RAxML Worker Pthread Number: 12

This is RAxML Worker Pthread Number: 13

This is RAxML Worker Pthread Number: 16

This is RAxML Worker Pthread Number: 14

This is RAxML Worker Pthread Number: 15

This is RAxML Worker Pthread Number: 17

This is RAxML Worker Pthread Number: 18

This is RAxML Worker Pthread Number: 19


This is RAxML version 8.2.12 released by Alexandros Stamatakis on May 2018.

With greatly appreciated code contributions by:
Andre Aberer      (HITS)
Simon Berger      (HITS)
Alexey Kozlov     (HITS)
Kassian Kobert    (HITS)
David Dao         (KIT and HITS)
Sarah Lutteropp   (KIT and HITS)
Nick Pattengale   (Sandia)
Wayne Pfeiffer    (SDSC)
Akifumi S. Tanabe (NRIFS)
Charlie Taylor    (UF)


Alignment has 1164 distinct alignment patterns

Proportion of gaps and completely undetermined characters in this alignment: 5.94%

RAxML rapid bootstrapping and subsequent ML search

Using 1 distinct models/data partitions with joint branch length optimization



Executing 100 rapid bootstrap inferences and thereafter a thorough ML search 

All free model parameters will be estimated by RAxML
GAMMA model of rate heterogeneity, ML estimate of alpha-parameter

GAMMA Model parameters will be estimated up to an accuracy of 0.1000000000 Log Likelihood units

Partition: 0
Alignment Patterns: 1164
Name: No Name Provided
DataType: DNA
Substitution Matrix: GTR




RAxML was called as follows:

raxmlHPC-PTHREADS-AVX -T 20 -s scratch/aligned/pol/sample.113.fa -p 8830542210 -x 8830542210 -f a -N 100 -m GTRGAMMA -w /gpfs_home/mhowison/code/hiv-profile-sampling/scratch/trees/pol -n sample.113 



Time for BS model parameter optimization 0.050718
Bootstrap[0]: Time 0.477866 seconds, bootstrap likelihood -21005.734609, best rearrangement setting 5
Bootstrap[1]: Time 0.588028 seconds, bootstrap likelihood -20212.501323, best rearrangement setting 14
Bootstrap[2]: Time 0.507736 seconds, bootstrap likelihood -20705.369513, best rearrangement setting 9
Bootstrap[3]: Time 0.563708 seconds, bootstrap likelihood -20474.620744, best rearrangement setting 11
Bootstrap[4]: Time 0.531817 seconds, bootstrap likelihood -20521.319465, best rearrangement setting 13
Bootstrap[5]: Time 0.549891 seconds, bootstrap likelihood -20006.395651, best rearrangement setting 12
Bootstrap[6]: Time 0.546081 seconds, bootstrap likelihood -20428.041498, best rearrangement setting 11
Bootstrap[7]: Time 0.534644 seconds, bootstrap likelihood -20019.327018, best rearrangement setting 14
Bootstrap[8]: Time 0.811893 seconds, bootstrap likelihood -20432.598431, best rearrangement setting 10
Bootstrap[9]: Time 0.542628 seconds, bootstrap likelihood -20623.439373, best rearrangement setting 7
Bootstrap[10]: Time 0.498079 seconds, bootstrap likelihood -20695.304344, best rearrangement setting 10
Bootstrap[11]: Time 0.531777 seconds, bootstrap likelihood -20431.120403, best rearrangement setting 15
Bootstrap[12]: Time 0.570478 seconds, bootstrap likelihood -21052.725141, best rearrangement setting 10
Bootstrap[13]: Time 0.603733 seconds, bootstrap likelihood -20448.280783, best rearrangement setting 15
Bootstrap[14]: Time 0.598201 seconds, bootstrap likelihood -20844.934405, best rearrangement setting 10
Bootstrap[15]: Time 4.178822 seconds, bootstrap likelihood -19991.016735, best rearrangement setting 12
Bootstrap[16]: Time 0.467861 seconds, bootstrap likelihood -20373.095728, best rearrangement setting 7
Bootstrap[17]: Time 0.423301 seconds, bootstrap likelihood -20689.394886, best rearrangement setting 13
Bootstrap[18]: Time 0.496291 seconds, bootstrap likelihood -20324.125597, best rearrangement setting 7
Bootstrap[19]: Time 0.483255 seconds, bootstrap likelihood -20983.813708, best rearrangement setting 11
Bootstrap[20]: Time 0.512242 seconds, bootstrap likelihood -20346.263624, best rearrangement setting 6
Bootstrap[21]: Time 0.562441 seconds, bootstrap likelihood -20548.588898, best rearrangement setting 14
Bootstrap[22]: Time 0.578046 seconds, bootstrap likelihood -20861.226481, best rearrangement setting 10
Bootstrap[23]: Time 0.417150 seconds, bootstrap likelihood -20895.308396, best rearrangement setting 5
Bootstrap[24]: Time 0.456634 seconds, bootstrap likelihood -19932.954721, best rearrangement setting 5
Bootstrap[25]: Time 0.452095 seconds, bootstrap likelihood -20278.901513, best rearrangement setting 7
Bootstrap[26]: Time 0.539015 seconds, bootstrap likelihood -20416.615893, best rearrangement setting 13
Bootstrap[27]: Time 0.506439 seconds, bootstrap likelihood -21142.186244, best rearrangement setting 8
Bootstrap[28]: Time 1.458825 seconds, bootstrap likelihood -19777.393656, best rearrangement setting 14
Bootstrap[29]: Time 0.537874 seconds, bootstrap likelihood -20358.226063, best rearrangement setting 12
Bootstrap[30]: Time 0.537687 seconds, bootstrap likelihood -20305.569473, best rearrangement setting 15
Bootstrap[31]: Time 0.617613 seconds, bootstrap likelihood -20836.183409, best rearrangement setting 10
Bootstrap[32]: Time 0.571348 seconds, bootstrap likelihood -20681.428062, best rearrangement setting 14
Bootstrap[33]: Time 0.552303 seconds, bootstrap likelihood -20068.087506, best rearrangement setting 11
Bootstrap[34]: Time 0.483702 seconds, bootstrap likelihood -20508.723511, best rearrangement setting 11
Bootstrap[35]: Time 0.428148 seconds, bootstrap likelihood -20952.785085, best rearrangement setting 5
Bootstrap[36]: Time 0.447553 seconds, bootstrap likelihood -20408.489131, best rearrangement setting 11
Bootstrap[37]: Time 0.554041 seconds, bootstrap likelihood -20503.353182, best rearrangement setting 10
Bootstrap[38]: Time 0.440266 seconds, bootstrap likelihood -19912.694260, best rearrangement setting 10
Bootstrap[39]: Time 0.481446 seconds, bootstrap likelihood -20370.279461, best rearrangement setting 15
Bootstrap[40]: Time 0.459341 seconds, bootstrap likelihood -20657.207917, best rearrangement setting 11
Bootstrap[41]: Time 0.483142 seconds, bootstrap likelihood -20522.203300, best rearrangement setting 6
Bootstrap[42]: Time 0.602856 seconds, bootstrap likelihood -20517.806288, best rearrangement setting 12
Bootstrap[43]: Time 0.498540 seconds, bootstrap likelihood -20529.852988, best rearrangement setting 15
Bootstrap[44]: Time 0.491005 seconds, bootstrap likelihood -20738.889419, best rearrangement setting 10
Bootstrap[45]: Time 0.516373 seconds, bootstrap likelihood -20125.489386, best rearrangement setting 12
Bootstrap[46]: Time 0.454428 seconds, bootstrap likelihood -20295.101797, best rearrangement setting 7
Bootstrap[47]: Time 0.555016 seconds, bootstrap likelihood -19835.551171, best rearrangement setting 12
Bootstrap[48]: Time 0.492578 seconds, bootstrap likelihood -20432.242253, best rearrangement setting 6
Bootstrap[49]: Time 0.479997 seconds, bootstrap likelihood -20816.853281, best rearrangement setting 5
Bootstrap[50]: Time 0.439519 seconds, bootstrap likelihood -20239.140045, best rearrangement setting 11
Bootstrap[51]: Time 0.578324 seconds, bootstrap likelihood -20221.402326, best rearrangement setting 9
Bootstrap[52]: Time 0.434357 seconds, bootstrap likelihood -21124.917364, best rearrangement setting 5
Bootstrap[53]: Time 0.497021 seconds, bootstrap likelihood -20255.605233, best rearrangement setting 15
Bootstrap[54]: Time 0.561157 seconds, bootstrap likelihood -20168.397632, best rearrangement setting 9
Bootstrap[55]: Time 0.528215 seconds, bootstrap likelihood -20945.770642, best rearrangement setting 12
Bootstrap[56]: Time 0.622669 seconds, bootstrap likelihood -21086.756992, best rearrangement setting 10
Bootstrap[57]: Time 3.561099 seconds, bootstrap likelihood -21136.675034, best rearrangement setting 11
Bootstrap[58]: Time 0.510719 seconds, bootstrap likelihood -19517.105756, best rearrangement setting 11
Bootstrap[59]: Time 0.518694 seconds, bootstrap likelihood -20583.772894, best rearrangement setting 15
Bootstrap[60]: Time 0.501056 seconds, bootstrap likelihood -19807.090499, best rearrangement setting 6
Bootstrap[61]: Time 0.453262 seconds, bootstrap likelihood -20377.821894, best rearrangement setting 11
Bootstrap[62]: Time 0.522227 seconds, bootstrap likelihood -21170.124233, best rearrangement setting 8
Bootstrap[63]: Time 0.457953 seconds, bootstrap likelihood -20425.542862, best rearrangement setting 5
Bootstrap[64]: Time 0.493720 seconds, bootstrap likelihood -20945.424324, best rearrangement setting 8
Bootstrap[65]: Time 0.433027 seconds, bootstrap likelihood -20713.079131, best rearrangement setting 15
Bootstrap[66]: Time 0.456232 seconds, bootstrap likelihood -20536.962113, best rearrangement setting 10
Bootstrap[67]: Time 0.498349 seconds, bootstrap likelihood -20973.770517, best rearrangement setting 8
Bootstrap[68]: Time 0.541725 seconds, bootstrap likelihood -20697.962789, best rearrangement setting 9
Bootstrap[69]: Time 0.518286 seconds, bootstrap likelihood -20031.795428, best rearrangement setting 8
Bootstrap[70]: Time 0.529499 seconds, bootstrap likelihood -19453.380405, best rearrangement setting 14
Bootstrap[71]: Time 0.472628 seconds, bootstrap likelihood -20604.321229, best rearrangement setting 8
Bootstrap[72]: Time 0.544856 seconds, bootstrap likelihood -20634.298818, best rearrangement setting 10
Bootstrap[73]: Time 0.486963 seconds, bootstrap likelihood -20409.314456, best rearrangement setting 14
Bootstrap[74]: Time 0.476759 seconds, bootstrap likelihood -20797.023755, best rearrangement setting 6
Bootstrap[75]: Time 0.520923 seconds, bootstrap likelihood -20306.021494, best rearrangement setting 10
Bootstrap[76]: Time 0.609450 seconds, bootstrap likelihood -20448.881932, best rearrangement setting 8
Bootstrap[77]: Time 0.537139 seconds, bootstrap likelihood -20408.873748, best rearrangement setting 13
Bootstrap[78]: Time 0.559559 seconds, bootstrap likelihood -20437.026895, best rearrangement setting 15
Bootstrap[79]: Time 0.506927 seconds, bootstrap likelihood -20698.051702, best rearrangement setting 7
Bootstrap[80]: Time 1.347733 seconds, bootstrap likelihood -21001.543240, best rearrangement setting 8
Bootstrap[81]: Time 0.513672 seconds, bootstrap likelihood -20311.366950, best rearrangement setting 15
Bootstrap[82]: Time 0.413105 seconds, bootstrap likelihood -20475.027250, best rearrangement setting 6
Bootstrap[83]: Time 0.524656 seconds, bootstrap likelihood -20390.211131, best rearrangement setting 15
Bootstrap[84]: Time 0.502590 seconds, bootstrap likelihood -19978.855364, best rearrangement setting 11
Bootstrap[85]: Time 0.517188 seconds, bootstrap likelihood -20543.395333, best rearrangement setting 8
Bootstrap[86]: Time 0.532654 seconds, bootstrap likelihood -20063.458855, best rearrangement setting 14
Bootstrap[87]: Time 0.470141 seconds, bootstrap likelihood -20883.207447, best rearrangement setting 13
Bootstrap[88]: Time 0.493593 seconds, bootstrap likelihood -20692.621334, best rearrangement setting 7
Bootstrap[89]: Time 0.509360 seconds, bootstrap likelihood -20541.661086, best rearrangement setting 7
Bootstrap[90]: Time 0.442376 seconds, bootstrap likelihood -20059.327483, best rearrangement setting 5
Bootstrap[91]: Time 0.409036 seconds, bootstrap likelihood -19433.088327, best rearrangement setting 15
Bootstrap[92]: Time 0.432049 seconds, bootstrap likelihood -20535.648759, best rearrangement setting 7
Bootstrap[93]: Time 0.448676 seconds, bootstrap likelihood -20464.832855, best rearrangement setting 12
Bootstrap[94]: Time 0.545753 seconds, bootstrap likelihood -20066.054214, best rearrangement setting 14
Bootstrap[95]: Time 0.585463 seconds, bootstrap likelihood -20990.383524, best rearrangement setting 13
Bootstrap[96]: Time 0.478372 seconds, bootstrap likelihood -20494.758360, best rearrangement setting 6
Bootstrap[97]: Time 0.492848 seconds, bootstrap likelihood -20386.700944, best rearrangement setting 6
Bootstrap[98]: Time 0.507019 seconds, bootstrap likelihood -20290.508766, best rearrangement setting 9
Bootstrap[99]: Time 0.604547 seconds, bootstrap likelihood -20353.569129, best rearrangement setting 11


Overall Time for 100 Rapid Bootstraps 59.881168 seconds
Average Time per Rapid Bootstrap 0.598812 seconds

Starting ML Search ...

Fast ML optimization finished

Fast ML search Time: 57.396191 seconds

Slow ML Search 0 Likelihood: -20667.950294
Slow ML Search 1 Likelihood: -20667.950294
Slow ML Search 2 Likelihood: -20668.126301
Slow ML Search 3 Likelihood: -20668.126301
Slow ML Search 4 Likelihood: -20668.126301
Slow ML Search 5 Likelihood: -20668.126301
Slow ML Search 6 Likelihood: -20668.126301
Slow ML Search 7 Likelihood: -20668.811372
Slow ML Search 8 Likelihood: -20670.049328
Slow ML Search 9 Likelihood: -20668.126301
Slow ML optimization finished

Slow ML search Time: 13.133602 seconds
Thorough ML search Time: 1.072754 seconds

Final ML Optimization Likelihood: -20667.950294

Model Information:

Model Parameters of Partition 0, Name: No Name Provided, Type of Data: DNA
alpha: 0.303534
Tree-Length: 1.591930
rate A <-> C: 2.497274
rate A <-> G: 9.558493
rate A <-> T: 1.026421
rate C <-> G: 0.970586
rate C <-> T: 11.212959
rate G <-> T: 1.000000

freq pi(A): 0.390412
freq pi(C): 0.165864
freq pi(G): 0.227196
freq pi(T): 0.216528


ML search took 71.609302 secs or 0.019891 hours

Combined Bootstrap and ML search took 131.490646 secs or 0.036525 hours

Drawing Bootstrap Support Values on best-scoring ML tree ...



Found 1 tree in File /gpfs_home/mhowison/code/hiv-profile-sampling/scratch/trees/pol/RAxML_bestTree.sample.113



Found 1 tree in File /gpfs_home/mhowison/code/hiv-profile-sampling/scratch/trees/pol/RAxML_bestTree.sample.113

Program execution info written to /gpfs_home/mhowison/code/hiv-profile-sampling/scratch/trees/pol/RAxML_info.sample.113
All 100 bootstrapped trees written to: /gpfs_home/mhowison/code/hiv-profile-sampling/scratch/trees/pol/RAxML_bootstrap.sample.113

Best-scoring ML tree written to: /gpfs_home/mhowison/code/hiv-profile-sampling/scratch/trees/pol/RAxML_bestTree.sample.113

Best-scoring ML tree with support values written to: /gpfs_home/mhowison/code/hiv-profile-sampling/scratch/trees/pol/RAxML_bipartitions.sample.113

Best-scoring ML tree with support values as branch labels written to: /gpfs_home/mhowison/code/hiv-profile-sampling/scratch/trees/pol/RAxML_bipartitionsBranchLabels.sample.113

Overall execution time for full ML analysis: 131.495003 secs or 0.036526 hours or 0.001522 days

