srun: job 261815 queued and waiting for resources
srun: job 261815 has been allocated resources
Warning, you specified a working directory via "-w"
Keep in mind that RAxML only accepts absolute path names, not relative ones!

RAxML can't, parse the alignment file as phylip file 
it will now try to parse it as FASTA file



Using BFGS method to optimize GTR rate parameters, to disable this specify "--no-bfgs" 


This is the RAxML Master Pthread

This is RAxML Worker Pthread Number: 4

This is RAxML Worker Pthread Number: 3

This is RAxML Worker Pthread Number: 1

This is RAxML Worker Pthread Number: 2

This is RAxML Worker Pthread Number: 5

This is RAxML Worker Pthread Number: 7

This is RAxML Worker Pthread Number: 6

This is RAxML Worker Pthread Number: 8

This is RAxML Worker Pthread Number: 11

This is RAxML Worker Pthread Number: 10

This is RAxML Worker Pthread Number: 9

This is RAxML Worker Pthread Number: 12

This is RAxML Worker Pthread Number: 13

This is RAxML Worker Pthread Number: 14

This is RAxML Worker Pthread Number: 15

This is RAxML Worker Pthread Number: 16

This is RAxML Worker Pthread Number: 17

This is RAxML Worker Pthread Number: 19

This is RAxML Worker Pthread Number: 18


This is RAxML version 8.2.12 released by Alexandros Stamatakis on May 2018.

With greatly appreciated code contributions by:
Andre Aberer      (HITS)
Simon Berger      (HITS)
Alexey Kozlov     (HITS)
Kassian Kobert    (HITS)
David Dao         (KIT and HITS)
Sarah Lutteropp   (KIT and HITS)
Nick Pattengale   (Sandia)
Wayne Pfeiffer    (SDSC)
Akifumi S. Tanabe (NRIFS)
Charlie Taylor    (UF)


Alignment has 1173 distinct alignment patterns

Proportion of gaps and completely undetermined characters in this alignment: 5.95%

RAxML rapid bootstrapping and subsequent ML search

Using 1 distinct models/data partitions with joint branch length optimization



Executing 100 rapid bootstrap inferences and thereafter a thorough ML search 

All free model parameters will be estimated by RAxML
GAMMA model of rate heterogeneity, ML estimate of alpha-parameter

GAMMA Model parameters will be estimated up to an accuracy of 0.1000000000 Log Likelihood units

Partition: 0
Alignment Patterns: 1173
Name: No Name Provided
DataType: DNA
Substitution Matrix: GTR




RAxML was called as follows:

raxmlHPC-PTHREADS-AVX -T 20 -s scratch/aligned/pol/sample.249.fa -p 9978582708 -x 9978582708 -f a -N 100 -m GTRGAMMA -w /gpfs_home/mhowison/code/hiv-profile-sampling/scratch/trees/pol -n sample.249 



Time for BS model parameter optimization 0.052089
Bootstrap[0]: Time 0.583392 seconds, bootstrap likelihood -21143.518553, best rearrangement setting 15
Bootstrap[1]: Time 0.545626 seconds, bootstrap likelihood -20950.816395, best rearrangement setting 11
Bootstrap[2]: Time 0.587800 seconds, bootstrap likelihood -20048.173226, best rearrangement setting 9
Bootstrap[3]: Time 0.524916 seconds, bootstrap likelihood -20702.413539, best rearrangement setting 13
Bootstrap[4]: Time 0.557771 seconds, bootstrap likelihood -20849.108182, best rearrangement setting 7
Bootstrap[5]: Time 0.461238 seconds, bootstrap likelihood -20384.683340, best rearrangement setting 14
Bootstrap[6]: Time 0.543088 seconds, bootstrap likelihood -20278.666441, best rearrangement setting 13
Bootstrap[7]: Time 0.485715 seconds, bootstrap likelihood -19700.324222, best rearrangement setting 8
Bootstrap[8]: Time 0.441176 seconds, bootstrap likelihood -19636.213244, best rearrangement setting 11
Bootstrap[9]: Time 0.525430 seconds, bootstrap likelihood -20381.317339, best rearrangement setting 8
Bootstrap[10]: Time 0.539986 seconds, bootstrap likelihood -20267.288125, best rearrangement setting 13
Bootstrap[11]: Time 0.489782 seconds, bootstrap likelihood -20225.693074, best rearrangement setting 8
Bootstrap[12]: Time 0.512756 seconds, bootstrap likelihood -20184.857386, best rearrangement setting 9
Bootstrap[13]: Time 0.469637 seconds, bootstrap likelihood -21194.079477, best rearrangement setting 10
Bootstrap[14]: Time 0.473212 seconds, bootstrap likelihood -20185.144054, best rearrangement setting 7
Bootstrap[15]: Time 0.410869 seconds, bootstrap likelihood -20995.371324, best rearrangement setting 5
Bootstrap[16]: Time 0.485505 seconds, bootstrap likelihood -19943.962289, best rearrangement setting 8
Bootstrap[17]: Time 0.517169 seconds, bootstrap likelihood -20252.995436, best rearrangement setting 15
Bootstrap[18]: Time 0.509342 seconds, bootstrap likelihood -20373.314061, best rearrangement setting 11
Bootstrap[19]: Time 0.404945 seconds, bootstrap likelihood -21266.905881, best rearrangement setting 5
Bootstrap[20]: Time 0.521060 seconds, bootstrap likelihood -20566.520722, best rearrangement setting 15
Bootstrap[21]: Time 0.481820 seconds, bootstrap likelihood -20770.247206, best rearrangement setting 9
Bootstrap[22]: Time 0.386653 seconds, bootstrap likelihood -20162.282953, best rearrangement setting 5
Bootstrap[23]: Time 0.448079 seconds, bootstrap likelihood -20450.782065, best rearrangement setting 14
Bootstrap[24]: Time 0.431593 seconds, bootstrap likelihood -19526.506242, best rearrangement setting 8
Bootstrap[25]: Time 0.555231 seconds, bootstrap likelihood -20295.039782, best rearrangement setting 9
Bootstrap[26]: Time 0.438524 seconds, bootstrap likelihood -20170.064380, best rearrangement setting 5
Bootstrap[27]: Time 1.196364 seconds, bootstrap likelihood -20361.149602, best rearrangement setting 5
Bootstrap[28]: Time 0.505262 seconds, bootstrap likelihood -20746.765888, best rearrangement setting 10
Bootstrap[29]: Time 0.597955 seconds, bootstrap likelihood -20165.648926, best rearrangement setting 13
Bootstrap[30]: Time 0.517743 seconds, bootstrap likelihood -20104.398345, best rearrangement setting 12
Bootstrap[31]: Time 0.502427 seconds, bootstrap likelihood -21388.587587, best rearrangement setting 13
Bootstrap[32]: Time 0.494161 seconds, bootstrap likelihood -21161.349151, best rearrangement setting 11
Bootstrap[33]: Time 0.406810 seconds, bootstrap likelihood -20509.198354, best rearrangement setting 5
Bootstrap[34]: Time 0.450022 seconds, bootstrap likelihood -20424.392038, best rearrangement setting 11
Bootstrap[35]: Time 0.537773 seconds, bootstrap likelihood -20764.802874, best rearrangement setting 15
Bootstrap[36]: Time 0.500758 seconds, bootstrap likelihood -20144.515559, best rearrangement setting 10
Bootstrap[37]: Time 0.498207 seconds, bootstrap likelihood -20804.922906, best rearrangement setting 11
Bootstrap[38]: Time 0.469279 seconds, bootstrap likelihood -20019.523210, best rearrangement setting 5
Bootstrap[39]: Time 0.610406 seconds, bootstrap likelihood -20246.578703, best rearrangement setting 9
Bootstrap[40]: Time 0.558138 seconds, bootstrap likelihood -20421.909438, best rearrangement setting 9
Bootstrap[41]: Time 0.427823 seconds, bootstrap likelihood -20280.641962, best rearrangement setting 5
Bootstrap[42]: Time 0.510325 seconds, bootstrap likelihood -19704.373757, best rearrangement setting 13
Bootstrap[43]: Time 2.361649 seconds, bootstrap likelihood -20357.375034, best rearrangement setting 11
Bootstrap[44]: Time 0.478709 seconds, bootstrap likelihood -19800.198022, best rearrangement setting 9
Bootstrap[45]: Time 0.451442 seconds, bootstrap likelihood -20349.737750, best rearrangement setting 5
Bootstrap[46]: Time 0.457790 seconds, bootstrap likelihood -20356.507818, best rearrangement setting 13
Bootstrap[47]: Time 0.481508 seconds, bootstrap likelihood -19915.237448, best rearrangement setting 13
Bootstrap[48]: Time 0.416647 seconds, bootstrap likelihood -21082.793122, best rearrangement setting 11
Bootstrap[49]: Time 0.518351 seconds, bootstrap likelihood -20898.939849, best rearrangement setting 10
Bootstrap[50]: Time 0.408667 seconds, bootstrap likelihood -20177.194937, best rearrangement setting 7
Bootstrap[51]: Time 0.500252 seconds, bootstrap likelihood -20864.627484, best rearrangement setting 8
Bootstrap[52]: Time 1.000318 seconds, bootstrap likelihood -20693.945598, best rearrangement setting 5
Bootstrap[53]: Time 0.439364 seconds, bootstrap likelihood -20922.133796, best rearrangement setting 12
Bootstrap[54]: Time 0.481622 seconds, bootstrap likelihood -20161.802848, best rearrangement setting 15
Bootstrap[55]: Time 0.464026 seconds, bootstrap likelihood -19904.374734, best rearrangement setting 10
Bootstrap[56]: Time 0.490776 seconds, bootstrap likelihood -19962.449565, best rearrangement setting 14
Bootstrap[57]: Time 0.551029 seconds, bootstrap likelihood -20524.340295, best rearrangement setting 8
Bootstrap[58]: Time 0.486019 seconds, bootstrap likelihood -20725.904194, best rearrangement setting 7
Bootstrap[59]: Time 0.596486 seconds, bootstrap likelihood -20502.534654, best rearrangement setting 12
Bootstrap[60]: Time 0.462278 seconds, bootstrap likelihood -21108.442891, best rearrangement setting 10
Bootstrap[61]: Time 0.460290 seconds, bootstrap likelihood -20662.942822, best rearrangement setting 9
Bootstrap[62]: Time 0.496894 seconds, bootstrap likelihood -20707.919733, best rearrangement setting 9
Bootstrap[63]: Time 0.479407 seconds, bootstrap likelihood -20465.403114, best rearrangement setting 6
Bootstrap[64]: Time 0.469332 seconds, bootstrap likelihood -20143.720148, best rearrangement setting 12
Bootstrap[65]: Time 0.576367 seconds, bootstrap likelihood -20862.197543, best rearrangement setting 15
Bootstrap[66]: Time 0.414203 seconds, bootstrap likelihood -20521.769871, best rearrangement setting 5
Bootstrap[67]: Time 0.475738 seconds, bootstrap likelihood -20404.110198, best rearrangement setting 7
Bootstrap[68]: Time 0.452028 seconds, bootstrap likelihood -19876.742874, best rearrangement setting 6
Bootstrap[69]: Time 0.469874 seconds, bootstrap likelihood -20965.657589, best rearrangement setting 15
Bootstrap[70]: Time 0.510468 seconds, bootstrap likelihood -20318.351248, best rearrangement setting 12
Bootstrap[71]: Time 0.569409 seconds, bootstrap likelihood -20259.469280, best rearrangement setting 14
Bootstrap[72]: Time 0.509580 seconds, bootstrap likelihood -20775.921051, best rearrangement setting 8
Bootstrap[73]: Time 0.586834 seconds, bootstrap likelihood -20811.951973, best rearrangement setting 12
Bootstrap[74]: Time 0.494304 seconds, bootstrap likelihood -19891.399230, best rearrangement setting 9
Bootstrap[75]: Time 0.467088 seconds, bootstrap likelihood -20061.703708, best rearrangement setting 12
Bootstrap[76]: Time 0.402987 seconds, bootstrap likelihood -20153.304821, best rearrangement setting 5
Bootstrap[77]: Time 0.531785 seconds, bootstrap likelihood -20600.431604, best rearrangement setting 12
Bootstrap[78]: Time 0.349642 seconds, bootstrap likelihood -19355.288225, best rearrangement setting 5
Bootstrap[79]: Time 0.500375 seconds, bootstrap likelihood -20602.739162, best rearrangement setting 10
Bootstrap[80]: Time 0.491416 seconds, bootstrap likelihood -21023.571844, best rearrangement setting 6
Bootstrap[81]: Time 0.511936 seconds, bootstrap likelihood -20194.493666, best rearrangement setting 13
Bootstrap[82]: Time 0.447358 seconds, bootstrap likelihood -20033.235711, best rearrangement setting 7
Bootstrap[83]: Time 0.448943 seconds, bootstrap likelihood -20304.432086, best rearrangement setting 11
Bootstrap[84]: Time 0.521148 seconds, bootstrap likelihood -20736.570722, best rearrangement setting 15
Bootstrap[85]: Time 0.509087 seconds, bootstrap likelihood -20272.429703, best rearrangement setting 14
Bootstrap[86]: Time 0.515230 seconds, bootstrap likelihood -20736.362615, best rearrangement setting 10
Bootstrap[87]: Time 0.560243 seconds, bootstrap likelihood -20428.855653, best rearrangement setting 9
Bootstrap[88]: Time 0.513077 seconds, bootstrap likelihood -20072.243475, best rearrangement setting 15
Bootstrap[89]: Time 0.525723 seconds, bootstrap likelihood -20286.941157, best rearrangement setting 13
Bootstrap[90]: Time 0.451203 seconds, bootstrap likelihood -20459.369395, best rearrangement setting 6
Bootstrap[91]: Time 0.639016 seconds, bootstrap likelihood -20841.996607, best rearrangement setting 10
Bootstrap[92]: Time 0.467278 seconds, bootstrap likelihood -19441.442672, best rearrangement setting 5
Bootstrap[93]: Time 0.461807 seconds, bootstrap likelihood -19896.870233, best rearrangement setting 5
Bootstrap[94]: Time 0.529114 seconds, bootstrap likelihood -20799.898152, best rearrangement setting 14
Bootstrap[95]: Time 0.532742 seconds, bootstrap likelihood -20849.587437, best rearrangement setting 9
Bootstrap[96]: Time 0.465117 seconds, bootstrap likelihood -20515.626473, best rearrangement setting 8
Bootstrap[97]: Time 0.457896 seconds, bootstrap likelihood -20367.576979, best rearrangement setting 7
Bootstrap[98]: Time 0.583452 seconds, bootstrap likelihood -20597.465124, best rearrangement setting 14
Bootstrap[99]: Time 0.538553 seconds, bootstrap likelihood -20281.465222, best rearrangement setting 9


Overall Time for 100 Rapid Bootstraps 52.596213 seconds
Average Time per Rapid Bootstrap 0.525962 seconds

Starting ML Search ...

Fast ML optimization finished

Fast ML search Time: 313.245645 seconds

Slow ML Search 0 Likelihood: -20587.915433
Slow ML Search 1 Likelihood: -20587.915824
Slow ML Search 2 Likelihood: -20589.460823
Slow ML Search 3 Likelihood: -20589.461176
Slow ML Search 4 Likelihood: -20589.630007
Slow ML Search 5 Likelihood: -20589.629826
Slow ML Search 6 Likelihood: -20594.065561
Slow ML Search 7 Likelihood: -20594.434656
Slow ML Search 8 Likelihood: -20594.703579
Slow ML Search 9 Likelihood: -20595.030904
Slow ML optimization finished

Slow ML search Time: 47.802928 seconds
Thorough ML search Time: 1.079938 seconds

Final ML Optimization Likelihood: -20587.915433

Model Information:

Model Parameters of Partition 0, Name: No Name Provided, Type of Data: DNA
alpha: 0.305434
Tree-Length: 1.558452
rate A <-> C: 2.360581
rate A <-> G: 9.242283
rate A <-> T: 0.964103
rate C <-> G: 0.967100
rate C <-> T: 11.288357
rate G <-> T: 1.000000

freq pi(A): 0.390146
freq pi(C): 0.165802
freq pi(G): 0.227652
freq pi(T): 0.216400


ML search took 362.136052 secs or 0.100593 hours

Combined Bootstrap and ML search took 414.745541 secs or 0.115207 hours

Drawing Bootstrap Support Values on best-scoring ML tree ...



Found 1 tree in File /gpfs_home/mhowison/code/hiv-profile-sampling/scratch/trees/pol/RAxML_bestTree.sample.249



Found 1 tree in File /gpfs_home/mhowison/code/hiv-profile-sampling/scratch/trees/pol/RAxML_bestTree.sample.249

Program execution info written to /gpfs_home/mhowison/code/hiv-profile-sampling/scratch/trees/pol/RAxML_info.sample.249
All 100 bootstrapped trees written to: /gpfs_home/mhowison/code/hiv-profile-sampling/scratch/trees/pol/RAxML_bootstrap.sample.249

Best-scoring ML tree written to: /gpfs_home/mhowison/code/hiv-profile-sampling/scratch/trees/pol/RAxML_bestTree.sample.249

Best-scoring ML tree with support values written to: /gpfs_home/mhowison/code/hiv-profile-sampling/scratch/trees/pol/RAxML_bipartitions.sample.249

Best-scoring ML tree with support values as branch labels written to: /gpfs_home/mhowison/code/hiv-profile-sampling/scratch/trees/pol/RAxML_bipartitionsBranchLabels.sample.249

Overall execution time for full ML analysis: 414.749993 secs or 0.115208 hours or 0.004800 days

