srun: job 261678 queued and waiting for resources
srun: job 261678 has been allocated resources
Warning, you specified a working directory via "-w"
Keep in mind that RAxML only accepts absolute path names, not relative ones!

RAxML can't, parse the alignment file as phylip file 
it will now try to parse it as FASTA file



Using BFGS method to optimize GTR rate parameters, to disable this specify "--no-bfgs" 


This is the RAxML Master Pthread

This is RAxML Worker Pthread Number: 4

This is RAxML Worker Pthread Number: 5

This is RAxML Worker Pthread Number: 6

This is RAxML Worker Pthread Number: 2

This is RAxML Worker Pthread Number: 3

This is RAxML Worker Pthread Number: 1

This is RAxML Worker Pthread Number: 8

This is RAxML Worker Pthread Number: 7

This is RAxML Worker Pthread Number: 9

This is RAxML Worker Pthread Number: 11

This is RAxML Worker Pthread Number: 10

This is RAxML Worker Pthread Number: 12

This is RAxML Worker Pthread Number: 13

This is RAxML Worker Pthread Number: 14

This is RAxML Worker Pthread Number: 15

This is RAxML Worker Pthread Number: 16

This is RAxML Worker Pthread Number: 17

This is RAxML Worker Pthread Number: 18

This is RAxML Worker Pthread Number: 19


This is RAxML version 8.2.12 released by Alexandros Stamatakis on May 2018.

With greatly appreciated code contributions by:
Andre Aberer      (HITS)
Simon Berger      (HITS)
Alexey Kozlov     (HITS)
Kassian Kobert    (HITS)
David Dao         (KIT and HITS)
Sarah Lutteropp   (KIT and HITS)
Nick Pattengale   (Sandia)
Wayne Pfeiffer    (SDSC)
Akifumi S. Tanabe (NRIFS)
Charlie Taylor    (UF)


Alignment has 1190 distinct alignment patterns

Proportion of gaps and completely undetermined characters in this alignment: 5.95%

RAxML rapid bootstrapping and subsequent ML search

Using 1 distinct models/data partitions with joint branch length optimization



Executing 100 rapid bootstrap inferences and thereafter a thorough ML search 

All free model parameters will be estimated by RAxML
GAMMA model of rate heterogeneity, ML estimate of alpha-parameter

GAMMA Model parameters will be estimated up to an accuracy of 0.1000000000 Log Likelihood units

Partition: 0
Alignment Patterns: 1190
Name: No Name Provided
DataType: DNA
Substitution Matrix: GTR




RAxML was called as follows:

raxmlHPC-PTHREADS-AVX -T 20 -s scratch/aligned/pol/sample.195.fa -p 6675448738 -x 6675448738 -f a -N 100 -m GTRGAMMA -w /gpfs_home/mhowison/code/hiv-profile-sampling/scratch/trees/pol -n sample.195 



Time for BS model parameter optimization 0.053567
Bootstrap[0]: Time 0.594133 seconds, bootstrap likelihood -20621.507419, best rearrangement setting 8
Bootstrap[1]: Time 0.449730 seconds, bootstrap likelihood -20646.276687, best rearrangement setting 12
Bootstrap[2]: Time 0.568639 seconds, bootstrap likelihood -21329.779257, best rearrangement setting 10
Bootstrap[3]: Time 0.496396 seconds, bootstrap likelihood -19959.722810, best rearrangement setting 6
Bootstrap[4]: Time 0.456508 seconds, bootstrap likelihood -21254.792615, best rearrangement setting 8
Bootstrap[5]: Time 0.397828 seconds, bootstrap likelihood -20881.340725, best rearrangement setting 5
Bootstrap[6]: Time 0.514951 seconds, bootstrap likelihood -20830.865635, best rearrangement setting 6
Bootstrap[7]: Time 0.485835 seconds, bootstrap likelihood -20672.017134, best rearrangement setting 11
Bootstrap[8]: Time 0.506445 seconds, bootstrap likelihood -21108.022140, best rearrangement setting 8
Bootstrap[9]: Time 0.538837 seconds, bootstrap likelihood -20719.099091, best rearrangement setting 13
Bootstrap[10]: Time 1.777860 seconds, bootstrap likelihood -20887.816777, best rearrangement setting 12
Bootstrap[11]: Time 0.729236 seconds, bootstrap likelihood -21341.018516, best rearrangement setting 8
Bootstrap[12]: Time 0.499055 seconds, bootstrap likelihood -20929.653822, best rearrangement setting 15
Bootstrap[13]: Time 0.456086 seconds, bootstrap likelihood -20571.820995, best rearrangement setting 14
Bootstrap[14]: Time 0.517133 seconds, bootstrap likelihood -21160.323368, best rearrangement setting 6
Bootstrap[15]: Time 0.551911 seconds, bootstrap likelihood -20811.468330, best rearrangement setting 11
Bootstrap[16]: Time 0.471222 seconds, bootstrap likelihood -20383.305365, best rearrangement setting 6
Bootstrap[17]: Time 3.254606 seconds, bootstrap likelihood -20767.325608, best rearrangement setting 11
Bootstrap[18]: Time 0.526894 seconds, bootstrap likelihood -21354.771217, best rearrangement setting 9
Bootstrap[19]: Time 0.605153 seconds, bootstrap likelihood -20364.800567, best rearrangement setting 14
Bootstrap[20]: Time 0.601147 seconds, bootstrap likelihood -20378.000421, best rearrangement setting 8
Bootstrap[21]: Time 0.523248 seconds, bootstrap likelihood -20448.757085, best rearrangement setting 15
Bootstrap[22]: Time 0.551443 seconds, bootstrap likelihood -20806.150202, best rearrangement setting 7
Bootstrap[23]: Time 0.575516 seconds, bootstrap likelihood -20889.156984, best rearrangement setting 10
Bootstrap[24]: Time 0.561381 seconds, bootstrap likelihood -20709.288881, best rearrangement setting 11
Bootstrap[25]: Time 0.538442 seconds, bootstrap likelihood -20677.810655, best rearrangement setting 6
Bootstrap[26]: Time 12.549979 seconds, bootstrap likelihood -20731.934078, best rearrangement setting 8
Bootstrap[27]: Time 0.604749 seconds, bootstrap likelihood -20503.271678, best rearrangement setting 12
Bootstrap[28]: Time 0.494293 seconds, bootstrap likelihood -20328.383512, best rearrangement setting 8
Bootstrap[29]: Time 0.506559 seconds, bootstrap likelihood -21056.059935, best rearrangement setting 5
Bootstrap[30]: Time 0.620217 seconds, bootstrap likelihood -20378.979200, best rearrangement setting 7
Bootstrap[31]: Time 0.585042 seconds, bootstrap likelihood -20284.266154, best rearrangement setting 11
Bootstrap[32]: Time 0.535606 seconds, bootstrap likelihood -20729.043972, best rearrangement setting 8
Bootstrap[33]: Time 0.579070 seconds, bootstrap likelihood -20896.115071, best rearrangement setting 8
Bootstrap[34]: Time 0.438882 seconds, bootstrap likelihood -21005.197193, best rearrangement setting 5
Bootstrap[35]: Time 0.441001 seconds, bootstrap likelihood -20723.135513, best rearrangement setting 13
Bootstrap[36]: Time 0.536872 seconds, bootstrap likelihood -21418.003015, best rearrangement setting 13
Bootstrap[37]: Time 0.585107 seconds, bootstrap likelihood -20552.393197, best rearrangement setting 14
Bootstrap[38]: Time 0.434783 seconds, bootstrap likelihood -20544.197147, best rearrangement setting 5
Bootstrap[39]: Time 0.506203 seconds, bootstrap likelihood -21031.419122, best rearrangement setting 10
Bootstrap[40]: Time 0.608255 seconds, bootstrap likelihood -20453.130813, best rearrangement setting 8
Bootstrap[41]: Time 3.987272 seconds, bootstrap likelihood -20283.560514, best rearrangement setting 13
Bootstrap[42]: Time 0.525238 seconds, bootstrap likelihood -20029.304648, best rearrangement setting 14
Bootstrap[43]: Time 0.535342 seconds, bootstrap likelihood -21170.840762, best rearrangement setting 7
Bootstrap[44]: Time 0.620230 seconds, bootstrap likelihood -21137.409946, best rearrangement setting 9
Bootstrap[45]: Time 0.598732 seconds, bootstrap likelihood -20715.083876, best rearrangement setting 14
Bootstrap[46]: Time 0.551163 seconds, bootstrap likelihood -21029.903399, best rearrangement setting 10
Bootstrap[47]: Time 0.477864 seconds, bootstrap likelihood -20591.516378, best rearrangement setting 7
Bootstrap[48]: Time 0.600052 seconds, bootstrap likelihood -20585.033902, best rearrangement setting 9
Bootstrap[49]: Time 0.576923 seconds, bootstrap likelihood -20791.307837, best rearrangement setting 9
Bootstrap[50]: Time 0.529925 seconds, bootstrap likelihood -20854.190841, best rearrangement setting 14
Bootstrap[51]: Time 0.690497 seconds, bootstrap likelihood -21144.752682, best rearrangement setting 11
Bootstrap[52]: Time 0.712231 seconds, bootstrap likelihood -20690.099409, best rearrangement setting 15
Bootstrap[53]: Time 0.533454 seconds, bootstrap likelihood -20317.634255, best rearrangement setting 8
Bootstrap[54]: Time 0.576082 seconds, bootstrap likelihood -20411.810971, best rearrangement setting 9
Bootstrap[55]: Time 0.573279 seconds, bootstrap likelihood -20505.326775, best rearrangement setting 7
Bootstrap[56]: Time 0.499106 seconds, bootstrap likelihood -20869.680568, best rearrangement setting 6
Bootstrap[57]: Time 0.540845 seconds, bootstrap likelihood -20982.035873, best rearrangement setting 15
Bootstrap[58]: Time 0.618380 seconds, bootstrap likelihood -19630.774287, best rearrangement setting 9
Bootstrap[59]: Time 1.266680 seconds, bootstrap likelihood -21359.017451, best rearrangement setting 8
Bootstrap[60]: Time 60.025655 seconds, bootstrap likelihood -20793.922789, best rearrangement setting 14
Bootstrap[61]: Time 1.111071 seconds, bootstrap likelihood -20779.730521, best rearrangement setting 12
Bootstrap[62]: Time 8.355482 seconds, bootstrap likelihood -20866.627060, best rearrangement setting 14
Bootstrap[63]: Time 0.556033 seconds, bootstrap likelihood -20523.794834, best rearrangement setting 8
Bootstrap[64]: Time 0.591780 seconds, bootstrap likelihood -20456.673048, best rearrangement setting 9
Bootstrap[65]: Time 0.644161 seconds, bootstrap likelihood -20740.054738, best rearrangement setting 14
Bootstrap[66]: Time 0.515317 seconds, bootstrap likelihood -21012.914955, best rearrangement setting 6
Bootstrap[67]: Time 7.537353 seconds, bootstrap likelihood -21058.525210, best rearrangement setting 11
Bootstrap[68]: Time 0.568301 seconds, bootstrap likelihood -21197.411506, best rearrangement setting 12
Bootstrap[69]: Time 4.548890 seconds, bootstrap likelihood -21462.500509, best rearrangement setting 8
Bootstrap[70]: Time 4.555667 seconds, bootstrap likelihood -21026.477252, best rearrangement setting 8
Bootstrap[71]: Time 5.219270 seconds, bootstrap likelihood -20218.040467, best rearrangement setting 13
Bootstrap[72]: Time 0.554843 seconds, bootstrap likelihood -20497.282603, best rearrangement setting 7
Bootstrap[73]: Time 0.483553 seconds, bootstrap likelihood -21422.535310, best rearrangement setting 11
Bootstrap[74]: Time 0.524121 seconds, bootstrap likelihood -20399.816330, best rearrangement setting 15
Bootstrap[75]: Time 0.569407 seconds, bootstrap likelihood -20570.299258, best rearrangement setting 15
Bootstrap[76]: Time 3.197163 seconds, bootstrap likelihood -20558.034015, best rearrangement setting 7
Bootstrap[77]: Time 0.473744 seconds, bootstrap likelihood -20901.378833, best rearrangement setting 9
Bootstrap[78]: Time 0.481920 seconds, bootstrap likelihood -20487.470924, best rearrangement setting 7
Bootstrap[79]: Time 0.569477 seconds, bootstrap likelihood -20944.878502, best rearrangement setting 7
Bootstrap[80]: Time 0.503576 seconds, bootstrap likelihood -20061.041177, best rearrangement setting 10
Bootstrap[81]: Time 0.494309 seconds, bootstrap likelihood -20643.987657, best rearrangement setting 10
Bootstrap[82]: Time 0.507613 seconds, bootstrap likelihood -20613.332350, best rearrangement setting 9
Bootstrap[83]: Time 0.524098 seconds, bootstrap likelihood -20628.148001, best rearrangement setting 10
Bootstrap[84]: Time 0.398015 seconds, bootstrap likelihood -20781.666784, best rearrangement setting 10
Bootstrap[85]: Time 0.548099 seconds, bootstrap likelihood -20445.304438, best rearrangement setting 15
Bootstrap[86]: Time 0.879817 seconds, bootstrap likelihood -20808.899621, best rearrangement setting 12
Bootstrap[87]: Time 3.447224 seconds, bootstrap likelihood -20463.290125, best rearrangement setting 15
Bootstrap[88]: Time 0.590504 seconds, bootstrap likelihood -21013.200826, best rearrangement setting 10
Bootstrap[89]: Time 0.555297 seconds, bootstrap likelihood -20575.184238, best rearrangement setting 11
Bootstrap[90]: Time 4.877203 seconds, bootstrap likelihood -20113.730995, best rearrangement setting 5
Bootstrap[91]: Time 0.484752 seconds, bootstrap likelihood -21034.168625, best rearrangement setting 6
Bootstrap[92]: Time 2.342121 seconds, bootstrap likelihood -20785.949315, best rearrangement setting 13
Bootstrap[93]: Time 2.668928 seconds, bootstrap likelihood -20127.350499, best rearrangement setting 9
Bootstrap[94]: Time 0.676186 seconds, bootstrap likelihood -20154.827974, best rearrangement setting 8
Bootstrap[95]: Time 0.549496 seconds, bootstrap likelihood -20924.663245, best rearrangement setting 9
Bootstrap[96]: Time 0.642346 seconds, bootstrap likelihood -21006.101386, best rearrangement setting 12
Bootstrap[97]: Time 0.593784 seconds, bootstrap likelihood -20589.727622, best rearrangement setting 14
Bootstrap[98]: Time 0.578094 seconds, bootstrap likelihood -21017.782384, best rearrangement setting 15
Bootstrap[99]: Time 0.597922 seconds, bootstrap likelihood -20765.599874, best rearrangement setting 11


Overall Time for 100 Rapid Bootstraps 176.382055 seconds
Average Time per Rapid Bootstrap 1.763821 seconds

Starting ML Search ...

Fast ML optimization finished

Fast ML search Time: 81.545800 seconds

Slow ML Search 0 Likelihood: -20775.912021
Slow ML Search 1 Likelihood: -20776.602952
Slow ML Search 2 Likelihood: -20776.762508
Slow ML Search 3 Likelihood: -20776.762508
Slow ML Search 4 Likelihood: -20777.893814
Slow ML Search 5 Likelihood: -20778.227268
Slow ML Search 6 Likelihood: -20778.369335
Slow ML Search 7 Likelihood: -20778.732041
Slow ML Search 8 Likelihood: -20778.658499
Slow ML Search 9 Likelihood: -20778.658498
Slow ML optimization finished

Slow ML search Time: 40.389591 seconds
Thorough ML search Time: 1.154217 seconds

Final ML Optimization Likelihood: -20775.912021

Model Information:

Model Parameters of Partition 0, Name: No Name Provided, Type of Data: DNA
alpha: 0.311021
Tree-Length: 1.611889
rate A <-> C: 2.200002
rate A <-> G: 8.446664
rate A <-> T: 0.880517
rate C <-> G: 0.969451
rate C <-> T: 10.393991
rate G <-> T: 1.000000

freq pi(A): 0.389717
freq pi(C): 0.165931
freq pi(G): 0.227840
freq pi(T): 0.216512


ML search took 123.096877 secs or 0.034194 hours

Combined Bootstrap and ML search took 299.479070 secs or 0.083189 hours

Drawing Bootstrap Support Values on best-scoring ML tree ...



Found 1 tree in File /gpfs_home/mhowison/code/hiv-profile-sampling/scratch/trees/pol/RAxML_bestTree.sample.195



Found 1 tree in File /gpfs_home/mhowison/code/hiv-profile-sampling/scratch/trees/pol/RAxML_bestTree.sample.195

Program execution info written to /gpfs_home/mhowison/code/hiv-profile-sampling/scratch/trees/pol/RAxML_info.sample.195
All 100 bootstrapped trees written to: /gpfs_home/mhowison/code/hiv-profile-sampling/scratch/trees/pol/RAxML_bootstrap.sample.195

Best-scoring ML tree written to: /gpfs_home/mhowison/code/hiv-profile-sampling/scratch/trees/pol/RAxML_bestTree.sample.195

Best-scoring ML tree with support values written to: /gpfs_home/mhowison/code/hiv-profile-sampling/scratch/trees/pol/RAxML_bipartitions.sample.195

Best-scoring ML tree with support values as branch labels written to: /gpfs_home/mhowison/code/hiv-profile-sampling/scratch/trees/pol/RAxML_bipartitionsBranchLabels.sample.195

Overall execution time for full ML analysis: 299.483237 secs or 0.083190 hours or 0.003466 days

