srun: job 261762 queued and waiting for resources
srun: job 261762 has been allocated resources
Warning, you specified a working directory via "-w"
Keep in mind that RAxML only accepts absolute path names, not relative ones!

RAxML can't, parse the alignment file as phylip file 
it will now try to parse it as FASTA file



Using BFGS method to optimize GTR rate parameters, to disable this specify "--no-bfgs" 


This is the RAxML Master Pthread

This is RAxML Worker Pthread Number: 2

This is RAxML Worker Pthread Number: 1

This is RAxML Worker Pthread Number: 3

This is RAxML Worker Pthread Number: 4

This is RAxML Worker Pthread Number: 5

This is RAxML Worker Pthread Number: 6

This is RAxML Worker Pthread Number: 8

This is RAxML Worker Pthread Number: 7

This is RAxML Worker Pthread Number: 9

This is RAxML Worker Pthread Number: 10

This is RAxML Worker Pthread Number: 12

This is RAxML Worker Pthread Number: 11

This is RAxML Worker Pthread Number: 14

This is RAxML Worker Pthread Number: 13

This is RAxML Worker Pthread Number: 16

This is RAxML Worker Pthread Number: 15

This is RAxML Worker Pthread Number: 17

This is RAxML Worker Pthread Number: 18

This is RAxML Worker Pthread Number: 19


This is RAxML version 8.2.12 released by Alexandros Stamatakis on May 2018.

With greatly appreciated code contributions by:
Andre Aberer      (HITS)
Simon Berger      (HITS)
Alexey Kozlov     (HITS)
Kassian Kobert    (HITS)
David Dao         (KIT and HITS)
Sarah Lutteropp   (KIT and HITS)
Nick Pattengale   (Sandia)
Wayne Pfeiffer    (SDSC)
Akifumi S. Tanabe (NRIFS)
Charlie Taylor    (UF)


Alignment has 1173 distinct alignment patterns

Proportion of gaps and completely undetermined characters in this alignment: 5.94%

RAxML rapid bootstrapping and subsequent ML search

Using 1 distinct models/data partitions with joint branch length optimization



Executing 100 rapid bootstrap inferences and thereafter a thorough ML search 

All free model parameters will be estimated by RAxML
GAMMA model of rate heterogeneity, ML estimate of alpha-parameter

GAMMA Model parameters will be estimated up to an accuracy of 0.1000000000 Log Likelihood units

Partition: 0
Alignment Patterns: 1173
Name: No Name Provided
DataType: DNA
Substitution Matrix: GTR




RAxML was called as follows:

raxmlHPC-PTHREADS-AVX -T 20 -s scratch/aligned/pol/sample.221.fa -p 9682822361 -x 9682822361 -f a -N 100 -m GTRGAMMA -w /gpfs_home/mhowison/code/hiv-profile-sampling/scratch/trees/pol -n sample.221 



Time for BS model parameter optimization 0.052720
Bootstrap[0]: Time 1.006269 seconds, bootstrap likelihood -20675.041196, best rearrangement setting 8
Bootstrap[1]: Time 0.765038 seconds, bootstrap likelihood -20990.478054, best rearrangement setting 11
Bootstrap[2]: Time 1.559700 seconds, bootstrap likelihood -20281.937411, best rearrangement setting 6
Bootstrap[3]: Time 0.517628 seconds, bootstrap likelihood -20398.265412, best rearrangement setting 11
Bootstrap[4]: Time 0.494783 seconds, bootstrap likelihood -20888.800901, best rearrangement setting 11
Bootstrap[5]: Time 4.629319 seconds, bootstrap likelihood -21269.613818, best rearrangement setting 9
Bootstrap[6]: Time 1.151262 seconds, bootstrap likelihood -20781.494927, best rearrangement setting 11
Bootstrap[7]: Time 0.569521 seconds, bootstrap likelihood -20672.602434, best rearrangement setting 10
Bootstrap[8]: Time 0.578402 seconds, bootstrap likelihood -20272.054056, best rearrangement setting 7
Bootstrap[9]: Time 0.526297 seconds, bootstrap likelihood -20083.014598, best rearrangement setting 15
Bootstrap[10]: Time 0.495498 seconds, bootstrap likelihood -20934.836832, best rearrangement setting 11
Bootstrap[11]: Time 0.578848 seconds, bootstrap likelihood -21109.224391, best rearrangement setting 9
Bootstrap[12]: Time 0.508877 seconds, bootstrap likelihood -19767.792251, best rearrangement setting 13
Bootstrap[13]: Time 0.706310 seconds, bootstrap likelihood -21140.219178, best rearrangement setting 6
Bootstrap[14]: Time 0.523429 seconds, bootstrap likelihood -20620.408314, best rearrangement setting 8
Bootstrap[15]: Time 0.643649 seconds, bootstrap likelihood -20438.631882, best rearrangement setting 13
Bootstrap[16]: Time 0.529910 seconds, bootstrap likelihood -20998.478451, best rearrangement setting 9
Bootstrap[17]: Time 0.525279 seconds, bootstrap likelihood -20722.477018, best rearrangement setting 11
Bootstrap[18]: Time 0.954211 seconds, bootstrap likelihood -21073.207362, best rearrangement setting 6
Bootstrap[19]: Time 0.579514 seconds, bootstrap likelihood -21143.156998, best rearrangement setting 8
Bootstrap[20]: Time 0.507268 seconds, bootstrap likelihood -20213.417019, best rearrangement setting 12
Bootstrap[21]: Time 0.567189 seconds, bootstrap likelihood -20615.662938, best rearrangement setting 7
Bootstrap[22]: Time 0.457280 seconds, bootstrap likelihood -20660.521805, best rearrangement setting 10
Bootstrap[23]: Time 0.554656 seconds, bootstrap likelihood -20275.973302, best rearrangement setting 13
Bootstrap[24]: Time 0.461857 seconds, bootstrap likelihood -20340.633936, best rearrangement setting 11
Bootstrap[25]: Time 0.456094 seconds, bootstrap likelihood -20457.565230, best rearrangement setting 5
Bootstrap[26]: Time 0.547303 seconds, bootstrap likelihood -20605.506360, best rearrangement setting 15
Bootstrap[27]: Time 0.596602 seconds, bootstrap likelihood -20218.329058, best rearrangement setting 9
Bootstrap[28]: Time 0.538883 seconds, bootstrap likelihood -20897.026642, best rearrangement setting 14
Bootstrap[29]: Time 0.505479 seconds, bootstrap likelihood -20568.335701, best rearrangement setting 12
Bootstrap[30]: Time 0.500206 seconds, bootstrap likelihood -20047.951132, best rearrangement setting 11
Bootstrap[31]: Time 0.497859 seconds, bootstrap likelihood -21314.787219, best rearrangement setting 10
Bootstrap[32]: Time 0.547001 seconds, bootstrap likelihood -20470.014245, best rearrangement setting 14
Bootstrap[33]: Time 0.524277 seconds, bootstrap likelihood -21361.752052, best rearrangement setting 13
Bootstrap[34]: Time 0.786935 seconds, bootstrap likelihood -20038.325707, best rearrangement setting 11
Bootstrap[35]: Time 0.521526 seconds, bootstrap likelihood -20001.626240, best rearrangement setting 13
Bootstrap[36]: Time 0.520043 seconds, bootstrap likelihood -20173.238805, best rearrangement setting 13
Bootstrap[37]: Time 0.480768 seconds, bootstrap likelihood -20554.341219, best rearrangement setting 5
Bootstrap[38]: Time 0.508626 seconds, bootstrap likelihood -20804.111395, best rearrangement setting 6
Bootstrap[39]: Time 1.206307 seconds, bootstrap likelihood -20503.307677, best rearrangement setting 12
Bootstrap[40]: Time 0.508480 seconds, bootstrap likelihood -19897.165339, best rearrangement setting 13
Bootstrap[41]: Time 0.527581 seconds, bootstrap likelihood -20574.221618, best rearrangement setting 14
Bootstrap[42]: Time 0.538227 seconds, bootstrap likelihood -20074.933733, best rearrangement setting 7
Bootstrap[43]: Time 3.368686 seconds, bootstrap likelihood -20936.653318, best rearrangement setting 15
Bootstrap[44]: Time 0.509473 seconds, bootstrap likelihood -20302.426029, best rearrangement setting 6
Bootstrap[45]: Time 0.609044 seconds, bootstrap likelihood -20434.044393, best rearrangement setting 8
Bootstrap[46]: Time 8.907876 seconds, bootstrap likelihood -20630.368697, best rearrangement setting 5
Bootstrap[47]: Time 0.537272 seconds, bootstrap likelihood -20463.573560, best rearrangement setting 8
Bootstrap[48]: Time 0.431528 seconds, bootstrap likelihood -20878.562042, best rearrangement setting 7
Bootstrap[49]: Time 0.474696 seconds, bootstrap likelihood -20510.239686, best rearrangement setting 11
Bootstrap[50]: Time 0.515211 seconds, bootstrap likelihood -20611.575370, best rearrangement setting 6
Bootstrap[51]: Time 3.414859 seconds, bootstrap likelihood -20888.794824, best rearrangement setting 11
Bootstrap[52]: Time 0.520422 seconds, bootstrap likelihood -20736.614573, best rearrangement setting 14
Bootstrap[53]: Time 0.496505 seconds, bootstrap likelihood -20207.405998, best rearrangement setting 11
Bootstrap[54]: Time 0.474151 seconds, bootstrap likelihood -21090.656934, best rearrangement setting 6
Bootstrap[55]: Time 0.530125 seconds, bootstrap likelihood -20394.605488, best rearrangement setting 9
Bootstrap[56]: Time 0.510619 seconds, bootstrap likelihood -20794.082943, best rearrangement setting 12
Bootstrap[57]: Time 0.514530 seconds, bootstrap likelihood -20306.807403, best rearrangement setting 7
Bootstrap[58]: Time 0.524632 seconds, bootstrap likelihood -21329.798474, best rearrangement setting 15
Bootstrap[59]: Time 0.481320 seconds, bootstrap likelihood -20182.127339, best rearrangement setting 6
Bootstrap[60]: Time 0.534505 seconds, bootstrap likelihood -20434.545138, best rearrangement setting 8
Bootstrap[61]: Time 0.557643 seconds, bootstrap likelihood -20589.849125, best rearrangement setting 8
Bootstrap[62]: Time 0.524078 seconds, bootstrap likelihood -20740.388212, best rearrangement setting 14
Bootstrap[63]: Time 0.546561 seconds, bootstrap likelihood -20241.797727, best rearrangement setting 10
Bootstrap[64]: Time 0.683839 seconds, bootstrap likelihood -21156.359078, best rearrangement setting 7
Bootstrap[65]: Time 0.504492 seconds, bootstrap likelihood -19943.268921, best rearrangement setting 12
Bootstrap[66]: Time 0.630231 seconds, bootstrap likelihood -21040.651328, best rearrangement setting 15
Bootstrap[67]: Time 0.526868 seconds, bootstrap likelihood -20855.229683, best rearrangement setting 12
Bootstrap[68]: Time 0.481138 seconds, bootstrap likelihood -21057.520402, best rearrangement setting 14
Bootstrap[69]: Time 0.629339 seconds, bootstrap likelihood -21073.125762, best rearrangement setting 12
Bootstrap[70]: Time 0.462363 seconds, bootstrap likelihood -21090.424709, best rearrangement setting 6
Bootstrap[71]: Time 0.565725 seconds, bootstrap likelihood -20765.647667, best rearrangement setting 9
Bootstrap[72]: Time 0.505073 seconds, bootstrap likelihood -20529.704030, best rearrangement setting 6
Bootstrap[73]: Time 2.806265 seconds, bootstrap likelihood -20856.458305, best rearrangement setting 5
Bootstrap[74]: Time 0.554951 seconds, bootstrap likelihood -20623.705051, best rearrangement setting 13
Bootstrap[75]: Time 0.435344 seconds, bootstrap likelihood -19948.749197, best rearrangement setting 5
Bootstrap[76]: Time 0.464537 seconds, bootstrap likelihood -20332.740256, best rearrangement setting 5
Bootstrap[77]: Time 0.454212 seconds, bootstrap likelihood -20871.965421, best rearrangement setting 5
Bootstrap[78]: Time 0.504441 seconds, bootstrap likelihood -21398.684793, best rearrangement setting 13
Bootstrap[79]: Time 0.508213 seconds, bootstrap likelihood -20738.988330, best rearrangement setting 8
Bootstrap[80]: Time 0.454413 seconds, bootstrap likelihood -20170.503813, best rearrangement setting 5
Bootstrap[81]: Time 0.621141 seconds, bootstrap likelihood -20083.533469, best rearrangement setting 14
Bootstrap[82]: Time 0.488089 seconds, bootstrap likelihood -21029.154387, best rearrangement setting 5
Bootstrap[83]: Time 0.699635 seconds, bootstrap likelihood -21216.054672, best rearrangement setting 9
Bootstrap[84]: Time 0.469632 seconds, bootstrap likelihood -20582.642992, best rearrangement setting 5
Bootstrap[85]: Time 0.507389 seconds, bootstrap likelihood -20142.613749, best rearrangement setting 8
Bootstrap[86]: Time 0.538657 seconds, bootstrap likelihood -20478.338171, best rearrangement setting 14
Bootstrap[87]: Time 0.488320 seconds, bootstrap likelihood -20775.873154, best rearrangement setting 13
Bootstrap[88]: Time 0.518222 seconds, bootstrap likelihood -20689.503346, best rearrangement setting 7
Bootstrap[89]: Time 0.491122 seconds, bootstrap likelihood -20484.238894, best rearrangement setting 11
Bootstrap[90]: Time 0.626292 seconds, bootstrap likelihood -21018.073005, best rearrangement setting 14
Bootstrap[91]: Time 0.561301 seconds, bootstrap likelihood -20882.089915, best rearrangement setting 12
Bootstrap[92]: Time 0.495692 seconds, bootstrap likelihood -21068.077749, best rearrangement setting 12
Bootstrap[93]: Time 0.530188 seconds, bootstrap likelihood -20531.540996, best rearrangement setting 9
Bootstrap[94]: Time 0.475002 seconds, bootstrap likelihood -20143.411015, best rearrangement setting 8
Bootstrap[95]: Time 0.439487 seconds, bootstrap likelihood -21092.960402, best rearrangement setting 5
Bootstrap[96]: Time 0.465918 seconds, bootstrap likelihood -20311.589617, best rearrangement setting 12
Bootstrap[97]: Time 0.506303 seconds, bootstrap likelihood -19743.632566, best rearrangement setting 12
Bootstrap[98]: Time 0.572804 seconds, bootstrap likelihood -20144.419975, best rearrangement setting 11
Bootstrap[99]: Time 0.547072 seconds, bootstrap likelihood -19860.830800, best rearrangement setting 10


Overall Time for 100 Rapid Bootstraps 77.068835 seconds
Average Time per Rapid Bootstrap 0.770688 seconds

Starting ML Search ...

Fast ML optimization finished

Fast ML search Time: 93.615096 seconds

Slow ML Search 0 Likelihood: -20685.244606
Slow ML Search 1 Likelihood: -20685.244608
Slow ML Search 2 Likelihood: -20685.244606
Slow ML Search 3 Likelihood: -20685.244606
Slow ML Search 4 Likelihood: -20685.244608
Slow ML Search 5 Likelihood: -20685.244608
Slow ML Search 6 Likelihood: -20685.244608
Slow ML Search 7 Likelihood: -20685.357584
Slow ML Search 8 Likelihood: -20685.357584
Slow ML Search 9 Likelihood: -20685.357584
Slow ML optimization finished

Slow ML search Time: 22.017495 seconds
Thorough ML search Time: 1.138827 seconds

Final ML Optimization Likelihood: -20685.244612

Model Information:

Model Parameters of Partition 0, Name: No Name Provided, Type of Data: DNA
alpha: 0.304839
Tree-Length: 1.579731
rate A <-> C: 2.402329
rate A <-> G: 9.262987
rate A <-> T: 0.970741
rate C <-> G: 0.949709
rate C <-> T: 11.216322
rate G <-> T: 1.000000

freq pi(A): 0.390399
freq pi(C): 0.165663
freq pi(G): 0.227365
freq pi(T): 0.216573


ML search took 116.778119 secs or 0.032438 hours

Combined Bootstrap and ML search took 193.847086 secs or 0.053846 hours

Drawing Bootstrap Support Values on best-scoring ML tree ...



Found 1 tree in File /gpfs_home/mhowison/code/hiv-profile-sampling/scratch/trees/pol/RAxML_bestTree.sample.221



Found 1 tree in File /gpfs_home/mhowison/code/hiv-profile-sampling/scratch/trees/pol/RAxML_bestTree.sample.221

Program execution info written to /gpfs_home/mhowison/code/hiv-profile-sampling/scratch/trees/pol/RAxML_info.sample.221
All 100 bootstrapped trees written to: /gpfs_home/mhowison/code/hiv-profile-sampling/scratch/trees/pol/RAxML_bootstrap.sample.221

Best-scoring ML tree written to: /gpfs_home/mhowison/code/hiv-profile-sampling/scratch/trees/pol/RAxML_bestTree.sample.221

Best-scoring ML tree with support values written to: /gpfs_home/mhowison/code/hiv-profile-sampling/scratch/trees/pol/RAxML_bipartitions.sample.221

Best-scoring ML tree with support values as branch labels written to: /gpfs_home/mhowison/code/hiv-profile-sampling/scratch/trees/pol/RAxML_bipartitionsBranchLabels.sample.221

Overall execution time for full ML analysis: 193.851281 secs or 0.053848 hours or 0.002244 days

