srun: job 262027 queued and waiting for resources
srun: job 262027 has been allocated resources
Warning, you specified a working directory via "-w"
Keep in mind that RAxML only accepts absolute path names, not relative ones!

RAxML can't, parse the alignment file as phylip file 
it will now try to parse it as FASTA file



Using BFGS method to optimize GTR rate parameters, to disable this specify "--no-bfgs" 


This is the RAxML Master Pthread

This is RAxML Worker Pthread Number: 1

This is RAxML Worker Pthread Number: 2

This is RAxML Worker Pthread Number: 5

This is RAxML Worker Pthread Number: 6

This is RAxML Worker Pthread Number: 3

This is RAxML Worker Pthread Number: 4

This is RAxML Worker Pthread Number: 8

This is RAxML Worker Pthread Number: 7

This is RAxML Worker Pthread Number: 9

This is RAxML Worker Pthread Number: 15

This is RAxML Worker Pthread Number: 10

This is RAxML Worker Pthread Number: 19

This is RAxML Worker Pthread Number: 11

This is RAxML Worker Pthread Number: 14

This is RAxML Worker Pthread Number: 17

This is RAxML Worker Pthread Number: 12

This is RAxML Worker Pthread Number: 18

This is RAxML Worker Pthread Number: 16

This is RAxML Worker Pthread Number: 13


This is RAxML version 8.2.12 released by Alexandros Stamatakis on May 2018.

With greatly appreciated code contributions by:
Andre Aberer      (HITS)
Simon Berger      (HITS)
Alexey Kozlov     (HITS)
Kassian Kobert    (HITS)
David Dao         (KIT and HITS)
Sarah Lutteropp   (KIT and HITS)
Nick Pattengale   (Sandia)
Wayne Pfeiffer    (SDSC)
Akifumi S. Tanabe (NRIFS)
Charlie Taylor    (UF)


Alignment has 1185 distinct alignment patterns

Proportion of gaps and completely undetermined characters in this alignment: 5.94%

RAxML rapid bootstrapping and subsequent ML search

Using 1 distinct models/data partitions with joint branch length optimization



Executing 100 rapid bootstrap inferences and thereafter a thorough ML search 

All free model parameters will be estimated by RAxML
GAMMA model of rate heterogeneity, ML estimate of alpha-parameter

GAMMA Model parameters will be estimated up to an accuracy of 0.1000000000 Log Likelihood units

Partition: 0
Alignment Patterns: 1185
Name: No Name Provided
DataType: DNA
Substitution Matrix: GTR




RAxML was called as follows:

raxmlHPC-PTHREADS-AVX -T 20 -s scratch/aligned/pol/sample.318.fa -p 8721010815 -x 8721010815 -f a -N 100 -m GTRGAMMA -w /gpfs_home/mhowison/code/hiv-profile-sampling/scratch/trees/pol -n sample.318 



Time for BS model parameter optimization 0.052791
Bootstrap[0]: Time 0.608194 seconds, bootstrap likelihood -20496.441115, best rearrangement setting 14
Bootstrap[1]: Time 0.572779 seconds, bootstrap likelihood -20787.938975, best rearrangement setting 15
Bootstrap[2]: Time 0.571045 seconds, bootstrap likelihood -21099.834743, best rearrangement setting 7
Bootstrap[3]: Time 0.513068 seconds, bootstrap likelihood -21675.283244, best rearrangement setting 9
Bootstrap[4]: Time 0.502410 seconds, bootstrap likelihood -20472.828845, best rearrangement setting 14
Bootstrap[5]: Time 0.466155 seconds, bootstrap likelihood -21047.958547, best rearrangement setting 8
Bootstrap[6]: Time 0.540013 seconds, bootstrap likelihood -21213.536242, best rearrangement setting 6
Bootstrap[7]: Time 0.535947 seconds, bootstrap likelihood -20081.228958, best rearrangement setting 15
Bootstrap[8]: Time 0.514191 seconds, bootstrap likelihood -20183.481989, best rearrangement setting 7
Bootstrap[9]: Time 0.530183 seconds, bootstrap likelihood -20534.147893, best rearrangement setting 11
Bootstrap[10]: Time 0.478668 seconds, bootstrap likelihood -19859.093196, best rearrangement setting 7
Bootstrap[11]: Time 1.113831 seconds, bootstrap likelihood -21041.823932, best rearrangement setting 12
Bootstrap[12]: Time 0.594754 seconds, bootstrap likelihood -20821.243321, best rearrangement setting 9
Bootstrap[13]: Time 0.545774 seconds, bootstrap likelihood -21226.384906, best rearrangement setting 15
Bootstrap[14]: Time 0.546339 seconds, bootstrap likelihood -20212.937856, best rearrangement setting 13
Bootstrap[15]: Time 0.596278 seconds, bootstrap likelihood -20823.035112, best rearrangement setting 11
Bootstrap[16]: Time 0.470857 seconds, bootstrap likelihood -20766.707240, best rearrangement setting 12
Bootstrap[17]: Time 0.393658 seconds, bootstrap likelihood -21197.264743, best rearrangement setting 9
Bootstrap[18]: Time 0.472107 seconds, bootstrap likelihood -20585.298360, best rearrangement setting 14
Bootstrap[19]: Time 0.543013 seconds, bootstrap likelihood -20063.025356, best rearrangement setting 9
Bootstrap[20]: Time 0.619462 seconds, bootstrap likelihood -20613.298484, best rearrangement setting 12
Bootstrap[21]: Time 0.476889 seconds, bootstrap likelihood -21283.255369, best rearrangement setting 6
Bootstrap[22]: Time 0.513308 seconds, bootstrap likelihood -21114.038987, best rearrangement setting 13
Bootstrap[23]: Time 0.464439 seconds, bootstrap likelihood -21073.039948, best rearrangement setting 10
Bootstrap[24]: Time 0.556279 seconds, bootstrap likelihood -19971.506371, best rearrangement setting 14
Bootstrap[25]: Time 0.623833 seconds, bootstrap likelihood -19907.551138, best rearrangement setting 10
Bootstrap[26]: Time 3.106253 seconds, bootstrap likelihood -20776.569083, best rearrangement setting 14
Bootstrap[27]: Time 0.445267 seconds, bootstrap likelihood -19857.399766, best rearrangement setting 5
Bootstrap[28]: Time 0.626177 seconds, bootstrap likelihood -20675.719759, best rearrangement setting 11
Bootstrap[29]: Time 0.549921 seconds, bootstrap likelihood -21122.301720, best rearrangement setting 9
Bootstrap[30]: Time 3.280237 seconds, bootstrap likelihood -20298.182665, best rearrangement setting 15
Bootstrap[31]: Time 0.531699 seconds, bootstrap likelihood -20212.503554, best rearrangement setting 10
Bootstrap[32]: Time 0.647759 seconds, bootstrap likelihood -21347.474195, best rearrangement setting 11
Bootstrap[33]: Time 0.531481 seconds, bootstrap likelihood -20596.115993, best rearrangement setting 8
Bootstrap[34]: Time 4.792963 seconds, bootstrap likelihood -20732.206534, best rearrangement setting 8
Bootstrap[35]: Time 0.579161 seconds, bootstrap likelihood -20450.311566, best rearrangement setting 13
Bootstrap[36]: Time 31.531379 seconds, bootstrap likelihood -20968.366066, best rearrangement setting 9
Bootstrap[37]: Time 0.487304 seconds, bootstrap likelihood -20762.954249, best rearrangement setting 7
Bootstrap[38]: Time 1.954016 seconds, bootstrap likelihood -20415.715153, best rearrangement setting 5
Bootstrap[39]: Time 0.967460 seconds, bootstrap likelihood -21121.172719, best rearrangement setting 6
Bootstrap[40]: Time 0.512154 seconds, bootstrap likelihood -20461.413943, best rearrangement setting 11
Bootstrap[41]: Time 0.509532 seconds, bootstrap likelihood -21004.321689, best rearrangement setting 10
Bootstrap[42]: Time 2.978753 seconds, bootstrap likelihood -20652.649205, best rearrangement setting 14
Bootstrap[43]: Time 0.408000 seconds, bootstrap likelihood -20192.834989, best rearrangement setting 5
Bootstrap[44]: Time 0.643589 seconds, bootstrap likelihood -21177.496093, best rearrangement setting 8
Bootstrap[45]: Time 0.617246 seconds, bootstrap likelihood -20723.848974, best rearrangement setting 14
Bootstrap[46]: Time 3.547200 seconds, bootstrap likelihood -20431.536690, best rearrangement setting 5
Bootstrap[47]: Time 0.600942 seconds, bootstrap likelihood -20654.879626, best rearrangement setting 14
Bootstrap[48]: Time 0.422525 seconds, bootstrap likelihood -21013.244526, best rearrangement setting 5
Bootstrap[49]: Time 0.643035 seconds, bootstrap likelihood -20301.787047, best rearrangement setting 7
Bootstrap[50]: Time 0.555647 seconds, bootstrap likelihood -20046.335677, best rearrangement setting 12
Bootstrap[51]: Time 0.487182 seconds, bootstrap likelihood -21086.399758, best rearrangement setting 10
Bootstrap[52]: Time 0.469762 seconds, bootstrap likelihood -20537.328778, best rearrangement setting 5
Bootstrap[53]: Time 0.575397 seconds, bootstrap likelihood -20994.869340, best rearrangement setting 8
Bootstrap[54]: Time 0.498329 seconds, bootstrap likelihood -20210.274224, best rearrangement setting 7
Bootstrap[55]: Time 0.603835 seconds, bootstrap likelihood -20218.944384, best rearrangement setting 9
Bootstrap[56]: Time 0.563762 seconds, bootstrap likelihood -20775.654967, best rearrangement setting 8
Bootstrap[57]: Time 0.534427 seconds, bootstrap likelihood -20553.636426, best rearrangement setting 10
Bootstrap[58]: Time 0.503633 seconds, bootstrap likelihood -20861.133914, best rearrangement setting 11
Bootstrap[59]: Time 3.606964 seconds, bootstrap likelihood -19609.122913, best rearrangement setting 5
Bootstrap[60]: Time 5.091611 seconds, bootstrap likelihood -20355.087689, best rearrangement setting 11
Bootstrap[61]: Time 1.396835 seconds, bootstrap likelihood -20137.219849, best rearrangement setting 5
Bootstrap[62]: Time 0.520765 seconds, bootstrap likelihood -20436.817360, best rearrangement setting 12
Bootstrap[63]: Time 0.437370 seconds, bootstrap likelihood -20416.237361, best rearrangement setting 14
Bootstrap[64]: Time 0.492649 seconds, bootstrap likelihood -20450.873613, best rearrangement setting 11
Bootstrap[65]: Time 0.445239 seconds, bootstrap likelihood -20652.316830, best rearrangement setting 5
Bootstrap[66]: Time 0.548918 seconds, bootstrap likelihood -20685.427764, best rearrangement setting 11
Bootstrap[67]: Time 0.536950 seconds, bootstrap likelihood -20686.580407, best rearrangement setting 8
Bootstrap[68]: Time 0.475985 seconds, bootstrap likelihood -20581.939550, best rearrangement setting 8
Bootstrap[69]: Time 0.482844 seconds, bootstrap likelihood -20620.000793, best rearrangement setting 14
Bootstrap[70]: Time 0.564732 seconds, bootstrap likelihood -20862.418354, best rearrangement setting 7
Bootstrap[71]: Time 0.534687 seconds, bootstrap likelihood -21228.913616, best rearrangement setting 15
Bootstrap[72]: Time 0.490570 seconds, bootstrap likelihood -20774.722011, best rearrangement setting 9
Bootstrap[73]: Time 0.437536 seconds, bootstrap likelihood -20224.247046, best rearrangement setting 15
Bootstrap[74]: Time 0.908529 seconds, bootstrap likelihood -20408.021398, best rearrangement setting 14
Bootstrap[75]: Time 0.454908 seconds, bootstrap likelihood -19901.014980, best rearrangement setting 6
Bootstrap[76]: Time 0.556544 seconds, bootstrap likelihood -20464.100921, best rearrangement setting 9
Bootstrap[77]: Time 0.603120 seconds, bootstrap likelihood -21344.855689, best rearrangement setting 8
Bootstrap[78]: Time 0.451255 seconds, bootstrap likelihood -20829.655774, best rearrangement setting 5
Bootstrap[79]: Time 0.587417 seconds, bootstrap likelihood -20591.120907, best rearrangement setting 11
Bootstrap[80]: Time 3.759002 seconds, bootstrap likelihood -21126.281326, best rearrangement setting 13
Bootstrap[81]: Time 5.136388 seconds, bootstrap likelihood -20812.135649, best rearrangement setting 6
Bootstrap[82]: Time 0.496805 seconds, bootstrap likelihood -20388.386599, best rearrangement setting 8
Bootstrap[83]: Time 0.508966 seconds, bootstrap likelihood -20265.636810, best rearrangement setting 10
Bootstrap[84]: Time 0.535101 seconds, bootstrap likelihood -20711.744821, best rearrangement setting 13
Bootstrap[85]: Time 0.593075 seconds, bootstrap likelihood -20290.796816, best rearrangement setting 9
Bootstrap[86]: Time 0.471597 seconds, bootstrap likelihood -20472.427138, best rearrangement setting 5
Bootstrap[87]: Time 0.573163 seconds, bootstrap likelihood -20383.151390, best rearrangement setting 10
Bootstrap[88]: Time 0.525474 seconds, bootstrap likelihood -20321.883178, best rearrangement setting 13
Bootstrap[89]: Time 0.626811 seconds, bootstrap likelihood -20340.215179, best rearrangement setting 11
Bootstrap[90]: Time 0.456947 seconds, bootstrap likelihood -20463.816454, best rearrangement setting 5
Bootstrap[91]: Time 0.446775 seconds, bootstrap likelihood -20913.456850, best rearrangement setting 10
Bootstrap[92]: Time 0.617042 seconds, bootstrap likelihood -20271.405277, best rearrangement setting 15
Bootstrap[93]: Time 0.433642 seconds, bootstrap likelihood -20226.656684, best rearrangement setting 5
Bootstrap[94]: Time 0.537114 seconds, bootstrap likelihood -21155.817484, best rearrangement setting 6
Bootstrap[95]: Time 0.497258 seconds, bootstrap likelihood -20342.868646, best rearrangement setting 6
Bootstrap[96]: Time 0.428905 seconds, bootstrap likelihood -20303.426609, best rearrangement setting 12
Bootstrap[97]: Time 0.471682 seconds, bootstrap likelihood -20498.454844, best rearrangement setting 6
Bootstrap[98]: Time 0.584657 seconds, bootstrap likelihood -20602.347551, best rearrangement setting 6
Bootstrap[99]: Time 0.598560 seconds, bootstrap likelihood -21086.667727, best rearrangement setting 7


Overall Time for 100 Rapid Bootstraps 118.066785 seconds
Average Time per Rapid Bootstrap 1.180668 seconds

Starting ML Search ...

Fast ML optimization finished

Fast ML search Time: 76.069152 seconds

Slow ML Search 0 Likelihood: -20687.854266
Slow ML Search 1 Likelihood: -20687.854266
Slow ML Search 2 Likelihood: -20690.165233
Slow ML Search 3 Likelihood: -20690.484557
Slow ML Search 4 Likelihood: -20691.021871
Slow ML Search 5 Likelihood: -20691.021871
Slow ML Search 6 Likelihood: -20691.021871
Slow ML Search 7 Likelihood: -20691.021871
Slow ML Search 8 Likelihood: -20691.887299
Slow ML Search 9 Likelihood: -20692.268134
Slow ML optimization finished

Slow ML search Time: 15.078378 seconds
Thorough ML search Time: 2.895400 seconds

Final ML Optimization Likelihood: -20687.854266

Model Information:

Model Parameters of Partition 0, Name: No Name Provided, Type of Data: DNA
alpha: 0.311012
Tree-Length: 1.564595
rate A <-> C: 2.439698
rate A <-> G: 9.170651
rate A <-> T: 1.002030
rate C <-> G: 0.961763
rate C <-> T: 10.937191
rate G <-> T: 1.000000

freq pi(A): 0.389915
freq pi(C): 0.165902
freq pi(G): 0.227550
freq pi(T): 0.216633


ML search took 94.089312 secs or 0.026136 hours

Combined Bootstrap and ML search took 212.156230 secs or 0.058932 hours

Drawing Bootstrap Support Values on best-scoring ML tree ...



Found 1 tree in File /gpfs_home/mhowison/code/hiv-profile-sampling/scratch/trees/pol/RAxML_bestTree.sample.318



Found 1 tree in File /gpfs_home/mhowison/code/hiv-profile-sampling/scratch/trees/pol/RAxML_bestTree.sample.318

Program execution info written to /gpfs_home/mhowison/code/hiv-profile-sampling/scratch/trees/pol/RAxML_info.sample.318
All 100 bootstrapped trees written to: /gpfs_home/mhowison/code/hiv-profile-sampling/scratch/trees/pol/RAxML_bootstrap.sample.318

Best-scoring ML tree written to: /gpfs_home/mhowison/code/hiv-profile-sampling/scratch/trees/pol/RAxML_bestTree.sample.318

Best-scoring ML tree with support values written to: /gpfs_home/mhowison/code/hiv-profile-sampling/scratch/trees/pol/RAxML_bipartitions.sample.318

Best-scoring ML tree with support values as branch labels written to: /gpfs_home/mhowison/code/hiv-profile-sampling/scratch/trees/pol/RAxML_bipartitionsBranchLabels.sample.318

Overall execution time for full ML analysis: 212.213225 secs or 0.058948 hours or 0.002456 days

