srun: job 261455 queued and waiting for resources
srun: job 261455 has been allocated resources
Warning, you specified a working directory via "-w"
Keep in mind that RAxML only accepts absolute path names, not relative ones!

RAxML can't, parse the alignment file as phylip file 
it will now try to parse it as FASTA file



Using BFGS method to optimize GTR rate parameters, to disable this specify "--no-bfgs" 


This is the RAxML Master Pthread

This is RAxML Worker Pthread Number: 1

This is RAxML Worker Pthread Number: 4

This is RAxML Worker Pthread Number: 2

This is RAxML Worker Pthread Number: 3

This is RAxML Worker Pthread Number: 5

This is RAxML Worker Pthread Number: 6

This is RAxML Worker Pthread Number: 7

This is RAxML Worker Pthread Number: 8

This is RAxML Worker Pthread Number: 9

This is RAxML Worker Pthread Number: 10

This is RAxML Worker Pthread Number: 11

This is RAxML Worker Pthread Number: 13

This is RAxML Worker Pthread Number: 12

This is RAxML Worker Pthread Number: 14

This is RAxML Worker Pthread Number: 15

This is RAxML Worker Pthread Number: 16

This is RAxML Worker Pthread Number: 19

This is RAxML Worker Pthread Number: 18

This is RAxML Worker Pthread Number: 17


This is RAxML version 8.2.12 released by Alexandros Stamatakis on May 2018.

With greatly appreciated code contributions by:
Andre Aberer      (HITS)
Simon Berger      (HITS)
Alexey Kozlov     (HITS)
Kassian Kobert    (HITS)
David Dao         (KIT and HITS)
Sarah Lutteropp   (KIT and HITS)
Nick Pattengale   (Sandia)
Wayne Pfeiffer    (SDSC)
Akifumi S. Tanabe (NRIFS)
Charlie Taylor    (UF)


Alignment has 1186 distinct alignment patterns

Proportion of gaps and completely undetermined characters in this alignment: 5.95%

RAxML rapid bootstrapping and subsequent ML search

Using 1 distinct models/data partitions with joint branch length optimization



Executing 100 rapid bootstrap inferences and thereafter a thorough ML search 

All free model parameters will be estimated by RAxML
GAMMA model of rate heterogeneity, ML estimate of alpha-parameter

GAMMA Model parameters will be estimated up to an accuracy of 0.1000000000 Log Likelihood units

Partition: 0
Alignment Patterns: 1186
Name: No Name Provided
DataType: DNA
Substitution Matrix: GTR




RAxML was called as follows:

raxmlHPC-PTHREADS-AVX -T 20 -s scratch/aligned/pol/sample.117.fa -p 7589965141 -x 7589965141 -f a -N 100 -m GTRGAMMA -w /gpfs_home/mhowison/code/hiv-profile-sampling/scratch/trees/pol -n sample.117 



Time for BS model parameter optimization 0.046937
Bootstrap[0]: Time 0.655577 seconds, bootstrap likelihood -20332.250876, best rearrangement setting 9
Bootstrap[1]: Time 0.972252 seconds, bootstrap likelihood -20304.090002, best rearrangement setting 13
Bootstrap[2]: Time 1.315034 seconds, bootstrap likelihood -21114.760032, best rearrangement setting 13
Bootstrap[3]: Time 0.546319 seconds, bootstrap likelihood -20811.709848, best rearrangement setting 14
Bootstrap[4]: Time 0.483990 seconds, bootstrap likelihood -21072.520117, best rearrangement setting 6
Bootstrap[5]: Time 0.581719 seconds, bootstrap likelihood -20122.846774, best rearrangement setting 13
Bootstrap[6]: Time 0.569517 seconds, bootstrap likelihood -20313.456725, best rearrangement setting 10
Bootstrap[7]: Time 0.581833 seconds, bootstrap likelihood -20965.040087, best rearrangement setting 13
Bootstrap[8]: Time 0.481152 seconds, bootstrap likelihood -21144.679979, best rearrangement setting 8
Bootstrap[9]: Time 0.537153 seconds, bootstrap likelihood -20242.472840, best rearrangement setting 9
Bootstrap[10]: Time 0.491883 seconds, bootstrap likelihood -20130.297292, best rearrangement setting 10
Bootstrap[11]: Time 0.543674 seconds, bootstrap likelihood -21420.878637, best rearrangement setting 11
Bootstrap[12]: Time 0.508424 seconds, bootstrap likelihood -20581.163866, best rearrangement setting 8
Bootstrap[13]: Time 0.582135 seconds, bootstrap likelihood -20220.621534, best rearrangement setting 9
Bootstrap[14]: Time 0.587351 seconds, bootstrap likelihood -20730.720433, best rearrangement setting 12
Bootstrap[15]: Time 0.545991 seconds, bootstrap likelihood -20694.277838, best rearrangement setting 10
Bootstrap[16]: Time 0.761881 seconds, bootstrap likelihood -20629.434405, best rearrangement setting 9
Bootstrap[17]: Time 0.541904 seconds, bootstrap likelihood -20179.145963, best rearrangement setting 13
Bootstrap[18]: Time 0.592863 seconds, bootstrap likelihood -20798.986641, best rearrangement setting 12
Bootstrap[19]: Time 0.570523 seconds, bootstrap likelihood -20892.306632, best rearrangement setting 9
Bootstrap[20]: Time 0.520550 seconds, bootstrap likelihood -20796.345855, best rearrangement setting 10
Bootstrap[21]: Time 0.495004 seconds, bootstrap likelihood -20756.946554, best rearrangement setting 12
Bootstrap[22]: Time 0.558961 seconds, bootstrap likelihood -21077.894985, best rearrangement setting 14
Bootstrap[23]: Time 0.543408 seconds, bootstrap likelihood -20593.613494, best rearrangement setting 11
Bootstrap[24]: Time 0.538695 seconds, bootstrap likelihood -20507.329926, best rearrangement setting 7
Bootstrap[25]: Time 0.450099 seconds, bootstrap likelihood -20306.530100, best rearrangement setting 5
Bootstrap[26]: Time 0.565566 seconds, bootstrap likelihood -20408.353098, best rearrangement setting 9
Bootstrap[27]: Time 0.457965 seconds, bootstrap likelihood -20808.299519, best rearrangement setting 14
Bootstrap[28]: Time 0.461952 seconds, bootstrap likelihood -20662.474306, best rearrangement setting 12
Bootstrap[29]: Time 0.607994 seconds, bootstrap likelihood -19919.920229, best rearrangement setting 10
Bootstrap[30]: Time 0.569738 seconds, bootstrap likelihood -20179.865753, best rearrangement setting 13
Bootstrap[31]: Time 0.566039 seconds, bootstrap likelihood -20325.801987, best rearrangement setting 12
Bootstrap[32]: Time 0.551928 seconds, bootstrap likelihood -20173.863247, best rearrangement setting 15
Bootstrap[33]: Time 0.500805 seconds, bootstrap likelihood -20326.929371, best rearrangement setting 15
Bootstrap[34]: Time 0.535451 seconds, bootstrap likelihood -21054.839277, best rearrangement setting 6
Bootstrap[35]: Time 0.541418 seconds, bootstrap likelihood -20311.754651, best rearrangement setting 11
Bootstrap[36]: Time 3.934155 seconds, bootstrap likelihood -19910.482451, best rearrangement setting 12
Bootstrap[37]: Time 0.471837 seconds, bootstrap likelihood -20936.300369, best rearrangement setting 9
Bootstrap[38]: Time 5.600921 seconds, bootstrap likelihood -20466.551260, best rearrangement setting 11
Bootstrap[39]: Time 2.195399 seconds, bootstrap likelihood -20274.541717, best rearrangement setting 12
Bootstrap[40]: Time 0.457533 seconds, bootstrap likelihood -20372.162094, best rearrangement setting 6
Bootstrap[41]: Time 4.082860 seconds, bootstrap likelihood -20287.076663, best rearrangement setting 6
Bootstrap[42]: Time 0.518930 seconds, bootstrap likelihood -21137.209551, best rearrangement setting 11
Bootstrap[43]: Time 0.561374 seconds, bootstrap likelihood -20695.856649, best rearrangement setting 9
Bootstrap[44]: Time 0.537666 seconds, bootstrap likelihood -20106.757565, best rearrangement setting 9
Bootstrap[45]: Time 0.524552 seconds, bootstrap likelihood -19888.254449, best rearrangement setting 14
Bootstrap[46]: Time 0.546896 seconds, bootstrap likelihood -20334.215387, best rearrangement setting 6
Bootstrap[47]: Time 5.504250 seconds, bootstrap likelihood -20195.804395, best rearrangement setting 6
Bootstrap[48]: Time 0.608813 seconds, bootstrap likelihood -20141.546513, best rearrangement setting 10
Bootstrap[49]: Time 0.581328 seconds, bootstrap likelihood -20548.092089, best rearrangement setting 9
Bootstrap[50]: Time 0.480981 seconds, bootstrap likelihood -20019.317501, best rearrangement setting 13
Bootstrap[51]: Time 0.449138 seconds, bootstrap likelihood -20991.916344, best rearrangement setting 5
Bootstrap[52]: Time 0.546383 seconds, bootstrap likelihood -20270.919322, best rearrangement setting 6
Bootstrap[53]: Time 0.458528 seconds, bootstrap likelihood -19873.613701, best rearrangement setting 12
Bootstrap[54]: Time 0.794034 seconds, bootstrap likelihood -20460.975612, best rearrangement setting 15
Bootstrap[55]: Time 1.874948 seconds, bootstrap likelihood -20684.789152, best rearrangement setting 5
Bootstrap[56]: Time 3.336488 seconds, bootstrap likelihood -20703.166554, best rearrangement setting 8
Bootstrap[57]: Time 5.262387 seconds, bootstrap likelihood -21154.320131, best rearrangement setting 12
Bootstrap[58]: Time 0.453520 seconds, bootstrap likelihood -20374.242002, best rearrangement setting 12
Bootstrap[59]: Time 0.557809 seconds, bootstrap likelihood -20145.361042, best rearrangement setting 12
Bootstrap[60]: Time 0.496345 seconds, bootstrap likelihood -20399.136982, best rearrangement setting 11
Bootstrap[61]: Time 0.514523 seconds, bootstrap likelihood -20105.121745, best rearrangement setting 6
Bootstrap[62]: Time 0.491359 seconds, bootstrap likelihood -20919.929838, best rearrangement setting 5
Bootstrap[63]: Time 0.559355 seconds, bootstrap likelihood -19403.998000, best rearrangement setting 8
Bootstrap[64]: Time 0.574306 seconds, bootstrap likelihood -20716.867604, best rearrangement setting 8
Bootstrap[65]: Time 0.453364 seconds, bootstrap likelihood -20697.580701, best rearrangement setting 13
Bootstrap[66]: Time 0.517179 seconds, bootstrap likelihood -20298.055594, best rearrangement setting 12
Bootstrap[67]: Time 0.504041 seconds, bootstrap likelihood -20428.222247, best rearrangement setting 10
Bootstrap[68]: Time 0.495653 seconds, bootstrap likelihood -20306.701627, best rearrangement setting 11
Bootstrap[69]: Time 0.484004 seconds, bootstrap likelihood -20441.248482, best rearrangement setting 12
Bootstrap[70]: Time 0.534517 seconds, bootstrap likelihood -20483.408832, best rearrangement setting 15
Bootstrap[71]: Time 0.524919 seconds, bootstrap likelihood -20426.283846, best rearrangement setting 12
Bootstrap[72]: Time 0.461055 seconds, bootstrap likelihood -20966.689039, best rearrangement setting 14
Bootstrap[73]: Time 0.470833 seconds, bootstrap likelihood -20560.468734, best rearrangement setting 12
Bootstrap[74]: Time 0.568889 seconds, bootstrap likelihood -20628.912055, best rearrangement setting 15
Bootstrap[75]: Time 0.549351 seconds, bootstrap likelihood -20340.819155, best rearrangement setting 8
Bootstrap[76]: Time 0.506706 seconds, bootstrap likelihood -20534.572334, best rearrangement setting 11
Bootstrap[77]: Time 0.435781 seconds, bootstrap likelihood -20408.531662, best rearrangement setting 5
Bootstrap[78]: Time 5.636436 seconds, bootstrap likelihood -20291.669878, best rearrangement setting 5
Bootstrap[79]: Time 0.523358 seconds, bootstrap likelihood -20464.504787, best rearrangement setting 9
Bootstrap[80]: Time 0.530673 seconds, bootstrap likelihood -20746.548110, best rearrangement setting 9
Bootstrap[81]: Time 0.485831 seconds, bootstrap likelihood -20349.945533, best rearrangement setting 6
Bootstrap[82]: Time 3.171357 seconds, bootstrap likelihood -20690.421477, best rearrangement setting 6
Bootstrap[83]: Time 0.488003 seconds, bootstrap likelihood -20110.117548, best rearrangement setting 11
Bootstrap[84]: Time 0.648809 seconds, bootstrap likelihood -20218.925477, best rearrangement setting 7
Bootstrap[85]: Time 0.476932 seconds, bootstrap likelihood -19478.711148, best rearrangement setting 12
Bootstrap[86]: Time 0.563270 seconds, bootstrap likelihood -20300.032089, best rearrangement setting 13
Bootstrap[87]: Time 0.497287 seconds, bootstrap likelihood -20953.922648, best rearrangement setting 8
Bootstrap[88]: Time 0.467409 seconds, bootstrap likelihood -20079.425487, best rearrangement setting 13
Bootstrap[89]: Time 0.544723 seconds, bootstrap likelihood -20502.351564, best rearrangement setting 8
Bootstrap[90]: Time 0.478677 seconds, bootstrap likelihood -20403.537783, best rearrangement setting 5
Bootstrap[91]: Time 0.426072 seconds, bootstrap likelihood -20162.286274, best rearrangement setting 5
Bootstrap[92]: Time 2.947060 seconds, bootstrap likelihood -20155.978682, best rearrangement setting 9
Bootstrap[93]: Time 0.522064 seconds, bootstrap likelihood -20421.021182, best rearrangement setting 15
Bootstrap[94]: Time 2.289673 seconds, bootstrap likelihood -20411.810685, best rearrangement setting 10
Bootstrap[95]: Time 0.518798 seconds, bootstrap likelihood -20679.425660, best rearrangement setting 12
Bootstrap[96]: Time 0.460226 seconds, bootstrap likelihood -20990.555679, best rearrangement setting 12
Bootstrap[97]: Time 0.538679 seconds, bootstrap likelihood -20335.521475, best rearrangement setting 12
Bootstrap[98]: Time 0.628508 seconds, bootstrap likelihood -20610.819564, best rearrangement setting 8
Bootstrap[99]: Time 0.469842 seconds, bootstrap likelihood -20683.635589, best rearrangement setting 12


Overall Time for 100 Rapid Bootstraps 93.837878 seconds
Average Time per Rapid Bootstrap 0.938379 seconds

Starting ML Search ...

Fast ML optimization finished

Fast ML search Time: 222.052191 seconds

Slow ML Search 0 Likelihood: -20680.301873
Slow ML Search 1 Likelihood: -20680.301873
Slow ML Search 2 Likelihood: -20680.301873
Slow ML Search 3 Likelihood: -20680.301873
Slow ML Search 4 Likelihood: -20680.301873
Slow ML Search 5 Likelihood: -20680.301873
Slow ML Search 6 Likelihood: -20680.301873
Slow ML Search 7 Likelihood: -20680.301873
Slow ML Search 8 Likelihood: -20680.572931
Slow ML Search 9 Likelihood: -20680.573215
Slow ML optimization finished

Slow ML search Time: 21.087483 seconds
Thorough ML search Time: 1.109400 seconds

Final ML Optimization Likelihood: -20680.301793

Model Information:

Model Parameters of Partition 0, Name: No Name Provided, Type of Data: DNA
alpha: 0.301023
Tree-Length: 1.560996
rate A <-> C: 2.307063
rate A <-> G: 8.976201
rate A <-> T: 0.951768
rate C <-> G: 1.052784
rate C <-> T: 11.018047
rate G <-> T: 1.000000

freq pi(A): 0.389869
freq pi(C): 0.165888
freq pi(G): 0.227709
freq pi(T): 0.216534


ML search took 244.255560 secs or 0.067849 hours

Combined Bootstrap and ML search took 338.093575 secs or 0.093915 hours

Drawing Bootstrap Support Values on best-scoring ML tree ...



Found 1 tree in File /gpfs_home/mhowison/code/hiv-profile-sampling/scratch/trees/pol/RAxML_bestTree.sample.117



Found 1 tree in File /gpfs_home/mhowison/code/hiv-profile-sampling/scratch/trees/pol/RAxML_bestTree.sample.117

Program execution info written to /gpfs_home/mhowison/code/hiv-profile-sampling/scratch/trees/pol/RAxML_info.sample.117
All 100 bootstrapped trees written to: /gpfs_home/mhowison/code/hiv-profile-sampling/scratch/trees/pol/RAxML_bootstrap.sample.117

Best-scoring ML tree written to: /gpfs_home/mhowison/code/hiv-profile-sampling/scratch/trees/pol/RAxML_bestTree.sample.117

Best-scoring ML tree with support values written to: /gpfs_home/mhowison/code/hiv-profile-sampling/scratch/trees/pol/RAxML_bipartitions.sample.117

Best-scoring ML tree with support values as branch labels written to: /gpfs_home/mhowison/code/hiv-profile-sampling/scratch/trees/pol/RAxML_bipartitionsBranchLabels.sample.117

Overall execution time for full ML analysis: 338.098052 secs or 0.093916 hours or 0.003913 days

