srun: job 261442 queued and waiting for resources
srun: job 261442 has been allocated resources
Warning, you specified a working directory via "-w"
Keep in mind that RAxML only accepts absolute path names, not relative ones!

RAxML can't, parse the alignment file as phylip file 
it will now try to parse it as FASTA file



Using BFGS method to optimize GTR rate parameters, to disable this specify "--no-bfgs" 


This is the RAxML Master Pthread

This is RAxML Worker Pthread Number: 2

This is RAxML Worker Pthread Number: 5

This is RAxML Worker Pthread Number: 4

This is RAxML Worker Pthread Number: 3

This is RAxML Worker Pthread Number: 1

This is RAxML Worker Pthread Number: 6

This is RAxML Worker Pthread Number: 7

This is RAxML Worker Pthread Number: 8

This is RAxML Worker Pthread Number: 9

This is RAxML Worker Pthread Number: 11

This is RAxML Worker Pthread Number: 12

This is RAxML Worker Pthread Number: 10

This is RAxML Worker Pthread Number: 13

This is RAxML Worker Pthread Number: 15

This is RAxML Worker Pthread Number: 14

This is RAxML Worker Pthread Number: 16

This is RAxML Worker Pthread Number: 17

This is RAxML Worker Pthread Number: 18

This is RAxML Worker Pthread Number: 19


This is RAxML version 8.2.12 released by Alexandros Stamatakis on May 2018.

With greatly appreciated code contributions by:
Andre Aberer      (HITS)
Simon Berger      (HITS)
Alexey Kozlov     (HITS)
Kassian Kobert    (HITS)
David Dao         (KIT and HITS)
Sarah Lutteropp   (KIT and HITS)
Nick Pattengale   (Sandia)
Wayne Pfeiffer    (SDSC)
Akifumi S. Tanabe (NRIFS)
Charlie Taylor    (UF)


Alignment has 1180 distinct alignment patterns

Proportion of gaps and completely undetermined characters in this alignment: 5.95%

RAxML rapid bootstrapping and subsequent ML search

Using 1 distinct models/data partitions with joint branch length optimization



Executing 100 rapid bootstrap inferences and thereafter a thorough ML search 

All free model parameters will be estimated by RAxML
GAMMA model of rate heterogeneity, ML estimate of alpha-parameter

GAMMA Model parameters will be estimated up to an accuracy of 0.1000000000 Log Likelihood units

Partition: 0
Alignment Patterns: 1180
Name: No Name Provided
DataType: DNA
Substitution Matrix: GTR




RAxML was called as follows:

raxmlHPC-PTHREADS-AVX -T 20 -s scratch/aligned/pol/sample.105.fa -p 5441743604 -x 5441743604 -f a -N 100 -m GTRGAMMA -w /gpfs_home/mhowison/code/hiv-profile-sampling/scratch/trees/pol -n sample.105 



Time for BS model parameter optimization 0.051388
Bootstrap[0]: Time 0.563133 seconds, bootstrap likelihood -20142.169636, best rearrangement setting 15
Bootstrap[1]: Time 0.492597 seconds, bootstrap likelihood -20865.884711, best rearrangement setting 15
Bootstrap[2]: Time 0.713905 seconds, bootstrap likelihood -19936.672037, best rearrangement setting 11
Bootstrap[3]: Time 0.575363 seconds, bootstrap likelihood -20798.085455, best rearrangement setting 9
Bootstrap[4]: Time 0.517940 seconds, bootstrap likelihood -20614.783117, best rearrangement setting 10
Bootstrap[5]: Time 0.530325 seconds, bootstrap likelihood -20619.178404, best rearrangement setting 11
Bootstrap[6]: Time 0.555532 seconds, bootstrap likelihood -20921.639363, best rearrangement setting 10
Bootstrap[7]: Time 0.469858 seconds, bootstrap likelihood -20795.128944, best rearrangement setting 5
Bootstrap[8]: Time 0.586100 seconds, bootstrap likelihood -19579.428267, best rearrangement setting 10
Bootstrap[9]: Time 0.574512 seconds, bootstrap likelihood -21112.032978, best rearrangement setting 8
Bootstrap[10]: Time 0.556463 seconds, bootstrap likelihood -20803.394902, best rearrangement setting 14
Bootstrap[11]: Time 0.580329 seconds, bootstrap likelihood -19514.383784, best rearrangement setting 12
Bootstrap[12]: Time 0.546344 seconds, bootstrap likelihood -21092.079568, best rearrangement setting 12
Bootstrap[13]: Time 0.555356 seconds, bootstrap likelihood -21408.991196, best rearrangement setting 6
Bootstrap[14]: Time 0.548190 seconds, bootstrap likelihood -20682.853536, best rearrangement setting 10
Bootstrap[15]: Time 1.100782 seconds, bootstrap likelihood -20252.613876, best rearrangement setting 9
Bootstrap[16]: Time 0.506265 seconds, bootstrap likelihood -20949.287277, best rearrangement setting 6
Bootstrap[17]: Time 0.496175 seconds, bootstrap likelihood -21053.175474, best rearrangement setting 6
Bootstrap[18]: Time 0.474450 seconds, bootstrap likelihood -20529.154480, best rearrangement setting 6
Bootstrap[19]: Time 0.461753 seconds, bootstrap likelihood -21408.261919, best rearrangement setting 6
Bootstrap[20]: Time 0.466996 seconds, bootstrap likelihood -20977.128642, best rearrangement setting 11
Bootstrap[21]: Time 0.509393 seconds, bootstrap likelihood -20348.833010, best rearrangement setting 15
Bootstrap[22]: Time 0.484570 seconds, bootstrap likelihood -20785.281187, best rearrangement setting 5
Bootstrap[23]: Time 0.498846 seconds, bootstrap likelihood -20713.276926, best rearrangement setting 10
Bootstrap[24]: Time 0.499896 seconds, bootstrap likelihood -20301.622800, best rearrangement setting 7
Bootstrap[25]: Time 0.467784 seconds, bootstrap likelihood -20328.874209, best rearrangement setting 5
Bootstrap[26]: Time 0.546717 seconds, bootstrap likelihood -21160.821392, best rearrangement setting 6
Bootstrap[27]: Time 0.434924 seconds, bootstrap likelihood -20776.170099, best rearrangement setting 5
Bootstrap[28]: Time 0.581838 seconds, bootstrap likelihood -20698.937924, best rearrangement setting 10
Bootstrap[29]: Time 0.461237 seconds, bootstrap likelihood -20634.177579, best rearrangement setting 6
Bootstrap[30]: Time 0.498727 seconds, bootstrap likelihood -20175.625401, best rearrangement setting 15
Bootstrap[31]: Time 0.517768 seconds, bootstrap likelihood -20020.492239, best rearrangement setting 6
Bootstrap[32]: Time 0.514846 seconds, bootstrap likelihood -20698.183937, best rearrangement setting 13
Bootstrap[33]: Time 0.485879 seconds, bootstrap likelihood -20060.020616, best rearrangement setting 6
Bootstrap[34]: Time 0.484750 seconds, bootstrap likelihood -19863.345614, best rearrangement setting 13
Bootstrap[35]: Time 0.676111 seconds, bootstrap likelihood -20830.730899, best rearrangement setting 12
Bootstrap[36]: Time 0.519695 seconds, bootstrap likelihood -20573.599515, best rearrangement setting 12
Bootstrap[37]: Time 0.471435 seconds, bootstrap likelihood -20802.981021, best rearrangement setting 6
Bootstrap[38]: Time 0.494699 seconds, bootstrap likelihood -21057.886558, best rearrangement setting 6
Bootstrap[39]: Time 0.494824 seconds, bootstrap likelihood -20408.288727, best rearrangement setting 12
Bootstrap[40]: Time 0.595236 seconds, bootstrap likelihood -20559.919394, best rearrangement setting 14
Bootstrap[41]: Time 1.557445 seconds, bootstrap likelihood -20491.921808, best rearrangement setting 12
Bootstrap[42]: Time 0.598097 seconds, bootstrap likelihood -20309.084846, best rearrangement setting 13
Bootstrap[43]: Time 0.533828 seconds, bootstrap likelihood -19819.330386, best rearrangement setting 15
Bootstrap[44]: Time 0.441866 seconds, bootstrap likelihood -20313.819033, best rearrangement setting 5
Bootstrap[45]: Time 0.542699 seconds, bootstrap likelihood -19472.263865, best rearrangement setting 6
Bootstrap[46]: Time 0.581623 seconds, bootstrap likelihood -20963.013684, best rearrangement setting 10
Bootstrap[47]: Time 0.519507 seconds, bootstrap likelihood -20646.393412, best rearrangement setting 6
Bootstrap[48]: Time 0.555887 seconds, bootstrap likelihood -21031.055316, best rearrangement setting 11
Bootstrap[49]: Time 0.532195 seconds, bootstrap likelihood -20081.116492, best rearrangement setting 13
Bootstrap[50]: Time 0.456261 seconds, bootstrap likelihood -20322.780003, best rearrangement setting 8
Bootstrap[51]: Time 0.468687 seconds, bootstrap likelihood -19729.967468, best rearrangement setting 8
Bootstrap[52]: Time 0.528886 seconds, bootstrap likelihood -20586.662366, best rearrangement setting 15
Bootstrap[53]: Time 0.610428 seconds, bootstrap likelihood -21146.894407, best rearrangement setting 12
Bootstrap[54]: Time 0.554807 seconds, bootstrap likelihood -20318.723731, best rearrangement setting 11
Bootstrap[55]: Time 0.541220 seconds, bootstrap likelihood -20343.208045, best rearrangement setting 13
Bootstrap[56]: Time 0.564422 seconds, bootstrap likelihood -20946.036428, best rearrangement setting 11
Bootstrap[57]: Time 0.502896 seconds, bootstrap likelihood -20784.047494, best rearrangement setting 12
Bootstrap[58]: Time 0.478947 seconds, bootstrap likelihood -20328.746167, best rearrangement setting 5
Bootstrap[59]: Time 0.460092 seconds, bootstrap likelihood -20332.876124, best rearrangement setting 10
Bootstrap[60]: Time 0.411376 seconds, bootstrap likelihood -21412.410035, best rearrangement setting 5
Bootstrap[61]: Time 0.583015 seconds, bootstrap likelihood -20825.748013, best rearrangement setting 10
Bootstrap[62]: Time 0.585883 seconds, bootstrap likelihood -21244.940908, best rearrangement setting 12
Bootstrap[63]: Time 0.586115 seconds, bootstrap likelihood -21466.483056, best rearrangement setting 7
Bootstrap[64]: Time 0.598847 seconds, bootstrap likelihood -20554.375397, best rearrangement setting 9
Bootstrap[65]: Time 0.443906 seconds, bootstrap likelihood -20186.016818, best rearrangement setting 6
Bootstrap[66]: Time 0.481809 seconds, bootstrap likelihood -20297.082572, best rearrangement setting 10
Bootstrap[67]: Time 0.407802 seconds, bootstrap likelihood -21148.002776, best rearrangement setting 6
Bootstrap[68]: Time 1.734992 seconds, bootstrap likelihood -19850.488078, best rearrangement setting 5
Bootstrap[69]: Time 0.546137 seconds, bootstrap likelihood -20586.659776, best rearrangement setting 7
Bootstrap[70]: Time 0.590649 seconds, bootstrap likelihood -20269.481568, best rearrangement setting 13
Bootstrap[71]: Time 0.495988 seconds, bootstrap likelihood -20665.008445, best rearrangement setting 9
Bootstrap[72]: Time 0.621829 seconds, bootstrap likelihood -20719.890515, best rearrangement setting 10
Bootstrap[73]: Time 0.440761 seconds, bootstrap likelihood -20411.429469, best rearrangement setting 5
Bootstrap[74]: Time 0.530267 seconds, bootstrap likelihood -20480.504611, best rearrangement setting 12
Bootstrap[75]: Time 0.488815 seconds, bootstrap likelihood -20973.372435, best rearrangement setting 11
Bootstrap[76]: Time 0.618220 seconds, bootstrap likelihood -20236.506174, best rearrangement setting 9
Bootstrap[77]: Time 0.573031 seconds, bootstrap likelihood -20350.669644, best rearrangement setting 13
Bootstrap[78]: Time 0.447024 seconds, bootstrap likelihood -20510.627427, best rearrangement setting 12
Bootstrap[79]: Time 0.562518 seconds, bootstrap likelihood -20159.267855, best rearrangement setting 6
Bootstrap[80]: Time 0.642254 seconds, bootstrap likelihood -21280.550101, best rearrangement setting 11
Bootstrap[81]: Time 0.476929 seconds, bootstrap likelihood -20760.313458, best rearrangement setting 6
Bootstrap[82]: Time 0.485137 seconds, bootstrap likelihood -20304.335780, best rearrangement setting 8
Bootstrap[83]: Time 0.542156 seconds, bootstrap likelihood -20407.108373, best rearrangement setting 13
Bootstrap[84]: Time 0.576844 seconds, bootstrap likelihood -20584.010754, best rearrangement setting 8
Bootstrap[85]: Time 0.433645 seconds, bootstrap likelihood -20566.405253, best rearrangement setting 5
Bootstrap[86]: Time 0.490088 seconds, bootstrap likelihood -21107.726002, best rearrangement setting 5
Bootstrap[87]: Time 0.590389 seconds, bootstrap likelihood -20494.654212, best rearrangement setting 11
Bootstrap[88]: Time 0.558245 seconds, bootstrap likelihood -20341.602160, best rearrangement setting 9
Bootstrap[89]: Time 0.495986 seconds, bootstrap likelihood -20838.795491, best rearrangement setting 5
Bootstrap[90]: Time 0.626238 seconds, bootstrap likelihood -20781.558996, best rearrangement setting 15
Bootstrap[91]: Time 0.444633 seconds, bootstrap likelihood -20709.312609, best rearrangement setting 10
Bootstrap[92]: Time 0.493092 seconds, bootstrap likelihood -20534.561224, best rearrangement setting 8
Bootstrap[93]: Time 0.610106 seconds, bootstrap likelihood -20145.739382, best rearrangement setting 15
Bootstrap[94]: Time 0.633891 seconds, bootstrap likelihood -20414.093006, best rearrangement setting 11
Bootstrap[95]: Time 0.466500 seconds, bootstrap likelihood -20611.529015, best rearrangement setting 11
Bootstrap[96]: Time 0.477057 seconds, bootstrap likelihood -21055.325596, best rearrangement setting 5
Bootstrap[97]: Time 0.528530 seconds, bootstrap likelihood -20726.551769, best rearrangement setting 6
Bootstrap[98]: Time 0.525594 seconds, bootstrap likelihood -20455.907606, best rearrangement setting 11
Bootstrap[99]: Time 0.573204 seconds, bootstrap likelihood -20777.330021, best rearrangement setting 14


Overall Time for 100 Rapid Bootstraps 55.691081 seconds
Average Time per Rapid Bootstrap 0.556911 seconds

Starting ML Search ...

Fast ML optimization finished

Fast ML search Time: 66.150729 seconds

Slow ML Search 0 Likelihood: -20725.355102
Slow ML Search 1 Likelihood: -20725.355102
Slow ML Search 2 Likelihood: -20725.475544
Slow ML Search 3 Likelihood: -20725.475543
Slow ML Search 4 Likelihood: -20725.475543
Slow ML Search 5 Likelihood: -20725.475544
Slow ML Search 6 Likelihood: -20725.475543
Slow ML Search 7 Likelihood: -20727.549644
Slow ML Search 8 Likelihood: -20727.549644
Slow ML Search 9 Likelihood: -20728.038842
Slow ML optimization finished

Slow ML search Time: 18.938526 seconds
Thorough ML search Time: 1.092642 seconds

Final ML Optimization Likelihood: -20725.355102

Model Information:

Model Parameters of Partition 0, Name: No Name Provided, Type of Data: DNA
alpha: 0.307222
Tree-Length: 1.591325
rate A <-> C: 2.470309
rate A <-> G: 9.265726
rate A <-> T: 0.982409
rate C <-> G: 0.946685
rate C <-> T: 11.145392
rate G <-> T: 1.000000

freq pi(A): 0.390022
freq pi(C): 0.165859
freq pi(G): 0.227633
freq pi(T): 0.216486


ML search took 86.187873 secs or 0.023941 hours

Combined Bootstrap and ML search took 141.879082 secs or 0.039411 hours

Drawing Bootstrap Support Values on best-scoring ML tree ...



Found 1 tree in File /gpfs_home/mhowison/code/hiv-profile-sampling/scratch/trees/pol/RAxML_bestTree.sample.105



Found 1 tree in File /gpfs_home/mhowison/code/hiv-profile-sampling/scratch/trees/pol/RAxML_bestTree.sample.105

Program execution info written to /gpfs_home/mhowison/code/hiv-profile-sampling/scratch/trees/pol/RAxML_info.sample.105
All 100 bootstrapped trees written to: /gpfs_home/mhowison/code/hiv-profile-sampling/scratch/trees/pol/RAxML_bootstrap.sample.105

Best-scoring ML tree written to: /gpfs_home/mhowison/code/hiv-profile-sampling/scratch/trees/pol/RAxML_bestTree.sample.105

Best-scoring ML tree with support values written to: /gpfs_home/mhowison/code/hiv-profile-sampling/scratch/trees/pol/RAxML_bipartitions.sample.105

Best-scoring ML tree with support values as branch labels written to: /gpfs_home/mhowison/code/hiv-profile-sampling/scratch/trees/pol/RAxML_bipartitionsBranchLabels.sample.105

Overall execution time for full ML analysis: 141.883203 secs or 0.039412 hours or 0.001642 days

