srun: job 261703 queued and waiting for resources
srun: job 261703 has been allocated resources
Warning, you specified a working directory via "-w"
Keep in mind that RAxML only accepts absolute path names, not relative ones!

RAxML can't, parse the alignment file as phylip file 
it will now try to parse it as FASTA file



Using BFGS method to optimize GTR rate parameters, to disable this specify "--no-bfgs" 


This is the RAxML Master Pthread

This is RAxML Worker Pthread Number: 2

This is RAxML Worker Pthread Number: 4

This is RAxML Worker Pthread Number: 3

This is RAxML Worker Pthread Number: 5

This is RAxML Worker Pthread Number: 1

This is RAxML Worker Pthread Number: 6

This is RAxML Worker Pthread Number: 7

This is RAxML Worker Pthread Number: 8

This is RAxML Worker Pthread Number: 9

This is RAxML Worker Pthread Number: 10

This is RAxML Worker Pthread Number: 11

This is RAxML Worker Pthread Number: 12

This is RAxML Worker Pthread Number: 13

This is RAxML Worker Pthread Number: 14

This is RAxML Worker Pthread Number: 15

This is RAxML Worker Pthread Number: 17

This is RAxML Worker Pthread Number: 18

This is RAxML Worker Pthread Number: 16

This is RAxML Worker Pthread Number: 19


This is RAxML version 8.2.12 released by Alexandros Stamatakis on May 2018.

With greatly appreciated code contributions by:
Andre Aberer      (HITS)
Simon Berger      (HITS)
Alexey Kozlov     (HITS)
Kassian Kobert    (HITS)
David Dao         (KIT and HITS)
Sarah Lutteropp   (KIT and HITS)
Nick Pattengale   (Sandia)
Wayne Pfeiffer    (SDSC)
Akifumi S. Tanabe (NRIFS)
Charlie Taylor    (UF)


Alignment has 1186 distinct alignment patterns

Proportion of gaps and completely undetermined characters in this alignment: 5.94%

RAxML rapid bootstrapping and subsequent ML search

Using 1 distinct models/data partitions with joint branch length optimization



Executing 100 rapid bootstrap inferences and thereafter a thorough ML search 

All free model parameters will be estimated by RAxML
GAMMA model of rate heterogeneity, ML estimate of alpha-parameter

GAMMA Model parameters will be estimated up to an accuracy of 0.1000000000 Log Likelihood units

Partition: 0
Alignment Patterns: 1186
Name: No Name Provided
DataType: DNA
Substitution Matrix: GTR




RAxML was called as follows:

raxmlHPC-PTHREADS-AVX -T 20 -s scratch/aligned/pol/sample.202.fa -p 0525426717 -x 0525426717 -f a -N 100 -m GTRGAMMA -w /gpfs_home/mhowison/code/hiv-profile-sampling/scratch/trees/pol -n sample.202 



Time for BS model parameter optimization 0.042374
Bootstrap[0]: Time 0.526714 seconds, bootstrap likelihood -20704.253851, best rearrangement setting 9
Bootstrap[1]: Time 0.579457 seconds, bootstrap likelihood -20848.653744, best rearrangement setting 11
Bootstrap[2]: Time 0.584046 seconds, bootstrap likelihood -20450.881700, best rearrangement setting 12
Bootstrap[3]: Time 0.542205 seconds, bootstrap likelihood -21397.574367, best rearrangement setting 11
Bootstrap[4]: Time 0.542033 seconds, bootstrap likelihood -20552.824318, best rearrangement setting 13
Bootstrap[5]: Time 0.495761 seconds, bootstrap likelihood -19805.063733, best rearrangement setting 6
Bootstrap[6]: Time 0.574409 seconds, bootstrap likelihood -21048.443789, best rearrangement setting 13
Bootstrap[7]: Time 0.516246 seconds, bootstrap likelihood -20284.397906, best rearrangement setting 15
Bootstrap[8]: Time 0.605609 seconds, bootstrap likelihood -20525.072253, best rearrangement setting 9
Bootstrap[9]: Time 0.528565 seconds, bootstrap likelihood -20914.588492, best rearrangement setting 8
Bootstrap[10]: Time 0.507315 seconds, bootstrap likelihood -20900.435608, best rearrangement setting 14
Bootstrap[11]: Time 0.539493 seconds, bootstrap likelihood -20526.655866, best rearrangement setting 6
Bootstrap[12]: Time 0.444815 seconds, bootstrap likelihood -21013.827324, best rearrangement setting 6
Bootstrap[13]: Time 0.541723 seconds, bootstrap likelihood -20652.778661, best rearrangement setting 12
Bootstrap[14]: Time 0.604865 seconds, bootstrap likelihood -20548.043718, best rearrangement setting 11
Bootstrap[15]: Time 0.577663 seconds, bootstrap likelihood -21057.387703, best rearrangement setting 10
Bootstrap[16]: Time 0.568082 seconds, bootstrap likelihood -20079.897245, best rearrangement setting 15
Bootstrap[17]: Time 0.630972 seconds, bootstrap likelihood -21031.460549, best rearrangement setting 13
Bootstrap[18]: Time 1.023005 seconds, bootstrap likelihood -20923.016443, best rearrangement setting 12
Bootstrap[19]: Time 0.562729 seconds, bootstrap likelihood -20366.140447, best rearrangement setting 11
Bootstrap[20]: Time 0.540996 seconds, bootstrap likelihood -21201.662112, best rearrangement setting 9
Bootstrap[21]: Time 0.477746 seconds, bootstrap likelihood -20483.236093, best rearrangement setting 6
Bootstrap[22]: Time 0.445755 seconds, bootstrap likelihood -21296.405843, best rearrangement setting 5
Bootstrap[23]: Time 0.540249 seconds, bootstrap likelihood -21228.073064, best rearrangement setting 11
Bootstrap[24]: Time 1.525903 seconds, bootstrap likelihood -21291.353893, best rearrangement setting 7
Bootstrap[25]: Time 0.585709 seconds, bootstrap likelihood -20991.502212, best rearrangement setting 14
Bootstrap[26]: Time 0.472502 seconds, bootstrap likelihood -20853.114883, best rearrangement setting 11
Bootstrap[27]: Time 3.975155 seconds, bootstrap likelihood -20471.745500, best rearrangement setting 7
Bootstrap[28]: Time 0.531645 seconds, bootstrap likelihood -20292.544125, best rearrangement setting 11
Bootstrap[29]: Time 0.590019 seconds, bootstrap likelihood -20741.654425, best rearrangement setting 15
Bootstrap[30]: Time 0.542506 seconds, bootstrap likelihood -20732.770368, best rearrangement setting 11
Bootstrap[31]: Time 0.476902 seconds, bootstrap likelihood -20358.353735, best rearrangement setting 6
Bootstrap[32]: Time 0.523455 seconds, bootstrap likelihood -21193.207897, best rearrangement setting 9
Bootstrap[33]: Time 0.596850 seconds, bootstrap likelihood -20544.148773, best rearrangement setting 12
Bootstrap[34]: Time 0.446474 seconds, bootstrap likelihood -20310.780052, best rearrangement setting 8
Bootstrap[35]: Time 0.417584 seconds, bootstrap likelihood -19878.673610, best rearrangement setting 6
Bootstrap[36]: Time 1.033070 seconds, bootstrap likelihood -20952.474910, best rearrangement setting 14
Bootstrap[37]: Time 0.562687 seconds, bootstrap likelihood -20804.767369, best rearrangement setting 12
Bootstrap[38]: Time 0.487204 seconds, bootstrap likelihood -20875.982734, best rearrangement setting 8
Bootstrap[39]: Time 0.575713 seconds, bootstrap likelihood -20249.000626, best rearrangement setting 9
Bootstrap[40]: Time 0.504820 seconds, bootstrap likelihood -20731.820291, best rearrangement setting 13
Bootstrap[41]: Time 0.446853 seconds, bootstrap likelihood -20377.129357, best rearrangement setting 8
Bootstrap[42]: Time 0.519246 seconds, bootstrap likelihood -20822.249851, best rearrangement setting 8
Bootstrap[43]: Time 2.942014 seconds, bootstrap likelihood -20368.615261, best rearrangement setting 13
Bootstrap[44]: Time 0.512231 seconds, bootstrap likelihood -21330.840278, best rearrangement setting 9
Bootstrap[45]: Time 0.530466 seconds, bootstrap likelihood -21081.411241, best rearrangement setting 9
Bootstrap[46]: Time 0.587123 seconds, bootstrap likelihood -20639.562249, best rearrangement setting 13
Bootstrap[47]: Time 0.533717 seconds, bootstrap likelihood -20749.122756, best rearrangement setting 7
Bootstrap[48]: Time 0.546662 seconds, bootstrap likelihood -21081.020188, best rearrangement setting 10
Bootstrap[49]: Time 0.550426 seconds, bootstrap likelihood -20985.681744, best rearrangement setting 13
Bootstrap[50]: Time 0.512208 seconds, bootstrap likelihood -21306.787317, best rearrangement setting 7
Bootstrap[51]: Time 0.541515 seconds, bootstrap likelihood -20463.823193, best rearrangement setting 10
Bootstrap[52]: Time 0.575483 seconds, bootstrap likelihood -21062.815413, best rearrangement setting 8
Bootstrap[53]: Time 1.557213 seconds, bootstrap likelihood -21030.699715, best rearrangement setting 12
Bootstrap[54]: Time 0.505454 seconds, bootstrap likelihood -20295.088459, best rearrangement setting 15
Bootstrap[55]: Time 0.546262 seconds, bootstrap likelihood -20849.059271, best rearrangement setting 14
Bootstrap[56]: Time 0.785813 seconds, bootstrap likelihood -20779.918880, best rearrangement setting 9
Bootstrap[57]: Time 0.443956 seconds, bootstrap likelihood -20169.292243, best rearrangement setting 13
Bootstrap[58]: Time 0.953031 seconds, bootstrap likelihood -21130.944023, best rearrangement setting 12
Bootstrap[59]: Time 0.657549 seconds, bootstrap likelihood -21118.078322, best rearrangement setting 10
Bootstrap[60]: Time 0.532564 seconds, bootstrap likelihood -20858.705505, best rearrangement setting 10
Bootstrap[61]: Time 0.533665 seconds, bootstrap likelihood -20615.557330, best rearrangement setting 15
Bootstrap[62]: Time 0.851288 seconds, bootstrap likelihood -20805.392403, best rearrangement setting 12
Bootstrap[63]: Time 0.457236 seconds, bootstrap likelihood -20168.973976, best rearrangement setting 5
Bootstrap[64]: Time 0.520243 seconds, bootstrap likelihood -21205.083181, best rearrangement setting 10
Bootstrap[65]: Time 0.522550 seconds, bootstrap likelihood -21164.315539, best rearrangement setting 9
Bootstrap[66]: Time 0.459313 seconds, bootstrap likelihood -21137.377886, best rearrangement setting 6
Bootstrap[67]: Time 0.586580 seconds, bootstrap likelihood -20830.089927, best rearrangement setting 11
Bootstrap[68]: Time 0.545784 seconds, bootstrap likelihood -19960.652461, best rearrangement setting 15
Bootstrap[69]: Time 0.534876 seconds, bootstrap likelihood -20889.169487, best rearrangement setting 8
Bootstrap[70]: Time 0.498233 seconds, bootstrap likelihood -20760.605506, best rearrangement setting 11
Bootstrap[71]: Time 0.493528 seconds, bootstrap likelihood -20294.626079, best rearrangement setting 7
Bootstrap[72]: Time 2.973991 seconds, bootstrap likelihood -21180.403095, best rearrangement setting 5
Bootstrap[73]: Time 0.593413 seconds, bootstrap likelihood -20565.969887, best rearrangement setting 12
Bootstrap[74]: Time 0.502119 seconds, bootstrap likelihood -20658.404113, best rearrangement setting 10
Bootstrap[75]: Time 0.986397 seconds, bootstrap likelihood -20741.062053, best rearrangement setting 8
Bootstrap[76]: Time 0.479230 seconds, bootstrap likelihood -20176.773221, best rearrangement setting 10
Bootstrap[77]: Time 2.191707 seconds, bootstrap likelihood -20752.358556, best rearrangement setting 7
Bootstrap[78]: Time 5.016807 seconds, bootstrap likelihood -20338.369202, best rearrangement setting 10
Bootstrap[79]: Time 0.536226 seconds, bootstrap likelihood -20565.280129, best rearrangement setting 13
Bootstrap[80]: Time 0.473275 seconds, bootstrap likelihood -20384.319356, best rearrangement setting 13
Bootstrap[81]: Time 0.455428 seconds, bootstrap likelihood -20210.271633, best rearrangement setting 6
Bootstrap[82]: Time 0.502342 seconds, bootstrap likelihood -21560.972001, best rearrangement setting 6
Bootstrap[83]: Time 0.519723 seconds, bootstrap likelihood -21437.186513, best rearrangement setting 8
Bootstrap[84]: Time 0.537194 seconds, bootstrap likelihood -20487.586874, best rearrangement setting 12
Bootstrap[85]: Time 0.471450 seconds, bootstrap likelihood -20002.988720, best rearrangement setting 5
Bootstrap[86]: Time 0.428103 seconds, bootstrap likelihood -21621.101856, best rearrangement setting 5
Bootstrap[87]: Time 0.438899 seconds, bootstrap likelihood -20938.145240, best rearrangement setting 5
Bootstrap[88]: Time 0.383432 seconds, bootstrap likelihood -20503.116179, best rearrangement setting 5
Bootstrap[89]: Time 0.586039 seconds, bootstrap likelihood -20893.605740, best rearrangement setting 10
Bootstrap[90]: Time 0.470940 seconds, bootstrap likelihood -21023.548986, best rearrangement setting 7
Bootstrap[91]: Time 0.481086 seconds, bootstrap likelihood -20363.456263, best rearrangement setting 12
Bootstrap[92]: Time 0.485261 seconds, bootstrap likelihood -21135.118324, best rearrangement setting 10
Bootstrap[93]: Time 0.455737 seconds, bootstrap likelihood -21123.165706, best rearrangement setting 6
Bootstrap[94]: Time 0.516428 seconds, bootstrap likelihood -20665.617060, best rearrangement setting 12
Bootstrap[95]: Time 0.515594 seconds, bootstrap likelihood -20919.023435, best rearrangement setting 7
Bootstrap[96]: Time 0.535329 seconds, bootstrap likelihood -20459.593574, best rearrangement setting 14
Bootstrap[97]: Time 0.567427 seconds, bootstrap likelihood -20811.594765, best rearrangement setting 12
Bootstrap[98]: Time 0.482119 seconds, bootstrap likelihood -20890.031460, best rearrangement setting 5
Bootstrap[99]: Time 0.619828 seconds, bootstrap likelihood -20169.073964, best rearrangement setting 12


Overall Time for 100 Rapid Bootstraps 71.549263 seconds
Average Time per Rapid Bootstrap 0.715493 seconds

Starting ML Search ...

Fast ML optimization finished

Fast ML search Time: 75.354543 seconds

Slow ML Search 0 Likelihood: -20832.805205
Slow ML Search 1 Likelihood: -20832.805205
Slow ML Search 2 Likelihood: -20832.805205
Slow ML Search 3 Likelihood: -20837.853402
Slow ML Search 4 Likelihood: -20838.188484
Slow ML Search 5 Likelihood: -20838.930620
Slow ML Search 6 Likelihood: -20838.935587
Slow ML Search 7 Likelihood: -20838.935587
Slow ML Search 8 Likelihood: -20838.188484
Slow ML Search 9 Likelihood: -20839.559591
Slow ML optimization finished

Slow ML search Time: 10.943607 seconds
Thorough ML search Time: 1.056272 seconds

Final ML Optimization Likelihood: -20832.805209

Model Information:

Model Parameters of Partition 0, Name: No Name Provided, Type of Data: DNA
alpha: 0.305360
Tree-Length: 1.554712
rate A <-> C: 2.353439
rate A <-> G: 8.803255
rate A <-> T: 0.940041
rate C <-> G: 1.005973
rate C <-> T: 10.730944
rate G <-> T: 1.000000

freq pi(A): 0.390267
freq pi(C): 0.165792
freq pi(G): 0.227486
freq pi(T): 0.216455


ML search took 87.360923 secs or 0.024267 hours

Combined Bootstrap and ML search took 158.910363 secs or 0.044142 hours

Drawing Bootstrap Support Values on best-scoring ML tree ...



Found 1 tree in File /gpfs_home/mhowison/code/hiv-profile-sampling/scratch/trees/pol/RAxML_bestTree.sample.202



Found 1 tree in File /gpfs_home/mhowison/code/hiv-profile-sampling/scratch/trees/pol/RAxML_bestTree.sample.202

Program execution info written to /gpfs_home/mhowison/code/hiv-profile-sampling/scratch/trees/pol/RAxML_info.sample.202
All 100 bootstrapped trees written to: /gpfs_home/mhowison/code/hiv-profile-sampling/scratch/trees/pol/RAxML_bootstrap.sample.202

Best-scoring ML tree written to: /gpfs_home/mhowison/code/hiv-profile-sampling/scratch/trees/pol/RAxML_bestTree.sample.202

Best-scoring ML tree with support values written to: /gpfs_home/mhowison/code/hiv-profile-sampling/scratch/trees/pol/RAxML_bipartitions.sample.202

Best-scoring ML tree with support values as branch labels written to: /gpfs_home/mhowison/code/hiv-profile-sampling/scratch/trees/pol/RAxML_bipartitionsBranchLabels.sample.202

Overall execution time for full ML analysis: 158.913292 secs or 0.044143 hours or 0.001839 days

