srun: job 261702 queued and waiting for resources
srun: job 261702 has been allocated resources
Warning, you specified a working directory via "-w"
Keep in mind that RAxML only accepts absolute path names, not relative ones!

RAxML can't, parse the alignment file as phylip file 
it will now try to parse it as FASTA file



Using BFGS method to optimize GTR rate parameters, to disable this specify "--no-bfgs" 


This is the RAxML Master Pthread

This is RAxML Worker Pthread Number: 2

This is RAxML Worker Pthread Number: 5

This is RAxML Worker Pthread Number: 7

This is RAxML Worker Pthread Number: 4

This is RAxML Worker Pthread Number: 1

This is RAxML Worker Pthread Number: 3

This is RAxML Worker Pthread Number: 6

This is RAxML Worker Pthread Number: 8

This is RAxML Worker Pthread Number: 11

This is RAxML Worker Pthread Number: 9

This is RAxML Worker Pthread Number: 10

This is RAxML Worker Pthread Number: 12

This is RAxML Worker Pthread Number: 13

This is RAxML Worker Pthread Number: 16

This is RAxML Worker Pthread Number: 14

This is RAxML Worker Pthread Number: 15

This is RAxML Worker Pthread Number: 17

This is RAxML Worker Pthread Number: 18

This is RAxML Worker Pthread Number: 19


This is RAxML version 8.2.12 released by Alexandros Stamatakis on May 2018.

With greatly appreciated code contributions by:
Andre Aberer      (HITS)
Simon Berger      (HITS)
Alexey Kozlov     (HITS)
Kassian Kobert    (HITS)
David Dao         (KIT and HITS)
Sarah Lutteropp   (KIT and HITS)
Nick Pattengale   (Sandia)
Wayne Pfeiffer    (SDSC)
Akifumi S. Tanabe (NRIFS)
Charlie Taylor    (UF)


Alignment has 1182 distinct alignment patterns

Proportion of gaps and completely undetermined characters in this alignment: 5.94%

RAxML rapid bootstrapping and subsequent ML search

Using 1 distinct models/data partitions with joint branch length optimization



Executing 100 rapid bootstrap inferences and thereafter a thorough ML search 

All free model parameters will be estimated by RAxML
GAMMA model of rate heterogeneity, ML estimate of alpha-parameter

GAMMA Model parameters will be estimated up to an accuracy of 0.1000000000 Log Likelihood units

Partition: 0
Alignment Patterns: 1182
Name: No Name Provided
DataType: DNA
Substitution Matrix: GTR




RAxML was called as follows:

raxmlHPC-PTHREADS-AVX -T 20 -s scratch/aligned/pol/sample.201.fa -p 6869671302 -x 6869671302 -f a -N 100 -m GTRGAMMA -w /gpfs_home/mhowison/code/hiv-profile-sampling/scratch/trees/pol -n sample.201 



Time for BS model parameter optimization 0.053334
Bootstrap[0]: Time 1.867338 seconds, bootstrap likelihood -19879.522682, best rearrangement setting 13
Bootstrap[1]: Time 1.517741 seconds, bootstrap likelihood -20805.781478, best rearrangement setting 10
Bootstrap[2]: Time 0.498815 seconds, bootstrap likelihood -20416.741240, best rearrangement setting 13
Bootstrap[3]: Time 0.443242 seconds, bootstrap likelihood -20001.662388, best rearrangement setting 11
Bootstrap[4]: Time 0.459807 seconds, bootstrap likelihood -20798.284967, best rearrangement setting 13
Bootstrap[5]: Time 0.541747 seconds, bootstrap likelihood -20233.962331, best rearrangement setting 13
Bootstrap[6]: Time 1.476178 seconds, bootstrap likelihood -19817.327967, best rearrangement setting 13
Bootstrap[7]: Time 0.623563 seconds, bootstrap likelihood -21016.321058, best rearrangement setting 13
Bootstrap[8]: Time 0.610794 seconds, bootstrap likelihood -20708.997599, best rearrangement setting 15
Bootstrap[9]: Time 0.642020 seconds, bootstrap likelihood -19988.445346, best rearrangement setting 10
Bootstrap[10]: Time 1.075979 seconds, bootstrap likelihood -20780.660451, best rearrangement setting 9
Bootstrap[11]: Time 0.566799 seconds, bootstrap likelihood -20299.576707, best rearrangement setting 14
Bootstrap[12]: Time 0.992097 seconds, bootstrap likelihood -20453.042882, best rearrangement setting 7
Bootstrap[13]: Time 5.062475 seconds, bootstrap likelihood -20819.835064, best rearrangement setting 15
Bootstrap[14]: Time 9.945102 seconds, bootstrap likelihood -20207.627715, best rearrangement setting 7
Bootstrap[15]: Time 0.526970 seconds, bootstrap likelihood -20557.455167, best rearrangement setting 5
Bootstrap[16]: Time 0.564838 seconds, bootstrap likelihood -20595.053354, best rearrangement setting 14
Bootstrap[17]: Time 0.531280 seconds, bootstrap likelihood -20720.311752, best rearrangement setting 5
Bootstrap[18]: Time 0.565944 seconds, bootstrap likelihood -20860.420269, best rearrangement setting 13
Bootstrap[19]: Time 0.609884 seconds, bootstrap likelihood -21092.740159, best rearrangement setting 10
Bootstrap[20]: Time 0.516254 seconds, bootstrap likelihood -21064.073314, best rearrangement setting 9
Bootstrap[21]: Time 0.449792 seconds, bootstrap likelihood -20045.445352, best rearrangement setting 14
Bootstrap[22]: Time 0.541359 seconds, bootstrap likelihood -21123.461573, best rearrangement setting 6
Bootstrap[23]: Time 0.548920 seconds, bootstrap likelihood -21068.687921, best rearrangement setting 8
Bootstrap[24]: Time 0.555666 seconds, bootstrap likelihood -20086.558531, best rearrangement setting 15
Bootstrap[25]: Time 5.037304 seconds, bootstrap likelihood -20489.950896, best rearrangement setting 7
Bootstrap[26]: Time 0.438772 seconds, bootstrap likelihood -20265.191043, best rearrangement setting 5
Bootstrap[27]: Time 3.237510 seconds, bootstrap likelihood -20705.084519, best rearrangement setting 9
Bootstrap[28]: Time 0.501489 seconds, bootstrap likelihood -20608.043227, best rearrangement setting 11
Bootstrap[29]: Time 0.514740 seconds, bootstrap likelihood -20629.757234, best rearrangement setting 5
Bootstrap[30]: Time 0.517977 seconds, bootstrap likelihood -20529.059642, best rearrangement setting 14
Bootstrap[31]: Time 0.581176 seconds, bootstrap likelihood -20546.942329, best rearrangement setting 9
Bootstrap[32]: Time 0.551411 seconds, bootstrap likelihood -21322.084037, best rearrangement setting 11
Bootstrap[33]: Time 0.464090 seconds, bootstrap likelihood -20980.938602, best rearrangement setting 7
Bootstrap[34]: Time 7.777677 seconds, bootstrap likelihood -20733.613211, best rearrangement setting 6
Bootstrap[35]: Time 4.937290 seconds, bootstrap likelihood -20062.815940, best rearrangement setting 10
Bootstrap[36]: Time 0.623015 seconds, bootstrap likelihood -21330.747705, best rearrangement setting 10
Bootstrap[37]: Time 4.521188 seconds, bootstrap likelihood -20577.839427, best rearrangement setting 10
Bootstrap[38]: Time 8.351629 seconds, bootstrap likelihood -20420.145819, best rearrangement setting 12
Bootstrap[39]: Time 22.692921 seconds, bootstrap likelihood -20199.673201, best rearrangement setting 15
Bootstrap[40]: Time 0.531547 seconds, bootstrap likelihood -20846.660247, best rearrangement setting 5
Bootstrap[41]: Time 0.615262 seconds, bootstrap likelihood -20095.327560, best rearrangement setting 13
Bootstrap[42]: Time 0.591812 seconds, bootstrap likelihood -20550.667172, best rearrangement setting 12
Bootstrap[43]: Time 0.488400 seconds, bootstrap likelihood -20720.865513, best rearrangement setting 10
Bootstrap[44]: Time 0.462633 seconds, bootstrap likelihood -20645.090050, best rearrangement setting 5
Bootstrap[45]: Time 0.627092 seconds, bootstrap likelihood -20337.975540, best rearrangement setting 15
Bootstrap[46]: Time 0.469188 seconds, bootstrap likelihood -20797.198559, best rearrangement setting 5
Bootstrap[47]: Time 0.506056 seconds, bootstrap likelihood -20756.895464, best rearrangement setting 6
Bootstrap[48]: Time 0.526724 seconds, bootstrap likelihood -20533.782879, best rearrangement setting 11
Bootstrap[49]: Time 0.516724 seconds, bootstrap likelihood -19982.696432, best rearrangement setting 5
Bootstrap[50]: Time 0.631991 seconds, bootstrap likelihood -20135.924804, best rearrangement setting 9
Bootstrap[51]: Time 0.714930 seconds, bootstrap likelihood -21008.886039, best rearrangement setting 12
Bootstrap[52]: Time 0.806910 seconds, bootstrap likelihood -21112.697824, best rearrangement setting 13
Bootstrap[53]: Time 0.541833 seconds, bootstrap likelihood -20617.404999, best rearrangement setting 14
Bootstrap[54]: Time 0.714606 seconds, bootstrap likelihood -20742.986655, best rearrangement setting 10
Bootstrap[55]: Time 7.604863 seconds, bootstrap likelihood -20644.391462, best rearrangement setting 12
Bootstrap[56]: Time 3.202430 seconds, bootstrap likelihood -21228.056447, best rearrangement setting 6
Bootstrap[57]: Time 17.626020 seconds, bootstrap likelihood -20664.630622, best rearrangement setting 5
Bootstrap[58]: Time 0.620224 seconds, bootstrap likelihood -21133.851553, best rearrangement setting 8
Bootstrap[59]: Time 0.574814 seconds, bootstrap likelihood -19767.005011, best rearrangement setting 7
Bootstrap[60]: Time 0.632054 seconds, bootstrap likelihood -20457.623013, best rearrangement setting 11
Bootstrap[61]: Time 13.648064 seconds, bootstrap likelihood -20734.725900, best rearrangement setting 11
Bootstrap[62]: Time 0.645039 seconds, bootstrap likelihood -20738.420058, best rearrangement setting 13
Bootstrap[63]: Time 3.434323 seconds, bootstrap likelihood -20562.503380, best rearrangement setting 5
Bootstrap[64]: Time 2.224973 seconds, bootstrap likelihood -19926.854080, best rearrangement setting 6
Bootstrap[65]: Time 3.096811 seconds, bootstrap likelihood -20545.389441, best rearrangement setting 10
Bootstrap[66]: Time 0.669525 seconds, bootstrap likelihood -20777.349864, best rearrangement setting 12
Bootstrap[67]: Time 0.678897 seconds, bootstrap likelihood -21266.394879, best rearrangement setting 13
Bootstrap[68]: Time 0.592628 seconds, bootstrap likelihood -20317.720243, best rearrangement setting 8
Bootstrap[69]: Time 0.495649 seconds, bootstrap likelihood -20432.271739, best rearrangement setting 6
Bootstrap[70]: Time 0.584261 seconds, bootstrap likelihood -20630.590438, best rearrangement setting 8
Bootstrap[71]: Time 0.572901 seconds, bootstrap likelihood -20623.717668, best rearrangement setting 7
Bootstrap[72]: Time 0.541313 seconds, bootstrap likelihood -20851.933597, best rearrangement setting 9
Bootstrap[73]: Time 0.902422 seconds, bootstrap likelihood -19467.114084, best rearrangement setting 9
Bootstrap[74]: Time 0.499886 seconds, bootstrap likelihood -20405.104038, best rearrangement setting 14
Bootstrap[75]: Time 0.511698 seconds, bootstrap likelihood -21503.409526, best rearrangement setting 5
Bootstrap[76]: Time 0.530832 seconds, bootstrap likelihood -20297.158012, best rearrangement setting 6
Bootstrap[77]: Time 0.503791 seconds, bootstrap likelihood -20750.216848, best rearrangement setting 5
Bootstrap[78]: Time 0.512186 seconds, bootstrap likelihood -21089.854279, best rearrangement setting 5
Bootstrap[79]: Time 0.557346 seconds, bootstrap likelihood -20869.908993, best rearrangement setting 8
Bootstrap[80]: Time 0.518930 seconds, bootstrap likelihood -20336.394523, best rearrangement setting 5
Bootstrap[81]: Time 0.601551 seconds, bootstrap likelihood -20559.025271, best rearrangement setting 14
Bootstrap[82]: Time 0.524354 seconds, bootstrap likelihood -20738.267570, best rearrangement setting 5
Bootstrap[83]: Time 0.574911 seconds, bootstrap likelihood -20424.330458, best rearrangement setting 8
Bootstrap[84]: Time 0.585452 seconds, bootstrap likelihood -20130.585614, best rearrangement setting 12
Bootstrap[85]: Time 5.989221 seconds, bootstrap likelihood -20937.602579, best rearrangement setting 10
Bootstrap[86]: Time 0.572324 seconds, bootstrap likelihood -20555.291041, best rearrangement setting 11
Bootstrap[87]: Time 0.534760 seconds, bootstrap likelihood -20285.101405, best rearrangement setting 10
Bootstrap[88]: Time 0.556451 seconds, bootstrap likelihood -20142.541466, best rearrangement setting 9
Bootstrap[89]: Time 0.565732 seconds, bootstrap likelihood -21621.944492, best rearrangement setting 10
Bootstrap[90]: Time 0.549674 seconds, bootstrap likelihood -20708.268234, best rearrangement setting 9
Bootstrap[91]: Time 0.448056 seconds, bootstrap likelihood -19494.845638, best rearrangement setting 5
Bootstrap[92]: Time 1.647705 seconds, bootstrap likelihood -20242.301485, best rearrangement setting 5
Bootstrap[93]: Time 0.620909 seconds, bootstrap likelihood -20108.842676, best rearrangement setting 14
Bootstrap[94]: Time 4.815212 seconds, bootstrap likelihood -21086.415471, best rearrangement setting 13
Bootstrap[95]: Time 0.806466 seconds, bootstrap likelihood -19867.653582, best rearrangement setting 5
Bootstrap[96]: Time 2.052313 seconds, bootstrap likelihood -20434.005243, best rearrangement setting 12
Bootstrap[97]: Time 0.575827 seconds, bootstrap likelihood -21392.208829, best rearrangement setting 10
Bootstrap[98]: Time 0.543668 seconds, bootstrap likelihood -20477.005274, best rearrangement setting 14
Bootstrap[99]: Time 0.552261 seconds, bootstrap likelihood -20394.059537, best rearrangement setting 7


Overall Time for 100 Rapid Bootstraps 186.447792 seconds
Average Time per Rapid Bootstrap 1.864478 seconds

Starting ML Search ...

Fast ML optimization finished

Fast ML search Time: 210.973842 seconds

Slow ML Search 0 Likelihood: -20653.592941
Slow ML Search 1 Likelihood: -20653.655418
Slow ML Search 2 Likelihood: -20653.655418
Slow ML Search 3 Likelihood: -20653.655418
Slow ML Search 4 Likelihood: -20655.388633
Slow ML Search 5 Likelihood: -20655.388634
Slow ML Search 6 Likelihood: -20655.388634
Slow ML Search 7 Likelihood: -20656.276796
Slow ML Search 8 Likelihood: -20659.254475
Slow ML Search 9 Likelihood: -20659.254474
Slow ML optimization finished

Slow ML search Time: 58.436166 seconds
Thorough ML search Time: 1.217536 seconds

Final ML Optimization Likelihood: -20653.592940

Model Information:

Model Parameters of Partition 0, Name: No Name Provided, Type of Data: DNA
alpha: 0.302937
Tree-Length: 1.586567
rate A <-> C: 2.533355
rate A <-> G: 9.328630
rate A <-> T: 0.995580
rate C <-> G: 0.998704
rate C <-> T: 11.627093
rate G <-> T: 1.000000

freq pi(A): 0.390181
freq pi(C): 0.165935
freq pi(G): 0.227352
freq pi(T): 0.216531


ML search took 270.657237 secs or 0.075183 hours

Combined Bootstrap and ML search took 457.105208 secs or 0.126974 hours

Drawing Bootstrap Support Values on best-scoring ML tree ...



Found 1 tree in File /gpfs_home/mhowison/code/hiv-profile-sampling/scratch/trees/pol/RAxML_bestTree.sample.201



Found 1 tree in File /gpfs_home/mhowison/code/hiv-profile-sampling/scratch/trees/pol/RAxML_bestTree.sample.201

Program execution info written to /gpfs_home/mhowison/code/hiv-profile-sampling/scratch/trees/pol/RAxML_info.sample.201
All 100 bootstrapped trees written to: /gpfs_home/mhowison/code/hiv-profile-sampling/scratch/trees/pol/RAxML_bootstrap.sample.201

Best-scoring ML tree written to: /gpfs_home/mhowison/code/hiv-profile-sampling/scratch/trees/pol/RAxML_bestTree.sample.201

Best-scoring ML tree with support values written to: /gpfs_home/mhowison/code/hiv-profile-sampling/scratch/trees/pol/RAxML_bipartitions.sample.201

Best-scoring ML tree with support values as branch labels written to: /gpfs_home/mhowison/code/hiv-profile-sampling/scratch/trees/pol/RAxML_bipartitionsBranchLabels.sample.201

Overall execution time for full ML analysis: 457.152206 secs or 0.126987 hours or 0.005291 days

