srun: job 262627 queued and waiting for resources
srun: job 262627 has been allocated resources
Warning, you specified a working directory via "-w"
Keep in mind that RAxML only accepts absolute path names, not relative ones!

RAxML can't, parse the alignment file as phylip file 
it will now try to parse it as FASTA file



Using BFGS method to optimize GTR rate parameters, to disable this specify "--no-bfgs" 


This is the RAxML Master Pthread

This is RAxML Worker Pthread Number: 2

This is RAxML Worker Pthread Number: 4

This is RAxML Worker Pthread Number: 1

This is RAxML Worker Pthread Number: 3

This is RAxML Worker Pthread Number: 5

This is RAxML Worker Pthread Number: 6

This is RAxML Worker Pthread Number: 8

This is RAxML Worker Pthread Number: 7

This is RAxML Worker Pthread Number: 9

This is RAxML Worker Pthread Number: 10

This is RAxML Worker Pthread Number: 12

This is RAxML Worker Pthread Number: 11

This is RAxML Worker Pthread Number: 13

This is RAxML Worker Pthread Number: 15

This is RAxML Worker Pthread Number: 14

This is RAxML Worker Pthread Number: 16

This is RAxML Worker Pthread Number: 19

This is RAxML Worker Pthread Number: 18

This is RAxML Worker Pthread Number: 17


This is RAxML version 8.2.12 released by Alexandros Stamatakis on May 2018.

With greatly appreciated code contributions by:
Andre Aberer      (HITS)
Simon Berger      (HITS)
Alexey Kozlov     (HITS)
Kassian Kobert    (HITS)
David Dao         (KIT and HITS)
Sarah Lutteropp   (KIT and HITS)
Nick Pattengale   (Sandia)
Wayne Pfeiffer    (SDSC)
Akifumi S. Tanabe (NRIFS)
Charlie Taylor    (UF)


Alignment has 1178 distinct alignment patterns

Proportion of gaps and completely undetermined characters in this alignment: 5.95%

RAxML rapid bootstrapping and subsequent ML search

Using 1 distinct models/data partitions with joint branch length optimization



Executing 100 rapid bootstrap inferences and thereafter a thorough ML search 

All free model parameters will be estimated by RAxML
GAMMA model of rate heterogeneity, ML estimate of alpha-parameter

GAMMA Model parameters will be estimated up to an accuracy of 0.1000000000 Log Likelihood units

Partition: 0
Alignment Patterns: 1178
Name: No Name Provided
DataType: DNA
Substitution Matrix: GTR




RAxML was called as follows:

raxmlHPC-PTHREADS-AVX -T 20 -s scratch/aligned/pol/sample.476.fa -p 7854273096 -x 7854273096 -f a -N 100 -m GTRGAMMA -w /gpfs_home/mhowison/code/hiv-profile-sampling/scratch/trees/pol -n sample.476 



Time for BS model parameter optimization 0.059714
Bootstrap[0]: Time 0.672421 seconds, bootstrap likelihood -20524.539569, best rearrangement setting 11
Bootstrap[1]: Time 0.561385 seconds, bootstrap likelihood -20550.721775, best rearrangement setting 9
Bootstrap[2]: Time 0.586678 seconds, bootstrap likelihood -20816.230310, best rearrangement setting 5
Bootstrap[3]: Time 0.628714 seconds, bootstrap likelihood -20482.956875, best rearrangement setting 14
Bootstrap[4]: Time 0.658095 seconds, bootstrap likelihood -20356.922625, best rearrangement setting 13
Bootstrap[5]: Time 0.781532 seconds, bootstrap likelihood -20075.207958, best rearrangement setting 15
Bootstrap[6]: Time 0.578636 seconds, bootstrap likelihood -20738.989516, best rearrangement setting 5
Bootstrap[7]: Time 0.693872 seconds, bootstrap likelihood -20427.935168, best rearrangement setting 11
Bootstrap[8]: Time 0.765416 seconds, bootstrap likelihood -20450.220611, best rearrangement setting 15
Bootstrap[9]: Time 0.577794 seconds, bootstrap likelihood -20604.506861, best rearrangement setting 8
Bootstrap[10]: Time 0.716214 seconds, bootstrap likelihood -20718.869228, best rearrangement setting 13
Bootstrap[11]: Time 0.740497 seconds, bootstrap likelihood -20036.899669, best rearrangement setting 12
Bootstrap[12]: Time 0.682565 seconds, bootstrap likelihood -20470.759077, best rearrangement setting 9
Bootstrap[13]: Time 0.832524 seconds, bootstrap likelihood -19886.924646, best rearrangement setting 13
Bootstrap[14]: Time 0.721574 seconds, bootstrap likelihood -20582.212190, best rearrangement setting 9
Bootstrap[15]: Time 0.619004 seconds, bootstrap likelihood -20237.497994, best rearrangement setting 5
Bootstrap[16]: Time 0.617005 seconds, bootstrap likelihood -20621.053999, best rearrangement setting 5
Bootstrap[17]: Time 0.617178 seconds, bootstrap likelihood -20392.039773, best rearrangement setting 5
Bootstrap[18]: Time 0.701408 seconds, bootstrap likelihood -20625.044183, best rearrangement setting 8
Bootstrap[19]: Time 1.449661 seconds, bootstrap likelihood -20356.458238, best rearrangement setting 6
Bootstrap[20]: Time 0.598453 seconds, bootstrap likelihood -20522.602680, best rearrangement setting 6
Bootstrap[21]: Time 0.629373 seconds, bootstrap likelihood -20987.120109, best rearrangement setting 12
Bootstrap[22]: Time 0.637453 seconds, bootstrap likelihood -20079.579422, best rearrangement setting 6
Bootstrap[23]: Time 0.801104 seconds, bootstrap likelihood -21081.395290, best rearrangement setting 15
Bootstrap[24]: Time 0.787634 seconds, bootstrap likelihood -20515.962947, best rearrangement setting 14
Bootstrap[25]: Time 0.786950 seconds, bootstrap likelihood -21016.231844, best rearrangement setting 14
Bootstrap[26]: Time 0.763056 seconds, bootstrap likelihood -20634.655249, best rearrangement setting 15
Bootstrap[27]: Time 0.726309 seconds, bootstrap likelihood -20560.409116, best rearrangement setting 9
Bootstrap[28]: Time 0.685613 seconds, bootstrap likelihood -20384.751300, best rearrangement setting 8
Bootstrap[29]: Time 0.599103 seconds, bootstrap likelihood -19304.080681, best rearrangement setting 9
Bootstrap[30]: Time 0.631997 seconds, bootstrap likelihood -20558.787271, best rearrangement setting 15
Bootstrap[31]: Time 0.636310 seconds, bootstrap likelihood -20416.052028, best rearrangement setting 7
Bootstrap[32]: Time 0.661178 seconds, bootstrap likelihood -20455.522432, best rearrangement setting 13
Bootstrap[33]: Time 0.574481 seconds, bootstrap likelihood -20260.056874, best rearrangement setting 5
Bootstrap[34]: Time 0.710652 seconds, bootstrap likelihood -20512.540611, best rearrangement setting 15
Bootstrap[35]: Time 0.546387 seconds, bootstrap likelihood -20749.437551, best rearrangement setting 5
Bootstrap[36]: Time 0.736083 seconds, bootstrap likelihood -20195.465055, best rearrangement setting 10
Bootstrap[37]: Time 0.577338 seconds, bootstrap likelihood -20374.550717, best rearrangement setting 8
Bootstrap[38]: Time 0.680182 seconds, bootstrap likelihood -20053.603504, best rearrangement setting 14
Bootstrap[39]: Time 0.592570 seconds, bootstrap likelihood -20185.881137, best rearrangement setting 9
Bootstrap[40]: Time 0.729856 seconds, bootstrap likelihood -20385.747925, best rearrangement setting 12
Bootstrap[41]: Time 0.907154 seconds, bootstrap likelihood -20479.172643, best rearrangement setting 15
Bootstrap[42]: Time 0.688515 seconds, bootstrap likelihood -20582.169038, best rearrangement setting 15
Bootstrap[43]: Time 0.616181 seconds, bootstrap likelihood -20809.779204, best rearrangement setting 9
Bootstrap[44]: Time 0.548270 seconds, bootstrap likelihood -20158.843321, best rearrangement setting 5
Bootstrap[45]: Time 0.713111 seconds, bootstrap likelihood -20385.828034, best rearrangement setting 8
Bootstrap[46]: Time 0.562058 seconds, bootstrap likelihood -20388.641419, best rearrangement setting 9
Bootstrap[47]: Time 0.662369 seconds, bootstrap likelihood -20614.004292, best rearrangement setting 8
Bootstrap[48]: Time 0.591580 seconds, bootstrap likelihood -20498.526274, best rearrangement setting 13
Bootstrap[49]: Time 0.644950 seconds, bootstrap likelihood -20975.031525, best rearrangement setting 7
Bootstrap[50]: Time 0.601105 seconds, bootstrap likelihood -20541.603343, best rearrangement setting 5
Bootstrap[51]: Time 0.660599 seconds, bootstrap likelihood -20386.357751, best rearrangement setting 15
Bootstrap[52]: Time 0.638874 seconds, bootstrap likelihood -21071.447984, best rearrangement setting 15
Bootstrap[53]: Time 0.696415 seconds, bootstrap likelihood -20735.035211, best rearrangement setting 11
Bootstrap[54]: Time 0.640009 seconds, bootstrap likelihood -21356.083753, best rearrangement setting 10
Bootstrap[55]: Time 0.653453 seconds, bootstrap likelihood -20865.045554, best rearrangement setting 11
Bootstrap[56]: Time 0.647620 seconds, bootstrap likelihood -20678.151671, best rearrangement setting 6
Bootstrap[57]: Time 0.620804 seconds, bootstrap likelihood -21045.416233, best rearrangement setting 13
Bootstrap[58]: Time 0.601519 seconds, bootstrap likelihood -20321.235526, best rearrangement setting 10
Bootstrap[59]: Time 0.613831 seconds, bootstrap likelihood -20777.595652, best rearrangement setting 7
Bootstrap[60]: Time 0.673201 seconds, bootstrap likelihood -20851.666584, best rearrangement setting 11
Bootstrap[61]: Time 0.653325 seconds, bootstrap likelihood -20703.191557, best rearrangement setting 15
Bootstrap[62]: Time 0.589030 seconds, bootstrap likelihood -21216.091902, best rearrangement setting 12
Bootstrap[63]: Time 1.054316 seconds, bootstrap likelihood -20455.385433, best rearrangement setting 9
Bootstrap[64]: Time 0.941761 seconds, bootstrap likelihood -20664.217833, best rearrangement setting 13
Bootstrap[65]: Time 0.627640 seconds, bootstrap likelihood -20522.676079, best rearrangement setting 14
Bootstrap[66]: Time 0.706577 seconds, bootstrap likelihood -20412.363719, best rearrangement setting 12
Bootstrap[67]: Time 0.766093 seconds, bootstrap likelihood -19931.020269, best rearrangement setting 14
Bootstrap[68]: Time 0.697580 seconds, bootstrap likelihood -20365.742291, best rearrangement setting 12
Bootstrap[69]: Time 0.739234 seconds, bootstrap likelihood -20357.805028, best rearrangement setting 14
Bootstrap[70]: Time 0.776389 seconds, bootstrap likelihood -20667.956938, best rearrangement setting 10
Bootstrap[71]: Time 0.771432 seconds, bootstrap likelihood -21093.540878, best rearrangement setting 11
Bootstrap[72]: Time 0.695720 seconds, bootstrap likelihood -20227.794514, best rearrangement setting 9
Bootstrap[73]: Time 0.679645 seconds, bootstrap likelihood -21186.099625, best rearrangement setting 7
Bootstrap[74]: Time 0.822936 seconds, bootstrap likelihood -20521.125436, best rearrangement setting 9
Bootstrap[75]: Time 0.697905 seconds, bootstrap likelihood -21054.540842, best rearrangement setting 15
Bootstrap[76]: Time 0.717269 seconds, bootstrap likelihood -20419.649794, best rearrangement setting 15
Bootstrap[77]: Time 0.759284 seconds, bootstrap likelihood -20103.305743, best rearrangement setting 10
Bootstrap[78]: Time 0.624036 seconds, bootstrap likelihood -20549.280887, best rearrangement setting 10
Bootstrap[79]: Time 0.802516 seconds, bootstrap likelihood -20554.484832, best rearrangement setting 14
Bootstrap[80]: Time 0.607444 seconds, bootstrap likelihood -21006.032557, best rearrangement setting 8
Bootstrap[81]: Time 0.569569 seconds, bootstrap likelihood -21130.818048, best rearrangement setting 14
Bootstrap[82]: Time 0.575534 seconds, bootstrap likelihood -20609.133072, best rearrangement setting 11
Bootstrap[83]: Time 0.658831 seconds, bootstrap likelihood -20671.401762, best rearrangement setting 12
Bootstrap[84]: Time 0.554808 seconds, bootstrap likelihood -20472.619094, best rearrangement setting 5
Bootstrap[85]: Time 1.045325 seconds, bootstrap likelihood -20680.999943, best rearrangement setting 13
Bootstrap[86]: Time 0.661546 seconds, bootstrap likelihood -21026.701104, best rearrangement setting 14
Bootstrap[87]: Time 0.595629 seconds, bootstrap likelihood -20826.024238, best rearrangement setting 13
Bootstrap[88]: Time 0.652534 seconds, bootstrap likelihood -20847.979350, best rearrangement setting 12
Bootstrap[89]: Time 0.659476 seconds, bootstrap likelihood -21143.785774, best rearrangement setting 11
Bootstrap[90]: Time 0.616276 seconds, bootstrap likelihood -20249.400001, best rearrangement setting 7
Bootstrap[91]: Time 0.720121 seconds, bootstrap likelihood -21140.884893, best rearrangement setting 11
Bootstrap[92]: Time 0.654152 seconds, bootstrap likelihood -20365.035622, best rearrangement setting 8
Bootstrap[93]: Time 0.693609 seconds, bootstrap likelihood -20770.821689, best rearrangement setting 8
Bootstrap[94]: Time 0.627745 seconds, bootstrap likelihood -20181.893162, best rearrangement setting 11
Bootstrap[95]: Time 0.681538 seconds, bootstrap likelihood -21455.469338, best rearrangement setting 11
Bootstrap[96]: Time 0.623525 seconds, bootstrap likelihood -20601.029701, best rearrangement setting 7
Bootstrap[97]: Time 0.599099 seconds, bootstrap likelihood -20376.014438, best rearrangement setting 11
Bootstrap[98]: Time 0.663737 seconds, bootstrap likelihood -21368.083609, best rearrangement setting 14
Bootstrap[99]: Time 0.716810 seconds, bootstrap likelihood -20743.310226, best rearrangement setting 14


Overall Time for 100 Rapid Bootstraps 68.632390 seconds
Average Time per Rapid Bootstrap 0.686324 seconds

Starting ML Search ...

Fast ML optimization finished

Fast ML search Time: 67.366216 seconds

Slow ML Search 0 Likelihood: -20686.778944
Slow ML Search 1 Likelihood: -20689.403490
Slow ML Search 2 Likelihood: -20689.987963
Slow ML Search 3 Likelihood: -20689.987962
Slow ML Search 4 Likelihood: -20690.000818
Slow ML Search 5 Likelihood: -20690.000817
Slow ML Search 6 Likelihood: -20690.000817
Slow ML Search 7 Likelihood: -20690.000817
Slow ML Search 8 Likelihood: -20690.000817
Slow ML Search 9 Likelihood: -20690.255157
Slow ML optimization finished

Slow ML search Time: 9.674658 seconds
Thorough ML search Time: 1.342099 seconds

Final ML Optimization Likelihood: -20686.778944

Model Information:

Model Parameters of Partition 0, Name: No Name Provided, Type of Data: DNA
alpha: 0.302784
Tree-Length: 1.553626
rate A <-> C: 2.252332
rate A <-> G: 8.657255
rate A <-> T: 0.941380
rate C <-> G: 0.869090
rate C <-> T: 10.730461
rate G <-> T: 1.000000

freq pi(A): 0.390251
freq pi(C): 0.165859
freq pi(G): 0.227470
freq pi(T): 0.216420


ML search took 78.396834 secs or 0.021777 hours

Combined Bootstrap and ML search took 147.029370 secs or 0.040841 hours

Drawing Bootstrap Support Values on best-scoring ML tree ...



Found 1 tree in File /gpfs_home/mhowison/code/hiv-profile-sampling/scratch/trees/pol/RAxML_bestTree.sample.476



Found 1 tree in File /gpfs_home/mhowison/code/hiv-profile-sampling/scratch/trees/pol/RAxML_bestTree.sample.476

Program execution info written to /gpfs_home/mhowison/code/hiv-profile-sampling/scratch/trees/pol/RAxML_info.sample.476
All 100 bootstrapped trees written to: /gpfs_home/mhowison/code/hiv-profile-sampling/scratch/trees/pol/RAxML_bootstrap.sample.476

Best-scoring ML tree written to: /gpfs_home/mhowison/code/hiv-profile-sampling/scratch/trees/pol/RAxML_bestTree.sample.476

Best-scoring ML tree with support values written to: /gpfs_home/mhowison/code/hiv-profile-sampling/scratch/trees/pol/RAxML_bipartitions.sample.476

Best-scoring ML tree with support values as branch labels written to: /gpfs_home/mhowison/code/hiv-profile-sampling/scratch/trees/pol/RAxML_bipartitionsBranchLabels.sample.476

Overall execution time for full ML analysis: 147.033573 secs or 0.040843 hours or 0.001702 days

