srun: job 262055 queued and waiting for resources
srun: job 262055 has been allocated resources
Warning, you specified a working directory via "-w"
Keep in mind that RAxML only accepts absolute path names, not relative ones!

RAxML can't, parse the alignment file as phylip file 
it will now try to parse it as FASTA file



Using BFGS method to optimize GTR rate parameters, to disable this specify "--no-bfgs" 


This is the RAxML Master Pthread

This is RAxML Worker Pthread Number: 2

This is RAxML Worker Pthread Number: 5

This is RAxML Worker Pthread Number: 1

This is RAxML Worker Pthread Number: 4

This is RAxML Worker Pthread Number: 3

This is RAxML Worker Pthread Number: 6

This is RAxML Worker Pthread Number: 8

This is RAxML Worker Pthread Number: 7

This is RAxML Worker Pthread Number: 11

This is RAxML Worker Pthread Number: 12

This is RAxML Worker Pthread Number: 9

This is RAxML Worker Pthread Number: 10

This is RAxML Worker Pthread Number: 14

This is RAxML Worker Pthread Number: 13

This is RAxML Worker Pthread Number: 15

This is RAxML Worker Pthread Number: 16

This is RAxML Worker Pthread Number: 18

This is RAxML Worker Pthread Number: 17

This is RAxML Worker Pthread Number: 19


This is RAxML version 8.2.12 released by Alexandros Stamatakis on May 2018.

With greatly appreciated code contributions by:
Andre Aberer      (HITS)
Simon Berger      (HITS)
Alexey Kozlov     (HITS)
Kassian Kobert    (HITS)
David Dao         (KIT and HITS)
Sarah Lutteropp   (KIT and HITS)
Nick Pattengale   (Sandia)
Wayne Pfeiffer    (SDSC)
Akifumi S. Tanabe (NRIFS)
Charlie Taylor    (UF)


Alignment has 1176 distinct alignment patterns

Proportion of gaps and completely undetermined characters in this alignment: 5.94%

RAxML rapid bootstrapping and subsequent ML search

Using 1 distinct models/data partitions with joint branch length optimization



Executing 100 rapid bootstrap inferences and thereafter a thorough ML search 

All free model parameters will be estimated by RAxML
GAMMA model of rate heterogeneity, ML estimate of alpha-parameter

GAMMA Model parameters will be estimated up to an accuracy of 0.1000000000 Log Likelihood units

Partition: 0
Alignment Patterns: 1176
Name: No Name Provided
DataType: DNA
Substitution Matrix: GTR




RAxML was called as follows:

raxmlHPC-PTHREADS-AVX -T 20 -s scratch/aligned/pol/sample.328.fa -p 4607677775 -x 4607677775 -f a -N 100 -m GTRGAMMA -w /gpfs_home/mhowison/code/hiv-profile-sampling/scratch/trees/pol -n sample.328 



Time for BS model parameter optimization 0.059597
Bootstrap[0]: Time 1.265771 seconds, bootstrap likelihood -21095.541792, best rearrangement setting 12
Bootstrap[1]: Time 0.436530 seconds, bootstrap likelihood -20697.151785, best rearrangement setting 14
Bootstrap[2]: Time 0.495354 seconds, bootstrap likelihood -20723.058865, best rearrangement setting 14
Bootstrap[3]: Time 0.447284 seconds, bootstrap likelihood -20663.688419, best rearrangement setting 10
Bootstrap[4]: Time 0.461937 seconds, bootstrap likelihood -21515.096897, best rearrangement setting 12
Bootstrap[5]: Time 0.495558 seconds, bootstrap likelihood -20871.416987, best rearrangement setting 9
Bootstrap[6]: Time 0.449229 seconds, bootstrap likelihood -21089.076239, best rearrangement setting 14
Bootstrap[7]: Time 0.467525 seconds, bootstrap likelihood -20124.732360, best rearrangement setting 10
Bootstrap[8]: Time 0.446990 seconds, bootstrap likelihood -20614.741884, best rearrangement setting 5
Bootstrap[9]: Time 0.581297 seconds, bootstrap likelihood -20169.922839, best rearrangement setting 15
Bootstrap[10]: Time 0.481612 seconds, bootstrap likelihood -19951.430501, best rearrangement setting 14
Bootstrap[11]: Time 0.475520 seconds, bootstrap likelihood -20482.641844, best rearrangement setting 11
Bootstrap[12]: Time 0.497738 seconds, bootstrap likelihood -21086.306221, best rearrangement setting 11
Bootstrap[13]: Time 0.375381 seconds, bootstrap likelihood -20701.705761, best rearrangement setting 12
Bootstrap[14]: Time 0.432053 seconds, bootstrap likelihood -21123.952607, best rearrangement setting 8
Bootstrap[15]: Time 0.512368 seconds, bootstrap likelihood -20593.622594, best rearrangement setting 14
Bootstrap[16]: Time 0.439854 seconds, bootstrap likelihood -21220.854284, best rearrangement setting 5
Bootstrap[17]: Time 0.493654 seconds, bootstrap likelihood -20429.341711, best rearrangement setting 12
Bootstrap[18]: Time 0.474136 seconds, bootstrap likelihood -20212.968404, best rearrangement setting 7
Bootstrap[19]: Time 0.527763 seconds, bootstrap likelihood -21106.674698, best rearrangement setting 7
Bootstrap[20]: Time 0.496910 seconds, bootstrap likelihood -20621.064549, best rearrangement setting 15
Bootstrap[21]: Time 0.460611 seconds, bootstrap likelihood -20623.271521, best rearrangement setting 8
Bootstrap[22]: Time 0.391076 seconds, bootstrap likelihood -21487.708221, best rearrangement setting 6
Bootstrap[23]: Time 0.391416 seconds, bootstrap likelihood -20454.527973, best rearrangement setting 6
Bootstrap[24]: Time 0.495505 seconds, bootstrap likelihood -20649.055140, best rearrangement setting 11
Bootstrap[25]: Time 0.587097 seconds, bootstrap likelihood -20537.970730, best rearrangement setting 11
Bootstrap[26]: Time 0.534747 seconds, bootstrap likelihood -20756.406201, best rearrangement setting 14
Bootstrap[27]: Time 0.512907 seconds, bootstrap likelihood -20663.075433, best rearrangement setting 7
Bootstrap[28]: Time 0.843050 seconds, bootstrap likelihood -20385.330429, best rearrangement setting 9
Bootstrap[29]: Time 0.546784 seconds, bootstrap likelihood -20431.835264, best rearrangement setting 8
Bootstrap[30]: Time 0.438733 seconds, bootstrap likelihood -20462.566394, best rearrangement setting 10
Bootstrap[31]: Time 0.518838 seconds, bootstrap likelihood -20364.878970, best rearrangement setting 15
Bootstrap[32]: Time 0.521577 seconds, bootstrap likelihood -21084.383657, best rearrangement setting 9
Bootstrap[33]: Time 0.436454 seconds, bootstrap likelihood -20467.996353, best rearrangement setting 8
Bootstrap[34]: Time 0.465851 seconds, bootstrap likelihood -20806.352030, best rearrangement setting 9
Bootstrap[35]: Time 0.581213 seconds, bootstrap likelihood -19266.099654, best rearrangement setting 8
Bootstrap[36]: Time 0.536294 seconds, bootstrap likelihood -20562.679639, best rearrangement setting 15
Bootstrap[37]: Time 0.549222 seconds, bootstrap likelihood -20563.617780, best rearrangement setting 15
Bootstrap[38]: Time 0.441119 seconds, bootstrap likelihood -20363.764603, best rearrangement setting 12
Bootstrap[39]: Time 0.449530 seconds, bootstrap likelihood -20712.639094, best rearrangement setting 10
Bootstrap[40]: Time 0.416993 seconds, bootstrap likelihood -19953.014867, best rearrangement setting 5
Bootstrap[41]: Time 0.513012 seconds, bootstrap likelihood -20944.177497, best rearrangement setting 9
Bootstrap[42]: Time 0.516367 seconds, bootstrap likelihood -20031.987325, best rearrangement setting 8
Bootstrap[43]: Time 0.478878 seconds, bootstrap likelihood -21266.006202, best rearrangement setting 9
Bootstrap[44]: Time 0.460443 seconds, bootstrap likelihood -20942.105843, best rearrangement setting 8
Bootstrap[45]: Time 0.520002 seconds, bootstrap likelihood -19986.226126, best rearrangement setting 15
Bootstrap[46]: Time 0.456313 seconds, bootstrap likelihood -20807.975817, best rearrangement setting 5
Bootstrap[47]: Time 0.538587 seconds, bootstrap likelihood -21134.340408, best rearrangement setting 12
Bootstrap[48]: Time 0.462381 seconds, bootstrap likelihood -21484.810992, best rearrangement setting 6
Bootstrap[49]: Time 0.927347 seconds, bootstrap likelihood -20975.874680, best rearrangement setting 12
Bootstrap[50]: Time 0.518821 seconds, bootstrap likelihood -20390.856868, best rearrangement setting 12
Bootstrap[51]: Time 0.500908 seconds, bootstrap likelihood -20569.075115, best rearrangement setting 12
Bootstrap[52]: Time 0.449780 seconds, bootstrap likelihood -20215.693871, best rearrangement setting 6
Bootstrap[53]: Time 0.490765 seconds, bootstrap likelihood -20639.810880, best rearrangement setting 6
Bootstrap[54]: Time 0.558126 seconds, bootstrap likelihood -20643.699358, best rearrangement setting 13
Bootstrap[55]: Time 0.499584 seconds, bootstrap likelihood -20686.785548, best rearrangement setting 11
Bootstrap[56]: Time 0.512550 seconds, bootstrap likelihood -20674.043537, best rearrangement setting 6
Bootstrap[57]: Time 4.495216 seconds, bootstrap likelihood -19744.113159, best rearrangement setting 14
Bootstrap[58]: Time 0.517660 seconds, bootstrap likelihood -21111.284804, best rearrangement setting 8
Bootstrap[59]: Time 0.504756 seconds, bootstrap likelihood -21141.325316, best rearrangement setting 14
Bootstrap[60]: Time 0.482814 seconds, bootstrap likelihood -21278.817621, best rearrangement setting 13
Bootstrap[61]: Time 0.428613 seconds, bootstrap likelihood -20090.541778, best rearrangement setting 13
Bootstrap[62]: Time 0.521879 seconds, bootstrap likelihood -20657.828830, best rearrangement setting 11
Bootstrap[63]: Time 0.605202 seconds, bootstrap likelihood -21226.517002, best rearrangement setting 11
Bootstrap[64]: Time 0.538310 seconds, bootstrap likelihood -20590.704994, best rearrangement setting 10
Bootstrap[65]: Time 0.507069 seconds, bootstrap likelihood -20371.099175, best rearrangement setting 10
Bootstrap[66]: Time 0.479195 seconds, bootstrap likelihood -20433.938969, best rearrangement setting 7
Bootstrap[67]: Time 0.510777 seconds, bootstrap likelihood -20653.467525, best rearrangement setting 12
Bootstrap[68]: Time 0.481975 seconds, bootstrap likelihood -20227.894724, best rearrangement setting 7
Bootstrap[69]: Time 0.439229 seconds, bootstrap likelihood -20568.492801, best rearrangement setting 8
Bootstrap[70]: Time 0.502742 seconds, bootstrap likelihood -20792.227599, best rearrangement setting 13
Bootstrap[71]: Time 0.581598 seconds, bootstrap likelihood -20560.606878, best rearrangement setting 7
Bootstrap[72]: Time 0.502519 seconds, bootstrap likelihood -20343.411431, best rearrangement setting 14
Bootstrap[73]: Time 0.454124 seconds, bootstrap likelihood -20838.339084, best rearrangement setting 11
Bootstrap[74]: Time 0.552851 seconds, bootstrap likelihood -20851.618374, best rearrangement setting 11
Bootstrap[75]: Time 0.655012 seconds, bootstrap likelihood -20606.253211, best rearrangement setting 11
Bootstrap[76]: Time 0.529687 seconds, bootstrap likelihood -20862.600288, best rearrangement setting 7
Bootstrap[77]: Time 0.830279 seconds, bootstrap likelihood -20100.486282, best rearrangement setting 5
Bootstrap[78]: Time 0.484423 seconds, bootstrap likelihood -21484.281491, best rearrangement setting 14
Bootstrap[79]: Time 0.510488 seconds, bootstrap likelihood -20470.072844, best rearrangement setting 15
Bootstrap[80]: Time 0.508775 seconds, bootstrap likelihood -20524.555383, best rearrangement setting 9
Bootstrap[81]: Time 0.467609 seconds, bootstrap likelihood -19451.757357, best rearrangement setting 8
Bootstrap[82]: Time 0.488273 seconds, bootstrap likelihood -21074.483710, best rearrangement setting 9
Bootstrap[83]: Time 0.455230 seconds, bootstrap likelihood -20444.525066, best rearrangement setting 13
Bootstrap[84]: Time 0.457772 seconds, bootstrap likelihood -20820.948730, best rearrangement setting 9
Bootstrap[85]: Time 0.512741 seconds, bootstrap likelihood -20883.680770, best rearrangement setting 12
Bootstrap[86]: Time 0.458640 seconds, bootstrap likelihood -21095.553218, best rearrangement setting 10
Bootstrap[87]: Time 0.496854 seconds, bootstrap likelihood -21008.297982, best rearrangement setting 15
Bootstrap[88]: Time 6.837674 seconds, bootstrap likelihood -20932.828891, best rearrangement setting 5
Bootstrap[89]: Time 0.507080 seconds, bootstrap likelihood -20782.935876, best rearrangement setting 8
Bootstrap[90]: Time 0.439910 seconds, bootstrap likelihood -20225.133014, best rearrangement setting 5
Bootstrap[91]: Time 2.919495 seconds, bootstrap likelihood -20048.973087, best rearrangement setting 10
Bootstrap[92]: Time 0.499954 seconds, bootstrap likelihood -20712.798711, best rearrangement setting 9
Bootstrap[93]: Time 0.475168 seconds, bootstrap likelihood -20692.501685, best rearrangement setting 9
Bootstrap[94]: Time 0.543573 seconds, bootstrap likelihood -20195.933791, best rearrangement setting 12
Bootstrap[95]: Time 0.486591 seconds, bootstrap likelihood -20790.681955, best rearrangement setting 11
Bootstrap[96]: Time 0.542339 seconds, bootstrap likelihood -21220.319312, best rearrangement setting 13
Bootstrap[97]: Time 0.474872 seconds, bootstrap likelihood -20790.295013, best rearrangement setting 14
Bootstrap[98]: Time 0.445840 seconds, bootstrap likelihood -21018.237722, best rearrangement setting 6
Bootstrap[99]: Time 0.480616 seconds, bootstrap likelihood -20990.072856, best rearrangement setting 10


Overall Time for 100 Rapid Bootstraps 64.017140 seconds
Average Time per Rapid Bootstrap 0.640171 seconds

Starting ML Search ...

Fast ML optimization finished

Fast ML search Time: 52.967188 seconds

Slow ML Search 0 Likelihood: -20679.062635
Slow ML Search 1 Likelihood: -20679.062635
Slow ML Search 2 Likelihood: -20679.383441
Slow ML Search 3 Likelihood: -20679.383441
Slow ML Search 4 Likelihood: -20679.383441
Slow ML Search 5 Likelihood: -20681.219332
Slow ML Search 6 Likelihood: -20681.219332
Slow ML Search 7 Likelihood: -20681.219334
Slow ML Search 8 Likelihood: -20682.551149
Slow ML Search 9 Likelihood: -20678.766795
Slow ML optimization finished

Slow ML search Time: 11.074568 seconds
Thorough ML search Time: 1.078585 seconds

Final ML Optimization Likelihood: -20678.744319

Model Information:

Model Parameters of Partition 0, Name: No Name Provided, Type of Data: DNA
alpha: 0.299029
Tree-Length: 1.564120
rate A <-> C: 2.298455
rate A <-> G: 8.674367
rate A <-> T: 0.960778
rate C <-> G: 0.971270
rate C <-> T: 10.704090
rate G <-> T: 1.000000

freq pi(A): 0.390170
freq pi(C): 0.165902
freq pi(G): 0.227451
freq pi(T): 0.216477


ML search took 65.144081 secs or 0.018096 hours

Combined Bootstrap and ML search took 129.161354 secs or 0.035878 hours

Drawing Bootstrap Support Values on best-scoring ML tree ...



Found 1 tree in File /gpfs_home/mhowison/code/hiv-profile-sampling/scratch/trees/pol/RAxML_bestTree.sample.328



Found 1 tree in File /gpfs_home/mhowison/code/hiv-profile-sampling/scratch/trees/pol/RAxML_bestTree.sample.328

Program execution info written to /gpfs_home/mhowison/code/hiv-profile-sampling/scratch/trees/pol/RAxML_info.sample.328
All 100 bootstrapped trees written to: /gpfs_home/mhowison/code/hiv-profile-sampling/scratch/trees/pol/RAxML_bootstrap.sample.328

Best-scoring ML tree written to: /gpfs_home/mhowison/code/hiv-profile-sampling/scratch/trees/pol/RAxML_bestTree.sample.328

Best-scoring ML tree with support values written to: /gpfs_home/mhowison/code/hiv-profile-sampling/scratch/trees/pol/RAxML_bipartitions.sample.328

Best-scoring ML tree with support values as branch labels written to: /gpfs_home/mhowison/code/hiv-profile-sampling/scratch/trees/pol/RAxML_bipartitionsBranchLabels.sample.328

Overall execution time for full ML analysis: 129.165691 secs or 0.035879 hours or 0.001495 days

