srun: job 261633 queued and waiting for resources
srun: job 261633 has been allocated resources
Warning, you specified a working directory via "-w"
Keep in mind that RAxML only accepts absolute path names, not relative ones!

RAxML can't, parse the alignment file as phylip file 
it will now try to parse it as FASTA file



Using BFGS method to optimize GTR rate parameters, to disable this specify "--no-bfgs" 


This is the RAxML Master Pthread

This is RAxML Worker Pthread Number: 2

This is RAxML Worker Pthread Number: 1

This is RAxML Worker Pthread Number: 6

This is RAxML Worker Pthread Number: 4

This is RAxML Worker Pthread Number: 5

This is RAxML Worker Pthread Number: 3

This is RAxML Worker Pthread Number: 7

This is RAxML Worker Pthread Number: 8

This is RAxML Worker Pthread Number: 9

This is RAxML Worker Pthread Number: 11

This is RAxML Worker Pthread Number: 10

This is RAxML Worker Pthread Number: 12

This is RAxML Worker Pthread Number: 13

This is RAxML Worker Pthread Number: 14

This is RAxML Worker Pthread Number: 15

This is RAxML Worker Pthread Number: 17

This is RAxML Worker Pthread Number: 18

This is RAxML Worker Pthread Number: 16

This is RAxML Worker Pthread Number: 19


This is RAxML version 8.2.12 released by Alexandros Stamatakis on May 2018.

With greatly appreciated code contributions by:
Andre Aberer      (HITS)
Simon Berger      (HITS)
Alexey Kozlov     (HITS)
Kassian Kobert    (HITS)
David Dao         (KIT and HITS)
Sarah Lutteropp   (KIT and HITS)
Nick Pattengale   (Sandia)
Wayne Pfeiffer    (SDSC)
Akifumi S. Tanabe (NRIFS)
Charlie Taylor    (UF)


Alignment has 1194 distinct alignment patterns

Proportion of gaps and completely undetermined characters in this alignment: 5.95%

RAxML rapid bootstrapping and subsequent ML search

Using 1 distinct models/data partitions with joint branch length optimization



Executing 100 rapid bootstrap inferences and thereafter a thorough ML search 

All free model parameters will be estimated by RAxML
GAMMA model of rate heterogeneity, ML estimate of alpha-parameter

GAMMA Model parameters will be estimated up to an accuracy of 0.1000000000 Log Likelihood units

Partition: 0
Alignment Patterns: 1194
Name: No Name Provided
DataType: DNA
Substitution Matrix: GTR




RAxML was called as follows:

raxmlHPC-PTHREADS-AVX -T 20 -s scratch/aligned/pol/sample.176.fa -p 3534914793 -x 3534914793 -f a -N 100 -m GTRGAMMA -w /gpfs_home/mhowison/code/hiv-profile-sampling/scratch/trees/pol -n sample.176 



Time for BS model parameter optimization 0.052488
Bootstrap[0]: Time 0.611481 seconds, bootstrap likelihood -21008.403900, best rearrangement setting 13
Bootstrap[1]: Time 0.558387 seconds, bootstrap likelihood -20628.342924, best rearrangement setting 7
Bootstrap[2]: Time 0.577897 seconds, bootstrap likelihood -20638.532451, best rearrangement setting 13
Bootstrap[3]: Time 0.560621 seconds, bootstrap likelihood -20171.518027, best rearrangement setting 9
Bootstrap[4]: Time 0.570527 seconds, bootstrap likelihood -20281.087945, best rearrangement setting 11
Bootstrap[5]: Time 0.511579 seconds, bootstrap likelihood -21191.325583, best rearrangement setting 15
Bootstrap[6]: Time 0.529635 seconds, bootstrap likelihood -20931.638327, best rearrangement setting 13
Bootstrap[7]: Time 0.503128 seconds, bootstrap likelihood -20818.514162, best rearrangement setting 7
Bootstrap[8]: Time 0.581167 seconds, bootstrap likelihood -20843.650120, best rearrangement setting 10
Bootstrap[9]: Time 0.573416 seconds, bootstrap likelihood -19746.295988, best rearrangement setting 12
Bootstrap[10]: Time 0.580373 seconds, bootstrap likelihood -20154.333298, best rearrangement setting 8
Bootstrap[11]: Time 0.481358 seconds, bootstrap likelihood -20616.549444, best rearrangement setting 8
Bootstrap[12]: Time 0.528789 seconds, bootstrap likelihood -20770.383636, best rearrangement setting 6
Bootstrap[13]: Time 0.630765 seconds, bootstrap likelihood -20863.649555, best rearrangement setting 10
Bootstrap[14]: Time 0.466795 seconds, bootstrap likelihood -20818.554491, best rearrangement setting 13
Bootstrap[15]: Time 0.492996 seconds, bootstrap likelihood -20592.302354, best rearrangement setting 6
Bootstrap[16]: Time 0.528836 seconds, bootstrap likelihood -20775.368036, best rearrangement setting 11
Bootstrap[17]: Time 0.497251 seconds, bootstrap likelihood -20520.530965, best rearrangement setting 6
Bootstrap[18]: Time 0.631672 seconds, bootstrap likelihood -20578.347913, best rearrangement setting 12
Bootstrap[19]: Time 0.540509 seconds, bootstrap likelihood -20991.570728, best rearrangement setting 6
Bootstrap[20]: Time 1.727038 seconds, bootstrap likelihood -20396.231095, best rearrangement setting 12
Bootstrap[21]: Time 0.673000 seconds, bootstrap likelihood -20703.053602, best rearrangement setting 10
Bootstrap[22]: Time 0.758185 seconds, bootstrap likelihood -21233.312548, best rearrangement setting 14
Bootstrap[23]: Time 0.491166 seconds, bootstrap likelihood -21241.707730, best rearrangement setting 5
Bootstrap[24]: Time 0.581118 seconds, bootstrap likelihood -20713.456854, best rearrangement setting 7
Bootstrap[25]: Time 0.646604 seconds, bootstrap likelihood -20184.220982, best rearrangement setting 11
Bootstrap[26]: Time 0.512209 seconds, bootstrap likelihood -20686.458932, best rearrangement setting 5
Bootstrap[27]: Time 0.519333 seconds, bootstrap likelihood -20072.368634, best rearrangement setting 8
Bootstrap[28]: Time 0.587520 seconds, bootstrap likelihood -21679.073285, best rearrangement setting 8
Bootstrap[29]: Time 0.476832 seconds, bootstrap likelihood -20291.730976, best rearrangement setting 7
Bootstrap[30]: Time 0.513533 seconds, bootstrap likelihood -20912.820981, best rearrangement setting 10
Bootstrap[31]: Time 0.497659 seconds, bootstrap likelihood -20251.361992, best rearrangement setting 14
Bootstrap[32]: Time 0.573804 seconds, bootstrap likelihood -20469.103375, best rearrangement setting 13
Bootstrap[33]: Time 0.637695 seconds, bootstrap likelihood -20450.867745, best rearrangement setting 10
Bootstrap[34]: Time 0.878578 seconds, bootstrap likelihood -21027.299713, best rearrangement setting 10
Bootstrap[35]: Time 0.512088 seconds, bootstrap likelihood -20559.940457, best rearrangement setting 11
Bootstrap[36]: Time 6.265309 seconds, bootstrap likelihood -20887.808468, best rearrangement setting 8
Bootstrap[37]: Time 0.577695 seconds, bootstrap likelihood -20658.734731, best rearrangement setting 7
Bootstrap[38]: Time 0.571286 seconds, bootstrap likelihood -20730.833138, best rearrangement setting 14
Bootstrap[39]: Time 0.541531 seconds, bootstrap likelihood -20715.039646, best rearrangement setting 11
Bootstrap[40]: Time 0.522013 seconds, bootstrap likelihood -20472.807317, best rearrangement setting 15
Bootstrap[41]: Time 0.546389 seconds, bootstrap likelihood -20650.863003, best rearrangement setting 12
Bootstrap[42]: Time 0.527175 seconds, bootstrap likelihood -21142.145806, best rearrangement setting 5
Bootstrap[43]: Time 0.467667 seconds, bootstrap likelihood -20033.547262, best rearrangement setting 5
Bootstrap[44]: Time 0.489724 seconds, bootstrap likelihood -20133.340952, best rearrangement setting 6
Bootstrap[45]: Time 0.597547 seconds, bootstrap likelihood -20545.133220, best rearrangement setting 7
Bootstrap[46]: Time 0.528466 seconds, bootstrap likelihood -21007.470887, best rearrangement setting 12
Bootstrap[47]: Time 0.525371 seconds, bootstrap likelihood -20360.185475, best rearrangement setting 8
Bootstrap[48]: Time 0.560352 seconds, bootstrap likelihood -20369.612528, best rearrangement setting 6
Bootstrap[49]: Time 0.581187 seconds, bootstrap likelihood -20924.300332, best rearrangement setting 15
Bootstrap[50]: Time 0.561511 seconds, bootstrap likelihood -20799.574429, best rearrangement setting 11
Bootstrap[51]: Time 0.562332 seconds, bootstrap likelihood -20736.473548, best rearrangement setting 9
Bootstrap[52]: Time 0.508164 seconds, bootstrap likelihood -20391.545301, best rearrangement setting 6
Bootstrap[53]: Time 0.554866 seconds, bootstrap likelihood -20451.445585, best rearrangement setting 7
Bootstrap[54]: Time 0.473621 seconds, bootstrap likelihood -21549.146459, best rearrangement setting 5
Bootstrap[55]: Time 1.898559 seconds, bootstrap likelihood -20560.015597, best rearrangement setting 13
Bootstrap[56]: Time 6.774384 seconds, bootstrap likelihood -20580.157563, best rearrangement setting 5
Bootstrap[57]: Time 0.643675 seconds, bootstrap likelihood -20150.585572, best rearrangement setting 11
Bootstrap[58]: Time 0.596072 seconds, bootstrap likelihood -20693.176483, best rearrangement setting 14
Bootstrap[59]: Time 0.568295 seconds, bootstrap likelihood -20527.008016, best rearrangement setting 8
Bootstrap[60]: Time 0.603024 seconds, bootstrap likelihood -21226.175432, best rearrangement setting 9
Bootstrap[61]: Time 0.508499 seconds, bootstrap likelihood -19935.139855, best rearrangement setting 11
Bootstrap[62]: Time 0.602241 seconds, bootstrap likelihood -20465.533603, best rearrangement setting 13
Bootstrap[63]: Time 0.479289 seconds, bootstrap likelihood -20478.361748, best rearrangement setting 14
Bootstrap[64]: Time 0.555881 seconds, bootstrap likelihood -20798.019021, best rearrangement setting 11
Bootstrap[65]: Time 0.505312 seconds, bootstrap likelihood -19766.072179, best rearrangement setting 8
Bootstrap[66]: Time 0.532663 seconds, bootstrap likelihood -20026.107637, best rearrangement setting 9
Bootstrap[67]: Time 0.564629 seconds, bootstrap likelihood -20646.177681, best rearrangement setting 9
Bootstrap[68]: Time 0.569118 seconds, bootstrap likelihood -20165.587095, best rearrangement setting 12
Bootstrap[69]: Time 0.578657 seconds, bootstrap likelihood -20602.255836, best rearrangement setting 11
Bootstrap[70]: Time 0.571258 seconds, bootstrap likelihood -21060.269798, best rearrangement setting 9
Bootstrap[71]: Time 0.477962 seconds, bootstrap likelihood -20501.928564, best rearrangement setting 7
Bootstrap[72]: Time 0.634624 seconds, bootstrap likelihood -20799.310208, best rearrangement setting 8
Bootstrap[73]: Time 0.563663 seconds, bootstrap likelihood -20137.712672, best rearrangement setting 8
Bootstrap[74]: Time 0.554607 seconds, bootstrap likelihood -20447.145162, best rearrangement setting 12
Bootstrap[75]: Time 0.516551 seconds, bootstrap likelihood -21424.430301, best rearrangement setting 11
Bootstrap[76]: Time 0.892533 seconds, bootstrap likelihood -21097.868993, best rearrangement setting 12
Bootstrap[77]: Time 0.440261 seconds, bootstrap likelihood -21307.183649, best rearrangement setting 7
Bootstrap[78]: Time 0.500937 seconds, bootstrap likelihood -20750.129316, best rearrangement setting 12
Bootstrap[79]: Time 0.552635 seconds, bootstrap likelihood -21212.174296, best rearrangement setting 10
Bootstrap[80]: Time 0.473876 seconds, bootstrap likelihood -20369.554351, best rearrangement setting 9
Bootstrap[81]: Time 0.593781 seconds, bootstrap likelihood -20778.874789, best rearrangement setting 12
Bootstrap[82]: Time 0.524642 seconds, bootstrap likelihood -20436.720181, best rearrangement setting 10
Bootstrap[83]: Time 0.513353 seconds, bootstrap likelihood -21190.657736, best rearrangement setting 14
Bootstrap[84]: Time 0.551163 seconds, bootstrap likelihood -20814.791270, best rearrangement setting 11
Bootstrap[85]: Time 0.492547 seconds, bootstrap likelihood -20669.377733, best rearrangement setting 6
Bootstrap[86]: Time 0.588029 seconds, bootstrap likelihood -20433.146100, best rearrangement setting 13
Bootstrap[87]: Time 0.623420 seconds, bootstrap likelihood -20354.965724, best rearrangement setting 12
Bootstrap[88]: Time 0.515618 seconds, bootstrap likelihood -20562.437763, best rearrangement setting 12
Bootstrap[89]: Time 0.536792 seconds, bootstrap likelihood -20059.549631, best rearrangement setting 5
Bootstrap[90]: Time 0.518477 seconds, bootstrap likelihood -20471.128837, best rearrangement setting 6
Bootstrap[91]: Time 0.515878 seconds, bootstrap likelihood -20180.676838, best rearrangement setting 11
Bootstrap[92]: Time 0.459936 seconds, bootstrap likelihood -20578.217151, best rearrangement setting 5
Bootstrap[93]: Time 0.542060 seconds, bootstrap likelihood -20884.681154, best rearrangement setting 15
Bootstrap[94]: Time 0.567497 seconds, bootstrap likelihood -21604.585065, best rearrangement setting 11
Bootstrap[95]: Time 0.496282 seconds, bootstrap likelihood -20252.566852, best rearrangement setting 12
Bootstrap[96]: Time 0.584137 seconds, bootstrap likelihood -20211.318598, best rearrangement setting 9
Bootstrap[97]: Time 0.497580 seconds, bootstrap likelihood -20752.700929, best rearrangement setting 11
Bootstrap[98]: Time 0.492185 seconds, bootstrap likelihood -20197.434132, best rearrangement setting 13
Bootstrap[99]: Time 0.490486 seconds, bootstrap likelihood -21083.283748, best rearrangement setting 5


Overall Time for 100 Rapid Bootstraps 69.912484 seconds
Average Time per Rapid Bootstrap 0.699125 seconds

Starting ML Search ...

Fast ML optimization finished

Fast ML search Time: 70.367138 seconds

Slow ML Search 0 Likelihood: -20775.313414
Slow ML Search 1 Likelihood: -20775.313413
Slow ML Search 2 Likelihood: -20775.313413
Slow ML Search 3 Likelihood: -20775.313414
Slow ML Search 4 Likelihood: -20775.313414
Slow ML Search 5 Likelihood: -20775.313414
Slow ML Search 6 Likelihood: -20776.840437
Slow ML Search 7 Likelihood: -20776.840436
Slow ML Search 8 Likelihood: -20777.014906
Slow ML Search 9 Likelihood: -20779.141166
Slow ML optimization finished

Slow ML search Time: 9.510463 seconds
Thorough ML search Time: 1.131149 seconds

Final ML Optimization Likelihood: -20775.313277

Model Information:

Model Parameters of Partition 0, Name: No Name Provided, Type of Data: DNA
alpha: 0.310420
Tree-Length: 1.576040
rate A <-> C: 2.432138
rate A <-> G: 9.202439
rate A <-> T: 0.938607
rate C <-> G: 1.061462
rate C <-> T: 11.284026
rate G <-> T: 1.000000

freq pi(A): 0.389974
freq pi(C): 0.165945
freq pi(G): 0.227576
freq pi(T): 0.216506


ML search took 81.015928 secs or 0.022504 hours

Combined Bootstrap and ML search took 150.928556 secs or 0.041925 hours

Drawing Bootstrap Support Values on best-scoring ML tree ...



Found 1 tree in File /gpfs_home/mhowison/code/hiv-profile-sampling/scratch/trees/pol/RAxML_bestTree.sample.176



Found 1 tree in File /gpfs_home/mhowison/code/hiv-profile-sampling/scratch/trees/pol/RAxML_bestTree.sample.176

Program execution info written to /gpfs_home/mhowison/code/hiv-profile-sampling/scratch/trees/pol/RAxML_info.sample.176
All 100 bootstrapped trees written to: /gpfs_home/mhowison/code/hiv-profile-sampling/scratch/trees/pol/RAxML_bootstrap.sample.176

Best-scoring ML tree written to: /gpfs_home/mhowison/code/hiv-profile-sampling/scratch/trees/pol/RAxML_bestTree.sample.176

Best-scoring ML tree with support values written to: /gpfs_home/mhowison/code/hiv-profile-sampling/scratch/trees/pol/RAxML_bipartitions.sample.176

Best-scoring ML tree with support values as branch labels written to: /gpfs_home/mhowison/code/hiv-profile-sampling/scratch/trees/pol/RAxML_bipartitionsBranchLabels.sample.176

Overall execution time for full ML analysis: 150.932846 secs or 0.041926 hours or 0.001747 days

