srun: job 261970 queued and waiting for resources
srun: job 261970 has been allocated resources
Warning, you specified a working directory via "-w"
Keep in mind that RAxML only accepts absolute path names, not relative ones!

RAxML can't, parse the alignment file as phylip file 
it will now try to parse it as FASTA file



Using BFGS method to optimize GTR rate parameters, to disable this specify "--no-bfgs" 


This is the RAxML Master Pthread

This is RAxML Worker Pthread Number: 2

This is RAxML Worker Pthread Number: 4

This is RAxML Worker Pthread Number: 1

This is RAxML Worker Pthread Number: 3

This is RAxML Worker Pthread Number: 5

This is RAxML Worker Pthread Number: 7

This is RAxML Worker Pthread Number: 6

This is RAxML Worker Pthread Number: 8

This is RAxML Worker Pthread Number: 11

This is RAxML Worker Pthread Number: 9

This is RAxML Worker Pthread Number: 10

This is RAxML Worker Pthread Number: 12

This is RAxML Worker Pthread Number: 13

This is RAxML Worker Pthread Number: 14

This is RAxML Worker Pthread Number: 15

This is RAxML Worker Pthread Number: 16

This is RAxML Worker Pthread Number: 17

This is RAxML Worker Pthread Number: 18

This is RAxML Worker Pthread Number: 19


This is RAxML version 8.2.12 released by Alexandros Stamatakis on May 2018.

With greatly appreciated code contributions by:
Andre Aberer      (HITS)
Simon Berger      (HITS)
Alexey Kozlov     (HITS)
Kassian Kobert    (HITS)
David Dao         (KIT and HITS)
Sarah Lutteropp   (KIT and HITS)
Nick Pattengale   (Sandia)
Wayne Pfeiffer    (SDSC)
Akifumi S. Tanabe (NRIFS)
Charlie Taylor    (UF)


Alignment has 1176 distinct alignment patterns

Proportion of gaps and completely undetermined characters in this alignment: 5.94%

RAxML rapid bootstrapping and subsequent ML search

Using 1 distinct models/data partitions with joint branch length optimization



Executing 100 rapid bootstrap inferences and thereafter a thorough ML search 

All free model parameters will be estimated by RAxML
GAMMA model of rate heterogeneity, ML estimate of alpha-parameter

GAMMA Model parameters will be estimated up to an accuracy of 0.1000000000 Log Likelihood units

Partition: 0
Alignment Patterns: 1176
Name: No Name Provided
DataType: DNA
Substitution Matrix: GTR




RAxML was called as follows:

raxmlHPC-PTHREADS-AVX -T 20 -s scratch/aligned/pol/sample.296.fa -p 2537037555 -x 2537037555 -f a -N 100 -m GTRGAMMA -w /gpfs_home/mhowison/code/hiv-profile-sampling/scratch/trees/pol -n sample.296 



Time for BS model parameter optimization 0.050913
Bootstrap[0]: Time 0.514436 seconds, bootstrap likelihood -20729.748038, best rearrangement setting 5
Bootstrap[1]: Time 0.567020 seconds, bootstrap likelihood -20406.232207, best rearrangement setting 11
Bootstrap[2]: Time 0.536602 seconds, bootstrap likelihood -20224.310436, best rearrangement setting 6
Bootstrap[3]: Time 1.518715 seconds, bootstrap likelihood -20765.693060, best rearrangement setting 10
Bootstrap[4]: Time 0.589102 seconds, bootstrap likelihood -20259.057791, best rearrangement setting 6
Bootstrap[5]: Time 0.574317 seconds, bootstrap likelihood -20602.761459, best rearrangement setting 5
Bootstrap[6]: Time 0.514095 seconds, bootstrap likelihood -20756.957180, best rearrangement setting 10
Bootstrap[7]: Time 0.484796 seconds, bootstrap likelihood -20965.818861, best rearrangement setting 6
Bootstrap[8]: Time 0.437967 seconds, bootstrap likelihood -20725.562747, best rearrangement setting 7
Bootstrap[9]: Time 0.529736 seconds, bootstrap likelihood -19782.949951, best rearrangement setting 11
Bootstrap[10]: Time 0.639988 seconds, bootstrap likelihood -20539.419114, best rearrangement setting 10
Bootstrap[11]: Time 0.556638 seconds, bootstrap likelihood -21159.479160, best rearrangement setting 13
Bootstrap[12]: Time 0.459741 seconds, bootstrap likelihood -20430.955102, best rearrangement setting 8
Bootstrap[13]: Time 0.466249 seconds, bootstrap likelihood -21122.870424, best rearrangement setting 6
Bootstrap[14]: Time 0.531304 seconds, bootstrap likelihood -20928.862619, best rearrangement setting 11
Bootstrap[15]: Time 0.433594 seconds, bootstrap likelihood -19970.723475, best rearrangement setting 6
Bootstrap[16]: Time 0.427208 seconds, bootstrap likelihood -20798.672083, best rearrangement setting 7
Bootstrap[17]: Time 0.433161 seconds, bootstrap likelihood -20480.111413, best rearrangement setting 7
Bootstrap[18]: Time 0.478005 seconds, bootstrap likelihood -20741.511111, best rearrangement setting 6
Bootstrap[19]: Time 0.619088 seconds, bootstrap likelihood -19841.662687, best rearrangement setting 12
Bootstrap[20]: Time 0.567100 seconds, bootstrap likelihood -20163.961538, best rearrangement setting 9
Bootstrap[21]: Time 0.420275 seconds, bootstrap likelihood -20191.717365, best rearrangement setting 5
Bootstrap[22]: Time 0.485350 seconds, bootstrap likelihood -20111.235973, best rearrangement setting 8
Bootstrap[23]: Time 0.478273 seconds, bootstrap likelihood -19857.171461, best rearrangement setting 5
Bootstrap[24]: Time 0.575342 seconds, bootstrap likelihood -20846.385984, best rearrangement setting 9
Bootstrap[25]: Time 0.449966 seconds, bootstrap likelihood -20195.556200, best rearrangement setting 10
Bootstrap[26]: Time 0.439386 seconds, bootstrap likelihood -21505.682558, best rearrangement setting 6
Bootstrap[27]: Time 0.536552 seconds, bootstrap likelihood -20286.801549, best rearrangement setting 14
Bootstrap[28]: Time 0.441330 seconds, bootstrap likelihood -20296.852042, best rearrangement setting 5
Bootstrap[29]: Time 0.511763 seconds, bootstrap likelihood -21086.463543, best rearrangement setting 8
Bootstrap[30]: Time 0.512588 seconds, bootstrap likelihood -20458.272396, best rearrangement setting 10
Bootstrap[31]: Time 0.465567 seconds, bootstrap likelihood -21291.267845, best rearrangement setting 10
Bootstrap[32]: Time 1.615016 seconds, bootstrap likelihood -21528.945592, best rearrangement setting 10
Bootstrap[33]: Time 0.526427 seconds, bootstrap likelihood -20113.806857, best rearrangement setting 11
Bootstrap[34]: Time 0.509393 seconds, bootstrap likelihood -20473.912626, best rearrangement setting 12
Bootstrap[35]: Time 0.523261 seconds, bootstrap likelihood -21363.744274, best rearrangement setting 13
Bootstrap[36]: Time 0.503470 seconds, bootstrap likelihood -20441.229190, best rearrangement setting 7
Bootstrap[37]: Time 0.614500 seconds, bootstrap likelihood -21240.835924, best rearrangement setting 12
Bootstrap[38]: Time 0.581929 seconds, bootstrap likelihood -20775.156760, best rearrangement setting 11
Bootstrap[39]: Time 0.507982 seconds, bootstrap likelihood -20679.699180, best rearrangement setting 12
Bootstrap[40]: Time 0.443640 seconds, bootstrap likelihood -20662.030869, best rearrangement setting 5
Bootstrap[41]: Time 0.554698 seconds, bootstrap likelihood -20838.248848, best rearrangement setting 12
Bootstrap[42]: Time 0.546290 seconds, bootstrap likelihood -21448.507145, best rearrangement setting 13
Bootstrap[43]: Time 0.666716 seconds, bootstrap likelihood -20632.940658, best rearrangement setting 14
Bootstrap[44]: Time 2.141667 seconds, bootstrap likelihood -20524.395248, best rearrangement setting 15
Bootstrap[45]: Time 0.554141 seconds, bootstrap likelihood -20048.343359, best rearrangement setting 8
Bootstrap[46]: Time 0.431559 seconds, bootstrap likelihood -20513.430485, best rearrangement setting 6
Bootstrap[47]: Time 0.546656 seconds, bootstrap likelihood -20408.003698, best rearrangement setting 11
Bootstrap[48]: Time 0.535567 seconds, bootstrap likelihood -20223.770925, best rearrangement setting 15
Bootstrap[49]: Time 0.594689 seconds, bootstrap likelihood -20104.795969, best rearrangement setting 10
Bootstrap[50]: Time 0.511055 seconds, bootstrap likelihood -20744.375202, best rearrangement setting 8
Bootstrap[51]: Time 0.497655 seconds, bootstrap likelihood -20797.609383, best rearrangement setting 13
Bootstrap[52]: Time 0.488916 seconds, bootstrap likelihood -20932.730366, best rearrangement setting 9
Bootstrap[53]: Time 0.609828 seconds, bootstrap likelihood -20576.767463, best rearrangement setting 11
Bootstrap[54]: Time 0.526834 seconds, bootstrap likelihood -20171.691782, best rearrangement setting 12
Bootstrap[55]: Time 0.465146 seconds, bootstrap likelihood -20347.346264, best rearrangement setting 13
Bootstrap[56]: Time 0.397964 seconds, bootstrap likelihood -21331.317631, best rearrangement setting 5
Bootstrap[57]: Time 0.501167 seconds, bootstrap likelihood -20132.435924, best rearrangement setting 11
Bootstrap[58]: Time 58.784788 seconds, bootstrap likelihood -20045.095895, best rearrangement setting 13
Bootstrap[59]: Time 0.545264 seconds, bootstrap likelihood -20461.262117, best rearrangement setting 15
Bootstrap[60]: Time 0.524071 seconds, bootstrap likelihood -19919.192547, best rearrangement setting 6
Bootstrap[61]: Time 8.750915 seconds, bootstrap likelihood -20506.687371, best rearrangement setting 9
Bootstrap[62]: Time 0.479050 seconds, bootstrap likelihood -19611.505032, best rearrangement setting 13
Bootstrap[63]: Time 0.434511 seconds, bootstrap likelihood -20603.073041, best rearrangement setting 5
Bootstrap[64]: Time 0.488492 seconds, bootstrap likelihood -20415.286390, best rearrangement setting 6
Bootstrap[65]: Time 0.446253 seconds, bootstrap likelihood -20834.780091, best rearrangement setting 12
Bootstrap[66]: Time 0.530029 seconds, bootstrap likelihood -21321.909342, best rearrangement setting 15
Bootstrap[67]: Time 0.423162 seconds, bootstrap likelihood -20487.813604, best rearrangement setting 8
Bootstrap[68]: Time 0.509807 seconds, bootstrap likelihood -19958.128422, best rearrangement setting 13
Bootstrap[69]: Time 0.464670 seconds, bootstrap likelihood -19943.264511, best rearrangement setting 12
Bootstrap[70]: Time 0.518278 seconds, bootstrap likelihood -21233.037178, best rearrangement setting 13
Bootstrap[71]: Time 0.509886 seconds, bootstrap likelihood -19959.673236, best rearrangement setting 6
Bootstrap[72]: Time 0.516119 seconds, bootstrap likelihood -20833.875533, best rearrangement setting 11
Bootstrap[73]: Time 0.565361 seconds, bootstrap likelihood -21317.695915, best rearrangement setting 8
Bootstrap[74]: Time 0.534645 seconds, bootstrap likelihood -20753.584851, best rearrangement setting 9
Bootstrap[75]: Time 3.565635 seconds, bootstrap likelihood -20521.475039, best rearrangement setting 8
Bootstrap[76]: Time 0.440023 seconds, bootstrap likelihood -20650.828907, best rearrangement setting 11
Bootstrap[77]: Time 0.526652 seconds, bootstrap likelihood -21138.911928, best rearrangement setting 12
Bootstrap[78]: Time 0.574936 seconds, bootstrap likelihood -19875.794140, best rearrangement setting 15
Bootstrap[79]: Time 0.502267 seconds, bootstrap likelihood -20346.740758, best rearrangement setting 6
Bootstrap[80]: Time 1.743175 seconds, bootstrap likelihood -20350.087193, best rearrangement setting 7
Bootstrap[81]: Time 6.212336 seconds, bootstrap likelihood -20254.274767, best rearrangement setting 6
Bootstrap[82]: Time 1.825816 seconds, bootstrap likelihood -20897.138514, best rearrangement setting 8
Bootstrap[83]: Time 0.454488 seconds, bootstrap likelihood -19773.391617, best rearrangement setting 6
Bootstrap[84]: Time 0.468614 seconds, bootstrap likelihood -20773.544922, best rearrangement setting 13
Bootstrap[85]: Time 0.507607 seconds, bootstrap likelihood -20121.693335, best rearrangement setting 15
Bootstrap[86]: Time 0.567198 seconds, bootstrap likelihood -20518.035335, best rearrangement setting 15
Bootstrap[87]: Time 0.479105 seconds, bootstrap likelihood -20583.793850, best rearrangement setting 8
Bootstrap[88]: Time 0.545202 seconds, bootstrap likelihood -21177.599700, best rearrangement setting 10
Bootstrap[89]: Time 0.434876 seconds, bootstrap likelihood -21020.647520, best rearrangement setting 5
Bootstrap[90]: Time 0.519755 seconds, bootstrap likelihood -20685.086459, best rearrangement setting 14
Bootstrap[91]: Time 0.544131 seconds, bootstrap likelihood -20929.162012, best rearrangement setting 10
Bootstrap[92]: Time 0.477226 seconds, bootstrap likelihood -21613.477312, best rearrangement setting 13
Bootstrap[93]: Time 0.525666 seconds, bootstrap likelihood -20503.442186, best rearrangement setting 13
Bootstrap[94]: Time 0.478336 seconds, bootstrap likelihood -20630.395281, best rearrangement setting 13
Bootstrap[95]: Time 0.472915 seconds, bootstrap likelihood -20529.448695, best rearrangement setting 15
Bootstrap[96]: Time 0.616765 seconds, bootstrap likelihood -20527.335083, best rearrangement setting 14
Bootstrap[97]: Time 0.521003 seconds, bootstrap likelihood -19955.070713, best rearrangement setting 8
Bootstrap[98]: Time 0.442214 seconds, bootstrap likelihood -21159.408760, best rearrangement setting 5
Bootstrap[99]: Time 4.985804 seconds, bootstrap likelihood -20689.794176, best rearrangement setting 15


Overall Time for 100 Rapid Bootstraps 137.186899 seconds
Average Time per Rapid Bootstrap 1.371869 seconds

Starting ML Search ...

Fast ML optimization finished

Fast ML search Time: 398.595178 seconds

Slow ML Search 0 Likelihood: -20706.028531
Slow ML Search 1 Likelihood: -20706.028531
Slow ML Search 2 Likelihood: -20706.028531
Slow ML Search 3 Likelihood: -20706.028531
Slow ML Search 4 Likelihood: -20706.028531
Slow ML Search 5 Likelihood: -20706.028531
Slow ML Search 6 Likelihood: -20706.028531
Slow ML Search 7 Likelihood: -20706.877290
Slow ML Search 8 Likelihood: -20709.566671
Slow ML Search 9 Likelihood: -20709.566671
Slow ML optimization finished

Slow ML search Time: 22.328226 seconds
Thorough ML search Time: 14.401869 seconds

Final ML Optimization Likelihood: -20706.028564

Model Information:

Model Parameters of Partition 0, Name: No Name Provided, Type of Data: DNA
alpha: 0.308017
Tree-Length: 1.563360
rate A <-> C: 2.445563
rate A <-> G: 8.926051
rate A <-> T: 0.958652
rate C <-> G: 1.031530
rate C <-> T: 11.132760
rate G <-> T: 1.000000

freq pi(A): 0.390402
freq pi(C): 0.165978
freq pi(G): 0.227082
freq pi(T): 0.216538


ML search took 435.375443 secs or 0.120938 hours

Combined Bootstrap and ML search took 572.562474 secs or 0.159045 hours

Drawing Bootstrap Support Values on best-scoring ML tree ...



Found 1 tree in File /gpfs_home/mhowison/code/hiv-profile-sampling/scratch/trees/pol/RAxML_bestTree.sample.296



Found 1 tree in File /gpfs_home/mhowison/code/hiv-profile-sampling/scratch/trees/pol/RAxML_bestTree.sample.296

Program execution info written to /gpfs_home/mhowison/code/hiv-profile-sampling/scratch/trees/pol/RAxML_info.sample.296
All 100 bootstrapped trees written to: /gpfs_home/mhowison/code/hiv-profile-sampling/scratch/trees/pol/RAxML_bootstrap.sample.296

Best-scoring ML tree written to: /gpfs_home/mhowison/code/hiv-profile-sampling/scratch/trees/pol/RAxML_bestTree.sample.296

Best-scoring ML tree with support values written to: /gpfs_home/mhowison/code/hiv-profile-sampling/scratch/trees/pol/RAxML_bipartitions.sample.296

Best-scoring ML tree with support values as branch labels written to: /gpfs_home/mhowison/code/hiv-profile-sampling/scratch/trees/pol/RAxML_bipartitionsBranchLabels.sample.296

Overall execution time for full ML analysis: 572.630460 secs or 0.159064 hours or 0.006628 days

