srun: job 262163 queued and waiting for resources
srun: job 262163 has been allocated resources
Warning, you specified a working directory via "-w"
Keep in mind that RAxML only accepts absolute path names, not relative ones!

RAxML can't, parse the alignment file as phylip file 
it will now try to parse it as FASTA file



Using BFGS method to optimize GTR rate parameters, to disable this specify "--no-bfgs" 


This is the RAxML Master Pthread

This is RAxML Worker Pthread Number: 1

This is RAxML Worker Pthread Number: 3

This is RAxML Worker Pthread Number: 2

This is RAxML Worker Pthread Number: 4

This is RAxML Worker Pthread Number: 5

This is RAxML Worker Pthread Number: 7

This is RAxML Worker Pthread Number: 6

This is RAxML Worker Pthread Number: 8

This is RAxML Worker Pthread Number: 9

This is RAxML Worker Pthread Number: 10

This is RAxML Worker Pthread Number: 11

This is RAxML Worker Pthread Number: 12

This is RAxML Worker Pthread Number: 13

This is RAxML Worker Pthread Number: 14

This is RAxML Worker Pthread Number: 16

This is RAxML Worker Pthread Number: 15

This is RAxML Worker Pthread Number: 17

This is RAxML Worker Pthread Number: 18

This is RAxML Worker Pthread Number: 19


This is RAxML version 8.2.12 released by Alexandros Stamatakis on May 2018.

With greatly appreciated code contributions by:
Andre Aberer      (HITS)
Simon Berger      (HITS)
Alexey Kozlov     (HITS)
Kassian Kobert    (HITS)
David Dao         (KIT and HITS)
Sarah Lutteropp   (KIT and HITS)
Nick Pattengale   (Sandia)
Wayne Pfeiffer    (SDSC)
Akifumi S. Tanabe (NRIFS)
Charlie Taylor    (UF)


Alignment has 1177 distinct alignment patterns

Proportion of gaps and completely undetermined characters in this alignment: 5.94%

RAxML rapid bootstrapping and subsequent ML search

Using 1 distinct models/data partitions with joint branch length optimization



Executing 100 rapid bootstrap inferences and thereafter a thorough ML search 

All free model parameters will be estimated by RAxML
GAMMA model of rate heterogeneity, ML estimate of alpha-parameter

GAMMA Model parameters will be estimated up to an accuracy of 0.1000000000 Log Likelihood units

Partition: 0
Alignment Patterns: 1177
Name: No Name Provided
DataType: DNA
Substitution Matrix: GTR




RAxML was called as follows:

raxmlHPC-PTHREADS-AVX -T 20 -s scratch/aligned/pol/sample.38.fa -p 0493998449 -x 0493998449 -f a -N 100 -m GTRGAMMA -w /gpfs_home/mhowison/code/hiv-profile-sampling/scratch/trees/pol -n sample.38 



Time for BS model parameter optimization 0.044983
Bootstrap[0]: Time 0.598607 seconds, bootstrap likelihood -20534.838833, best rearrangement setting 8
Bootstrap[1]: Time 0.495622 seconds, bootstrap likelihood -20523.597649, best rearrangement setting 8
Bootstrap[2]: Time 0.691145 seconds, bootstrap likelihood -21425.887190, best rearrangement setting 11
Bootstrap[3]: Time 2.169912 seconds, bootstrap likelihood -19823.050854, best rearrangement setting 8
Bootstrap[4]: Time 0.628680 seconds, bootstrap likelihood -20432.619384, best rearrangement setting 12
Bootstrap[5]: Time 0.532535 seconds, bootstrap likelihood -20219.106159, best rearrangement setting 12
Bootstrap[6]: Time 0.406751 seconds, bootstrap likelihood -21048.521715, best rearrangement setting 9
Bootstrap[7]: Time 0.455709 seconds, bootstrap likelihood -21302.605163, best rearrangement setting 6
Bootstrap[8]: Time 0.907527 seconds, bootstrap likelihood -20353.622838, best rearrangement setting 14
Bootstrap[9]: Time 0.552421 seconds, bootstrap likelihood -20542.848046, best rearrangement setting 12
Bootstrap[10]: Time 1.032343 seconds, bootstrap likelihood -20635.064474, best rearrangement setting 11
Bootstrap[11]: Time 0.521377 seconds, bootstrap likelihood -20470.344891, best rearrangement setting 12
Bootstrap[12]: Time 2.585337 seconds, bootstrap likelihood -20157.382952, best rearrangement setting 8
Bootstrap[13]: Time 0.640168 seconds, bootstrap likelihood -20081.198275, best rearrangement setting 8
Bootstrap[14]: Time 0.544303 seconds, bootstrap likelihood -21052.869479, best rearrangement setting 10
Bootstrap[15]: Time 0.450672 seconds, bootstrap likelihood -19838.225225, best rearrangement setting 14
Bootstrap[16]: Time 0.488926 seconds, bootstrap likelihood -20739.350530, best rearrangement setting 8
Bootstrap[17]: Time 0.541504 seconds, bootstrap likelihood -21084.713719, best rearrangement setting 8
Bootstrap[18]: Time 0.406182 seconds, bootstrap likelihood -20706.359082, best rearrangement setting 5
Bootstrap[19]: Time 0.494180 seconds, bootstrap likelihood -21352.926766, best rearrangement setting 6
Bootstrap[20]: Time 0.452538 seconds, bootstrap likelihood -19847.346974, best rearrangement setting 9
Bootstrap[21]: Time 0.551638 seconds, bootstrap likelihood -20554.669535, best rearrangement setting 11
Bootstrap[22]: Time 0.557940 seconds, bootstrap likelihood -20702.528084, best rearrangement setting 8
Bootstrap[23]: Time 0.568221 seconds, bootstrap likelihood -20305.669417, best rearrangement setting 13
Bootstrap[24]: Time 0.568808 seconds, bootstrap likelihood -20052.286083, best rearrangement setting 6
Bootstrap[25]: Time 0.559944 seconds, bootstrap likelihood -20563.534664, best rearrangement setting 12
Bootstrap[26]: Time 0.717267 seconds, bootstrap likelihood -20491.862989, best rearrangement setting 7
Bootstrap[27]: Time 0.524112 seconds, bootstrap likelihood -20981.022267, best rearrangement setting 15
Bootstrap[28]: Time 0.484152 seconds, bootstrap likelihood -20595.922987, best rearrangement setting 10
Bootstrap[29]: Time 0.450234 seconds, bootstrap likelihood -20887.680077, best rearrangement setting 12
Bootstrap[30]: Time 0.601775 seconds, bootstrap likelihood -21537.559151, best rearrangement setting 15
Bootstrap[31]: Time 0.584855 seconds, bootstrap likelihood -20727.745632, best rearrangement setting 11
Bootstrap[32]: Time 0.769775 seconds, bootstrap likelihood -20404.563459, best rearrangement setting 10
Bootstrap[33]: Time 0.452424 seconds, bootstrap likelihood -21268.248024, best rearrangement setting 6
Bootstrap[34]: Time 0.532904 seconds, bootstrap likelihood -19896.655278, best rearrangement setting 9
Bootstrap[35]: Time 0.530448 seconds, bootstrap likelihood -20421.157441, best rearrangement setting 13
Bootstrap[36]: Time 0.603375 seconds, bootstrap likelihood -20557.890501, best rearrangement setting 14
Bootstrap[37]: Time 0.365333 seconds, bootstrap likelihood -20575.292825, best rearrangement setting 5
Bootstrap[38]: Time 2.766955 seconds, bootstrap likelihood -20980.951095, best rearrangement setting 13
Bootstrap[39]: Time 0.747656 seconds, bootstrap likelihood -20930.079207, best rearrangement setting 15
Bootstrap[40]: Time 0.621858 seconds, bootstrap likelihood -20968.413331, best rearrangement setting 10
Bootstrap[41]: Time 0.676702 seconds, bootstrap likelihood -20317.039013, best rearrangement setting 9
Bootstrap[42]: Time 0.476728 seconds, bootstrap likelihood -20098.171138, best rearrangement setting 11
Bootstrap[43]: Time 0.530685 seconds, bootstrap likelihood -19684.902362, best rearrangement setting 14
Bootstrap[44]: Time 0.470844 seconds, bootstrap likelihood -21049.552043, best rearrangement setting 5
Bootstrap[45]: Time 0.534333 seconds, bootstrap likelihood -20524.068529, best rearrangement setting 12
Bootstrap[46]: Time 0.550800 seconds, bootstrap likelihood -20728.999489, best rearrangement setting 7
Bootstrap[47]: Time 0.547034 seconds, bootstrap likelihood -20779.512461, best rearrangement setting 12
Bootstrap[48]: Time 0.430416 seconds, bootstrap likelihood -20170.530086, best rearrangement setting 5
Bootstrap[49]: Time 1.198300 seconds, bootstrap likelihood -20936.483879, best rearrangement setting 12
Bootstrap[50]: Time 0.516858 seconds, bootstrap likelihood -20857.003730, best rearrangement setting 15
Bootstrap[51]: Time 0.454186 seconds, bootstrap likelihood -20263.826702, best rearrangement setting 6
Bootstrap[52]: Time 0.580922 seconds, bootstrap likelihood -20662.211892, best rearrangement setting 12
Bootstrap[53]: Time 0.491462 seconds, bootstrap likelihood -20498.866047, best rearrangement setting 13
Bootstrap[54]: Time 0.478085 seconds, bootstrap likelihood -20532.089143, best rearrangement setting 13
Bootstrap[55]: Time 0.519864 seconds, bootstrap likelihood -20184.867483, best rearrangement setting 14
Bootstrap[56]: Time 0.503787 seconds, bootstrap likelihood -21011.199954, best rearrangement setting 13
Bootstrap[57]: Time 0.620809 seconds, bootstrap likelihood -20853.249069, best rearrangement setting 11
Bootstrap[58]: Time 0.508128 seconds, bootstrap likelihood -20836.990936, best rearrangement setting 7
Bootstrap[59]: Time 0.430680 seconds, bootstrap likelihood -20139.271669, best rearrangement setting 5
Bootstrap[60]: Time 0.510319 seconds, bootstrap likelihood -20689.095044, best rearrangement setting 11
Bootstrap[61]: Time 0.540470 seconds, bootstrap likelihood -20236.512318, best rearrangement setting 12
Bootstrap[62]: Time 0.505075 seconds, bootstrap likelihood -20018.771433, best rearrangement setting 6
Bootstrap[63]: Time 1.708217 seconds, bootstrap likelihood -20571.015417, best rearrangement setting 15
Bootstrap[64]: Time 0.552322 seconds, bootstrap likelihood -20702.356419, best rearrangement setting 6
Bootstrap[65]: Time 0.569261 seconds, bootstrap likelihood -19948.702221, best rearrangement setting 14
Bootstrap[66]: Time 0.678396 seconds, bootstrap likelihood -21389.702649, best rearrangement setting 13
Bootstrap[67]: Time 0.528537 seconds, bootstrap likelihood -20718.702175, best rearrangement setting 12
Bootstrap[68]: Time 0.479848 seconds, bootstrap likelihood -20354.856069, best rearrangement setting 15
Bootstrap[69]: Time 0.570722 seconds, bootstrap likelihood -20637.525446, best rearrangement setting 11
Bootstrap[70]: Time 0.556994 seconds, bootstrap likelihood -20132.669917, best rearrangement setting 9
Bootstrap[71]: Time 0.442805 seconds, bootstrap likelihood -20558.912252, best rearrangement setting 7
Bootstrap[72]: Time 0.511123 seconds, bootstrap likelihood -20345.454762, best rearrangement setting 7
Bootstrap[73]: Time 0.526527 seconds, bootstrap likelihood -20149.336518, best rearrangement setting 14
Bootstrap[74]: Time 0.875302 seconds, bootstrap likelihood -19994.439835, best rearrangement setting 9
Bootstrap[75]: Time 0.556908 seconds, bootstrap likelihood -21128.868325, best rearrangement setting 10
Bootstrap[76]: Time 0.481440 seconds, bootstrap likelihood -20945.943745, best rearrangement setting 8
Bootstrap[77]: Time 0.449164 seconds, bootstrap likelihood -20861.841398, best rearrangement setting 8
Bootstrap[78]: Time 0.448166 seconds, bootstrap likelihood -21297.774430, best rearrangement setting 15
Bootstrap[79]: Time 0.511701 seconds, bootstrap likelihood -20863.087804, best rearrangement setting 8
Bootstrap[80]: Time 0.440014 seconds, bootstrap likelihood -20546.739468, best rearrangement setting 6
Bootstrap[81]: Time 0.474883 seconds, bootstrap likelihood -20255.777961, best rearrangement setting 11
Bootstrap[82]: Time 0.430028 seconds, bootstrap likelihood -19862.066705, best rearrangement setting 10
Bootstrap[83]: Time 0.474488 seconds, bootstrap likelihood -20639.777954, best rearrangement setting 6
Bootstrap[84]: Time 0.516339 seconds, bootstrap likelihood -20619.486173, best rearrangement setting 7
Bootstrap[85]: Time 0.477426 seconds, bootstrap likelihood -20640.791034, best rearrangement setting 9
Bootstrap[86]: Time 0.506892 seconds, bootstrap likelihood -20573.459696, best rearrangement setting 10
Bootstrap[87]: Time 0.440128 seconds, bootstrap likelihood -20338.773677, best rearrangement setting 7
Bootstrap[88]: Time 0.428744 seconds, bootstrap likelihood -20849.161261, best rearrangement setting 6
Bootstrap[89]: Time 0.460915 seconds, bootstrap likelihood -19740.571816, best rearrangement setting 15
Bootstrap[90]: Time 0.425630 seconds, bootstrap likelihood -20074.421921, best rearrangement setting 5
Bootstrap[91]: Time 0.524167 seconds, bootstrap likelihood -21276.775273, best rearrangement setting 15
Bootstrap[92]: Time 0.428889 seconds, bootstrap likelihood -21247.484500, best rearrangement setting 5
Bootstrap[93]: Time 0.445442 seconds, bootstrap likelihood -20875.626587, best rearrangement setting 9
Bootstrap[94]: Time 0.599743 seconds, bootstrap likelihood -20506.068230, best rearrangement setting 13
Bootstrap[95]: Time 0.404760 seconds, bootstrap likelihood -20249.217083, best rearrangement setting 5
Bootstrap[96]: Time 0.494058 seconds, bootstrap likelihood -20098.655859, best rearrangement setting 14
Bootstrap[97]: Time 0.457402 seconds, bootstrap likelihood -20986.338270, best rearrangement setting 6
Bootstrap[98]: Time 0.489799 seconds, bootstrap likelihood -21232.939782, best rearrangement setting 6
Bootstrap[99]: Time 0.653686 seconds, bootstrap likelihood -20531.643369, best rearrangement setting 5


Overall Time for 100 Rapid Bootstraps 61.310509 seconds
Average Time per Rapid Bootstrap 0.613105 seconds

Starting ML Search ...

Fast ML optimization finished

Fast ML search Time: 54.202184 seconds

Slow ML Search 0 Likelihood: -20612.988256
Slow ML Search 1 Likelihood: -20612.988256
Slow ML Search 2 Likelihood: -20612.988256
Slow ML Search 3 Likelihood: -20612.988256
Slow ML Search 4 Likelihood: -20612.988256
Slow ML Search 5 Likelihood: -20613.449760
Slow ML Search 6 Likelihood: -20616.255420
Slow ML Search 7 Likelihood: -20616.254344
Slow ML Search 8 Likelihood: -20613.449759
Slow ML Search 9 Likelihood: -20616.666244
Slow ML optimization finished

Slow ML search Time: 9.702326 seconds
Thorough ML search Time: 1.082135 seconds

Final ML Optimization Likelihood: -20612.988304

Model Information:

Model Parameters of Partition 0, Name: No Name Provided, Type of Data: DNA
alpha: 0.304750
Tree-Length: 1.560613
rate A <-> C: 2.518971
rate A <-> G: 9.485394
rate A <-> T: 1.063436
rate C <-> G: 1.010998
rate C <-> T: 11.576800
rate G <-> T: 1.000000

freq pi(A): 0.389846
freq pi(C): 0.165888
freq pi(G): 0.227735
freq pi(T): 0.216531


ML search took 64.996220 secs or 0.018055 hours

Combined Bootstrap and ML search took 126.306841 secs or 0.035085 hours

Drawing Bootstrap Support Values on best-scoring ML tree ...



Found 1 tree in File /gpfs_home/mhowison/code/hiv-profile-sampling/scratch/trees/pol/RAxML_bestTree.sample.38



Found 1 tree in File /gpfs_home/mhowison/code/hiv-profile-sampling/scratch/trees/pol/RAxML_bestTree.sample.38

Program execution info written to /gpfs_home/mhowison/code/hiv-profile-sampling/scratch/trees/pol/RAxML_info.sample.38
All 100 bootstrapped trees written to: /gpfs_home/mhowison/code/hiv-profile-sampling/scratch/trees/pol/RAxML_bootstrap.sample.38

Best-scoring ML tree written to: /gpfs_home/mhowison/code/hiv-profile-sampling/scratch/trees/pol/RAxML_bestTree.sample.38

Best-scoring ML tree with support values written to: /gpfs_home/mhowison/code/hiv-profile-sampling/scratch/trees/pol/RAxML_bipartitions.sample.38

Best-scoring ML tree with support values as branch labels written to: /gpfs_home/mhowison/code/hiv-profile-sampling/scratch/trees/pol/RAxML_bipartitionsBranchLabels.sample.38

Overall execution time for full ML analysis: 126.310206 secs or 0.035086 hours or 0.001462 days

