srun: job 262647 queued and waiting for resources
srun: job 262647 has been allocated resources
Warning, you specified a working directory via "-w"
Keep in mind that RAxML only accepts absolute path names, not relative ones!

RAxML can't, parse the alignment file as phylip file 
it will now try to parse it as FASTA file



Using BFGS method to optimize GTR rate parameters, to disable this specify "--no-bfgs" 


This is the RAxML Master Pthread

This is RAxML Worker Pthread Number: 2

This is RAxML Worker Pthread Number: 1

This is RAxML Worker Pthread Number: 6

This is RAxML Worker Pthread Number: 3

This is RAxML Worker Pthread Number: 4

This is RAxML Worker Pthread Number: 5

This is RAxML Worker Pthread Number: 8

This is RAxML Worker Pthread Number: 9

This is RAxML Worker Pthread Number: 10

This is RAxML Worker Pthread Number: 7

This is RAxML Worker Pthread Number: 11

This is RAxML Worker Pthread Number: 12

This is RAxML Worker Pthread Number: 14

This is RAxML Worker Pthread Number: 13

This is RAxML Worker Pthread Number: 15

This is RAxML Worker Pthread Number: 16

This is RAxML Worker Pthread Number: 17

This is RAxML Worker Pthread Number: 18

This is RAxML Worker Pthread Number: 19


This is RAxML version 8.2.12 released by Alexandros Stamatakis on May 2018.

With greatly appreciated code contributions by:
Andre Aberer      (HITS)
Simon Berger      (HITS)
Alexey Kozlov     (HITS)
Kassian Kobert    (HITS)
David Dao         (KIT and HITS)
Sarah Lutteropp   (KIT and HITS)
Nick Pattengale   (Sandia)
Wayne Pfeiffer    (SDSC)
Akifumi S. Tanabe (NRIFS)
Charlie Taylor    (UF)


Alignment has 1171 distinct alignment patterns

Proportion of gaps and completely undetermined characters in this alignment: 5.94%

RAxML rapid bootstrapping and subsequent ML search

Using 1 distinct models/data partitions with joint branch length optimization



Executing 100 rapid bootstrap inferences and thereafter a thorough ML search 

All free model parameters will be estimated by RAxML
GAMMA model of rate heterogeneity, ML estimate of alpha-parameter

GAMMA Model parameters will be estimated up to an accuracy of 0.1000000000 Log Likelihood units

Partition: 0
Alignment Patterns: 1171
Name: No Name Provided
DataType: DNA
Substitution Matrix: GTR




RAxML was called as follows:

raxmlHPC-PTHREADS-AVX -T 20 -s scratch/aligned/pol/sample.492.fa -p 9453341576 -x 9453341576 -f a -N 100 -m GTRGAMMA -w /gpfs_home/mhowison/code/hiv-profile-sampling/scratch/trees/pol -n sample.492 



Time for BS model parameter optimization 0.056606
Bootstrap[0]: Time 0.774363 seconds, bootstrap likelihood -21237.019157, best rearrangement setting 10
Bootstrap[1]: Time 0.528944 seconds, bootstrap likelihood -21049.292650, best rearrangement setting 8
Bootstrap[2]: Time 0.673756 seconds, bootstrap likelihood -20222.662205, best rearrangement setting 8
Bootstrap[3]: Time 0.530670 seconds, bootstrap likelihood -20228.172249, best rearrangement setting 14
Bootstrap[4]: Time 0.644749 seconds, bootstrap likelihood -20200.036455, best rearrangement setting 11
Bootstrap[5]: Time 0.617407 seconds, bootstrap likelihood -20519.947758, best rearrangement setting 12
Bootstrap[6]: Time 0.510163 seconds, bootstrap likelihood -20881.487486, best rearrangement setting 5
Bootstrap[7]: Time 0.700126 seconds, bootstrap likelihood -20824.156208, best rearrangement setting 11
Bootstrap[8]: Time 1.270976 seconds, bootstrap likelihood -20677.634801, best rearrangement setting 5
Bootstrap[9]: Time 0.616918 seconds, bootstrap likelihood -20733.689397, best rearrangement setting 11
Bootstrap[10]: Time 0.658610 seconds, bootstrap likelihood -20769.687831, best rearrangement setting 11
Bootstrap[11]: Time 0.608477 seconds, bootstrap likelihood -19553.072273, best rearrangement setting 6
Bootstrap[12]: Time 0.661200 seconds, bootstrap likelihood -20297.338771, best rearrangement setting 6
Bootstrap[13]: Time 0.770540 seconds, bootstrap likelihood -21124.857356, best rearrangement setting 14
Bootstrap[14]: Time 0.668793 seconds, bootstrap likelihood -21083.015768, best rearrangement setting 12
Bootstrap[15]: Time 0.651957 seconds, bootstrap likelihood -20285.702040, best rearrangement setting 14
Bootstrap[16]: Time 0.596012 seconds, bootstrap likelihood -20493.872013, best rearrangement setting 10
Bootstrap[17]: Time 0.514818 seconds, bootstrap likelihood -20791.843063, best rearrangement setting 6
Bootstrap[18]: Time 0.588525 seconds, bootstrap likelihood -20952.309752, best rearrangement setting 11
Bootstrap[19]: Time 0.570549 seconds, bootstrap likelihood -20693.239629, best rearrangement setting 13
Bootstrap[20]: Time 0.611929 seconds, bootstrap likelihood -20023.034085, best rearrangement setting 15
Bootstrap[21]: Time 0.629144 seconds, bootstrap likelihood -20264.369529, best rearrangement setting 14
Bootstrap[22]: Time 0.641647 seconds, bootstrap likelihood -20140.799374, best rearrangement setting 7
Bootstrap[23]: Time 0.635049 seconds, bootstrap likelihood -20295.562862, best rearrangement setting 10
Bootstrap[24]: Time 0.549408 seconds, bootstrap likelihood -19865.451571, best rearrangement setting 8
Bootstrap[25]: Time 0.623129 seconds, bootstrap likelihood -20308.845339, best rearrangement setting 15
Bootstrap[26]: Time 0.706276 seconds, bootstrap likelihood -20432.663474, best rearrangement setting 11
Bootstrap[27]: Time 0.549741 seconds, bootstrap likelihood -19696.599307, best rearrangement setting 10
Bootstrap[28]: Time 0.758638 seconds, bootstrap likelihood -20324.920929, best rearrangement setting 9
Bootstrap[29]: Time 0.617695 seconds, bootstrap likelihood -20044.273151, best rearrangement setting 12
Bootstrap[30]: Time 0.710226 seconds, bootstrap likelihood -20719.837398, best rearrangement setting 11
Bootstrap[31]: Time 1.034700 seconds, bootstrap likelihood -20759.548712, best rearrangement setting 15
Bootstrap[32]: Time 0.695615 seconds, bootstrap likelihood -20488.769792, best rearrangement setting 10
Bootstrap[33]: Time 0.600315 seconds, bootstrap likelihood -20259.903352, best rearrangement setting 13
Bootstrap[34]: Time 0.631702 seconds, bootstrap likelihood -20500.850505, best rearrangement setting 15
Bootstrap[35]: Time 0.610172 seconds, bootstrap likelihood -20963.730981, best rearrangement setting 7
Bootstrap[36]: Time 0.686345 seconds, bootstrap likelihood -20364.073784, best rearrangement setting 15
Bootstrap[37]: Time 0.503638 seconds, bootstrap likelihood -20586.307653, best rearrangement setting 5
Bootstrap[38]: Time 0.686012 seconds, bootstrap likelihood -19981.584914, best rearrangement setting 15
Bootstrap[39]: Time 0.690782 seconds, bootstrap likelihood -20790.169201, best rearrangement setting 9
Bootstrap[40]: Time 0.637042 seconds, bootstrap likelihood -20475.160850, best rearrangement setting 14
Bootstrap[41]: Time 0.711820 seconds, bootstrap likelihood -20403.722133, best rearrangement setting 9
Bootstrap[42]: Time 0.695018 seconds, bootstrap likelihood -20980.534503, best rearrangement setting 15
Bootstrap[43]: Time 0.698568 seconds, bootstrap likelihood -20841.811924, best rearrangement setting 11
Bootstrap[44]: Time 0.654492 seconds, bootstrap likelihood -21557.481514, best rearrangement setting 12
Bootstrap[45]: Time 0.607252 seconds, bootstrap likelihood -20669.739103, best rearrangement setting 7
Bootstrap[46]: Time 0.645836 seconds, bootstrap likelihood -20672.042392, best rearrangement setting 7
Bootstrap[47]: Time 0.690596 seconds, bootstrap likelihood -20208.441480, best rearrangement setting 13
Bootstrap[48]: Time 0.601447 seconds, bootstrap likelihood -20906.938507, best rearrangement setting 12
Bootstrap[49]: Time 0.719450 seconds, bootstrap likelihood -20271.039166, best rearrangement setting 15
Bootstrap[50]: Time 0.539326 seconds, bootstrap likelihood -20494.212089, best rearrangement setting 13
Bootstrap[51]: Time 0.586544 seconds, bootstrap likelihood -19952.921639, best rearrangement setting 12
Bootstrap[52]: Time 0.627403 seconds, bootstrap likelihood -20010.946755, best rearrangement setting 10
Bootstrap[53]: Time 0.977886 seconds, bootstrap likelihood -20472.451817, best rearrangement setting 6
Bootstrap[54]: Time 0.928529 seconds, bootstrap likelihood -21205.138775, best rearrangement setting 6
Bootstrap[55]: Time 0.603902 seconds, bootstrap likelihood -20995.857052, best rearrangement setting 5
Bootstrap[56]: Time 0.629792 seconds, bootstrap likelihood -20646.245940, best rearrangement setting 13
Bootstrap[57]: Time 0.615961 seconds, bootstrap likelihood -20626.899044, best rearrangement setting 14
Bootstrap[58]: Time 0.517174 seconds, bootstrap likelihood -20703.988091, best rearrangement setting 5
Bootstrap[59]: Time 0.648582 seconds, bootstrap likelihood -21526.486132, best rearrangement setting 10
Bootstrap[60]: Time 0.642992 seconds, bootstrap likelihood -20190.381215, best rearrangement setting 13
Bootstrap[61]: Time 0.601310 seconds, bootstrap likelihood -20315.834831, best rearrangement setting 12
Bootstrap[62]: Time 0.673359 seconds, bootstrap likelihood -20792.407579, best rearrangement setting 9
Bootstrap[63]: Time 0.473142 seconds, bootstrap likelihood -20499.471025, best rearrangement setting 5
Bootstrap[64]: Time 0.659524 seconds, bootstrap likelihood -20636.601303, best rearrangement setting 10
Bootstrap[65]: Time 0.653486 seconds, bootstrap likelihood -20701.231997, best rearrangement setting 10
Bootstrap[66]: Time 0.531824 seconds, bootstrap likelihood -20975.207289, best rearrangement setting 15
Bootstrap[67]: Time 0.604669 seconds, bootstrap likelihood -20979.489586, best rearrangement setting 10
Bootstrap[68]: Time 0.709930 seconds, bootstrap likelihood -20620.107446, best rearrangement setting 15
Bootstrap[69]: Time 0.628539 seconds, bootstrap likelihood -20721.252806, best rearrangement setting 8
Bootstrap[70]: Time 0.643293 seconds, bootstrap likelihood -20821.106217, best rearrangement setting 14
Bootstrap[71]: Time 0.583389 seconds, bootstrap likelihood -20802.886392, best rearrangement setting 13
Bootstrap[72]: Time 0.650346 seconds, bootstrap likelihood -20301.122042, best rearrangement setting 15
Bootstrap[73]: Time 0.580461 seconds, bootstrap likelihood -20039.399331, best rearrangement setting 6
Bootstrap[74]: Time 0.643203 seconds, bootstrap likelihood -20092.709554, best rearrangement setting 11
Bootstrap[75]: Time 0.714327 seconds, bootstrap likelihood -20797.705572, best rearrangement setting 9
Bootstrap[76]: Time 0.644078 seconds, bootstrap likelihood -20213.363435, best rearrangement setting 14
Bootstrap[77]: Time 0.995779 seconds, bootstrap likelihood -20736.164477, best rearrangement setting 13
Bootstrap[78]: Time 0.643484 seconds, bootstrap likelihood -19368.956149, best rearrangement setting 11
Bootstrap[79]: Time 0.437206 seconds, bootstrap likelihood -20325.031678, best rearrangement setting 5
Bootstrap[80]: Time 0.666270 seconds, bootstrap likelihood -20614.660041, best rearrangement setting 7
Bootstrap[81]: Time 0.629025 seconds, bootstrap likelihood -20427.818022, best rearrangement setting 15
Bootstrap[82]: Time 0.599711 seconds, bootstrap likelihood -20361.520777, best rearrangement setting 9
Bootstrap[83]: Time 0.480663 seconds, bootstrap likelihood -19757.345350, best rearrangement setting 7
Bootstrap[84]: Time 0.553704 seconds, bootstrap likelihood -19884.017389, best rearrangement setting 5
Bootstrap[85]: Time 0.551537 seconds, bootstrap likelihood -21203.859479, best rearrangement setting 6
Bootstrap[86]: Time 0.540341 seconds, bootstrap likelihood -20360.059807, best rearrangement setting 7
Bootstrap[87]: Time 0.562429 seconds, bootstrap likelihood -20840.671282, best rearrangement setting 7
Bootstrap[88]: Time 0.654946 seconds, bootstrap likelihood -20586.475685, best rearrangement setting 9
Bootstrap[89]: Time 0.625068 seconds, bootstrap likelihood -20610.681833, best rearrangement setting 14
Bootstrap[90]: Time 0.664927 seconds, bootstrap likelihood -21156.415368, best rearrangement setting 8
Bootstrap[91]: Time 0.716574 seconds, bootstrap likelihood -19946.599915, best rearrangement setting 10
Bootstrap[92]: Time 0.619589 seconds, bootstrap likelihood -19854.028084, best rearrangement setting 14
Bootstrap[93]: Time 0.528904 seconds, bootstrap likelihood -21215.513202, best rearrangement setting 7
Bootstrap[94]: Time 0.525558 seconds, bootstrap likelihood -20476.879667, best rearrangement setting 13
Bootstrap[95]: Time 0.609826 seconds, bootstrap likelihood -20079.907188, best rearrangement setting 10
Bootstrap[96]: Time 0.669913 seconds, bootstrap likelihood -20590.250007, best rearrangement setting 13
Bootstrap[97]: Time 0.522934 seconds, bootstrap likelihood -20872.338427, best rearrangement setting 9
Bootstrap[98]: Time 0.564173 seconds, bootstrap likelihood -20803.603959, best rearrangement setting 6
Bootstrap[99]: Time 0.592118 seconds, bootstrap likelihood -20216.638487, best rearrangement setting 8


Overall Time for 100 Rapid Bootstraps 64.312334 seconds
Average Time per Rapid Bootstrap 0.643123 seconds

Starting ML Search ...

Fast ML optimization finished

Fast ML search Time: 55.478333 seconds

Slow ML Search 0 Likelihood: -20679.400914
Slow ML Search 1 Likelihood: -20679.400914
Slow ML Search 2 Likelihood: -20679.400914
Slow ML Search 3 Likelihood: -20679.400914
Slow ML Search 4 Likelihood: -20681.591123
Slow ML Search 5 Likelihood: -20682.961712
Slow ML Search 6 Likelihood: -20683.604680
Slow ML Search 7 Likelihood: -20683.604680
Slow ML Search 8 Likelihood: -20683.604680
Slow ML Search 9 Likelihood: -20683.922401
Slow ML optimization finished

Slow ML search Time: 10.604905 seconds
Thorough ML search Time: 1.284392 seconds

Final ML Optimization Likelihood: -20679.400957

Model Information:

Model Parameters of Partition 0, Name: No Name Provided, Type of Data: DNA
alpha: 0.304775
Tree-Length: 1.567762
rate A <-> C: 2.401762
rate A <-> G: 9.058188
rate A <-> T: 1.000684
rate C <-> G: 0.944593
rate C <-> T: 11.112551
rate G <-> T: 1.000000

freq pi(A): 0.390198
freq pi(C): 0.165883
freq pi(G): 0.227537
freq pi(T): 0.216382


ML search took 67.373964 secs or 0.018715 hours

Combined Bootstrap and ML search took 131.686432 secs or 0.036580 hours

Drawing Bootstrap Support Values on best-scoring ML tree ...



Found 1 tree in File /gpfs_home/mhowison/code/hiv-profile-sampling/scratch/trees/pol/RAxML_bestTree.sample.492



Found 1 tree in File /gpfs_home/mhowison/code/hiv-profile-sampling/scratch/trees/pol/RAxML_bestTree.sample.492

Program execution info written to /gpfs_home/mhowison/code/hiv-profile-sampling/scratch/trees/pol/RAxML_info.sample.492
All 100 bootstrapped trees written to: /gpfs_home/mhowison/code/hiv-profile-sampling/scratch/trees/pol/RAxML_bootstrap.sample.492

Best-scoring ML tree written to: /gpfs_home/mhowison/code/hiv-profile-sampling/scratch/trees/pol/RAxML_bestTree.sample.492

Best-scoring ML tree with support values written to: /gpfs_home/mhowison/code/hiv-profile-sampling/scratch/trees/pol/RAxML_bipartitions.sample.492

Best-scoring ML tree with support values as branch labels written to: /gpfs_home/mhowison/code/hiv-profile-sampling/scratch/trees/pol/RAxML_bipartitionsBranchLabels.sample.492

Overall execution time for full ML analysis: 131.706009 secs or 0.036585 hours or 0.001524 days

