srun: job 262201 queued and waiting for resources
srun: job 262201 has been allocated resources
Warning, you specified a working directory via "-w"
Keep in mind that RAxML only accepts absolute path names, not relative ones!

RAxML can't, parse the alignment file as phylip file 
it will now try to parse it as FASTA file



Using BFGS method to optimize GTR rate parameters, to disable this specify "--no-bfgs" 


This is the RAxML Master Pthread

This is RAxML Worker Pthread Number: 3

This is RAxML Worker Pthread Number: 4

This is RAxML Worker Pthread Number: 2

This is RAxML Worker Pthread Number: 1

This is RAxML Worker Pthread Number: 5

This is RAxML Worker Pthread Number: 6

This is RAxML Worker Pthread Number: 7

This is RAxML Worker Pthread Number: 8

This is RAxML Worker Pthread Number: 10

This is RAxML Worker Pthread Number: 11

This is RAxML Worker Pthread Number: 9

This is RAxML Worker Pthread Number: 12

This is RAxML Worker Pthread Number: 13

This is RAxML Worker Pthread Number: 14

This is RAxML Worker Pthread Number: 15

This is RAxML Worker Pthread Number: 16

This is RAxML Worker Pthread Number: 17

This is RAxML Worker Pthread Number: 19

This is RAxML Worker Pthread Number: 18


This is RAxML version 8.2.12 released by Alexandros Stamatakis on May 2018.

With greatly appreciated code contributions by:
Andre Aberer      (HITS)
Simon Berger      (HITS)
Alexey Kozlov     (HITS)
Kassian Kobert    (HITS)
David Dao         (KIT and HITS)
Sarah Lutteropp   (KIT and HITS)
Nick Pattengale   (Sandia)
Wayne Pfeiffer    (SDSC)
Akifumi S. Tanabe (NRIFS)
Charlie Taylor    (UF)


Alignment has 1179 distinct alignment patterns

Proportion of gaps and completely undetermined characters in this alignment: 5.94%

RAxML rapid bootstrapping and subsequent ML search

Using 1 distinct models/data partitions with joint branch length optimization



Executing 100 rapid bootstrap inferences and thereafter a thorough ML search 

All free model parameters will be estimated by RAxML
GAMMA model of rate heterogeneity, ML estimate of alpha-parameter

GAMMA Model parameters will be estimated up to an accuracy of 0.1000000000 Log Likelihood units

Partition: 0
Alignment Patterns: 1179
Name: No Name Provided
DataType: DNA
Substitution Matrix: GTR




RAxML was called as follows:

raxmlHPC-PTHREADS-AVX -T 20 -s scratch/aligned/pol/sample.406.fa -p 6018184833 -x 6018184833 -f a -N 100 -m GTRGAMMA -w /gpfs_home/mhowison/code/hiv-profile-sampling/scratch/trees/pol -n sample.406 



Time for BS model parameter optimization 0.053377
Bootstrap[0]: Time 0.571123 seconds, bootstrap likelihood -21126.375604, best rearrangement setting 6
Bootstrap[1]: Time 0.565329 seconds, bootstrap likelihood -20416.912479, best rearrangement setting 13
Bootstrap[2]: Time 0.617487 seconds, bootstrap likelihood -20467.518867, best rearrangement setting 11
Bootstrap[3]: Time 0.617060 seconds, bootstrap likelihood -20760.903788, best rearrangement setting 14
Bootstrap[4]: Time 0.568887 seconds, bootstrap likelihood -20981.728002, best rearrangement setting 7
Bootstrap[5]: Time 0.545101 seconds, bootstrap likelihood -21099.066692, best rearrangement setting 13
Bootstrap[6]: Time 0.475519 seconds, bootstrap likelihood -20687.247089, best rearrangement setting 6
Bootstrap[7]: Time 0.498590 seconds, bootstrap likelihood -20748.649193, best rearrangement setting 8
Bootstrap[8]: Time 0.506678 seconds, bootstrap likelihood -20655.044442, best rearrangement setting 7
Bootstrap[9]: Time 0.563675 seconds, bootstrap likelihood -20878.393655, best rearrangement setting 11
Bootstrap[10]: Time 0.508714 seconds, bootstrap likelihood -20660.677256, best rearrangement setting 7
Bootstrap[11]: Time 0.580933 seconds, bootstrap likelihood -20096.223969, best rearrangement setting 10
Bootstrap[12]: Time 0.560435 seconds, bootstrap likelihood -20907.209313, best rearrangement setting 6
Bootstrap[13]: Time 0.478756 seconds, bootstrap likelihood -20173.733866, best rearrangement setting 8
Bootstrap[14]: Time 0.490624 seconds, bootstrap likelihood -21198.580411, best rearrangement setting 6
Bootstrap[15]: Time 0.595119 seconds, bootstrap likelihood -20272.302621, best rearrangement setting 8
Bootstrap[16]: Time 0.564872 seconds, bootstrap likelihood -21260.068134, best rearrangement setting 10
Bootstrap[17]: Time 0.451608 seconds, bootstrap likelihood -20415.876098, best rearrangement setting 9
Bootstrap[18]: Time 0.591550 seconds, bootstrap likelihood -21273.536522, best rearrangement setting 13
Bootstrap[19]: Time 0.570316 seconds, bootstrap likelihood -20632.824355, best rearrangement setting 13
Bootstrap[20]: Time 0.556192 seconds, bootstrap likelihood -20438.269614, best rearrangement setting 7
Bootstrap[21]: Time 0.519687 seconds, bootstrap likelihood -20315.738133, best rearrangement setting 11
Bootstrap[22]: Time 0.448581 seconds, bootstrap likelihood -20931.622952, best rearrangement setting 13
Bootstrap[23]: Time 0.432112 seconds, bootstrap likelihood -20619.137015, best rearrangement setting 5
Bootstrap[24]: Time 1.062592 seconds, bootstrap likelihood -20973.918410, best rearrangement setting 14
Bootstrap[25]: Time 1.782021 seconds, bootstrap likelihood -20964.479196, best rearrangement setting 14
Bootstrap[26]: Time 3.453149 seconds, bootstrap likelihood -19933.234705, best rearrangement setting 15
Bootstrap[27]: Time 0.486424 seconds, bootstrap likelihood -21110.138614, best rearrangement setting 6
Bootstrap[28]: Time 3.810152 seconds, bootstrap likelihood -20606.883380, best rearrangement setting 8
Bootstrap[29]: Time 4.181638 seconds, bootstrap likelihood -20225.136495, best rearrangement setting 12
Bootstrap[30]: Time 0.647806 seconds, bootstrap likelihood -20120.030953, best rearrangement setting 13
Bootstrap[31]: Time 0.493326 seconds, bootstrap likelihood -20494.781021, best rearrangement setting 7
Bootstrap[32]: Time 0.575349 seconds, bootstrap likelihood -20869.550639, best rearrangement setting 7
Bootstrap[33]: Time 0.506953 seconds, bootstrap likelihood -20201.937431, best rearrangement setting 14
Bootstrap[34]: Time 0.427593 seconds, bootstrap likelihood -20123.292461, best rearrangement setting 12
Bootstrap[35]: Time 0.455065 seconds, bootstrap likelihood -20785.237045, best rearrangement setting 6
Bootstrap[36]: Time 0.543686 seconds, bootstrap likelihood -20795.987264, best rearrangement setting 12
Bootstrap[37]: Time 0.498685 seconds, bootstrap likelihood -20806.729333, best rearrangement setting 12
Bootstrap[38]: Time 0.554208 seconds, bootstrap likelihood -21004.715064, best rearrangement setting 6
Bootstrap[39]: Time 0.535776 seconds, bootstrap likelihood -19979.211616, best rearrangement setting 9
Bootstrap[40]: Time 0.469749 seconds, bootstrap likelihood -20763.969421, best rearrangement setting 5
Bootstrap[41]: Time 1.308120 seconds, bootstrap likelihood -20965.007468, best rearrangement setting 15
Bootstrap[42]: Time 0.655195 seconds, bootstrap likelihood -20647.230079, best rearrangement setting 9
Bootstrap[43]: Time 0.498377 seconds, bootstrap likelihood -20840.184891, best rearrangement setting 5
Bootstrap[44]: Time 0.566366 seconds, bootstrap likelihood -20277.127440, best rearrangement setting 9
Bootstrap[45]: Time 0.641644 seconds, bootstrap likelihood -21743.342196, best rearrangement setting 15
Bootstrap[46]: Time 0.515609 seconds, bootstrap likelihood -20210.859218, best rearrangement setting 11
Bootstrap[47]: Time 0.620257 seconds, bootstrap likelihood -20400.064361, best rearrangement setting 10
Bootstrap[48]: Time 0.555904 seconds, bootstrap likelihood -20020.319089, best rearrangement setting 14
Bootstrap[49]: Time 1.871173 seconds, bootstrap likelihood -21652.103927, best rearrangement setting 8
Bootstrap[50]: Time 0.539918 seconds, bootstrap likelihood -20839.704256, best rearrangement setting 5
Bootstrap[51]: Time 0.446174 seconds, bootstrap likelihood -20711.204666, best rearrangement setting 5
Bootstrap[52]: Time 0.618120 seconds, bootstrap likelihood -20974.553134, best rearrangement setting 14
Bootstrap[53]: Time 0.646795 seconds, bootstrap likelihood -20511.016505, best rearrangement setting 12
Bootstrap[54]: Time 0.491823 seconds, bootstrap likelihood -19716.226603, best rearrangement setting 6
Bootstrap[55]: Time 5.469537 seconds, bootstrap likelihood -20538.235756, best rearrangement setting 12
Bootstrap[56]: Time 5.154646 seconds, bootstrap likelihood -21142.125966, best rearrangement setting 15
Bootstrap[57]: Time 1.469032 seconds, bootstrap likelihood -20380.816704, best rearrangement setting 5
Bootstrap[58]: Time 0.795820 seconds, bootstrap likelihood -21038.019873, best rearrangement setting 6
Bootstrap[59]: Time 0.514862 seconds, bootstrap likelihood -19901.272986, best rearrangement setting 11
Bootstrap[60]: Time 1.800552 seconds, bootstrap likelihood -20712.961094, best rearrangement setting 11
Bootstrap[61]: Time 0.583286 seconds, bootstrap likelihood -20871.975882, best rearrangement setting 7
Bootstrap[62]: Time 0.506276 seconds, bootstrap likelihood -20978.925889, best rearrangement setting 12
Bootstrap[63]: Time 0.564633 seconds, bootstrap likelihood -21061.707682, best rearrangement setting 7
Bootstrap[64]: Time 0.627099 seconds, bootstrap likelihood -20835.704723, best rearrangement setting 8
Bootstrap[65]: Time 2.055235 seconds, bootstrap likelihood -20721.505325, best rearrangement setting 10
Bootstrap[66]: Time 0.539690 seconds, bootstrap likelihood -20270.150939, best rearrangement setting 11
Bootstrap[67]: Time 0.538742 seconds, bootstrap likelihood -20151.978201, best rearrangement setting 14
Bootstrap[68]: Time 4.705034 seconds, bootstrap likelihood -21369.923848, best rearrangement setting 11
Bootstrap[69]: Time 1.534883 seconds, bootstrap likelihood -20860.027590, best rearrangement setting 13
Bootstrap[70]: Time 0.434357 seconds, bootstrap likelihood -20175.611267, best rearrangement setting 5
Bootstrap[71]: Time 0.437525 seconds, bootstrap likelihood -21055.719239, best rearrangement setting 5
Bootstrap[72]: Time 0.550606 seconds, bootstrap likelihood -20121.282751, best rearrangement setting 8
Bootstrap[73]: Time 0.577655 seconds, bootstrap likelihood -21401.513502, best rearrangement setting 13
Bootstrap[74]: Time 0.526989 seconds, bootstrap likelihood -21527.931671, best rearrangement setting 11
Bootstrap[75]: Time 0.513823 seconds, bootstrap likelihood -21368.756531, best rearrangement setting 8
Bootstrap[76]: Time 0.555212 seconds, bootstrap likelihood -20862.815817, best rearrangement setting 11
Bootstrap[77]: Time 0.387290 seconds, bootstrap likelihood -20872.863512, best rearrangement setting 8
Bootstrap[78]: Time 0.507620 seconds, bootstrap likelihood -20494.344489, best rearrangement setting 12
Bootstrap[79]: Time 0.573169 seconds, bootstrap likelihood -21271.517352, best rearrangement setting 11
Bootstrap[80]: Time 0.566427 seconds, bootstrap likelihood -21212.970476, best rearrangement setting 13
Bootstrap[81]: Time 0.546057 seconds, bootstrap likelihood -21147.508138, best rearrangement setting 14
Bootstrap[82]: Time 0.634857 seconds, bootstrap likelihood -20765.622014, best rearrangement setting 11
Bootstrap[83]: Time 0.574644 seconds, bootstrap likelihood -21193.223236, best rearrangement setting 11
Bootstrap[84]: Time 0.553288 seconds, bootstrap likelihood -20713.094964, best rearrangement setting 11
Bootstrap[85]: Time 0.537235 seconds, bootstrap likelihood -20614.855764, best rearrangement setting 14
Bootstrap[86]: Time 0.552735 seconds, bootstrap likelihood -20824.665033, best rearrangement setting 10
Bootstrap[87]: Time 4.496464 seconds, bootstrap likelihood -21332.534079, best rearrangement setting 13
Bootstrap[88]: Time 4.956531 seconds, bootstrap likelihood -20401.619548, best rearrangement setting 12
Bootstrap[89]: Time 0.584183 seconds, bootstrap likelihood -20485.316217, best rearrangement setting 13
Bootstrap[90]: Time 0.559614 seconds, bootstrap likelihood -21344.762604, best rearrangement setting 8
Bootstrap[91]: Time 0.611935 seconds, bootstrap likelihood -20495.227944, best rearrangement setting 11
Bootstrap[92]: Time 0.494892 seconds, bootstrap likelihood -21044.445632, best rearrangement setting 8
Bootstrap[93]: Time 0.506490 seconds, bootstrap likelihood -20488.732619, best rearrangement setting 13
Bootstrap[94]: Time 0.488490 seconds, bootstrap likelihood -20986.038590, best rearrangement setting 9
Bootstrap[95]: Time 0.419000 seconds, bootstrap likelihood -20846.243195, best rearrangement setting 5
Bootstrap[96]: Time 6.146615 seconds, bootstrap likelihood -21488.337333, best rearrangement setting 13
Bootstrap[97]: Time 0.483417 seconds, bootstrap likelihood -21228.033837, best rearrangement setting 10
Bootstrap[98]: Time 3.986633 seconds, bootstrap likelihood -21480.949983, best rearrangement setting 8
Bootstrap[99]: Time 0.698264 seconds, bootstrap likelihood -20546.740962, best rearrangement setting 15


Overall Time for 100 Rapid Bootstraps 103.821967 seconds
Average Time per Rapid Bootstrap 1.038220 seconds

Starting ML Search ...

Fast ML optimization finished

Fast ML search Time: 189.396857 seconds

Slow ML Search 0 Likelihood: -20863.744248
Slow ML Search 1 Likelihood: -20865.346437
Slow ML Search 2 Likelihood: -20865.346437
Slow ML Search 3 Likelihood: -20865.346437
Slow ML Search 4 Likelihood: -20866.444736
Slow ML Search 5 Likelihood: -20866.444736
Slow ML Search 6 Likelihood: -20867.508901
Slow ML Search 7 Likelihood: -20867.509626
Slow ML Search 8 Likelihood: -20867.509626
Slow ML Search 9 Likelihood: -20867.512265
Slow ML optimization finished

Slow ML search Time: 20.058586 seconds
Thorough ML search Time: 10.906761 seconds

Final ML Optimization Likelihood: -20863.744249

Model Information:

Model Parameters of Partition 0, Name: No Name Provided, Type of Data: DNA
alpha: 0.311962
Tree-Length: 1.592033
rate A <-> C: 2.377761
rate A <-> G: 9.184398
rate A <-> T: 0.983657
rate C <-> G: 1.002697
rate C <-> T: 11.024483
rate G <-> T: 1.000000

freq pi(A): 0.390077
freq pi(C): 0.165825
freq pi(G): 0.227588
freq pi(T): 0.216509


ML search took 220.392602 secs or 0.061220 hours

Combined Bootstrap and ML search took 324.214713 secs or 0.090060 hours

Drawing Bootstrap Support Values on best-scoring ML tree ...



Found 1 tree in File /gpfs_home/mhowison/code/hiv-profile-sampling/scratch/trees/pol/RAxML_bestTree.sample.406



Found 1 tree in File /gpfs_home/mhowison/code/hiv-profile-sampling/scratch/trees/pol/RAxML_bestTree.sample.406

Program execution info written to /gpfs_home/mhowison/code/hiv-profile-sampling/scratch/trees/pol/RAxML_info.sample.406
All 100 bootstrapped trees written to: /gpfs_home/mhowison/code/hiv-profile-sampling/scratch/trees/pol/RAxML_bootstrap.sample.406

Best-scoring ML tree written to: /gpfs_home/mhowison/code/hiv-profile-sampling/scratch/trees/pol/RAxML_bestTree.sample.406

Best-scoring ML tree with support values written to: /gpfs_home/mhowison/code/hiv-profile-sampling/scratch/trees/pol/RAxML_bipartitions.sample.406

Best-scoring ML tree with support values as branch labels written to: /gpfs_home/mhowison/code/hiv-profile-sampling/scratch/trees/pol/RAxML_bipartitionsBranchLabels.sample.406

Overall execution time for full ML analysis: 324.250210 secs or 0.090070 hours or 0.003753 days

