srun: job 262122 queued and waiting for resources
srun: job 262122 has been allocated resources
Warning, you specified a working directory via "-w"
Keep in mind that RAxML only accepts absolute path names, not relative ones!

RAxML can't, parse the alignment file as phylip file 
it will now try to parse it as FASTA file



Using BFGS method to optimize GTR rate parameters, to disable this specify "--no-bfgs" 


This is the RAxML Master Pthread

This is RAxML Worker Pthread Number: 1

This is RAxML Worker Pthread Number: 5

This is RAxML Worker Pthread Number: 4

This is RAxML Worker Pthread Number: 3

This is RAxML Worker Pthread Number: 2

This is RAxML Worker Pthread Number: 6

This is RAxML Worker Pthread Number: 7

This is RAxML Worker Pthread Number: 8

This is RAxML Worker Pthread Number: 10

This is RAxML Worker Pthread Number: 9

This is RAxML Worker Pthread Number: 11

This is RAxML Worker Pthread Number: 12

This is RAxML Worker Pthread Number: 13

This is RAxML Worker Pthread Number: 15

This is RAxML Worker Pthread Number: 14

This is RAxML Worker Pthread Number: 16

This is RAxML Worker Pthread Number: 17

This is RAxML Worker Pthread Number: 18

This is RAxML Worker Pthread Number: 19


This is RAxML version 8.2.12 released by Alexandros Stamatakis on May 2018.

With greatly appreciated code contributions by:
Andre Aberer      (HITS)
Simon Berger      (HITS)
Alexey Kozlov     (HITS)
Kassian Kobert    (HITS)
David Dao         (KIT and HITS)
Sarah Lutteropp   (KIT and HITS)
Nick Pattengale   (Sandia)
Wayne Pfeiffer    (SDSC)
Akifumi S. Tanabe (NRIFS)
Charlie Taylor    (UF)


Alignment has 1173 distinct alignment patterns

Proportion of gaps and completely undetermined characters in this alignment: 5.94%

RAxML rapid bootstrapping and subsequent ML search

Using 1 distinct models/data partitions with joint branch length optimization



Executing 100 rapid bootstrap inferences and thereafter a thorough ML search 

All free model parameters will be estimated by RAxML
GAMMA model of rate heterogeneity, ML estimate of alpha-parameter

GAMMA Model parameters will be estimated up to an accuracy of 0.1000000000 Log Likelihood units

Partition: 0
Alignment Patterns: 1173
Name: No Name Provided
DataType: DNA
Substitution Matrix: GTR




RAxML was called as follows:

raxmlHPC-PTHREADS-AVX -T 20 -s scratch/aligned/pol/sample.355.fa -p 7555129205 -x 7555129205 -f a -N 100 -m GTRGAMMA -w /gpfs_home/mhowison/code/hiv-profile-sampling/scratch/trees/pol -n sample.355 



Time for BS model parameter optimization 0.043334
Bootstrap[0]: Time 0.578083 seconds, bootstrap likelihood -20233.629100, best rearrangement setting 12
Bootstrap[1]: Time 0.481264 seconds, bootstrap likelihood -20159.690687, best rearrangement setting 7
Bootstrap[2]: Time 0.462424 seconds, bootstrap likelihood -20769.756110, best rearrangement setting 7
Bootstrap[3]: Time 0.436903 seconds, bootstrap likelihood -20229.010152, best rearrangement setting 6
Bootstrap[4]: Time 0.538773 seconds, bootstrap likelihood -20758.006542, best rearrangement setting 7
Bootstrap[5]: Time 0.437224 seconds, bootstrap likelihood -19767.784912, best rearrangement setting 14
Bootstrap[6]: Time 0.428747 seconds, bootstrap likelihood -21449.412264, best rearrangement setting 5
Bootstrap[7]: Time 0.552010 seconds, bootstrap likelihood -20620.883981, best rearrangement setting 14
Bootstrap[8]: Time 0.538996 seconds, bootstrap likelihood -20585.242428, best rearrangement setting 10
Bootstrap[9]: Time 0.478027 seconds, bootstrap likelihood -21349.340464, best rearrangement setting 9
Bootstrap[10]: Time 0.466261 seconds, bootstrap likelihood -20247.634122, best rearrangement setting 14
Bootstrap[11]: Time 0.471929 seconds, bootstrap likelihood -20889.184036, best rearrangement setting 12
Bootstrap[12]: Time 0.451592 seconds, bootstrap likelihood -20742.929858, best rearrangement setting 13
Bootstrap[13]: Time 0.475907 seconds, bootstrap likelihood -19848.984030, best rearrangement setting 12
Bootstrap[14]: Time 0.488156 seconds, bootstrap likelihood -20626.654789, best rearrangement setting 6
Bootstrap[15]: Time 0.423284 seconds, bootstrap likelihood -21371.858080, best rearrangement setting 5
Bootstrap[16]: Time 0.468434 seconds, bootstrap likelihood -21275.928121, best rearrangement setting 5
Bootstrap[17]: Time 0.525784 seconds, bootstrap likelihood -20725.013247, best rearrangement setting 12
Bootstrap[18]: Time 0.428663 seconds, bootstrap likelihood -20677.486456, best rearrangement setting 6
Bootstrap[19]: Time 0.450965 seconds, bootstrap likelihood -21308.749320, best rearrangement setting 12
Bootstrap[20]: Time 0.578346 seconds, bootstrap likelihood -20414.016511, best rearrangement setting 11
Bootstrap[21]: Time 0.465803 seconds, bootstrap likelihood -20237.979046, best rearrangement setting 8
Bootstrap[22]: Time 0.531985 seconds, bootstrap likelihood -20436.297274, best rearrangement setting 13
Bootstrap[23]: Time 0.527300 seconds, bootstrap likelihood -20572.391231, best rearrangement setting 15
Bootstrap[24]: Time 0.514852 seconds, bootstrap likelihood -20088.134082, best rearrangement setting 12
Bootstrap[25]: Time 0.520260 seconds, bootstrap likelihood -20634.889045, best rearrangement setting 8
Bootstrap[26]: Time 0.458501 seconds, bootstrap likelihood -19987.718923, best rearrangement setting 11
Bootstrap[27]: Time 1.499639 seconds, bootstrap likelihood -20688.812127, best rearrangement setting 5
Bootstrap[28]: Time 0.470578 seconds, bootstrap likelihood -20692.639959, best rearrangement setting 8
Bootstrap[29]: Time 0.473582 seconds, bootstrap likelihood -20358.278299, best rearrangement setting 8
Bootstrap[30]: Time 0.544441 seconds, bootstrap likelihood -20170.259484, best rearrangement setting 12
Bootstrap[31]: Time 0.488260 seconds, bootstrap likelihood -20529.811033, best rearrangement setting 13
Bootstrap[32]: Time 0.501643 seconds, bootstrap likelihood -20423.288102, best rearrangement setting 6
Bootstrap[33]: Time 0.546631 seconds, bootstrap likelihood -20206.276814, best rearrangement setting 8
Bootstrap[34]: Time 0.504853 seconds, bootstrap likelihood -20833.828410, best rearrangement setting 12
Bootstrap[35]: Time 0.458675 seconds, bootstrap likelihood -19866.394395, best rearrangement setting 14
Bootstrap[36]: Time 0.552109 seconds, bootstrap likelihood -21034.550299, best rearrangement setting 15
Bootstrap[37]: Time 0.446951 seconds, bootstrap likelihood -20387.054251, best rearrangement setting 14
Bootstrap[38]: Time 0.546320 seconds, bootstrap likelihood -20926.701183, best rearrangement setting 12
Bootstrap[39]: Time 0.448392 seconds, bootstrap likelihood -20811.771935, best rearrangement setting 15
Bootstrap[40]: Time 0.509907 seconds, bootstrap likelihood -20820.582905, best rearrangement setting 8
Bootstrap[41]: Time 0.904449 seconds, bootstrap likelihood -20284.293043, best rearrangement setting 8
Bootstrap[42]: Time 1.285966 seconds, bootstrap likelihood -20887.430690, best rearrangement setting 8
Bootstrap[43]: Time 0.497575 seconds, bootstrap likelihood -20534.637595, best rearrangement setting 15
Bootstrap[44]: Time 0.499930 seconds, bootstrap likelihood -20608.015858, best rearrangement setting 5
Bootstrap[45]: Time 0.494450 seconds, bootstrap likelihood -20634.810164, best rearrangement setting 9
Bootstrap[46]: Time 0.537496 seconds, bootstrap likelihood -20766.752993, best rearrangement setting 11
Bootstrap[47]: Time 0.453242 seconds, bootstrap likelihood -20932.100541, best rearrangement setting 11
Bootstrap[48]: Time 0.579158 seconds, bootstrap likelihood -20485.845709, best rearrangement setting 12
Bootstrap[49]: Time 0.579239 seconds, bootstrap likelihood -20646.101232, best rearrangement setting 8
Bootstrap[50]: Time 0.558106 seconds, bootstrap likelihood -20875.048985, best rearrangement setting 15
Bootstrap[51]: Time 0.610554 seconds, bootstrap likelihood -20505.437077, best rearrangement setting 13
Bootstrap[52]: Time 2.390563 seconds, bootstrap likelihood -20595.229755, best rearrangement setting 10
Bootstrap[53]: Time 0.461608 seconds, bootstrap likelihood -20145.572954, best rearrangement setting 9
Bootstrap[54]: Time 0.439044 seconds, bootstrap likelihood -20916.343236, best rearrangement setting 6
Bootstrap[55]: Time 0.444852 seconds, bootstrap likelihood -20878.519281, best rearrangement setting 12
Bootstrap[56]: Time 0.466305 seconds, bootstrap likelihood -20546.872905, best rearrangement setting 13
Bootstrap[57]: Time 0.440790 seconds, bootstrap likelihood -20228.594284, best rearrangement setting 7
Bootstrap[58]: Time 0.607231 seconds, bootstrap likelihood -20715.227698, best rearrangement setting 11
Bootstrap[59]: Time 0.531290 seconds, bootstrap likelihood -20920.473128, best rearrangement setting 10
Bootstrap[60]: Time 0.587453 seconds, bootstrap likelihood -20460.297111, best rearrangement setting 11
Bootstrap[61]: Time 0.502543 seconds, bootstrap likelihood -20960.579085, best rearrangement setting 9
Bootstrap[62]: Time 0.539212 seconds, bootstrap likelihood -20587.660583, best rearrangement setting 12
Bootstrap[63]: Time 0.565987 seconds, bootstrap likelihood -21008.375084, best rearrangement setting 15
Bootstrap[64]: Time 0.510916 seconds, bootstrap likelihood -20825.382790, best rearrangement setting 6
Bootstrap[65]: Time 0.388809 seconds, bootstrap likelihood -20193.734747, best rearrangement setting 11
Bootstrap[66]: Time 0.524877 seconds, bootstrap likelihood -20815.613774, best rearrangement setting 10
Bootstrap[67]: Time 0.448450 seconds, bootstrap likelihood -21049.174398, best rearrangement setting 6
Bootstrap[68]: Time 0.426669 seconds, bootstrap likelihood -20488.852560, best rearrangement setting 6
Bootstrap[69]: Time 0.465729 seconds, bootstrap likelihood -20538.636380, best rearrangement setting 11
Bootstrap[70]: Time 0.463427 seconds, bootstrap likelihood -20279.903953, best rearrangement setting 5
Bootstrap[71]: Time 0.608764 seconds, bootstrap likelihood -20382.554725, best rearrangement setting 8
Bootstrap[72]: Time 0.546035 seconds, bootstrap likelihood -20365.890210, best rearrangement setting 15
Bootstrap[73]: Time 0.598382 seconds, bootstrap likelihood -19955.263318, best rearrangement setting 14
Bootstrap[74]: Time 0.394281 seconds, bootstrap likelihood -20653.168994, best rearrangement setting 10
Bootstrap[75]: Time 0.487824 seconds, bootstrap likelihood -20977.815033, best rearrangement setting 6
Bootstrap[76]: Time 0.451210 seconds, bootstrap likelihood -21057.976249, best rearrangement setting 6
Bootstrap[77]: Time 0.389421 seconds, bootstrap likelihood -20245.068592, best rearrangement setting 5
Bootstrap[78]: Time 0.506292 seconds, bootstrap likelihood -19950.102028, best rearrangement setting 7
Bootstrap[79]: Time 0.852767 seconds, bootstrap likelihood -20853.826118, best rearrangement setting 5
Bootstrap[80]: Time 0.544837 seconds, bootstrap likelihood -20623.770438, best rearrangement setting 14
Bootstrap[81]: Time 0.451824 seconds, bootstrap likelihood -20606.897918, best rearrangement setting 15
Bootstrap[82]: Time 0.476215 seconds, bootstrap likelihood -20188.605289, best rearrangement setting 9
Bootstrap[83]: Time 2.749687 seconds, bootstrap likelihood -20426.642246, best rearrangement setting 7
Bootstrap[84]: Time 0.455997 seconds, bootstrap likelihood -19977.621876, best rearrangement setting 12
Bootstrap[85]: Time 0.437703 seconds, bootstrap likelihood -20746.400087, best rearrangement setting 5
Bootstrap[86]: Time 0.712150 seconds, bootstrap likelihood -20475.233607, best rearrangement setting 13
Bootstrap[87]: Time 0.498643 seconds, bootstrap likelihood -20893.734401, best rearrangement setting 13
Bootstrap[88]: Time 0.574116 seconds, bootstrap likelihood -20844.205695, best rearrangement setting 8
Bootstrap[89]: Time 0.911333 seconds, bootstrap likelihood -20903.575343, best rearrangement setting 10
Bootstrap[90]: Time 0.556180 seconds, bootstrap likelihood -20777.892095, best rearrangement setting 12
Bootstrap[91]: Time 0.623826 seconds, bootstrap likelihood -20492.215677, best rearrangement setting 11
Bootstrap[92]: Time 0.482919 seconds, bootstrap likelihood -21169.545953, best rearrangement setting 8
Bootstrap[93]: Time 0.522443 seconds, bootstrap likelihood -20976.440576, best rearrangement setting 13
Bootstrap[94]: Time 0.491634 seconds, bootstrap likelihood -20567.996159, best rearrangement setting 10
Bootstrap[95]: Time 0.470356 seconds, bootstrap likelihood -20460.940603, best rearrangement setting 11
Bootstrap[96]: Time 0.439684 seconds, bootstrap likelihood -20947.836536, best rearrangement setting 8
Bootstrap[97]: Time 0.566015 seconds, bootstrap likelihood -20362.776734, best rearrangement setting 15
Bootstrap[98]: Time 0.493705 seconds, bootstrap likelihood -20215.314345, best rearrangement setting 10
Bootstrap[99]: Time 0.528393 seconds, bootstrap likelihood -20932.150743, best rearrangement setting 12


Overall Time for 100 Rapid Bootstraps 57.257420 seconds
Average Time per Rapid Bootstrap 0.572574 seconds

Starting ML Search ...

Fast ML optimization finished

Fast ML search Time: 50.863103 seconds

Slow ML Search 0 Likelihood: -20716.394369
Slow ML Search 1 Likelihood: -20717.133998
Slow ML Search 2 Likelihood: -20717.133998
Slow ML Search 3 Likelihood: -20717.504305
Slow ML Search 4 Likelihood: -20717.506104
Slow ML Search 5 Likelihood: -20717.506105
Slow ML Search 6 Likelihood: -20717.629941
Slow ML Search 7 Likelihood: -20718.002266
Slow ML Search 8 Likelihood: -20718.054689
Slow ML Search 9 Likelihood: -20718.054689
Slow ML optimization finished

Slow ML search Time: 9.383755 seconds
Thorough ML search Time: 1.067650 seconds

Final ML Optimization Likelihood: -20716.394369

Model Information:

Model Parameters of Partition 0, Name: No Name Provided, Type of Data: DNA
alpha: 0.303586
Tree-Length: 1.563228
rate A <-> C: 2.614938
rate A <-> G: 9.489606
rate A <-> T: 1.008703
rate C <-> G: 1.034104
rate C <-> T: 11.756635
rate G <-> T: 1.000000

freq pi(A): 0.390198
freq pi(C): 0.165778
freq pi(G): 0.227365
freq pi(T): 0.216659


ML search took 61.319852 secs or 0.017033 hours

Combined Bootstrap and ML search took 118.577384 secs or 0.032938 hours

Drawing Bootstrap Support Values on best-scoring ML tree ...



Found 1 tree in File /gpfs_home/mhowison/code/hiv-profile-sampling/scratch/trees/pol/RAxML_bestTree.sample.355



Found 1 tree in File /gpfs_home/mhowison/code/hiv-profile-sampling/scratch/trees/pol/RAxML_bestTree.sample.355

Program execution info written to /gpfs_home/mhowison/code/hiv-profile-sampling/scratch/trees/pol/RAxML_info.sample.355
All 100 bootstrapped trees written to: /gpfs_home/mhowison/code/hiv-profile-sampling/scratch/trees/pol/RAxML_bootstrap.sample.355

Best-scoring ML tree written to: /gpfs_home/mhowison/code/hiv-profile-sampling/scratch/trees/pol/RAxML_bestTree.sample.355

Best-scoring ML tree with support values written to: /gpfs_home/mhowison/code/hiv-profile-sampling/scratch/trees/pol/RAxML_bipartitions.sample.355

Best-scoring ML tree with support values as branch labels written to: /gpfs_home/mhowison/code/hiv-profile-sampling/scratch/trees/pol/RAxML_bipartitionsBranchLabels.sample.355

Overall execution time for full ML analysis: 118.580672 secs or 0.032939 hours or 0.001372 days

