srun: job 262181 queued and waiting for resources
srun: job 262181 has been allocated resources
Warning, you specified a working directory via "-w"
Keep in mind that RAxML only accepts absolute path names, not relative ones!

RAxML can't, parse the alignment file as phylip file 
it will now try to parse it as FASTA file



Using BFGS method to optimize GTR rate parameters, to disable this specify "--no-bfgs" 


This is the RAxML Master Pthread

This is RAxML Worker Pthread Number: 4

This is RAxML Worker Pthread Number: 7

This is RAxML Worker Pthread Number: 6

This is RAxML Worker Pthread Number: 5

This is RAxML Worker Pthread Number: 1

This is RAxML Worker Pthread Number: 2

This is RAxML Worker Pthread Number: 3

This is RAxML Worker Pthread Number: 8

This is RAxML Worker Pthread Number: 10

This is RAxML Worker Pthread Number: 11

This is RAxML Worker Pthread Number: 12

This is RAxML Worker Pthread Number: 9

This is RAxML Worker Pthread Number: 13

This is RAxML Worker Pthread Number: 15

This is RAxML Worker Pthread Number: 16

This is RAxML Worker Pthread Number: 14

This is RAxML Worker Pthread Number: 17

This is RAxML Worker Pthread Number: 19

This is RAxML Worker Pthread Number: 18


This is RAxML version 8.2.12 released by Alexandros Stamatakis on May 2018.

With greatly appreciated code contributions by:
Andre Aberer      (HITS)
Simon Berger      (HITS)
Alexey Kozlov     (HITS)
Kassian Kobert    (HITS)
David Dao         (KIT and HITS)
Sarah Lutteropp   (KIT and HITS)
Nick Pattengale   (Sandia)
Wayne Pfeiffer    (SDSC)
Akifumi S. Tanabe (NRIFS)
Charlie Taylor    (UF)


Alignment has 1168 distinct alignment patterns

Proportion of gaps and completely undetermined characters in this alignment: 5.95%

RAxML rapid bootstrapping and subsequent ML search

Using 1 distinct models/data partitions with joint branch length optimization



Executing 100 rapid bootstrap inferences and thereafter a thorough ML search 

All free model parameters will be estimated by RAxML
GAMMA model of rate heterogeneity, ML estimate of alpha-parameter

GAMMA Model parameters will be estimated up to an accuracy of 0.1000000000 Log Likelihood units

Partition: 0
Alignment Patterns: 1168
Name: No Name Provided
DataType: DNA
Substitution Matrix: GTR




RAxML was called as follows:

raxmlHPC-PTHREADS-AVX -T 20 -s scratch/aligned/pol/sample.390.fa -p 5370120264 -x 5370120264 -f a -N 100 -m GTRGAMMA -w /gpfs_home/mhowison/code/hiv-profile-sampling/scratch/trees/pol -n sample.390 



Time for BS model parameter optimization 0.051108
Bootstrap[0]: Time 0.651369 seconds, bootstrap likelihood -20093.473212, best rearrangement setting 6
Bootstrap[1]: Time 0.562167 seconds, bootstrap likelihood -20750.726227, best rearrangement setting 8
Bootstrap[2]: Time 0.472849 seconds, bootstrap likelihood -20701.111459, best rearrangement setting 7
Bootstrap[3]: Time 0.513044 seconds, bootstrap likelihood -20683.085403, best rearrangement setting 12
Bootstrap[4]: Time 0.501908 seconds, bootstrap likelihood -21110.273641, best rearrangement setting 6
Bootstrap[5]: Time 0.615149 seconds, bootstrap likelihood -20214.527714, best rearrangement setting 15
Bootstrap[6]: Time 0.589895 seconds, bootstrap likelihood -20532.407063, best rearrangement setting 11
Bootstrap[7]: Time 0.507765 seconds, bootstrap likelihood -20335.638215, best rearrangement setting 5
Bootstrap[8]: Time 2.459555 seconds, bootstrap likelihood -20187.696008, best rearrangement setting 11
Bootstrap[9]: Time 4.606341 seconds, bootstrap likelihood -20809.762383, best rearrangement setting 8
Bootstrap[10]: Time 0.696883 seconds, bootstrap likelihood -19612.043295, best rearrangement setting 10
Bootstrap[11]: Time 0.571081 seconds, bootstrap likelihood -20919.796626, best rearrangement setting 14
Bootstrap[12]: Time 0.484051 seconds, bootstrap likelihood -20692.674536, best rearrangement setting 6
Bootstrap[13]: Time 0.592484 seconds, bootstrap likelihood -20764.293412, best rearrangement setting 15
Bootstrap[14]: Time 0.512631 seconds, bootstrap likelihood -20241.630214, best rearrangement setting 5
Bootstrap[15]: Time 0.539749 seconds, bootstrap likelihood -20163.850739, best rearrangement setting 13
Bootstrap[16]: Time 0.546500 seconds, bootstrap likelihood -20612.938440, best rearrangement setting 14
Bootstrap[17]: Time 0.476707 seconds, bootstrap likelihood -20775.470545, best rearrangement setting 5
Bootstrap[18]: Time 0.533421 seconds, bootstrap likelihood -20561.486589, best rearrangement setting 11
Bootstrap[19]: Time 0.592777 seconds, bootstrap likelihood -20242.102498, best rearrangement setting 11
Bootstrap[20]: Time 0.624341 seconds, bootstrap likelihood -20708.383162, best rearrangement setting 10
Bootstrap[21]: Time 0.572586 seconds, bootstrap likelihood -20583.635832, best rearrangement setting 13
Bootstrap[22]: Time 0.562977 seconds, bootstrap likelihood -19898.907235, best rearrangement setting 6
Bootstrap[23]: Time 0.620723 seconds, bootstrap likelihood -19416.898346, best rearrangement setting 11
Bootstrap[24]: Time 0.721906 seconds, bootstrap likelihood -20523.788077, best rearrangement setting 8
Bootstrap[25]: Time 0.587766 seconds, bootstrap likelihood -20264.276160, best rearrangement setting 8
Bootstrap[26]: Time 0.576735 seconds, bootstrap likelihood -19897.431900, best rearrangement setting 15
Bootstrap[27]: Time 0.577751 seconds, bootstrap likelihood -20354.732698, best rearrangement setting 13
Bootstrap[28]: Time 0.561916 seconds, bootstrap likelihood -20537.311754, best rearrangement setting 10
Bootstrap[29]: Time 0.709477 seconds, bootstrap likelihood -21005.263342, best rearrangement setting 12
Bootstrap[30]: Time 0.624818 seconds, bootstrap likelihood -20432.235954, best rearrangement setting 13
Bootstrap[31]: Time 0.489190 seconds, bootstrap likelihood -20011.733416, best rearrangement setting 6
Bootstrap[32]: Time 0.549575 seconds, bootstrap likelihood -20353.861892, best rearrangement setting 13
Bootstrap[33]: Time 0.543107 seconds, bootstrap likelihood -20302.763522, best rearrangement setting 8
Bootstrap[34]: Time 0.489559 seconds, bootstrap likelihood -20620.420582, best rearrangement setting 6
Bootstrap[35]: Time 0.473055 seconds, bootstrap likelihood -20803.148789, best rearrangement setting 5
Bootstrap[36]: Time 1.127531 seconds, bootstrap likelihood -20786.992092, best rearrangement setting 10
Bootstrap[37]: Time 0.704004 seconds, bootstrap likelihood -20657.037406, best rearrangement setting 11
Bootstrap[38]: Time 0.493276 seconds, bootstrap likelihood -20485.979973, best rearrangement setting 5
Bootstrap[39]: Time 0.589490 seconds, bootstrap likelihood -19545.777566, best rearrangement setting 8
Bootstrap[40]: Time 2.199226 seconds, bootstrap likelihood -20338.744026, best rearrangement setting 7
Bootstrap[41]: Time 0.673529 seconds, bootstrap likelihood -20389.336568, best rearrangement setting 14
Bootstrap[42]: Time 0.627358 seconds, bootstrap likelihood -20419.648892, best rearrangement setting 12
Bootstrap[43]: Time 0.578838 seconds, bootstrap likelihood -21443.958924, best rearrangement setting 14
Bootstrap[44]: Time 0.645197 seconds, bootstrap likelihood -20460.825335, best rearrangement setting 8
Bootstrap[45]: Time 0.580217 seconds, bootstrap likelihood -20741.007969, best rearrangement setting 10
Bootstrap[46]: Time 12.955685 seconds, bootstrap likelihood -20657.007207, best rearrangement setting 9
Bootstrap[47]: Time 0.576630 seconds, bootstrap likelihood -19718.561385, best rearrangement setting 8
Bootstrap[48]: Time 3.447867 seconds, bootstrap likelihood -20283.357920, best rearrangement setting 14
Bootstrap[49]: Time 0.655137 seconds, bootstrap likelihood -20291.362286, best rearrangement setting 9
Bootstrap[50]: Time 0.560309 seconds, bootstrap likelihood -20874.303875, best rearrangement setting 13
Bootstrap[51]: Time 0.533865 seconds, bootstrap likelihood -20082.310218, best rearrangement setting 12
Bootstrap[52]: Time 0.480985 seconds, bootstrap likelihood -19918.934444, best rearrangement setting 11
Bootstrap[53]: Time 0.462250 seconds, bootstrap likelihood -21446.435666, best rearrangement setting 5
Bootstrap[54]: Time 0.643215 seconds, bootstrap likelihood -20536.688200, best rearrangement setting 14
Bootstrap[55]: Time 0.644736 seconds, bootstrap likelihood -20539.809885, best rearrangement setting 13
Bootstrap[56]: Time 0.526304 seconds, bootstrap likelihood -19711.375042, best rearrangement setting 13
Bootstrap[57]: Time 0.510107 seconds, bootstrap likelihood -20439.611413, best rearrangement setting 5
Bootstrap[58]: Time 0.584093 seconds, bootstrap likelihood -19916.501851, best rearrangement setting 8
Bootstrap[59]: Time 0.731476 seconds, bootstrap likelihood -19893.365078, best rearrangement setting 15
Bootstrap[60]: Time 1.615403 seconds, bootstrap likelihood -20447.524773, best rearrangement setting 5
Bootstrap[61]: Time 0.539109 seconds, bootstrap likelihood -19976.504682, best rearrangement setting 14
Bootstrap[62]: Time 0.619199 seconds, bootstrap likelihood -19644.870464, best rearrangement setting 8
Bootstrap[63]: Time 0.830778 seconds, bootstrap likelihood -20496.473901, best rearrangement setting 5
Bootstrap[64]: Time 1.975091 seconds, bootstrap likelihood -19779.259962, best rearrangement setting 14
Bootstrap[65]: Time 0.575613 seconds, bootstrap likelihood -20166.432076, best rearrangement setting 9
Bootstrap[66]: Time 0.593049 seconds, bootstrap likelihood -20394.377176, best rearrangement setting 8
Bootstrap[67]: Time 1.678643 seconds, bootstrap likelihood -19896.980415, best rearrangement setting 15
Bootstrap[68]: Time 0.701954 seconds, bootstrap likelihood -20579.133226, best rearrangement setting 11
Bootstrap[69]: Time 4.657464 seconds, bootstrap likelihood -20452.297860, best rearrangement setting 11
Bootstrap[70]: Time 0.569517 seconds, bootstrap likelihood -20220.667320, best rearrangement setting 6
Bootstrap[71]: Time 2.654065 seconds, bootstrap likelihood -20720.394640, best rearrangement setting 14
Bootstrap[72]: Time 0.578310 seconds, bootstrap likelihood -20509.932843, best rearrangement setting 8
Bootstrap[73]: Time 0.516979 seconds, bootstrap likelihood -20270.050001, best rearrangement setting 5
Bootstrap[74]: Time 0.518236 seconds, bootstrap likelihood -20386.763210, best rearrangement setting 6
Bootstrap[75]: Time 0.553518 seconds, bootstrap likelihood -20111.732145, best rearrangement setting 9
Bootstrap[76]: Time 0.463615 seconds, bootstrap likelihood -20442.119958, best rearrangement setting 5
Bootstrap[77]: Time 0.555111 seconds, bootstrap likelihood -21284.899576, best rearrangement setting 5
Bootstrap[78]: Time 0.647516 seconds, bootstrap likelihood -20547.509115, best rearrangement setting 8
Bootstrap[79]: Time 0.695720 seconds, bootstrap likelihood -19756.407223, best rearrangement setting 13
Bootstrap[80]: Time 45.650520 seconds, bootstrap likelihood -19255.674418, best rearrangement setting 5
Bootstrap[81]: Time 6.222396 seconds, bootstrap likelihood -20267.283387, best rearrangement setting 11
Bootstrap[82]: Time 0.562634 seconds, bootstrap likelihood -20789.660683, best rearrangement setting 7
Bootstrap[83]: Time 0.491990 seconds, bootstrap likelihood -21169.770880, best rearrangement setting 15
Bootstrap[84]: Time 1.510552 seconds, bootstrap likelihood -20314.969888, best rearrangement setting 6
Bootstrap[85]: Time 0.546765 seconds, bootstrap likelihood -20523.142881, best rearrangement setting 5
Bootstrap[86]: Time 0.610980 seconds, bootstrap likelihood -20182.154723, best rearrangement setting 8
Bootstrap[87]: Time 0.661556 seconds, bootstrap likelihood -19941.700755, best rearrangement setting 14
Bootstrap[88]: Time 0.722345 seconds, bootstrap likelihood -20690.733945, best rearrangement setting 14
Bootstrap[89]: Time 0.527195 seconds, bootstrap likelihood -20363.586885, best rearrangement setting 5
Bootstrap[90]: Time 0.605293 seconds, bootstrap likelihood -20052.488093, best rearrangement setting 11
Bootstrap[91]: Time 0.588572 seconds, bootstrap likelihood -20010.929962, best rearrangement setting 11
Bootstrap[92]: Time 0.468803 seconds, bootstrap likelihood -20782.522842, best rearrangement setting 5
Bootstrap[93]: Time 0.535041 seconds, bootstrap likelihood -19994.103286, best rearrangement setting 11
Bootstrap[94]: Time 0.519703 seconds, bootstrap likelihood -19983.302360, best rearrangement setting 9
Bootstrap[95]: Time 0.600544 seconds, bootstrap likelihood -20485.927798, best rearrangement setting 5
Bootstrap[96]: Time 0.561498 seconds, bootstrap likelihood -20627.304475, best rearrangement setting 11
Bootstrap[97]: Time 0.630390 seconds, bootstrap likelihood -20662.208497, best rearrangement setting 15
Bootstrap[98]: Time 0.559744 seconds, bootstrap likelihood -20211.197002, best rearrangement setting 6
Bootstrap[99]: Time 0.590606 seconds, bootstrap likelihood -19831.106670, best rearrangement setting 11


Overall Time for 100 Rapid Bootstraps 142.675235 seconds
Average Time per Rapid Bootstrap 1.426752 seconds

Starting ML Search ...

Fast ML optimization finished

Fast ML search Time: 299.652511 seconds

Slow ML Search 0 Likelihood: -20506.657128
Slow ML Search 1 Likelihood: -20506.657128
Slow ML Search 2 Likelihood: -20507.701958
Slow ML Search 3 Likelihood: -20508.482439
Slow ML Search 4 Likelihood: -20508.570512
Slow ML Search 5 Likelihood: -20508.570512
Slow ML Search 6 Likelihood: -20508.570512
Slow ML Search 7 Likelihood: -20508.883422
Slow ML Search 8 Likelihood: -20509.034824
Slow ML Search 9 Likelihood: -20509.921692
Slow ML optimization finished

Slow ML search Time: 34.721906 seconds
Thorough ML search Time: 8.259211 seconds

Final ML Optimization Likelihood: -20506.656928

Model Information:

Model Parameters of Partition 0, Name: No Name Provided, Type of Data: DNA
alpha: 0.295656
Tree-Length: 1.579484
rate A <-> C: 2.507940
rate A <-> G: 9.363735
rate A <-> T: 0.951314
rate C <-> G: 0.978743
rate C <-> T: 11.967527
rate G <-> T: 1.000000

freq pi(A): 0.390050
freq pi(C): 0.166107
freq pi(G): 0.227404
freq pi(T): 0.216439


ML search took 342.640481 secs or 0.095178 hours

Combined Bootstrap and ML search took 485.315868 secs or 0.134810 hours

Drawing Bootstrap Support Values on best-scoring ML tree ...



Found 1 tree in File /gpfs_home/mhowison/code/hiv-profile-sampling/scratch/trees/pol/RAxML_bestTree.sample.390



Found 1 tree in File /gpfs_home/mhowison/code/hiv-profile-sampling/scratch/trees/pol/RAxML_bestTree.sample.390

Program execution info written to /gpfs_home/mhowison/code/hiv-profile-sampling/scratch/trees/pol/RAxML_info.sample.390
All 100 bootstrapped trees written to: /gpfs_home/mhowison/code/hiv-profile-sampling/scratch/trees/pol/RAxML_bootstrap.sample.390

Best-scoring ML tree written to: /gpfs_home/mhowison/code/hiv-profile-sampling/scratch/trees/pol/RAxML_bestTree.sample.390

Best-scoring ML tree with support values written to: /gpfs_home/mhowison/code/hiv-profile-sampling/scratch/trees/pol/RAxML_bipartitions.sample.390

Best-scoring ML tree with support values as branch labels written to: /gpfs_home/mhowison/code/hiv-profile-sampling/scratch/trees/pol/RAxML_bipartitionsBranchLabels.sample.390

Overall execution time for full ML analysis: 485.319952 secs or 0.134811 hours or 0.005617 days

