srun: job 262372 queued and waiting for resources
srun: job 262372 has been allocated resources
Warning, you specified a working directory via "-w"
Keep in mind that RAxML only accepts absolute path names, not relative ones!

RAxML can't, parse the alignment file as phylip file 
it will now try to parse it as FASTA file



Using BFGS method to optimize GTR rate parameters, to disable this specify "--no-bfgs" 


This is the RAxML Master Pthread

This is RAxML Worker Pthread Number: 2

This is RAxML Worker Pthread Number: 4

This is RAxML Worker Pthread Number: 5

This is RAxML Worker Pthread Number: 1

This is RAxML Worker Pthread Number: 3

This is RAxML Worker Pthread Number: 6

This is RAxML Worker Pthread Number: 7

This is RAxML Worker Pthread Number: 8

This is RAxML Worker Pthread Number: 9

This is RAxML Worker Pthread Number: 10

This is RAxML Worker Pthread Number: 11

This is RAxML Worker Pthread Number: 12

This is RAxML Worker Pthread Number: 13

This is RAxML Worker Pthread Number: 14

This is RAxML Worker Pthread Number: 16

This is RAxML Worker Pthread Number: 15

This is RAxML Worker Pthread Number: 18

This is RAxML Worker Pthread Number: 19

This is RAxML Worker Pthread Number: 17


This is RAxML version 8.2.12 released by Alexandros Stamatakis on May 2018.

With greatly appreciated code contributions by:
Andre Aberer      (HITS)
Simon Berger      (HITS)
Alexey Kozlov     (HITS)
Kassian Kobert    (HITS)
David Dao         (KIT and HITS)
Sarah Lutteropp   (KIT and HITS)
Nick Pattengale   (Sandia)
Wayne Pfeiffer    (SDSC)
Akifumi S. Tanabe (NRIFS)
Charlie Taylor    (UF)


Alignment has 1172 distinct alignment patterns

Proportion of gaps and completely undetermined characters in this alignment: 5.93%

RAxML rapid bootstrapping and subsequent ML search

Using 1 distinct models/data partitions with joint branch length optimization



Executing 100 rapid bootstrap inferences and thereafter a thorough ML search 

All free model parameters will be estimated by RAxML
GAMMA model of rate heterogeneity, ML estimate of alpha-parameter

GAMMA Model parameters will be estimated up to an accuracy of 0.1000000000 Log Likelihood units

Partition: 0
Alignment Patterns: 1172
Name: No Name Provided
DataType: DNA
Substitution Matrix: GTR




RAxML was called as follows:

raxmlHPC-PTHREADS-AVX -T 20 -s scratch/aligned/pol/sample.464.fa -p 8182881059 -x 8182881059 -f a -N 100 -m GTRGAMMA -w /gpfs_home/mhowison/code/hiv-profile-sampling/scratch/trees/pol -n sample.464 



Time for BS model parameter optimization 0.051658
Bootstrap[0]: Time 0.711059 seconds, bootstrap likelihood -20255.075915, best rearrangement setting 9
Bootstrap[1]: Time 0.555179 seconds, bootstrap likelihood -20239.075175, best rearrangement setting 15
Bootstrap[2]: Time 0.591852 seconds, bootstrap likelihood -19924.780366, best rearrangement setting 12
Bootstrap[3]: Time 0.515291 seconds, bootstrap likelihood -20820.377618, best rearrangement setting 10
Bootstrap[4]: Time 0.436785 seconds, bootstrap likelihood -20277.536776, best rearrangement setting 6
Bootstrap[5]: Time 0.507391 seconds, bootstrap likelihood -21572.353834, best rearrangement setting 14
Bootstrap[6]: Time 0.541475 seconds, bootstrap likelihood -20349.502158, best rearrangement setting 6
Bootstrap[7]: Time 0.526124 seconds, bootstrap likelihood -20770.766918, best rearrangement setting 6
Bootstrap[8]: Time 0.511431 seconds, bootstrap likelihood -20676.240769, best rearrangement setting 12
Bootstrap[9]: Time 0.604456 seconds, bootstrap likelihood -20974.545435, best rearrangement setting 13
Bootstrap[10]: Time 0.517766 seconds, bootstrap likelihood -20542.147881, best rearrangement setting 14
Bootstrap[11]: Time 0.595507 seconds, bootstrap likelihood -20721.144505, best rearrangement setting 14
Bootstrap[12]: Time 0.548408 seconds, bootstrap likelihood -20567.849298, best rearrangement setting 15
Bootstrap[13]: Time 0.482193 seconds, bootstrap likelihood -20905.724768, best rearrangement setting 15
Bootstrap[14]: Time 0.477753 seconds, bootstrap likelihood -20847.304930, best rearrangement setting 10
Bootstrap[15]: Time 0.518446 seconds, bootstrap likelihood -20668.586701, best rearrangement setting 7
Bootstrap[16]: Time 0.559499 seconds, bootstrap likelihood -20486.856469, best rearrangement setting 13
Bootstrap[17]: Time 0.538600 seconds, bootstrap likelihood -20559.873485, best rearrangement setting 10
Bootstrap[18]: Time 0.421418 seconds, bootstrap likelihood -21671.706736, best rearrangement setting 8
Bootstrap[19]: Time 0.538535 seconds, bootstrap likelihood -20717.126422, best rearrangement setting 12
Bootstrap[20]: Time 0.499049 seconds, bootstrap likelihood -21042.429426, best rearrangement setting 8
Bootstrap[21]: Time 0.505702 seconds, bootstrap likelihood -21321.471582, best rearrangement setting 8
Bootstrap[22]: Time 0.543041 seconds, bootstrap likelihood -20427.046120, best rearrangement setting 13
Bootstrap[23]: Time 0.550481 seconds, bootstrap likelihood -20040.158723, best rearrangement setting 9
Bootstrap[24]: Time 0.550720 seconds, bootstrap likelihood -21087.276997, best rearrangement setting 14
Bootstrap[25]: Time 0.477051 seconds, bootstrap likelihood -20859.682193, best rearrangement setting 7
Bootstrap[26]: Time 0.619070 seconds, bootstrap likelihood -20493.335866, best rearrangement setting 5
Bootstrap[27]: Time 1.180555 seconds, bootstrap likelihood -20404.199965, best rearrangement setting 15
Bootstrap[28]: Time 0.526535 seconds, bootstrap likelihood -21135.260945, best rearrangement setting 8
Bootstrap[29]: Time 0.577095 seconds, bootstrap likelihood -21018.870834, best rearrangement setting 10
Bootstrap[30]: Time 0.598185 seconds, bootstrap likelihood -20374.352806, best rearrangement setting 14
Bootstrap[31]: Time 0.552496 seconds, bootstrap likelihood -20257.651254, best rearrangement setting 11
Bootstrap[32]: Time 0.495463 seconds, bootstrap likelihood -20376.204242, best rearrangement setting 15
Bootstrap[33]: Time 0.534270 seconds, bootstrap likelihood -20042.354444, best rearrangement setting 13
Bootstrap[34]: Time 0.496662 seconds, bootstrap likelihood -20080.389447, best rearrangement setting 14
Bootstrap[35]: Time 0.539178 seconds, bootstrap likelihood -21878.209449, best rearrangement setting 11
Bootstrap[36]: Time 0.505530 seconds, bootstrap likelihood -20614.226776, best rearrangement setting 13
Bootstrap[37]: Time 0.534072 seconds, bootstrap likelihood -21151.806103, best rearrangement setting 11
Bootstrap[38]: Time 0.456452 seconds, bootstrap likelihood -20302.059692, best rearrangement setting 5
Bootstrap[39]: Time 0.504593 seconds, bootstrap likelihood -20934.010344, best rearrangement setting 11
Bootstrap[40]: Time 0.553591 seconds, bootstrap likelihood -20821.729301, best rearrangement setting 15
Bootstrap[41]: Time 0.442784 seconds, bootstrap likelihood -20522.924569, best rearrangement setting 6
Bootstrap[42]: Time 0.557616 seconds, bootstrap likelihood -21320.009904, best rearrangement setting 10
Bootstrap[43]: Time 0.480108 seconds, bootstrap likelihood -21245.160752, best rearrangement setting 12
Bootstrap[44]: Time 0.454316 seconds, bootstrap likelihood -20716.370912, best rearrangement setting 10
Bootstrap[45]: Time 0.461840 seconds, bootstrap likelihood -20978.154618, best rearrangement setting 12
Bootstrap[46]: Time 0.517583 seconds, bootstrap likelihood -20895.196988, best rearrangement setting 12
Bootstrap[47]: Time 0.489066 seconds, bootstrap likelihood -19887.641662, best rearrangement setting 7
Bootstrap[48]: Time 0.572777 seconds, bootstrap likelihood -20605.696294, best rearrangement setting 15
Bootstrap[49]: Time 0.468569 seconds, bootstrap likelihood -20054.306566, best rearrangement setting 9
Bootstrap[50]: Time 0.516200 seconds, bootstrap likelihood -20878.890317, best rearrangement setting 14
Bootstrap[51]: Time 0.521442 seconds, bootstrap likelihood -20862.542910, best rearrangement setting 10
Bootstrap[52]: Time 0.581666 seconds, bootstrap likelihood -20005.368712, best rearrangement setting 15
Bootstrap[53]: Time 0.573176 seconds, bootstrap likelihood -20781.766664, best rearrangement setting 14
Bootstrap[54]: Time 0.727423 seconds, bootstrap likelihood -20143.233783, best rearrangement setting 12
Bootstrap[55]: Time 0.469107 seconds, bootstrap likelihood -20521.070026, best rearrangement setting 7
Bootstrap[56]: Time 0.437005 seconds, bootstrap likelihood -20745.990684, best rearrangement setting 13
Bootstrap[57]: Time 0.554404 seconds, bootstrap likelihood -20883.812808, best rearrangement setting 8
Bootstrap[58]: Time 0.469174 seconds, bootstrap likelihood -20099.314876, best rearrangement setting 12
Bootstrap[59]: Time 0.496402 seconds, bootstrap likelihood -21599.423851, best rearrangement setting 12
Bootstrap[60]: Time 0.518090 seconds, bootstrap likelihood -20117.779157, best rearrangement setting 10
Bootstrap[61]: Time 0.425555 seconds, bootstrap likelihood -20690.652971, best rearrangement setting 9
Bootstrap[62]: Time 0.568786 seconds, bootstrap likelihood -20843.262626, best rearrangement setting 8
Bootstrap[63]: Time 0.695974 seconds, bootstrap likelihood -20180.197392, best rearrangement setting 9
Bootstrap[64]: Time 0.468836 seconds, bootstrap likelihood -20763.492010, best rearrangement setting 8
Bootstrap[65]: Time 0.575894 seconds, bootstrap likelihood -21285.478886, best rearrangement setting 15
Bootstrap[66]: Time 0.525565 seconds, bootstrap likelihood -20474.783259, best rearrangement setting 14
Bootstrap[67]: Time 0.591532 seconds, bootstrap likelihood -20378.657950, best rearrangement setting 9
Bootstrap[68]: Time 0.501102 seconds, bootstrap likelihood -21411.578320, best rearrangement setting 14
Bootstrap[69]: Time 0.501616 seconds, bootstrap likelihood -20614.036944, best rearrangement setting 9
Bootstrap[70]: Time 0.494332 seconds, bootstrap likelihood -20840.135892, best rearrangement setting 11
Bootstrap[71]: Time 0.443129 seconds, bootstrap likelihood -20767.823289, best rearrangement setting 7
Bootstrap[72]: Time 0.416276 seconds, bootstrap likelihood -19631.053134, best rearrangement setting 5
Bootstrap[73]: Time 0.518398 seconds, bootstrap likelihood -20476.505715, best rearrangement setting 13
Bootstrap[74]: Time 0.469571 seconds, bootstrap likelihood -20654.022110, best rearrangement setting 6
Bootstrap[75]: Time 0.588192 seconds, bootstrap likelihood -20816.281714, best rearrangement setting 12
Bootstrap[76]: Time 0.451092 seconds, bootstrap likelihood -21382.261046, best rearrangement setting 13
Bootstrap[77]: Time 0.444928 seconds, bootstrap likelihood -20463.149667, best rearrangement setting 5
Bootstrap[78]: Time 0.498757 seconds, bootstrap likelihood -20167.765965, best rearrangement setting 9
Bootstrap[79]: Time 0.479620 seconds, bootstrap likelihood -20604.355596, best rearrangement setting 13
Bootstrap[80]: Time 0.465381 seconds, bootstrap likelihood -20708.048070, best rearrangement setting 5
Bootstrap[81]: Time 0.499263 seconds, bootstrap likelihood -20433.123394, best rearrangement setting 12
Bootstrap[82]: Time 0.583697 seconds, bootstrap likelihood -20388.371907, best rearrangement setting 10
Bootstrap[83]: Time 1.191306 seconds, bootstrap likelihood -19700.019627, best rearrangement setting 13
Bootstrap[84]: Time 0.570342 seconds, bootstrap likelihood -21161.238885, best rearrangement setting 14
Bootstrap[85]: Time 0.641607 seconds, bootstrap likelihood -20890.049931, best rearrangement setting 10
Bootstrap[86]: Time 0.549143 seconds, bootstrap likelihood -20113.937305, best rearrangement setting 8
Bootstrap[87]: Time 0.571554 seconds, bootstrap likelihood -20695.914362, best rearrangement setting 10
Bootstrap[88]: Time 0.555156 seconds, bootstrap likelihood -20865.915887, best rearrangement setting 7
Bootstrap[89]: Time 0.561603 seconds, bootstrap likelihood -20118.702856, best rearrangement setting 10
Bootstrap[90]: Time 0.513429 seconds, bootstrap likelihood -20071.128406, best rearrangement setting 8
Bootstrap[91]: Time 0.511374 seconds, bootstrap likelihood -20527.040599, best rearrangement setting 13
Bootstrap[92]: Time 0.573962 seconds, bootstrap likelihood -20525.622592, best rearrangement setting 13
Bootstrap[93]: Time 0.442355 seconds, bootstrap likelihood -21506.717718, best rearrangement setting 5
Bootstrap[94]: Time 0.470772 seconds, bootstrap likelihood -20597.662956, best rearrangement setting 6
Bootstrap[95]: Time 0.472817 seconds, bootstrap likelihood -20679.480788, best rearrangement setting 12
Bootstrap[96]: Time 0.490606 seconds, bootstrap likelihood -20787.739070, best rearrangement setting 5
Bootstrap[97]: Time 0.584221 seconds, bootstrap likelihood -20302.091876, best rearrangement setting 15
Bootstrap[98]: Time 0.607932 seconds, bootstrap likelihood -20017.490531, best rearrangement setting 12
Bootstrap[99]: Time 0.533691 seconds, bootstrap likelihood -20636.435733, best rearrangement setting 15


Overall Time for 100 Rapid Bootstraps 53.905509 seconds
Average Time per Rapid Bootstrap 0.539055 seconds

Starting ML Search ...

Fast ML optimization finished

Fast ML search Time: 55.449509 seconds

Slow ML Search 0 Likelihood: -20682.356062
Slow ML Search 1 Likelihood: -20682.356063
Slow ML Search 2 Likelihood: -20682.356062
Slow ML Search 3 Likelihood: -20683.355062
Slow ML Search 4 Likelihood: -20683.355061
Slow ML Search 5 Likelihood: -20683.887055
Slow ML Search 6 Likelihood: -20684.121154
Slow ML Search 7 Likelihood: -20684.121155
Slow ML Search 8 Likelihood: -20685.028488
Slow ML Search 9 Likelihood: -20685.028489
Slow ML optimization finished

Slow ML search Time: 8.708767 seconds
Thorough ML search Time: 1.150353 seconds

Final ML Optimization Likelihood: -20682.356062

Model Information:

Model Parameters of Partition 0, Name: No Name Provided, Type of Data: DNA
alpha: 0.301165
Tree-Length: 1.617105
rate A <-> C: 2.489543
rate A <-> G: 8.870134
rate A <-> T: 0.943893
rate C <-> G: 0.944085
rate C <-> T: 11.388799
rate G <-> T: 1.000000

freq pi(A): 0.389993
freq pi(C): 0.166050
freq pi(G): 0.227517
freq pi(T): 0.216440


ML search took 65.316045 secs or 0.018143 hours

Combined Bootstrap and ML search took 119.221691 secs or 0.033117 hours

Drawing Bootstrap Support Values on best-scoring ML tree ...



Found 1 tree in File /gpfs_home/mhowison/code/hiv-profile-sampling/scratch/trees/pol/RAxML_bestTree.sample.464



Found 1 tree in File /gpfs_home/mhowison/code/hiv-profile-sampling/scratch/trees/pol/RAxML_bestTree.sample.464

Program execution info written to /gpfs_home/mhowison/code/hiv-profile-sampling/scratch/trees/pol/RAxML_info.sample.464
All 100 bootstrapped trees written to: /gpfs_home/mhowison/code/hiv-profile-sampling/scratch/trees/pol/RAxML_bootstrap.sample.464

Best-scoring ML tree written to: /gpfs_home/mhowison/code/hiv-profile-sampling/scratch/trees/pol/RAxML_bestTree.sample.464

Best-scoring ML tree with support values written to: /gpfs_home/mhowison/code/hiv-profile-sampling/scratch/trees/pol/RAxML_bipartitions.sample.464

Best-scoring ML tree with support values as branch labels written to: /gpfs_home/mhowison/code/hiv-profile-sampling/scratch/trees/pol/RAxML_bipartitionsBranchLabels.sample.464

Overall execution time for full ML analysis: 119.226489 secs or 0.033118 hours or 0.001380 days

