srun: job 261586 queued and waiting for resources
srun: job 261586 has been allocated resources
Warning, you specified a working directory via "-w"
Keep in mind that RAxML only accepts absolute path names, not relative ones!

RAxML can't, parse the alignment file as phylip file 
it will now try to parse it as FASTA file



Using BFGS method to optimize GTR rate parameters, to disable this specify "--no-bfgs" 


This is the RAxML Master Pthread

This is RAxML Worker Pthread Number: 1

This is RAxML Worker Pthread Number: 3

This is RAxML Worker Pthread Number: 5

This is RAxML Worker Pthread Number: 2

This is RAxML Worker Pthread Number: 4

This is RAxML Worker Pthread Number: 6

This is RAxML Worker Pthread Number: 8

This is RAxML Worker Pthread Number: 7

This is RAxML Worker Pthread Number: 9

This is RAxML Worker Pthread Number: 10

This is RAxML Worker Pthread Number: 11

This is RAxML Worker Pthread Number: 13

This is RAxML Worker Pthread Number: 12

This is RAxML Worker Pthread Number: 14

This is RAxML Worker Pthread Number: 15

This is RAxML Worker Pthread Number: 16

This is RAxML Worker Pthread Number: 18

This is RAxML Worker Pthread Number: 17

This is RAxML Worker Pthread Number: 19


This is RAxML version 8.2.12 released by Alexandros Stamatakis on May 2018.

With greatly appreciated code contributions by:
Andre Aberer      (HITS)
Simon Berger      (HITS)
Alexey Kozlov     (HITS)
Kassian Kobert    (HITS)
David Dao         (KIT and HITS)
Sarah Lutteropp   (KIT and HITS)
Nick Pattengale   (Sandia)
Wayne Pfeiffer    (SDSC)
Akifumi S. Tanabe (NRIFS)
Charlie Taylor    (UF)


Alignment has 1183 distinct alignment patterns

Proportion of gaps and completely undetermined characters in this alignment: 5.94%

RAxML rapid bootstrapping and subsequent ML search

Using 1 distinct models/data partitions with joint branch length optimization



Executing 100 rapid bootstrap inferences and thereafter a thorough ML search 

All free model parameters will be estimated by RAxML
GAMMA model of rate heterogeneity, ML estimate of alpha-parameter

GAMMA Model parameters will be estimated up to an accuracy of 0.1000000000 Log Likelihood units

Partition: 0
Alignment Patterns: 1183
Name: No Name Provided
DataType: DNA
Substitution Matrix: GTR




RAxML was called as follows:

raxmlHPC-PTHREADS-AVX -T 20 -s scratch/aligned/pol/sample.151.fa -p 4292037774 -x 4292037774 -f a -N 100 -m GTRGAMMA -w /gpfs_home/mhowison/code/hiv-profile-sampling/scratch/trees/pol -n sample.151 



Time for BS model parameter optimization 0.061776
Bootstrap[0]: Time 0.666056 seconds, bootstrap likelihood -21325.690684, best rearrangement setting 12
Bootstrap[1]: Time 0.526237 seconds, bootstrap likelihood -21054.124467, best rearrangement setting 8
Bootstrap[2]: Time 0.472305 seconds, bootstrap likelihood -22226.645292, best rearrangement setting 5
Bootstrap[3]: Time 0.570021 seconds, bootstrap likelihood -20828.045767, best rearrangement setting 13
Bootstrap[4]: Time 0.587503 seconds, bootstrap likelihood -20004.209554, best rearrangement setting 9
Bootstrap[5]: Time 0.514207 seconds, bootstrap likelihood -20556.501286, best rearrangement setting 11
Bootstrap[6]: Time 0.534512 seconds, bootstrap likelihood -20930.315968, best rearrangement setting 10
Bootstrap[7]: Time 0.492844 seconds, bootstrap likelihood -21044.068392, best rearrangement setting 13
Bootstrap[8]: Time 0.539579 seconds, bootstrap likelihood -20741.900636, best rearrangement setting 14
Bootstrap[9]: Time 0.623995 seconds, bootstrap likelihood -21126.825482, best rearrangement setting 9
Bootstrap[10]: Time 0.558691 seconds, bootstrap likelihood -20733.922012, best rearrangement setting 13
Bootstrap[11]: Time 0.498484 seconds, bootstrap likelihood -20887.047864, best rearrangement setting 12
Bootstrap[12]: Time 0.535082 seconds, bootstrap likelihood -20402.014664, best rearrangement setting 10
Bootstrap[13]: Time 0.528076 seconds, bootstrap likelihood -20543.344431, best rearrangement setting 8
Bootstrap[14]: Time 0.458848 seconds, bootstrap likelihood -20639.043012, best rearrangement setting 15
Bootstrap[15]: Time 0.495598 seconds, bootstrap likelihood -21046.077373, best rearrangement setting 13
Bootstrap[16]: Time 0.516384 seconds, bootstrap likelihood -20841.041028, best rearrangement setting 9
Bootstrap[17]: Time 0.556259 seconds, bootstrap likelihood -20689.410195, best rearrangement setting 8
Bootstrap[18]: Time 0.494774 seconds, bootstrap likelihood -21366.227876, best rearrangement setting 15
Bootstrap[19]: Time 0.540952 seconds, bootstrap likelihood -20876.191779, best rearrangement setting 8
Bootstrap[20]: Time 0.555435 seconds, bootstrap likelihood -21968.905687, best rearrangement setting 10
Bootstrap[21]: Time 0.567848 seconds, bootstrap likelihood -20745.654697, best rearrangement setting 10
Bootstrap[22]: Time 0.444434 seconds, bootstrap likelihood -21202.993161, best rearrangement setting 11
Bootstrap[23]: Time 0.485852 seconds, bootstrap likelihood -20536.226511, best rearrangement setting 12
Bootstrap[24]: Time 0.818032 seconds, bootstrap likelihood -21038.068088, best rearrangement setting 13
Bootstrap[25]: Time 0.655928 seconds, bootstrap likelihood -20812.952605, best rearrangement setting 12
Bootstrap[26]: Time 0.612923 seconds, bootstrap likelihood -21384.083796, best rearrangement setting 9
Bootstrap[27]: Time 0.606343 seconds, bootstrap likelihood -20331.763582, best rearrangement setting 9
Bootstrap[28]: Time 0.480187 seconds, bootstrap likelihood -20643.640184, best rearrangement setting 13
Bootstrap[29]: Time 0.589837 seconds, bootstrap likelihood -21137.294778, best rearrangement setting 8
Bootstrap[30]: Time 0.564739 seconds, bootstrap likelihood -20839.196780, best rearrangement setting 14
Bootstrap[31]: Time 0.463353 seconds, bootstrap likelihood -20601.362845, best rearrangement setting 13
Bootstrap[32]: Time 0.465505 seconds, bootstrap likelihood -20978.683167, best rearrangement setting 5
Bootstrap[33]: Time 0.565121 seconds, bootstrap likelihood -20962.656398, best rearrangement setting 15
Bootstrap[34]: Time 0.545849 seconds, bootstrap likelihood -20746.860200, best rearrangement setting 7
Bootstrap[35]: Time 0.972957 seconds, bootstrap likelihood -20768.082094, best rearrangement setting 9
Bootstrap[36]: Time 0.674083 seconds, bootstrap likelihood -20676.197374, best rearrangement setting 12
Bootstrap[37]: Time 0.542364 seconds, bootstrap likelihood -21179.611774, best rearrangement setting 13
Bootstrap[38]: Time 0.489229 seconds, bootstrap likelihood -20671.910400, best rearrangement setting 8
Bootstrap[39]: Time 0.553993 seconds, bootstrap likelihood -20928.008829, best rearrangement setting 8
Bootstrap[40]: Time 0.436512 seconds, bootstrap likelihood -20743.517912, best rearrangement setting 5
Bootstrap[41]: Time 0.518604 seconds, bootstrap likelihood -21126.991707, best rearrangement setting 8
Bootstrap[42]: Time 0.562448 seconds, bootstrap likelihood -20500.477987, best rearrangement setting 11
Bootstrap[43]: Time 0.591471 seconds, bootstrap likelihood -21624.921567, best rearrangement setting 11
Bootstrap[44]: Time 0.600092 seconds, bootstrap likelihood -20654.846043, best rearrangement setting 13
Bootstrap[45]: Time 0.443791 seconds, bootstrap likelihood -21131.532193, best rearrangement setting 6
Bootstrap[46]: Time 0.546132 seconds, bootstrap likelihood -20805.222751, best rearrangement setting 14
Bootstrap[47]: Time 0.517639 seconds, bootstrap likelihood -21254.572530, best rearrangement setting 15
Bootstrap[48]: Time 0.621467 seconds, bootstrap likelihood -20833.034855, best rearrangement setting 8
Bootstrap[49]: Time 0.558978 seconds, bootstrap likelihood -20851.574236, best rearrangement setting 9
Bootstrap[50]: Time 0.520809 seconds, bootstrap likelihood -21392.676374, best rearrangement setting 11
Bootstrap[51]: Time 0.940862 seconds, bootstrap likelihood -20038.034005, best rearrangement setting 10
Bootstrap[52]: Time 0.519383 seconds, bootstrap likelihood -21427.296914, best rearrangement setting 9
Bootstrap[53]: Time 0.582998 seconds, bootstrap likelihood -21147.777530, best rearrangement setting 9
Bootstrap[54]: Time 0.570655 seconds, bootstrap likelihood -20146.466184, best rearrangement setting 15
Bootstrap[55]: Time 0.556796 seconds, bootstrap likelihood -20229.910192, best rearrangement setting 7
Bootstrap[56]: Time 0.601274 seconds, bootstrap likelihood -21283.881332, best rearrangement setting 13
Bootstrap[57]: Time 0.482167 seconds, bootstrap likelihood -20214.082556, best rearrangement setting 6
Bootstrap[58]: Time 0.495787 seconds, bootstrap likelihood -20075.317721, best rearrangement setting 7
Bootstrap[59]: Time 0.545123 seconds, bootstrap likelihood -21010.207499, best rearrangement setting 10
Bootstrap[60]: Time 0.613605 seconds, bootstrap likelihood -20940.836363, best rearrangement setting 15
Bootstrap[61]: Time 0.556203 seconds, bootstrap likelihood -20757.339614, best rearrangement setting 14
Bootstrap[62]: Time 0.513213 seconds, bootstrap likelihood -21349.211952, best rearrangement setting 13
Bootstrap[63]: Time 0.495562 seconds, bootstrap likelihood -21342.374146, best rearrangement setting 10
Bootstrap[64]: Time 0.493646 seconds, bootstrap likelihood -20271.609582, best rearrangement setting 9
Bootstrap[65]: Time 0.480873 seconds, bootstrap likelihood -21379.351348, best rearrangement setting 6
Bootstrap[66]: Time 0.503536 seconds, bootstrap likelihood -20825.673703, best rearrangement setting 8
Bootstrap[67]: Time 0.556365 seconds, bootstrap likelihood -20680.052386, best rearrangement setting 9
Bootstrap[68]: Time 0.494012 seconds, bootstrap likelihood -20881.214192, best rearrangement setting 8
Bootstrap[69]: Time 0.568566 seconds, bootstrap likelihood -21256.571921, best rearrangement setting 11
Bootstrap[70]: Time 0.506255 seconds, bootstrap likelihood -20424.974164, best rearrangement setting 15
Bootstrap[71]: Time 0.497994 seconds, bootstrap likelihood -21152.596715, best rearrangement setting 13
Bootstrap[72]: Time 0.544087 seconds, bootstrap likelihood -20508.714488, best rearrangement setting 12
Bootstrap[73]: Time 0.554756 seconds, bootstrap likelihood -20863.764170, best rearrangement setting 15
Bootstrap[74]: Time 0.560776 seconds, bootstrap likelihood -21346.724550, best rearrangement setting 15
Bootstrap[75]: Time 0.492196 seconds, bootstrap likelihood -20527.935763, best rearrangement setting 5
Bootstrap[76]: Time 0.560092 seconds, bootstrap likelihood -21047.467384, best rearrangement setting 9
Bootstrap[77]: Time 0.525023 seconds, bootstrap likelihood -20647.803715, best rearrangement setting 12
Bootstrap[78]: Time 0.520805 seconds, bootstrap likelihood -20561.279054, best rearrangement setting 8
Bootstrap[79]: Time 0.720372 seconds, bootstrap likelihood -21230.669548, best rearrangement setting 15
Bootstrap[80]: Time 0.499065 seconds, bootstrap likelihood -20572.578747, best rearrangement setting 13
Bootstrap[81]: Time 0.452045 seconds, bootstrap likelihood -20441.330675, best rearrangement setting 10
Bootstrap[82]: Time 0.427139 seconds, bootstrap likelihood -21659.347800, best rearrangement setting 5
Bootstrap[83]: Time 0.414038 seconds, bootstrap likelihood -21397.762432, best rearrangement setting 5
Bootstrap[84]: Time 0.459106 seconds, bootstrap likelihood -20706.307568, best rearrangement setting 11
Bootstrap[85]: Time 0.551305 seconds, bootstrap likelihood -20852.581170, best rearrangement setting 7
Bootstrap[86]: Time 0.468941 seconds, bootstrap likelihood -20815.476456, best rearrangement setting 15
Bootstrap[87]: Time 0.546428 seconds, bootstrap likelihood -20633.311716, best rearrangement setting 14
Bootstrap[88]: Time 0.572294 seconds, bootstrap likelihood -21475.193294, best rearrangement setting 9
Bootstrap[89]: Time 0.546398 seconds, bootstrap likelihood -20816.635649, best rearrangement setting 9
Bootstrap[90]: Time 1.017460 seconds, bootstrap likelihood -20405.358952, best rearrangement setting 14
Bootstrap[91]: Time 0.595947 seconds, bootstrap likelihood -20598.062002, best rearrangement setting 8
Bootstrap[92]: Time 0.594022 seconds, bootstrap likelihood -20899.784529, best rearrangement setting 12
Bootstrap[93]: Time 0.426112 seconds, bootstrap likelihood -21139.251693, best rearrangement setting 5
Bootstrap[94]: Time 0.519325 seconds, bootstrap likelihood -21525.380975, best rearrangement setting 9
Bootstrap[95]: Time 0.463390 seconds, bootstrap likelihood -20697.046060, best rearrangement setting 5
Bootstrap[96]: Time 0.536598 seconds, bootstrap likelihood -21121.739838, best rearrangement setting 11
Bootstrap[97]: Time 0.513458 seconds, bootstrap likelihood -20978.768348, best rearrangement setting 13
Bootstrap[98]: Time 0.514540 seconds, bootstrap likelihood -20539.235099, best rearrangement setting 12
Bootstrap[99]: Time 0.521400 seconds, bootstrap likelihood -21167.834282, best rearrangement setting 11


Overall Time for 100 Rapid Bootstraps 55.011893 seconds
Average Time per Rapid Bootstrap 0.550119 seconds

Starting ML Search ...

Fast ML optimization finished

Fast ML search Time: 48.311439 seconds

Slow ML Search 0 Likelihood: -20970.541926
Slow ML Search 1 Likelihood: -20970.541926
Slow ML Search 2 Likelihood: -20971.414974
Slow ML Search 3 Likelihood: -20973.947984
Slow ML Search 4 Likelihood: -20974.606295
Slow ML Search 5 Likelihood: -20974.718279
Slow ML Search 6 Likelihood: -20974.729960
Slow ML Search 7 Likelihood: -20974.730128
Slow ML Search 8 Likelihood: -20974.911733
Slow ML Search 9 Likelihood: -20974.911733
Slow ML optimization finished

Slow ML search Time: 9.058977 seconds
Thorough ML search Time: 1.163166 seconds

Final ML Optimization Likelihood: -20970.541931

Model Information:

Model Parameters of Partition 0, Name: No Name Provided, Type of Data: DNA
alpha: 0.302619
Tree-Length: 1.578950
rate A <-> C: 2.398285
rate A <-> G: 8.731152
rate A <-> T: 0.914933
rate C <-> G: 0.965581
rate C <-> T: 10.580432
rate G <-> T: 1.000000

freq pi(A): 0.390076
freq pi(C): 0.165735
freq pi(G): 0.227610
freq pi(T): 0.216579


ML search took 58.604282 secs or 0.016279 hours

Combined Bootstrap and ML search took 113.616320 secs or 0.031560 hours

Drawing Bootstrap Support Values on best-scoring ML tree ...



Found 1 tree in File /gpfs_home/mhowison/code/hiv-profile-sampling/scratch/trees/pol/RAxML_bestTree.sample.151



Found 1 tree in File /gpfs_home/mhowison/code/hiv-profile-sampling/scratch/trees/pol/RAxML_bestTree.sample.151

Program execution info written to /gpfs_home/mhowison/code/hiv-profile-sampling/scratch/trees/pol/RAxML_info.sample.151
All 100 bootstrapped trees written to: /gpfs_home/mhowison/code/hiv-profile-sampling/scratch/trees/pol/RAxML_bootstrap.sample.151

Best-scoring ML tree written to: /gpfs_home/mhowison/code/hiv-profile-sampling/scratch/trees/pol/RAxML_bestTree.sample.151

Best-scoring ML tree with support values written to: /gpfs_home/mhowison/code/hiv-profile-sampling/scratch/trees/pol/RAxML_bipartitions.sample.151

Best-scoring ML tree with support values as branch labels written to: /gpfs_home/mhowison/code/hiv-profile-sampling/scratch/trees/pol/RAxML_bipartitionsBranchLabels.sample.151

Overall execution time for full ML analysis: 113.676341 secs or 0.031577 hours or 0.001316 days

